#
# A fatal error has been detected by the Java Runtime Environment:
#
#  SIGBUS (0x7) at pc=0x00007f6d35464b78, pid=8174, tid=140107025598208
#
# JRE version: 6.0_24-b07
# Java VM: Java HotSpot(TM) 64-Bit Server VM (19.1-b02 mixed mode linux-amd64 compressed oops)
# Problematic frame:
# 
[error occurred during error reporting (printing problematic frame), id 0x7]

# If you would like to submit a bug report, please visit:
#   http://java.sun.com/webapps/bugreport/crash.jsp
# The crash happened outside the Java Virtual Machine in native code.
# See problematic frame for where to report the bug.
#

---------------  T H R E A D  ---------------

Current thread (0x000000004248b800):  JavaThread "AWT-EventQueue-0" [_thread_in_native, id=8195, stack(0x00007f6d356dc000,0x00007f6d357dd000)]

siginfo:si_signo=SIGBUS: si_errno=0, si_code=2 (BUS_ADRERR), si_addr=0x00007f6d356d8758

Registers:
RAX=0x00000000ed956bc0, RBX=0x000000004248b9c8, RCX=0x0000000042194db0, RDX=0x0000000000000040
RSP=0x00007f6d357da8c8, RBP=0x00007f6d357da910, RSI=0x00000000ed956bc0, RDI=0x00007f6d30abd000
R8 =0x00007f6d3dd5f1a8, R9 =0x00007f6d3dd62f78, R10=0x0000000042195198, R11=0x0000000042194df8
R12=0x00000000ed956bc0, R13=0x0000000000000040, R14=0x00007f6d30abd000, R15=0x0000000000000000
RIP=0x00007f6d35464b78, EFL=0x0000000000010206, CSGSFS=0x0000000000000033, ERR=0x0000000000000004
  TRAPNO=0x000000000000000e

Register to memory mapping:

RAX=0x00000000ed956bc0

[error occurred during error reporting (printing registers, top of stack, instructions near pc), id 0xe0000000]

Stack: [0x00007f6d356dc000,0x00007f6d357dd000],  sp=0x00007f6d357da8c8,  free space=1018k
Native frames: (J=compiled Java code, j=interpreted, Vv=VM code, C=native code)

[error occurred during error reporting (printing native stack), id 0x7]

Java frames: (J=compiled Java code, j=interpreted, Vv=VM code)
J  com.badlogic.gdx.utils.BufferUtils.copyJni([FLjava/nio/Buffer;II)V
J  com.badlogic.gdx.graphics.glutils.ShaderProgram.setUniformMatrix(Ljava/lang/String;Lcom/badlogic/gdx/math/Matrix4;)V
J  de.swagner.mgcube.MainMenuScreen.renderScene()V
J  de.swagner.mgcube.MainMenuScreen.render(F)V
j  com.badlogic.gdx.Game.render()V+19
j  com.badlogic.gdx.backends.jogl.JoglGraphics.display(Ljavax/media/opengl/GLAutoDrawable;)V+114
j  com.sun.opengl.impl.GLDrawableHelper.display(Ljavax/media/opengl/GLAutoDrawable;)V+29
j  javax.media.opengl.GLCanvas$DisplayAction.run()V+80
j  com.sun.opengl.impl.GLDrawableHelper.invokeGL(Ljavax/media/opengl/GLDrawable;Ljavax/media/opengl/GLContext;Ljava/lang/Runnable;Ljava/lang/Runnable;)V+418
j  javax.media.opengl.GLCanvas$DisplayOnEventDispatchThreadAction.run()V+35
j  java.awt.event.InvocationEvent.dispatch()V+11
j  java.awt.EventQueue.dispatchEventImpl(Ljava/awt/AWTEvent;Ljava/lang/Object;)V+21
j  java.awt.EventQueue.access$000(Ljava/awt/EventQueue;Ljava/awt/AWTEvent;Ljava/lang/Object;)V+3
j  java.awt.EventQueue$1.run()Ljava/lang/Void;+12
j  java.awt.EventQueue$1.run()Ljava/lang/Object;+1
v  ~StubRoutines::call_stub
j  java.security.AccessController.doPrivileged(Ljava/security/PrivilegedAction;Ljava/security/AccessControlContext;)Ljava/lang/Object;+0
j  java.security.AccessControlContext$1.doIntersectionPrivilege(Ljava/security/PrivilegedAction;Ljava/security/AccessControlContext;Ljava/security/AccessControlContext;)Ljava/lang/Object;+28
j  java.awt.EventQueue.dispatchEvent(Ljava/awt/AWTEvent;)V+46
j  java.awt.EventDispatchThread.pumpOneEventForFilters(I)Z+204
j  java.awt.EventDispatchThread.pumpEventsForFilter(ILjava/awt/Conditional;Ljava/awt/EventFilter;)V+30
j  java.awt.EventDispatchThread.pumpEventsForHierarchy(ILjava/awt/Conditional;Ljava/awt/Component;)V+11
j  java.awt.EventDispatchThread.pumpEvents(ILjava/awt/Conditional;)V+4
j  java.awt.EventDispatchThread.pumpEvents(Ljava/awt/Conditional;)V+3
j  java.awt.EventDispatchThread.run()V+9
v  ~StubRoutines::call_stub

---------------  P R O C E S S  ---------------

Java Threads: ( => current thread )
  0x00000000420c3000 JavaThread "DestroyJavaVM" [_thread_blocked, id=8179, stack(0x00007f6d3d028000,0x00007f6d3d129000)]
  0x00007f6d30121800 JavaThread "Thread-1" [_thread_blocked, id=8199, stack(0x00007f6d26d25000,0x00007f6d26e26000)]
=>0x000000004248b800 JavaThread "AWT-EventQueue-0" [_thread_in_native, id=8195, stack(0x00007f6d356dc000,0x00007f6d357dd000)]
  0x000000004248a000 JavaThread "AWT-Shutdown" [_thread_blocked, id=8194, stack(0x00007f6d35902000,0x00007f6d35a03000)]
  0x00000000424e6800 JavaThread "AWT-XAWT" daemon [_thread_blocked, id=8193, stack(0x00007f6d35a03000,0x00007f6d35b04000)]
  0x00007f6d300c3000 JavaThread "Java2D Disposer" daemon [_thread_blocked, id=8192, stack(0x00007f6d3614c000,0x00007f6d3624d000)]
  0x00007f6d30006800 JavaThread "Low Memory Detector" daemon [_thread_blocked, id=8190, stack(0x00007f6d377ef000,0x00007f6d378f0000)]
  0x00007f6d30004000 JavaThread "CompilerThread1" daemon [_thread_blocked, id=8189, stack(0x00007f6d378f0000,0x00007f6d379f1000)]
  0x00007f6d30001000 JavaThread "CompilerThread0" daemon [_thread_blocked, id=8188, stack(0x00007f6d379f1000,0x00007f6d37af2000)]
  0x000000004214b800 JavaThread "Signal Dispatcher" daemon [_thread_blocked, id=8187, stack(0x00007f6d37af2000,0x00007f6d37bf3000)]
  0x0000000042129800 JavaThread "Finalizer" daemon [_thread_blocked, id=8186, stack(0x00007f6d37ffb000,0x00007f6d380fc000)]
  0x0000000042127800 JavaThread "Reference Handler" daemon [_thread_blocked, id=8185, stack(0x00007f6d380fc000,0x00007f6d381fd000)]

Other Threads:
  0x0000000042120800 VMThread [stack: 0x00007f6d381fd000,0x00007f6d382fe000] [id=8184]
  0x00007f6d30011000 WatcherThread [stack: 0x00007f6d376ee000,0x00007f6d377ef000] [id=8191]

VM state:not at safepoint (normal execution)

VM Mutex/Monitor currently owned by a thread: None

Heap
 PSYoungGen      total 18432K, used 14312K [0x00000000eb600000, 0x00000000eda00000, 0x0000000100000000)
  eden space 15808K, 74% used [0x00000000eb600000,0x00000000ec16f7a8,0x00000000ec570000)
  from space 2624K, 99% used [0x00000000ed770000,0x00000000ed9fa960,0x00000000eda00000)
  to   space 2624K, 0% used [0x00000000ec570000,0x00000000ec570000,0x00000000ec800000)
 PSOldGen        total 42240K, used 1608K [0x00000000c2200000, 0x00000000c4b40000, 0x00000000eb600000)
  object space 42240K, 3% used [0x00000000c2200000,0x00000000c2392270,0x00000000c4b40000)
 PSPermGen       total 21248K, used 17216K [0x00000000bd000000, 0x00000000be4c0000, 0x00000000c2200000)
  object space 21248K, 81% used [0x00000000bd000000,0x00000000be0d02b8,0x00000000be4c0000)

Dynamic libraries:
40000000-40009000 r-xp 00000000 08:05 1662394                            /usr/lib/jvm/java-6-sun-1.6.0.24/jre/bin/java
40108000-4010a000 rwxp 00008000 08:05 1662394                            /usr/lib/jvm/java-6-sun-1.6.0.24/jre/bin/java
40cbf000-40cc1000 r-xs 00000000 08:05 531219                             /tmp/glBKLyi2 (deleted)
40da0000-40e17000 rwxp 00000000 00:00 0 
420ba000-4373e000 rwxp 00000000 00:00 0                                  [heap]
bd000000-be4c0000 rwxp 00000000 00:00 0 
be4c0000-c2200000 rwxp 00000000 00:00 0 
c2200000-c4b40000 rwxp 00000000 00:00 0 
c4b40000-eb600000 rwxp 00000000 00:00 0 
eb600000-eda00000 rwxp 00000000 00:00 0 
eda00000-100000000 rwxp 00000000 00:00 0 
7f6d2692e000-7f6d269ae000 rwxs 5179b000 00:05 9171                       /dev/nvidia0
7f6d269ae000-7f6d26bae000 rwxs 507e9000 00:05 9171                       /dev/nvidia0
7f6d26bae000-7f6d26d25000 rwxs 00000000 00:04 44597265                   /SYSV00000000 (deleted)
7f6d26d25000-7f6d26d28000 ---p 00000000 00:00 0 
7f6d26d28000-7f6d26e26000 rwxp 00000000 00:00 0 
7f6d26e26000-7f6d26e27000 ---p 00000000 00:00 0 
7f6d26e27000-7f6d27627000 rwxp 00000000 00:00 0 
7f6d27627000-7f6d2b628000 rwxs 00000000 00:10 388832                     /dev/shm/pulse-shm-795515681
7f6d2b628000-7f6d2b629000 ---p 00000000 00:00 0 
7f6d2b629000-7f6d2be29000 rwxp 00000000 00:00 0 
7f6d2be29000-7f6d2be2f000 r-xp 00000000 08:05 1573092                    /usr/lib/libogg.so.0.7.0
7f6d2be2f000-7f6d2c02e000 ---p 00006000 08:05 1573092                    /usr/lib/libogg.so.0.7.0
7f6d2c02e000-7f6d2c02f000 r-xp 00005000 08:05 1573092                    /usr/lib/libogg.so.0.7.0
7f6d2c02f000-7f6d2c030000 rwxp 00006000 08:05 1573092                    /usr/lib/libogg.so.0.7.0
7f6d2c030000-7f6d2c05b000 r-xp 00000000 08:05 1582648                    /usr/lib/libvorbis.so.0.4.5
7f6d2c05b000-7f6d2c25a000 ---p 0002b000 08:05 1582648                    /usr/lib/libvorbis.so.0.4.5
7f6d2c25a000-7f6d2c25b000 r-xp 0002a000 08:05 1582648                    /usr/lib/libvorbis.so.0.4.5
7f6d2c25b000-7f6d2c25c000 rwxp 0002b000 08:05 1582648                    /usr/lib/libvorbis.so.0.4.5
7f6d2c25c000-7f6d2c50f000 r-xp 00000000 08:05 1573212                    /usr/lib/libvorbisenc.so.2.0.8
7f6d2c50f000-7f6d2c70e000 ---p 002b3000 08:05 1573212                    /usr/lib/libvorbisenc.so.2.0.8
7f6d2c70e000-7f6d2c72a000 r-xp 002b2000 08:05 1573212                    /usr/lib/libvorbisenc.so.2.0.8
7f6d2c72a000-7f6d2c72b000 rwxp 002ce000 08:05 1573212                    /usr/lib/libvorbisenc.so.2.0.8
7f6d2c72b000-7f6d2c773000 r-xp 00000000 08:05 1570101                    /usr/lib/libFLAC.so.8.2.0
7f6d2c773000-7f6d2c973000 ---p 00048000 08:05 1570101                    /usr/lib/libFLAC.so.8.2.0
7f6d2c973000-7f6d2c974000 r-xp 00048000 08:05 1570101                    /usr/lib/libFLAC.so.8.2.0
7f6d2c974000-7f6d2c975000 rwxp 00049000 08:05 1570101                    /usr/lib/libFLAC.so.8.2.0
7f6d2c975000-7f6d2c9d6000 r-xp 00000000 08:05 1570821                    /usr/lib/libsndfile.so.1.0.23
7f6d2c9d6000-7f6d2cbd6000 ---p 00061000 08:05 1570821                    /usr/lib/libsndfile.so.1.0.23
7f6d2cbd6000-7f6d2cbd8000 r-xp 00061000 08:05 1570821                    /usr/lib/libsndfile.so.1.0.23
7f6d2cbd8000-7f6d2cbd9000 rwxp 00063000 08:05 1570821                    /usr/lib/libsndfile.so.1.0.23
7f6d2cbd9000-7f6d2cbdd000 rwxp 00000000 00:00 0 
7f6d2cbdd000-7f6d2cbe5000 r-xp 00000000 08:05 538930                     /lib/libwrap.so.0.7.6
7f6d2cbe5000-7f6d2cde5000 ---p 00008000 08:05 538930                     /lib/libwrap.so.0.7.6
7f6d2cde5000-7f6d2cde6000 r-xp 00008000 08:05 538930                     /lib/libwrap.so.0.7.6
7f6d2cde6000-7f6d2cde7000 rwxp 00009000 08:05 538930                     /lib/libwrap.so.0.7.6
7f6d2cde7000-7f6d2cde8000 rwxp 00000000 00:00 0 
7f6d2cde8000-7f6d2cdec000 r-xp 00000000 08:05 534738                     /lib/x86_64-linux-gnu/libuuid.so.1.3.0
7f6d2cdec000-7f6d2cfeb000 ---p 00004000 08:05 534738                     /lib/x86_64-linux-gnu/libuuid.so.1.3.0
7f6d2cfeb000-7f6d2cfec000 r-xp 00003000 08:05 534738                     /lib/x86_64-linux-gnu/libuuid.so.1.3.0
7f6d2cfec000-7f6d2cfed000 rwxp 00004000 08:05 534738                     /lib/x86_64-linux-gnu/libuuid.so.1.3.0
7f6d2cfed000-7f6d2d02f000 r-xp 00000000 08:05 525819                     /lib/x86_64-linux-gnu/libdbus-1.so.3.5.4
7f6d2d02f000-7f6d2d22f000 ---p 00042000 08:05 525819                     /lib/x86_64-linux-gnu/libdbus-1.so.3.5.4
7f6d2d22f000-7f6d2d230000 r-xp 00042000 08:05 525819                     /lib/x86_64-linux-gnu/libdbus-1.so.3.5.4
7f6d2d230000-7f6d2d231000 rwxp 00043000 08:05 525819                     /lib/x86_64-linux-gnu/libdbus-1.so.3.5.4
7f6d2d231000-7f6d2d27c000 r-xp 00000000 08:05 1580900                    /usr/lib/libpulsecommon-0.9.22.so
7f6d2d27c000-7f6d2d47b000 ---p 0004b000 08:05 1580900                    /usr/lib/libpulsecommon-0.9.22.so
7f6d2d47b000-7f6d2d47c000 r-xp 0004a000 08:05 1580900                    /usr/lib/libpulsecommon-0.9.22.so
7f6d2d47c000-7f6d2d47d000 rwxp 0004b000 08:05 1580900                    /usr/lib/libpulsecommon-0.9.22.so
7f6d2d47d000-7f6d2d480000 r-xp 00000000 08:05 1573582                    /usr/lib/libxcb-atom.so.1.0.0
7f6d2d480000-7f6d2d680000 ---p 00003000 08:05 1573582                    /usr/lib/libxcb-atom.so.1.0.0
7f6d2d680000-7f6d2d681000 r-xp 00003000 08:05 1573582                    /usr/lib/libxcb-atom.so.1.0.0
7f6d2d681000-7f6d2d682000 rwxp 00004000 08:05 1573582                    /usr/lib/libxcb-atom.so.1.0.0
7f6d2d682000-7f6d2d689000 r-xp 00000000 08:05 1578963                    /usr/lib/x86_64-linux-gnu/libSM.so.6.0.1
7f6d2d689000-7f6d2d888000 ---p 00007000 08:05 1578963                    /usr/lib/x86_64-linux-gnu/libSM.so.6.0.1
7f6d2d888000-7f6d2d889000 r-xp 00006000 08:05 1578963                    /usr/lib/x86_64-linux-gnu/libSM.so.6.0.1
7f6d2d889000-7f6d2d88a000 rwxp 00007000 08:05 1578963                    /usr/lib/x86_64-linux-gnu/libSM.so.6.0.1
7f6d2d88a000-7f6d2d8a0000 r-xp 00000000 08:05 1571606                    /usr/lib/x86_64-linux-gnu/libICE.so.6.3.0
7f6d2d8a0000-7f6d2daa0000 ---p 00016000 08:05 1571606                    /usr/lib/x86_64-linux-gnu/libICE.so.6.3.0
7f6d2daa0000-7f6d2daa1000 r-xp 00016000 08:05 1571606                    /usr/lib/x86_64-linux-gnu/libICE.so.6.3.0
7f6d2daa1000-7f6d2daa2000 rwxp 00017000 08:05 1571606                    /usr/lib/x86_64-linux-gnu/libICE.so.6.3.0
7f6d2daa2000-7f6d2daa5000 rwxp 00000000 00:00 0 
7f6d2daa5000-7f6d2daa6000 r-xp 00000000 08:05 1570508                    /usr/lib/x86_64-linux-gnu/libX11-xcb.so.1.0.0
7f6d2daa6000-7f6d2dca5000 ---p 00001000 08:05 1570508                    /usr/lib/x86_64-linux-gnu/libX11-xcb.so.1.0.0
7f6d2dca5000-7f6d2dca6000 r-xp 00000000 08:05 1570508                    /usr/lib/x86_64-linux-gnu/libX11-xcb.so.1.0.0
7f6d2dca6000-7f6d2dca7000 rwxp 00001000 08:05 1570508                    /usr/lib/x86_64-linux-gnu/libX11-xcb.so.1.0.0
7f6d2dca7000-7f6d2dce7000 r-xp 00000000 08:05 1573921                    /usr/lib/libpulse.so.0.12.3
7f6d2dce7000-7f6d2dee6000 ---p 00040000 08:05 1573921                    /usr/lib/libpulse.so.0.12.3
7f6d2dee6000-7f6d2dee7000 r-xp 0003f000 08:05 1573921                    /usr/lib/libpulse.so.0.12.3
7f6d2dee7000-7f6d2dee8000 rwxp 00040000 08:05 1573921                    /usr/lib/libpulse.so.0.12.3
7f6d2dee8000-7f6d2df34000 r-xp 00000000 08:05 530961                     /tmp/libgdx/3154261069/libopenal64.so
7f6d2df34000-7f6d2e133000 ---p 0004c000 08:05 530961                     /tmp/libgdx/3154261069/libopenal64.so
7f6d2e133000-7f6d2e135000 r-xp 0004b000 08:05 530961                     /tmp/libgdx/3154261069/libopenal64.so
7f6d2e135000-7f6d2e136000 rwxp 0004d000 08:05 530961                     /tmp/libgdx/3154261069/libopenal64.so
7f6d2e136000-7f6d2e137000 rwxp 00000000 00:00 0 
7f6d2e137000-7f6d2e1b0000 r-xp 00000000 08:05 530997                     /tmp/libgdx/3154261069/liblwjgl64.so
7f6d2e1b0000-7f6d2e3b0000 ---p 00079000 08:05 530997                     /tmp/libgdx/3154261069/liblwjgl64.so
7f6d2e3b0000-7f6d2e3b2000 r-xp 00079000 08:05 530997                     /tmp/libgdx/3154261069/liblwjgl64.so
7f6d2e3b2000-7f6d2e3b3000 rwxp 0007b000 08:05 530997                     /tmp/libgdx/3154261069/liblwjgl64.so
7f6d2e3b3000-7f6d2f801000 r-xp 00000000 08:05 723                        /usr/lib/nvidia-current/libnvidia-glcore.so.270.41.19
7f6d2f801000-7f6d2fa01000 ---p 0144e000 08:05 723                        /usr/lib/nvidia-current/libnvidia-glcore.so.270.41.19
7f6d2fa01000-7f6d2ffe9000 rwxp 0144e000 08:05 723                        /usr/lib/nvidia-current/libnvidia-glcore.so.270.41.19
7f6d2ffe9000-7f6d30000000 rwxp 00000000 00:00 0 
7f6d30000000-7f6d32d3e000 rwxp 00000000 00:00 0 
7f6d32d3e000-7f6d34000000 ---p 00000000 00:00 0 
7f6d3401e000-7f6d3411e000 rwxs 4eb88000 00:05 9171                       /dev/nvidia0
7f6d3411e000-7f6d34126000 r-xp 00000000 08:05 1581969                    /usr/lib/x86_64-linux-gnu/libXrandr.so.2.2.0
7f6d34126000-7f6d34325000 ---p 00008000 08:05 1581969                    /usr/lib/x86_64-linux-gnu/libXrandr.so.2.2.0
7f6d34325000-7f6d34326000 r-xp 00007000 08:05 1581969                    /usr/lib/x86_64-linux-gnu/libXrandr.so.2.2.0
7f6d34326000-7f6d34327000 rwxp 00008000 08:05 1581969                    /usr/lib/x86_64-linux-gnu/libXrandr.so.2.2.0
7f6d34327000-7f6d34416000 r-xp 00000000 08:05 530865                     /tmp/libgdx/3154261069/libjogl-linux64.so
7f6d34416000-7f6d34516000 ---p 000ef000 08:05 530865                     /tmp/libgdx/3154261069/libjogl-linux64.so
7f6d34516000-7f6d34517000 rwxp 000ef000 08:05 530865                     /tmp/libgdx/3154261069/libjogl-linux64.so
7f6d34517000-7f6d34518000 r-xp 00000000 08:05 716                        /usr/lib/nvidia-current/tls/libnvidia-tls.so.270.41.19
7f6d34518000-7f6d34718000 ---p 00001000 08:05 716                        /usr/lib/nvidia-current/tls/libnvidia-tls.so.270.41.19
7f6d34718000-7f6d34719000 rwxp 00001000 08:05 716                        /usr/lib/nvidia-current/tls/libnvidia-tls.so.270.41.19
7f6d34719000-7f6d3471a000 r-xp 00000000 08:05 1734853                    /usr/lib/jvm/java-6-sun-1.6.0.24/jre/lib/amd64/libjawt.so
7f6d3471a000-7f6d34819000 ---p 00001000 08:05 1734853                    /usr/lib/jvm/java-6-sun-1.6.0.24/jre/lib/amd64/libjawt.so
7f6d34819000-7f6d3481a000 rwxp 00000000 08:05 1734853                    /usr/lib/jvm/java-6-sun-1.6.0.24/jre/lib/amd64/libjawt.so
7f6d3481a000-7f6d3481f000 r-xp 00000000 08:05 1581972                    /usr/lib/x86_64-linux-gnu/libXxf86vm.so.1.0.0
7f6d3481f000-7f6d34a1e000 ---p 00005000 08:05 1581972                    /usr/lib/x86_64-linux-gnu/libXxf86vm.so.1.0.0
7f6d34a1e000-7f6d34a1f000 r-xp 00004000 08:05 1581972                    /usr/lib/x86_64-linux-gnu/libXxf86vm.so.1.0.0
7f6d34a1f000-7f6d34a20000 rwxp 00005000 08:05 1581972                    /usr/lib/x86_64-linux-gnu/libXxf86vm.so.1.0.0
7f6d34a20000-7f6d34add000 r-xp 00000000 08:05 928                        /usr/lib/nvidia-current/libGL.so.270.41.19
7f6d34add000-7f6d34cdd000 ---p 000bd000 08:05 928                        /usr/lib/nvidia-current/libGL.so.270.41.19
7f6d34cdd000-7f6d34d16000 rwxp 000bd000 08:05 928                        /usr/lib/nvidia-current/libGL.so.270.41.19
7f6d34d16000-7f6d34d2c000 rwxp 00000000 00:00 0 
7f6d34d2c000-7f6d34d2e000 r-xp 00000000 08:05 530832                     /tmp/libgdx/3154261069/libjogl_awt-linux64.so
7f6d34d2e000-7f6d34e2d000 ---p 00002000 08:05 530832                     /tmp/libgdx/3154261069/libjogl_awt-linux64.so
7f6d34e2d000-7f6d34e2e000 rwxp 00001000 08:05 530832                     /tmp/libgdx/3154261069/libjogl_awt-linux64.so
7f6d34e2e000-7f6d34e2f000 r-xp 00000000 08:05 530753                     /tmp/libgdx/3154261069/libgluegen-rt-linux64.so
7f6d34e2f000-7f6d34f2e000 ---p 00001000 08:05 530753                     /tmp/libgdx/3154261069/libgluegen-rt-linux64.so
7f6d34f2e000-7f6d34f2f000 rwxp 00000000 08:05 530753                     /tmp/libgdx/3154261069/libgluegen-rt-linux64.so
7f6d34f2f000-7f6d34f44000 r-xp 00000000 08:05 528127                     /lib/x86_64-linux-gnu/libgcc_s.so.1
7f6d34f44000-7f6d35143000 ---p 00015000 08:05 528127                     /lib/x86_64-linux-gnu/libgcc_s.so.1
7f6d35143000-7f6d35144000 r-xp 00014000 08:05 528127                     /lib/x86_64-linux-gnu/libgcc_s.so.1
7f6d35144000-7f6d35145000 rwxp 00015000 08:05 528127                     /lib/x86_64-linux-gnu/libgcc_s.so.1
7f6d35145000-7f6d3522d000 r-xp 00000000 08:05 1571250                    /usr/lib/x86_64-linux-gnu/libstdc++.so.6.0.14
7f6d3522d000-7f6d3542c000 ---p 000e8000 08:05 1571250                    /usr/lib/x86_64-linux-gnu/libstdc++.so.6.0.14
7f6d3542c000-7f6d35434000 r-xp 000e7000 08:05 1571250                    /usr/lib/x86_64-linux-gnu/libstdc++.so.6.0.14
7f6d35434000-7f6d35436000 rwxp 000ef000 08:05 1571250                    /usr/lib/x86_64-linux-gnu/libstdc++.so.6.0.14
7f6d35436000-7f6d3544b000 rwxp 00000000 00:00 0 
7f6d3544b000-7f6d354d7000 r-xp 00000000 08:05 529799                     /tmp/libgdx/3154261069/libgdx-64.so
7f6d354d7000-7f6d356d7000 ---p 0008c000 08:05 529799                     /tmp/libgdx/3154261069/libgdx-64.so
7f6d356d7000-7f6d356d8000 r-xp 0008c000 08:05 529799                     /tmp/libgdx/3154261069/libgdx-64.so
7f6d356d8000-7f6d356d9000 rwxp 0008d000 08:05 529799                     /tmp/libgdx/3154261069/libgdx-64.so
7f6d356d9000-7f6d356dc000 rwxp 00000000 00:00 0 
7f6d356dc000-7f6d356df000 ---p 00000000 00:00 0 
7f6d356df000-7f6d357dd000 rwxp 00000000 00:00 0 
7f6d357dd000-7f6d357de000 r-xs 00000000 08:05 532633                     /var/cache/fontconfig/26de28bc8622bbc1fb67fd234c21975f-le64.cache-3
7f6d357de000-7f6d357df000 r-xs 00000000 08:05 554485                     /var/cache/fontconfig/c05880de57d1f5e948fdfacc138775d9-le64.cache-3
7f6d357df000-7f6d357e8000 r-xs 00000000 08:05 527845                     /var/cache/fontconfig/945677eb7aeaf62f1d50efc3fb3ec7d8-le64.cache-3
7f6d357e8000-7f6d357ea000 r-xs 00000000 08:05 554480                     /var/cache/fontconfig/99e8ed0e538f840c565b6ed5dad60d56-le64.cache-3
7f6d357ea000-7f6d357ed000 r-xs 00000000 08:05 554411                     /var/cache/fontconfig/f24b2111ab8703b4e963115a8cf14259-le64.cache-3
7f6d357ed000-7f6d357f0000 r-xs 00000000 08:05 554479                     /var/cache/fontconfig/e383d7ea5fbe662a33d9b44caf393297-le64.cache-3
7f6d357f0000-7f6d357f3000 r-xs 00000000 08:05 554477                     /var/cache/fontconfig/2cd17615ca594fa2959ae173292e504c-le64.cache-3
7f6d357f3000-7f6d357f4000 r-xs 00000000 08:05 554471                     /var/cache/fontconfig/e7071f4a29fa870f4323321c154eba04-le64.cache-3
7f6d357f4000-7f6d357fd000 r-xs 00000000 08:05 554448                     /var/cache/fontconfig/6d41288fd70b0be22e8c3a91e032eec0-le64.cache-3
7f6d357fd000-7f6d3580d000 r-xs 00000000 08:05 554447                     /var/cache/fontconfig/0f34bcd4b6ee430af32735b75db7f02b-le64.cache-3
7f6d3580d000-7f6d3583b000 r-xs 00000000 08:05 554435                     /var/cache/fontconfig/365b55f210c0a22e9a19e35191240f32-le64.cache-3
7f6d3589e000-7f6d358a2000 rwxs 5064d000 00:05 9171                       /dev/nvidia0
7f6d358a2000-7f6d358e2000 rwxs 9e5bb000 00:05 9171                       /dev/nvidia0
7f6d35902000-7f6d35905000 ---p 00000000 00:00 0 
7f6d35905000-7f6d35a03000 rwxp 00000000 00:00 0 
7f6d35a03000-7f6d35a06000 ---p 00000000 00:00 0 
7f6d35a06000-7f6d35b04000 rwxp 00000000 00:00 0 
7f6d35b04000-7f6d35b09000 r-xp 00000000 08:05 1570859                    /usr/lib/x86_64-linux-gnu/libXfixes.so.3.1.0
7f6d35b09000-7f6d35d08000 ---p 00005000 08:05 1570859                    /usr/lib/x86_64-linux-gnu/libXfixes.so.3.1.0
7f6d35d08000-7f6d35d09000 r-xp 00004000 08:05 1570859                    /usr/lib/x86_64-linux-gnu/libXfixes.so.3.1.0
7f6d35d09000-7f6d35d0a000 rwxp 00005000 08:05 1570859                    /usr/lib/x86_64-linux-gnu/libXfixes.so.3.1.0
7f6d35d0a000-7f6d35d13000 r-xp 00000000 08:05 1570620                    /usr/lib/x86_64-linux-gnu/libXrender.so.1.3.0
7f6d35d13000-7f6d35f13000 ---p 00009000 08:05 1570620                    /usr/lib/x86_64-linux-gnu/libXrender.so.1.3.0
7f6d35f13000-7f6d35f14000 r-xp 00009000 08:05 1570620                    /usr/lib/x86_64-linux-gnu/libXrender.so.1.3.0
7f6d35f14000-7f6d35f15000 rwxp 0000a000 08:05 1570620                    /usr/lib/x86_64-linux-gnu/libXrender.so.1.3.0
7f6d35f15000-7f6d35f1e000 r-xp 00000000 08:05 1573929                    /usr/lib/x86_64-linux-gnu/libXcursor.so.1.0.2
7f6d35f1e000-7f6d3611d000 ---p 00009000 08:05 1573929                    /usr/lib/x86_64-linux-gnu/libXcursor.so.1.0.2
7f6d3611d000-7f6d3611e000 r-xp 00008000 08:05 1573929                    /usr/lib/x86_64-linux-gnu/libXcursor.so.1.0.2
7f6d3611e000-7f6d3611f000 rwxp 00009000 08:05 1573929                    /usr/lib/x86_64-linux-gnu/libXcursor.so.1.0.2
7f6d36120000-7f6d36122000 rwxs 00000000 08:05 531219                     /tmp/glBKLyi2 (deleted)
7f6d36122000-7f6d36126000 rwxs 50a1e000 00:05 9171                       /dev/nvidia0
7f6d36126000-7f6d36127000 rwxs d000b000 00:05 9171                       /dev/nvidia0
7f6d36127000-7f6d36128000 rwxs 1010b000 00:05 9171                       /dev/nvidia0
7f6d36128000-7f6d3612c000 rwxs 4e855000 00:05 9171                       /dev/nvidia0
7f6d3612c000-7f6d3612d000 rwxs fbc0c000 00:05 9171                       /dev/nvidia0
7f6d3612d000-7f6d3612e000 rwxs fb641000 00:05 9171                       /dev/nvidia0
7f6d3612e000-7f6d3612f000 rwxs 1112f4000 00:05 9171                      /dev/nvidia0
7f6d3612f000-7f6d36130000 rwxs 505f6000 00:05 9171                       /dev/nvidia0
7f6d36130000-7f6d36131000 rwxs fb060000 00:05 9171                       /dev/nvidia0
7f6d36131000-7f6d3614c000 rwxs 114980000 00:05 9171                      /dev/nvidia0
7f6d3614c000-7f6d3614f000 ---p 00000000 00:00 0 
7f6d3614f000-7f6d3624d000 rwxp 00000000 00:00 0 
7f6d3624d000-7f6d362c6000 r-xp 00000000 08:05 1734841                    /usr/lib/jvm/java-6-sun-1.6.0.24/jre/lib/amd64/libfontmanager.so
7f6d362c6000-7f6d363c5000 ---p 00079000 08:05 1734841                    /usr/lib/jvm/java-6-sun-1.6.0.24/jre/lib/amd64/libfontmanager.so
7f6d363c5000-7f6d363da000 rwxp 00078000 08:05 1734841                    /usr/lib/jvm/java-6-sun-1.6.0.24/jre/lib/amd64/libfontmanager.so
7f6d363da000-7f6d363eb000 rwxp 00000000 00:00 0 
7f6d363eb000-7f6d363f0000 r-xp 00000000 08:05 1573561                    /usr/lib/x86_64-linux-gnu/libXdmcp.so.6.0.0
7f6d363f0000-7f6d365ef000 ---p 00005000 08:05 1573561                    /usr/lib/x86_64-linux-gnu/libXdmcp.so.6.0.0
7f6d365ef000-7f6d365f0000 r-xp 00004000 08:05 1573561                    /usr/lib/x86_64-linux-gnu/libXdmcp.so.6.0.0
7f6d365f0000-7f6d365f1000 rwxp 00005000 08:05 1573561                    /usr/lib/x86_64-linux-gnu/libXdmcp.so.6.0.0
7f6d365f1000-7f6d365f3000 r-xp 00000000 08:05 1570542                    /usr/lib/x86_64-linux-gnu/libXau.so.6.0.0
7f6d365f3000-7f6d367f2000 ---p 00002000 08:05 1570542                    /usr/lib/x86_64-linux-gnu/libXau.so.6.0.0
7f6d367f2000-7f6d367f3000 r-xp 00001000 08:05 1570542                    /usr/lib/x86_64-linux-gnu/libXau.so.6.0.0
7f6d367f3000-7f6d367f4000 rwxp 00002000 08:05 1570542                    /usr/lib/x86_64-linux-gnu/libXau.so.6.0.0
7f6d367f4000-7f6d3680f000 r-xp 00000000 08:05 1572615                    /usr/lib/x86_64-linux-gnu/libxcb.so.1.1.0
7f6d3680f000-7f6d36a0e000 ---p 0001b000 08:05 1572615                    /usr/lib/x86_64-linux-gnu/libxcb.so.1.1.0
7f6d36a0e000-7f6d36a0f000 r-xp 0001a000 08:05 1572615                    /usr/lib/x86_64-linux-gnu/libxcb.so.1.1.0
7f6d36a0f000-7f6d36a10000 rwxp 0001b000 08:05 1572615                    /usr/lib/x86_64-linux-gnu/libxcb.so.1.1.0
7f6d36a10000-7f6d36a1f000 r-xp 00000000 08:05 1613065                    /usr/lib/x86_64-linux-gnu/libXi.so.6.1.0
7f6d36a1f000-7f6d36c1e000 ---p 0000f000 08:05 1613065                    /usr/lib/x86_64-linux-gnu/libXi.so.6.1.0
7f6d36c1e000-7f6d36c1f000 r-xp 0000e000 08:05 1613065                    /usr/lib/x86_64-linux-gnu/libXi.so.6.1.0
7f6d36c1f000-7f6d36c20000 rwxp 0000f000 08:05 1613065                    /usr/lib/x86_64-linux-gnu/libXi.so.6.1.0
7f6d36c20000-7f6d36c25000 r-xp 00000000 08:05 1572606                    /usr/lib/libXtst.so.6.1.0
7f6d36c25000-7f6d36e24000 ---p 00005000 08:05 1572606                    /usr/lib/libXtst.so.6.1.0
7f6d36e24000-7f6d36e25000 r-xp 00004000 08:05 1572606                    /usr/lib/libXtst.so.6.1.0
7f6d36e25000-7f6d36e26000 rwxp 00005000 08:05 1572606                    /usr/lib/libXtst.so.6.1.0
7f6d36e26000-7f6d36f5b000 r-xp 00000000 08:05 1573591                    /usr/lib/x86_64-linux-gnu/libX11.so.6.3.0
7f6d36f5b000-7f6d3715b000 ---p 00135000 08:05 1573591                    /usr/lib/x86_64-linux-gnu/libX11.so.6.3.0
7f6d3715b000-7f6d3715c000 r-xp 00135000 08:05 1573591                    /usr/lib/x86_64-linux-gnu/libX11.so.6.3.0
7f6d3715c000-7f6d37160000 rwxp 00136000 08:05 1573591                    /usr/lib/x86_64-linux-gnu/libX11.so.6.3.0
7f6d37160000-7f6d37171000 r-xp 00000000 08:05 1571673                    /usr/lib/x86_64-linux-gnu/libXext.so.6.4.0
7f6d37171000-7f6d37370000 ---p 00011000 08:05 1571673                    /usr/lib/x86_64-linux-gnu/libXext.so.6.4.0
7f6d37370000-7f6d37371000 r-xp 00010000 08:05 1571673                    /usr/lib/x86_64-linux-gnu/libXext.so.6.4.0
7f6d37371000-7f6d37372000 rwxp 00011000 08:05 1571673                    /usr/lib/x86_64-linux-gnu/libXext.so.6.4.0
7f6d37372000-7f6d37376000 r-xs 00000000 08:05 554470                     /var/cache/fontconfig/6eb3985aa4124903f6ff08ba781cd364-le64.cache-3
7f6d37376000-7f6d3737b000 r-xs 00000000 08:05 554453                     /var/cache/fontconfig/062808c12e6e608270f93bb230aed730-le64.cache-3
7f6d3737b000-7f6d37381000 r-xs 00000000 08:05 554429                     /var/cache/fontconfig/a755afe4a08bf5b97852ceb7400b47bc-le64.cache-3
7f6d37381000-7f6d3738b000 r-xs 00000000 08:05 554433                     /var/cache/fontconfig/d52a8644073d54c13679302ca1180695-le64.cache-3
7f6d3738b000-7f6d3738c000 r-xs 00000000 08:05 554418                     /var/cache/fontconfig/ec648e9a1aea82bddd4bd6050028158d-le64.cache-3
7f6d3738c000-7f6d3739f000 r-xs 00000000 08:05 538224                     /var/cache/fontconfig/e13b20fdb08344e0e664864cc2ede53d-le64.cache-3
7f6d3739f000-7f6d373e1000 r-xp 00000000 08:05 1734831                    /usr/lib/jvm/java-6-sun-1.6.0.24/jre/lib/amd64/xawt/libmawt.so
7f6d373e1000-7f6d374e0000 ---p 00042000 08:05 1734831                    /usr/lib/jvm/java-6-sun-1.6.0.24/jre/lib/amd64/xawt/libmawt.so
7f6d374e0000-7f6d374ec000 rwxp 00041000 08:05 1734831                    /usr/lib/jvm/java-6-sun-1.6.0.24/jre/lib/amd64/xawt/libmawt.so
7f6d374ec000-7f6d374ed000 rwxp 00000000 00:00 0 
7f6d374ed000-7f6d3757f000 r-xp 00000000 08:05 1734852                    /usr/lib/jvm/java-6-sun-1.6.0.24/jre/lib/amd64/libawt.so
7f6d3757f000-7f6d3767e000 ---p 00092000 08:05 1734852                    /usr/lib/jvm/java-6-sun-1.6.0.24/jre/lib/amd64/libawt.so
7f6d3767e000-7f6d37697000 rwxp 00091000 08:05 1734852                    /usr/lib/jvm/java-6-sun-1.6.0.24/jre/lib/amd64/libawt.so
7f6d37697000-7f6d376bc000 rwxp 00000000 00:00 0 
7f6d376bc000-7f6d376c7000 r-xs 00094000 08:05 1347413                    /home/bompo/git/mgcube/libs/gdx.jar
7f6d376c7000-7f6d376ce000 r-xs 0007a000 08:05 1339177                    /home/bompo/git/mgcube/libs/gdx-sources.jar
7f6d376ce000-7f6d376cf000 r-xs 001a1000 08:05 1339556                    /home/bompo/git/mgcube/libs/gdx-natives.jar
7f6d376cf000-7f6d376e9000 r-xs 00207000 08:05 1334080                    /home/bompo/git/mgcube/libs/gdx-backend-jogl.jar
7f6d376e9000-7f6d376ea000 r-xs 00007000 08:05 1330406                    /home/bompo/git/mgcube/libs/gdx-backend-jogl-sources.jar
7f6d376ea000-7f6d376eb000 r-xs 00203000 08:05 1350448                    /home/bompo/git/mgcube/libs/gdx-backend-jogl-natives.jar
7f6d376eb000-7f6d376ee000 r-xs 0000f000 08:05 1622792                    /usr/lib/jvm/java-6-sun-1.6.0.24/jre/lib/ext/pulse-java.jar
7f6d376ee000-7f6d376ef000 ---p 00000000 00:00 0 
7f6d376ef000-7f6d377ef000 rwxp 00000000 00:00 0 
7f6d377ef000-7f6d377f2000 ---p 00000000 00:00 0 
7f6d377f2000-7f6d378f0000 rwxp 00000000 00:00 0 
7f6d378f0000-7f6d378f3000 ---p 00000000 00:00 0 
7f6d378f3000-7f6d379f1000 rwxp 00000000 00:00 0 
7f6d379f1000-7f6d379f4000 ---p 00000000 00:00 0 
7f6d379f4000-7f6d37af2000 rwxp 00000000 00:00 0 
7f6d37af2000-7f6d37af5000 ---p 00000000 00:00 0 
7f6d37af5000-7f6d37bf3000 rwxp 00000000 00:00 0 
7f6d37bf3000-7f6d37ffb000 r-xp 00000000 08:05 1570348                    /usr/lib/locale/locale-archive
7f6d37ffb000-7f6d37ffe000 ---p 00000000 00:00 0 
7f6d37ffe000-7f6d380fc000 rwxp 00000000 00:00 0 
7f6d380fc000-7f6d380ff000 ---p 00000000 00:00 0 
7f6d380ff000-7f6d381fd000 rwxp 00000000 00:00 0 
7f6d381fd000-7f6d381fe000 ---p 00000000 00:00 0 
7f6d381fe000-7f6d38837000 rwxp 00000000 00:00 0 
7f6d38837000-7f6d389cf000 r-xs 03027000 08:05 1662454                    /usr/lib/jvm/java-6-sun-1.6.0.24/jre/lib/rt.jar
7f6d389cf000-7f6d389f7000 rwxp 00000000 00:00 0 
7f6d389f7000-7f6d389f8000 ---p 00000000 00:00 0 
7f6d389f8000-7f6d38af8000 rwxp 00000000 00:00 0 
7f6d38af8000-7f6d38af9000 ---p 00000000 00:00 0 
7f6d38af9000-7f6d38bf9000 rwxp 00000000 00:00 0 
7f6d38bf9000-7f6d38bfa000 ---p 00000000 00:00 0 
7f6d38bfa000-7f6d38cfa000 rwxp 00000000 00:00 0 
7f6d38cfa000-7f6d38cfb000 ---p 00000000 00:00 0 
7f6d38cfb000-7f6d38e06000 rwxp 00000000 00:00 0 
7f6d38e06000-7f6d38e24000 rwxp 00000000 00:00 0 
7f6d38e24000-7f6d38e39000 rwxp 00000000 00:00 0 
7f6d38e39000-7f6d38f6e000 rwxp 00000000 00:00 0 
7f6d38f6e000-7f6d38f79000 rwxp 00000000 00:00 0 
7f6d38f79000-7f6d38f97000 rwxp 00000000 00:00 0 
7f6d38f97000-7f6d38fac000 rwxp 00000000 00:00 0 
7f6d38fac000-7f6d390e1000 rwxp 00000000 00:00 0 
7f6d390e1000-7f6d390f3000 rwxp 00000000 00:00 0 
7f6d390f3000-7f6d39186000 rwxp 00000000 00:00 0 
7f6d39186000-7f6d393f7000 rwxp 00000000 00:00 0 
7f6d393f7000-7f6d3c187000 rwxp 00000000 00:00 0 
7f6d3c187000-7f6d3c195000 r-xp 00000000 08:05 1734847                    /usr/lib/jvm/java-6-sun-1.6.0.24/jre/lib/amd64/libzip.so
7f6d3c195000-7f6d3c297000 ---p 0000e000 08:05 1734847                    /usr/lib/jvm/java-6-sun-1.6.0.24/jre/lib/amd64/libzip.so
7f6d3c297000-7f6d3c29a000 rwxp 00010000 08:05 1734847                    /usr/lib/jvm/java-6-sun-1.6.0.24/jre/lib/amd64/libzip.so
7f6d3c29a000-7f6d3c29b000 rwxp 00000000 00:00 0 
7f6d3c29b000-7f6d3c2a7000 r-xp 00000000 08:05 535712                     /lib/x86_64-linux-gnu/libnss_files-2.13.so
7f6d3c2a7000-7f6d3c4a6000 ---p 0000c000 08:05 535712                     /lib/x86_64-linux-gnu/libnss_files-2.13.so
7f6d3c4a6000-7f6d3c4a7000 r-xp 0000b000 08:05 535712                     /lib/x86_64-linux-gnu/libnss_files-2.13.so
7f6d3c4a7000-7f6d3c4a8000 rwxp 0000c000 08:05 535712                     /lib/x86_64-linux-gnu/libnss_files-2.13.so
7f6d3c4a8000-7f6d3c4b3000 r-xp 00000000 08:05 535714                     /lib/x86_64-linux-gnu/libnss_nis-2.13.so
7f6d3c4b3000-7f6d3c6b2000 ---p 0000b000 08:05 535714                     /lib/x86_64-linux-gnu/libnss_nis-2.13.so
7f6d3c6b2000-7f6d3c6b3000 r-xp 0000a000 08:05 535714                     /lib/x86_64-linux-gnu/libnss_nis-2.13.so
7f6d3c6b3000-7f6d3c6b4000 rwxp 0000b000 08:05 535714                     /lib/x86_64-linux-gnu/libnss_nis-2.13.so
7f6d3c6b4000-7f6d3c6bc000 r-xp 00000000 08:05 535710                     /lib/x86_64-linux-gnu/libnss_compat-2.13.so
7f6d3c6bc000-7f6d3c8bb000 ---p 00008000 08:05 535710                     /lib/x86_64-linux-gnu/libnss_compat-2.13.so
7f6d3c8bb000-7f6d3c8bc000 r-xp 00007000 08:05 535710                     /lib/x86_64-linux-gnu/libnss_compat-2.13.so
7f6d3c8bc000-7f6d3c8bd000 rwxp 00008000 08:05 535710                     /lib/x86_64-linux-gnu/libnss_compat-2.13.so
7f6d3c8bd000-7f6d3c8c4000 r-xp 00000000 08:05 1734857                    /usr/lib/jvm/java-6-sun-1.6.0.24/jre/lib/amd64/native_threads/libhpi.so
7f6d3c8c4000-7f6d3c9c5000 ---p 00007000 08:05 1734857                    /usr/lib/jvm/java-6-sun-1.6.0.24/jre/lib/amd64/native_threads/libhpi.so
7f6d3c9c5000-7f6d3c9c7000 rwxp 00008000 08:05 1734857                    /usr/lib/jvm/java-6-sun-1.6.0.24/jre/lib/amd64/native_threads/libhpi.so
7f6d3c9c7000-7f6d3c9c8000 rwxp 00000000 00:00 0 
7f6d3c9c8000-7f6d3c9df000 r-xp 00000000 08:05 535709                     /lib/x86_64-linux-gnu/libnsl-2.13.so
7f6d3c9df000-7f6d3cbde000 ---p 00017000 08:05 535709                     /lib/x86_64-linux-gnu/libnsl-2.13.so
7f6d3cbde000-7f6d3cbdf000 r-xp 00016000 08:05 535709                     /lib/x86_64-linux-gnu/libnsl-2.13.so
7f6d3cbdf000-7f6d3cbe0000 rwxp 00017000 08:05 535709                     /lib/x86_64-linux-gnu/libnsl-2.13.so
7f6d3cbe0000-7f6d3cbe2000 rwxp 00000000 00:00 0 
7f6d3cbe2000-7f6d3cc0b000 r-xp 00000000 08:05 1734846                    /usr/lib/jvm/java-6-sun-1.6.0.24/jre/lib/amd64/libjava.so
7f6d3cc0b000-7f6d3cd0a000 ---p 00029000 08:05 1734846                    /usr/lib/jvm/java-6-sun-1.6.0.24/jre/lib/amd64/libjava.so
7f6d3cd0a000-7f6d3cd11000 rwxp 00028000 08:05 1734846                    /usr/lib/jvm/java-6-sun-1.6.0.24/jre/lib/amd64/libjava.so
7f6d3cd11000-7f6d3cd1e000 r-xp 00000000 08:05 1731420                    /usr/lib/jvm/java-6-sun-1.6.0.24/jre/lib/amd64/libverify.so
7f6d3cd1e000-7f6d3ce1d000 ---p 0000d000 08:05 1731420                    /usr/lib/jvm/java-6-sun-1.6.0.24/jre/lib/amd64/libverify.so
7f6d3ce1d000-7f6d3ce20000 rwxp 0000c000 08:05 1731420                    /usr/lib/jvm/java-6-sun-1.6.0.24/jre/lib/amd64/libverify.so
7f6d3ce20000-7f6d3ce27000 r-xp 00000000 08:05 535724                     /lib/x86_64-linux-gnu/librt-2.13.so
7f6d3ce27000-7f6d3d026000 ---p 00007000 08:05 535724                     /lib/x86_64-linux-gnu/librt-2.13.so
7f6d3d026000-7f6d3d027000 r-xp 00006000 08:05 535724                     /lib/x86_64-linux-gnu/librt-2.13.so
7f6d3d027000-7f6d3d028000 rwxp 00007000 08:05 535724                     /lib/x86_64-linux-gnu/librt-2.13.so
7f6d3d028000-7f6d3d02b000 ---p 00000000 00:00 0 
7f6d3d02b000-7f6d3d129000 rwxp 00000000 00:00 0 
7f6d3d129000-7f6d3d1ad000 r-xp 00000000 08:05 535703                     /lib/x86_64-linux-gnu/libm-2.13.so
7f6d3d1ad000-7f6d3d3ac000 ---p 00084000 08:05 535703                     /lib/x86_64-linux-gnu/libm-2.13.so
7f6d3d3ac000-7f6d3d3ad000 r-xp 00083000 08:05 535703                     /lib/x86_64-linux-gnu/libm-2.13.so
7f6d3d3ad000-7f6d3d3ae000 rwxp 00084000 08:05 535703                     /lib/x86_64-linux-gnu/libm-2.13.so
7f6d3d3ae000-7f6d3dbec000 r-xp 00000000 08:05 1734849                    /usr/lib/jvm/java-6-sun-1.6.0.24/jre/lib/amd64/server/libjvm.so
7f6d3dbec000-7f6d3dceb000 ---p 0083e000 08:05 1734849                    /usr/lib/jvm/java-6-sun-1.6.0.24/jre/lib/amd64/server/libjvm.so
7f6d3dceb000-7f6d3de7f000 rwxp 0083d000 08:05 1734849                    /usr/lib/jvm/java-6-sun-1.6.0.24/jre/lib/amd64/server/libjvm.so
7f6d3de7f000-7f6d3deb8000 rwxp 00000000 00:00 0 
7f6d3deb8000-7f6d3e042000 r-xp 00000000 08:05 535697                     /lib/x86_64-linux-gnu/libc-2.13.so
7f6d3e042000-7f6d3e241000 ---p 0018a000 08:05 535697                     /lib/x86_64-linux-gnu/libc-2.13.so
7f6d3e241000-7f6d3e245000 r-xp 00189000 08:05 535697                     /lib/x86_64-linux-gnu/libc-2.13.so
7f6d3e245000-7f6d3e246000 rwxp 0018d000 08:05 535697                     /lib/x86_64-linux-gnu/libc-2.13.so
7f6d3e246000-7f6d3e24c000 rwxp 00000000 00:00 0 
7f6d3e24c000-7f6d3e24e000 r-xp 00000000 08:05 535702                     /lib/x86_64-linux-gnu/libdl-2.13.so
7f6d3e24e000-7f6d3e44e000 ---p 00002000 08:05 535702                     /lib/x86_64-linux-gnu/libdl-2.13.so
7f6d3e44e000-7f6d3e44f000 r-xp 00002000 08:05 535702                     /lib/x86_64-linux-gnu/libdl-2.13.so
7f6d3e44f000-7f6d3e450000 rwxp 00003000 08:05 535702                     /lib/x86_64-linux-gnu/libdl-2.13.so
7f6d3e450000-7f6d3e468000 r-xp 00000000 08:05 535718                     /lib/x86_64-linux-gnu/libpthread-2.13.so
7f6d3e468000-7f6d3e668000 ---p 00018000 08:05 535718                     /lib/x86_64-linux-gnu/libpthread-2.13.so
7f6d3e668000-7f6d3e669000 r-xp 00018000 08:05 535718                     /lib/x86_64-linux-gnu/libpthread-2.13.so
7f6d3e669000-7f6d3e66a000 rwxp 00019000 08:05 535718                     /lib/x86_64-linux-gnu/libpthread-2.13.so
7f6d3e66a000-7f6d3e66e000 rwxp 00000000 00:00 0 
7f6d3e66e000-7f6d3e68f000 r-xp 00000000 08:05 535673                     /lib/x86_64-linux-gnu/ld-2.13.so
7f6d3e68f000-7f6d3e690000 r-xs 00000000 08:05 554466                     /var/cache/fontconfig/4c73fe0c47614734b17d736dbde7580a-le64.cache-3
7f6d3e690000-7f6d3e691000 r-xs 00000000 08:05 554459                     /var/cache/fontconfig/0d8c3b2ac0904cb8a57a757ad11a4a08-le64.cache-3
7f6d3e691000-7f6d3e69b000 rwxp 00000000 00:00 0 
7f6d3e69b000-7f6d3e751000 rwxp 00000000 00:00 0 
7f6d3e751000-7f6d3e754000 rwxp 00000000 00:00 0 
7f6d3e754000-7f6d3e75b000 r-xp 00000000 08:05 1731410                    /usr/lib/jvm/java-6-sun-1.6.0.24/jre/lib/amd64/jli/libjli.so
7f6d3e75b000-7f6d3e85c000 ---p 00007000 08:05 1731410                    /usr/lib/jvm/java-6-sun-1.6.0.24/jre/lib/amd64/jli/libjli.so
7f6d3e85c000-7f6d3e85e000 rwxp 00008000 08:05 1731410                    /usr/lib/jvm/java-6-sun-1.6.0.24/jre/lib/amd64/jli/libjli.so
7f6d3e85e000-7f6d3e85f000 rwxp 00000000 00:00 0 
7f6d3e85f000-7f6d3e860000 r-xs 00000000 08:05 554454                     /var/cache/fontconfig/6a53c69dea097a2d716e069445527da8-le64.cache-3
7f6d3e860000-7f6d3e865000 r-xs 00000000 08:05 554452                     /var/cache/fontconfig/515ca1ebc4b18308bea979be5704f9db-le64.cache-3
7f6d3e865000-7f6d3e868000 r-xs 00000000 08:05 554441                     /var/cache/fontconfig/d60319d88cac85ba9e1a07bd06cfbb8c-le64.cache-3
7f6d3e868000-7f6d3e869000 r-xs 00000000 08:05 530935                     /var/cache/fontconfig/4794a0821666d79190d59a36cb4f44b5-le64.cache-3
7f6d3e869000-7f6d3e86d000 r-xs 00000000 08:05 538228                     /var/cache/fontconfig/7ef2298fde41cc6eeb7af42e48b7d293-le64.cache-3
7f6d3e86d000-7f6d3e881000 r-xs 00000000 08:05 527842                     /var/cache/fontconfig/865f88548240fee46819705c6468c165-le64.cache-3
7f6d3e881000-7f6d3e882000 r-xs 00000000 08:05 1340105                    /home/bompo/.fontconfig/aa7e4f27e681240d22a1f116cf7520f0-le64.cache-3
7f6d3e882000-7f6d3e88a000 rwxs 00000000 08:05 529490                     /tmp/hsperfdata_bompo/8174
7f6d3e88a000-7f6d3e88b000 rwxp 00000000 00:00 0 
7f6d3e88b000-7f6d3e88c000 r-xp 00000000 00:00 0 
7f6d3e88c000-7f6d3e88e000 rwxp 00000000 00:00 0 
7f6d3e88e000-7f6d3e88f000 r-xp 00020000 08:05 535673                     /lib/x86_64-linux-gnu/ld-2.13.so
7f6d3e88f000-7f6d3e891000 rwxp 00021000 08:05 535673                     /lib/x86_64-linux-gnu/ld-2.13.so
7fffda95b000-7fffda97c000 rwxp 00000000 00:00 0                          [stack]
7fffda9bf000-7fffda9c0000 r-xp 00000000 00:00 0                          [vdso]
ffffffffff600000-ffffffffff601000 r-xp 00000000 00:00 0                  [vsyscall]

VM Arguments:
jvm_args: -Dfile.encoding=UTF-8 
java_command: de.swagner.mgcube.DesktopStarter
Launcher Type: SUN_STANDARD

Environment Variables:
PATH=/usr/local/sbin:/usr/local/bin:/usr/sbin:/usr/bin:/sbin:/bin:/usr/games
USERNAME=bompo
LD_LIBRARY_PATH=/usr/lib/jvm/java-6-sun-1.6.0.24/jre/lib/amd64/server:/usr/lib/jvm/java-6-sun-1.6.0.24/jre/lib/amd64:/usr/lib/jvm/java-6-sun-1.6.0.24/jre/../lib/amd64:/usr/lib/jvm/java-6-openjdk/jre/lib/amd64/server:/usr/lib/jvm/java-6-openjdk/jre/lib/amd64:/usr/lib/jvm/java-6-openjdk/jre/../lib/amd64:/usr/lib64/xulrunner-addons
SHELL=/bin/bash
DISPLAY=:0.0

Signal Handlers:
SIGSEGV: [libjvm.so+0x791b30], sa_mask[0]=0x7ffbfeff, sa_flags=0x10000004
SIGBUS: [libjvm.so+0x791b30], sa_mask[0]=0x7ffbfeff, sa_flags=0x10000004
SIGFPE: [libjvm.so+0x640ba0], sa_mask[0]=0x7ffbfeff, sa_flags=0x10000004
SIGPIPE: [libjvm.so+0x640ba0], sa_mask[0]=0x7ffbfeff, sa_flags=0x10000004
SIGXFSZ: [libjvm.so+0x640ba0], sa_mask[0]=0x7ffbfeff, sa_flags=0x10000004
SIGILL: [libjvm.so+0x640ba0], sa_mask[0]=0x7ffbfeff, sa_flags=0x10000004
SIGUSR1: SIG_DFL, sa_mask[0]=0x00000000, sa_flags=0x00000000
SIGUSR2: [libjvm.so+0x643780], sa_mask[0]=0x00000004, sa_flags=0x10000004
SIGHUP: [libjvm.so+0x643380], sa_mask[0]=0x7ffbfeff, sa_flags=0x10000004
SIGINT: [libjvm.so+0x643380], sa_mask[0]=0x7ffbfeff, sa_flags=0x10000004
SIGTERM: [libjvm.so+0x643380], sa_mask[0]=0x7ffbfeff, sa_flags=0x10000004
SIGQUIT: [libjvm.so+0x643380], sa_mask[0]=0x7ffbfeff, sa_flags=0x10000004


---------------  S Y S T E M  ---------------

OS:squeeze/sid

uname:Linux 2.6.38-10-generic #46-Ubuntu SMP Tue Jun 28 15:07:17 UTC 2011 x86_64
libc:glibc 2.13 NPTL 2.13 
rlimit: STACK 8192k, CORE 0k, NPROC infinity, NOFILE 4096, AS infinity
load average:0.21 0.08 0.06

/proc/meminfo:
MemTotal:        4047872 kB
MemFree:           34460 kB
Buffers:          170060 kB
Cached:          1218584 kB
SwapCached:            0 kB
Active:          2620236 kB
Inactive:        1030776 kB
Active(anon):    2074136 kB
Inactive(anon):   268220 kB
Active(file):     546100 kB
Inactive(file):   762556 kB
Unevictable:         264 kB
Mlocked:             148 kB
SwapTotal:      19529724 kB
SwapFree:       19529712 kB
Dirty:               100 kB
Writeback:           660 kB
AnonPages:       2262820 kB
Mapped:           303104 kB
Shmem:             79892 kB
Slab:             137000 kB
SReclaimable:     107128 kB
SUnreclaim:        29872 kB
KernelStack:        4192 kB
PageTables:        41376 kB
NFS_Unstable:          0 kB
Bounce:                0 kB
WritebackTmp:          0 kB
CommitLimit:    21553660 kB
Committed_AS:    5388116 kB
VmallocTotal:   34359738367 kB
VmallocUsed:      341864 kB
VmallocChunk:   34359382640 kB
HardwareCorrupted:     0 kB
HugePages_Total:       0
HugePages_Free:        0
HugePages_Rsvd:        0
HugePages_Surp:        0
Hugepagesize:       2048 kB
DirectMap4k:      165312 kB
DirectMap2M:     4020224 kB


CPU:total 4 (4 cores per cpu, 1 threads per core) family 6 model 30 stepping 5, cmov, cx8, fxsr, mmx, sse, sse2, sse3, ssse3, sse4.1, sse4.2, popcnt

Memory: 4k page, physical 4047872k(34956k free), swap 19529724k(19529712k free)

vm_info: Java HotSpot(TM) 64-Bit Server VM (19.1-b02) for linux-amd64 JRE (1.6.0_24-b07), built on Feb  2 2011 16:55:54 by "java_re" with gcc 3.2.2 (SuSE Linux)

time: Thu Jul  7 21:08:45 2011
elapsed time: 19 seconds

