#
# A fatal error has been detected by the Java Runtime Environment:
#
#  SIGSEGV (0xb) at pc=0x00007f2ba985aa4b, pid=10865, tid=139823696320256
#
# JRE version: 6.0_22-b22
# Java VM: OpenJDK 64-Bit Server VM (20.0-b11 mixed mode linux-amd64 compressed oops)
# Derivative: IcedTea6 1.10.2
# Distribution: Ubuntu 11.04, package 6b22-1.10.2-0ubuntu1~11.04.1
# Problematic frame:
# V  [libjvm.so+0x67ba4b]  ObjectMonitor::EnterI(Thread*)+0x17b
#
# If you would like to submit a bug report, please include
# instructions how to reproduce the bug and visit:
#   https://bugs.launchpad.net/ubuntu/+source/openjdk-6/
#

---------------  T H R E A D  ---------------

Current thread (0x00007f2b8c0ed000):  JavaThread "SIGTERM handler" daemon [_thread_blocked, id=10911, stack(0x00007f2b3db01000,0x00007f2b3dc02000)]

siginfo:si_signo=SIGSEGV: si_errno=0, si_code=1 (SEGV_MAPERR), si_addr=0x0000000000000002

Registers:
RAX=0x0000000000000002, RBX=0x00007f2b4ac0d9d8, RCX=0x00007f2b94bf0758, RDX=0x00007f2b8c0bd928
RSP=0x00007f2b3dc006b0, RBP=0x00007f2b3dc00720, RSI=0x00007f2b8c0ed000, RDI=0x00007f2b4ac0d9d8
R8 =0x00007f2b8c0bd950, R9 =0x0000000000000000, R10=0x00007f2b3dc00670, R11=0x0000000000000206
R12=0x00007f2b8c0ed000, R13=0x00007f2ba9dda9a8, R14=0x00007f2ba9dd6d70, R15=0x00007f2b3dc006c0
RIP=0x00007f2ba985aa4b, EFLAGS=0x0000000000010206, CSGSFS=0x0000000000000033, ERR=0x0000000000000006
  TRAPNO=0x000000000000000e

Top of Stack: (sp=0x00007f2b3dc006b0)
0x00007f2b3dc006b0:   00007f2b4ac0da20 000003e8a9858fdc
0x00007f2b3dc006c0:   0000000000000000 0000000000000bad
0x00007f2b3dc006d0:   00007f2b8c0ed000 00007f2b8c0bd900
0x00007f2b3dc006e0:   0000000500000000 00007f0094bf0758
0x00007f2b3dc006f0:   00007f2b3dc00750 00007f2b8c0ed000
0x00007f2b3dc00700:   00007f2b4ac0d9d8 00007f2ba9dda9a8
0x00007f2b3dc00710:   00007f2b4ac0da48 00007f2b8c0be100
0x00007f2b3dc00720:   00007f2b3dc00780 00007f2ba985ae2f
0x00007f2b3dc00730:   000000053dc007d8 00007f2b8c0baad0
0x00007f2b3dc00740:   01000000b85bd558 00007f2b00000002
0x00007f2b3dc00750:   00007f2b3dc00780 00007f2b8c0ed000
0x00007f2b3dc00760:   00007f2b3dc007d8 00007f2ba9dda9a8
0x00007f2b3dc00770:   00000000b85bd558 00007f2b8c0bd3c0
0x00007f2b3dc00780:   00007f2b3dc007c0 00007f2ba96a2409
0x00007f2b3dc00790:   00007f2b3dc00828 00000000000000c2
0x00007f2b3dc007a0:   0000000000000000 00000000b85bcfc0
0x00007f2b3dc007b0:   00007f2b3dc00858 00007f2b8c0ed000
0x00007f2b3dc007c0:   00007f2b3dc00828 00007f2ba49cfecb
0x00007f2b3dc007d0:   00007f2ba49cfe89 0000000000000003
0x00007f2b3dc007e0:   00000000b85bd558 00007f2b3dc007d8
0x00007f2b3dc007f0:   00000000b85bcfc0 00007f2b3dc00858
0x00007f2b3dc00800:   00000000b85bd5e0 0000000000000000
0x00007f2b3dc00810:   00000000b85bd008 0000000000000000
0x00007f2b3dc00820:   00007f2b3dc00858 00007f2b3dc008a0
0x00007f2b3dc00830:   00007f2ba49b885a 0000000000000000
0x00007f2b3dc00840:   0000000000000000 00000000b85bd558
0x00007f2b3dc00850:   0000000000000000 000000000000008f
0x00007f2b3dc00860:   00007f2b3dc00860 00000000b85b3e50
0x00007f2b3dc00870:   00007f2b3dc008b8 00000000b85b4270
0x00007f2b3dc00880:   0000000000000000 00000000b85b3e78
0x00007f2b3dc00890:   00007f2b3dc00858 00007f2b3dc008b0
0x00007f2b3dc008a0:   00007f2b3dc00900 00007f2ba49b8d34 

Instructions: (pc=0x00007f2ba985aa4b)
0x00007f2ba985aa2b:   e8 b0 da ff ff 85 c0 0f 8f 88 00 00 00 48 8b 05
0x00007f2ba985aa3b:   09 2b 55 00 48 8b 00 48 85 c0 74 08 48 8b 40 28
0x00007f2ba985aa4b:   48 83 00 01 f6 05 8a 6f 56 00 01 0f 85 cc 00 00
0x00007f2ba985aa5b:   00 f6 05 7d fe 57 00 01 74 24 49 8b 84 24 40 01 

Register to memory mapping:

RAX=0x0000000000000002 is an unknown value
RBX=0x00007f2b4ac0d9d8 is an unknown value
RCX=0x00007f2b94bf0758 is pointing into the stack for thread: 0x00007f2b8c0ea800
RDX=0x00007f2b8c0bd928 is an unknown value
RSP=0x00007f2b3dc006b0 is pointing into the stack for thread: 0x00007f2b8c0ed000
RBP=0x00007f2b3dc00720 is pointing into the stack for thread: 0x00007f2b8c0ed000
RSI=0x00007f2b8c0ed000 is a thread
RDI=0x00007f2b4ac0d9d8 is an unknown value
R8 =0x00007f2b8c0bd950 is an unknown value
R9 =0x0000000000000000 is an unknown value
R10=0x00007f2b3dc00670 is pointing into the stack for thread: 0x00007f2b8c0ed000
R11=0x0000000000000206 is an unknown value
R12=0x00007f2b8c0ed000 is a thread
R13=0x00007f2ba9dda9a8: <offset 0xbfb9a8> in /usr/lib/jvm/java-6-openjdk/jre/lib/amd64/server/libjvm.so at 0x00007f2ba91df000
R14=0x00007f2ba9dd6d70: <offset 0xbf7d70> in /usr/lib/jvm/java-6-openjdk/jre/lib/amd64/server/libjvm.so at 0x00007f2ba91df000
R15=0x00007f2b3dc006c0 is pointing into the stack for thread: 0x00007f2b8c0ed000


Stack: [0x00007f2b3db01000,0x00007f2b3dc02000],  sp=0x00007f2b3dc006b0,  free space=1021k
Native frames: (J=compiled Java code, j=interpreted, Vv=VM code, C=native code)
V  [libjvm.so+0x67ba4b]  ObjectMonitor::EnterI(Thread*)+0x17b
V  [libjvm.so+0x67be2f]  ObjectMonitor::enter(Thread*)+0x26f
V  [libjvm.so+0x4c3409]  InterpreterRuntime::monitorenter(JavaThread*, BasicObjectLock*)+0x99
j  java.lang.Shutdown.exit(I)V+96
j  java.lang.Terminator$1.handle(Lsun/misc/Signal;)V+8
j  sun.misc.Signal$1.run()V+8
j  java.lang.Thread.run()V+11
v  ~StubRoutines::call_stub
V  [libjvm.so+0x4cc2ff]  JavaCalls::call_helper(JavaValue*, methodHandle*, JavaCallArguments*, Thread*)+0x29f
V  [libjvm.so+0x4cb755]  JavaCalls::call(JavaValue*, methodHandle, JavaCallArguments*, Thread*)+0x25
V  [libjvm.so+0x4cbc2b]  JavaCalls::call_virtual(JavaValue*, KlassHandle, symbolHandle, symbolHandle, JavaCallArguments*, Thread*)+0x17b
V  [libjvm.so+0x4cbd4f]  JavaCalls::call_virtual(JavaValue*, Handle, KlassHandle, symbolHandle, symbolHandle, Thread*)+0x4f
V  [libjvm.so+0x502ee8]  thread_entry(JavaThread*, Thread*)+0x78
V  [libjvm.so+0x793618]  JavaThread::thread_main_inner()+0x58
V  [libjvm.so+0x686c02]  java_start(Thread*)+0x112

Java frames: (J=compiled Java code, j=interpreted, Vv=VM code)
j  java.lang.Shutdown.exit(I)V+96
j  java.lang.Terminator$1.handle(Lsun/misc/Signal;)V+8
j  sun.misc.Signal$1.run()V+8
j  java.lang.Thread.run()V+11
v  ~StubRoutines::call_stub

---------------  P R O C E S S  ---------------

Java Threads: ( => current thread )
=>0x00007f2b8c0ed000 JavaThread "SIGTERM handler" daemon [_thread_blocked, id=10911, stack(0x00007f2b3db01000,0x00007f2b3dc02000)]
  0x00007f2b8c0ea800 JavaThread "SIGTERM handler" daemon [_thread_blocked, id=10905, stack(0x00007f2b94af1000,0x00007f2b94bf2000)]
  0x00007f2ba03a6800 JavaThread "DestroyJavaVM" [_thread_blocked, id=10870, stack(0x00007f2baaab7000,0x00007f2baabb8000)]
  0x00007f2ba03a0800 JavaThread "LWJGL Application" [_thread_blocked, id=10894, stack(0x00007f2b9c587000,0x00007f2b9c688000)]
  0x00000000025b7000 JavaThread "AWT-XAWT" daemon [_thread_blocked, id=10885, stack(0x00007f2b9cde0000,0x00007f2b9cee1000)]
  0x00000000023c1800 JavaThread "Java2D Disposer" daemon [_thread_blocked, id=10884, stack(0x00007f2b9d1c6000,0x00007f2b9d2c7000)]
  0x00007f2ba0085000 JavaThread "Low Memory Detector" daemon [_thread_blocked, id=10882, stack(0x00007f2b9efb9000,0x00007f2b9f0ba000)]
  0x00007f2ba0082000 JavaThread "C2 CompilerThread1" daemon [_thread_blocked, id=10881, stack(0x00007f2b9f0ba000,0x00007f2b9f1bb000)]
  0x00007f2ba007f000 JavaThread "C2 CompilerThread0" daemon [_thread_blocked, id=10880, stack(0x00007f2b9f1bb000,0x00007f2b9f2bc000)]
  0x00007f2ba007e000 JavaThread "Signal Dispatcher" daemon [_thread_blocked, id=10879, stack(0x00007f2b9f2bc000,0x00007f2b9f3bd000)]
  0x00007f2ba005f000 JavaThread "Finalizer" daemon [_thread_blocked, id=10877, stack(0x00007f2b9f7c5000,0x00007f2b9f8c6000)]
  0x00007f2ba005d000 JavaThread "Reference Handler" daemon [_thread_blocked, id=10876, stack(0x00007f2b9f8c6000,0x00007f2b9f9c7000)]

Other Threads:
  0x00007f2ba0056000 VMThread [stack: 0x00007f2b9f9c7000,0x00007f2b9fac8000] [id=10875]

VM state:at safepoint (shutting down)

VM Mutex/Monitor currently owned by a thread:  ([mutex/lock_event])
[0x000000000230bb00] Threads_lock - owner thread: 0x00007f2ba0056000

Heap
 PSYoungGen      total 280512K, used 98589K [0x00000000eb8b0000, 0x0000000100000000, 0x0000000100000000)
  eden space 236480K, 24% used [0x00000000eb8b0000,0x00000000ef0f7e78,0x00000000f9fa0000)
  from space 44032K, 93% used [0x00000000fd500000,0x00000000ffcff920,0x0000000100000000)
  to   space 49344K, 0% used [0x00000000f9fa0000,0x00000000f9fa0000,0x00000000fcfd0000)
 PSOldGen        total 197248K, used 148486K [0x00000000c2a00000, 0x00000000ceaa0000, 0x00000000eb8b0000)
  object space 197248K, 75% used [0x00000000c2a00000,0x00000000cbb01950,0x00000000ceaa0000)
 PSPermGen       total 26880K, used 12886K [0x00000000b8400000, 0x00000000b9e40000, 0x00000000c2a00000)
  object space 26880K, 47% used [0x00000000b8400000,0x00000000b9095988,0x00000000b9e40000)

Code Cache  [0x00007f2ba49b3000, 0x00007f2ba4c23000, 0x00007f2ba79b3000)
 total_blobs=768 nmethods=264 adapters=458 free_code_cache=49170816 largest_free_block=11520

Dynamic libraries:
00400000-00409000 r-xp 00000000 08:15 1597353                            /usr/lib/jvm/java-6-openjdk/jre/bin/java
00608000-00609000 r--p 00008000 08:15 1597353                            /usr/lib/jvm/java-6-openjdk/jre/bin/java
00609000-0060a000 rw-p 00009000 08:15 1597353                            /usr/lib/jvm/java-6-openjdk/jre/bin/java
02304000-3fff8000 rw-p 00000000 00:00 0                                  [heap]
40074000-40076000 r-xs 00000000 08:15 525025                             /tmp/glEl1GBK (deleted)
407c8000-40842000 rw-p 00000000 00:00 0 
b8400000-b9e40000 rw-p 00000000 00:00 0 
b9e40000-b9f70000 ---p 00000000 00:00 0 
b9f70000-c2a00000 rw-p 00000000 00:00 0 
c2a00000-ceaa0000 rw-p 00000000 00:00 0 
ceaa0000-eb8b0000 rw-p 00000000 00:00 0 
eb8b0000-100000000 rw-p 00000000 00:00 0 
7f2b372c1000-7f2b3db01000 rw-p 00000000 00:00 0 
7f2b3db01000-7f2b3db04000 ---p 00000000 00:00 0 
7f2b3db04000-7f2b3e5c8000 rw-p 00000000 00:00 0 
7f2b3e5c8000-7f2b3e5cb000 ---p 00000000 00:00 0 
7f2b3e5cb000-7f2b3e6c9000 rw-p 00000000 00:00 0 
7f2b3e6c9000-7f2b3e6cc000 ---p 00000000 00:00 0 
7f2b3e6cc000-7f2b3e7ca000 rw-p 00000000 00:00 0 
7f2b3e7ca000-7f2b3e7cd000 ---p 00000000 00:00 0 
7f2b3e7cd000-7f2b8c000000 rw-p 00000000 00:00 0 
7f2b8c000000-7f2b8c421000 rw-p 00000000 00:00 0 
7f2b8c421000-7f2b90000000 ---p 00000000 00:00 0 
7f2b90028000-7f2b92038000 rw-p 00000000 00:00 0 
7f2b92238000-7f2b92338000 rw-s b1821000 00:05 10798                      /dev/nvidia0
7f2b92438000-7f2b92638000 rw-s b59fe000 00:05 10798                      /dev/nvidia0
7f2b92638000-7f2b92738000 rw-s c0a68000 00:05 10798                      /dev/nvidia0
7f2b92738000-7f2b927b6000 rw-p 00000000 00:00 0 
7f2b927b6000-7f2b93d8b000 r-xp 00000000 08:15 1569894                    /usr/lib/libnvidia-glcore.so.275.21
7f2b93d8b000-7f2b93f8b000 ---p 015d5000 08:15 1569894                    /usr/lib/libnvidia-glcore.so.275.21
7f2b93f8b000-7f2b945c6000 rwxp 015d5000 08:15 1569894                    /usr/lib/libnvidia-glcore.so.275.21
7f2b945c6000-7f2b945de000 rwxp 00000000 00:00 0 
7f2b945de000-7f2b945e1000 r-xp 00000000 08:15 1570342                    /usr/lib/tls/libnvidia-tls.so.275.21
7f2b945e1000-7f2b947e0000 ---p 00003000 08:15 1570342                    /usr/lib/tls/libnvidia-tls.so.275.21
7f2b947e0000-7f2b947e1000 rw-p 00002000 08:15 1570342                    /usr/lib/tls/libnvidia-tls.so.275.21
7f2b947e1000-7f2b948a1000 r-xp 00000000 08:15 1570075                    /usr/lib/libGL.so.275.21
7f2b948a1000-7f2b94aa0000 ---p 000c0000 08:15 1570075                    /usr/lib/libGL.so.275.21
7f2b94aa0000-7f2b94adb000 rwxp 000bf000 08:15 1570075                    /usr/lib/libGL.so.275.21
7f2b94adb000-7f2b94af1000 rwxp 00000000 00:00 0 
7f2b94af1000-7f2b94af4000 ---p 00000000 00:00 0 
7f2b94af4000-7f2b94bf2000 rw-p 00000000 00:00 0 
7f2b94bf2000-7f2b94bf3000 ---p 00000000 00:00 0 
7f2b94bf3000-7f2b953f3000 rw-p 00000000 00:00 0 
7f2b993f4000-7f2b993f5000 ---p 00000000 00:00 0 
7f2b993f5000-7f2b99bf5000 rw-p 00000000 00:00 0 
7f2b99bf5000-7f2b99bfb000 r-xp 00000000 08:15 1573092                    /usr/lib/libogg.so.0.7.0
7f2b99bfb000-7f2b99dfa000 ---p 00006000 08:15 1573092                    /usr/lib/libogg.so.0.7.0
7f2b99dfa000-7f2b99dfb000 r--p 00005000 08:15 1573092                    /usr/lib/libogg.so.0.7.0
7f2b99dfb000-7f2b99dfc000 rw-p 00006000 08:15 1573092                    /usr/lib/libogg.so.0.7.0
7f2b99dfc000-7f2b99e27000 r-xp 00000000 08:15 1582648                    /usr/lib/libvorbis.so.0.4.5
7f2b99e27000-7f2b9a026000 ---p 0002b000 08:15 1582648                    /usr/lib/libvorbis.so.0.4.5
7f2b9a026000-7f2b9a027000 r--p 0002a000 08:15 1582648                    /usr/lib/libvorbis.so.0.4.5
7f2b9a027000-7f2b9a028000 rw-p 0002b000 08:15 1582648                    /usr/lib/libvorbis.so.0.4.5
7f2b9a028000-7f2b9a2db000 r-xp 00000000 08:15 1573212                    /usr/lib/libvorbisenc.so.2.0.8
7f2b9a2db000-7f2b9a4da000 ---p 002b3000 08:15 1573212                    /usr/lib/libvorbisenc.so.2.0.8
7f2b9a4da000-7f2b9a4f6000 r--p 002b2000 08:15 1573212                    /usr/lib/libvorbisenc.so.2.0.8
7f2b9a4f6000-7f2b9a4f7000 rw-p 002ce000 08:15 1573212                    /usr/lib/libvorbisenc.so.2.0.8
7f2b9a4f7000-7f2b9a53f000 r-xp 00000000 08:15 1570101                    /usr/lib/libFLAC.so.8.2.0
7f2b9a53f000-7f2b9a73f000 ---p 00048000 08:15 1570101                    /usr/lib/libFLAC.so.8.2.0
7f2b9a73f000-7f2b9a740000 r--p 00048000 08:15 1570101                    /usr/lib/libFLAC.so.8.2.0
7f2b9a740000-7f2b9a741000 rw-p 00049000 08:15 1570101                    /usr/lib/libFLAC.so.8.2.0
7f2b9a741000-7f2b9a7a2000 r-xp 00000000 08:15 1574433                    /usr/lib/libsndfile.so.1.0.23
7f2b9a7a2000-7f2b9a9a2000 ---p 00061000 08:15 1574433                    /usr/lib/libsndfile.so.1.0.23
7f2b9a9a2000-7f2b9a9a4000 r--p 00061000 08:15 1574433                    /usr/lib/libsndfile.so.1.0.23
7f2b9a9a4000-7f2b9a9a5000 rw-p 00063000 08:15 1574433                    /usr/lib/libsndfile.so.1.0.23
7f2b9a9a5000-7f2b9a9a9000 rw-p 00000000 00:00 0 
7f2b9a9a9000-7f2b9a9b1000 r-xp 00000000 08:15 538930                     /lib/libwrap.so.0.7.6
7f2b9a9b1000-7f2b9abb1000 ---p 00008000 08:15 538930                     /lib/libwrap.so.0.7.6
7f2b9abb1000-7f2b9abb2000 r--p 00008000 08:15 538930                     /lib/libwrap.so.0.7.6
7f2b9abb2000-7f2b9abb3000 rw-p 00009000 08:15 538930                     /lib/libwrap.so.0.7.6
7f2b9abb3000-7f2b9abb4000 rw-p 00000000 00:00 0 
7f2b9abb4000-7f2b9abb8000 r-xp 00000000 08:15 534738                     /lib/x86_64-linux-gnu/libuuid.so.1.3.0
7f2b9abb8000-7f2b9adb7000 ---p 00004000 08:15 534738                     /lib/x86_64-linux-gnu/libuuid.so.1.3.0
7f2b9adb7000-7f2b9adb8000 r--p 00003000 08:15 534738                     /lib/x86_64-linux-gnu/libuuid.so.1.3.0
7f2b9adb8000-7f2b9adb9000 rw-p 00004000 08:15 534738                     /lib/x86_64-linux-gnu/libuuid.so.1.3.0
7f2b9adb9000-7f2b9adfb000 r-xp 00000000 08:15 526020                     /lib/x86_64-linux-gnu/libdbus-1.so.3.5.4
7f2b9adfb000-7f2b9affb000 ---p 00042000 08:15 526020                     /lib/x86_64-linux-gnu/libdbus-1.so.3.5.4
7f2b9affb000-7f2b9affc000 r--p 00042000 08:15 526020                     /lib/x86_64-linux-gnu/libdbus-1.so.3.5.4
7f2b9affc000-7f2b9affd000 rw-p 00043000 08:15 526020                     /lib/x86_64-linux-gnu/libdbus-1.so.3.5.4
7f2b9affd000-7f2b9b048000 r-xp 00000000 08:15 1580900                    /usr/lib/libpulsecommon-0.9.22.so
7f2b9b048000-7f2b9b247000 ---p 0004b000 08:15 1580900                    /usr/lib/libpulsecommon-0.9.22.so
7f2b9b247000-7f2b9b248000 r--p 0004a000 08:15 1580900                    /usr/lib/libpulsecommon-0.9.22.so
7f2b9b248000-7f2b9b249000 rw-p 0004b000 08:15 1580900                    /usr/lib/libpulsecommon-0.9.22.so
7f2b9b249000-7f2b9b24c000 r-xp 00000000 08:15 1573582                    /usr/lib/libxcb-atom.so.1.0.0
7f2b9b24c000-7f2b9b44c000 ---p 00003000 08:15 1573582                    /usr/lib/libxcb-atom.so.1.0.0
7f2b9b44c000-7f2b9b44d000 r--p 00003000 08:15 1573582                    /usr/lib/libxcb-atom.so.1.0.0
7f2b9b44d000-7f2b9b44e000 rw-p 00004000 08:15 1573582                    /usr/lib/libxcb-atom.so.1.0.0
7f2b9b44e000-7f2b9b455000 r-xp 00000000 08:15 1578963                    /usr/lib/x86_64-linux-gnu/libSM.so.6.0.1
7f2b9b455000-7f2b9b654000 ---p 00007000 08:15 1578963                    /usr/lib/x86_64-linux-gnu/libSM.so.6.0.1
7f2b9b654000-7f2b9b655000 r--p 00006000 08:15 1578963                    /usr/lib/x86_64-linux-gnu/libSM.so.6.0.1
7f2b9b655000-7f2b9b656000 rw-p 00007000 08:15 1578963                    /usr/lib/x86_64-linux-gnu/libSM.so.6.0.1
7f2b9b656000-7f2b9b66c000 r-xp 00000000 08:15 1571606                    /usr/lib/x86_64-linux-gnu/libICE.so.6.3.0
7f2b9b66c000-7f2b9b86c000 ---p 00016000 08:15 1571606                    /usr/lib/x86_64-linux-gnu/libICE.so.6.3.0
7f2b9b86c000-7f2b9b86d000 r--p 00016000 08:15 1571606                    /usr/lib/x86_64-linux-gnu/libICE.so.6.3.0
7f2b9b86d000-7f2b9b86e000 rw-p 00017000 08:15 1571606                    /usr/lib/x86_64-linux-gnu/libICE.so.6.3.0
7f2b9b86e000-7f2b9b871000 rw-p 00000000 00:00 0 
7f2b9b871000-7f2b9b872000 r-xp 00000000 08:15 1570508                    /usr/lib/x86_64-linux-gnu/libX11-xcb.so.1.0.0
7f2b9b872000-7f2b9ba71000 ---p 00001000 08:15 1570508                    /usr/lib/x86_64-linux-gnu/libX11-xcb.so.1.0.0
7f2b9ba71000-7f2b9ba72000 r--p 00000000 08:15 1570508                    /usr/lib/x86_64-linux-gnu/libX11-xcb.so.1.0.0
7f2b9ba72000-7f2b9ba73000 rw-p 00001000 08:15 1570508                    /usr/lib/x86_64-linux-gnu/libX11-xcb.so.1.0.0
7f2b9ba73000-7f2b9bab3000 r-xp 00000000 08:15 1573921                    /usr/lib/libpulse.so.0.12.3
7f2b9bab3000-7f2b9bcb2000 ---p 00040000 08:15 1573921                    /usr/lib/libpulse.so.0.12.3
7f2b9bcb2000-7f2b9bcb3000 r--p 0003f000 08:15 1573921                    /usr/lib/libpulse.so.0.12.3
7f2b9bcb3000-7f2b9bcb4000 rw-p 00040000 08:15 1573921                    /usr/lib/libpulse.so.0.12.3
7f2b9bcb4000-7f2b9bd00000 r-xp 00000000 08:15 532443                     /tmp/libgdx/3523710564/libopenal64.so
7f2b9bd00000-7f2b9beff000 ---p 0004c000 08:15 532443                     /tmp/libgdx/3523710564/libopenal64.so
7f2b9beff000-7f2b9bf01000 r--p 0004b000 08:15 532443                     /tmp/libgdx/3523710564/libopenal64.so
7f2b9bf01000-7f2b9bf02000 rw-p 0004d000 08:15 532443                     /tmp/libgdx/3523710564/libopenal64.so
7f2b9bf02000-7f2b9bf03000 rw-p 00000000 00:00 0 
7f2b9bf03000-7f2b9bf04000 r-xp 00000000 08:15 1597389                    /usr/lib/jvm/java-6-openjdk/jre/lib/amd64/libjawt.so
7f2b9bf04000-7f2b9c103000 ---p 00001000 08:15 1597389                    /usr/lib/jvm/java-6-openjdk/jre/lib/amd64/libjawt.so
7f2b9c103000-7f2b9c104000 r--p 00000000 08:15 1597389                    /usr/lib/jvm/java-6-openjdk/jre/lib/amd64/libjawt.so
7f2b9c104000-7f2b9c105000 rw-p 00001000 08:15 1597389                    /usr/lib/jvm/java-6-openjdk/jre/lib/amd64/libjawt.so
7f2b9c105000-7f2b9c10a000 r-xp 00000000 08:15 1581972                    /usr/lib/x86_64-linux-gnu/libXxf86vm.so.1.0.0
7f2b9c10a000-7f2b9c309000 ---p 00005000 08:15 1581972                    /usr/lib/x86_64-linux-gnu/libXxf86vm.so.1.0.0
7f2b9c309000-7f2b9c30a000 r--p 00004000 08:15 1581972                    /usr/lib/x86_64-linux-gnu/libXxf86vm.so.1.0.0
7f2b9c30a000-7f2b9c30b000 rw-p 00005000 08:15 1581972                    /usr/lib/x86_64-linux-gnu/libXxf86vm.so.1.0.0
7f2b9c30b000-7f2b9c384000 r-xp 00000000 08:15 532585                     /tmp/libgdx/3523710564/liblwjgl64.so
7f2b9c384000-7f2b9c584000 ---p 00079000 08:15 532585                     /tmp/libgdx/3523710564/liblwjgl64.so
7f2b9c584000-7f2b9c586000 r--p 00079000 08:15 532585                     /tmp/libgdx/3523710564/liblwjgl64.so
7f2b9c586000-7f2b9c587000 rw-p 0007b000 08:15 532585                     /tmp/libgdx/3523710564/liblwjgl64.so
7f2b9c587000-7f2b9c58a000 ---p 00000000 00:00 0 
7f2b9c58a000-7f2b9c688000 rw-p 00000000 00:00 0 
7f2b9c688000-7f2b9c68d000 r-xp 00000000 08:15 1570859                    /usr/lib/x86_64-linux-gnu/libXfixes.so.3.1.0
7f2b9c68d000-7f2b9c88c000 ---p 00005000 08:15 1570859                    /usr/lib/x86_64-linux-gnu/libXfixes.so.3.1.0
7f2b9c88c000-7f2b9c88d000 r--p 00004000 08:15 1570859                    /usr/lib/x86_64-linux-gnu/libXfixes.so.3.1.0
7f2b9c88d000-7f2b9c88e000 rw-p 00005000 08:15 1570859                    /usr/lib/x86_64-linux-gnu/libXfixes.so.3.1.0
7f2b9c88e000-7f2b9c897000 r-xp 00000000 08:15 1573929                    /usr/lib/x86_64-linux-gnu/libXcursor.so.1.0.2
7f2b9c897000-7f2b9ca96000 ---p 00009000 08:15 1573929                    /usr/lib/x86_64-linux-gnu/libXcursor.so.1.0.2
7f2b9ca96000-7f2b9ca97000 r--p 00008000 08:15 1573929                    /usr/lib/x86_64-linux-gnu/libXcursor.so.1.0.2
7f2b9ca97000-7f2b9ca98000 rw-p 00009000 08:15 1573929                    /usr/lib/x86_64-linux-gnu/libXcursor.so.1.0.2
7f2b9ca98000-7f2b9cb26000 r-xp 00000000 08:15 532402                     /tmp/libgdx/3523710564/libgdx-64.so
7f2b9cb26000-7f2b9cd26000 ---p 0008e000 08:15 532402                     /tmp/libgdx/3523710564/libgdx-64.so
7f2b9cd26000-7f2b9cd27000 r--p 0008e000 08:15 532402                     /tmp/libgdx/3523710564/libgdx-64.so
7f2b9cd27000-7f2b9cd28000 rw-p 0008f000 08:15 532402                     /tmp/libgdx/3523710564/libgdx-64.so
7f2b9cd28000-7f2b9cd2b000 rw-p 00000000 00:00 0 
7f2b9cd2b000-7f2b9cd2c000 r--s 00000000 08:15 532633                     /var/cache/fontconfig/26de28bc8622bbc1fb67fd234c21975f-le64.cache-3
7f2b9cd2c000-7f2b9cd2d000 r--s 00000000 08:15 554485                     /var/cache/fontconfig/c05880de57d1f5e948fdfacc138775d9-le64.cache-3
7f2b9cd2d000-7f2b9cd36000 r--s 00000000 08:15 527845                     /var/cache/fontconfig/945677eb7aeaf62f1d50efc3fb3ec7d8-le64.cache-3
7f2b9cd36000-7f2b9cd38000 r--s 00000000 08:15 554480                     /var/cache/fontconfig/99e8ed0e538f840c565b6ed5dad60d56-le64.cache-3
7f2b9cd38000-7f2b9cd66000 r--s 00000000 08:15 554435                     /var/cache/fontconfig/365b55f210c0a22e9a19e35191240f32-le64.cache-3
7f2b9cd79000-7f2b9cd7b000 rw-s 00000000 08:15 525025                     /tmp/glEl1GBK (deleted)
7f2b9cd7b000-7f2b9cd7f000 rw-s b18fb000 00:05 10798                      /dev/nvidia0
7f2b9cd7f000-7f2b9cd80000 rw-s e0005000 00:05 10798                      /dev/nvidia0
7f2b9cd80000-7f2b9cdc0000 rw-s 9a228000 00:05 10798                      /dev/nvidia0
7f2b9cde0000-7f2b9cde3000 ---p 00000000 00:00 0 
7f2b9cde3000-7f2b9cee1000 rw-p 00000000 00:00 0 
7f2b9cee1000-7f2b9cee2000 r--s 00000000 08:15 532633                     /var/cache/fontconfig/26de28bc8622bbc1fb67fd234c21975f-le64.cache-3
7f2b9cee2000-7f2b9cee3000 r--s 00000000 08:15 554485                     /var/cache/fontconfig/c05880de57d1f5e948fdfacc138775d9-le64.cache-3
7f2b9cee3000-7f2b9ceec000 r--s 00000000 08:15 527845                     /var/cache/fontconfig/945677eb7aeaf62f1d50efc3fb3ec7d8-le64.cache-3
7f2b9ceec000-7f2b9ceee000 r--s 00000000 08:15 554480                     /var/cache/fontconfig/99e8ed0e538f840c565b6ed5dad60d56-le64.cache-3
7f2b9ceee000-7f2b9cef1000 r--s 00000000 08:15 554411                     /var/cache/fontconfig/f24b2111ab8703b4e963115a8cf14259-le64.cache-3
7f2b9cef1000-7f2b9cef4000 r--s 00000000 08:15 554479                     /var/cache/fontconfig/e383d7ea5fbe662a33d9b44caf393297-le64.cache-3
7f2b9cef4000-7f2b9cef7000 r--s 00000000 08:15 554477                     /var/cache/fontconfig/2cd17615ca594fa2959ae173292e504c-le64.cache-3
7f2b9cef7000-7f2b9cef8000 r--s 00000000 08:15 554471                     /var/cache/fontconfig/e7071f4a29fa870f4323321c154eba04-le64.cache-3
7f2b9cef8000-7f2b9cefc000 r--s 00000000 08:15 554470                     /var/cache/fontconfig/6eb3985aa4124903f6ff08ba781cd364-le64.cache-3
7f2b9cefc000-7f2b9cefd000 r--s 00000000 08:15 554466                     /var/cache/fontconfig/4c73fe0c47614734b17d736dbde7580a-le64.cache-3
7f2b9cefd000-7f2b9cefe000 r--s 00000000 08:15 554459                     /var/cache/fontconfig/0d8c3b2ac0904cb8a57a757ad11a4a08-le64.cache-3
7f2b9cefe000-7f2b9ceff000 r--s 00000000 08:15 554454                     /var/cache/fontconfig/6a53c69dea097a2d716e069445527da8-le64.cache-3
7f2b9ceff000-7f2b9cf04000 r--s 00000000 08:15 554453                     /var/cache/fontconfig/062808c12e6e608270f93bb230aed730-le64.cache-3
7f2b9cf04000-7f2b9cf0a000 r--s 00000000 08:15 554429                     /var/cache/fontconfig/a755afe4a08bf5b97852ceb7400b47bc-le64.cache-3
7f2b9cf0a000-7f2b9cf0f000 r--s 00000000 08:15 554452                     /var/cache/fontconfig/515ca1ebc4b18308bea979be5704f9db-le64.cache-3
7f2b9cf0f000-7f2b9cf18000 r--s 00000000 08:15 554448                     /var/cache/fontconfig/6d41288fd70b0be22e8c3a91e032eec0-le64.cache-3
7f2b9cf18000-7f2b9cf28000 r--s 00000000 08:15 554447                     /var/cache/fontconfig/0f34bcd4b6ee430af32735b75db7f02b-le64.cache-3
7f2b9cf28000-7f2b9cf2b000 r--s 00000000 08:15 554441                     /var/cache/fontconfig/d60319d88cac85ba9e1a07bd06cfbb8c-le64.cache-3
7f2b9cf2b000-7f2b9cf2c000 r--s 00000000 08:15 529070                     /var/cache/fontconfig/4794a0821666d79190d59a36cb4f44b5-le64.cache-3
7f2b9cf2c000-7f2b9cf5a000 r--s 00000000 08:15 554435                     /var/cache/fontconfig/365b55f210c0a22e9a19e35191240f32-le64.cache-3
7f2b9cf5a000-7f2b9cf64000 r--s 00000000 08:15 554433                     /var/cache/fontconfig/d52a8644073d54c13679302ca1180695-le64.cache-3
7f2b9cf64000-7f2b9cf65000 rw-s 9a2cf000 00:05 10798                      /dev/nvidia0
7f2b9cf65000-7f2b9cf6d000 r-xp 00000000 08:15 1581969                    /usr/lib/x86_64-linux-gnu/libXrandr.so.2.2.0
7f2b9cf6d000-7f2b9d16c000 ---p 00008000 08:15 1581969                    /usr/lib/x86_64-linux-gnu/libXrandr.so.2.2.0
7f2b9d16c000-7f2b9d16d000 r--p 00007000 08:15 1581969                    /usr/lib/x86_64-linux-gnu/libXrandr.so.2.2.0
7f2b9d16d000-7f2b9d16e000 rw-p 00008000 08:15 1581969                    /usr/lib/x86_64-linux-gnu/libXrandr.so.2.2.0
7f2b9d16e000-7f2b9d172000 rw-s ad85c000 00:05 10798                      /dev/nvidia0
7f2b9d172000-7f2b9d173000 rw-s f8c08000 00:05 10798                      /dev/nvidia0
7f2b9d173000-7f2b9d174000 rw-s f8641000 00:05 10798                      /dev/nvidia0
7f2b9d174000-7f2b9d175000 rw-s 117085000 00:05 10798                     /dev/nvidia0
7f2b9d175000-7f2b9d176000 rw-s b19d4000 00:05 10798                      /dev/nvidia0
7f2b9d176000-7f2b9d177000 rw-s f8060000 00:05 10798                      /dev/nvidia0
7f2b9d177000-7f2b9d192000 rw-s 1148a0000 00:05 10798                     /dev/nvidia0
7f2b9d192000-7f2b9d193000 r--p 00000000 00:00 0 
7f2b9d193000-7f2b9d19a000 r--s 000fb000 08:15 1597348                    /usr/lib/jvm/java-6-openjdk/jre/lib/resources.jar
7f2b9d19a000-7f2b9d19b000 r--s 00000000 08:15 554418                     /var/cache/fontconfig/ec648e9a1aea82bddd4bd6050028158d-le64.cache-3
7f2b9d19b000-7f2b9d1ae000 r--s 00000000 08:15 538224                     /var/cache/fontconfig/e13b20fdb08344e0e664864cc2ede53d-le64.cache-3
7f2b9d1ae000-7f2b9d1b2000 r--s 00000000 08:15 538228                     /var/cache/fontconfig/7ef2298fde41cc6eeb7af42e48b7d293-le64.cache-3
7f2b9d1b2000-7f2b9d1c6000 r--s 00000000 08:15 527842                     /var/cache/fontconfig/865f88548240fee46819705c6468c165-le64.cache-3
7f2b9d1c6000-7f2b9d1c9000 ---p 00000000 00:00 0 
7f2b9d1c9000-7f2b9d2c7000 rw-p 00000000 00:00 0 
7f2b9d2c7000-7f2b9d35a000 r-xp 00000000 08:15 1572891                    /usr/lib/x86_64-linux-gnu/libfreetype.so.6.6.2
7f2b9d35a000-7f2b9d559000 ---p 00093000 08:15 1572891                    /usr/lib/x86_64-linux-gnu/libfreetype.so.6.6.2
7f2b9d559000-7f2b9d55f000 r--p 00092000 08:15 1572891                    /usr/lib/x86_64-linux-gnu/libfreetype.so.6.6.2
7f2b9d55f000-7f2b9d560000 rw-p 00098000 08:15 1572891                    /usr/lib/x86_64-linux-gnu/libfreetype.so.6.6.2
7f2b9d560000-7f2b9d599000 r-xp 00000000 08:15 1597379                    /usr/lib/jvm/java-6-openjdk/jre/lib/amd64/libfontmanager.so
7f2b9d599000-7f2b9d798000 ---p 00039000 08:15 1597379                    /usr/lib/jvm/java-6-openjdk/jre/lib/amd64/libfontmanager.so
7f2b9d798000-7f2b9d79a000 r--p 00038000 08:15 1597379                    /usr/lib/jvm/java-6-openjdk/jre/lib/amd64/libfontmanager.so
7f2b9d79a000-7f2b9d79b000 rw-p 0003a000 08:15 1597379                    /usr/lib/jvm/java-6-openjdk/jre/lib/amd64/libfontmanager.so
7f2b9d79b000-7f2b9d7a0000 r-xp 00000000 08:15 1573561                    /usr/lib/x86_64-linux-gnu/libXdmcp.so.6.0.0
7f2b9d7a0000-7f2b9d99f000 ---p 00005000 08:15 1573561                    /usr/lib/x86_64-linux-gnu/libXdmcp.so.6.0.0
7f2b9d99f000-7f2b9d9a0000 r--p 00004000 08:15 1573561                    /usr/lib/x86_64-linux-gnu/libXdmcp.so.6.0.0
7f2b9d9a0000-7f2b9d9a1000 rw-p 00005000 08:15 1573561                    /usr/lib/x86_64-linux-gnu/libXdmcp.so.6.0.0
7f2b9d9a1000-7f2b9d9a3000 r-xp 00000000 08:15 1570542                    /usr/lib/x86_64-linux-gnu/libXau.so.6.0.0
7f2b9d9a3000-7f2b9dba2000 ---p 00002000 08:15 1570542                    /usr/lib/x86_64-linux-gnu/libXau.so.6.0.0
7f2b9dba2000-7f2b9dba3000 r--p 00001000 08:15 1570542                    /usr/lib/x86_64-linux-gnu/libXau.so.6.0.0
7f2b9dba3000-7f2b9dba4000 rw-p 00002000 08:15 1570542                    /usr/lib/x86_64-linux-gnu/libXau.so.6.0.0
7f2b9dba4000-7f2b9dbbf000 r-xp 00000000 08:15 1572615                    /usr/lib/x86_64-linux-gnu/libxcb.so.1.1.0
7f2b9dbbf000-7f2b9ddbe000 ---p 0001b000 08:15 1572615                    /usr/lib/x86_64-linux-gnu/libxcb.so.1.1.0
7f2b9ddbe000-7f2b9ddbf000 r--p 0001a000 08:15 1572615                    /usr/lib/x86_64-linux-gnu/libxcb.so.1.1.0
7f2b9ddbf000-7f2b9ddc0000 rw-p 0001b000 08:15 1572615                    /usr/lib/x86_64-linux-gnu/libxcb.so.1.1.0
7f2b9ddc0000-7f2b9ddcf000 r-xp 00000000 08:15 1613065                    /usr/lib/x86_64-linux-gnu/libXi.so.6.1.0
7f2b9ddcf000-7f2b9dfce000 ---p 0000f000 08:15 1613065                    /usr/lib/x86_64-linux-gnu/libXi.so.6.1.0
7f2b9dfce000-7f2b9dfcf000 r--p 0000e000 08:15 1613065                    /usr/lib/x86_64-linux-gnu/libXi.so.6.1.0
7f2b9dfcf000-7f2b9dfd0000 rw-p 0000f000 08:15 1613065                    /usr/lib/x86_64-linux-gnu/libXi.so.6.1.0
7f2b9dfd0000-7f2b9dfd5000 r-xp 00000000 08:15 1572606                    /usr/lib/libXtst.so.6.1.0
7f2b9dfd5000-7f2b9e1d4000 ---p 00005000 08:15 1572606                    /usr/lib/libXtst.so.6.1.0
7f2b9e1d4000-7f2b9e1d5000 r--p 00004000 08:15 1572606                    /usr/lib/libXtst.so.6.1.0
7f2b9e1d5000-7f2b9e1d6000 rw-p 00005000 08:15 1572606                    /usr/lib/libXtst.so.6.1.0
7f2b9e1d6000-7f2b9e1df000 r-xp 00000000 08:15 1570620                    /usr/lib/x86_64-linux-gnu/libXrender.so.1.3.0
7f2b9e1df000-7f2b9e3df000 ---p 00009000 08:15 1570620                    /usr/lib/x86_64-linux-gnu/libXrender.so.1.3.0
7f2b9e3df000-7f2b9e3e0000 r--p 00009000 08:15 1570620                    /usr/lib/x86_64-linux-gnu/libXrender.so.1.3.0
7f2b9e3e0000-7f2b9e3e1000 rw-p 0000a000 08:15 1570620                    /usr/lib/x86_64-linux-gnu/libXrender.so.1.3.0
7f2b9e3e1000-7f2b9e516000 r-xp 00000000 08:15 1573591                    /usr/lib/x86_64-linux-gnu/libX11.so.6.3.0
7f2b9e516000-7f2b9e716000 ---p 00135000 08:15 1573591                    /usr/lib/x86_64-linux-gnu/libX11.so.6.3.0
7f2b9e716000-7f2b9e717000 r--p 00135000 08:15 1573591                    /usr/lib/x86_64-linux-gnu/libX11.so.6.3.0
7f2b9e717000-7f2b9e71b000 rw-p 00136000 08:15 1573591                    /usr/lib/x86_64-linux-gnu/libX11.so.6.3.0
7f2b9e71b000-7f2b9e72c000 r-xp 00000000 08:15 1571673                    /usr/lib/x86_64-linux-gnu/libXext.so.6.4.0
7f2b9e72c000-7f2b9e92b000 ---p 00011000 08:15 1571673                    /usr/lib/x86_64-linux-gnu/libXext.so.6.4.0
7f2b9e92b000-7f2b9e92c000 r--p 00010000 08:15 1571673                    /usr/lib/x86_64-linux-gnu/libXext.so.6.4.0
7f2b9e92c000-7f2b9e92d000 rw-p 00011000 08:15 1571673                    /usr/lib/x86_64-linux-gnu/libXext.so.6.4.0
7f2b9e92d000-7f2b9e92e000 r--s 00000000 08:15 554466                     /var/cache/fontconfig/4c73fe0c47614734b17d736dbde7580a-le64.cache-3
7f2b9e92e000-7f2b9e92f000 r--s 00000000 08:15 554459                     /var/cache/fontconfig/0d8c3b2ac0904cb8a57a757ad11a4a08-le64.cache-3
7f2b9e92f000-7f2b9e930000 r--s 00000000 08:15 554454                     /var/cache/fontconfig/6a53c69dea097a2d716e069445527da8-le64.cache-3
7f2b9e930000-7f2b9e935000 r--s 00000000 08:15 554453                     /var/cache/fontconfig/062808c12e6e608270f93bb230aed730-le64.cache-3
7f2b9e935000-7f2b9e93b000 r--s 00000000 08:15 554429                     /var/cache/fontconfig/a755afe4a08bf5b97852ceb7400b47bc-le64.cache-3
7f2b9e93b000-7f2b9e940000 r--s 00000000 08:15 554452                     /var/cache/fontconfig/515ca1ebc4b18308bea979be5704f9db-le64.cache-3
7f2b9e940000-7f2b9e949000 r--s 00000000 08:15 554448                     /var/cache/fontconfig/6d41288fd70b0be22e8c3a91e032eec0-le64.cache-3
7f2b9e949000-7f2b9e959000 r--s 00000000 08:15 554447                     /var/cache/fontconfig/0f34bcd4b6ee430af32735b75db7f02b-le64.cache-3
7f2b9e959000-7f2b9e9a4000 r-xp 00000000 08:15 1597420                    /usr/lib/jvm/java-6-openjdk/jre/lib/amd64/xawt/libmawt.so
7f2b9e9a4000-7f2b9eba4000 ---p 0004b000 08:15 1597420                    /usr/lib/jvm/java-6-openjdk/jre/lib/amd64/xawt/libmawt.so
7f2b9eba4000-7f2b9eba5000 r--p 0004b000 08:15 1597420                    /usr/lib/jvm/java-6-openjdk/jre/lib/amd64/xawt/libmawt.so
7f2b9eba5000-7f2b9eba8000 rw-p 0004c000 08:15 1597420                    /usr/lib/jvm/java-6-openjdk/jre/lib/amd64/xawt/libmawt.so
7f2b9eba8000-7f2b9eba9000 rw-p 00000000 00:00 0 
7f2b9eba9000-7f2b9ec52000 r-xp 00000000 08:15 1597388                    /usr/lib/jvm/java-6-openjdk/jre/lib/amd64/libawt.so
7f2b9ec52000-7f2b9ee51000 ---p 000a9000 08:15 1597388                    /usr/lib/jvm/java-6-openjdk/jre/lib/amd64/libawt.so
7f2b9ee51000-7f2b9ee52000 r--p 000a8000 08:15 1597388                    /usr/lib/jvm/java-6-openjdk/jre/lib/amd64/libawt.so
7f2b9ee52000-7f2b9ee5d000 rw-p 000a9000 08:15 1597388                    /usr/lib/jvm/java-6-openjdk/jre/lib/amd64/libawt.so
7f2b9ee5d000-7f2b9ee82000 rw-p 00000000 00:00 0 
7f2b9ee82000-7f2b9ee93000 r--s 0011a000 08:15 1339891                    /home/bompo/git/mgcube/libs/gdx-backend-lwjgl.jar
7f2b9ee93000-7f2b9ee94000 r--s 00007000 08:15 1326708                    /home/bompo/git/mgcube/libs/gdx-backend-lwjgl-sources.jar
7f2b9ee94000-7f2b9ee95000 r--s 00127000 08:15 1315805                    /home/bompo/git/mgcube/libs/gdx-backend-lwjgl-natives.jar
7f2b9ee95000-7f2b9ee99000 r--s 0007c000 08:15 1597316                    /usr/lib/jvm/java-6-openjdk/jre/lib/jsse.jar
7f2b9ee99000-7f2b9eea4000 r--s 00096000 08:15 1339890                    /home/bompo/git/mgcube/libs/gdx.jar
7f2b9eea4000-7f2b9eeac000 r--s 0007b000 08:15 1339556                    /home/bompo/git/mgcube/libs/gdx-sources.jar
7f2b9eeac000-7f2b9eead000 r--s 001a8000 08:15 1328895                    /home/bompo/git/mgcube/libs/gdx-natives.jar
7f2b9eead000-7f2b9eeb5000 r--s 00066000 08:15 1721290                    /usr/share/java/gnome-java-bridge.jar
7f2b9eeb5000-7f2b9eeb8000 r--s 0000f000 08:15 1597341                    /usr/lib/jvm/java-6-openjdk/jre/lib/ext/pulse-java.jar
7f2b9eeb8000-7f2b9eeb9000 ---p 00000000 00:00 0 
7f2b9eeb9000-7f2b9efb9000 rw-p 00000000 00:00 0 
7f2b9efb9000-7f2b9efbc000 ---p 00000000 00:00 0 
7f2b9efbc000-7f2b9f0ba000 rw-p 00000000 00:00 0 
7f2b9f0ba000-7f2b9f0bd000 ---p 00000000 00:00 0 
7f2b9f0bd000-7f2b9f1bb000 rw-p 00000000 00:00 0 
7f2b9f1bb000-7f2b9f1be000 ---p 00000000 00:00 0 
7f2b9f1be000-7f2b9f2bc000 rw-p 00000000 00:00 0 
7f2b9f2bc000-7f2b9f2bf000 ---p 00000000 00:00 0 
7f2b9f2bf000-7f2b9f3bd000 rw-p 00000000 00:00 0 
7f2b9f3bd000-7f2b9f7c5000 r--p 00000000 08:15 1570348                    /usr/lib/locale/locale-archive
7f2b9f7c5000-7f2b9f7c8000 ---p 00000000 00:00 0 
7f2b9f7c8000-7f2b9f8c6000 rw-p 00000000 00:00 0 
7f2b9f8c6000-7f2b9f8c9000 ---p 00000000 00:00 0 
7f2b9f8c9000-7f2b9f9c7000 rw-p 00000000 00:00 0 
7f2b9f9c7000-7f2b9f9c8000 ---p 00000000 00:00 0 
7f2b9f9c8000-7f2ba0000000 rw-p 00000000 00:00 0 
7f2ba0000000-7f2ba246e000 rw-p 00000000 00:00 0 
7f2ba246e000-7f2ba4000000 ---p 00000000 00:00 0 
7f2ba4000000-7f2ba4001000 r--s 00000000 08:15 1340105                    /home/bompo/.fontconfig/aa7e4f27e681240d22a1f116cf7520f0-le64.cache-3
7f2ba4001000-7f2ba4004000 r--s 00000000 08:15 554411                     /var/cache/fontconfig/f24b2111ab8703b4e963115a8cf14259-le64.cache-3
7f2ba4004000-7f2ba4007000 r--s 00000000 08:15 554479                     /var/cache/fontconfig/e383d7ea5fbe662a33d9b44caf393297-le64.cache-3
7f2ba4007000-7f2ba400a000 r--s 00000000 08:15 554477                     /var/cache/fontconfig/2cd17615ca594fa2959ae173292e504c-le64.cache-3
7f2ba400a000-7f2ba401d000 r--s 00000000 08:15 538224                     /var/cache/fontconfig/e13b20fdb08344e0e664864cc2ede53d-le64.cache-3
7f2ba401d000-7f2ba41ad000 r--s 037af000 08:15 1597397                    /usr/lib/jvm/java-6-openjdk/jre/lib/rt.jar
7f2ba41ad000-7f2ba41d5000 rw-p 00000000 00:00 0 
7f2ba41d5000-7f2ba41d6000 ---p 00000000 00:00 0 
7f2ba41d6000-7f2ba42d6000 rw-p 00000000 00:00 0 
7f2ba42d6000-7f2ba42d7000 ---p 00000000 00:00 0 
7f2ba42d7000-7f2ba43d7000 rw-p 00000000 00:00 0 
7f2ba43d7000-7f2ba43d8000 ---p 00000000 00:00 0 
7f2ba43d8000-7f2ba44d8000 rw-p 00000000 00:00 0 
7f2ba44d8000-7f2ba44d9000 ---p 00000000 00:00 0 
7f2ba44d9000-7f2ba45e7000 rw-p 00000000 00:00 0 
7f2ba45e7000-7f2ba462c000 rw-p 00000000 00:00 0 
7f2ba462c000-7f2ba468d000 rw-p 00000000 00:00 0 
7f2ba468d000-7f2ba4774000 rw-p 00000000 00:00 0 
7f2ba4774000-7f2ba4782000 rw-p 00000000 00:00 0 
7f2ba4782000-7f2ba47c7000 rw-p 00000000 00:00 0 
7f2ba47c7000-7f2ba4828000 rw-p 00000000 00:00 0 
7f2ba4828000-7f2ba490e000 rw-p 00000000 00:00 0 
7f2ba490e000-7f2ba49b2000 rw-p 00000000 00:00 0 
7f2ba49b2000-7f2ba49b3000 rw-p 00000000 00:00 0 
7f2ba49b3000-7f2ba4c23000 rwxp 00000000 00:00 0 
7f2ba4c23000-7f2ba79b3000 rw-p 00000000 00:00 0 
7f2ba79b3000-7f2ba79ba000 r-xp 00000000 08:15 1597383                    /usr/lib/jvm/java-6-openjdk/jre/lib/amd64/libzip.so
7f2ba79ba000-7f2ba7bb9000 ---p 00007000 08:15 1597383                    /usr/lib/jvm/java-6-openjdk/jre/lib/amd64/libzip.so
7f2ba7bb9000-7f2ba7bba000 r--p 00006000 08:15 1597383                    /usr/lib/jvm/java-6-openjdk/jre/lib/amd64/libzip.so
7f2ba7bba000-7f2ba7bbb000 rw-p 00007000 08:15 1597383                    /usr/lib/jvm/java-6-openjdk/jre/lib/amd64/libzip.so
7f2ba7bbb000-7f2ba7bc7000 r-xp 00000000 08:15 535712                     /lib/x86_64-linux-gnu/libnss_files-2.13.so
7f2ba7bc7000-7f2ba7dc6000 ---p 0000c000 08:15 535712                     /lib/x86_64-linux-gnu/libnss_files-2.13.so
7f2ba7dc6000-7f2ba7dc7000 r--p 0000b000 08:15 535712                     /lib/x86_64-linux-gnu/libnss_files-2.13.so
7f2ba7dc7000-7f2ba7dc8000 rw-p 0000c000 08:15 535712                     /lib/x86_64-linux-gnu/libnss_files-2.13.so
7f2ba7dc8000-7f2ba7dd3000 r-xp 00000000 08:15 535714                     /lib/x86_64-linux-gnu/libnss_nis-2.13.so
7f2ba7dd3000-7f2ba7fd2000 ---p 0000b000 08:15 535714                     /lib/x86_64-linux-gnu/libnss_nis-2.13.so
7f2ba7fd2000-7f2ba7fd3000 r--p 0000a000 08:15 535714                     /lib/x86_64-linux-gnu/libnss_nis-2.13.so
7f2ba7fd3000-7f2ba7fd4000 rw-p 0000b000 08:15 535714                     /lib/x86_64-linux-gnu/libnss_nis-2.13.so
7f2ba7fd4000-7f2ba7fdc000 r-xp 00000000 08:15 535710                     /lib/x86_64-linux-gnu/libnss_compat-2.13.so
7f2ba7fdc000-7f2ba81db000 ---p 00008000 08:15 535710                     /lib/x86_64-linux-gnu/libnss_compat-2.13.so
7f2ba81db000-7f2ba81dc000 r--p 00007000 08:15 535710                     /lib/x86_64-linux-gnu/libnss_compat-2.13.so
7f2ba81dc000-7f2ba81dd000 rw-p 00008000 08:15 535710                     /lib/x86_64-linux-gnu/libnss_compat-2.13.so
7f2ba81dd000-7f2ba81f4000 r-xp 00000000 08:15 535709                     /lib/x86_64-linux-gnu/libnsl-2.13.so
7f2ba81f4000-7f2ba83f3000 ---p 00017000 08:15 535709                     /lib/x86_64-linux-gnu/libnsl-2.13.so
7f2ba83f3000-7f2ba83f4000 r--p 00016000 08:15 535709                     /lib/x86_64-linux-gnu/libnsl-2.13.so
7f2ba83f4000-7f2ba83f5000 rw-p 00017000 08:15 535709                     /lib/x86_64-linux-gnu/libnsl-2.13.so
7f2ba83f5000-7f2ba83f7000 rw-p 00000000 00:00 0 
7f2ba83f7000-7f2ba8423000 r-xp 00000000 08:15 1597382                    /usr/lib/jvm/java-6-openjdk/jre/lib/amd64/libjava.so
7f2ba8423000-7f2ba8622000 ---p 0002c000 08:15 1597382                    /usr/lib/jvm/java-6-openjdk/jre/lib/amd64/libjava.so
7f2ba8622000-7f2ba8623000 r--p 0002b000 08:15 1597382                    /usr/lib/jvm/java-6-openjdk/jre/lib/amd64/libjava.so
7f2ba8623000-7f2ba8626000 rw-p 0002c000 08:15 1597382                    /usr/lib/jvm/java-6-openjdk/jre/lib/amd64/libjava.so
7f2ba8626000-7f2ba8634000 r-xp 00000000 08:15 1597368                    /usr/lib/jvm/java-6-openjdk/jre/lib/amd64/libverify.so
7f2ba8634000-7f2ba8833000 ---p 0000e000 08:15 1597368                    /usr/lib/jvm/java-6-openjdk/jre/lib/amd64/libverify.so
7f2ba8833000-7f2ba8835000 r--p 0000d000 08:15 1597368                    /usr/lib/jvm/java-6-openjdk/jre/lib/amd64/libverify.so
7f2ba8835000-7f2ba8836000 rw-p 0000f000 08:15 1597368                    /usr/lib/jvm/java-6-openjdk/jre/lib/amd64/libverify.so
7f2ba8836000-7f2ba883d000 r-xp 00000000 08:15 535724                     /lib/x86_64-linux-gnu/librt-2.13.so
7f2ba883d000-7f2ba8a3c000 ---p 00007000 08:15 535724                     /lib/x86_64-linux-gnu/librt-2.13.so
7f2ba8a3c000-7f2ba8a3d000 r--p 00006000 08:15 535724                     /lib/x86_64-linux-gnu/librt-2.13.so
7f2ba8a3d000-7f2ba8a3e000 rw-p 00007000 08:15 535724                     /lib/x86_64-linux-gnu/librt-2.13.so
7f2ba8a3e000-7f2ba8a53000 r-xp 00000000 08:15 528127                     /lib/x86_64-linux-gnu/libgcc_s.so.1
7f2ba8a53000-7f2ba8c52000 ---p 00015000 08:15 528127                     /lib/x86_64-linux-gnu/libgcc_s.so.1
7f2ba8c52000-7f2ba8c53000 r--p 00014000 08:15 528127                     /lib/x86_64-linux-gnu/libgcc_s.so.1
7f2ba8c53000-7f2ba8c54000 rw-p 00015000 08:15 528127                     /lib/x86_64-linux-gnu/libgcc_s.so.1
7f2ba8c54000-7f2ba8cd8000 r-xp 00000000 08:15 535703                     /lib/x86_64-linux-gnu/libm-2.13.so
7f2ba8cd8000-7f2ba8ed7000 ---p 00084000 08:15 535703                     /lib/x86_64-linux-gnu/libm-2.13.so
7f2ba8ed7000-7f2ba8ed8000 r--p 00083000 08:15 535703                     /lib/x86_64-linux-gnu/libm-2.13.so
7f2ba8ed8000-7f2ba8ed9000 rw-p 00084000 08:15 535703                     /lib/x86_64-linux-gnu/libm-2.13.so
7f2ba8ed9000-7f2ba8fc1000 r-xp 00000000 08:15 1571250                    /usr/lib/x86_64-linux-gnu/libstdc++.so.6.0.14
7f2ba8fc1000-7f2ba91c0000 ---p 000e8000 08:15 1571250                    /usr/lib/x86_64-linux-gnu/libstdc++.so.6.0.14
7f2ba91c0000-7f2ba91c8000 r--p 000e7000 08:15 1571250                    /usr/lib/x86_64-linux-gnu/libstdc++.so.6.0.14
7f2ba91c8000-7f2ba91ca000 rw-p 000ef000 08:15 1571250                    /usr/lib/x86_64-linux-gnu/libstdc++.so.6.0.14
7f2ba91ca000-7f2ba91df000 rw-p 00000000 00:00 0 
7f2ba91df000-7f2ba9b34000 r-xp 00000000 08:15 1597385                    /usr/lib/jvm/java-6-openjdk/jre/lib/amd64/server/libjvm.so
7f2ba9b34000-7f2ba9d33000 ---p 00955000 08:15 1597385                    /usr/lib/jvm/java-6-openjdk/jre/lib/amd64/server/libjvm.so
7f2ba9d33000-7f2ba9db4000 r--p 00954000 08:15 1597385                    /usr/lib/jvm/java-6-openjdk/jre/lib/amd64/server/libjvm.so
7f2ba9db4000-7f2ba9dcf000 rw-p 009d5000 08:15 1597385                    /usr/lib/jvm/java-6-openjdk/jre/lib/amd64/server/libjvm.so
7f2ba9dcf000-7f2ba9df8000 rw-p 00000000 00:00 0 
7f2ba9df8000-7f2ba9f82000 r-xp 00000000 08:15 535697                     /lib/x86_64-linux-gnu/libc-2.13.so
7f2ba9f82000-7f2baa181000 ---p 0018a000 08:15 535697                     /lib/x86_64-linux-gnu/libc-2.13.so
7f2baa181000-7f2baa185000 r--p 00189000 08:15 535697                     /lib/x86_64-linux-gnu/libc-2.13.so
7f2baa185000-7f2baa186000 rw-p 0018d000 08:15 535697                     /lib/x86_64-linux-gnu/libc-2.13.so
7f2baa186000-7f2baa18c000 rw-p 00000000 00:00 0 
7f2baa18c000-7f2baa18e000 r-xp 00000000 08:15 535702                     /lib/x86_64-linux-gnu/libdl-2.13.so
7f2baa18e000-7f2baa38e000 ---p 00002000 08:15 535702                     /lib/x86_64-linux-gnu/libdl-2.13.so
7f2baa38e000-7f2baa38f000 r--p 00002000 08:15 535702                     /lib/x86_64-linux-gnu/libdl-2.13.so
7f2baa38f000-7f2baa390000 rw-p 00003000 08:15 535702                     /lib/x86_64-linux-gnu/libdl-2.13.so
7f2baa390000-7f2baa394000 r-xp 00000000 08:15 1597366                    /usr/lib/jvm/java-6-openjdk/jre/lib/amd64/jli/libjli.so
7f2baa394000-7f2baa593000 ---p 00004000 08:15 1597366                    /usr/lib/jvm/java-6-openjdk/jre/lib/amd64/jli/libjli.so
7f2baa593000-7f2baa594000 r--p 00003000 08:15 1597366                    /usr/lib/jvm/java-6-openjdk/jre/lib/amd64/jli/libjli.so
7f2baa594000-7f2baa595000 rw-p 00004000 08:15 1597366                    /usr/lib/jvm/java-6-openjdk/jre/lib/amd64/jli/libjli.so
7f2baa595000-7f2baa5ad000 r-xp 00000000 08:15 535718                     /lib/x86_64-linux-gnu/libpthread-2.13.so
7f2baa5ad000-7f2baa7ad000 ---p 00018000 08:15 535718                     /lib/x86_64-linux-gnu/libpthread-2.13.so
7f2baa7ad000-7f2baa7ae000 r--p 00018000 08:15 535718                     /lib/x86_64-linux-gnu/libpthread-2.13.so
7f2baa7ae000-7f2baa7af000 rw-p 00019000 08:15 535718                     /lib/x86_64-linux-gnu/libpthread-2.13.so
7f2baa7af000-7f2baa7b3000 rw-p 00000000 00:00 0 
7f2baa7b3000-7f2baa7ca000 r-xp 00000000 08:15 535781                     /lib/x86_64-linux-gnu/libz.so.1.2.3.4
7f2baa7ca000-7f2baa9c9000 ---p 00017000 08:15 535781                     /lib/x86_64-linux-gnu/libz.so.1.2.3.4
7f2baa9c9000-7f2baa9ca000 r--p 00016000 08:15 535781                     /lib/x86_64-linux-gnu/libz.so.1.2.3.4
7f2baa9ca000-7f2baa9cb000 rw-p 00017000 08:15 535781                     /lib/x86_64-linux-gnu/libz.so.1.2.3.4
7f2baa9cb000-7f2baa9ec000 r-xp 00000000 08:15 535673                     /lib/x86_64-linux-gnu/ld-2.13.so
7f2baa9ec000-7f2baa9ed000 r--s 00000000 08:15 554471                     /var/cache/fontconfig/e7071f4a29fa870f4323321c154eba04-le64.cache-3
7f2baa9ed000-7f2baa9f7000 r--s 00000000 08:15 554433                     /var/cache/fontconfig/d52a8644073d54c13679302ca1180695-le64.cache-3
7f2baa9f7000-7f2baaa01000 rw-p 00000000 00:00 0 
7f2baaa01000-7f2baaab7000 rw-p 00000000 00:00 0 
7f2baaab7000-7f2baaaba000 ---p 00000000 00:00 0 
7f2baaaba000-7f2baabbd000 rw-p 00000000 00:00 0 
7f2baabbd000-7f2baabc1000 r--s 00000000 08:15 554470                     /var/cache/fontconfig/6eb3985aa4124903f6ff08ba781cd364-le64.cache-3
7f2baabc1000-7f2baabc4000 r--s 00000000 08:15 554441                     /var/cache/fontconfig/d60319d88cac85ba9e1a07bd06cfbb8c-le64.cache-3
7f2baabc4000-7f2baabc5000 r--s 00000000 08:15 529070                     /var/cache/fontconfig/4794a0821666d79190d59a36cb4f44b5-le64.cache-3
7f2baabc5000-7f2baabc6000 r--s 00000000 08:15 554418                     /var/cache/fontconfig/ec648e9a1aea82bddd4bd6050028158d-le64.cache-3
7f2baabc6000-7f2baabca000 r--s 00000000 08:15 538228                     /var/cache/fontconfig/7ef2298fde41cc6eeb7af42e48b7d293-le64.cache-3
7f2baabca000-7f2baabde000 r--s 00000000 08:15 527842                     /var/cache/fontconfig/865f88548240fee46819705c6468c165-le64.cache-3
7f2baabde000-7f2baabdf000 r--s 00000000 08:15 1340105                    /home/bompo/.fontconfig/aa7e4f27e681240d22a1f116cf7520f0-le64.cache-3
7f2baabdf000-7f2baabe7000 rw-s 00000000 08:15 523963                     /tmp/hsperfdata_bompo/10865 (deleted)
7f2baabe7000-7f2baabe8000 rw-p 00000000 00:00 0 
7f2baabe8000-7f2baabe9000 ---p 00000000 00:00 0 
7f2baabe9000-7f2baabeb000 rw-p 00000000 00:00 0 
7f2baabeb000-7f2baabec000 r--p 00020000 08:15 535673                     /lib/x86_64-linux-gnu/ld-2.13.so
7f2baabec000-7f2baabee000 rw-p 00021000 08:15 535673                     /lib/x86_64-linux-gnu/ld-2.13.so
7fffb99d7000-7fffb99f8000 rw-p 00000000 00:00 0                          [stack]
7fffb99ff000-7fffb9a00000 r-xp 00000000 00:00 0                          [vdso]
ffffffffff600000-ffffffffff601000 r-xp 00000000 00:00 0                  [vsyscall]

VM Arguments:
jvm_args: -Dfile.encoding=UTF-8 
java_command: de.swagner.mgcube.DesktopStarter
Launcher Type: SUN_STANDARD

Environment Variables:
PATH=/usr/local/sbin:/usr/local/bin:/usr/sbin:/usr/bin:/sbin:/bin:/usr/games
USERNAME=bompo
LD_LIBRARY_PATH=/usr/lib/jvm/java-6-openjdk/jre/lib/amd64/server:/usr/lib/jvm/java-6-openjdk/jre/lib/amd64:/usr/lib/jvm/java-6-openjdk/jre/../lib/amd64:/usr/lib64/xulrunner-addons
SHELL=/bin/bash
DISPLAY=:0.0

Signal Handlers:
SIGSEGV: [libjvm.so+0x7d0f60], sa_mask[0]=0x7ffbfeff, sa_flags=0x10000004
SIGBUS: [libjvm.so+0x7d0f60], sa_mask[0]=0x7ffbfeff, sa_flags=0x10000004
SIGFPE: [libjvm.so+0x683760], sa_mask[0]=0x7ffbfeff, sa_flags=0x10000004
SIGPIPE: [libjvm.so+0x683760], sa_mask[0]=0x7ffbfeff, sa_flags=0x10000004
SIGXFSZ: [libjvm.so+0x683760], sa_mask[0]=0x7ffbfeff, sa_flags=0x10000004
SIGILL: [libjvm.so+0x683760], sa_mask[0]=0x7ffbfeff, sa_flags=0x10000004
SIGUSR1: SIG_DFL, sa_mask[0]=0x00000000, sa_flags=0x00000000
SIGUSR2: [libjvm.so+0x683930], sa_mask[0]=0x00000004, sa_flags=0x10000004
SIGHUP: [libjvm.so+0x6862d0], sa_mask[0]=0x7ffbfeff, sa_flags=0x10000004
SIGINT: [libjvm.so+0x6862d0], sa_mask[0]=0x7ffbfeff, sa_flags=0x10000004
SIGTERM: [libjvm.so+0x6862d0], sa_mask[0]=0x7ffbfeff, sa_flags=0x10000004
SIGQUIT: [libjvm.so+0x6862d0], sa_mask[0]=0x7ffbfeff, sa_flags=0x10000004


---------------  S Y S T E M  ---------------

OS:Ubuntu 11.04 (natty)
uname:Linux 2.6.38-11-generic #47-Ubuntu SMP Fri Jul 15 19:27:09 UTC 2011 x86_64
libc:glibc 2.13 NPTL 2.13 
rlimit: STACK 8192k, CORE 0k, NPROC infinity, NOFILE 4096, AS infinity
load average:4.56 1.32 0.64

/proc/meminfo:
MemTotal:        4015564 kB
MemFree:           27496 kB
Buffers:            2456 kB
Cached:            33744 kB
SwapCached:       113868 kB
Active:          2975952 kB
Inactive:         746892 kB
Active(anon):    2960048 kB
Inactive(anon):   728276 kB
Active(file):      15904 kB
Inactive(file):    18616 kB
Unevictable:         132 kB
Mlocked:             132 kB
SwapTotal:      19529724 kB
SwapFree:       18840688 kB
Dirty:                68 kB
Writeback:         30036 kB
AnonPages:       3591272 kB
Mapped:            33056 kB
Shmem:              1712 kB
Slab:              60828 kB
SReclaimable:      33080 kB
SUnreclaim:        27748 kB
KernelStack:        3568 kB
PageTables:        36192 kB
NFS_Unstable:          0 kB
Bounce:                0 kB
WritebackTmp:          0 kB
CommitLimit:    21537504 kB
Committed_AS:    6275140 kB
VmallocTotal:   34359738367 kB
VmallocUsed:      149320 kB
VmallocChunk:   34359576056 kB
HardwareCorrupted:     0 kB
HugePages_Total:       0
HugePages_Free:        0
HugePages_Rsvd:        0
HugePages_Surp:        0
Hugepagesize:       2048 kB
DirectMap4k:      184192 kB
DirectMap2M:     3969024 kB


CPU:total 4 (4 cores per cpu, 1 threads per core) family 6 model 30 stepping 5, cmov, cx8, fxsr, mmx, sse, sse2, sse3, ssse3, sse4.1, sse4.2, popcnt

Memory: 4k page, physical 4015564k(27496k free), swap 19529724k(18840688k free)

vm_info: OpenJDK 64-Bit Server VM (20.0-b11) for linux-amd64 JRE (1.6.0_22-b22), built on Jun 11 2011 05:56:16 by "buildd" with gcc 4.5.2

time: Tue Aug  2 22:40:23 2011
elapsed time: 65 seconds

