#
# A fatal error has been detected by the Java Runtime Environment:
#
#  SIGSEGV (0xb) at pc=0x00007f9096e812f1, pid=5441, tid=140259087877888
#
# JRE version: 6.0_24-b07
# Java VM: Java HotSpot(TM) 64-Bit Server VM (19.1-b02 mixed mode linux-amd64 compressed oops)
# Problematic frame:
# C  [libnvidia-glcore.so.270.41.19+0xcd02f1]
#
# If you would like to submit a bug report, please visit:
#   http://java.sun.com/webapps/bugreport/crash.jsp
# The crash happened outside the Java Virtual Machine in native code.
# See problematic frame for where to report the bug.
#

---------------  T H R E A D  ---------------

Current thread (0x00007f909837c800):  JavaThread "AWT-EventQueue-0" [_thread_in_native, id=5472, stack(0x00007f909d0c0000,0x00007f909d1c1000)]

siginfo:si_signo=SIGSEGV: si_errno=0, si_code=1 (SEGV_MAPERR), si_addr=0x00000000404bf950

Registers:
RAX=0x0000000000000001, RBX=0x0000000000000024, RCX=0x00007f90a648d7c4, RDX=0x00007f9097dac120
RSP=0x00007f909d1be950, RBP=0x00007f909d1be9b0, RSI=0x0000000000000080, RDI=0x00007f909c6fbc80
R8 =0x00007f909c6fbc80, R9 =0x0000000000001560, R10=0x00007f90a0bded58, R11=0x0000000000000202
R12=0x000000004046c000, R13=0x00007f9097de8240, R14=0x000000000000000c, R15=0x00007f909837c800
RIP=0x00007f9096e812f1, EFL=0x0000000000010206, CSGSFS=0x0000000000000033, ERR=0x0000000000000004
  TRAPNO=0x000000000000000e

Register to memory mapping:

RAX=0x0000000000000001
0x0000000000000001 is pointing to unknown location

RBX=0x0000000000000024
0x0000000000000024 is pointing to unknown location

RCX=0x00007f90a648d7c4
0x00007f90a648d7c4: <offset 0xe7c4> in /lib/x86_64-linux-gnu/libpthread.so.0 at 0x00007f90a647f000

RDX=0x00007f9097dac120
0x00007f9097dac120: _nv020glcore+0 in /usr/lib/nvidia-current/libnvidia-glcore.so.270.41.19 at 0x00007f90961b1000

RSP=0x00007f909d1be950
0x00007f909d1be950 is pointing into the stack for thread: 0x00007f909837c800
"AWT-EventQueue-0" prio=10 tid=0x00007f909837c800 nid=0x1560 runnable [0x00007f909d1be000]
   java.lang.Thread.State: RUNNABLE

RBP=0x00007f909d1be9b0
0x00007f909d1be9b0 is pointing into the stack for thread: 0x00007f909837c800
"AWT-EventQueue-0" prio=10 tid=0x00007f909837c800 nid=0x1560 runnable [0x00007f909d1be000]
   java.lang.Thread.State: RUNNABLE

RSI=0x0000000000000080
0x0000000000000080 is pointing to unknown location

RDI=0x00007f909c6fbc80
0x00007f909c6fbc80: <offset 0x2f6c80> in /usr/lib/nvidia-current/libGL.so.1 at 0x00007f909c405000

R8 =0x00007f909c6fbc80
0x00007f909c6fbc80: <offset 0x2f6c80> in /usr/lib/nvidia-current/libGL.so.1 at 0x00007f909c405000

R9 =0x0000000000001560
0x0000000000001560 is pointing to unknown location

R10=0x00007f90a0bded58
[CodeBlob (0x00007f90a0bdeb90)]
Framesize: 10

R11=0x0000000000000202
0x0000000000000202 is pointing to unknown location

R12=0x000000004046c000
0x000000004046c000 is pointing to unknown location

R13=0x00007f9097de8240
0x00007f9097de8240: _nv017glcore+0 in /usr/lib/nvidia-current/libnvidia-glcore.so.270.41.19 at 0x00007f90961b1000

R14=0x000000000000000c
0x000000000000000c is pointing to unknown location

R15=0x00007f909837c800
"AWT-EventQueue-0" prio=10 tid=0x00007f909837c800 nid=0x1560 runnable [0x00007f909d1be000]
   java.lang.Thread.State: RUNNABLE


Top of Stack: (sp=0x00007f909d1be950)
0x00007f909d1be950:   00007f909837c800 00000000ec5adb08
0x00007f909d1be960:   00007f909d1be9b0 0000000000000000
0x00007f909d1be970:   00000000ec5adc08 00007f909604e21e
0x00007f909d1be980:   00007f909c6f0260 0000002400000014
0x00007f909d1be990:   00007f909d1be9c0 00007f909837c9c8
0x00007f909d1be9a0:   00007f909d1be9c0 00007f909c6f0260
0x00007f909d1be9b0:   00007f909d1bea00 00007f90a0bdedca
0x00007f909d1be9c0:   00000000eca998f8 00007f90a0cf2a8e
0x00007f909d1be9d0:   00000000ec5adb18 00000000ec57de20
0x00007f909d1be9e0:   00000000ec5d0040 00007f90a0cf7e28
0x00007f909d1be9f0:   0000000000000000 000000013dcccccd
0x00007f909d1bea00:   00007f909c6f0260 00007f90a0cd3fa4
0x00007f909d1bea10:   00000000eca96958 0000001400000080
0x00007f909d1bea20:   00000000eca96db8 000000249c6f81e0
0x00007f909d1bea30:   00000000eca998f8 00000000ec57d050
0x00007f909d1bea40:   00007f90a0d87c64 00000000bdd950e0
0x00007f909d1bea50:   00000000eca91d48 00007f90a0d89730
0x00007f909d1bea60:   00007f909d1bea90 3fd55555a0b93097
0x00007f909d1bea70:   00000000eca91d48 ec57d0503d082b0c
0x00007f909d1bea80:   00000000ecad9110 00000000ecad9128
0x00007f909d1bea90:   403504f300000000 0000000000000000
0x00007f909d1beaa0:   00000000ecad9140 00000000ec57cf88
0x00007f909d1beab0:   00000000eca958f8 00000000ec5acfd0
0x00007f909d1beac0:   00000000ec5adb08 00000000ec5adb18
0x00007f909d1bead0:   00000000ec586260 00007f909c6f0260
0x00007f909d1beae0:   00000000be0a00a8 00007f909d1beab8
0x00007f909d1beaf0:   00007f909d1beb58 00007f90a0b71fdc
0x00007f909d1beb00:   00007f90a0b71fdc 000000003d082b0c
0x00007f909d1beb10:   00000000ec57cf88 00007f909d1beb18
0x00007f909d1beb20:   00000000bd2b18d3 00007f909d1beb68
0x00007f909d1beb30:   00000000bd2b2390 00000000be10d310
0x00007f909d1beb40:   00000000bd2b18f0 00007f909d1beb08 

Instructions: (pc=0x00007f9096e812f1)
0x00007f9096e812e1:   8b 42 10 ff c0 89 42 10 85 db 0f 84 31 01 00 00
0x00007f9096e812f1:   49 8b bc 24 50 39 05 00 89 de 49 8d ac 24 60 39 

Stack: [0x00007f909d0c0000,0x00007f909d1c1000],  sp=0x00007f909d1be950,  free space=1018k
Native frames: (J=compiled Java code, j=interpreted, Vv=VM code, C=native code)
C  [libnvidia-glcore.so.270.41.19+0xcd02f1]
J  com.sun.opengl.impl.GLImpl.dispatch_glUseProgram0(IJ)V

Java frames: (J=compiled Java code, j=interpreted, Vv=VM code)
J  com.sun.opengl.impl.GLImpl.dispatch_glUseProgram0(IJ)V
J  com.badlogic.gdx.graphics.glutils.ShaderProgram.begin()V
J  de.swagner.mgcube.GameScreen.render(F)V
j  com.badlogic.gdx.Game.render()V+19
J  com.sun.opengl.impl.GLDrawableHelper.display(Ljavax/media/opengl/GLAutoDrawable;)V
j  javax.media.opengl.GLCanvas$DisplayAction.run()V+80
j  com.sun.opengl.impl.GLDrawableHelper.invokeGL(Ljavax/media/opengl/GLDrawable;Ljavax/media/opengl/GLContext;Ljava/lang/Runnable;Ljava/lang/Runnable;)V+418
j  javax.media.opengl.GLCanvas$DisplayOnEventDispatchThreadAction.run()V+35
j  java.awt.event.InvocationEvent.dispatch()V+11
j  java.awt.EventQueue.dispatchEventImpl(Ljava/awt/AWTEvent;Ljava/lang/Object;)V+21
j  java.awt.EventQueue.access$000(Ljava/awt/EventQueue;Ljava/awt/AWTEvent;Ljava/lang/Object;)V+3
j  java.awt.EventQueue$1.run()Ljava/lang/Void;+12
j  java.awt.EventQueue$1.run()Ljava/lang/Object;+1
v  ~StubRoutines::call_stub
j  java.security.AccessController.doPrivileged(Ljava/security/PrivilegedAction;Ljava/security/AccessControlContext;)Ljava/lang/Object;+0
J  java.awt.EventDispatchThread.pumpOneEventForFilters(I)Z
j  java.awt.EventDispatchThread.pumpEventsForFilter(ILjava/awt/Conditional;Ljava/awt/EventFilter;)V+30
j  java.awt.EventDispatchThread.pumpEventsForHierarchy(ILjava/awt/Conditional;Ljava/awt/Component;)V+11
j  java.awt.EventDispatchThread.pumpEvents(ILjava/awt/Conditional;)V+4
j  java.awt.EventDispatchThread.pumpEvents(Ljava/awt/Conditional;)V+3
j  java.awt.EventDispatchThread.run()V+9
v  ~StubRoutines::call_stub

---------------  P R O C E S S  ---------------

Java Threads: ( => current thread )
  0x00007f908ce83000 JavaThread "XToolkit-Shutdown-Thread" [_thread_blocked, id=5581, stack(0x00007f908c2c2000,0x00007f908c3c3000)]
  0x00007f908d129800 JavaThread "Thread-2" [_thread_in_Java, id=5579, stack(0x00007f908c4c4000,0x00007f908c5c5000)]
  0x0000000040c36800 JavaThread "SIGTERM handler" daemon [_thread_blocked, id=5578, stack(0x00007f909f4d8000,0x00007f909f5d9000)]
  0x00007f909845e800 JavaThread "DestroyJavaVM" [_thread_blocked, id=5442, stack(0x00007f90a5057000,0x00007f90a5158000)]
  0x00007f909845d000 JavaThread "Thread-1" [_thread_blocked, id=5476, stack(0x00007f908e72b000,0x00007f908e82c000)]
=>0x00007f909837c800 JavaThread "AWT-EventQueue-0" [_thread_in_native, id=5472, stack(0x00007f909d0c0000,0x00007f909d1c1000)]
  0x00007f9098216000 JavaThread "AWT-Shutdown" [_thread_blocked, id=5471, stack(0x00007f909d30b000,0x00007f909d40c000)]
  0x00007f9098213000 JavaThread "AWT-XAWT" daemon [_thread_blocked, id=5470, stack(0x00007f909d40c000,0x00007f909d50d000)]
  0x00007f90980ff000 JavaThread "Java2D Disposer" daemon [_thread_blocked, id=5469, stack(0x00007f909db55000,0x00007f909dc56000)]
  0x00007f9098032000 JavaThread "Low Memory Detector" daemon [_thread_blocked, id=5467, stack(0x00007f909f1d5000,0x00007f909f2d6000)]
  0x00007f909802f000 JavaThread "CompilerThread1" daemon [_thread_blocked, id=5466, stack(0x00007f909f2d6000,0x00007f909f3d7000)]
  0x00007f909802c800 JavaThread "CompilerThread0" daemon [_thread_blocked, id=5465, stack(0x00007f909f3d7000,0x00007f909f4d8000)]
  0x00007f909802a000 JavaThread "JDWP Event Helper Thread" daemon [_thread_blocked, id=5459, stack(0x00007f909f5d9000,0x00007f909f6da000)]
  0x00007f9098026800 JavaThread "JDWP Transport Listener: dt_socket" daemon [_thread_in_native, id=5458, stack(0x00007f909f6da000,0x00007f909f7db000)]
  0x00007f909801a800 JavaThread "Signal Dispatcher" daemon [_thread_blocked, id=5455, stack(0x00007f909f8df000,0x00007f909f9e0000)]
  0x0000000040c2e800 JavaThread "Finalizer" daemon [_thread_blocked, id=5454, stack(0x00007f909f9e0000,0x00007f909fae1000)]
  0x0000000040c2c800 JavaThread "Reference Handler" daemon [_thread_blocked, id=5453, stack(0x00007f909fae1000,0x00007f909fbe2000)]

Other Threads:
  0x0000000040c26000 VMThread [stack: 0x00007f909fbe2000,0x00007f909fce3000] [id=5447]
  0x00007f9098044800 WatcherThread [stack: 0x00007f909f0d4000,0x00007f909f1d5000] [id=5468]

VM state:not at safepoint (normal execution)

VM Mutex/Monitor currently owned by a thread: None

Heap
 PSYoungGen      total 18624K, used 2742K [0x00000000eb600000, 0x00000000ecc60000, 0x0000000100000000)
  eden space 15104K, 2% used [0x00000000eb600000,0x00000000eb667728,0x00000000ec4c0000)
  from space 3520K, 66% used [0x00000000ec8f0000,0x00000000ecb36130,0x00000000ecc60000)
  to   space 3904K, 0% used [0x00000000ec4c0000,0x00000000ec4c0000,0x00000000ec890000)
 PSOldGen        total 42240K, used 1720K [0x00000000c2200000, 0x00000000c4b40000, 0x00000000eb600000)
  object space 42240K, 4% used [0x00000000c2200000,0x00000000c23ae150,0x00000000c4b40000)
 PSPermGen       total 21248K, used 17908K [0x00000000bd000000, 0x00000000be4c0000, 0x00000000c2200000)
  object space 21248K, 84% used [0x00000000bd000000,0x00000000be17d328,0x00000000be4c0000)

Dynamic libraries:
40000000-40009000 r-xp 00000000 08:05 1662394                            /usr/lib/jvm/java-6-sun-1.6.0.24/jre/bin/java
40108000-4010a000 rwxp 00008000 08:05 1662394                            /usr/lib/jvm/java-6-sun-1.6.0.24/jre/bin/java
40bbd000-415d8000 rwxp 00000000 00:00 0                                  [heap]
bd000000-be4c0000 rwxp 00000000 00:00 0 
be4c0000-c2200000 rwxp 00000000 00:00 0 
c2200000-c4b40000 rwxp 00000000 00:00 0 
c4b40000-eb600000 rwxp 00000000 00:00 0 
eb600000-ecc60000 rwxp 00000000 00:00 0 
ecc60000-eccd0000 ---p 00000000 00:00 0 
eccd0000-100000000 rwxp 00000000 00:00 0 
7f908c2c2000-7f908c2c5000 ---p 00000000 00:00 0 
7f908c2c5000-7f908c3c3000 rwxp 00000000 00:00 0 
7f908c3c3000-7f908c3c6000 ---p 00000000 00:00 0 
7f908c3c6000-7f908c4c4000 rwxp 00000000 00:00 0 
7f908c4c4000-7f908c4c7000 ---p 00000000 00:00 0 
7f908c4c7000-7f908d146000 rwxp 00000000 00:00 0 
7f908d146000-7f908d2bd000 rwxs 00000000 00:04 5308435                    /SYSV00000000 (deleted)
7f908d2bd000-7f908e425000 rwxp 00000000 00:00 0 
7f908e427000-7f908e627000 rwxs 69664000 00:05 6747                       /dev/nvidia0
7f908e72b000-7f908e72e000 ---p 00000000 00:00 0 
7f908e72e000-7f908e82c000 rwxp 00000000 00:00 0 
7f908e82c000-7f908e82d000 ---p 00000000 00:00 0 
7f908e82d000-7f908f02d000 rwxp 00000000 00:00 0 
7f908f02d000-7f909302e000 rwxs 00000000 00:10 59354                      /dev/shm/pulse-shm-1005084591
7f909302e000-7f909302f000 ---p 00000000 00:00 0 
7f909302f000-7f909382f000 rwxp 00000000 00:00 0 
7f909382f000-7f9093835000 r-xp 00000000 08:05 1573092                    /usr/lib/libogg.so.0.7.0
7f9093835000-7f9093a34000 ---p 00006000 08:05 1573092                    /usr/lib/libogg.so.0.7.0
7f9093a34000-7f9093a35000 r-xp 00005000 08:05 1573092                    /usr/lib/libogg.so.0.7.0
7f9093a35000-7f9093a36000 rwxp 00006000 08:05 1573092                    /usr/lib/libogg.so.0.7.0
7f9093a36000-7f9093a61000 r-xp 00000000 08:05 1582648                    /usr/lib/libvorbis.so.0.4.5
7f9093a61000-7f9093c60000 ---p 0002b000 08:05 1582648                    /usr/lib/libvorbis.so.0.4.5
7f9093c60000-7f9093c61000 r-xp 0002a000 08:05 1582648                    /usr/lib/libvorbis.so.0.4.5
7f9093c61000-7f9093c62000 rwxp 0002b000 08:05 1582648                    /usr/lib/libvorbis.so.0.4.5
7f9093c62000-7f9093f15000 r-xp 00000000 08:05 1573212                    /usr/lib/libvorbisenc.so.2.0.8
7f9093f15000-7f9094114000 ---p 002b3000 08:05 1573212                    /usr/lib/libvorbisenc.so.2.0.8
7f9094114000-7f9094130000 r-xp 002b2000 08:05 1573212                    /usr/lib/libvorbisenc.so.2.0.8
7f9094130000-7f9094131000 rwxp 002ce000 08:05 1573212                    /usr/lib/libvorbisenc.so.2.0.8
7f9094131000-7f9094179000 r-xp 00000000 08:05 1570101                    /usr/lib/libFLAC.so.8.2.0
7f9094179000-7f9094379000 ---p 00048000 08:05 1570101                    /usr/lib/libFLAC.so.8.2.0
7f9094379000-7f909437a000 r-xp 00048000 08:05 1570101                    /usr/lib/libFLAC.so.8.2.0
7f909437a000-7f909437b000 rwxp 00049000 08:05 1570101                    /usr/lib/libFLAC.so.8.2.0
7f909437b000-7f90943dc000 r-xp 00000000 08:05 1570821                    /usr/lib/libsndfile.so.1.0.23
7f90943dc000-7f90945dc000 ---p 00061000 08:05 1570821                    /usr/lib/libsndfile.so.1.0.23
7f90945dc000-7f90945de000 r-xp 00061000 08:05 1570821                    /usr/lib/libsndfile.so.1.0.23
7f90945de000-7f90945df000 rwxp 00063000 08:05 1570821                    /usr/lib/libsndfile.so.1.0.23
7f90945df000-7f90945e3000 rwxp 00000000 00:00 0 
7f90945e3000-7f90945eb000 r-xp 00000000 08:05 538930                     /lib/libwrap.so.0.7.6
7f90945eb000-7f90947eb000 ---p 00008000 08:05 538930                     /lib/libwrap.so.0.7.6
7f90947eb000-7f90947ec000 r-xp 00008000 08:05 538930                     /lib/libwrap.so.0.7.6
7f90947ec000-7f90947ed000 rwxp 00009000 08:05 538930                     /lib/libwrap.so.0.7.6
7f90947ed000-7f90947ee000 rwxp 00000000 00:00 0 
7f90947ee000-7f90947f2000 r-xp 00000000 08:05 534738                     /lib/x86_64-linux-gnu/libuuid.so.1.3.0
7f90947f2000-7f90949f1000 ---p 00004000 08:05 534738                     /lib/x86_64-linux-gnu/libuuid.so.1.3.0
7f90949f1000-7f90949f2000 r-xp 00003000 08:05 534738                     /lib/x86_64-linux-gnu/libuuid.so.1.3.0
7f90949f2000-7f90949f3000 rwxp 00004000 08:05 534738                     /lib/x86_64-linux-gnu/libuuid.so.1.3.0
7f90949f3000-7f9094a35000 r-xp 00000000 08:05 525819                     /lib/x86_64-linux-gnu/libdbus-1.so.3.5.4
7f9094a35000-7f9094c35000 ---p 00042000 08:05 525819                     /lib/x86_64-linux-gnu/libdbus-1.so.3.5.4
7f9094c35000-7f9094c36000 r-xp 00042000 08:05 525819                     /lib/x86_64-linux-gnu/libdbus-1.so.3.5.4
7f9094c36000-7f9094c37000 rwxp 00043000 08:05 525819                     /lib/x86_64-linux-gnu/libdbus-1.so.3.5.4
7f9094c37000-7f9094c82000 r-xp 00000000 08:05 1580900                    /usr/lib/libpulsecommon-0.9.22.so
7f9094c82000-7f9094e81000 ---p 0004b000 08:05 1580900                    /usr/lib/libpulsecommon-0.9.22.so
7f9094e81000-7f9094e82000 r-xp 0004a000 08:05 1580900                    /usr/lib/libpulsecommon-0.9.22.so
7f9094e82000-7f9094e83000 rwxp 0004b000 08:05 1580900                    /usr/lib/libpulsecommon-0.9.22.so
7f9094e83000-7f9094e86000 r-xp 00000000 08:05 1573582                    /usr/lib/libxcb-atom.so.1.0.0
7f9094e86000-7f9095086000 ---p 00003000 08:05 1573582                    /usr/lib/libxcb-atom.so.1.0.0
7f9095086000-7f9095087000 r-xp 00003000 08:05 1573582                    /usr/lib/libxcb-atom.so.1.0.0
7f9095087000-7f9095088000 rwxp 00004000 08:05 1573582                    /usr/lib/libxcb-atom.so.1.0.0
7f9095088000-7f909508f000 r-xp 00000000 08:05 1578963                    /usr/lib/x86_64-linux-gnu/libSM.so.6.0.1
7f909508f000-7f909528e000 ---p 00007000 08:05 1578963                    /usr/lib/x86_64-linux-gnu/libSM.so.6.0.1
7f909528e000-7f909528f000 r-xp 00006000 08:05 1578963                    /usr/lib/x86_64-linux-gnu/libSM.so.6.0.1
7f909528f000-7f9095290000 rwxp 00007000 08:05 1578963                    /usr/lib/x86_64-linux-gnu/libSM.so.6.0.1
7f9095290000-7f90952a6000 r-xp 00000000 08:05 1571606                    /usr/lib/x86_64-linux-gnu/libICE.so.6.3.0
7f90952a6000-7f90954a6000 ---p 00016000 08:05 1571606                    /usr/lib/x86_64-linux-gnu/libICE.so.6.3.0
7f90954a6000-7f90954a7000 r-xp 00016000 08:05 1571606                    /usr/lib/x86_64-linux-gnu/libICE.so.6.3.0
7f90954a7000-7f90954a8000 rwxp 00017000 08:05 1571606                    /usr/lib/x86_64-linux-gnu/libICE.so.6.3.0
7f90954a8000-7f90954ab000 rwxp 00000000 00:00 0 
7f90954ab000-7f90954ac000 r-xp 00000000 08:05 1570508                    /usr/lib/x86_64-linux-gnu/libX11-xcb.so.1.0.0
7f90954ac000-7f90956ab000 ---p 00001000 08:05 1570508                    /usr/lib/x86_64-linux-gnu/libX11-xcb.so.1.0.0
7f90956ab000-7f90956ac000 r-xp 00000000 08:05 1570508                    /usr/lib/x86_64-linux-gnu/libX11-xcb.so.1.0.0
7f90956ac000-7f90956ad000 rwxp 00001000 08:05 1570508                    /usr/lib/x86_64-linux-gnu/libX11-xcb.so.1.0.0
7f90956ad000-7f90956ed000 r-xp 00000000 08:05 1573921                    /usr/lib/libpulse.so.0.12.3
7f90956ed000-7f90958ec000 ---p 00040000 08:05 1573921                    /usr/lib/libpulse.so.0.12.3
7f90958ec000-7f90958ed000 r-xp 0003f000 08:05 1573921                    /usr/lib/libpulse.so.0.12.3
7f90958ed000-7f90958ee000 rwxp 00040000 08:05 1573921                    /usr/lib/libpulse.so.0.12.3
7f90958ee000-7f909593a000 r-xp 00000000 08:05 526954                     /tmp/libgdx/1799094955/libopenal64.so
7f909593a000-7f9095b39000 ---p 0004c000 08:05 526954                     /tmp/libgdx/1799094955/libopenal64.so
7f9095b39000-7f9095b3b000 r-xp 0004b000 08:05 526954                     /tmp/libgdx/1799094955/libopenal64.so
7f9095b3b000-7f9095b3c000 rwxp 0004d000 08:05 526954                     /tmp/libgdx/1799094955/libopenal64.so
7f9095b3c000-7f9095b3d000 rwxp 00000000 00:00 0 
7f9095b3d000-7f9095b45000 r-xp 00000000 08:05 1581969                    /usr/lib/x86_64-linux-gnu/libXrandr.so.2.2.0
7f9095b45000-7f9095d44000 ---p 00008000 08:05 1581969                    /usr/lib/x86_64-linux-gnu/libXrandr.so.2.2.0
7f9095d44000-7f9095d45000 r-xp 00007000 08:05 1581969                    /usr/lib/x86_64-linux-gnu/libXrandr.so.2.2.0
7f9095d45000-7f9095d46000 rwxp 00008000 08:05 1581969                    /usr/lib/x86_64-linux-gnu/libXrandr.so.2.2.0
7f9095d46000-7f9095dbf000 r-xp 00000000 08:05 527562                     /tmp/libgdx/1799094955/liblwjgl64.so
7f9095dbf000-7f9095fbe000 ---p 00079000 08:05 527562                     /tmp/libgdx/1799094955/liblwjgl64.so
7f9095fbe000-7f9095fc0000 r-xp 00078000 08:05 527562                     /tmp/libgdx/1799094955/liblwjgl64.so
7f9095fc0000-7f9095fc1000 rwxp 0007a000 08:05 527562                     /tmp/libgdx/1799094955/liblwjgl64.so
7f9095fc1000-7f90960b0000 r-xp 00000000 08:05 526879                     /tmp/libgdx/1799094955/libjogl-linux64.so
7f90960b0000-7f90961b0000 ---p 000ef000 08:05 526879                     /tmp/libgdx/1799094955/libjogl-linux64.so
7f90961b0000-7f90961b1000 rwxp 000ef000 08:05 526879                     /tmp/libgdx/1799094955/libjogl-linux64.so
7f90961b1000-7f90975ff000 r-xp 00000000 08:05 723                        /usr/lib/nvidia-current/libnvidia-glcore.so.270.41.19
7f90975ff000-7f90977ff000 ---p 0144e000 08:05 723                        /usr/lib/nvidia-current/libnvidia-glcore.so.270.41.19
7f90977ff000-7f9097de7000 rwxp 0144e000 08:05 723                        /usr/lib/nvidia-current/libnvidia-glcore.so.270.41.19
7f9097de7000-7f9097dfe000 rwxp 00000000 00:00 0 
7f9097dfe000-7f9097dff000 r-xp 00000000 08:05 716                        /usr/lib/nvidia-current/tls/libnvidia-tls.so.270.41.19
7f9097dff000-7f9097fff000 ---p 00001000 08:05 716                        /usr/lib/nvidia-current/tls/libnvidia-tls.so.270.41.19
7f9097fff000-7f9098000000 rwxp 00001000 08:05 716                        /usr/lib/nvidia-current/tls/libnvidia-tls.so.270.41.19
7f9098000000-7f909affc000 rwxp 00000000 00:00 0 
7f909affc000-7f909c000000 ---p 00000000 00:00 0 
7f909c0fe000-7f909c0ff000 r-xp 00000000 08:05 1734853                    /usr/lib/jvm/java-6-sun-1.6.0.24/jre/lib/amd64/libjawt.so
7f909c0ff000-7f909c1fe000 ---p 00001000 08:05 1734853                    /usr/lib/jvm/java-6-sun-1.6.0.24/jre/lib/amd64/libjawt.so
7f909c1fe000-7f909c1ff000 rwxp 00000000 08:05 1734853                    /usr/lib/jvm/java-6-sun-1.6.0.24/jre/lib/amd64/libjawt.so
7f909c1ff000-7f909c204000 r-xp 00000000 08:05 1581972                    /usr/lib/x86_64-linux-gnu/libXxf86vm.so.1.0.0
7f909c204000-7f909c403000 ---p 00005000 08:05 1581972                    /usr/lib/x86_64-linux-gnu/libXxf86vm.so.1.0.0
7f909c403000-7f909c404000 r-xp 00004000 08:05 1581972                    /usr/lib/x86_64-linux-gnu/libXxf86vm.so.1.0.0
7f909c404000-7f909c405000 rwxp 00005000 08:05 1581972                    /usr/lib/x86_64-linux-gnu/libXxf86vm.so.1.0.0
7f909c405000-7f909c4c2000 r-xp 00000000 08:05 928                        /usr/lib/nvidia-current/libGL.so.270.41.19
7f909c4c2000-7f909c6c2000 ---p 000bd000 08:05 928                        /usr/lib/nvidia-current/libGL.so.270.41.19
7f909c6c2000-7f909c6fb000 rwxp 000bd000 08:05 928                        /usr/lib/nvidia-current/libGL.so.270.41.19
7f909c6fb000-7f909c711000 rwxp 00000000 00:00 0 
7f909c711000-7f909c713000 r-xp 00000000 08:05 526862                     /tmp/libgdx/1799094955/libjogl_awt-linux64.so
7f909c713000-7f909c812000 ---p 00002000 08:05 526862                     /tmp/libgdx/1799094955/libjogl_awt-linux64.so
7f909c812000-7f909c813000 rwxp 00001000 08:05 526862                     /tmp/libgdx/1799094955/libjogl_awt-linux64.so
7f909c813000-7f909c814000 r-xp 00000000 08:05 526359                     /tmp/libgdx/1799094955/libgluegen-rt-linux64.so
7f909c814000-7f909c913000 ---p 00001000 08:05 526359                     /tmp/libgdx/1799094955/libgluegen-rt-linux64.so
7f909c913000-7f909c914000 rwxp 00000000 08:05 526359                     /tmp/libgdx/1799094955/libgluegen-rt-linux64.so
7f909c914000-7f909c929000 r-xp 00000000 08:05 528127                     /lib/x86_64-linux-gnu/libgcc_s.so.1
7f909c929000-7f909cb28000 ---p 00015000 08:05 528127                     /lib/x86_64-linux-gnu/libgcc_s.so.1
7f909cb28000-7f909cb29000 r-xp 00014000 08:05 528127                     /lib/x86_64-linux-gnu/libgcc_s.so.1
7f909cb29000-7f909cb2a000 rwxp 00015000 08:05 528127                     /lib/x86_64-linux-gnu/libgcc_s.so.1
7f909cb2a000-7f909cc12000 r-xp 00000000 08:05 1571250                    /usr/lib/x86_64-linux-gnu/libstdc++.so.6.0.14
7f909cc12000-7f909ce11000 ---p 000e8000 08:05 1571250                    /usr/lib/x86_64-linux-gnu/libstdc++.so.6.0.14
7f909ce11000-7f909ce19000 r-xp 000e7000 08:05 1571250                    /usr/lib/x86_64-linux-gnu/libstdc++.so.6.0.14
7f909ce19000-7f909ce1b000 rwxp 000ef000 08:05 1571250                    /usr/lib/x86_64-linux-gnu/libstdc++.so.6.0.14
7f909ce1b000-7f909ce30000 rwxp 00000000 00:00 0 
7f909ce30000-7f909cebb000 r-xp 00000000 08:05 526289                     /tmp/libgdx/1799094955/libgdx-64.so
7f909cebb000-7f909d0bb000 ---p 0008b000 08:05 526289                     /tmp/libgdx/1799094955/libgdx-64.so
7f909d0bb000-7f909d0bc000 r-xp 0008b000 08:05 526289                     /tmp/libgdx/1799094955/libgdx-64.so
7f909d0bc000-7f909d0bd000 rwxp 0008c000 08:05 526289                     /tmp/libgdx/1799094955/libgdx-64.so
7f909d0bd000-7f909d0c0000 rwxp 00000000 00:00 0 
7f909d0c0000-7f909d0c3000 ---p 00000000 00:00 0 
7f909d0c3000-7f909d1c1000 rwxp 00000000 00:00 0 
7f909d1c1000-7f909d1c2000 r-xs 00000000 08:05 532633                     /var/cache/fontconfig/26de28bc8622bbc1fb67fd234c21975f-le64.cache-3
7f909d1c2000-7f909d1c3000 r-xs 00000000 08:05 554485                     /var/cache/fontconfig/c05880de57d1f5e948fdfacc138775d9-le64.cache-3
7f909d1c3000-7f909d1cc000 r-xs 00000000 08:05 527845                     /var/cache/fontconfig/945677eb7aeaf62f1d50efc3fb3ec7d8-le64.cache-3
7f909d1cc000-7f909d1ce000 r-xs 00000000 08:05 554480                     /var/cache/fontconfig/99e8ed0e538f840c565b6ed5dad60d56-le64.cache-3
7f909d1ce000-7f909d1d1000 r-xs 00000000 08:05 554411                     /var/cache/fontconfig/f24b2111ab8703b4e963115a8cf14259-le64.cache-3
7f909d1d1000-7f909d1d4000 r-xs 00000000 08:05 554479                     /var/cache/fontconfig/e383d7ea5fbe662a33d9b44caf393297-le64.cache-3
7f909d1d4000-7f909d1d7000 r-xs 00000000 08:05 554477                     /var/cache/fontconfig/2cd17615ca594fa2959ae173292e504c-le64.cache-3
7f909d1d7000-7f909d1d8000 r-xs 00000000 08:05 554471                     /var/cache/fontconfig/e7071f4a29fa870f4323321c154eba04-le64.cache-3
7f909d1d8000-7f909d1dc000 r-xs 00000000 08:05 554470                     /var/cache/fontconfig/6eb3985aa4124903f6ff08ba781cd364-le64.cache-3
7f909d1dc000-7f909d1dd000 r-xs 00000000 08:05 554466                     /var/cache/fontconfig/4c73fe0c47614734b17d736dbde7580a-le64.cache-3
7f909d1dd000-7f909d1de000 r-xs 00000000 08:05 554459                     /var/cache/fontconfig/0d8c3b2ac0904cb8a57a757ad11a4a08-le64.cache-3
7f909d1de000-7f909d1df000 r-xs 00000000 08:05 554454                     /var/cache/fontconfig/6a53c69dea097a2d716e069445527da8-le64.cache-3
7f909d1df000-7f909d1e4000 r-xs 00000000 08:05 554453                     /var/cache/fontconfig/062808c12e6e608270f93bb230aed730-le64.cache-3
7f909d1e4000-7f909d1ea000 r-xs 00000000 08:05 554429                     /var/cache/fontconfig/a755afe4a08bf5b97852ceb7400b47bc-le64.cache-3
7f909d1ea000-7f909d1ef000 r-xs 00000000 08:05 554452                     /var/cache/fontconfig/515ca1ebc4b18308bea979be5704f9db-le64.cache-3
7f909d1ef000-7f909d1f8000 r-xs 00000000 08:05 554448                     /var/cache/fontconfig/6d41288fd70b0be22e8c3a91e032eec0-le64.cache-3
7f909d1f8000-7f909d208000 r-xs 00000000 08:05 554447                     /var/cache/fontconfig/0f34bcd4b6ee430af32735b75db7f02b-le64.cache-3
7f909d208000-7f909d20b000 r-xs 00000000 08:05 554441                     /var/cache/fontconfig/d60319d88cac85ba9e1a07bd06cfbb8c-le64.cache-3
7f909d20b000-7f909d20c000 r-xs 00000000 08:05 530935                     /var/cache/fontconfig/4794a0821666d79190d59a36cb4f44b5-le64.cache-3
7f909d20c000-7f909d23a000 r-xs 00000000 08:05 554435                     /var/cache/fontconfig/365b55f210c0a22e9a19e35191240f32-le64.cache-3
7f909d23a000-7f909d244000 r-xs 00000000 08:05 554433                     /var/cache/fontconfig/d52a8644073d54c13679302ca1180695-le64.cache-3
7f909d30b000-7f909d30e000 ---p 00000000 00:00 0 
7f909d30e000-7f909d40c000 rwxp 00000000 00:00 0 
7f909d40c000-7f909d40f000 ---p 00000000 00:00 0 
7f909d40f000-7f909d50d000 rwxp 00000000 00:00 0 
7f909d50d000-7f909d512000 r-xp 00000000 08:05 1570859                    /usr/lib/x86_64-linux-gnu/libXfixes.so.3.1.0
7f909d512000-7f909d711000 ---p 00005000 08:05 1570859                    /usr/lib/x86_64-linux-gnu/libXfixes.so.3.1.0
7f909d711000-7f909d712000 r-xp 00004000 08:05 1570859                    /usr/lib/x86_64-linux-gnu/libXfixes.so.3.1.0
7f909d712000-7f909d713000 rwxp 00005000 08:05 1570859                    /usr/lib/x86_64-linux-gnu/libXfixes.so.3.1.0
7f909d713000-7f909d71c000 r-xp 00000000 08:05 1570620                    /usr/lib/x86_64-linux-gnu/libXrender.so.1.3.0
7f909d71c000-7f909d91c000 ---p 00009000 08:05 1570620                    /usr/lib/x86_64-linux-gnu/libXrender.so.1.3.0
7f909d91c000-7f909d91d000 r-xp 00009000 08:05 1570620                    /usr/lib/x86_64-linux-gnu/libXrender.so.1.3.0
7f909d91d000-7f909d91e000 rwxp 0000a000 08:05 1570620                    /usr/lib/x86_64-linux-gnu/libXrender.so.1.3.0
7f909d91e000-7f909d927000 r-xp 00000000 08:05 1573929                    /usr/lib/x86_64-linux-gnu/libXcursor.so.1.0.2
7f909d927000-7f909db26000 ---p 00009000 08:05 1573929                    /usr/lib/x86_64-linux-gnu/libXcursor.so.1.0.2
7f909db26000-7f909db27000 r-xp 00008000 08:05 1573929                    /usr/lib/x86_64-linux-gnu/libXcursor.so.1.0.2
7f909db27000-7f909db28000 rwxp 00009000 08:05 1573929                    /usr/lib/x86_64-linux-gnu/libXcursor.so.1.0.2
7f909db28000-7f909db30000 r-xs 00115000 08:05 1662451                    /usr/lib/jvm/java-6-sun-1.6.0.24/jre/lib/resources.jar
7f909db36000-7f909db3a000 rwxs 69759000 00:05 6747                       /dev/nvidia0
7f909db3a000-7f909db55000 rwxs 115f20000 00:05 6747                      /dev/nvidia0
7f909db55000-7f909db58000 ---p 00000000 00:00 0 
7f909db58000-7f909dc56000 rwxp 00000000 00:00 0 
7f909dc56000-7f909dccf000 r-xp 00000000 08:05 1734841                    /usr/lib/jvm/java-6-sun-1.6.0.24/jre/lib/amd64/libfontmanager.so
7f909dccf000-7f909ddce000 ---p 00079000 08:05 1734841                    /usr/lib/jvm/java-6-sun-1.6.0.24/jre/lib/amd64/libfontmanager.so
7f909ddce000-7f909dde3000 rwxp 00078000 08:05 1734841                    /usr/lib/jvm/java-6-sun-1.6.0.24/jre/lib/amd64/libfontmanager.so
7f909dde3000-7f909ddf4000 rwxp 00000000 00:00 0 
7f909ddf4000-7f909ddf9000 r-xp 00000000 08:05 1573561                    /usr/lib/x86_64-linux-gnu/libXdmcp.so.6.0.0
7f909ddf9000-7f909dff8000 ---p 00005000 08:05 1573561                    /usr/lib/x86_64-linux-gnu/libXdmcp.so.6.0.0
7f909dff8000-7f909dff9000 r-xp 00004000 08:05 1573561                    /usr/lib/x86_64-linux-gnu/libXdmcp.so.6.0.0
7f909dff9000-7f909dffa000 rwxp 00005000 08:05 1573561                    /usr/lib/x86_64-linux-gnu/libXdmcp.so.6.0.0
7f909dffa000-7f909dffc000 r-xp 00000000 08:05 1570542                    /usr/lib/x86_64-linux-gnu/libXau.so.6.0.0
7f909dffc000-7f909e1fb000 ---p 00002000 08:05 1570542                    /usr/lib/x86_64-linux-gnu/libXau.so.6.0.0
7f909e1fb000-7f909e1fc000 r-xp 00001000 08:05 1570542                    /usr/lib/x86_64-linux-gnu/libXau.so.6.0.0
7f909e1fc000-7f909e1fd000 rwxp 00002000 08:05 1570542                    /usr/lib/x86_64-linux-gnu/libXau.so.6.0.0
7f909e1fd000-7f909e218000 r-xp 00000000 08:05 1572615                    /usr/lib/x86_64-linux-gnu/libxcb.so.1.1.0
7f909e218000-7f909e417000 ---p 0001b000 08:05 1572615                    /usr/lib/x86_64-linux-gnu/libxcb.so.1.1.0
7f909e417000-7f909e418000 r-xp 0001a000 08:05 1572615                    /usr/lib/x86_64-linux-gnu/libxcb.so.1.1.0
7f909e418000-7f909e419000 rwxp 0001b000 08:05 1572615                    /usr/lib/x86_64-linux-gnu/libxcb.so.1.1.0
7f909e419000-7f909e428000 r-xp 00000000 08:05 1613065                    /usr/lib/x86_64-linux-gnu/libXi.so.6.1.0
7f909e428000-7f909e627000 ---p 0000f000 08:05 1613065                    /usr/lib/x86_64-linux-gnu/libXi.so.6.1.0
7f909e627000-7f909e628000 r-xp 0000e000 08:05 1613065                    /usr/lib/x86_64-linux-gnu/libXi.so.6.1.0
7f909e628000-7f909e629000 rwxp 0000f000 08:05 1613065                    /usr/lib/x86_64-linux-gnu/libXi.so.6.1.0
7f909e629000-7f909e62e000 r-xp 00000000 08:05 1572606                    /usr/lib/libXtst.so.6.1.0
7f909e62e000-7f909e82d000 ---p 00005000 08:05 1572606                    /usr/lib/libXtst.so.6.1.0
7f909e82d000-7f909e82e000 r-xp 00004000 08:05 1572606                    /usr/lib/libXtst.so.6.1.0
7f909e82e000-7f909e82f000 rwxp 00005000 08:05 1572606                    /usr/lib/libXtst.so.6.1.0
7f909e82f000-7f909e964000 r-xp 00000000 08:05 1573591                    /usr/lib/x86_64-linux-gnu/libX11.so.6.3.0
7f909e964000-7f909eb64000 ---p 00135000 08:05 1573591                    /usr/lib/x86_64-linux-gnu/libX11.so.6.3.0
7f909eb64000-7f909eb65000 r-xp 00135000 08:05 1573591                    /usr/lib/x86_64-linux-gnu/libX11.so.6.3.0
7f909eb65000-7f909eb69000 rwxp 00136000 08:05 1573591                    /usr/lib/x86_64-linux-gnu/libX11.so.6.3.0
7f909eb69000-7f909eb7a000 r-xp 00000000 08:05 1571673                    /usr/lib/x86_64-linux-gnu/libXext.so.6.4.0
7f909eb7a000-7f909ed79000 ---p 00011000 08:05 1571673                    /usr/lib/x86_64-linux-gnu/libXext.so.6.4.0
7f909ed79000-7f909ed7a000 r-xp 00010000 08:05 1571673                    /usr/lib/x86_64-linux-gnu/libXext.so.6.4.0
7f909ed7a000-7f909ed7b000 rwxp 00011000 08:05 1571673                    /usr/lib/x86_64-linux-gnu/libXext.so.6.4.0
7f909ed7c000-7f909ed7d000 r-xs 00000000 08:05 554418                     /var/cache/fontconfig/ec648e9a1aea82bddd4bd6050028158d-le64.cache-3
7f909ed7d000-7f909ed90000 r-xs 00000000 08:05 538224                     /var/cache/fontconfig/e13b20fdb08344e0e664864cc2ede53d-le64.cache-3
7f909ed90000-7f909ed94000 r-xs 00000000 08:05 538228                     /var/cache/fontconfig/7ef2298fde41cc6eeb7af42e48b7d293-le64.cache-3
7f909ed94000-7f909eda8000 r-xs 00000000 08:05 527842                     /var/cache/fontconfig/865f88548240fee46819705c6468c165-le64.cache-3
7f909eda8000-7f909edea000 r-xp 00000000 08:05 1734831                    /usr/lib/jvm/java-6-sun-1.6.0.24/jre/lib/amd64/xawt/libmawt.so
7f909edea000-7f909eee9000 ---p 00042000 08:05 1734831                    /usr/lib/jvm/java-6-sun-1.6.0.24/jre/lib/amd64/xawt/libmawt.so
7f909eee9000-7f909eef5000 rwxp 00041000 08:05 1734831                    /usr/lib/jvm/java-6-sun-1.6.0.24/jre/lib/amd64/xawt/libmawt.so
7f909eef5000-7f909eef6000 rwxp 00000000 00:00 0 
7f909eef6000-7f909ef88000 r-xp 00000000 08:05 1734852                    /usr/lib/jvm/java-6-sun-1.6.0.24/jre/lib/amd64/libawt.so
7f909ef88000-7f909f087000 ---p 00092000 08:05 1734852                    /usr/lib/jvm/java-6-sun-1.6.0.24/jre/lib/amd64/libawt.so
7f909f087000-7f909f0a0000 rwxp 00091000 08:05 1734852                    /usr/lib/jvm/java-6-sun-1.6.0.24/jre/lib/amd64/libawt.so
7f909f0a0000-7f909f0c5000 rwxp 00000000 00:00 0 
7f909f0c5000-7f909f0ce000 r-xs 00076000 08:05 1339556                    /home/bompo/git/mgcube/libs/gdx.jar
7f909f0ce000-7f909f0d4000 r-xs 00064000 08:05 1339995                    /home/bompo/git/mgcube/libs/gdx-sources.jar
7f909f0d4000-7f909f0d5000 ---p 00000000 00:00 0 
7f909f0d5000-7f909f1d5000 rwxp 00000000 00:00 0 
7f909f1d5000-7f909f1d8000 ---p 00000000 00:00 0 
7f909f1d8000-7f909f2d6000 rwxp 00000000 00:00 0 
7f909f2d6000-7f909f2d9000 ---p 00000000 00:00 0 
7f909f2d9000-7f909f3d7000 rwxp 00000000 00:00 0 
7f909f3d7000-7f909f3da000 ---p 00000000 00:00 0 
7f909f3da000-7f909f4d8000 rwxp 00000000 00:00 0 
7f909f4d8000-7f909f4db000 ---p 00000000 00:00 0 
7f909f4db000-7f909f5d9000 rwxp 00000000 00:00 0 
7f909f5d9000-7f909f5dc000 ---p 00000000 00:00 0 
7f909f5dc000-7f909f6da000 rwxp 00000000 00:00 0 
7f909f6da000-7f909f6dd000 ---p 00000000 00:00 0 
7f909f6dd000-7f909f7db000 rwxp 00000000 00:00 0 
7f909f7db000-7f909f7de000 r-xp 00000000 08:05 1726634                    /usr/lib/jvm/java-6-sun-1.6.0.24/jre/lib/amd64/libdt_socket.so
7f909f7de000-7f909f8dd000 ---p 00003000 08:05 1726634                    /usr/lib/jvm/java-6-sun-1.6.0.24/jre/lib/amd64/libdt_socket.so
7f909f8dd000-7f909f8df000 rwxp 00002000 08:05 1726634                    /usr/lib/jvm/java-6-sun-1.6.0.24/jre/lib/amd64/libdt_socket.so
7f909f8df000-7f909f8e2000 ---p 00000000 00:00 0 
7f909f8e2000-7f909f9e0000 rwxp 00000000 00:00 0 
7f909f9e0000-7f909f9e3000 ---p 00000000 00:00 0 
7f909f9e3000-7f909fae1000 rwxp 00000000 00:00 0 
7f909fae1000-7f909fae4000 ---p 00000000 00:00 0 
7f909fae4000-7f909fbe2000 rwxp 00000000 00:00 0 
7f909fbe2000-7f909fbe3000 ---p 00000000 00:00 0 
7f909fbe3000-7f90a021c000 rwxp 00000000 00:00 0 
7f90a021c000-7f90a03b4000 r-xs 03027000 08:05 1662454                    /usr/lib/jvm/java-6-sun-1.6.0.24/jre/lib/rt.jar
7f90a03b4000-7f90a03dc000 rwxp 00000000 00:00 0 
7f90a03dc000-7f90a03dd000 ---p 00000000 00:00 0 
7f90a03dd000-7f90a04dd000 rwxp 00000000 00:00 0 
7f90a04dd000-7f90a04de000 ---p 00000000 00:00 0 
7f90a04de000-7f90a05de000 rwxp 00000000 00:00 0 
7f90a05de000-7f90a05df000 ---p 00000000 00:00 0 
7f90a05df000-7f90a06df000 rwxp 00000000 00:00 0 
7f90a06df000-7f90a06e0000 ---p 00000000 00:00 0 
7f90a06e0000-7f90a07eb000 rwxp 00000000 00:00 0 
7f90a07eb000-7f90a0809000 rwxp 00000000 00:00 0 
7f90a0809000-7f90a081e000 rwxp 00000000 00:00 0 
7f90a081e000-7f90a0953000 rwxp 00000000 00:00 0 
7f90a0953000-7f90a095e000 rwxp 00000000 00:00 0 
7f90a095e000-7f90a097c000 rwxp 00000000 00:00 0 
7f90a097c000-7f90a0991000 rwxp 00000000 00:00 0 
7f90a0991000-7f90a0ac6000 rwxp 00000000 00:00 0 
7f90a0ac6000-7f90a0ad2000 rwxp 00000000 00:00 0 
7f90a0ad2000-7f90a0b6b000 rwxp 00000000 00:00 0 
7f90a0b6b000-7f90a0ddc000 rwxp 00000000 00:00 0 
7f90a0ddc000-7f90a3b6c000 rwxp 00000000 00:00 0 
7f90a3b6c000-7f90a3b7a000 r-xp 00000000 08:05 1734847                    /usr/lib/jvm/java-6-sun-1.6.0.24/jre/lib/amd64/libzip.so
7f90a3b7a000-7f90a3c7c000 ---p 0000e000 08:05 1734847                    /usr/lib/jvm/java-6-sun-1.6.0.24/jre/lib/amd64/libzip.so
7f90a3c7c000-7f90a3c7f000 rwxp 00010000 08:05 1734847                    /usr/lib/jvm/java-6-sun-1.6.0.24/jre/lib/amd64/libzip.so
7f90a3c7f000-7f90a3c80000 rwxp 00000000 00:00 0 
7f90a3c80000-7f90a3c8c000 r-xp 00000000 08:05 535712                     /lib/x86_64-linux-gnu/libnss_files-2.13.so
7f90a3c8c000-7f90a3e8b000 ---p 0000c000 08:05 535712                     /lib/x86_64-linux-gnu/libnss_files-2.13.so
7f90a3e8b000-7f90a3e8c000 r-xp 0000b000 08:05 535712                     /lib/x86_64-linux-gnu/libnss_files-2.13.so
7f90a3e8c000-7f90a3e8d000 rwxp 0000c000 08:05 535712                     /lib/x86_64-linux-gnu/libnss_files-2.13.so
7f90a3e8d000-7f90a3e98000 r-xp 00000000 08:05 535714                     /lib/x86_64-linux-gnu/libnss_nis-2.13.so
7f90a3e98000-7f90a4097000 ---p 0000b000 08:05 535714                     /lib/x86_64-linux-gnu/libnss_nis-2.13.so
7f90a4097000-7f90a4098000 r-xp 0000a000 08:05 535714                     /lib/x86_64-linux-gnu/libnss_nis-2.13.so
7f90a4098000-7f90a4099000 rwxp 0000b000 08:05 535714                     /lib/x86_64-linux-gnu/libnss_nis-2.13.so
7f90a4099000-7f90a40a1000 r-xp 00000000 08:05 535710                     /lib/x86_64-linux-gnu/libnss_compat-2.13.so
7f90a40a1000-7f90a42a0000 ---p 00008000 08:05 535710                     /lib/x86_64-linux-gnu/libnss_compat-2.13.so
7f90a42a0000-7f90a42a1000 r-xp 00007000 08:05 535710                     /lib/x86_64-linux-gnu/libnss_compat-2.13.so
7f90a42a1000-7f90a42a2000 rwxp 00008000 08:05 535710                     /lib/x86_64-linux-gnu/libnss_compat-2.13.so
7f90a42a2000-7f90a46aa000 r-xp 00000000 08:05 1570348                    /usr/lib/locale/locale-archive
7f90a46aa000-7f90a46ad000 r-xp 00000000 08:05 1734836                    /usr/lib/jvm/java-6-sun-1.6.0.24/jre/lib/amd64/libnpt.so
7f90a46ad000-7f90a47ac000 ---p 00003000 08:05 1734836                    /usr/lib/jvm/java-6-sun-1.6.0.24/jre/lib/amd64/libnpt.so
7f90a47ac000-7f90a47ad000 rwxp 00002000 08:05 1734836                    /usr/lib/jvm/java-6-sun-1.6.0.24/jre/lib/amd64/libnpt.so
7f90a47ad000-7f90a47e3000 r-xp 00000000 08:05 1734835                    /usr/lib/jvm/java-6-sun-1.6.0.24/jre/lib/amd64/libjdwp.so
7f90a47e3000-7f90a48e2000 ---p 00036000 08:05 1734835                    /usr/lib/jvm/java-6-sun-1.6.0.24/jre/lib/amd64/libjdwp.so
7f90a48e2000-7f90a48ec000 rwxp 00035000 08:05 1734835                    /usr/lib/jvm/java-6-sun-1.6.0.24/jre/lib/amd64/libjdwp.so
7f90a48ec000-7f90a48f3000 r-xp 00000000 08:05 1734857                    /usr/lib/jvm/java-6-sun-1.6.0.24/jre/lib/amd64/native_threads/libhpi.so
7f90a48f3000-7f90a49f4000 ---p 00007000 08:05 1734857                    /usr/lib/jvm/java-6-sun-1.6.0.24/jre/lib/amd64/native_threads/libhpi.so
7f90a49f4000-7f90a49f6000 rwxp 00008000 08:05 1734857                    /usr/lib/jvm/java-6-sun-1.6.0.24/jre/lib/amd64/native_threads/libhpi.so
7f90a49f6000-7f90a49f7000 rwxp 00000000 00:00 0 
7f90a49f7000-7f90a4a0e000 r-xp 00000000 08:05 535709                     /lib/x86_64-linux-gnu/libnsl-2.13.so
7f90a4a0e000-7f90a4c0d000 ---p 00017000 08:05 535709                     /lib/x86_64-linux-gnu/libnsl-2.13.so
7f90a4c0d000-7f90a4c0e000 r-xp 00016000 08:05 535709                     /lib/x86_64-linux-gnu/libnsl-2.13.so
7f90a4c0e000-7f90a4c0f000 rwxp 00017000 08:05 535709                     /lib/x86_64-linux-gnu/libnsl-2.13.so
7f90a4c0f000-7f90a4c11000 rwxp 00000000 00:00 0 
7f90a4c11000-7f90a4c3a000 r-xp 00000000 08:05 1734846                    /usr/lib/jvm/java-6-sun-1.6.0.24/jre/lib/amd64/libjava.so
7f90a4c3a000-7f90a4d39000 ---p 00029000 08:05 1734846                    /usr/lib/jvm/java-6-sun-1.6.0.24/jre/lib/amd64/libjava.so
7f90a4d39000-7f90a4d40000 rwxp 00028000 08:05 1734846                    /usr/lib/jvm/java-6-sun-1.6.0.24/jre/lib/amd64/libjava.so
7f90a4d40000-7f90a4d4d000 r-xp 00000000 08:05 1731420                    /usr/lib/jvm/java-6-sun-1.6.0.24/jre/lib/amd64/libverify.so
7f90a4d4d000-7f90a4e4c000 ---p 0000d000 08:05 1731420                    /usr/lib/jvm/java-6-sun-1.6.0.24/jre/lib/amd64/libverify.so
7f90a4e4c000-7f90a4e4f000 rwxp 0000c000 08:05 1731420                    /usr/lib/jvm/java-6-sun-1.6.0.24/jre/lib/amd64/libverify.so
7f90a4e4f000-7f90a4e56000 r-xp 00000000 08:05 535724                     /lib/x86_64-linux-gnu/librt-2.13.so
7f90a4e56000-7f90a5055000 ---p 00007000 08:05 535724                     /lib/x86_64-linux-gnu/librt-2.13.so
7f90a5055000-7f90a5056000 r-xp 00006000 08:05 535724                     /lib/x86_64-linux-gnu/librt-2.13.so
7f90a5056000-7f90a5057000 rwxp 00007000 08:05 535724                     /lib/x86_64-linux-gnu/librt-2.13.so
7f90a5057000-7f90a505a000 ---p 00000000 00:00 0 
7f90a505a000-7f90a5158000 rwxp 00000000 00:00 0 
7f90a5158000-7f90a51dc000 r-xp 00000000 08:05 535703                     /lib/x86_64-linux-gnu/libm-2.13.so
7f90a51dc000-7f90a53db000 ---p 00084000 08:05 535703                     /lib/x86_64-linux-gnu/libm-2.13.so
7f90a53db000-7f90a53dc000 r-xp 00083000 08:05 535703                     /lib/x86_64-linux-gnu/libm-2.13.so
7f90a53dc000-7f90a53dd000 rwxp 00084000 08:05 535703                     /lib/x86_64-linux-gnu/libm-2.13.so
7f90a53dd000-7f90a5c1b000 r-xp 00000000 08:05 1734849                    /usr/lib/jvm/java-6-sun-1.6.0.24/jre/lib/amd64/server/libjvm.so
7f90a5c1b000-7f90a5d1a000 ---p 0083e000 08:05 1734849                    /usr/lib/jvm/java-6-sun-1.6.0.24/jre/lib/amd64/server/libjvm.so
7f90a5d1a000-7f90a5eae000 rwxp 0083d000 08:05 1734849                    /usr/lib/jvm/java-6-sun-1.6.0.24/jre/lib/amd64/server/libjvm.so
7f90a5eae000-7f90a5ee7000 rwxp 00000000 00:00 0 
7f90a5ee7000-7f90a6071000 r-xp 00000000 08:05 535697                     /lib/x86_64-linux-gnu/libc-2.13.so
7f90a6071000-7f90a6270000 ---p 0018a000 08:05 535697                     /lib/x86_64-linux-gnu/libc-2.13.so
7f90a6270000-7f90a6274000 r-xp 00189000 08:05 535697                     /lib/x86_64-linux-gnu/libc-2.13.so
7f90a6274000-7f90a6275000 rwxp 0018d000 08:05 535697                     /lib/x86_64-linux-gnu/libc-2.13.so
7f90a6275000-7f90a627b000 rwxp 00000000 00:00 0 
7f90a627b000-7f90a627d000 r-xp 00000000 08:05 535702                     /lib/x86_64-linux-gnu/libdl-2.13.so
7f90a627d000-7f90a647d000 ---p 00002000 08:05 535702                     /lib/x86_64-linux-gnu/libdl-2.13.so
7f90a647d000-7f90a647e000 r-xp 00002000 08:05 535702                     /lib/x86_64-linux-gnu/libdl-2.13.so
7f90a647e000-7f90a647f000 rwxp 00003000 08:05 535702                     /lib/x86_64-linux-gnu/libdl-2.13.so
7f90a647f000-7f90a6497000 r-xp 00000000 08:05 535718                     /lib/x86_64-linux-gnu/libpthread-2.13.so
7f90a6497000-7f90a6697000 ---p 00018000 08:05 535718                     /lib/x86_64-linux-gnu/libpthread-2.13.so
7f90a6697000-7f90a6698000 r-xp 00018000 08:05 535718                     /lib/x86_64-linux-gnu/libpthread-2.13.so
7f90a6698000-7f90a6699000 rwxp 00019000 08:05 535718                     /lib/x86_64-linux-gnu/libpthread-2.13.so
7f90a6699000-7f90a669d000 rwxp 00000000 00:00 0 
7f90a669d000-7f90a66be000 r-xp 00000000 08:05 535673                     /lib/x86_64-linux-gnu/ld-2.13.so
7f90a66c0000-7f90a66ca000 rwxp 00000000 00:00 0 
7f90a66ca000-7f90a6780000 rwxp 00000000 00:00 0 
7f90a6780000-7f90a6783000 rwxp 00000000 00:00 0 
7f90a6783000-7f90a678a000 r-xp 00000000 08:05 1731410                    /usr/lib/jvm/java-6-sun-1.6.0.24/jre/lib/amd64/jli/libjli.so
7f90a678a000-7f90a688b000 ---p 00007000 08:05 1731410                    /usr/lib/jvm/java-6-sun-1.6.0.24/jre/lib/amd64/jli/libjli.so
7f90a688b000-7f90a688d000 rwxp 00008000 08:05 1731410                    /usr/lib/jvm/java-6-sun-1.6.0.24/jre/lib/amd64/jli/libjli.so
7f90a688d000-7f90a688e000 rwxp 00000000 00:00 0 
7f90a688f000-7f90a6890000 rwxs fb060000 00:05 6747                       /dev/nvidia0
7f90a6890000-7f90a6891000 r-xs 00000000 08:05 1340105                    /home/bompo/.fontconfig/aa7e4f27e681240d22a1f116cf7520f0-le64.cache-3
7f90a6891000-7f90a6892000 r-xs 001d6000 08:05 1339734                    /home/bompo/git/mgcube/libs/gdx-natives.jar
7f90a6892000-7f90a68ac000 r-xs 00205000 08:05 1330241                    /home/bompo/git/mgcube/libs/gdx-backend-jogl.jar
7f90a68ac000-7f90a68ad000 r-xs 00006000 08:05 1330357                    /home/bompo/git/mgcube/libs/gdx-backend-jogl-sources.jar
7f90a68ad000-7f90a68ae000 r-xs 001f3000 08:05 1339854                    /home/bompo/git/mgcube/libs/gdx-backend-jogl-natives.jar
7f90a68ae000-7f90a68b1000 r-xs 0000f000 08:05 1622792                    /usr/lib/jvm/java-6-sun-1.6.0.24/jre/lib/ext/pulse-java.jar
7f90a68b1000-7f90a68b9000 rwxs 00000000 08:05 529533                     /tmp/hsperfdata_bompo/5441
7f90a68b9000-7f90a68ba000 rwxp 00000000 00:00 0 
7f90a68ba000-7f90a68bb000 r-xp 00000000 00:00 0 
7f90a68bb000-7f90a68bd000 rwxp 00000000 00:00 0 
7f90a68bd000-7f90a68be000 r-xp 00020000 08:05 535673                     /lib/x86_64-linux-gnu/ld-2.13.so
7f90a68be000-7f90a68c0000 rwxp 00021000 08:05 535673                     /lib/x86_64-linux-gnu/ld-2.13.so
7fff23b36000-7fff23b57000 rwxp 00000000 00:00 0                          [stack]
7fff23bd6000-7fff23bd7000 r-xp 00000000 00:00 0                          [vdso]
ffffffffff600000-ffffffffff601000 r-xp 00000000 00:00 0                  [vsyscall]

VM Arguments:
jvm_args: -agentlib:jdwp=transport=dt_socket,suspend=y,address=localhost:41647 -Dfile.encoding=UTF-8 
java_command: de.swagner.mgcube.DesktopStarter
Launcher Type: SUN_STANDARD

Environment Variables:
PATH=/usr/local/sbin:/usr/local/bin:/usr/sbin:/usr/bin:/sbin:/bin:/usr/games
USERNAME=bompo
LD_LIBRARY_PATH=/usr/lib/jvm/java-6-sun-1.6.0.24/jre/lib/amd64/server:/usr/lib/jvm/java-6-sun-1.6.0.24/jre/lib/amd64:/usr/lib/jvm/java-6-sun-1.6.0.24/jre/../lib/amd64:/usr/lib/jvm/java-6-openjdk/jre/lib/amd64/server:/usr/lib/jvm/java-6-openjdk/jre/lib/amd64:/usr/lib/jvm/java-6-openjdk/jre/../lib/amd64:/usr/lib64/xulrunner-addons
SHELL=/bin/bash
DISPLAY=:0.0

Signal Handlers:
SIGSEGV: [libjvm.so+0x791b30], sa_mask[0]=0x7ffbfeff, sa_flags=0x10000004
SIGBUS: [libjvm.so+0x791b30], sa_mask[0]=0x7ffbfeff, sa_flags=0x10000004
SIGFPE: [libjvm.so+0x640ba0], sa_mask[0]=0x7ffbfeff, sa_flags=0x10000004
SIGPIPE: [libjvm.so+0x640ba0], sa_mask[0]=0x7ffbfeff, sa_flags=0x10000004
SIGXFSZ: [libjvm.so+0x640ba0], sa_mask[0]=0x7ffbfeff, sa_flags=0x10000004
SIGILL: [libjvm.so+0x640ba0], sa_mask[0]=0x7ffbfeff, sa_flags=0x10000004
SIGUSR1: SIG_DFL, sa_mask[0]=0x00000000, sa_flags=0x00000000
SIGUSR2: [libjvm.so+0x643780], sa_mask[0]=0x00000004, sa_flags=0x10000004
SIGHUP: [libjvm.so+0x643380], sa_mask[0]=0x7ffbfeff, sa_flags=0x10000004
SIGINT: [libjvm.so+0x643380], sa_mask[0]=0x7ffbfeff, sa_flags=0x10000004
SIGTERM: [libjvm.so+0x643380], sa_mask[0]=0x7ffbfeff, sa_flags=0x10000004
SIGQUIT: [libjvm.so+0x643380], sa_mask[0]=0x7ffbfeff, sa_flags=0x10000004


---------------  S Y S T E M  ---------------

OS:squeeze/sid

uname:Linux 2.6.38-10-generic #44-Ubuntu SMP Thu Jun 2 21:32:22 UTC 2011 x86_64
libc:glibc 2.13 NPTL 2.13 
rlimit: STACK 8192k, CORE 0k, NPROC infinity, NOFILE 4096, AS infinity
load average:0.25 0.20 0.14

/proc/meminfo:
MemTotal:        4047872 kB
MemFree:         1271180 kB
Buffers:          155932 kB
Cached:           780348 kB
SwapCached:            0 kB
Active:          1809328 kB
Inactive:         655248 kB
Active(anon):    1530000 kB
Inactive(anon):    13372 kB
Active(file):     279328 kB
Inactive(file):   641876 kB
Unevictable:         148 kB
Mlocked:             148 kB
SwapTotal:      19529724 kB
SwapFree:       19529724 kB
Dirty:              3820 kB
Writeback:             0 kB
AnonPages:       1528556 kB
Mapped:           209220 kB
Shmem:             15080 kB
Slab:             102176 kB
SReclaimable:      74068 kB
SUnreclaim:        28108 kB
KernelStack:        4136 kB
PageTables:        35760 kB
NFS_Unstable:          0 kB
Bounce:                0 kB
WritebackTmp:          0 kB
CommitLimit:    21553660 kB
Committed_AS:    4196900 kB
VmallocTotal:   34359738367 kB
VmallocUsed:      341848 kB
VmallocChunk:   34359382772 kB
HardwareCorrupted:     0 kB
HugePages_Total:       0
HugePages_Free:        0
HugePages_Rsvd:        0
HugePages_Surp:        0
Hugepagesize:       2048 kB
DirectMap4k:      155072 kB
DirectMap2M:     4030464 kB


CPU:total 4 (4 cores per cpu, 1 threads per core) family 6 model 30 stepping 5, cmov, cx8, fxsr, mmx, sse, sse2, sse3, ssse3, sse4.1, sse4.2, popcnt

Memory: 4k page, physical 4047872k(1271180k free), swap 19529724k(19529724k free)

vm_info: Java HotSpot(TM) 64-Bit Server VM (19.1-b02) for linux-amd64 JRE (1.6.0_24-b07), built on Feb  2 2011 16:55:54 by "java_re" with gcc 3.2.2 (SuSE Linux)

time: Sun Jun 19 18:35:26 2011
elapsed time: 158 seconds

