#
# A fatal error has been detected by the Java Runtime Environment:
#
#  SIGBUS (0x7) at pc=0x00007f0fbb46df00, pid=15120, tid=139705546843904
#
# JRE version: 6.0_24-b07
# Java VM: Java HotSpot(TM) 64-Bit Server VM (19.1-b02 mixed mode linux-amd64 compressed oops)
# Problematic frame:
# 
[error occurred during error reporting (printing problematic frame), id 0x7]

# If you would like to submit a bug report, please visit:
#   http://java.sun.com/webapps/bugreport/crash.jsp
# The crash happened outside the Java Virtual Machine in native code.
# See problematic frame for where to report the bug.
#

---------------  T H R E A D  ---------------

Current thread (0x00007f0fbc130800):  JavaThread "AWT-EventQueue-0" [_thread_in_native, id=15143, stack(0x00007f0fbb6e2000,0x00007f0fbb7e3000)]

siginfo:si_signo=SIGBUS: si_errno=0, si_code=2 (BUS_ADRERR), si_addr=0x00007f0fbb46df00

Registers:
RAX=0x00007f0fbb46df00, RBX=0x00000000bdd83f28, RCX=0x0000000000000089, RDX=0x00007f0fbe7d2e70
RSP=0x00007f0fbb7de8d8, RBP=0x00007f0fbb7de930, RSI=0x00007f0fbb7de940, RDI=0x00007f0fbc1309c8
R8 =0x0000000000000012, R9 =0x00007f0fbb7ddfbc, R10=0x00007f0fc310fc7b, R11=0x00007f0fc79dfa90
R12=0x0000000000000000, R13=0x00000000bdd83f28, R14=0x00007f0fbb7de958, R15=0x00007f0fbc130800
RIP=0x00007f0fbb46df00, EFL=0x0000000000010283, CSGSFS=0x0000000000000033, ERR=0x0000000000000014
  TRAPNO=0x000000000000000e

Register to memory mapping:

RAX=0x00007f0fbb46df00

[error occurred during error reporting (printing registers, top of stack, instructions near pc), id 0x7]

Stack: [0x00007f0fbb6e2000,0x00007f0fbb7e3000],  sp=0x00007f0fbb7de8d8,  free space=1010k
Native frames: (J=compiled Java code, j=interpreted, Vv=VM code, C=native code)

[error occurred during error reporting (printing native stack), id 0x7]

Java frames: (J=compiled Java code, j=interpreted, Vv=VM code)
j  com.badlogic.gdx.graphics.g2d.Gdx2DPixmap.free(J)V+0
j  com.badlogic.gdx.graphics.g2d.Gdx2DPixmap.dispose()V+4
j  com.badlogic.gdx.graphics.Pixmap.dispose()V+4
j  com.badlogic.gdx.graphics.Texture.<init>(IILcom/badlogic/gdx/graphics/Pixmap$Format;)V+103
j  com.badlogic.gdx.graphics.glutils.FrameBuffer.build()V+17
j  com.badlogic.gdx.graphics.glutils.FrameBuffer.<init>(Lcom/badlogic/gdx/graphics/Pixmap$Format;IIZ)V+20
j  de.swagner.mgcube.Resources.initRender()V+56
j  de.swagner.mgcube.Resources.reInit()V+947
j  de.swagner.mgcube.Resources.<init>()V+3705
j  de.swagner.mgcube.Resources.getInstance()Lde/swagner/mgcube/Resources;+10
j  de.swagner.mgcube.Resources.initRender()V+70
j  de.swagner.mgcube.Resources.reInit()V+947
j  de.swagner.mgcube.Resources.<init>()V+3705
j  de.swagner.mgcube.Resources.getInstance()Lde/swagner/mgcube/Resources;+10
j  de.swagner.mgcube.Resources.initRender()V+70
j  de.swagner.mgcube.Resources.reInit()V+947
j  de.swagner.mgcube.Resources.<init>()V+3705
j  de.swagner.mgcube.Resources.getInstance()Lde/swagner/mgcube/Resources;+10
j  de.swagner.mgcube.Resources.initRender()V+70
j  de.swagner.mgcube.Resources.reInit()V+947
j  de.swagner.mgcube.Resources.<init>()V+3705
j  de.swagner.mgcube.Resources.getInstance()Lde/swagner/mgcube/Resources;+10
j  de.swagner.mgcube.Resources.initRender()V+70
j  de.swagner.mgcube.Resources.reInit()V+947
j  de.swagner.mgcube.Resources.<init>()V+3705
j  de.swagner.mgcube.Resources.getInstance()Lde/swagner/mgcube/Resources;+10
j  de.swagner.mgcube.Resources.initRender()V+70
j  de.swagner.mgcube.Resources.reInit()V+947
j  de.swagner.mgcube.Resources.<init>()V+3705
j  de.swagner.mgcube.Resources.getInstance()Lde/swagner/mgcube/Resources;+10
j  de.swagner.mgcube.Resources.initRender()V+70
j  de.swagner.mgcube.Resources.reInit()V+947
j  de.swagner.mgcube.Resources.<init>()V+3705
j  de.swagner.mgcube.Resources.getInstance()Lde/swagner/mgcube/Resources;+10
j  de.swagner.mgcube.Resources.initRender()V+70
j  de.swagner.mgcube.Resources.reInit()V+947
j  de.swagner.mgcube.Resources.<init>()V+3705
j  de.swagner.mgcube.Resources.getInstance()Lde/swagner/mgcube/Resources;+10
j  de.swagner.mgcube.Resources.initRender()V+70
j  de.swagner.mgcube.Resources.reInit()V+947
j  de.swagner.mgcube.Resources.<init>()V+3705
j  de.swagner.mgcube.Resources.getInstance()Lde/swagner/mgcube/Resources;+10
j  de.swagner.mgcube.Resources.initRender()V+70
j  de.swagner.mgcube.Resources.reInit()V+947
j  de.swagner.mgcube.Resources.<init>()V+3705
j  de.swagner.mgcube.Resources.getInstance()Lde/swagner/mgcube/Resources;+10
j  de.swagner.mgcube.Resources.initRender()V+70
j  de.swagner.mgcube.Resources.reInit()V+947
j  de.swagner.mgcube.Resources.<init>()V+3705
j  de.swagner.mgcube.Resources.getInstance()Lde/swagner/mgcube/Resources;+10
j  de.swagner.mgcube.Resources.initRender()V+70
j  de.swagner.mgcube.Resources.reInit()V+947
j  de.swagner.mgcube.Resources.<init>()V+3705
j  de.swagner.mgcube.Resources.getInstance()Lde/swagner/mgcube/Resources;+10
j  de.swagner.mgcube.Resources.initRender()V+70
j  de.swagner.mgcube.Resources.reInit()V+947
j  de.swagner.mgcube.Resources.<init>()V+3705
j  de.swagner.mgcube.Resources.getInstance()Lde/swagner/mgcube/Resources;+10
j  de.swagner.mgcube.Resources.initRender()V+70
j  de.swagner.mgcube.Resources.reInit()V+947
j  de.swagner.mgcube.Resources.<init>()V+3705
j  de.swagner.mgcube.Resources.getInstance()Lde/swagner/mgcube/Resources;+10
j  de.swagner.mgcube.Resources.initRender()V+70
j  de.swagner.mgcube.Resources.reInit()V+947
j  de.swagner.mgcube.Resources.<init>()V+3705
j  de.swagner.mgcube.Resources.getInstance()Lde/swagner/mgcube/Resources;+10
j  de.swagner.mgcube.Resources.initRender()V+70
j  de.swagner.mgcube.Resources.reInit()V+947
j  de.swagner.mgcube.Resources.<init>()V+3705
j  de.swagner.mgcube.Resources.getInstance()Lde/swagner/mgcube/Resources;+10
j  de.swagner.mgcube.Resources.initRender()V+70
j  de.swagner.mgcube.Resources.reInit()V+947
j  de.swagner.mgcube.Resources.<init>()V+3705
j  de.swagner.mgcube.Resources.getInstance()Lde/swagner/mgcube/Resources;+10
j  de.swagner.mgcube.DefaultScreen.<init>(Lcom/badlogic/gdx/Game;)V+4
j  de.swagner.mgcube.IntroScreen.<init>(Lcom/badlogic/gdx/Game;)V+2
j  de.swagner.mgcube.DesktopStarter.create()V+6
j  com.badlogic.gdx.backends.jogl.JoglGraphics.init(Ljavax/media/opengl/GLAutoDrawable;)V+16
j  com.sun.opengl.impl.GLDrawableHelper.init(Ljavax/media/opengl/GLAutoDrawable;)V+29
j  javax.media.opengl.GLCanvas$InitAction.run()V+11
j  com.sun.opengl.impl.GLDrawableHelper.invokeGL(Ljavax/media/opengl/GLDrawable;Ljavax/media/opengl/GLContext;Ljava/lang/Runnable;Ljava/lang/Runnable;)V+370
j  javax.media.opengl.GLCanvas$DisplayOnEventDispatchThreadAction.run()V+35
j  java.awt.event.InvocationEvent.dispatch()V+11
j  java.awt.EventQueue.dispatchEventImpl(Ljava/awt/AWTEvent;Ljava/lang/Object;)V+21
j  java.awt.EventQueue.access$000(Ljava/awt/EventQueue;Ljava/awt/AWTEvent;Ljava/lang/Object;)V+3
j  java.awt.EventQueue$1.run()Ljava/lang/Void;+12
j  java.awt.EventQueue$1.run()Ljava/lang/Object;+1
v  ~StubRoutines::call_stub
j  java.security.AccessController.doPrivileged(Ljava/security/PrivilegedAction;Ljava/security/AccessControlContext;)Ljava/lang/Object;+0
j  java.security.AccessControlContext$1.doIntersectionPrivilege(Ljava/security/PrivilegedAction;Ljava/security/AccessControlContext;Ljava/security/AccessControlContext;)Ljava/lang/Object;+28
j  java.awt.EventQueue.dispatchEvent(Ljava/awt/AWTEvent;)V+46
j  java.awt.EventDispatchThread.pumpOneEventForFilters(I)Z+204
j  java.awt.EventDispatchThread.pumpEventsForFilter(ILjava/awt/Conditional;Ljava/awt/EventFilter;)V+30
j  java.awt.EventDispatchThread.pumpEventsForHierarchy(ILjava/awt/Conditional;Ljava/awt/Component;)V+11
j  java.awt.EventDispatchThread.pumpEvents(ILjava/awt/Conditional;)V+4
j  java.awt.EventDispatchThread.pumpEvents(Ljava/awt/Conditional;)V+3
j  java.awt.EventDispatchThread.run()V+9
v  ~StubRoutines::call_stub

---------------  P R O C E S S  ---------------

Java Threads: ( => current thread )
  0x00007f0fbc200000 JavaThread "DestroyJavaVM" [_thread_blocked, id=15127, stack(0x00007f0fc6fa0000,0x00007f0fc70a1000)]
  0x00007f0fbc1ff000 JavaThread "Thread-1" [_thread_blocked, id=15147, stack(0x00007f0fb0e4b000,0x00007f0fb0f4c000)]
=>0x00007f0fbc130800 JavaThread "AWT-EventQueue-0" [_thread_in_native, id=15143, stack(0x00007f0fbb6e2000,0x00007f0fbb7e3000)]
  0x00007f0fbc12f000 JavaThread "AWT-Shutdown" [_thread_blocked, id=15142, stack(0x00007f0fbb7e3000,0x00007f0fbb8e4000)]
  0x00007f0fbc12d800 JavaThread "AWT-XAWT" daemon [_thread_blocked, id=15141, stack(0x00007f0fbb8e4000,0x00007f0fbb9e5000)]
  0x00007f0fbc0bb000 JavaThread "Java2D Disposer" daemon [_thread_blocked, id=15140, stack(0x00007f0fc00c7000,0x00007f0fc01c8000)]
  0x00007f0fbc002800 JavaThread "Low Memory Detector" daemon [_thread_blocked, id=15138, stack(0x00007f0fc1767000,0x00007f0fc1868000)]
  0x0000000040e1a800 JavaThread "CompilerThread1" daemon [_thread_blocked, id=15137, stack(0x00007f0fc1868000,0x00007f0fc1969000)]
  0x0000000040e17800 JavaThread "CompilerThread0" daemon [_thread_blocked, id=15136, stack(0x00007f0fc1969000,0x00007f0fc1a6a000)]
  0x0000000040e15800 JavaThread "Signal Dispatcher" daemon [_thread_blocked, id=15135, stack(0x00007f0fc1a6a000,0x00007f0fc1b6b000)]
  0x0000000040df9000 JavaThread "Finalizer" daemon [_thread_blocked, id=15134, stack(0x00007f0fc1f73000,0x00007f0fc2074000)]
  0x0000000040df1800 JavaThread "Reference Handler" daemon [_thread_blocked, id=15133, stack(0x00007f0fc2074000,0x00007f0fc2175000)]

Other Threads:
  0x0000000040dea800 VMThread [stack: 0x00007f0fc2175000,0x00007f0fc2276000] [id=15132]
  0x00007f0fbc015800 WatcherThread [stack: 0x00007f0fc1666000,0x00007f0fc1767000] [id=15139]

VM state:not at safepoint (normal execution)

VM Mutex/Monitor currently owned by a thread: None

Heap
 PSYoungGen      total 65344K, used 5923K [0x00000000eb600000, 0x00000000ef8a0000, 0x0000000100000000)
  eden space 63040K, 5% used [0x00000000eb600000,0x00000000eb98e1a0,0x00000000ef390000)
  from space 2304K, 99% used [0x00000000ef600000,0x00000000ef83acd8,0x00000000ef840000)
  to   space 2496K, 0% used [0x00000000ef390000,0x00000000ef390000,0x00000000ef600000)
 PSOldGen        total 42240K, used 8K [0x00000000c2200000, 0x00000000c4b40000, 0x00000000eb600000)
  object space 42240K, 0% used [0x00000000c2200000,0x00000000c2202000,0x00000000c4b40000)
 PSPermGen       total 21248K, used 14012K [0x00000000bd000000, 0x00000000be4c0000, 0x00000000c2200000)
  object space 21248K, 65% used [0x00000000bd000000,0x00000000bddaf320,0x00000000be4c0000)

Dynamic libraries:
40000000-40009000 r-xp 00000000 08:05 1662394                            /usr/lib/jvm/java-6-sun-1.6.0.24/jre/bin/java
400b3000-400b5000 r-xs 00000000 08:05 525604                             /tmp/glKAxbkb (deleted)
40108000-4010a000 rwxp 00008000 08:05 1662394                            /usr/lib/jvm/java-6-sun-1.6.0.24/jre/bin/java
40d84000-4148c000 rwxp 00000000 00:00 0                                  [heap]
bd000000-be4c0000 rwxp 00000000 00:00 0 
be4c0000-c2200000 rwxp 00000000 00:00 0 
c2200000-c4b40000 rwxp 00000000 00:00 0 
c4b40000-eb600000 rwxp 00000000 00:00 0 
eb600000-ef8a0000 rwxp 00000000 00:00 0 
ef8a0000-100000000 rwxp 00000000 00:00 0 
7f0fafcf2000-7f0fb0289000 rwxp 00000000 00:00 0 
7f0fb0289000-7f0fb0309000 rwxs b9307000 00:05 6747                       /dev/nvidia0
7f0fb0309000-7f0fb030b000 rwxs 00000000 08:05 525604                     /tmp/glKAxbkb (deleted)
7f0fb030b000-7f0fb0b0b000 rwxp 00000000 00:00 0 
7f0fb0b0b000-7f0fb0d0b000 rwxs 622b7000 00:05 6747                       /dev/nvidia0
7f0fb0d0b000-7f0fb0e0b000 rwxs a6681000 00:05 6747                       /dev/nvidia0
7f0fb0e0b000-7f0fb0e4b000 rwxs ad998000 00:05 6747                       /dev/nvidia0
7f0fb0e4b000-7f0fb0e4e000 ---p 00000000 00:00 0 
7f0fb0e4e000-7f0fb0f4c000 rwxp 00000000 00:00 0 
7f0fb0f4c000-7f0fb0f4d000 ---p 00000000 00:00 0 
7f0fb0f4d000-7f0fb174d000 rwxp 00000000 00:00 0 
7f0fb174d000-7f0fb574e000 rwxs 00000000 00:10 247032                     /dev/shm/pulse-shm-1363032966
7f0fb574e000-7f0fb574f000 ---p 00000000 00:00 0 
7f0fb574f000-7f0fb5f4f000 rwxp 00000000 00:00 0 
7f0fb5f4f000-7f0fb5f55000 r-xp 00000000 08:05 1573092                    /usr/lib/libogg.so.0.7.0
7f0fb5f55000-7f0fb6154000 ---p 00006000 08:05 1573092                    /usr/lib/libogg.so.0.7.0
7f0fb6154000-7f0fb6155000 r-xp 00005000 08:05 1573092                    /usr/lib/libogg.so.0.7.0
7f0fb6155000-7f0fb6156000 rwxp 00006000 08:05 1573092                    /usr/lib/libogg.so.0.7.0
7f0fb6156000-7f0fb6181000 r-xp 00000000 08:05 1582648                    /usr/lib/libvorbis.so.0.4.5
7f0fb6181000-7f0fb6380000 ---p 0002b000 08:05 1582648                    /usr/lib/libvorbis.so.0.4.5
7f0fb6380000-7f0fb6381000 r-xp 0002a000 08:05 1582648                    /usr/lib/libvorbis.so.0.4.5
7f0fb6381000-7f0fb6382000 rwxp 0002b000 08:05 1582648                    /usr/lib/libvorbis.so.0.4.5
7f0fb6382000-7f0fb6635000 r-xp 00000000 08:05 1573212                    /usr/lib/libvorbisenc.so.2.0.8
7f0fb6635000-7f0fb6834000 ---p 002b3000 08:05 1573212                    /usr/lib/libvorbisenc.so.2.0.8
7f0fb6834000-7f0fb6850000 r-xp 002b2000 08:05 1573212                    /usr/lib/libvorbisenc.so.2.0.8
7f0fb6850000-7f0fb6851000 rwxp 002ce000 08:05 1573212                    /usr/lib/libvorbisenc.so.2.0.8
7f0fb6851000-7f0fb6899000 r-xp 00000000 08:05 1570101                    /usr/lib/libFLAC.so.8.2.0
7f0fb6899000-7f0fb6a99000 ---p 00048000 08:05 1570101                    /usr/lib/libFLAC.so.8.2.0
7f0fb6a99000-7f0fb6a9a000 r-xp 00048000 08:05 1570101                    /usr/lib/libFLAC.so.8.2.0
7f0fb6a9a000-7f0fb6a9b000 rwxp 00049000 08:05 1570101                    /usr/lib/libFLAC.so.8.2.0
7f0fb6a9b000-7f0fb6afc000 r-xp 00000000 08:05 1570821                    /usr/lib/libsndfile.so.1.0.23
7f0fb6afc000-7f0fb6cfc000 ---p 00061000 08:05 1570821                    /usr/lib/libsndfile.so.1.0.23
7f0fb6cfc000-7f0fb6cfe000 r-xp 00061000 08:05 1570821                    /usr/lib/libsndfile.so.1.0.23
7f0fb6cfe000-7f0fb6cff000 rwxp 00063000 08:05 1570821                    /usr/lib/libsndfile.so.1.0.23
7f0fb6cff000-7f0fb6d03000 rwxp 00000000 00:00 0 
7f0fb6d03000-7f0fb6d0b000 r-xp 00000000 08:05 538930                     /lib/libwrap.so.0.7.6
7f0fb6d0b000-7f0fb6f0b000 ---p 00008000 08:05 538930                     /lib/libwrap.so.0.7.6
7f0fb6f0b000-7f0fb6f0c000 r-xp 00008000 08:05 538930                     /lib/libwrap.so.0.7.6
7f0fb6f0c000-7f0fb6f0d000 rwxp 00009000 08:05 538930                     /lib/libwrap.so.0.7.6
7f0fb6f0d000-7f0fb6f0e000 rwxp 00000000 00:00 0 
7f0fb6f0e000-7f0fb6f12000 r-xp 00000000 08:05 534738                     /lib/x86_64-linux-gnu/libuuid.so.1.3.0
7f0fb6f12000-7f0fb7111000 ---p 00004000 08:05 534738                     /lib/x86_64-linux-gnu/libuuid.so.1.3.0
7f0fb7111000-7f0fb7112000 r-xp 00003000 08:05 534738                     /lib/x86_64-linux-gnu/libuuid.so.1.3.0
7f0fb7112000-7f0fb7113000 rwxp 00004000 08:05 534738                     /lib/x86_64-linux-gnu/libuuid.so.1.3.0
7f0fb7113000-7f0fb7155000 r-xp 00000000 08:05 525819                     /lib/x86_64-linux-gnu/libdbus-1.so.3.5.4
7f0fb7155000-7f0fb7355000 ---p 00042000 08:05 525819                     /lib/x86_64-linux-gnu/libdbus-1.so.3.5.4
7f0fb7355000-7f0fb7356000 r-xp 00042000 08:05 525819                     /lib/x86_64-linux-gnu/libdbus-1.so.3.5.4
7f0fb7356000-7f0fb7357000 rwxp 00043000 08:05 525819                     /lib/x86_64-linux-gnu/libdbus-1.so.3.5.4
7f0fb7357000-7f0fb73a2000 r-xp 00000000 08:05 1580900                    /usr/lib/libpulsecommon-0.9.22.so
7f0fb73a2000-7f0fb75a1000 ---p 0004b000 08:05 1580900                    /usr/lib/libpulsecommon-0.9.22.so
7f0fb75a1000-7f0fb75a2000 r-xp 0004a000 08:05 1580900                    /usr/lib/libpulsecommon-0.9.22.so
7f0fb75a2000-7f0fb75a3000 rwxp 0004b000 08:05 1580900                    /usr/lib/libpulsecommon-0.9.22.so
7f0fb75a3000-7f0fb75a6000 r-xp 00000000 08:05 1573582                    /usr/lib/libxcb-atom.so.1.0.0
7f0fb75a6000-7f0fb77a6000 ---p 00003000 08:05 1573582                    /usr/lib/libxcb-atom.so.1.0.0
7f0fb77a6000-7f0fb77a7000 r-xp 00003000 08:05 1573582                    /usr/lib/libxcb-atom.so.1.0.0
7f0fb77a7000-7f0fb77a8000 rwxp 00004000 08:05 1573582                    /usr/lib/libxcb-atom.so.1.0.0
7f0fb77a8000-7f0fb77af000 r-xp 00000000 08:05 1578963                    /usr/lib/x86_64-linux-gnu/libSM.so.6.0.1
7f0fb77af000-7f0fb79ae000 ---p 00007000 08:05 1578963                    /usr/lib/x86_64-linux-gnu/libSM.so.6.0.1
7f0fb79ae000-7f0fb79af000 r-xp 00006000 08:05 1578963                    /usr/lib/x86_64-linux-gnu/libSM.so.6.0.1
7f0fb79af000-7f0fb79b0000 rwxp 00007000 08:05 1578963                    /usr/lib/x86_64-linux-gnu/libSM.so.6.0.1
7f0fb79b0000-7f0fb79c6000 r-xp 00000000 08:05 1571606                    /usr/lib/x86_64-linux-gnu/libICE.so.6.3.0
7f0fb79c6000-7f0fb7bc6000 ---p 00016000 08:05 1571606                    /usr/lib/x86_64-linux-gnu/libICE.so.6.3.0
7f0fb7bc6000-7f0fb7bc7000 r-xp 00016000 08:05 1571606                    /usr/lib/x86_64-linux-gnu/libICE.so.6.3.0
7f0fb7bc7000-7f0fb7bc8000 rwxp 00017000 08:05 1571606                    /usr/lib/x86_64-linux-gnu/libICE.so.6.3.0
7f0fb7bc8000-7f0fb7bcb000 rwxp 00000000 00:00 0 
7f0fb7bcb000-7f0fb7bcc000 r-xp 00000000 08:05 1570508                    /usr/lib/x86_64-linux-gnu/libX11-xcb.so.1.0.0
7f0fb7bcc000-7f0fb7dcb000 ---p 00001000 08:05 1570508                    /usr/lib/x86_64-linux-gnu/libX11-xcb.so.1.0.0
7f0fb7dcb000-7f0fb7dcc000 r-xp 00000000 08:05 1570508                    /usr/lib/x86_64-linux-gnu/libX11-xcb.so.1.0.0
7f0fb7dcc000-7f0fb7dcd000 rwxp 00001000 08:05 1570508                    /usr/lib/x86_64-linux-gnu/libX11-xcb.so.1.0.0
7f0fb7dcd000-7f0fb7e0d000 r-xp 00000000 08:05 1573921                    /usr/lib/libpulse.so.0.12.3
7f0fb7e0d000-7f0fb800c000 ---p 00040000 08:05 1573921                    /usr/lib/libpulse.so.0.12.3
7f0fb800c000-7f0fb800d000 r-xp 0003f000 08:05 1573921                    /usr/lib/libpulse.so.0.12.3
7f0fb800d000-7f0fb800e000 rwxp 00040000 08:05 1573921                    /usr/lib/libpulse.so.0.12.3
7f0fb800e000-7f0fb805a000 r-xp 00000000 08:05 526954                     /tmp/libgdx/1799094955/libopenal64.so
7f0fb805a000-7f0fb8259000 ---p 0004c000 08:05 526954                     /tmp/libgdx/1799094955/libopenal64.so
7f0fb8259000-7f0fb825b000 r-xp 0004b000 08:05 526954                     /tmp/libgdx/1799094955/libopenal64.so
7f0fb825b000-7f0fb825c000 rwxp 0004d000 08:05 526954                     /tmp/libgdx/1799094955/libopenal64.so
7f0fb825c000-7f0fb825d000 rwxp 00000000 00:00 0 
7f0fb825d000-7f0fb8265000 r-xp 00000000 08:05 1581969                    /usr/lib/x86_64-linux-gnu/libXrandr.so.2.2.0
7f0fb8265000-7f0fb8464000 ---p 00008000 08:05 1581969                    /usr/lib/x86_64-linux-gnu/libXrandr.so.2.2.0
7f0fb8464000-7f0fb8465000 r-xp 00007000 08:05 1581969                    /usr/lib/x86_64-linux-gnu/libXrandr.so.2.2.0
7f0fb8465000-7f0fb8466000 rwxp 00008000 08:05 1581969                    /usr/lib/x86_64-linux-gnu/libXrandr.so.2.2.0
7f0fb8466000-7f0fb84df000 r-xp 00000000 08:05 527562                     /tmp/libgdx/1799094955/liblwjgl64.so
7f0fb84df000-7f0fb86de000 ---p 00079000 08:05 527562                     /tmp/libgdx/1799094955/liblwjgl64.so
7f0fb86de000-7f0fb86e0000 r-xp 00078000 08:05 527562                     /tmp/libgdx/1799094955/liblwjgl64.so
7f0fb86e0000-7f0fb86e1000 rwxp 0007a000 08:05 527562                     /tmp/libgdx/1799094955/liblwjgl64.so
7f0fb86e1000-7f0fb87d0000 r-xp 00000000 08:05 526879                     /tmp/libgdx/1799094955/libjogl-linux64.so
7f0fb87d0000-7f0fb88d0000 ---p 000ef000 08:05 526879                     /tmp/libgdx/1799094955/libjogl-linux64.so
7f0fb88d0000-7f0fb88d1000 rwxp 000ef000 08:05 526879                     /tmp/libgdx/1799094955/libjogl-linux64.so
7f0fb88d1000-7f0fb9d1f000 r-xp 00000000 08:05 723                        /usr/lib/nvidia-current/libnvidia-glcore.so.270.41.19
7f0fb9d1f000-7f0fb9f1f000 ---p 0144e000 08:05 723                        /usr/lib/nvidia-current/libnvidia-glcore.so.270.41.19
7f0fb9f1f000-7f0fba507000 rwxp 0144e000 08:05 723                        /usr/lib/nvidia-current/libnvidia-glcore.so.270.41.19
7f0fba507000-7f0fba51e000 rwxp 00000000 00:00 0 
7f0fba51e000-7f0fba51f000 r-xp 00000000 08:05 716                        /usr/lib/nvidia-current/tls/libnvidia-tls.so.270.41.19
7f0fba51f000-7f0fba71f000 ---p 00001000 08:05 716                        /usr/lib/nvidia-current/tls/libnvidia-tls.so.270.41.19
7f0fba71f000-7f0fba720000 rwxp 00001000 08:05 716                        /usr/lib/nvidia-current/tls/libnvidia-tls.so.270.41.19
7f0fba720000-7f0fba721000 r-xp 00000000 08:05 1734853                    /usr/lib/jvm/java-6-sun-1.6.0.24/jre/lib/amd64/libjawt.so
7f0fba721000-7f0fba820000 ---p 00001000 08:05 1734853                    /usr/lib/jvm/java-6-sun-1.6.0.24/jre/lib/amd64/libjawt.so
7f0fba820000-7f0fba821000 rwxp 00000000 08:05 1734853                    /usr/lib/jvm/java-6-sun-1.6.0.24/jre/lib/amd64/libjawt.so
7f0fba821000-7f0fba826000 r-xp 00000000 08:05 1581972                    /usr/lib/x86_64-linux-gnu/libXxf86vm.so.1.0.0
7f0fba826000-7f0fbaa25000 ---p 00005000 08:05 1581972                    /usr/lib/x86_64-linux-gnu/libXxf86vm.so.1.0.0
7f0fbaa25000-7f0fbaa26000 r-xp 00004000 08:05 1581972                    /usr/lib/x86_64-linux-gnu/libXxf86vm.so.1.0.0
7f0fbaa26000-7f0fbaa27000 rwxp 00005000 08:05 1581972                    /usr/lib/x86_64-linux-gnu/libXxf86vm.so.1.0.0
7f0fbaa27000-7f0fbaae4000 r-xp 00000000 08:05 928                        /usr/lib/nvidia-current/libGL.so.270.41.19
7f0fbaae4000-7f0fbace4000 ---p 000bd000 08:05 928                        /usr/lib/nvidia-current/libGL.so.270.41.19
7f0fbace4000-7f0fbad1d000 rwxp 000bd000 08:05 928                        /usr/lib/nvidia-current/libGL.so.270.41.19
7f0fbad1d000-7f0fbad33000 rwxp 00000000 00:00 0 
7f0fbad33000-7f0fbad35000 r-xp 00000000 08:05 526862                     /tmp/libgdx/1799094955/libjogl_awt-linux64.so
7f0fbad35000-7f0fbae34000 ---p 00002000 08:05 526862                     /tmp/libgdx/1799094955/libjogl_awt-linux64.so
7f0fbae34000-7f0fbae35000 rwxp 00001000 08:05 526862                     /tmp/libgdx/1799094955/libjogl_awt-linux64.so
7f0fbae35000-7f0fbae36000 r-xp 00000000 08:05 526359                     /tmp/libgdx/1799094955/libgluegen-rt-linux64.so
7f0fbae36000-7f0fbaf35000 ---p 00001000 08:05 526359                     /tmp/libgdx/1799094955/libgluegen-rt-linux64.so
7f0fbaf35000-7f0fbaf36000 rwxp 00000000 08:05 526359                     /tmp/libgdx/1799094955/libgluegen-rt-linux64.so
7f0fbaf36000-7f0fbaf4b000 r-xp 00000000 08:05 528127                     /lib/x86_64-linux-gnu/libgcc_s.so.1
7f0fbaf4b000-7f0fbb14a000 ---p 00015000 08:05 528127                     /lib/x86_64-linux-gnu/libgcc_s.so.1
7f0fbb14a000-7f0fbb14b000 r-xp 00014000 08:05 528127                     /lib/x86_64-linux-gnu/libgcc_s.so.1
7f0fbb14b000-7f0fbb14c000 rwxp 00015000 08:05 528127                     /lib/x86_64-linux-gnu/libgcc_s.so.1
7f0fbb14c000-7f0fbb234000 r-xp 00000000 08:05 1571250                    /usr/lib/x86_64-linux-gnu/libstdc++.so.6.0.14
7f0fbb234000-7f0fbb433000 ---p 000e8000 08:05 1571250                    /usr/lib/x86_64-linux-gnu/libstdc++.so.6.0.14
7f0fbb433000-7f0fbb43b000 r-xp 000e7000 08:05 1571250                    /usr/lib/x86_64-linux-gnu/libstdc++.so.6.0.14
7f0fbb43b000-7f0fbb43d000 rwxp 000ef000 08:05 1571250                    /usr/lib/x86_64-linux-gnu/libstdc++.so.6.0.14
7f0fbb43d000-7f0fbb452000 rwxp 00000000 00:00 0 
7f0fbb452000-7f0fbb4dd000 r-xp 00000000 08:05 526289                     /tmp/libgdx/1799094955/libgdx-64.so
7f0fbb4dd000-7f0fbb6dd000 ---p 0008b000 08:05 526289                     /tmp/libgdx/1799094955/libgdx-64.so
7f0fbb6dd000-7f0fbb6de000 r-xp 0008b000 08:05 526289                     /tmp/libgdx/1799094955/libgdx-64.so
7f0fbb6de000-7f0fbb6df000 rwxp 0008c000 08:05 526289                     /tmp/libgdx/1799094955/libgdx-64.so
7f0fbb6df000-7f0fbb6e2000 rwxp 00000000 00:00 0 
7f0fbb6e2000-7f0fbb6e5000 ---p 00000000 00:00 0 
7f0fbb6e5000-7f0fbb7e3000 rwxp 00000000 00:00 0 
7f0fbb7e3000-7f0fbb7e6000 ---p 00000000 00:00 0 
7f0fbb7e6000-7f0fbb8e4000 rwxp 00000000 00:00 0 
7f0fbb8e4000-7f0fbb8e7000 ---p 00000000 00:00 0 
7f0fbb8e7000-7f0fbb9e5000 rwxp 00000000 00:00 0 
7f0fbb9e5000-7f0fbb9ea000 r-xp 00000000 08:05 1570859                    /usr/lib/x86_64-linux-gnu/libXfixes.so.3.1.0
7f0fbb9ea000-7f0fbbbe9000 ---p 00005000 08:05 1570859                    /usr/lib/x86_64-linux-gnu/libXfixes.so.3.1.0
7f0fbbbe9000-7f0fbbbea000 r-xp 00004000 08:05 1570859                    /usr/lib/x86_64-linux-gnu/libXfixes.so.3.1.0
7f0fbbbea000-7f0fbbbeb000 rwxp 00005000 08:05 1570859                    /usr/lib/x86_64-linux-gnu/libXfixes.so.3.1.0
7f0fbbbeb000-7f0fbbbf4000 r-xp 00000000 08:05 1570620                    /usr/lib/x86_64-linux-gnu/libXrender.so.1.3.0
7f0fbbbf4000-7f0fbbdf4000 ---p 00009000 08:05 1570620                    /usr/lib/x86_64-linux-gnu/libXrender.so.1.3.0
7f0fbbdf4000-7f0fbbdf5000 r-xp 00009000 08:05 1570620                    /usr/lib/x86_64-linux-gnu/libXrender.so.1.3.0
7f0fbbdf5000-7f0fbbdf6000 rwxp 0000a000 08:05 1570620                    /usr/lib/x86_64-linux-gnu/libXrender.so.1.3.0
7f0fbbdf6000-7f0fbbdff000 r-xp 00000000 08:05 1573929                    /usr/lib/x86_64-linux-gnu/libXcursor.so.1.0.2
7f0fbbdff000-7f0fbbffe000 ---p 00009000 08:05 1573929                    /usr/lib/x86_64-linux-gnu/libXcursor.so.1.0.2
7f0fbbffe000-7f0fbbfff000 r-xp 00008000 08:05 1573929                    /usr/lib/x86_64-linux-gnu/libXcursor.so.1.0.2
7f0fbbfff000-7f0fbc000000 rwxp 00009000 08:05 1573929                    /usr/lib/x86_64-linux-gnu/libXcursor.so.1.0.2
7f0fbc000000-7f0fbf29b000 rwxp 00000000 00:00 0 
7f0fbf29b000-7f0fc0000000 ---p 00000000 00:00 0 
7f0fc001b000-7f0fc001f000 rwxs b9042000 00:05 6747                       /dev/nvidia0
7f0fc001f000-7f0fc0023000 rwxs 10ea0000 00:05 6747                       /dev/nvidia0
7f0fc0023000-7f0fc0024000 rwxs d0008000 00:05 6747                       /dev/nvidia0
7f0fc0024000-7f0fc0025000 rwxs be2a0000 00:05 6747                       /dev/nvidia0
7f0fc0025000-7f0fc0029000 rwxs 47c7b000 00:05 6747                       /dev/nvidia0
7f0fc0029000-7f0fc002a000 rwxs fbc0a000 00:05 6747                       /dev/nvidia0
7f0fc002a000-7f0fc004a000 rwxs a6c34000 00:05 6747                       /dev/nvidia0
7f0fc004a000-7f0fc004b000 rwxs fb641000 00:05 6747                       /dev/nvidia0
7f0fc004b000-7f0fc004c000 rwxs 112c78000 00:05 6747                      /dev/nvidia0
7f0fc004c000-7f0fc004d000 rwxs a6c33000 00:05 6747                       /dev/nvidia0
7f0fc004d000-7f0fc004e000 rwxs fb060000 00:05 6747                       /dev/nvidia0
7f0fc004e000-7f0fc0069000 rwxs 115f20000 00:05 6747                      /dev/nvidia0
7f0fc0069000-7f0fc006a000 r-xs 00000000 08:05 532633                     /var/cache/fontconfig/26de28bc8622bbc1fb67fd234c21975f-le64.cache-3
7f0fc006a000-7f0fc006b000 r-xs 00000000 08:05 554485                     /var/cache/fontconfig/c05880de57d1f5e948fdfacc138775d9-le64.cache-3
7f0fc006b000-7f0fc0074000 r-xs 00000000 08:05 527845                     /var/cache/fontconfig/945677eb7aeaf62f1d50efc3fb3ec7d8-le64.cache-3
7f0fc0074000-7f0fc0076000 r-xs 00000000 08:05 554480                     /var/cache/fontconfig/99e8ed0e538f840c565b6ed5dad60d56-le64.cache-3
7f0fc0076000-7f0fc0079000 r-xs 00000000 08:05 554411                     /var/cache/fontconfig/f24b2111ab8703b4e963115a8cf14259-le64.cache-3
7f0fc0079000-7f0fc007c000 r-xs 00000000 08:05 554479                     /var/cache/fontconfig/e383d7ea5fbe662a33d9b44caf393297-le64.cache-3
7f0fc007c000-7f0fc007f000 r-xs 00000000 08:05 554477                     /var/cache/fontconfig/2cd17615ca594fa2959ae173292e504c-le64.cache-3
7f0fc007f000-7f0fc0080000 r-xs 00000000 08:05 554471                     /var/cache/fontconfig/e7071f4a29fa870f4323321c154eba04-le64.cache-3
7f0fc0080000-7f0fc0089000 r-xs 00000000 08:05 554448                     /var/cache/fontconfig/6d41288fd70b0be22e8c3a91e032eec0-le64.cache-3
7f0fc0089000-7f0fc0099000 r-xs 00000000 08:05 554447                     /var/cache/fontconfig/0f34bcd4b6ee430af32735b75db7f02b-le64.cache-3
7f0fc0099000-7f0fc00c7000 r-xs 00000000 08:05 554435                     /var/cache/fontconfig/365b55f210c0a22e9a19e35191240f32-le64.cache-3
7f0fc00c7000-7f0fc00ca000 ---p 00000000 00:00 0 
7f0fc00ca000-7f0fc01c8000 rwxp 00000000 00:00 0 
7f0fc01c8000-7f0fc0241000 r-xp 00000000 08:05 1734841                    /usr/lib/jvm/java-6-sun-1.6.0.24/jre/lib/amd64/libfontmanager.so
7f0fc0241000-7f0fc0340000 ---p 00079000 08:05 1734841                    /usr/lib/jvm/java-6-sun-1.6.0.24/jre/lib/amd64/libfontmanager.so
7f0fc0340000-7f0fc0355000 rwxp 00078000 08:05 1734841                    /usr/lib/jvm/java-6-sun-1.6.0.24/jre/lib/amd64/libfontmanager.so
7f0fc0355000-7f0fc0366000 rwxp 00000000 00:00 0 
7f0fc0366000-7f0fc036b000 r-xp 00000000 08:05 1573561                    /usr/lib/x86_64-linux-gnu/libXdmcp.so.6.0.0
7f0fc036b000-7f0fc056a000 ---p 00005000 08:05 1573561                    /usr/lib/x86_64-linux-gnu/libXdmcp.so.6.0.0
7f0fc056a000-7f0fc056b000 r-xp 00004000 08:05 1573561                    /usr/lib/x86_64-linux-gnu/libXdmcp.so.6.0.0
7f0fc056b000-7f0fc056c000 rwxp 00005000 08:05 1573561                    /usr/lib/x86_64-linux-gnu/libXdmcp.so.6.0.0
7f0fc056c000-7f0fc056e000 r-xp 00000000 08:05 1570542                    /usr/lib/x86_64-linux-gnu/libXau.so.6.0.0
7f0fc056e000-7f0fc076d000 ---p 00002000 08:05 1570542                    /usr/lib/x86_64-linux-gnu/libXau.so.6.0.0
7f0fc076d000-7f0fc076e000 r-xp 00001000 08:05 1570542                    /usr/lib/x86_64-linux-gnu/libXau.so.6.0.0
7f0fc076e000-7f0fc076f000 rwxp 00002000 08:05 1570542                    /usr/lib/x86_64-linux-gnu/libXau.so.6.0.0
7f0fc076f000-7f0fc078a000 r-xp 00000000 08:05 1572615                    /usr/lib/x86_64-linux-gnu/libxcb.so.1.1.0
7f0fc078a000-7f0fc0989000 ---p 0001b000 08:05 1572615                    /usr/lib/x86_64-linux-gnu/libxcb.so.1.1.0
7f0fc0989000-7f0fc098a000 r-xp 0001a000 08:05 1572615                    /usr/lib/x86_64-linux-gnu/libxcb.so.1.1.0
7f0fc098a000-7f0fc098b000 rwxp 0001b000 08:05 1572615                    /usr/lib/x86_64-linux-gnu/libxcb.so.1.1.0
7f0fc098b000-7f0fc099a000 r-xp 00000000 08:05 1613065                    /usr/lib/x86_64-linux-gnu/libXi.so.6.1.0
7f0fc099a000-7f0fc0b99000 ---p 0000f000 08:05 1613065                    /usr/lib/x86_64-linux-gnu/libXi.so.6.1.0
7f0fc0b99000-7f0fc0b9a000 r-xp 0000e000 08:05 1613065                    /usr/lib/x86_64-linux-gnu/libXi.so.6.1.0
7f0fc0b9a000-7f0fc0b9b000 rwxp 0000f000 08:05 1613065                    /usr/lib/x86_64-linux-gnu/libXi.so.6.1.0
7f0fc0b9b000-7f0fc0ba0000 r-xp 00000000 08:05 1572606                    /usr/lib/libXtst.so.6.1.0
7f0fc0ba0000-7f0fc0d9f000 ---p 00005000 08:05 1572606                    /usr/lib/libXtst.so.6.1.0
7f0fc0d9f000-7f0fc0da0000 r-xp 00004000 08:05 1572606                    /usr/lib/libXtst.so.6.1.0
7f0fc0da0000-7f0fc0da1000 rwxp 00005000 08:05 1572606                    /usr/lib/libXtst.so.6.1.0
7f0fc0da1000-7f0fc0ed6000 r-xp 00000000 08:05 1573591                    /usr/lib/x86_64-linux-gnu/libX11.so.6.3.0
7f0fc0ed6000-7f0fc10d6000 ---p 00135000 08:05 1573591                    /usr/lib/x86_64-linux-gnu/libX11.so.6.3.0
7f0fc10d6000-7f0fc10d7000 r-xp 00135000 08:05 1573591                    /usr/lib/x86_64-linux-gnu/libX11.so.6.3.0
7f0fc10d7000-7f0fc10db000 rwxp 00136000 08:05 1573591                    /usr/lib/x86_64-linux-gnu/libX11.so.6.3.0
7f0fc10db000-7f0fc10ec000 r-xp 00000000 08:05 1571673                    /usr/lib/x86_64-linux-gnu/libXext.so.6.4.0
7f0fc10ec000-7f0fc12eb000 ---p 00011000 08:05 1571673                    /usr/lib/x86_64-linux-gnu/libXext.so.6.4.0
7f0fc12eb000-7f0fc12ec000 r-xp 00010000 08:05 1571673                    /usr/lib/x86_64-linux-gnu/libXext.so.6.4.0
7f0fc12ec000-7f0fc12ed000 rwxp 00011000 08:05 1571673                    /usr/lib/x86_64-linux-gnu/libXext.so.6.4.0
7f0fc12ed000-7f0fc12f1000 r-xs 00000000 08:05 554470                     /var/cache/fontconfig/6eb3985aa4124903f6ff08ba781cd364-le64.cache-3
7f0fc12f1000-7f0fc12f6000 r-xs 00000000 08:05 554453                     /var/cache/fontconfig/062808c12e6e608270f93bb230aed730-le64.cache-3
7f0fc12f6000-7f0fc12fc000 r-xs 00000000 08:05 554429                     /var/cache/fontconfig/a755afe4a08bf5b97852ceb7400b47bc-le64.cache-3
7f0fc12fc000-7f0fc1306000 r-xs 00000000 08:05 554433                     /var/cache/fontconfig/d52a8644073d54c13679302ca1180695-le64.cache-3
7f0fc1306000-7f0fc1307000 r-xs 00000000 08:05 554418                     /var/cache/fontconfig/ec648e9a1aea82bddd4bd6050028158d-le64.cache-3
7f0fc1307000-7f0fc131a000 r-xs 00000000 08:05 538224                     /var/cache/fontconfig/e13b20fdb08344e0e664864cc2ede53d-le64.cache-3
7f0fc131a000-7f0fc135c000 r-xp 00000000 08:05 1734831                    /usr/lib/jvm/java-6-sun-1.6.0.24/jre/lib/amd64/xawt/libmawt.so
7f0fc135c000-7f0fc145b000 ---p 00042000 08:05 1734831                    /usr/lib/jvm/java-6-sun-1.6.0.24/jre/lib/amd64/xawt/libmawt.so
7f0fc145b000-7f0fc1467000 rwxp 00041000 08:05 1734831                    /usr/lib/jvm/java-6-sun-1.6.0.24/jre/lib/amd64/xawt/libmawt.so
7f0fc1467000-7f0fc1468000 rwxp 00000000 00:00 0 
7f0fc1468000-7f0fc14fa000 r-xp 00000000 08:05 1734852                    /usr/lib/jvm/java-6-sun-1.6.0.24/jre/lib/amd64/libawt.so
7f0fc14fa000-7f0fc15f9000 ---p 00092000 08:05 1734852                    /usr/lib/jvm/java-6-sun-1.6.0.24/jre/lib/amd64/libawt.so
7f0fc15f9000-7f0fc1612000 rwxp 00091000 08:05 1734852                    /usr/lib/jvm/java-6-sun-1.6.0.24/jre/lib/amd64/libawt.so
7f0fc1612000-7f0fc1637000 rwxp 00000000 00:00 0 
7f0fc1637000-7f0fc1640000 r-xs 00076000 08:05 1339556                    /home/bompo/git/mgcube/libs/gdx.jar
7f0fc1640000-7f0fc1646000 r-xs 00064000 08:05 1339995                    /home/bompo/git/mgcube/libs/gdx-sources.jar
7f0fc1646000-7f0fc1647000 r-xs 001d6000 08:05 1339734                    /home/bompo/git/mgcube/libs/gdx-natives.jar
7f0fc1647000-7f0fc1661000 r-xs 00205000 08:05 1330241                    /home/bompo/git/mgcube/libs/gdx-backend-jogl.jar
7f0fc1661000-7f0fc1662000 r-xs 00006000 08:05 1330357                    /home/bompo/git/mgcube/libs/gdx-backend-jogl-sources.jar
7f0fc1662000-7f0fc1663000 r-xs 001f3000 08:05 1339854                    /home/bompo/git/mgcube/libs/gdx-backend-jogl-natives.jar
7f0fc1663000-7f0fc1666000 r-xs 0000f000 08:05 1622792                    /usr/lib/jvm/java-6-sun-1.6.0.24/jre/lib/ext/pulse-java.jar
7f0fc1666000-7f0fc1667000 ---p 00000000 00:00 0 
7f0fc1667000-7f0fc1767000 rwxp 00000000 00:00 0 
7f0fc1767000-7f0fc176a000 ---p 00000000 00:00 0 
7f0fc176a000-7f0fc1868000 rwxp 00000000 00:00 0 
7f0fc1868000-7f0fc186b000 ---p 00000000 00:00 0 
7f0fc186b000-7f0fc1969000 rwxp 00000000 00:00 0 
7f0fc1969000-7f0fc196c000 ---p 00000000 00:00 0 
7f0fc196c000-7f0fc1a6a000 rwxp 00000000 00:00 0 
7f0fc1a6a000-7f0fc1a6d000 ---p 00000000 00:00 0 
7f0fc1a6d000-7f0fc1b6b000 rwxp 00000000 00:00 0 
7f0fc1b6b000-7f0fc1f73000 r-xp 00000000 08:05 1570348                    /usr/lib/locale/locale-archive
7f0fc1f73000-7f0fc1f76000 ---p 00000000 00:00 0 
7f0fc1f76000-7f0fc2074000 rwxp 00000000 00:00 0 
7f0fc2074000-7f0fc2077000 ---p 00000000 00:00 0 
7f0fc2077000-7f0fc2175000 rwxp 00000000 00:00 0 
7f0fc2175000-7f0fc2176000 ---p 00000000 00:00 0 
7f0fc2176000-7f0fc27af000 rwxp 00000000 00:00 0 
7f0fc27af000-7f0fc2947000 r-xs 03027000 08:05 1662454                    /usr/lib/jvm/java-6-sun-1.6.0.24/jre/lib/rt.jar
7f0fc2947000-7f0fc296f000 rwxp 00000000 00:00 0 
7f0fc296f000-7f0fc2970000 ---p 00000000 00:00 0 
7f0fc2970000-7f0fc2a70000 rwxp 00000000 00:00 0 
7f0fc2a70000-7f0fc2a71000 ---p 00000000 00:00 0 
7f0fc2a71000-7f0fc2b71000 rwxp 00000000 00:00 0 
7f0fc2b71000-7f0fc2b72000 ---p 00000000 00:00 0 
7f0fc2b72000-7f0fc2c72000 rwxp 00000000 00:00 0 
7f0fc2c72000-7f0fc2c73000 ---p 00000000 00:00 0 
7f0fc2c73000-7f0fc2d7e000 rwxp 00000000 00:00 0 
7f0fc2d7e000-7f0fc2d9c000 rwxp 00000000 00:00 0 
7f0fc2d9c000-7f0fc2db1000 rwxp 00000000 00:00 0 
7f0fc2db1000-7f0fc2ee6000 rwxp 00000000 00:00 0 
7f0fc2ee6000-7f0fc2ef1000 rwxp 00000000 00:00 0 
7f0fc2ef1000-7f0fc2f0f000 rwxp 00000000 00:00 0 
7f0fc2f0f000-7f0fc2f24000 rwxp 00000000 00:00 0 
7f0fc2f24000-7f0fc3059000 rwxp 00000000 00:00 0 
7f0fc3059000-7f0fc307b000 rwxp 00000000 00:00 0 
7f0fc307b000-7f0fc30fe000 rwxp 00000000 00:00 0 
7f0fc30fe000-7f0fc336f000 rwxp 00000000 00:00 0 
7f0fc336f000-7f0fc60ff000 rwxp 00000000 00:00 0 
7f0fc60ff000-7f0fc610d000 r-xp 00000000 08:05 1734847                    /usr/lib/jvm/java-6-sun-1.6.0.24/jre/lib/amd64/libzip.so
7f0fc610d000-7f0fc620f000 ---p 0000e000 08:05 1734847                    /usr/lib/jvm/java-6-sun-1.6.0.24/jre/lib/amd64/libzip.so
7f0fc620f000-7f0fc6212000 rwxp 00010000 08:05 1734847                    /usr/lib/jvm/java-6-sun-1.6.0.24/jre/lib/amd64/libzip.so
7f0fc6212000-7f0fc6213000 rwxp 00000000 00:00 0 
7f0fc6213000-7f0fc621f000 r-xp 00000000 08:05 535712                     /lib/x86_64-linux-gnu/libnss_files-2.13.so
7f0fc621f000-7f0fc641e000 ---p 0000c000 08:05 535712                     /lib/x86_64-linux-gnu/libnss_files-2.13.so
7f0fc641e000-7f0fc641f000 r-xp 0000b000 08:05 535712                     /lib/x86_64-linux-gnu/libnss_files-2.13.so
7f0fc641f000-7f0fc6420000 rwxp 0000c000 08:05 535712                     /lib/x86_64-linux-gnu/libnss_files-2.13.so
7f0fc6420000-7f0fc642b000 r-xp 00000000 08:05 535714                     /lib/x86_64-linux-gnu/libnss_nis-2.13.so
7f0fc642b000-7f0fc662a000 ---p 0000b000 08:05 535714                     /lib/x86_64-linux-gnu/libnss_nis-2.13.so
7f0fc662a000-7f0fc662b000 r-xp 0000a000 08:05 535714                     /lib/x86_64-linux-gnu/libnss_nis-2.13.so
7f0fc662b000-7f0fc662c000 rwxp 0000b000 08:05 535714                     /lib/x86_64-linux-gnu/libnss_nis-2.13.so
7f0fc662c000-7f0fc6634000 r-xp 00000000 08:05 535710                     /lib/x86_64-linux-gnu/libnss_compat-2.13.so
7f0fc6634000-7f0fc6833000 ---p 00008000 08:05 535710                     /lib/x86_64-linux-gnu/libnss_compat-2.13.so
7f0fc6833000-7f0fc6834000 r-xp 00007000 08:05 535710                     /lib/x86_64-linux-gnu/libnss_compat-2.13.so
7f0fc6834000-7f0fc6835000 rwxp 00008000 08:05 535710                     /lib/x86_64-linux-gnu/libnss_compat-2.13.so
7f0fc6835000-7f0fc683c000 r-xp 00000000 08:05 1734857                    /usr/lib/jvm/java-6-sun-1.6.0.24/jre/lib/amd64/native_threads/libhpi.so
7f0fc683c000-7f0fc693d000 ---p 00007000 08:05 1734857                    /usr/lib/jvm/java-6-sun-1.6.0.24/jre/lib/amd64/native_threads/libhpi.so
7f0fc693d000-7f0fc693f000 rwxp 00008000 08:05 1734857                    /usr/lib/jvm/java-6-sun-1.6.0.24/jre/lib/amd64/native_threads/libhpi.so
7f0fc693f000-7f0fc6940000 rwxp 00000000 00:00 0 
7f0fc6940000-7f0fc6957000 r-xp 00000000 08:05 535709                     /lib/x86_64-linux-gnu/libnsl-2.13.so
7f0fc6957000-7f0fc6b56000 ---p 00017000 08:05 535709                     /lib/x86_64-linux-gnu/libnsl-2.13.so
7f0fc6b56000-7f0fc6b57000 r-xp 00016000 08:05 535709                     /lib/x86_64-linux-gnu/libnsl-2.13.so
7f0fc6b57000-7f0fc6b58000 rwxp 00017000 08:05 535709                     /lib/x86_64-linux-gnu/libnsl-2.13.so
7f0fc6b58000-7f0fc6b5a000 rwxp 00000000 00:00 0 
7f0fc6b5a000-7f0fc6b83000 r-xp 00000000 08:05 1734846                    /usr/lib/jvm/java-6-sun-1.6.0.24/jre/lib/amd64/libjava.so
7f0fc6b83000-7f0fc6c82000 ---p 00029000 08:05 1734846                    /usr/lib/jvm/java-6-sun-1.6.0.24/jre/lib/amd64/libjava.so
7f0fc6c82000-7f0fc6c89000 rwxp 00028000 08:05 1734846                    /usr/lib/jvm/java-6-sun-1.6.0.24/jre/lib/amd64/libjava.so
7f0fc6c89000-7f0fc6c96000 r-xp 00000000 08:05 1731420                    /usr/lib/jvm/java-6-sun-1.6.0.24/jre/lib/amd64/libverify.so
7f0fc6c96000-7f0fc6d95000 ---p 0000d000 08:05 1731420                    /usr/lib/jvm/java-6-sun-1.6.0.24/jre/lib/amd64/libverify.so
7f0fc6d95000-7f0fc6d98000 rwxp 0000c000 08:05 1731420                    /usr/lib/jvm/java-6-sun-1.6.0.24/jre/lib/amd64/libverify.so
7f0fc6d98000-7f0fc6d9f000 r-xp 00000000 08:05 535724                     /lib/x86_64-linux-gnu/librt-2.13.so
7f0fc6d9f000-7f0fc6f9e000 ---p 00007000 08:05 535724                     /lib/x86_64-linux-gnu/librt-2.13.so
7f0fc6f9e000-7f0fc6f9f000 r-xp 00006000 08:05 535724                     /lib/x86_64-linux-gnu/librt-2.13.so
7f0fc6f9f000-7f0fc6fa0000 rwxp 00007000 08:05 535724                     /lib/x86_64-linux-gnu/librt-2.13.so
7f0fc6fa0000-7f0fc6fa3000 ---p 00000000 00:00 0 
7f0fc6fa3000-7f0fc70a1000 rwxp 00000000 00:00 0 
7f0fc70a1000-7f0fc7125000 r-xp 00000000 08:05 535703                     /lib/x86_64-linux-gnu/libm-2.13.so
7f0fc7125000-7f0fc7324000 ---p 00084000 08:05 535703                     /lib/x86_64-linux-gnu/libm-2.13.so
7f0fc7324000-7f0fc7325000 r-xp 00083000 08:05 535703                     /lib/x86_64-linux-gnu/libm-2.13.so
7f0fc7325000-7f0fc7326000 rwxp 00084000 08:05 535703                     /lib/x86_64-linux-gnu/libm-2.13.so
7f0fc7326000-7f0fc7b64000 r-xp 00000000 08:05 1734849                    /usr/lib/jvm/java-6-sun-1.6.0.24/jre/lib/amd64/server/libjvm.so
7f0fc7b64000-7f0fc7c63000 ---p 0083e000 08:05 1734849                    /usr/lib/jvm/java-6-sun-1.6.0.24/jre/lib/amd64/server/libjvm.so
7f0fc7c63000-7f0fc7df7000 rwxp 0083d000 08:05 1734849                    /usr/lib/jvm/java-6-sun-1.6.0.24/jre/lib/amd64/server/libjvm.so
7f0fc7df7000-7f0fc7e30000 rwxp 00000000 00:00 0 
7f0fc7e30000-7f0fc7fba000 r-xp 00000000 08:05 535697                     /lib/x86_64-linux-gnu/libc-2.13.so
7f0fc7fba000-7f0fc81b9000 ---p 0018a000 08:05 535697                     /lib/x86_64-linux-gnu/libc-2.13.so
7f0fc81b9000-7f0fc81bd000 r-xp 00189000 08:05 535697                     /lib/x86_64-linux-gnu/libc-2.13.so
7f0fc81bd000-7f0fc81be000 rwxp 0018d000 08:05 535697                     /lib/x86_64-linux-gnu/libc-2.13.so
7f0fc81be000-7f0fc81c4000 rwxp 00000000 00:00 0 
7f0fc81c4000-7f0fc81c6000 r-xp 00000000 08:05 535702                     /lib/x86_64-linux-gnu/libdl-2.13.so
7f0fc81c6000-7f0fc83c6000 ---p 00002000 08:05 535702                     /lib/x86_64-linux-gnu/libdl-2.13.so
7f0fc83c6000-7f0fc83c7000 r-xp 00002000 08:05 535702                     /lib/x86_64-linux-gnu/libdl-2.13.so
7f0fc83c7000-7f0fc83c8000 rwxp 00003000 08:05 535702                     /lib/x86_64-linux-gnu/libdl-2.13.so
7f0fc83c8000-7f0fc83e0000 r-xp 00000000 08:05 535718                     /lib/x86_64-linux-gnu/libpthread-2.13.so
7f0fc83e0000-7f0fc85e0000 ---p 00018000 08:05 535718                     /lib/x86_64-linux-gnu/libpthread-2.13.so
7f0fc85e0000-7f0fc85e1000 r-xp 00018000 08:05 535718                     /lib/x86_64-linux-gnu/libpthread-2.13.so
7f0fc85e1000-7f0fc85e2000 rwxp 00019000 08:05 535718                     /lib/x86_64-linux-gnu/libpthread-2.13.so
7f0fc85e2000-7f0fc85e6000 rwxp 00000000 00:00 0 
7f0fc85e6000-7f0fc8607000 r-xp 00000000 08:05 535673                     /lib/x86_64-linux-gnu/ld-2.13.so
7f0fc8607000-7f0fc8608000 r-xs 00000000 08:05 554466                     /var/cache/fontconfig/4c73fe0c47614734b17d736dbde7580a-le64.cache-3
7f0fc8608000-7f0fc8609000 r-xs 00000000 08:05 554459                     /var/cache/fontconfig/0d8c3b2ac0904cb8a57a757ad11a4a08-le64.cache-3
7f0fc8609000-7f0fc8613000 rwxp 00000000 00:00 0 
7f0fc8613000-7f0fc86c9000 rwxp 00000000 00:00 0 
7f0fc86c9000-7f0fc86cc000 rwxp 00000000 00:00 0 
7f0fc86cc000-7f0fc86d3000 r-xp 00000000 08:05 1731410                    /usr/lib/jvm/java-6-sun-1.6.0.24/jre/lib/amd64/jli/libjli.so
7f0fc86d3000-7f0fc87d4000 ---p 00007000 08:05 1731410                    /usr/lib/jvm/java-6-sun-1.6.0.24/jre/lib/amd64/jli/libjli.so
7f0fc87d4000-7f0fc87d6000 rwxp 00008000 08:05 1731410                    /usr/lib/jvm/java-6-sun-1.6.0.24/jre/lib/amd64/jli/libjli.so
7f0fc87d6000-7f0fc87d7000 rwxp 00000000 00:00 0 
7f0fc87d7000-7f0fc87d8000 r-xs 00000000 08:05 554454                     /var/cache/fontconfig/6a53c69dea097a2d716e069445527da8-le64.cache-3
7f0fc87d8000-7f0fc87dd000 r-xs 00000000 08:05 554452                     /var/cache/fontconfig/515ca1ebc4b18308bea979be5704f9db-le64.cache-3
7f0fc87dd000-7f0fc87e0000 r-xs 00000000 08:05 554441                     /var/cache/fontconfig/d60319d88cac85ba9e1a07bd06cfbb8c-le64.cache-3
7f0fc87e0000-7f0fc87e1000 r-xs 00000000 08:05 530935                     /var/cache/fontconfig/4794a0821666d79190d59a36cb4f44b5-le64.cache-3
7f0fc87e1000-7f0fc87e5000 r-xs 00000000 08:05 538228                     /var/cache/fontconfig/7ef2298fde41cc6eeb7af42e48b7d293-le64.cache-3
7f0fc87e5000-7f0fc87f9000 r-xs 00000000 08:05 527842                     /var/cache/fontconfig/865f88548240fee46819705c6468c165-le64.cache-3
7f0fc87f9000-7f0fc87fa000 r-xs 00000000 08:05 1340105                    /home/bompo/.fontconfig/aa7e4f27e681240d22a1f116cf7520f0-le64.cache-3
7f0fc87fa000-7f0fc8802000 rwxs 00000000 08:05 525605                     /tmp/hsperfdata_bompo/15120
7f0fc8802000-7f0fc8803000 rwxp 00000000 00:00 0 
7f0fc8803000-7f0fc8804000 r-xp 00000000 00:00 0 
7f0fc8804000-7f0fc8806000 rwxp 00000000 00:00 0 
7f0fc8806000-7f0fc8807000 r-xp 00020000 08:05 535673                     /lib/x86_64-linux-gnu/ld-2.13.so
7f0fc8807000-7f0fc8809000 rwxp 00021000 08:05 535673                     /lib/x86_64-linux-gnu/ld-2.13.so
7fffd6899000-7fffd68ba000 rwxp 00000000 00:00 0                          [stack]
7fffd68ff000-7fffd6900000 r-xp 00000000 00:00 0                          [vdso]
ffffffffff600000-ffffffffff601000 r-xp 00000000 00:00 0                  [vsyscall]

VM Arguments:
jvm_args: -Dfile.encoding=UTF-8 
java_command: de.swagner.mgcube.DesktopStarter
Launcher Type: SUN_STANDARD

Environment Variables:
PATH=/usr/local/sbin:/usr/local/bin:/usr/sbin:/usr/bin:/sbin:/bin:/usr/games
USERNAME=bompo
LD_LIBRARY_PATH=/usr/lib/jvm/java-6-sun-1.6.0.24/jre/lib/amd64/server:/usr/lib/jvm/java-6-sun-1.6.0.24/jre/lib/amd64:/usr/lib/jvm/java-6-sun-1.6.0.24/jre/../lib/amd64:/usr/lib/jvm/java-6-openjdk/jre/lib/amd64/server:/usr/lib/jvm/java-6-openjdk/jre/lib/amd64:/usr/lib/jvm/java-6-openjdk/jre/../lib/amd64:/usr/lib64/xulrunner-addons
SHELL=/bin/bash
DISPLAY=:0.0

Signal Handlers:
SIGSEGV: [libjvm.so+0x791b30], sa_mask[0]=0x7ffbfeff, sa_flags=0x10000004
SIGBUS: [libjvm.so+0x791b30], sa_mask[0]=0x7ffbfeff, sa_flags=0x10000004
SIGFPE: [libjvm.so+0x640ba0], sa_mask[0]=0x7ffbfeff, sa_flags=0x10000004
SIGPIPE: [libjvm.so+0x640ba0], sa_mask[0]=0x7ffbfeff, sa_flags=0x10000004
SIGXFSZ: [libjvm.so+0x640ba0], sa_mask[0]=0x7ffbfeff, sa_flags=0x10000004
SIGILL: [libjvm.so+0x640ba0], sa_mask[0]=0x7ffbfeff, sa_flags=0x10000004
SIGUSR1: SIG_DFL, sa_mask[0]=0x00000000, sa_flags=0x00000000
SIGUSR2: [libjvm.so+0x643780], sa_mask[0]=0x00000004, sa_flags=0x10000004
SIGHUP: [libjvm.so+0x643380], sa_mask[0]=0x7ffbfeff, sa_flags=0x10000004
SIGINT: [libjvm.so+0x643380], sa_mask[0]=0x7ffbfeff, sa_flags=0x10000004
SIGTERM: [libjvm.so+0x643380], sa_mask[0]=0x7ffbfeff, sa_flags=0x10000004
SIGQUIT: [libjvm.so+0x643380], sa_mask[0]=0x7ffbfeff, sa_flags=0x10000004


---------------  S Y S T E M  ---------------

OS:squeeze/sid

uname:Linux 2.6.38-10-generic #44-Ubuntu SMP Thu Jun 2 21:32:22 UTC 2011 x86_64
libc:glibc 2.13 NPTL 2.13 
rlimit: STACK 8192k, CORE 0k, NPROC infinity, NOFILE 4096, AS infinity
load average:0.01 0.09 0.12

/proc/meminfo:
MemTotal:        4047872 kB
MemFree:         1118780 kB
Buffers:          183872 kB
Cached:           912340 kB
SwapCached:            0 kB
Active:          1925420 kB
Inactive:         672620 kB
Active(anon):    1502648 kB
Inactive(anon):     4644 kB
Active(file):     422772 kB
Inactive(file):   667976 kB
Unevictable:         132 kB
Mlocked:             132 kB
SwapTotal:      19529724 kB
SwapFree:       19529724 kB
Dirty:              4476 kB
Writeback:             0 kB
AnonPages:       1502312 kB
Mapped:           167176 kB
Shmem:              5392 kB
Slab:             120520 kB
SReclaimable:      91908 kB
SUnreclaim:        28612 kB
KernelStack:        3768 kB
PageTables:        30420 kB
NFS_Unstable:          0 kB
Bounce:                0 kB
WritebackTmp:          0 kB
CommitLimit:    21553660 kB
Committed_AS:    3624376 kB
VmallocTotal:   34359738367 kB
VmallocUsed:      341848 kB
VmallocChunk:   34359382772 kB
HardwareCorrupted:     0 kB
HugePages_Total:       0
HugePages_Free:        0
HugePages_Rsvd:        0
HugePages_Surp:        0
Hugepagesize:       2048 kB
DirectMap4k:      492992 kB
DirectMap2M:     3692544 kB


CPU:total 4 (4 cores per cpu, 1 threads per core) family 6 model 30 stepping 5, cmov, cx8, fxsr, mmx, sse, sse2, sse3, ssse3, sse4.1, sse4.2, popcnt

Memory: 4k page, physical 4047872k(1118780k free), swap 19529724k(19529724k free)

vm_info: Java HotSpot(TM) 64-Bit Server VM (19.1-b02) for linux-amd64 JRE (1.6.0_24-b07), built on Feb  2 2011 16:55:54 by "java_re" with gcc 3.2.2 (SuSE Linux)

time: Sun Jun 19 21:59:11 2011
elapsed time: 2 seconds

