#
# A fatal error has been detected by the Java Runtime Environment:
#
#  SIGSEGV (0xb) at pc=0x00007f252a76ebad, pid=8628, tid=139797616871168
#
# JRE version: 6.0_22-b22
# Java VM: OpenJDK 64-Bit Server VM (20.0-b11 mixed mode linux-amd64 compressed oops)
# Derivative: IcedTea6 1.10.2
# Distribution: Ubuntu 11.04, package 6b22-1.10.2-0ubuntu1~11.04.1
# Problematic frame:
# C  [libc.so.6+0x79bad]  _IO_str_pbackfail+0x35cd
#
# If you would like to submit a bug report, please include
# instructions how to reproduce the bug and visit:
#   https://bugs.launchpad.net/ubuntu/+source/openjdk-6/
#

---------------  T H R E A D  ---------------

Current thread (0x00000000014b6000):  JavaThread "DestroyJavaVM" [_thread_in_vm, id=8633, stack(0x00007f252b3b4000,0x00007f252b4b5000)]

siginfo:si_signo=SIGSEGV: si_errno=0, si_code=128 (), si_addr=0x0000000000000000

Registers:
RAX=0x8000000080000000, RBX=0x0000000000000b90, RCX=0xbf800000bf800000, RDX=0xbf800000bf7ff470
RSP=0x00007f252b4b35b0, RBP=0x00007f252aa841c0, RSI=0x0000000033fe080a, RDI=0x0000000000000003
R8 =0x00007f252aa84818, R9 =0x00007f252aa84228, R10=0x0000000000000b88, R11=0x000000000000005f
R12=0x000000000193f2a0, R13=0x00007f252aa84218, R14=0x0000000000000b90, R15=0x0000000000000b88
RIP=0x00007f252a76ebad, EFLAGS=0x0000000000010282, CSGSFS=0x0000000000000033, ERR=0x0000000000000000
  TRAPNO=0x000000000000000d

Top of Stack: (sp=0x00007f252b4b35b0)
0x00007f252b4b35b0:   00007f25252b4dd0 00007f2500000000
0x00007f252b4b35c0:   00007f252b4b38d8 00007f252b4b3880
0x00007f252b4b35d0:   00007f252b4b3880 00007f252aa84228
0x00007f252b4b35e0:   00007f250000005e 00007f2500000000
0x00007f252b4b35f0:   00007f252b4b38d8 0000000000000bb0
0x00007f252b4b3600:   bf800000bf800000 00007f252b4b3640
0x00007f252b4b3610:   00007f252b4b3630 00007f2500000000
0x00007f252b4b3620:   00007f252b4b38d8 00007f252b4b3880
0x00007f252b4b3630:   00007f252b4b3880 00007f25252cb843
0x00007f252b4b3640:   00007f25252b4dd0 00007f2500000000
0x00007f252b4b3650:   00007f252b4b38d8 00007f252aa841c0
0x00007f252b4b3660:   00007f252b4b36f0 0000000000000b88
0x00007f252b4b3670:   00007f252b4b3818 00007f252b4b3818
0x00007f252b4b3680:   0000000000000000 00007f252a77131e
0x00007f252b4b3690:   00007f25252b4dd0 00007f2500000000
0x00007f252b4b36a0:   00007f252b4b37c0 00007f252b4b3778
0x00007f252b4b36b0:   00007f252b4b3778 0000000000000b88
0x00007f252b4b36c0:   00007f252b4b36f0 0000000000000b88
0x00007f252b4b36d0:   00007f252b4b3818 00007f252a15dd97
0x00007f252b4b36e0:   0000000000000b88 00000000014b2b00
0x00007f252b4b36f0:   00007f252b4b3720 00007f2529d13a01
0x00007f252b4b3700:   00007f25252b4dd0 00007f2500000000
0x00007f252b4b3710:   00007f252b4b3740 00000000014b6000
0x00007f252b4b3720:   00007f252b4b3740 00007f252a2688e8
0x00007f252b4b3730:   00000000014b6000 00000000014b2b00
0x00007f252b4b3740:   00007f252b4b37a0 00007f2529fe925c
0x00007f252b4b3750:   00007f252b4b3880 0000000000000000
0x00007f252b4b3760:   00000000014b6000 00007f2500000000
0x00007f252b4b3770:   00007f252b4b38d8 00000000b844bc98
0x00007f252b4b3780:   0000000000000000 00000000b844bc98
0x00007f252b4b3790:   00007f252b4b3818 00000000014b6000
0x00007f252b4b37a0:   00007f252b4b37f8 00007f25252c0d68 

Instructions: (pc=0x00007f252a76ebad)
0x00007f252a76eb8d:   ca 48 83 e2 f8 49 39 d6 48 89 54 24 50 0f 87 f3
0x00007f252a76eb9d:   01 00 00 48 8b 54 24 50 49 8b 44 24 10 4c 29 f2
0x00007f252a76ebad:   4c 8b 70 18 48 89 54 24 48 49 8b 54 24 18 4d 39
0x00007f252a76ebbd:   e6 0f 85 58 0d 00 00 4c 3b 72 10 0f 85 4e 0d 00 

Register to memory mapping:

RAX=0x8000000080000000 is an unknown value
RBX=0x0000000000000b90 is an unknown value
RCX=0xbf800000bf800000 is an unknown value
RDX=0xbf800000bf7ff470 is an unknown value
RSP=0x00007f252b4b35b0 is pointing into the stack for thread: 0x00000000014b6000
RBP=0x00007f252aa841c0: <offset 0x38f1c0> in /lib/x86_64-linux-gnu/libc.so.6 at 0x00007f252a6f5000
RSI=0x0000000033fe080a is an unknown value
RDI=0x0000000000000003 is an unknown value
R8 =0x00007f252aa84818: <offset 0x38f818> in /lib/x86_64-linux-gnu/libc.so.6 at 0x00007f252a6f5000
R9 =0x00007f252aa84228: <offset 0x38f228> in /lib/x86_64-linux-gnu/libc.so.6 at 0x00007f252a6f5000
R10=0x0000000000000b88 is an unknown value
R11=0x000000000000005f is an unknown value
R12=0x000000000193f2a0 is an unknown value
R13=0x00007f252aa84218: <offset 0x38f218> in /lib/x86_64-linux-gnu/libc.so.6 at 0x00007f252a6f5000
R14=0x0000000000000b90 is an unknown value
R15=0x0000000000000b88 is an unknown value


Stack: [0x00007f252b3b4000,0x00007f252b4b5000],  sp=0x00007f252b4b35b0,  free space=1021k
Native frames: (J=compiled Java code, j=interpreted, Vv=VM code, C=native code)
C  [libc.so.6+0x79bad]  _IO_str_pbackfail+0x35cd

Java frames: (J=compiled Java code, j=interpreted, Vv=VM code)
j  java.lang.Thread.start0()V+0
j  java.lang.Thread.start()V+32
j  java.lang.ApplicationShutdownHooks.run()V+54
j  java.lang.Shutdown.runHooks()V+27
j  java.lang.Shutdown.sequence()V+26
j  java.lang.Shutdown.shutdown()V+59
v  ~StubRoutines::call_stub

---------------  P R O C E S S  ---------------

Java Threads: ( => current thread )
=>0x00000000014b6000 JavaThread "DestroyJavaVM" [_thread_in_vm, id=8633, stack(0x00007f252b3b4000,0x00007f252b4b5000)]
  0x00000000017dd800 JavaThread "AWT-XAWT" daemon [_thread_in_native, id=8648, stack(0x00007f25216fb000,0x00007f25217fc000)]
  0x0000000001642000 JavaThread "Java2D Disposer" daemon [_thread_blocked, id=8646, stack(0x00007f2521ae1000,0x00007f2521be2000)]
  0x0000000001551800 JavaThread "Low Memory Detector" daemon [_thread_blocked, id=8644, stack(0x00007f25238d3000,0x00007f25239d4000)]
  0x000000000154f000 JavaThread "C2 CompilerThread1" daemon [_thread_in_native, id=8643, stack(0x00007f25239d4000,0x00007f2523ad5000)]
  0x000000000154c000 JavaThread "C2 CompilerThread0" daemon [_thread_in_native, id=8642, stack(0x00007f2523ad5000,0x00007f2523bd6000)]
  0x000000000154b000 JavaThread "Signal Dispatcher" daemon [_thread_blocked, id=8641, stack(0x00007f2523bd6000,0x00007f2523cd7000)]
  0x000000000152b800 JavaThread "Finalizer" daemon [_thread_blocked, id=8640, stack(0x00007f25240df000,0x00007f25241e0000)]
  0x0000000001524800 JavaThread "Reference Handler" daemon [_thread_blocked, id=8639, stack(0x00007f25241e0000,0x00007f25242e1000)]

Other Threads:
  0x000000000151d800 VMThread [stack: 0x00007f25242e1000,0x00007f25243e2000] [id=8638]
  0x000000000155c800 WatcherThread [stack: 0x00007f25237d2000,0x00007f25238d3000] [id=8645]

VM state:not at safepoint (normal execution)

VM Mutex/Monitor currently owned by a thread:  ([mutex/lock_event])
[0x00000000014b2b00] Threads_lock - owner thread: 0x00000000014b6000

Heap
 PSYoungGen      total 18368K, used 4724K [0x00000000eb8b0000, 0x00000000ecd20000, 0x0000000100000000)
  eden space 15808K, 16% used [0x00000000eb8b0000,0x00000000ebb44500,0x00000000ec820000)
  from space 2560K, 81% used [0x00000000ec820000,0x00000000eca28cd8,0x00000000ecaa0000)
  to   space 2560K, 0% used [0x00000000ecaa0000,0x00000000ecaa0000,0x00000000ecd20000)
 PSOldGen        total 41856K, used 0K [0x00000000c2a00000, 0x00000000c52e0000, 0x00000000eb8b0000)
  object space 41856K, 0% used [0x00000000c2a00000,0x00000000c2a00000,0x00000000c52e0000)
 PSPermGen       total 21248K, used 11855K [0x00000000b8400000, 0x00000000b98c0000, 0x00000000c2a00000)
  object space 21248K, 55% used [0x00000000b8400000,0x00000000b8f93d30,0x00000000b98c0000)

Code Cache  [0x00007f25252b0000, 0x00007f2525520000, 0x00007f25282b0000)
 total_blobs=546 nmethods=71 adapters=429 free_code_cache=49600192 largest_free_block=10624

Dynamic libraries:
00400000-00409000 r-xp 00000000 08:15 1597353                            /usr/lib/jvm/java-6-openjdk/jre/bin/java
00608000-00609000 r--p 00008000 08:15 1597353                            /usr/lib/jvm/java-6-openjdk/jre/bin/java
00609000-0060a000 rw-p 00009000 08:15 1597353                            /usr/lib/jvm/java-6-openjdk/jre/bin/java
014ab000-023ce000 rw-p 00000000 00:00 0                                  [heap]
4179f000-417a1000 r-xs 00000000 08:15 524685                             /tmp/gltPbLjc (deleted)
41a82000-41afc000 rw-p 00000000 00:00 0 
b8400000-b98c0000 rw-p 00000000 00:00 0 
b98c0000-c2a00000 rw-p 00000000 00:00 0 
c2a00000-c52e0000 rw-p 00000000 00:00 0 
c52e0000-eb8b0000 rw-p 00000000 00:00 0 
eb8b0000-ecd20000 rw-p 00000000 00:00 0 
ecd20000-100000000 rw-p 00000000 00:00 0 
7f2512cc8000-7f2512ec8000 rw-s af11e000 00:05 8045                       /dev/nvidia0
7f2512ec8000-7f2512fc8000 rw-s abb48000 00:05 8045                       /dev/nvidia0
7f2512fc8000-7f2513046000 rw-p 00000000 00:00 0 
7f2513046000-7f251461b000 r-xp 00000000 08:15 1569894                    /usr/lib/libnvidia-glcore.so.275.21
7f251461b000-7f251481b000 ---p 015d5000 08:15 1569894                    /usr/lib/libnvidia-glcore.so.275.21
7f251481b000-7f2514e56000 rwxp 015d5000 08:15 1569894                    /usr/lib/libnvidia-glcore.so.275.21
7f2514e56000-7f2514e6e000 rwxp 00000000 00:00 0 
7f2514e6e000-7f2514e71000 r-xp 00000000 08:15 1570342                    /usr/lib/tls/libnvidia-tls.so.275.21
7f2514e71000-7f2515070000 ---p 00003000 08:15 1570342                    /usr/lib/tls/libnvidia-tls.so.275.21
7f2515070000-7f2515071000 rw-p 00002000 08:15 1570342                    /usr/lib/tls/libnvidia-tls.so.275.21
7f2515071000-7f2515131000 r-xp 00000000 08:15 1570075                    /usr/lib/libGL.so.275.21
7f2515131000-7f2515330000 ---p 000c0000 08:15 1570075                    /usr/lib/libGL.so.275.21
7f2515330000-7f251536b000 rwxp 000bf000 08:15 1570075                    /usr/lib/libGL.so.275.21
7f251536b000-7f2515381000 rwxp 00000000 00:00 0 
7f2515381000-7f2515382000 ---p 00000000 00:00 0 
7f2515382000-7f2515b82000 rw-p 00000000 00:00 0 
7f2515b82000-7f2519b83000 rw-s 00000000 00:10 208736                     /dev/shm/pulse-shm-3856561421
7f2519b83000-7f2519b84000 ---p 00000000 00:00 0 
7f2519b84000-7f251a384000 rw-p 00000000 00:00 0 
7f251a384000-7f251a38a000 r-xp 00000000 08:15 1573092                    /usr/lib/libogg.so.0.7.0
7f251a38a000-7f251a589000 ---p 00006000 08:15 1573092                    /usr/lib/libogg.so.0.7.0
7f251a589000-7f251a58a000 r--p 00005000 08:15 1573092                    /usr/lib/libogg.so.0.7.0
7f251a58a000-7f251a58b000 rw-p 00006000 08:15 1573092                    /usr/lib/libogg.so.0.7.0
7f251a58b000-7f251a5b6000 r-xp 00000000 08:15 1582648                    /usr/lib/libvorbis.so.0.4.5
7f251a5b6000-7f251a7b5000 ---p 0002b000 08:15 1582648                    /usr/lib/libvorbis.so.0.4.5
7f251a7b5000-7f251a7b6000 r--p 0002a000 08:15 1582648                    /usr/lib/libvorbis.so.0.4.5
7f251a7b6000-7f251a7b7000 rw-p 0002b000 08:15 1582648                    /usr/lib/libvorbis.so.0.4.5
7f251a7b7000-7f251aa6a000 r-xp 00000000 08:15 1573212                    /usr/lib/libvorbisenc.so.2.0.8
7f251aa6a000-7f251ac69000 ---p 002b3000 08:15 1573212                    /usr/lib/libvorbisenc.so.2.0.8
7f251ac69000-7f251ac85000 r--p 002b2000 08:15 1573212                    /usr/lib/libvorbisenc.so.2.0.8
7f251ac85000-7f251ac86000 rw-p 002ce000 08:15 1573212                    /usr/lib/libvorbisenc.so.2.0.8
7f251ac86000-7f251acce000 r-xp 00000000 08:15 1570101                    /usr/lib/libFLAC.so.8.2.0
7f251acce000-7f251aece000 ---p 00048000 08:15 1570101                    /usr/lib/libFLAC.so.8.2.0
7f251aece000-7f251aecf000 r--p 00048000 08:15 1570101                    /usr/lib/libFLAC.so.8.2.0
7f251aecf000-7f251aed0000 rw-p 00049000 08:15 1570101                    /usr/lib/libFLAC.so.8.2.0
7f251aed0000-7f251af31000 r-xp 00000000 08:15 1574433                    /usr/lib/libsndfile.so.1.0.23
7f251af31000-7f251b131000 ---p 00061000 08:15 1574433                    /usr/lib/libsndfile.so.1.0.23
7f251b131000-7f251b133000 r--p 00061000 08:15 1574433                    /usr/lib/libsndfile.so.1.0.23
7f251b133000-7f251b134000 rw-p 00063000 08:15 1574433                    /usr/lib/libsndfile.so.1.0.23
7f251b134000-7f251b138000 rw-p 00000000 00:00 0 
7f251b138000-7f251b140000 r-xp 00000000 08:15 538930                     /lib/libwrap.so.0.7.6
7f251b140000-7f251b340000 ---p 00008000 08:15 538930                     /lib/libwrap.so.0.7.6
7f251b340000-7f251b341000 r--p 00008000 08:15 538930                     /lib/libwrap.so.0.7.6
7f251b341000-7f251b342000 rw-p 00009000 08:15 538930                     /lib/libwrap.so.0.7.6
7f251b342000-7f251b343000 rw-p 00000000 00:00 0 
7f251b343000-7f251b347000 r-xp 00000000 08:15 534738                     /lib/x86_64-linux-gnu/libuuid.so.1.3.0
7f251b347000-7f251b546000 ---p 00004000 08:15 534738                     /lib/x86_64-linux-gnu/libuuid.so.1.3.0
7f251b546000-7f251b547000 r--p 00003000 08:15 534738                     /lib/x86_64-linux-gnu/libuuid.so.1.3.0
7f251b547000-7f251b548000 rw-p 00004000 08:15 534738                     /lib/x86_64-linux-gnu/libuuid.so.1.3.0
7f251b548000-7f251b58a000 r-xp 00000000 08:15 526020                     /lib/x86_64-linux-gnu/libdbus-1.so.3.5.4
7f251b58a000-7f251b78a000 ---p 00042000 08:15 526020                     /lib/x86_64-linux-gnu/libdbus-1.so.3.5.4
7f251b78a000-7f251b78b000 r--p 00042000 08:15 526020                     /lib/x86_64-linux-gnu/libdbus-1.so.3.5.4
7f251b78b000-7f251b78c000 rw-p 00043000 08:15 526020                     /lib/x86_64-linux-gnu/libdbus-1.so.3.5.4
7f251b78c000-7f251b7d7000 r-xp 00000000 08:15 1580900                    /usr/lib/libpulsecommon-0.9.22.so
7f251b7d7000-7f251b9d6000 ---p 0004b000 08:15 1580900                    /usr/lib/libpulsecommon-0.9.22.so
7f251b9d6000-7f251b9d7000 r--p 0004a000 08:15 1580900                    /usr/lib/libpulsecommon-0.9.22.so
7f251b9d7000-7f251b9d8000 rw-p 0004b000 08:15 1580900                    /usr/lib/libpulsecommon-0.9.22.so
7f251b9d8000-7f251b9db000 r-xp 00000000 08:15 1573582                    /usr/lib/libxcb-atom.so.1.0.0
7f251b9db000-7f251bbdb000 ---p 00003000 08:15 1573582                    /usr/lib/libxcb-atom.so.1.0.0
7f251bbdb000-7f251bbdc000 r--p 00003000 08:15 1573582                    /usr/lib/libxcb-atom.so.1.0.0
7f251bbdc000-7f251bbdd000 rw-p 00004000 08:15 1573582                    /usr/lib/libxcb-atom.so.1.0.0
7f251bbdd000-7f251bbe4000 r-xp 00000000 08:15 1578963                    /usr/lib/x86_64-linux-gnu/libSM.so.6.0.1
7f251bbe4000-7f251bde3000 ---p 00007000 08:15 1578963                    /usr/lib/x86_64-linux-gnu/libSM.so.6.0.1
7f251bde3000-7f251bde4000 r--p 00006000 08:15 1578963                    /usr/lib/x86_64-linux-gnu/libSM.so.6.0.1
7f251bde4000-7f251bde5000 rw-p 00007000 08:15 1578963                    /usr/lib/x86_64-linux-gnu/libSM.so.6.0.1
7f251bde5000-7f251bdfb000 r-xp 00000000 08:15 1571606                    /usr/lib/x86_64-linux-gnu/libICE.so.6.3.0
7f251bdfb000-7f251bffb000 ---p 00016000 08:15 1571606                    /usr/lib/x86_64-linux-gnu/libICE.so.6.3.0
7f251bffb000-7f251bffc000 r--p 00016000 08:15 1571606                    /usr/lib/x86_64-linux-gnu/libICE.so.6.3.0
7f251bffc000-7f251bffd000 rw-p 00017000 08:15 1571606                    /usr/lib/x86_64-linux-gnu/libICE.so.6.3.0
7f251bffd000-7f251c000000 rw-p 00000000 00:00 0 
7f251c000000-7f251c4e9000 rw-p 00000000 00:00 0 
7f251c4e9000-7f2520000000 ---p 00000000 00:00 0 
7f252002e000-7f252006e000 rw-s ab906000 00:05 8045                       /dev/nvidia0
7f252006e000-7f2520071000 ---p 00000000 00:00 0 
7f2520071000-7f252016f000 rw-p 00000000 00:00 0 
7f252016f000-7f2520170000 r-xp 00000000 08:15 1570508                    /usr/lib/x86_64-linux-gnu/libX11-xcb.so.1.0.0
7f2520170000-7f252036f000 ---p 00001000 08:15 1570508                    /usr/lib/x86_64-linux-gnu/libX11-xcb.so.1.0.0
7f252036f000-7f2520370000 r--p 00000000 08:15 1570508                    /usr/lib/x86_64-linux-gnu/libX11-xcb.so.1.0.0
7f2520370000-7f2520371000 rw-p 00001000 08:15 1570508                    /usr/lib/x86_64-linux-gnu/libX11-xcb.so.1.0.0
7f2520371000-7f25203b1000 r-xp 00000000 08:15 1573921                    /usr/lib/libpulse.so.0.12.3
7f25203b1000-7f25205b0000 ---p 00040000 08:15 1573921                    /usr/lib/libpulse.so.0.12.3
7f25205b0000-7f25205b1000 r--p 0003f000 08:15 1573921                    /usr/lib/libpulse.so.0.12.3
7f25205b1000-7f25205b2000 rw-p 00040000 08:15 1573921                    /usr/lib/libpulse.so.0.12.3
7f25205b2000-7f25205fe000 r-xp 00000000 08:15 526361                     /tmp/libgdx/970400847/libopenal64.so
7f25205fe000-7f25207fd000 ---p 0004c000 08:15 526361                     /tmp/libgdx/970400847/libopenal64.so
7f25207fd000-7f25207ff000 r--p 0004b000 08:15 526361                     /tmp/libgdx/970400847/libopenal64.so
7f25207ff000-7f2520800000 rw-p 0004d000 08:15 526361                     /tmp/libgdx/970400847/libopenal64.so
7f2520800000-7f2520801000 rw-p 00000000 00:00 0 
7f2520801000-7f2520802000 r-xp 00000000 08:15 1597389                    /usr/lib/jvm/java-6-openjdk/jre/lib/amd64/libjawt.so
7f2520802000-7f2520a01000 ---p 00001000 08:15 1597389                    /usr/lib/jvm/java-6-openjdk/jre/lib/amd64/libjawt.so
7f2520a01000-7f2520a02000 r--p 00000000 08:15 1597389                    /usr/lib/jvm/java-6-openjdk/jre/lib/amd64/libjawt.so
7f2520a02000-7f2520a03000 rw-p 00001000 08:15 1597389                    /usr/lib/jvm/java-6-openjdk/jre/lib/amd64/libjawt.so
7f2520a03000-7f2520a08000 r-xp 00000000 08:15 1581972                    /usr/lib/x86_64-linux-gnu/libXxf86vm.so.1.0.0
7f2520a08000-7f2520c07000 ---p 00005000 08:15 1581972                    /usr/lib/x86_64-linux-gnu/libXxf86vm.so.1.0.0
7f2520c07000-7f2520c08000 r--p 00004000 08:15 1581972                    /usr/lib/x86_64-linux-gnu/libXxf86vm.so.1.0.0
7f2520c08000-7f2520c09000 rw-p 00005000 08:15 1581972                    /usr/lib/x86_64-linux-gnu/libXxf86vm.so.1.0.0
7f2520c09000-7f2520c82000 r-xp 00000000 08:15 526440                     /tmp/libgdx/970400847/liblwjgl64.so
7f2520c82000-7f2520e82000 ---p 00079000 08:15 526440                     /tmp/libgdx/970400847/liblwjgl64.so
7f2520e82000-7f2520e84000 r--p 00079000 08:15 526440                     /tmp/libgdx/970400847/liblwjgl64.so
7f2520e84000-7f2520e85000 rw-p 0007b000 08:15 526440                     /tmp/libgdx/970400847/liblwjgl64.so
7f2520e85000-7f2520e88000 ---p 00000000 00:00 0 
7f2520e88000-7f2520f86000 rw-p 00000000 00:00 0 
7f2520f86000-7f2520f8b000 r-xp 00000000 08:15 1570859                    /usr/lib/x86_64-linux-gnu/libXfixes.so.3.1.0
7f2520f8b000-7f252118a000 ---p 00005000 08:15 1570859                    /usr/lib/x86_64-linux-gnu/libXfixes.so.3.1.0
7f252118a000-7f252118b000 r--p 00004000 08:15 1570859                    /usr/lib/x86_64-linux-gnu/libXfixes.so.3.1.0
7f252118b000-7f252118c000 rw-p 00005000 08:15 1570859                    /usr/lib/x86_64-linux-gnu/libXfixes.so.3.1.0
7f252118c000-7f2521195000 r-xp 00000000 08:15 1573929                    /usr/lib/x86_64-linux-gnu/libXcursor.so.1.0.2
7f2521195000-7f2521394000 ---p 00009000 08:15 1573929                    /usr/lib/x86_64-linux-gnu/libXcursor.so.1.0.2
7f2521394000-7f2521395000 r--p 00008000 08:15 1573929                    /usr/lib/x86_64-linux-gnu/libXcursor.so.1.0.2
7f2521395000-7f2521396000 rw-p 00009000 08:15 1573929                    /usr/lib/x86_64-linux-gnu/libXcursor.so.1.0.2
7f2521396000-7f2521424000 r-xp 00000000 08:15 526338                     /tmp/libgdx/970400847/libgdx-64.so
7f2521424000-7f2521624000 ---p 0008e000 08:15 526338                     /tmp/libgdx/970400847/libgdx-64.so
7f2521624000-7f2521625000 r--p 0008e000 08:15 526338                     /tmp/libgdx/970400847/libgdx-64.so
7f2521625000-7f2521626000 rw-p 0008f000 08:15 526338                     /tmp/libgdx/970400847/libgdx-64.so
7f2521626000-7f2521629000 rw-p 00000000 00:00 0 
7f2521629000-7f252162a000 r--s 00000000 08:15 532633                     /var/cache/fontconfig/26de28bc8622bbc1fb67fd234c21975f-le64.cache-3
7f252162a000-7f252162b000 r--s 00000000 08:15 554485                     /var/cache/fontconfig/c05880de57d1f5e948fdfacc138775d9-le64.cache-3
7f252162b000-7f2521634000 r--s 00000000 08:15 527845                     /var/cache/fontconfig/945677eb7aeaf62f1d50efc3fb3ec7d8-le64.cache-3
7f2521634000-7f2521636000 r--s 00000000 08:15 554480                     /var/cache/fontconfig/99e8ed0e538f840c565b6ed5dad60d56-le64.cache-3
7f2521636000-7f2521639000 r--s 00000000 08:15 554411                     /var/cache/fontconfig/f24b2111ab8703b4e963115a8cf14259-le64.cache-3
7f2521639000-7f252163c000 r--s 00000000 08:15 554479                     /var/cache/fontconfig/e383d7ea5fbe662a33d9b44caf393297-le64.cache-3
7f252163c000-7f252163f000 r--s 00000000 08:15 554477                     /var/cache/fontconfig/2cd17615ca594fa2959ae173292e504c-le64.cache-3
7f252163f000-7f2521643000 r--s 00000000 08:15 554470                     /var/cache/fontconfig/6eb3985aa4124903f6ff08ba781cd364-le64.cache-3
7f2521643000-7f2521648000 r--s 00000000 08:15 554453                     /var/cache/fontconfig/062808c12e6e608270f93bb230aed730-le64.cache-3
7f2521648000-7f252164e000 r--s 00000000 08:15 554429                     /var/cache/fontconfig/a755afe4a08bf5b97852ceb7400b47bc-le64.cache-3
7f252164e000-7f2521653000 r--s 00000000 08:15 554452                     /var/cache/fontconfig/515ca1ebc4b18308bea979be5704f9db-le64.cache-3
7f2521653000-7f2521681000 r--s 00000000 08:15 554435                     /var/cache/fontconfig/365b55f210c0a22e9a19e35191240f32-le64.cache-3
7f252169b000-7f252169d000 rw-s 00000000 08:15 524685                     /tmp/gltPbLjc (deleted)
7f252169d000-7f25216a1000 rw-s 90be8000 00:05 8045                       /dev/nvidia0
7f25216a1000-7f25216a2000 rw-s e0005000 00:05 8045                       /dev/nvidia0
7f25216a2000-7f25216c2000 rw-s cdf21000 00:05 8045                       /dev/nvidia0
7f25216c2000-7f25216fb000 rw-p 00000000 00:00 0 
7f25216fb000-7f25216fe000 ---p 00000000 00:00 0 
7f25216fe000-7f25217fc000 rw-p 00000000 00:00 0 
7f25217fc000-7f25217fd000 r--s 00000000 08:15 532633                     /var/cache/fontconfig/26de28bc8622bbc1fb67fd234c21975f-le64.cache-3
7f25217fd000-7f25217fe000 r--s 00000000 08:15 554485                     /var/cache/fontconfig/c05880de57d1f5e948fdfacc138775d9-le64.cache-3
7f25217fe000-7f2521807000 r--s 00000000 08:15 527845                     /var/cache/fontconfig/945677eb7aeaf62f1d50efc3fb3ec7d8-le64.cache-3
7f2521807000-7f2521809000 r--s 00000000 08:15 554480                     /var/cache/fontconfig/99e8ed0e538f840c565b6ed5dad60d56-le64.cache-3
7f2521809000-7f252180c000 r--s 00000000 08:15 554411                     /var/cache/fontconfig/f24b2111ab8703b4e963115a8cf14259-le64.cache-3
7f252180c000-7f252180f000 r--s 00000000 08:15 554479                     /var/cache/fontconfig/e383d7ea5fbe662a33d9b44caf393297-le64.cache-3
7f252180f000-7f2521812000 r--s 00000000 08:15 554477                     /var/cache/fontconfig/2cd17615ca594fa2959ae173292e504c-le64.cache-3
7f2521812000-7f2521813000 r--s 00000000 08:15 554471                     /var/cache/fontconfig/e7071f4a29fa870f4323321c154eba04-le64.cache-3
7f2521813000-7f2521817000 r--s 00000000 08:15 554470                     /var/cache/fontconfig/6eb3985aa4124903f6ff08ba781cd364-le64.cache-3
7f2521817000-7f2521818000 r--s 00000000 08:15 554466                     /var/cache/fontconfig/4c73fe0c47614734b17d736dbde7580a-le64.cache-3
7f2521818000-7f2521819000 r--s 00000000 08:15 554459                     /var/cache/fontconfig/0d8c3b2ac0904cb8a57a757ad11a4a08-le64.cache-3
7f2521819000-7f252181a000 r--s 00000000 08:15 554454                     /var/cache/fontconfig/6a53c69dea097a2d716e069445527da8-le64.cache-3
7f252181a000-7f252181f000 r--s 00000000 08:15 554453                     /var/cache/fontconfig/062808c12e6e608270f93bb230aed730-le64.cache-3
7f252181f000-7f2521825000 r--s 00000000 08:15 554429                     /var/cache/fontconfig/a755afe4a08bf5b97852ceb7400b47bc-le64.cache-3
7f2521825000-7f252182a000 r--s 00000000 08:15 554452                     /var/cache/fontconfig/515ca1ebc4b18308bea979be5704f9db-le64.cache-3
7f252182a000-7f2521833000 r--s 00000000 08:15 554448                     /var/cache/fontconfig/6d41288fd70b0be22e8c3a91e032eec0-le64.cache-3
7f2521833000-7f2521843000 r--s 00000000 08:15 554447                     /var/cache/fontconfig/0f34bcd4b6ee430af32735b75db7f02b-le64.cache-3
7f2521843000-7f2521846000 r--s 00000000 08:15 554441                     /var/cache/fontconfig/d60319d88cac85ba9e1a07bd06cfbb8c-le64.cache-3
7f2521846000-7f2521847000 r--s 00000000 08:15 529070                     /var/cache/fontconfig/4794a0821666d79190d59a36cb4f44b5-le64.cache-3
7f2521847000-7f2521875000 r--s 00000000 08:15 554435                     /var/cache/fontconfig/365b55f210c0a22e9a19e35191240f32-le64.cache-3
7f2521875000-7f252187f000 r--s 00000000 08:15 554433                     /var/cache/fontconfig/d52a8644073d54c13679302ca1180695-le64.cache-3
7f252187f000-7f2521880000 rw-s 908d7000 00:05 8045                       /dev/nvidia0
7f2521880000-7f2521888000 r-xp 00000000 08:15 1581969                    /usr/lib/x86_64-linux-gnu/libXrandr.so.2.2.0
7f2521888000-7f2521a87000 ---p 00008000 08:15 1581969                    /usr/lib/x86_64-linux-gnu/libXrandr.so.2.2.0
7f2521a87000-7f2521a88000 r--p 00007000 08:15 1581969                    /usr/lib/x86_64-linux-gnu/libXrandr.so.2.2.0
7f2521a88000-7f2521a89000 rw-p 00008000 08:15 1581969                    /usr/lib/x86_64-linux-gnu/libXrandr.so.2.2.0
7f2521a89000-7f2521a8d000 rw-s b59b0000 00:05 8045                       /dev/nvidia0
7f2521a8d000-7f2521a8e000 rw-s f8c08000 00:05 8045                       /dev/nvidia0
7f2521a8e000-7f2521a8f000 rw-s f8641000 00:05 8045                       /dev/nvidia0
7f2521a8f000-7f2521a90000 rw-s 36cb3000 00:05 8045                       /dev/nvidia0
7f2521a90000-7f2521a91000 rw-s aba4a000 00:05 8045                       /dev/nvidia0
7f2521a91000-7f2521a92000 rw-s f8060000 00:05 8045                       /dev/nvidia0
7f2521a92000-7f2521aad000 rw-s d3860000 00:05 8045                       /dev/nvidia0
7f2521aad000-7f2521aae000 r--p 00000000 00:00 0 
7f2521aae000-7f2521ab5000 r--s 000fb000 08:15 1597348                    /usr/lib/jvm/java-6-openjdk/jre/lib/resources.jar
7f2521ab5000-7f2521ab6000 r--s 00000000 08:15 554418                     /var/cache/fontconfig/ec648e9a1aea82bddd4bd6050028158d-le64.cache-3
7f2521ab6000-7f2521ac9000 r--s 00000000 08:15 538224                     /var/cache/fontconfig/e13b20fdb08344e0e664864cc2ede53d-le64.cache-3
7f2521ac9000-7f2521acd000 r--s 00000000 08:15 538228                     /var/cache/fontconfig/7ef2298fde41cc6eeb7af42e48b7d293-le64.cache-3
7f2521acd000-7f2521ae1000 r--s 00000000 08:15 527842                     /var/cache/fontconfig/865f88548240fee46819705c6468c165-le64.cache-3
7f2521ae1000-7f2521ae4000 ---p 00000000 00:00 0 
7f2521ae4000-7f2521be2000 rw-p 00000000 00:00 0 
7f2521be2000-7f2521c75000 r-xp 00000000 08:15 1572891                    /usr/lib/x86_64-linux-gnu/libfreetype.so.6.6.2
7f2521c75000-7f2521e74000 ---p 00093000 08:15 1572891                    /usr/lib/x86_64-linux-gnu/libfreetype.so.6.6.2
7f2521e74000-7f2521e7a000 r--p 00092000 08:15 1572891                    /usr/lib/x86_64-linux-gnu/libfreetype.so.6.6.2
7f2521e7a000-7f2521e7b000 rw-p 00098000 08:15 1572891                    /usr/lib/x86_64-linux-gnu/libfreetype.so.6.6.2
7f2521e7b000-7f2521eb4000 r-xp 00000000 08:15 1597379                    /usr/lib/jvm/java-6-openjdk/jre/lib/amd64/libfontmanager.so
7f2521eb4000-7f25220b3000 ---p 00039000 08:15 1597379                    /usr/lib/jvm/java-6-openjdk/jre/lib/amd64/libfontmanager.so
7f25220b3000-7f25220b5000 r--p 00038000 08:15 1597379                    /usr/lib/jvm/java-6-openjdk/jre/lib/amd64/libfontmanager.so
7f25220b5000-7f25220b6000 rw-p 0003a000 08:15 1597379                    /usr/lib/jvm/java-6-openjdk/jre/lib/amd64/libfontmanager.so
7f25220b6000-7f25220bb000 r-xp 00000000 08:15 1573561                    /usr/lib/x86_64-linux-gnu/libXdmcp.so.6.0.0
7f25220bb000-7f25222ba000 ---p 00005000 08:15 1573561                    /usr/lib/x86_64-linux-gnu/libXdmcp.so.6.0.0
7f25222ba000-7f25222bb000 r--p 00004000 08:15 1573561                    /usr/lib/x86_64-linux-gnu/libXdmcp.so.6.0.0
7f25222bb000-7f25222bc000 rw-p 00005000 08:15 1573561                    /usr/lib/x86_64-linux-gnu/libXdmcp.so.6.0.0
7f25222bc000-7f25222be000 r-xp 00000000 08:15 1570542                    /usr/lib/x86_64-linux-gnu/libXau.so.6.0.0
7f25222be000-7f25224bd000 ---p 00002000 08:15 1570542                    /usr/lib/x86_64-linux-gnu/libXau.so.6.0.0
7f25224bd000-7f25224be000 r--p 00001000 08:15 1570542                    /usr/lib/x86_64-linux-gnu/libXau.so.6.0.0
7f25224be000-7f25224bf000 rw-p 00002000 08:15 1570542                    /usr/lib/x86_64-linux-gnu/libXau.so.6.0.0
7f25224bf000-7f25224da000 r-xp 00000000 08:15 1572615                    /usr/lib/x86_64-linux-gnu/libxcb.so.1.1.0
7f25224da000-7f25226d9000 ---p 0001b000 08:15 1572615                    /usr/lib/x86_64-linux-gnu/libxcb.so.1.1.0
7f25226d9000-7f25226da000 r--p 0001a000 08:15 1572615                    /usr/lib/x86_64-linux-gnu/libxcb.so.1.1.0
7f25226da000-7f25226db000 rw-p 0001b000 08:15 1572615                    /usr/lib/x86_64-linux-gnu/libxcb.so.1.1.0
7f25226db000-7f25226ea000 r-xp 00000000 08:15 1613065                    /usr/lib/x86_64-linux-gnu/libXi.so.6.1.0
7f25226ea000-7f25228e9000 ---p 0000f000 08:15 1613065                    /usr/lib/x86_64-linux-gnu/libXi.so.6.1.0
7f25228e9000-7f25228ea000 r--p 0000e000 08:15 1613065                    /usr/lib/x86_64-linux-gnu/libXi.so.6.1.0
7f25228ea000-7f25228eb000 rw-p 0000f000 08:15 1613065                    /usr/lib/x86_64-linux-gnu/libXi.so.6.1.0
7f25228eb000-7f25228f0000 r-xp 00000000 08:15 1572606                    /usr/lib/libXtst.so.6.1.0
7f25228f0000-7f2522aef000 ---p 00005000 08:15 1572606                    /usr/lib/libXtst.so.6.1.0
7f2522aef000-7f2522af0000 r--p 00004000 08:15 1572606                    /usr/lib/libXtst.so.6.1.0
7f2522af0000-7f2522af1000 rw-p 00005000 08:15 1572606                    /usr/lib/libXtst.so.6.1.0
7f2522af1000-7f2522afa000 r-xp 00000000 08:15 1570620                    /usr/lib/x86_64-linux-gnu/libXrender.so.1.3.0
7f2522afa000-7f2522cfa000 ---p 00009000 08:15 1570620                    /usr/lib/x86_64-linux-gnu/libXrender.so.1.3.0
7f2522cfa000-7f2522cfb000 r--p 00009000 08:15 1570620                    /usr/lib/x86_64-linux-gnu/libXrender.so.1.3.0
7f2522cfb000-7f2522cfc000 rw-p 0000a000 08:15 1570620                    /usr/lib/x86_64-linux-gnu/libXrender.so.1.3.0
7f2522cfc000-7f2522e31000 r-xp 00000000 08:15 1573591                    /usr/lib/x86_64-linux-gnu/libX11.so.6.3.0
7f2522e31000-7f2523031000 ---p 00135000 08:15 1573591                    /usr/lib/x86_64-linux-gnu/libX11.so.6.3.0
7f2523031000-7f2523032000 r--p 00135000 08:15 1573591                    /usr/lib/x86_64-linux-gnu/libX11.so.6.3.0
7f2523032000-7f2523036000 rw-p 00136000 08:15 1573591                    /usr/lib/x86_64-linux-gnu/libX11.so.6.3.0
7f2523036000-7f2523047000 r-xp 00000000 08:15 1571673                    /usr/lib/x86_64-linux-gnu/libXext.so.6.4.0
7f2523047000-7f2523246000 ---p 00011000 08:15 1571673                    /usr/lib/x86_64-linux-gnu/libXext.so.6.4.0
7f2523246000-7f2523247000 r--p 00010000 08:15 1571673                    /usr/lib/x86_64-linux-gnu/libXext.so.6.4.0
7f2523247000-7f2523248000 rw-p 00011000 08:15 1571673                    /usr/lib/x86_64-linux-gnu/libXext.so.6.4.0
7f2523248000-7f2523251000 r--s 00000000 08:15 554448                     /var/cache/fontconfig/6d41288fd70b0be22e8c3a91e032eec0-le64.cache-3
7f2523251000-7f2523261000 r--s 00000000 08:15 554447                     /var/cache/fontconfig/0f34bcd4b6ee430af32735b75db7f02b-le64.cache-3
7f2523261000-7f2523274000 r--s 00000000 08:15 538224                     /var/cache/fontconfig/e13b20fdb08344e0e664864cc2ede53d-le64.cache-3
7f2523274000-7f25232bf000 r-xp 00000000 08:15 1597420                    /usr/lib/jvm/java-6-openjdk/jre/lib/amd64/xawt/libmawt.so
7f25232bf000-7f25234bf000 ---p 0004b000 08:15 1597420                    /usr/lib/jvm/java-6-openjdk/jre/lib/amd64/xawt/libmawt.so
7f25234bf000-7f25234c0000 r--p 0004b000 08:15 1597420                    /usr/lib/jvm/java-6-openjdk/jre/lib/amd64/xawt/libmawt.so
7f25234c0000-7f25234c3000 rw-p 0004c000 08:15 1597420                    /usr/lib/jvm/java-6-openjdk/jre/lib/amd64/xawt/libmawt.so
7f25234c3000-7f25234c4000 rw-p 00000000 00:00 0 
7f25234c4000-7f252356d000 r-xp 00000000 08:15 1597388                    /usr/lib/jvm/java-6-openjdk/jre/lib/amd64/libawt.so
7f252356d000-7f252376c000 ---p 000a9000 08:15 1597388                    /usr/lib/jvm/java-6-openjdk/jre/lib/amd64/libawt.so
7f252376c000-7f252376d000 r--p 000a8000 08:15 1597388                    /usr/lib/jvm/java-6-openjdk/jre/lib/amd64/libawt.so
7f252376d000-7f2523778000 rw-p 000a9000 08:15 1597388                    /usr/lib/jvm/java-6-openjdk/jre/lib/amd64/libawt.so
7f2523778000-7f252379d000 rw-p 00000000 00:00 0 
7f252379d000-7f25237a1000 r--s 0007c000 08:15 1597316                    /usr/lib/jvm/java-6-openjdk/jre/lib/jsse.jar
7f25237a1000-7f25237ac000 r--s 00098000 08:15 1339358                    /home/bompo/git/mgcube/libs/gdx.jar
7f25237ac000-7f25237b3000 r--s 0007d000 08:15 1328895                    /home/bompo/git/mgcube/libs/gdx-sources.jar
7f25237b3000-7f25237c4000 r--s 0011a000 08:15 1330406                    /home/bompo/git/mgcube/libs/gdx-backend-lwjgl.jar
7f25237c4000-7f25237c5000 r--s 00007000 08:15 1315805                    /home/bompo/git/mgcube/libs/gdx-backend-lwjgl-sources.jar
7f25237c5000-7f25237c6000 r--s 00127000 08:15 1339891                    /home/bompo/git/mgcube/libs/gdx-backend-lwjgl-natives.jar
7f25237c6000-7f25237c7000 r--s 001a8000 08:15 1326708                    /home/bompo/git/mgcube/libs/gdx-natives.jar
7f25237c7000-7f25237cf000 r--s 00066000 08:15 1721290                    /usr/share/java/gnome-java-bridge.jar
7f25237cf000-7f25237d2000 r--s 0000f000 08:15 1597341                    /usr/lib/jvm/java-6-openjdk/jre/lib/ext/pulse-java.jar
7f25237d2000-7f25237d3000 ---p 00000000 00:00 0 
7f25237d3000-7f25238d3000 rw-p 00000000 00:00 0 
7f25238d3000-7f25238d6000 ---p 00000000 00:00 0 
7f25238d6000-7f25239d4000 rw-p 00000000 00:00 0 
7f25239d4000-7f25239d7000 ---p 00000000 00:00 0 
7f25239d7000-7f2523ad5000 rw-p 00000000 00:00 0 
7f2523ad5000-7f2523ad8000 ---p 00000000 00:00 0 
7f2523ad8000-7f2523bd6000 rw-p 00000000 00:00 0 
7f2523bd6000-7f2523bd9000 ---p 00000000 00:00 0 
7f2523bd9000-7f2523cd7000 rw-p 00000000 00:00 0 
7f2523cd7000-7f25240df000 r--p 00000000 08:15 1570348                    /usr/lib/locale/locale-archive
7f25240df000-7f25240e2000 ---p 00000000 00:00 0 
7f25240e2000-7f25241e0000 rw-p 00000000 00:00 0 
7f25241e0000-7f25241e3000 ---p 00000000 00:00 0 
7f25241e3000-7f25242e1000 rw-p 00000000 00:00 0 
7f25242e1000-7f25242e2000 ---p 00000000 00:00 0 
7f25242e2000-7f252491a000 rw-p 00000000 00:00 0 
7f252491a000-7f2524aaa000 r--s 037af000 08:15 1597397                    /usr/lib/jvm/java-6-openjdk/jre/lib/rt.jar
7f2524aaa000-7f2524ad2000 rw-p 00000000 00:00 0 
7f2524ad2000-7f2524ad3000 ---p 00000000 00:00 0 
7f2524ad3000-7f2524bd3000 rw-p 00000000 00:00 0 
7f2524bd3000-7f2524bd4000 ---p 00000000 00:00 0 
7f2524bd4000-7f2524cd4000 rw-p 00000000 00:00 0 
7f2524cd4000-7f2524cd5000 ---p 00000000 00:00 0 
7f2524cd5000-7f2524dd5000 rw-p 00000000 00:00 0 
7f2524dd5000-7f2524dd6000 ---p 00000000 00:00 0 
7f2524dd6000-7f2524ee1000 rw-p 00000000 00:00 0 
7f2524ee1000-7f2524f29000 rw-p 00000000 00:00 0 
7f2524f29000-7f2524f3e000 rw-p 00000000 00:00 0 
7f2524f3e000-7f2525071000 rw-p 00000000 00:00 0 
7f2525071000-7f252507c000 rw-p 00000000 00:00 0 
7f252507c000-7f25250c4000 rw-p 00000000 00:00 0 
7f25250c4000-7f25250d9000 rw-p 00000000 00:00 0 
7f25250d9000-7f252520b000 rw-p 00000000 00:00 0 
7f252520b000-7f2525216000 rw-p 00000000 00:00 0 
7f2525216000-7f25252af000 rw-p 00000000 00:00 0 
7f25252af000-7f25252b0000 rw-p 00000000 00:00 0 
7f25252b0000-7f2525520000 rwxp 00000000 00:00 0 
7f2525520000-7f25282b0000 rw-p 00000000 00:00 0 
7f25282b0000-7f25282b7000 r-xp 00000000 08:15 1597383                    /usr/lib/jvm/java-6-openjdk/jre/lib/amd64/libzip.so
7f25282b7000-7f25284b6000 ---p 00007000 08:15 1597383                    /usr/lib/jvm/java-6-openjdk/jre/lib/amd64/libzip.so
7f25284b6000-7f25284b7000 r--p 00006000 08:15 1597383                    /usr/lib/jvm/java-6-openjdk/jre/lib/amd64/libzip.so
7f25284b7000-7f25284b8000 rw-p 00007000 08:15 1597383                    /usr/lib/jvm/java-6-openjdk/jre/lib/amd64/libzip.so
7f25284b8000-7f25284c4000 r-xp 00000000 08:15 535712                     /lib/x86_64-linux-gnu/libnss_files-2.13.so
7f25284c4000-7f25286c3000 ---p 0000c000 08:15 535712                     /lib/x86_64-linux-gnu/libnss_files-2.13.so
7f25286c3000-7f25286c4000 r--p 0000b000 08:15 535712                     /lib/x86_64-linux-gnu/libnss_files-2.13.so
7f25286c4000-7f25286c5000 rw-p 0000c000 08:15 535712                     /lib/x86_64-linux-gnu/libnss_files-2.13.so
7f25286c5000-7f25286d0000 r-xp 00000000 08:15 535714                     /lib/x86_64-linux-gnu/libnss_nis-2.13.so
7f25286d0000-7f25288cf000 ---p 0000b000 08:15 535714                     /lib/x86_64-linux-gnu/libnss_nis-2.13.so
7f25288cf000-7f25288d0000 r--p 0000a000 08:15 535714                     /lib/x86_64-linux-gnu/libnss_nis-2.13.so
7f25288d0000-7f25288d1000 rw-p 0000b000 08:15 535714                     /lib/x86_64-linux-gnu/libnss_nis-2.13.so
7f25288d1000-7f25288d9000 r-xp 00000000 08:15 535710                     /lib/x86_64-linux-gnu/libnss_compat-2.13.so
7f25288d9000-7f2528ad8000 ---p 00008000 08:15 535710                     /lib/x86_64-linux-gnu/libnss_compat-2.13.so
7f2528ad8000-7f2528ad9000 r--p 00007000 08:15 535710                     /lib/x86_64-linux-gnu/libnss_compat-2.13.so
7f2528ad9000-7f2528ada000 rw-p 00008000 08:15 535710                     /lib/x86_64-linux-gnu/libnss_compat-2.13.so
7f2528ada000-7f2528af1000 r-xp 00000000 08:15 535709                     /lib/x86_64-linux-gnu/libnsl-2.13.so
7f2528af1000-7f2528cf0000 ---p 00017000 08:15 535709                     /lib/x86_64-linux-gnu/libnsl-2.13.so
7f2528cf0000-7f2528cf1000 r--p 00016000 08:15 535709                     /lib/x86_64-linux-gnu/libnsl-2.13.so
7f2528cf1000-7f2528cf2000 rw-p 00017000 08:15 535709                     /lib/x86_64-linux-gnu/libnsl-2.13.so
7f2528cf2000-7f2528cf4000 rw-p 00000000 00:00 0 
7f2528cf4000-7f2528d20000 r-xp 00000000 08:15 1597382                    /usr/lib/jvm/java-6-openjdk/jre/lib/amd64/libjava.so
7f2528d20000-7f2528f1f000 ---p 0002c000 08:15 1597382                    /usr/lib/jvm/java-6-openjdk/jre/lib/amd64/libjava.so
7f2528f1f000-7f2528f20000 r--p 0002b000 08:15 1597382                    /usr/lib/jvm/java-6-openjdk/jre/lib/amd64/libjava.so
7f2528f20000-7f2528f23000 rw-p 0002c000 08:15 1597382                    /usr/lib/jvm/java-6-openjdk/jre/lib/amd64/libjava.so
7f2528f23000-7f2528f31000 r-xp 00000000 08:15 1597368                    /usr/lib/jvm/java-6-openjdk/jre/lib/amd64/libverify.so
7f2528f31000-7f2529130000 ---p 0000e000 08:15 1597368                    /usr/lib/jvm/java-6-openjdk/jre/lib/amd64/libverify.so
7f2529130000-7f2529132000 r--p 0000d000 08:15 1597368                    /usr/lib/jvm/java-6-openjdk/jre/lib/amd64/libverify.so
7f2529132000-7f2529133000 rw-p 0000f000 08:15 1597368                    /usr/lib/jvm/java-6-openjdk/jre/lib/amd64/libverify.so
7f2529133000-7f252913a000 r-xp 00000000 08:15 535724                     /lib/x86_64-linux-gnu/librt-2.13.so
7f252913a000-7f2529339000 ---p 00007000 08:15 535724                     /lib/x86_64-linux-gnu/librt-2.13.so
7f2529339000-7f252933a000 r--p 00006000 08:15 535724                     /lib/x86_64-linux-gnu/librt-2.13.so
7f252933a000-7f252933b000 rw-p 00007000 08:15 535724                     /lib/x86_64-linux-gnu/librt-2.13.so
7f252933b000-7f2529350000 r-xp 00000000 08:15 528127                     /lib/x86_64-linux-gnu/libgcc_s.so.1
7f2529350000-7f252954f000 ---p 00015000 08:15 528127                     /lib/x86_64-linux-gnu/libgcc_s.so.1
7f252954f000-7f2529550000 r--p 00014000 08:15 528127                     /lib/x86_64-linux-gnu/libgcc_s.so.1
7f2529550000-7f2529551000 rw-p 00015000 08:15 528127                     /lib/x86_64-linux-gnu/libgcc_s.so.1
7f2529551000-7f25295d5000 r-xp 00000000 08:15 535703                     /lib/x86_64-linux-gnu/libm-2.13.so
7f25295d5000-7f25297d4000 ---p 00084000 08:15 535703                     /lib/x86_64-linux-gnu/libm-2.13.so
7f25297d4000-7f25297d5000 r--p 00083000 08:15 535703                     /lib/x86_64-linux-gnu/libm-2.13.so
7f25297d5000-7f25297d6000 rw-p 00084000 08:15 535703                     /lib/x86_64-linux-gnu/libm-2.13.so
7f25297d6000-7f25298be000 r-xp 00000000 08:15 1571250                    /usr/lib/x86_64-linux-gnu/libstdc++.so.6.0.14
7f25298be000-7f2529abd000 ---p 000e8000 08:15 1571250                    /usr/lib/x86_64-linux-gnu/libstdc++.so.6.0.14
7f2529abd000-7f2529ac5000 r--p 000e7000 08:15 1571250                    /usr/lib/x86_64-linux-gnu/libstdc++.so.6.0.14
7f2529ac5000-7f2529ac7000 rw-p 000ef000 08:15 1571250                    /usr/lib/x86_64-linux-gnu/libstdc++.so.6.0.14
7f2529ac7000-7f2529adc000 rw-p 00000000 00:00 0 
7f2529adc000-7f252a431000 r-xp 00000000 08:15 1597385                    /usr/lib/jvm/java-6-openjdk/jre/lib/amd64/server/libjvm.so
7f252a431000-7f252a630000 ---p 00955000 08:15 1597385                    /usr/lib/jvm/java-6-openjdk/jre/lib/amd64/server/libjvm.so
7f252a630000-7f252a6b1000 r--p 00954000 08:15 1597385                    /usr/lib/jvm/java-6-openjdk/jre/lib/amd64/server/libjvm.so
7f252a6b1000-7f252a6cc000 rw-p 009d5000 08:15 1597385                    /usr/lib/jvm/java-6-openjdk/jre/lib/amd64/server/libjvm.so
7f252a6cc000-7f252a6f5000 rw-p 00000000 00:00 0 
7f252a6f5000-7f252a87f000 r-xp 00000000 08:15 535697                     /lib/x86_64-linux-gnu/libc-2.13.so
7f252a87f000-7f252aa7e000 ---p 0018a000 08:15 535697                     /lib/x86_64-linux-gnu/libc-2.13.so
7f252aa7e000-7f252aa82000 r--p 00189000 08:15 535697                     /lib/x86_64-linux-gnu/libc-2.13.so
7f252aa82000-7f252aa83000 rw-p 0018d000 08:15 535697                     /lib/x86_64-linux-gnu/libc-2.13.so
7f252aa83000-7f252aa89000 rw-p 00000000 00:00 0 
7f252aa89000-7f252aa8b000 r-xp 00000000 08:15 535702                     /lib/x86_64-linux-gnu/libdl-2.13.so
7f252aa8b000-7f252ac8b000 ---p 00002000 08:15 535702                     /lib/x86_64-linux-gnu/libdl-2.13.so
7f252ac8b000-7f252ac8c000 r--p 00002000 08:15 535702                     /lib/x86_64-linux-gnu/libdl-2.13.so
7f252ac8c000-7f252ac8d000 rw-p 00003000 08:15 535702                     /lib/x86_64-linux-gnu/libdl-2.13.so
7f252ac8d000-7f252ac91000 r-xp 00000000 08:15 1597366                    /usr/lib/jvm/java-6-openjdk/jre/lib/amd64/jli/libjli.so
7f252ac91000-7f252ae90000 ---p 00004000 08:15 1597366                    /usr/lib/jvm/java-6-openjdk/jre/lib/amd64/jli/libjli.so
7f252ae90000-7f252ae91000 r--p 00003000 08:15 1597366                    /usr/lib/jvm/java-6-openjdk/jre/lib/amd64/jli/libjli.so
7f252ae91000-7f252ae92000 rw-p 00004000 08:15 1597366                    /usr/lib/jvm/java-6-openjdk/jre/lib/amd64/jli/libjli.so
7f252ae92000-7f252aeaa000 r-xp 00000000 08:15 535718                     /lib/x86_64-linux-gnu/libpthread-2.13.so
7f252aeaa000-7f252b0aa000 ---p 00018000 08:15 535718                     /lib/x86_64-linux-gnu/libpthread-2.13.so
7f252b0aa000-7f252b0ab000 r--p 00018000 08:15 535718                     /lib/x86_64-linux-gnu/libpthread-2.13.so
7f252b0ab000-7f252b0ac000 rw-p 00019000 08:15 535718                     /lib/x86_64-linux-gnu/libpthread-2.13.so
7f252b0ac000-7f252b0b0000 rw-p 00000000 00:00 0 
7f252b0b0000-7f252b0c7000 r-xp 00000000 08:15 535781                     /lib/x86_64-linux-gnu/libz.so.1.2.3.4
7f252b0c7000-7f252b2c6000 ---p 00017000 08:15 535781                     /lib/x86_64-linux-gnu/libz.so.1.2.3.4
7f252b2c6000-7f252b2c7000 r--p 00016000 08:15 535781                     /lib/x86_64-linux-gnu/libz.so.1.2.3.4
7f252b2c7000-7f252b2c8000 rw-p 00017000 08:15 535781                     /lib/x86_64-linux-gnu/libz.so.1.2.3.4
7f252b2c8000-7f252b2e9000 r-xp 00000000 08:15 535673                     /lib/x86_64-linux-gnu/ld-2.13.so
7f252b2e9000-7f252b2ea000 r--s 00000000 08:15 1340105                    /home/bompo/.fontconfig/aa7e4f27e681240d22a1f116cf7520f0-le64.cache-3
7f252b2ea000-7f252b2f4000 r--s 00000000 08:15 554433                     /var/cache/fontconfig/d52a8644073d54c13679302ca1180695-le64.cache-3
7f252b2f4000-7f252b2fe000 rw-p 00000000 00:00 0 
7f252b2fe000-7f252b3b4000 rw-p 00000000 00:00 0 
7f252b3b4000-7f252b3b7000 ---p 00000000 00:00 0 
7f252b3b7000-7f252b4ba000 rw-p 00000000 00:00 0 
7f252b4ba000-7f252b4bb000 r--s 00000000 08:15 554471                     /var/cache/fontconfig/e7071f4a29fa870f4323321c154eba04-le64.cache-3
7f252b4bb000-7f252b4bc000 r--s 00000000 08:15 554466                     /var/cache/fontconfig/4c73fe0c47614734b17d736dbde7580a-le64.cache-3
7f252b4bc000-7f252b4bd000 r--s 00000000 08:15 554459                     /var/cache/fontconfig/0d8c3b2ac0904cb8a57a757ad11a4a08-le64.cache-3
7f252b4bd000-7f252b4be000 r--s 00000000 08:15 554454                     /var/cache/fontconfig/6a53c69dea097a2d716e069445527da8-le64.cache-3
7f252b4be000-7f252b4c1000 r--s 00000000 08:15 554441                     /var/cache/fontconfig/d60319d88cac85ba9e1a07bd06cfbb8c-le64.cache-3
7f252b4c1000-7f252b4c2000 r--s 00000000 08:15 529070                     /var/cache/fontconfig/4794a0821666d79190d59a36cb4f44b5-le64.cache-3
7f252b4c2000-7f252b4c3000 r--s 00000000 08:15 554418                     /var/cache/fontconfig/ec648e9a1aea82bddd4bd6050028158d-le64.cache-3
7f252b4c3000-7f252b4c7000 r--s 00000000 08:15 538228                     /var/cache/fontconfig/7ef2298fde41cc6eeb7af42e48b7d293-le64.cache-3
7f252b4c7000-7f252b4db000 r--s 00000000 08:15 527842                     /var/cache/fontconfig/865f88548240fee46819705c6468c165-le64.cache-3
7f252b4db000-7f252b4dc000 r--s 00000000 08:15 1340105                    /home/bompo/.fontconfig/aa7e4f27e681240d22a1f116cf7520f0-le64.cache-3
7f252b4dc000-7f252b4e4000 rw-s 00000000 08:15 523963                     /tmp/hsperfdata_bompo/8628
7f252b4e4000-7f252b4e5000 rw-p 00000000 00:00 0 
7f252b4e5000-7f252b4e6000 r--p 00000000 00:00 0 
7f252b4e6000-7f252b4e8000 rw-p 00000000 00:00 0 
7f252b4e8000-7f252b4e9000 r--p 00020000 08:15 535673                     /lib/x86_64-linux-gnu/ld-2.13.so
7f252b4e9000-7f252b4eb000 rw-p 00021000 08:15 535673                     /lib/x86_64-linux-gnu/ld-2.13.so
7fffdb9c6000-7fffdb9e7000 rw-p 00000000 00:00 0                          [stack]
7fffdb9ff000-7fffdba00000 r-xp 00000000 00:00 0                          [vdso]
ffffffffff600000-ffffffffff601000 r-xp 00000000 00:00 0                  [vsyscall]

VM Arguments:
jvm_args: -Dfile.encoding=UTF-8 
java_command: de.swagner.mgcube.DesktopStarter
Launcher Type: SUN_STANDARD

Environment Variables:
PATH=/usr/local/sbin:/usr/local/bin:/usr/sbin:/usr/bin:/sbin:/bin:/usr/games:/home/bompo/NVPACK/android-sdk-linux_x86/platform-tools:/home/bompo/NVPACK/android-sdk-linux_x86/tools:/home/bompo/NVPACK/apache-ant-1.8.2/bin
USERNAME=bompo
LD_LIBRARY_PATH=/usr/lib/jvm/java-6-openjdk/jre/lib/amd64/server:/usr/lib/jvm/java-6-openjdk/jre/lib/amd64:/usr/lib/jvm/java-6-openjdk/jre/../lib/amd64:/usr/lib64/xulrunner-addons
SHELL=/bin/bash
DISPLAY=:0.0

Signal Handlers:
SIGSEGV: [libjvm.so+0x7d0f60], sa_mask[0]=0x7ffbfeff, sa_flags=0x10000004
SIGBUS: [libjvm.so+0x7d0f60], sa_mask[0]=0x7ffbfeff, sa_flags=0x10000004
SIGFPE: [libjvm.so+0x683760], sa_mask[0]=0x7ffbfeff, sa_flags=0x10000004
SIGPIPE: [libjvm.so+0x683760], sa_mask[0]=0x7ffbfeff, sa_flags=0x10000004
SIGXFSZ: [libjvm.so+0x683760], sa_mask[0]=0x7ffbfeff, sa_flags=0x10000004
SIGILL: [libjvm.so+0x683760], sa_mask[0]=0x7ffbfeff, sa_flags=0x10000004
SIGUSR1: SIG_DFL, sa_mask[0]=0x00000000, sa_flags=0x00000000
SIGUSR2: [libjvm.so+0x683930], sa_mask[0]=0x00000004, sa_flags=0x10000004
SIGHUP: [libjvm.so+0x6862d0], sa_mask[0]=0x7ffbfeff, sa_flags=0x10000004
SIGINT: [libjvm.so+0x6862d0], sa_mask[0]=0x7ffbfeff, sa_flags=0x10000004
SIGTERM: [libjvm.so+0x6862d0], sa_mask[0]=0x7ffbfeff, sa_flags=0x10000004
SIGQUIT: [libjvm.so+0x6862d0], sa_mask[0]=0x7ffbfeff, sa_flags=0x10000004


---------------  S Y S T E M  ---------------

OS:Ubuntu 11.04 (natty)
uname:Linux 2.6.38-11-generic #47-Ubuntu SMP Fri Jul 15 19:27:09 UTC 2011 x86_64
libc:glibc 2.13 NPTL 2.13 
rlimit: STACK 8192k, CORE 0k, NPROC infinity, NOFILE 4096, AS infinity
load average:0.27 0.20 0.16

/proc/meminfo:
MemTotal:        4015564 kB
MemFree:          830564 kB
Buffers:          176548 kB
Cached:          1058956 kB
SwapCached:            0 kB
Active:          2132252 kB
Inactive:         725416 kB
Active(anon):    1623500 kB
Inactive(anon):     5648 kB
Active(file):     508752 kB
Inactive(file):   719768 kB
Unevictable:         132 kB
Mlocked:             132 kB
SwapTotal:      19529724 kB
SwapFree:       19529724 kB
Dirty:               388 kB
Writeback:             0 kB
AnonPages:       1623104 kB
Mapped:           155264 kB
Shmem:              6660 kB
Slab:             127536 kB
SReclaimable:     101296 kB
SUnreclaim:        26240 kB
KernelStack:        3488 kB
PageTables:        30320 kB
NFS_Unstable:          0 kB
Bounce:                0 kB
WritebackTmp:          0 kB
CommitLimit:    21537504 kB
Committed_AS:    3420980 kB
VmallocTotal:   34359738367 kB
VmallocUsed:      149320 kB
VmallocChunk:   34359575136 kB
HardwareCorrupted:     0 kB
HugePages_Total:       0
HugePages_Free:        0
HugePages_Rsvd:        0
HugePages_Surp:        0
Hugepagesize:       2048 kB
DirectMap4k:      149376 kB
DirectMap2M:     4003840 kB


CPU:total 4 (4 cores per cpu, 1 threads per core) family 6 model 30 stepping 5, cmov, cx8, fxsr, mmx, sse, sse2, sse3, ssse3, sse4.1, sse4.2, popcnt

Memory: 4k page, physical 4015564k(830564k free), swap 19529724k(19529724k free)

vm_info: OpenJDK 64-Bit Server VM (20.0-b11) for linux-amd64 JRE (1.6.0_22-b22), built on Jun 11 2011 05:56:16 by "buildd" with gcc 4.5.2

