#
# A fatal error has been detected by the Java Runtime Environment:
#
#  SIGSEGV (0xb) at pc=0x00007fa1ccc72309, pid=5967, tid=140332915853056
#
# JRE version: 6.0_24-b07
# Java VM: Java HotSpot(TM) 64-Bit Server VM (19.1-b02 mixed mode linux-amd64 compressed oops)
# Problematic frame:
# C  [libGL.so.1+0x96309]
#
# If you would like to submit a bug report, please visit:
#   http://java.sun.com/webapps/bugreport/crash.jsp
# The crash happened outside the Java Virtual Machine in native code.
# See problematic frame for where to report the bug.
#

---------------  T H R E A D  ---------------

Current thread (0x00000000406df800):  JavaThread "AWT-EventQueue-0" [_thread_in_native, id=5996, stack(0x00007fa1cd898000,0x00007fa1cd999000)]

siginfo:si_signo=SIGSEGV: si_errno=0, si_code=1 (SEGV_MAPERR), si_addr=0x0000000041cd7000

Registers:
RAX=0x0000000041cd7000, RBX=0x00000000409c6588, RCX=0x00007fa1cced29c0, RDX=0x00007fa1c7fcd720
RSP=0x00007fa1cd996bb0, RBP=0x0000000000000001, RSI=0x00000000409c6588, RDI=0x00007fa1cced2c80
R8 =0x0000000000021b18, R9 =0x00000000409cba70, R10=0x0000000000000000, R11=0x0000000000000206
R12=0x00007fa1cd996bd0, R13=0x0000000000000001, R14=0x00000000409c6588, R15=0x00007fa1cceb6d30
RIP=0x00007fa1ccc72309, EFL=0x0000000000010202, CSGSFS=0x0000000000000033, ERR=0x0000000000000004
  TRAPNO=0x000000000000000e

Register to memory mapping:

RAX=0x0000000041cd7000
0x0000000041cd7000 is pointing to unknown location

RBX=0x00000000409c6588
0x00000000409c6588 is pointing to unknown location

RCX=0x00007fa1cced29c0
0x00007fa1cced29c0: <offset 0x2f69c0> in /usr/lib/nvidia-current/libGL.so.1 at 0x00007fa1ccbdc000

RDX=0x00007fa1c7fcd720
0x00007fa1c7fcd720: <offset 0x1c1a720> in /usr/lib/nvidia-current/libnvidia-glcore.so.270.41.19 at 0x00007fa1c63b3000

RSP=0x00007fa1cd996bb0
0x00007fa1cd996bb0 is pointing into the stack for thread: 0x00000000406df800
"AWT-EventQueue-0" prio=10 tid=0x00000000406df800 nid=0x176c runnable [0x00007fa1cd996000]
   java.lang.Thread.State: RUNNABLE

RBP=0x0000000000000001
0x0000000000000001 is pointing to unknown location

RSI=0x00000000409c6588
0x00000000409c6588 is pointing to unknown location

RDI=0x00007fa1cced2c80
0x00007fa1cced2c80: <offset 0x2f6c80> in /usr/lib/nvidia-current/libGL.so.1 at 0x00007fa1ccbdc000

R8 =0x0000000000021b18
0x0000000000021b18 is pointing to unknown location

R9 =0x00000000409cba70
0x00000000409cba70 is pointing to unknown location

R10=0x0000000000000000
0x0000000000000000 is pointing to unknown location

R11=0x0000000000000206
0x0000000000000206 is pointing to unknown location

R12=0x00007fa1cd996bd0
0x00007fa1cd996bd0 is pointing into the stack for thread: 0x00000000406df800
"AWT-EventQueue-0" prio=10 tid=0x00000000406df800 nid=0x176c runnable [0x00007fa1cd996000]
   java.lang.Thread.State: RUNNABLE

R13=0x0000000000000001
0x0000000000000001 is pointing to unknown location

R14=0x00000000409c6588
0x00000000409c6588 is pointing to unknown location

R15=0x00007fa1cceb6d30
0x00007fa1cceb6d30: <offset 0x2dad30> in /usr/lib/nvidia-current/libGL.so.1 at 0x00007fa1ccbdc000


Top of Stack: (sp=0x00007fa1cd996bb0)
0x00007fa1cd996bb0:   00007fa1cd996bd0 0000000041cd7000
0x00007fa1cd996bc0:   00000320406df800 00000001000001e0
0x00007fa1cd996bd0:   0000000041cd7000 00007fa1c6173ed0
0x00007fa1cd996be0:   44162000c2322ec0 00007fa1da560860
0x00007fa1cd996bf0:   0000000000000ffc 00007fa1da56a1b0
0x00007fa1cd996c00:   00007fa1cd996c80 0000000000000000
0x00007fa1cd996c10:   00000000c24c9c60 00007fa1cc09ac83
0x00007fa1cd996c20:   0000000000000000 0000000004400012
0x00007fa1cd996c30:   00007fa1c7fea240 000000000000174f
0x00007fa1cd996c40:   00000000406af450 00007fa1c729bc70
0x00007fa1cd996c50:   0000000000000007 00000000405ed490
0x00007fa1cd996c60:   00000000409c6540 0000000040870f00
0x00007fa1cd996c70:   0000000000000007 00007fa1cd996d40
0x00007fa1cd996c80:   00000000406df800 00007fa1ccc48e27
0x00007fa1cd996c90:   0000000000000000 0000000000000007
0x00007fa1cd996ca0:   00007fa1cd996c70 00000000406df800
0x00007fa1cd996cb0:   00007fa1cd996d00 00000000ebeda478
0x00007fa1cd996cc0:   00007fa1cd996d00 0000000000000000
0x00007fa1cd996cd0:   0000000000000007 00007fa1cc534b42
0x00007fa1cd996ce0:   0000000004400012 00000000405ed490
0x00007fa1cd996cf0:   00007fa1cd996d40 00000000406df9c8
0x00007fa1cd996d00:   00007fa1cd996d50 00007fa1d54fd856
0x00007fa1cd996d10:   00000000c2242d88 00000000c2242dc0
0x00007fa1cd996d20:   0000000000000006 00000000ebeda440
0x00007fa1cd996d30:   0000000000000031 0000000000000031
0x00007fa1cd996d40:   00000000bd738ed0 00007fa1be8c01b8
0x00007fa1cd996d50:   00000000c2219050 00007fa1d5571768
0x00007fa1cd996d60:   00000000c24c9d98 00000000c24c9d98
0x00007fa1cd996d70:   00000000406df800 00000000c24b5fa8
0x00007fa1cd996d80:   00007fa1cd996e50 00000000ebeb2fa8
0x00007fa1cd996d90:   00000000c24b6150 00000000c24c9d98
0x00007fa1cd996da0:   00000000c24b5fa8 0000000100000000 

Instructions: (pc=0x00007fa1ccc72309)
0x00007fa1ccc722f9:   3b d9 23 00 49 8b 04 24 4c 89 f6 ff c5 48 8b 11
0x00007fa1ccc72309:   48 8b 38 ff 92 78 03 00 00 48 8b 15 1f d9 23 00 

Stack: [0x00007fa1cd898000,0x00007fa1cd999000],  sp=0x00007fa1cd996bb0,  free space=1018k
Native frames: (J=compiled Java code, j=interpreted, Vv=VM code, C=native code)
C  [libGL.so.1+0x96309]

Java frames: (J=compiled Java code, j=interpreted, Vv=VM code)
J  com.sun.opengl.impl.x11.GLX.glXSwapBuffers(JJ)V
J  com.sun.opengl.impl.GLDrawableHelper.invokeGL(Ljavax/media/opengl/GLDrawable;Ljavax/media/opengl/GLContext;Ljava/lang/Runnable;Ljava/lang/Runnable;)V
J  java.awt.event.InvocationEvent.dispatch()V
J  java.awt.EventQueue$1.run()Ljava/lang/Object;
v  ~StubRoutines::call_stub
J  java.security.AccessController.doPrivileged(Ljava/security/PrivilegedAction;Ljava/security/AccessControlContext;)Ljava/lang/Object;
J  java.awt.EventDispatchThread.pumpOneEventForFilters(I)Z
J  java.awt.EventDispatchThread.pumpEventsForFilter(ILjava/awt/Conditional;Ljava/awt/EventFilter;)V
j  java.awt.EventDispatchThread.pumpEventsForHierarchy(ILjava/awt/Conditional;Ljava/awt/Component;)V+11
j  java.awt.EventDispatchThread.pumpEvents(ILjava/awt/Conditional;)V+4
j  java.awt.EventDispatchThread.pumpEvents(Ljava/awt/Conditional;)V+3
j  java.awt.EventDispatchThread.run()V+9
v  ~StubRoutines::call_stub

---------------  P R O C E S S  ---------------

Java Threads: ( => current thread )
  0x00007fa1c8015000 JavaThread "XToolkit-Shutdown-Thread" [_thread_blocked, id=6253, stack(0x00007fa1bd5ff000,0x00007fa1bd700000)]
  0x0000000041292000 JavaThread "Thread-2" [_thread_in_vm, id=6252, stack(0x00007fa1bd700000,0x00007fa1bd801000)]
  0x0000000040546000 JavaThread "SIGTERM handler" daemon [_thread_blocked, id=6250, stack(0x00007fa1cfbfc000,0x00007fa1cfcfd000)]
  0x00000000404b1800 JavaThread "DestroyJavaVM" [_thread_blocked, id=5968, stack(0x00007fa1d9833000,0x00007fa1d9934000)]
  0x0000000040865800 JavaThread "Thread-1" [_thread_blocked, id=6001, stack(0x00007fa1befa1000,0x00007fa1bf0a2000)]
=>0x00000000406df800 JavaThread "AWT-EventQueue-0" [_thread_in_native, id=5996, stack(0x00007fa1cd898000,0x00007fa1cd999000)]
  0x00000000406de000 JavaThread "AWT-Shutdown" [_thread_blocked, id=5995, stack(0x00007fa1cda6b000,0x00007fa1cdb6c000)]
  0x00000000406dd000 JavaThread "AWT-XAWT" daemon [_thread_blocked, id=5994, stack(0x00007fa1cdb6c000,0x00007fa1cdc6d000)]
  0x0000000040669800 JavaThread "Java2D Disposer" daemon [_thread_blocked, id=5993, stack(0x00007fa1ce2b5000,0x00007fa1ce3b6000)]
  0x000000004055f800 JavaThread "Low Memory Detector" daemon [_thread_blocked, id=5991, stack(0x00007fa1cf8f9000,0x00007fa1cf9fa000)]
  0x00007fa1d0007000 JavaThread "CompilerThread1" daemon [_thread_blocked, id=5990, stack(0x00007fa1cf9fa000,0x00007fa1cfafb000)]
  0x000000004055b800 JavaThread "CompilerThread0" daemon [_thread_blocked, id=5989, stack(0x00007fa1cfafb000,0x00007fa1cfbfc000)]
  0x0000000040543800 JavaThread "JDWP Event Helper Thread" daemon [_thread_blocked, id=5985, stack(0x00007fa1cfcfd000,0x00007fa1cfdfe000)]
  0x000000004053f800 JavaThread "JDWP Transport Listener: dt_socket" daemon [_thread_in_native, id=5983, stack(0x00007fa1cfdfe000,0x00007fa1cfeff000)]
  0x0000000040533800 JavaThread "Signal Dispatcher" daemon [_thread_blocked, id=5981, stack(0x00007fa1d41bc000,0x00007fa1d42bd000)]
  0x0000000040518000 JavaThread "Finalizer" daemon [_thread_blocked, id=5980, stack(0x00007fa1cfeff000,0x00007fa1d0000000)]
  0x0000000040515800 JavaThread "Reference Handler" daemon [_thread_blocked, id=5979, stack(0x00007fa1d42bd000,0x00007fa1d43be000)]

Other Threads:
  0x000000004050f000 VMThread [stack: 0x00007fa1d43be000,0x00007fa1d44bf000] [id=5978]
  0x000000004056a800 WatcherThread [stack: 0x00007fa1cf7f8000,0x00007fa1cf8f9000] [id=5992]

VM state:not at safepoint (normal execution)

VM Mutex/Monitor currently owned by a thread: None

Heap
 PSYoungGen      total 18304K, used 9997K [0x00000000eb600000, 0x00000000ecc00000, 0x0000000100000000)
  eden space 14464K, 67% used [0x00000000eb600000,0x00000000ebf8b640,0x00000000ec420000)
  from space 3840K, 5% used [0x00000000ec830000,0x00000000ec868010,0x00000000ecbf0000)
  to   space 4032K, 0% used [0x00000000ec420000,0x00000000ec420000,0x00000000ec810000)
 PSOldGen        total 42240K, used 5013K [0x00000000c2200000, 0x00000000c4b40000, 0x00000000eb600000)
  object space 42240K, 11% used [0x00000000c2200000,0x00000000c26e5740,0x00000000c4b40000)
 PSPermGen       total 21248K, used 18851K [0x00000000bd000000, 0x00000000be4c0000, 0x00000000c2200000)
  object space 21248K, 88% used [0x00000000bd000000,0x00000000be269e18,0x00000000be4c0000)

Dynamic libraries:
40000000-40009000 r-xp 00000000 08:05 1662394                            /usr/lib/jvm/java-6-sun-1.6.0.24/jre/bin/java
40108000-4010a000 rwxp 00008000 08:05 1662394                            /usr/lib/jvm/java-6-sun-1.6.0.24/jre/bin/java
404a6000-4156c000 rwxp 00000000 00:00 0                                  [heap]
bd000000-be4c0000 rwxp 00000000 00:00 0 
be4c0000-c2200000 rwxp 00000000 00:00 0 
c2200000-c4b40000 rwxp 00000000 00:00 0 
c4b40000-eb600000 rwxp 00000000 00:00 0 
eb600000-ecc00000 rwxp 00000000 00:00 0 
ecc00000-100000000 rwxp 00000000 00:00 0 
7fa1bd5ff000-7fa1bd602000 ---p 00000000 00:00 0 
7fa1bd602000-7fa1bd700000 rwxp 00000000 00:00 0 
7fa1bd700000-7fa1bd703000 ---p 00000000 00:00 0 
7fa1bd703000-7fa1bd801000 rwxp 00000000 00:00 0 
7fa1bd801000-7fa1bd804000 ---p 00000000 00:00 0 
7fa1bd804000-7fa1beaa6000 rwxp 00000000 00:00 0 
7fa1beaa6000-7fa1bec1d000 rwxs 00000000 00:04 10256397                   /SYSV00000000 (deleted)
7fa1bec9d000-7fa1bee9d000 rwxs 7c558000 00:05 9535                       /dev/nvidia0
7fa1bee9d000-7fa1beea1000 rwxs 6e772000 00:05 9535                       /dev/nvidia0
7fa1beea1000-7fa1befa1000 rwxs af985000 00:05 9535                       /dev/nvidia0
7fa1befa1000-7fa1befa4000 ---p 00000000 00:00 0 
7fa1befa4000-7fa1bf0a2000 rwxp 00000000 00:00 0 
7fa1bf0a2000-7fa1bf0a3000 ---p 00000000 00:00 0 
7fa1bf0a3000-7fa1bf8a3000 rwxp 00000000 00:00 0 
7fa1bf8a3000-7fa1c38a4000 rwxs 00000000 00:10 85843                      /dev/shm/pulse-shm-2560583297
7fa1c38a4000-7fa1c38a5000 ---p 00000000 00:00 0 
7fa1c38a5000-7fa1c40a5000 rwxp 00000000 00:00 0 
7fa1c40a5000-7fa1c40ab000 r-xp 00000000 08:05 1573092                    /usr/lib/libogg.so.0.7.0
7fa1c40ab000-7fa1c42aa000 ---p 00006000 08:05 1573092                    /usr/lib/libogg.so.0.7.0
7fa1c42aa000-7fa1c42ab000 r-xp 00005000 08:05 1573092                    /usr/lib/libogg.so.0.7.0
7fa1c42ab000-7fa1c42ac000 rwxp 00006000 08:05 1573092                    /usr/lib/libogg.so.0.7.0
7fa1c42ac000-7fa1c42d7000 r-xp 00000000 08:05 1582648                    /usr/lib/libvorbis.so.0.4.5
7fa1c42d7000-7fa1c44d6000 ---p 0002b000 08:05 1582648                    /usr/lib/libvorbis.so.0.4.5
7fa1c44d6000-7fa1c44d7000 r-xp 0002a000 08:05 1582648                    /usr/lib/libvorbis.so.0.4.5
7fa1c44d7000-7fa1c44d8000 rwxp 0002b000 08:05 1582648                    /usr/lib/libvorbis.so.0.4.5
7fa1c44d8000-7fa1c478b000 r-xp 00000000 08:05 1573212                    /usr/lib/libvorbisenc.so.2.0.8
7fa1c478b000-7fa1c498a000 ---p 002b3000 08:05 1573212                    /usr/lib/libvorbisenc.so.2.0.8
7fa1c498a000-7fa1c49a6000 r-xp 002b2000 08:05 1573212                    /usr/lib/libvorbisenc.so.2.0.8
7fa1c49a6000-7fa1c49a7000 rwxp 002ce000 08:05 1573212                    /usr/lib/libvorbisenc.so.2.0.8
7fa1c49a7000-7fa1c49ef000 r-xp 00000000 08:05 1570101                    /usr/lib/libFLAC.so.8.2.0
7fa1c49ef000-7fa1c4bef000 ---p 00048000 08:05 1570101                    /usr/lib/libFLAC.so.8.2.0
7fa1c4bef000-7fa1c4bf0000 r-xp 00048000 08:05 1570101                    /usr/lib/libFLAC.so.8.2.0
7fa1c4bf0000-7fa1c4bf1000 rwxp 00049000 08:05 1570101                    /usr/lib/libFLAC.so.8.2.0
7fa1c4bf1000-7fa1c4c52000 r-xp 00000000 08:05 1570821                    /usr/lib/libsndfile.so.1.0.23
7fa1c4c52000-7fa1c4e52000 ---p 00061000 08:05 1570821                    /usr/lib/libsndfile.so.1.0.23
7fa1c4e52000-7fa1c4e54000 r-xp 00061000 08:05 1570821                    /usr/lib/libsndfile.so.1.0.23
7fa1c4e54000-7fa1c4e55000 rwxp 00063000 08:05 1570821                    /usr/lib/libsndfile.so.1.0.23
7fa1c4e55000-7fa1c4e59000 rwxp 00000000 00:00 0 
7fa1c4e59000-7fa1c4e61000 r-xp 00000000 08:05 538930                     /lib/libwrap.so.0.7.6
7fa1c4e61000-7fa1c5061000 ---p 00008000 08:05 538930                     /lib/libwrap.so.0.7.6
7fa1c5061000-7fa1c5062000 r-xp 00008000 08:05 538930                     /lib/libwrap.so.0.7.6
7fa1c5062000-7fa1c5063000 rwxp 00009000 08:05 538930                     /lib/libwrap.so.0.7.6
7fa1c5063000-7fa1c5064000 rwxp 00000000 00:00 0 
7fa1c5064000-7fa1c5068000 r-xp 00000000 08:05 534738                     /lib/x86_64-linux-gnu/libuuid.so.1.3.0
7fa1c5068000-7fa1c5267000 ---p 00004000 08:05 534738                     /lib/x86_64-linux-gnu/libuuid.so.1.3.0
7fa1c5267000-7fa1c5268000 r-xp 00003000 08:05 534738                     /lib/x86_64-linux-gnu/libuuid.so.1.3.0
7fa1c5268000-7fa1c5269000 rwxp 00004000 08:05 534738                     /lib/x86_64-linux-gnu/libuuid.so.1.3.0
7fa1c5269000-7fa1c52ab000 r-xp 00000000 08:05 525819                     /lib/x86_64-linux-gnu/libdbus-1.so.3.5.4
7fa1c52ab000-7fa1c54ab000 ---p 00042000 08:05 525819                     /lib/x86_64-linux-gnu/libdbus-1.so.3.5.4
7fa1c54ab000-7fa1c54ac000 r-xp 00042000 08:05 525819                     /lib/x86_64-linux-gnu/libdbus-1.so.3.5.4
7fa1c54ac000-7fa1c54ad000 rwxp 00043000 08:05 525819                     /lib/x86_64-linux-gnu/libdbus-1.so.3.5.4
7fa1c54ad000-7fa1c54f8000 r-xp 00000000 08:05 1580900                    /usr/lib/libpulsecommon-0.9.22.so
7fa1c54f8000-7fa1c56f7000 ---p 0004b000 08:05 1580900                    /usr/lib/libpulsecommon-0.9.22.so
7fa1c56f7000-7fa1c56f8000 r-xp 0004a000 08:05 1580900                    /usr/lib/libpulsecommon-0.9.22.so
7fa1c56f8000-7fa1c56f9000 rwxp 0004b000 08:05 1580900                    /usr/lib/libpulsecommon-0.9.22.so
7fa1c56f9000-7fa1c56fc000 r-xp 00000000 08:05 1573582                    /usr/lib/libxcb-atom.so.1.0.0
7fa1c56fc000-7fa1c58fc000 ---p 00003000 08:05 1573582                    /usr/lib/libxcb-atom.so.1.0.0
7fa1c58fc000-7fa1c58fd000 r-xp 00003000 08:05 1573582                    /usr/lib/libxcb-atom.so.1.0.0
7fa1c58fd000-7fa1c58fe000 rwxp 00004000 08:05 1573582                    /usr/lib/libxcb-atom.so.1.0.0
7fa1c58fe000-7fa1c5905000 r-xp 00000000 08:05 1578963                    /usr/lib/x86_64-linux-gnu/libSM.so.6.0.1
7fa1c5905000-7fa1c5b04000 ---p 00007000 08:05 1578963                    /usr/lib/x86_64-linux-gnu/libSM.so.6.0.1
7fa1c5b04000-7fa1c5b05000 r-xp 00006000 08:05 1578963                    /usr/lib/x86_64-linux-gnu/libSM.so.6.0.1
7fa1c5b05000-7fa1c5b06000 rwxp 00007000 08:05 1578963                    /usr/lib/x86_64-linux-gnu/libSM.so.6.0.1
7fa1c5b06000-7fa1c5b1c000 r-xp 00000000 08:05 1571606                    /usr/lib/x86_64-linux-gnu/libICE.so.6.3.0
7fa1c5b1c000-7fa1c5d1c000 ---p 00016000 08:05 1571606                    /usr/lib/x86_64-linux-gnu/libICE.so.6.3.0
7fa1c5d1c000-7fa1c5d1d000 r-xp 00016000 08:05 1571606                    /usr/lib/x86_64-linux-gnu/libICE.so.6.3.0
7fa1c5d1d000-7fa1c5d1e000 rwxp 00017000 08:05 1571606                    /usr/lib/x86_64-linux-gnu/libICE.so.6.3.0
7fa1c5d1e000-7fa1c5d21000 rwxp 00000000 00:00 0 
7fa1c5d21000-7fa1c5d22000 r-xp 00000000 08:05 1570508                    /usr/lib/x86_64-linux-gnu/libX11-xcb.so.1.0.0
7fa1c5d22000-7fa1c5f21000 ---p 00001000 08:05 1570508                    /usr/lib/x86_64-linux-gnu/libX11-xcb.so.1.0.0
7fa1c5f21000-7fa1c5f22000 r-xp 00000000 08:05 1570508                    /usr/lib/x86_64-linux-gnu/libX11-xcb.so.1.0.0
7fa1c5f22000-7fa1c5f23000 rwxp 00001000 08:05 1570508                    /usr/lib/x86_64-linux-gnu/libX11-xcb.so.1.0.0
7fa1c5f23000-7fa1c5f63000 r-xp 00000000 08:05 1573921                    /usr/lib/libpulse.so.0.12.3
7fa1c5f63000-7fa1c6162000 ---p 00040000 08:05 1573921                    /usr/lib/libpulse.so.0.12.3
7fa1c6162000-7fa1c6163000 r-xp 0003f000 08:05 1573921                    /usr/lib/libpulse.so.0.12.3
7fa1c6163000-7fa1c6164000 rwxp 00040000 08:05 1573921                    /usr/lib/libpulse.so.0.12.3
7fa1c6164000-7fa1c61b0000 r-xp 00000000 08:05 525948                     /tmp/libgdx/2370704169/libopenal64.so
7fa1c61b0000-7fa1c63af000 ---p 0004c000 08:05 525948                     /tmp/libgdx/2370704169/libopenal64.so
7fa1c63af000-7fa1c63b1000 r-xp 0004b000 08:05 525948                     /tmp/libgdx/2370704169/libopenal64.so
7fa1c63b1000-7fa1c63b2000 rwxp 0004d000 08:05 525948                     /tmp/libgdx/2370704169/libopenal64.so
7fa1c63b2000-7fa1c63b3000 rwxp 00000000 00:00 0 
7fa1c63b3000-7fa1c7801000 r-xp 00000000 08:05 723                        /usr/lib/nvidia-current/libnvidia-glcore.so.270.41.19
7fa1c7801000-7fa1c7a01000 ---p 0144e000 08:05 723                        /usr/lib/nvidia-current/libnvidia-glcore.so.270.41.19
7fa1c7a01000-7fa1c7fe9000 rwxp 0144e000 08:05 723                        /usr/lib/nvidia-current/libnvidia-glcore.so.270.41.19
7fa1c7fe9000-7fa1c8000000 rwxp 00000000 00:00 0 
7fa1c8000000-7fa1cac19000 rwxp 00000000 00:00 0 
7fa1cac19000-7fa1cc000000 ---p 00000000 00:00 0 
7fa1cc05e000-7fa1cc0d7000 r-xp 00000000 08:05 526114                     /tmp/libgdx/2370704169/liblwjgl64.so
7fa1cc0d7000-7fa1cc2d7000 ---p 00079000 08:05 526114                     /tmp/libgdx/2370704169/liblwjgl64.so
7fa1cc2d7000-7fa1cc2d9000 r-xp 00079000 08:05 526114                     /tmp/libgdx/2370704169/liblwjgl64.so
7fa1cc2d9000-7fa1cc2da000 rwxp 0007b000 08:05 526114                     /tmp/libgdx/2370704169/liblwjgl64.so
7fa1cc2da000-7fa1cc2e2000 r-xp 00000000 08:05 1581969                    /usr/lib/x86_64-linux-gnu/libXrandr.so.2.2.0
7fa1cc2e2000-7fa1cc4e1000 ---p 00008000 08:05 1581969                    /usr/lib/x86_64-linux-gnu/libXrandr.so.2.2.0
7fa1cc4e1000-7fa1cc4e2000 r-xp 00007000 08:05 1581969                    /usr/lib/x86_64-linux-gnu/libXrandr.so.2.2.0
7fa1cc4e2000-7fa1cc4e3000 rwxp 00008000 08:05 1581969                    /usr/lib/x86_64-linux-gnu/libXrandr.so.2.2.0
7fa1cc4e3000-7fa1cc5d2000 r-xp 00000000 08:05 525838                     /tmp/libgdx/2370704169/libjogl-linux64.so
7fa1cc5d2000-7fa1cc6d2000 ---p 000ef000 08:05 525838                     /tmp/libgdx/2370704169/libjogl-linux64.so
7fa1cc6d2000-7fa1cc6d3000 rwxp 000ef000 08:05 525838                     /tmp/libgdx/2370704169/libjogl-linux64.so
7fa1cc6d3000-7fa1cc6d4000 r-xp 00000000 08:05 716                        /usr/lib/nvidia-current/tls/libnvidia-tls.so.270.41.19
7fa1cc6d4000-7fa1cc8d4000 ---p 00001000 08:05 716                        /usr/lib/nvidia-current/tls/libnvidia-tls.so.270.41.19
7fa1cc8d4000-7fa1cc8d5000 rwxp 00001000 08:05 716                        /usr/lib/nvidia-current/tls/libnvidia-tls.so.270.41.19
7fa1cc8d5000-7fa1cc8d6000 r-xp 00000000 08:05 1734853                    /usr/lib/jvm/java-6-sun-1.6.0.24/jre/lib/amd64/libjawt.so
7fa1cc8d6000-7fa1cc9d5000 ---p 00001000 08:05 1734853                    /usr/lib/jvm/java-6-sun-1.6.0.24/jre/lib/amd64/libjawt.so
7fa1cc9d5000-7fa1cc9d6000 rwxp 00000000 08:05 1734853                    /usr/lib/jvm/java-6-sun-1.6.0.24/jre/lib/amd64/libjawt.so
7fa1cc9d6000-7fa1cc9db000 r-xp 00000000 08:05 1581972                    /usr/lib/x86_64-linux-gnu/libXxf86vm.so.1.0.0
7fa1cc9db000-7fa1ccbda000 ---p 00005000 08:05 1581972                    /usr/lib/x86_64-linux-gnu/libXxf86vm.so.1.0.0
7fa1ccbda000-7fa1ccbdb000 r-xp 00004000 08:05 1581972                    /usr/lib/x86_64-linux-gnu/libXxf86vm.so.1.0.0
7fa1ccbdb000-7fa1ccbdc000 rwxp 00005000 08:05 1581972                    /usr/lib/x86_64-linux-gnu/libXxf86vm.so.1.0.0
7fa1ccbdc000-7fa1ccc99000 r-xp 00000000 08:05 928                        /usr/lib/nvidia-current/libGL.so.270.41.19
7fa1ccc99000-7fa1cce99000 ---p 000bd000 08:05 928                        /usr/lib/nvidia-current/libGL.so.270.41.19
7fa1cce99000-7fa1cced2000 rwxp 000bd000 08:05 928                        /usr/lib/nvidia-current/libGL.so.270.41.19
7fa1cced2000-7fa1ccee8000 rwxp 00000000 00:00 0 
7fa1ccee8000-7fa1cceea000 r-xp 00000000 08:05 525764                     /tmp/libgdx/2370704169/libjogl_awt-linux64.so
7fa1cceea000-7fa1ccfe9000 ---p 00002000 08:05 525764                     /tmp/libgdx/2370704169/libjogl_awt-linux64.so
7fa1ccfe9000-7fa1ccfea000 rwxp 00001000 08:05 525764                     /tmp/libgdx/2370704169/libjogl_awt-linux64.so
7fa1ccfea000-7fa1ccfeb000 r-xp 00000000 08:05 525706                     /tmp/libgdx/2370704169/libgluegen-rt-linux64.so
7fa1ccfeb000-7fa1cd0ea000 ---p 00001000 08:05 525706                     /tmp/libgdx/2370704169/libgluegen-rt-linux64.so
7fa1cd0ea000-7fa1cd0eb000 rwxp 00000000 08:05 525706                     /tmp/libgdx/2370704169/libgluegen-rt-linux64.so
7fa1cd0eb000-7fa1cd100000 r-xp 00000000 08:05 528127                     /lib/x86_64-linux-gnu/libgcc_s.so.1
7fa1cd100000-7fa1cd2ff000 ---p 00015000 08:05 528127                     /lib/x86_64-linux-gnu/libgcc_s.so.1
7fa1cd2ff000-7fa1cd300000 r-xp 00014000 08:05 528127                     /lib/x86_64-linux-gnu/libgcc_s.so.1
7fa1cd300000-7fa1cd301000 rwxp 00015000 08:05 528127                     /lib/x86_64-linux-gnu/libgcc_s.so.1
7fa1cd301000-7fa1cd3e9000 r-xp 00000000 08:05 1571250                    /usr/lib/x86_64-linux-gnu/libstdc++.so.6.0.14
7fa1cd3e9000-7fa1cd5e8000 ---p 000e8000 08:05 1571250                    /usr/lib/x86_64-linux-gnu/libstdc++.so.6.0.14
7fa1cd5e8000-7fa1cd5f0000 r-xp 000e7000 08:05 1571250                    /usr/lib/x86_64-linux-gnu/libstdc++.so.6.0.14
7fa1cd5f0000-7fa1cd5f2000 rwxp 000ef000 08:05 1571250                    /usr/lib/x86_64-linux-gnu/libstdc++.so.6.0.14
7fa1cd5f2000-7fa1cd607000 rwxp 00000000 00:00 0 
7fa1cd607000-7fa1cd693000 r-xp 00000000 08:05 525642                     /tmp/libgdx/2370704169/libgdx-64.so
7fa1cd693000-7fa1cd893000 ---p 0008c000 08:05 525642                     /tmp/libgdx/2370704169/libgdx-64.so
7fa1cd893000-7fa1cd894000 r-xp 0008c000 08:05 525642                     /tmp/libgdx/2370704169/libgdx-64.so
7fa1cd894000-7fa1cd895000 rwxp 0008d000 08:05 525642                     /tmp/libgdx/2370704169/libgdx-64.so
7fa1cd895000-7fa1cd898000 rwxp 00000000 00:00 0 
7fa1cd898000-7fa1cd89b000 ---p 00000000 00:00 0 
7fa1cd89b000-7fa1cd999000 rwxp 00000000 00:00 0 
7fa1cd999000-7fa1cd99a000 r-xs 00000000 08:05 532633                     /var/cache/fontconfig/26de28bc8622bbc1fb67fd234c21975f-le64.cache-3
7fa1cd99a000-7fa1cd99b000 r-xs 00000000 08:05 554485                     /var/cache/fontconfig/c05880de57d1f5e948fdfacc138775d9-le64.cache-3
7fa1cd99b000-7fa1cd9a4000 r-xs 00000000 08:05 527845                     /var/cache/fontconfig/945677eb7aeaf62f1d50efc3fb3ec7d8-le64.cache-3
7fa1cda0b000-7fa1cda4b000 rwxs 64dbb000 00:05 9535                       /dev/nvidia0
7fa1cda6b000-7fa1cda6e000 ---p 00000000 00:00 0 
7fa1cda6e000-7fa1cdb6c000 rwxp 00000000 00:00 0 
7fa1cdb6c000-7fa1cdb6f000 ---p 00000000 00:00 0 
7fa1cdb6f000-7fa1cdc6d000 rwxp 00000000 00:00 0 
7fa1cdc6d000-7fa1cdc72000 r-xp 00000000 08:05 1570859                    /usr/lib/x86_64-linux-gnu/libXfixes.so.3.1.0
7fa1cdc72000-7fa1cde71000 ---p 00005000 08:05 1570859                    /usr/lib/x86_64-linux-gnu/libXfixes.so.3.1.0
7fa1cde71000-7fa1cde72000 r-xp 00004000 08:05 1570859                    /usr/lib/x86_64-linux-gnu/libXfixes.so.3.1.0
7fa1cde72000-7fa1cde73000 rwxp 00005000 08:05 1570859                    /usr/lib/x86_64-linux-gnu/libXfixes.so.3.1.0
7fa1cde73000-7fa1cde7c000 r-xp 00000000 08:05 1570620                    /usr/lib/x86_64-linux-gnu/libXrender.so.1.3.0
7fa1cde7c000-7fa1ce07c000 ---p 00009000 08:05 1570620                    /usr/lib/x86_64-linux-gnu/libXrender.so.1.3.0
7fa1ce07c000-7fa1ce07d000 r-xp 00009000 08:05 1570620                    /usr/lib/x86_64-linux-gnu/libXrender.so.1.3.0
7fa1ce07d000-7fa1ce07e000 rwxp 0000a000 08:05 1570620                    /usr/lib/x86_64-linux-gnu/libXrender.so.1.3.0
7fa1ce07e000-7fa1ce087000 r-xp 00000000 08:05 1573929                    /usr/lib/x86_64-linux-gnu/libXcursor.so.1.0.2
7fa1ce087000-7fa1ce286000 ---p 00009000 08:05 1573929                    /usr/lib/x86_64-linux-gnu/libXcursor.so.1.0.2
7fa1ce286000-7fa1ce287000 r-xp 00008000 08:05 1573929                    /usr/lib/x86_64-linux-gnu/libXcursor.so.1.0.2
7fa1ce287000-7fa1ce288000 rwxp 00009000 08:05 1573929                    /usr/lib/x86_64-linux-gnu/libXcursor.so.1.0.2
7fa1ce289000-7fa1ce291000 r-xs 00115000 08:05 1662451                    /usr/lib/jvm/java-6-sun-1.6.0.24/jre/lib/resources.jar
7fa1ce296000-7fa1ce29a000 rwxs bb38f000 00:05 9535                       /dev/nvidia0
7fa1ce29a000-7fa1ce2b5000 rwxs 116cc0000 00:05 9535                      /dev/nvidia0
7fa1ce2b5000-7fa1ce2b8000 ---p 00000000 00:00 0 
7fa1ce2b8000-7fa1ce3b6000 rwxp 00000000 00:00 0 
7fa1ce3b6000-7fa1ce42f000 r-xp 00000000 08:05 1734841                    /usr/lib/jvm/java-6-sun-1.6.0.24/jre/lib/amd64/libfontmanager.so
7fa1ce42f000-7fa1ce52e000 ---p 00079000 08:05 1734841                    /usr/lib/jvm/java-6-sun-1.6.0.24/jre/lib/amd64/libfontmanager.so
7fa1ce52e000-7fa1ce543000 rwxp 00078000 08:05 1734841                    /usr/lib/jvm/java-6-sun-1.6.0.24/jre/lib/amd64/libfontmanager.so
7fa1ce543000-7fa1ce554000 rwxp 00000000 00:00 0 
7fa1ce554000-7fa1ce559000 r-xp 00000000 08:05 1573561                    /usr/lib/x86_64-linux-gnu/libXdmcp.so.6.0.0
7fa1ce559000-7fa1ce758000 ---p 00005000 08:05 1573561                    /usr/lib/x86_64-linux-gnu/libXdmcp.so.6.0.0
7fa1ce758000-7fa1ce759000 r-xp 00004000 08:05 1573561                    /usr/lib/x86_64-linux-gnu/libXdmcp.so.6.0.0
7fa1ce759000-7fa1ce75a000 rwxp 00005000 08:05 1573561                    /usr/lib/x86_64-linux-gnu/libXdmcp.so.6.0.0
7fa1ce75a000-7fa1ce75c000 r-xp 00000000 08:05 1570542                    /usr/lib/x86_64-linux-gnu/libXau.so.6.0.0
7fa1ce75c000-7fa1ce95b000 ---p 00002000 08:05 1570542                    /usr/lib/x86_64-linux-gnu/libXau.so.6.0.0
7fa1ce95b000-7fa1ce95c000 r-xp 00001000 08:05 1570542                    /usr/lib/x86_64-linux-gnu/libXau.so.6.0.0
7fa1ce95c000-7fa1ce95d000 rwxp 00002000 08:05 1570542                    /usr/lib/x86_64-linux-gnu/libXau.so.6.0.0
7fa1ce95d000-7fa1ce978000 r-xp 00000000 08:05 1572615                    /usr/lib/x86_64-linux-gnu/libxcb.so.1.1.0
7fa1ce978000-7fa1ceb77000 ---p 0001b000 08:05 1572615                    /usr/lib/x86_64-linux-gnu/libxcb.so.1.1.0
7fa1ceb77000-7fa1ceb78000 r-xp 0001a000 08:05 1572615                    /usr/lib/x86_64-linux-gnu/libxcb.so.1.1.0
7fa1ceb78000-7fa1ceb79000 rwxp 0001b000 08:05 1572615                    /usr/lib/x86_64-linux-gnu/libxcb.so.1.1.0
7fa1ceb79000-7fa1ceb88000 r-xp 00000000 08:05 1613065                    /usr/lib/x86_64-linux-gnu/libXi.so.6.1.0
7fa1ceb88000-7fa1ced87000 ---p 0000f000 08:05 1613065                    /usr/lib/x86_64-linux-gnu/libXi.so.6.1.0
7fa1ced87000-7fa1ced88000 r-xp 0000e000 08:05 1613065                    /usr/lib/x86_64-linux-gnu/libXi.so.6.1.0
7fa1ced88000-7fa1ced89000 rwxp 0000f000 08:05 1613065                    /usr/lib/x86_64-linux-gnu/libXi.so.6.1.0
7fa1ced89000-7fa1ced8e000 r-xp 00000000 08:05 1572606                    /usr/lib/libXtst.so.6.1.0
7fa1ced8e000-7fa1cef8d000 ---p 00005000 08:05 1572606                    /usr/lib/libXtst.so.6.1.0
7fa1cef8d000-7fa1cef8e000 r-xp 00004000 08:05 1572606                    /usr/lib/libXtst.so.6.1.0
7fa1cef8e000-7fa1cef8f000 rwxp 00005000 08:05 1572606                    /usr/lib/libXtst.so.6.1.0
7fa1cef8f000-7fa1cf0c4000 r-xp 00000000 08:05 1573591                    /usr/lib/x86_64-linux-gnu/libX11.so.6.3.0
7fa1cf0c4000-7fa1cf2c4000 ---p 00135000 08:05 1573591                    /usr/lib/x86_64-linux-gnu/libX11.so.6.3.0
7fa1cf2c4000-7fa1cf2c5000 r-xp 00135000 08:05 1573591                    /usr/lib/x86_64-linux-gnu/libX11.so.6.3.0
7fa1cf2c5000-7fa1cf2c9000 rwxp 00136000 08:05 1573591                    /usr/lib/x86_64-linux-gnu/libX11.so.6.3.0
7fa1cf2c9000-7fa1cf2da000 r-xp 00000000 08:05 1571673                    /usr/lib/x86_64-linux-gnu/libXext.so.6.4.0
7fa1cf2da000-7fa1cf4d9000 ---p 00011000 08:05 1571673                    /usr/lib/x86_64-linux-gnu/libXext.so.6.4.0
7fa1cf4d9000-7fa1cf4da000 r-xp 00010000 08:05 1571673                    /usr/lib/x86_64-linux-gnu/libXext.so.6.4.0
7fa1cf4da000-7fa1cf4db000 rwxp 00011000 08:05 1571673                    /usr/lib/x86_64-linux-gnu/libXext.so.6.4.0
7fa1cf4db000-7fa1cf51d000 r-xp 00000000 08:05 1734831                    /usr/lib/jvm/java-6-sun-1.6.0.24/jre/lib/amd64/xawt/libmawt.so
7fa1cf51d000-7fa1cf61c000 ---p 00042000 08:05 1734831                    /usr/lib/jvm/java-6-sun-1.6.0.24/jre/lib/amd64/xawt/libmawt.so
7fa1cf61c000-7fa1cf628000 rwxp 00041000 08:05 1734831                    /usr/lib/jvm/java-6-sun-1.6.0.24/jre/lib/amd64/xawt/libmawt.so
7fa1cf628000-7fa1cf629000 rwxp 00000000 00:00 0 
7fa1cf629000-7fa1cf6bb000 r-xp 00000000 08:05 1734852                    /usr/lib/jvm/java-6-sun-1.6.0.24/jre/lib/amd64/libawt.so
7fa1cf6bb000-7fa1cf7ba000 ---p 00092000 08:05 1734852                    /usr/lib/jvm/java-6-sun-1.6.0.24/jre/lib/amd64/libawt.so
7fa1cf7ba000-7fa1cf7d3000 rwxp 00091000 08:05 1734852                    /usr/lib/jvm/java-6-sun-1.6.0.24/jre/lib/amd64/libawt.so
7fa1cf7d3000-7fa1cf7f8000 rwxp 00000000 00:00 0 
7fa1cf7f8000-7fa1cf7f9000 ---p 00000000 00:00 0 
7fa1cf7f9000-7fa1cf8f9000 rwxp 00000000 00:00 0 
7fa1cf8f9000-7fa1cf8fc000 ---p 00000000 00:00 0 
7fa1cf8fc000-7fa1cf9fa000 rwxp 00000000 00:00 0 
7fa1cf9fa000-7fa1cf9fd000 ---p 00000000 00:00 0 
7fa1cf9fd000-7fa1cfafb000 rwxp 00000000 00:00 0 
7fa1cfafb000-7fa1cfafe000 ---p 00000000 00:00 0 
7fa1cfafe000-7fa1cfbfc000 rwxp 00000000 00:00 0 
7fa1cfbfc000-7fa1cfbff000 ---p 00000000 00:00 0 
7fa1cfbff000-7fa1cfcfd000 rwxp 00000000 00:00 0 
7fa1cfcfd000-7fa1cfd00000 ---p 00000000 00:00 0 
7fa1cfd00000-7fa1cfdfe000 rwxp 00000000 00:00 0 
7fa1cfdfe000-7fa1cfe01000 ---p 00000000 00:00 0 
7fa1cfe01000-7fa1cfeff000 rwxp 00000000 00:00 0 
7fa1cfeff000-7fa1cff02000 ---p 00000000 00:00 0 
7fa1cff02000-7fa1d0000000 rwxp 00000000 00:00 0 
7fa1d0000000-7fa1d17c1000 rwxp 00000000 00:00 0 
7fa1d17c1000-7fa1d4000000 ---p 00000000 00:00 0 
7fa1d4002000-7fa1d4004000 r-xs 00000000 08:05 554480                     /var/cache/fontconfig/99e8ed0e538f840c565b6ed5dad60d56-le64.cache-3
7fa1d4004000-7fa1d4007000 r-xs 00000000 08:05 554411                     /var/cache/fontconfig/f24b2111ab8703b4e963115a8cf14259-le64.cache-3
7fa1d4007000-7fa1d400a000 r-xs 00000000 08:05 554479                     /var/cache/fontconfig/e383d7ea5fbe662a33d9b44caf393297-le64.cache-3
7fa1d400a000-7fa1d400d000 r-xs 00000000 08:05 554477                     /var/cache/fontconfig/2cd17615ca594fa2959ae173292e504c-le64.cache-3
7fa1d400d000-7fa1d400e000 r-xs 00000000 08:05 554471                     /var/cache/fontconfig/e7071f4a29fa870f4323321c154eba04-le64.cache-3
7fa1d400e000-7fa1d4012000 r-xs 00000000 08:05 554470                     /var/cache/fontconfig/6eb3985aa4124903f6ff08ba781cd364-le64.cache-3
7fa1d4012000-7fa1d4013000 r-xs 00000000 08:05 554466                     /var/cache/fontconfig/4c73fe0c47614734b17d736dbde7580a-le64.cache-3
7fa1d4013000-7fa1d4014000 r-xs 00000000 08:05 554459                     /var/cache/fontconfig/0d8c3b2ac0904cb8a57a757ad11a4a08-le64.cache-3
7fa1d4014000-7fa1d4015000 r-xs 00000000 08:05 554454                     /var/cache/fontconfig/6a53c69dea097a2d716e069445527da8-le64.cache-3
7fa1d4015000-7fa1d401a000 r-xs 00000000 08:05 554453                     /var/cache/fontconfig/062808c12e6e608270f93bb230aed730-le64.cache-3
7fa1d401a000-7fa1d4020000 r-xs 00000000 08:05 554429                     /var/cache/fontconfig/a755afe4a08bf5b97852ceb7400b47bc-le64.cache-3
7fa1d4020000-7fa1d4025000 r-xs 00000000 08:05 554452                     /var/cache/fontconfig/515ca1ebc4b18308bea979be5704f9db-le64.cache-3
7fa1d4025000-7fa1d402e000 r-xs 00000000 08:05 554448                     /var/cache/fontconfig/6d41288fd70b0be22e8c3a91e032eec0-le64.cache-3
7fa1d402e000-7fa1d403e000 r-xs 00000000 08:05 554447                     /var/cache/fontconfig/0f34bcd4b6ee430af32735b75db7f02b-le64.cache-3
7fa1d403e000-7fa1d4041000 r-xs 00000000 08:05 554441                     /var/cache/fontconfig/d60319d88cac85ba9e1a07bd06cfbb8c-le64.cache-3
7fa1d4041000-7fa1d4042000 r-xs 00000000 08:05 530935                     /var/cache/fontconfig/4794a0821666d79190d59a36cb4f44b5-le64.cache-3
7fa1d4042000-7fa1d4070000 r-xs 00000000 08:05 554435                     /var/cache/fontconfig/365b55f210c0a22e9a19e35191240f32-le64.cache-3
7fa1d4070000-7fa1d407a000 r-xs 00000000 08:05 554433                     /var/cache/fontconfig/d52a8644073d54c13679302ca1180695-le64.cache-3
7fa1d407a000-7fa1d407b000 r-xs 00000000 08:05 554418                     /var/cache/fontconfig/ec648e9a1aea82bddd4bd6050028158d-le64.cache-3
7fa1d407b000-7fa1d408e000 r-xs 00000000 08:05 538224                     /var/cache/fontconfig/e13b20fdb08344e0e664864cc2ede53d-le64.cache-3
7fa1d408e000-7fa1d4092000 r-xs 00000000 08:05 538228                     /var/cache/fontconfig/7ef2298fde41cc6eeb7af42e48b7d293-le64.cache-3
7fa1d4092000-7fa1d40a6000 r-xs 00000000 08:05 527842                     /var/cache/fontconfig/865f88548240fee46819705c6468c165-le64.cache-3
7fa1d40a6000-7fa1d40b1000 r-xs 00092000 08:05 1330406                    /home/bompo/git/mgcube/libs/gdx.jar
7fa1d40b1000-7fa1d40b8000 r-xs 00074000 08:05 1330357                    /home/bompo/git/mgcube/libs/gdx-sources.jar
7fa1d40b8000-7fa1d40bb000 r-xp 00000000 08:05 1726634                    /usr/lib/jvm/java-6-sun-1.6.0.24/jre/lib/amd64/libdt_socket.so
7fa1d40bb000-7fa1d41ba000 ---p 00003000 08:05 1726634                    /usr/lib/jvm/java-6-sun-1.6.0.24/jre/lib/amd64/libdt_socket.so
7fa1d41ba000-7fa1d41bc000 rwxp 00002000 08:05 1726634                    /usr/lib/jvm/java-6-sun-1.6.0.24/jre/lib/amd64/libdt_socket.so
7fa1d41bc000-7fa1d41bf000 ---p 00000000 00:00 0 
7fa1d41bf000-7fa1d42bd000 rwxp 00000000 00:00 0 
7fa1d42bd000-7fa1d42c0000 ---p 00000000 00:00 0 
7fa1d42c0000-7fa1d43be000 rwxp 00000000 00:00 0 
7fa1d43be000-7fa1d43bf000 ---p 00000000 00:00 0 
7fa1d43bf000-7fa1d49f8000 rwxp 00000000 00:00 0 
7fa1d49f8000-7fa1d4b90000 r-xs 03027000 08:05 1662454                    /usr/lib/jvm/java-6-sun-1.6.0.24/jre/lib/rt.jar
7fa1d4b90000-7fa1d4bb8000 rwxp 00000000 00:00 0 
7fa1d4bb8000-7fa1d4bb9000 ---p 00000000 00:00 0 
7fa1d4bb9000-7fa1d4cb9000 rwxp 00000000 00:00 0 
7fa1d4cb9000-7fa1d4cba000 ---p 00000000 00:00 0 
7fa1d4cba000-7fa1d4dba000 rwxp 00000000 00:00 0 
7fa1d4dba000-7fa1d4dbb000 ---p 00000000 00:00 0 
7fa1d4dbb000-7fa1d4ebb000 rwxp 00000000 00:00 0 
7fa1d4ebb000-7fa1d4ebc000 ---p 00000000 00:00 0 
7fa1d4ebc000-7fa1d4fc7000 rwxp 00000000 00:00 0 
7fa1d4fc7000-7fa1d4fe5000 rwxp 00000000 00:00 0 
7fa1d4fe5000-7fa1d4ffa000 rwxp 00000000 00:00 0 
7fa1d4ffa000-7fa1d512f000 rwxp 00000000 00:00 0 
7fa1d512f000-7fa1d513a000 rwxp 00000000 00:00 0 
7fa1d513a000-7fa1d5158000 rwxp 00000000 00:00 0 
7fa1d5158000-7fa1d516d000 rwxp 00000000 00:00 0 
7fa1d516d000-7fa1d52a2000 rwxp 00000000 00:00 0 
7fa1d52a2000-7fa1d52ad000 rwxp 00000000 00:00 0 
7fa1d52ad000-7fa1d5347000 rwxp 00000000 00:00 0 
7fa1d5347000-7fa1d55e8000 rwxp 00000000 00:00 0 
7fa1d55e8000-7fa1d8348000 rwxp 00000000 00:00 0 
7fa1d8348000-7fa1d8356000 r-xp 00000000 08:05 1734847                    /usr/lib/jvm/java-6-sun-1.6.0.24/jre/lib/amd64/libzip.so
7fa1d8356000-7fa1d8458000 ---p 0000e000 08:05 1734847                    /usr/lib/jvm/java-6-sun-1.6.0.24/jre/lib/amd64/libzip.so
7fa1d8458000-7fa1d845b000 rwxp 00010000 08:05 1734847                    /usr/lib/jvm/java-6-sun-1.6.0.24/jre/lib/amd64/libzip.so
7fa1d845b000-7fa1d845c000 rwxp 00000000 00:00 0 
7fa1d845c000-7fa1d8468000 r-xp 00000000 08:05 535712                     /lib/x86_64-linux-gnu/libnss_files-2.13.so
7fa1d8468000-7fa1d8667000 ---p 0000c000 08:05 535712                     /lib/x86_64-linux-gnu/libnss_files-2.13.so
7fa1d8667000-7fa1d8668000 r-xp 0000b000 08:05 535712                     /lib/x86_64-linux-gnu/libnss_files-2.13.so
7fa1d8668000-7fa1d8669000 rwxp 0000c000 08:05 535712                     /lib/x86_64-linux-gnu/libnss_files-2.13.so
7fa1d8669000-7fa1d8674000 r-xp 00000000 08:05 535714                     /lib/x86_64-linux-gnu/libnss_nis-2.13.so
7fa1d8674000-7fa1d8873000 ---p 0000b000 08:05 535714                     /lib/x86_64-linux-gnu/libnss_nis-2.13.so
7fa1d8873000-7fa1d8874000 r-xp 0000a000 08:05 535714                     /lib/x86_64-linux-gnu/libnss_nis-2.13.so
7fa1d8874000-7fa1d8875000 rwxp 0000b000 08:05 535714                     /lib/x86_64-linux-gnu/libnss_nis-2.13.so
7fa1d8875000-7fa1d887d000 r-xp 00000000 08:05 535710                     /lib/x86_64-linux-gnu/libnss_compat-2.13.so
7fa1d887d000-7fa1d8a7c000 ---p 00008000 08:05 535710                     /lib/x86_64-linux-gnu/libnss_compat-2.13.so
7fa1d8a7c000-7fa1d8a7d000 r-xp 00007000 08:05 535710                     /lib/x86_64-linux-gnu/libnss_compat-2.13.so
7fa1d8a7d000-7fa1d8a7e000 rwxp 00008000 08:05 535710                     /lib/x86_64-linux-gnu/libnss_compat-2.13.so
7fa1d8a7e000-7fa1d8e86000 r-xp 00000000 08:05 1570348                    /usr/lib/locale/locale-archive
7fa1d8e86000-7fa1d8e89000 r-xp 00000000 08:05 1734836                    /usr/lib/jvm/java-6-sun-1.6.0.24/jre/lib/amd64/libnpt.so
7fa1d8e89000-7fa1d8f88000 ---p 00003000 08:05 1734836                    /usr/lib/jvm/java-6-sun-1.6.0.24/jre/lib/amd64/libnpt.so
7fa1d8f88000-7fa1d8f89000 rwxp 00002000 08:05 1734836                    /usr/lib/jvm/java-6-sun-1.6.0.24/jre/lib/amd64/libnpt.so
7fa1d8f89000-7fa1d8fbf000 r-xp 00000000 08:05 1734835                    /usr/lib/jvm/java-6-sun-1.6.0.24/jre/lib/amd64/libjdwp.so
7fa1d8fbf000-7fa1d90be000 ---p 00036000 08:05 1734835                    /usr/lib/jvm/java-6-sun-1.6.0.24/jre/lib/amd64/libjdwp.so
7fa1d90be000-7fa1d90c8000 rwxp 00035000 08:05 1734835                    /usr/lib/jvm/java-6-sun-1.6.0.24/jre/lib/amd64/libjdwp.so
7fa1d90c8000-7fa1d90cf000 r-xp 00000000 08:05 1734857                    /usr/lib/jvm/java-6-sun-1.6.0.24/jre/lib/amd64/native_threads/libhpi.so
7fa1d90cf000-7fa1d91d0000 ---p 00007000 08:05 1734857                    /usr/lib/jvm/java-6-sun-1.6.0.24/jre/lib/amd64/native_threads/libhpi.so
7fa1d91d0000-7fa1d91d2000 rwxp 00008000 08:05 1734857                    /usr/lib/jvm/java-6-sun-1.6.0.24/jre/lib/amd64/native_threads/libhpi.so
7fa1d91d2000-7fa1d91d3000 rwxp 00000000 00:00 0 
7fa1d91d3000-7fa1d91ea000 r-xp 00000000 08:05 535709                     /lib/x86_64-linux-gnu/libnsl-2.13.so
7fa1d91ea000-7fa1d93e9000 ---p 00017000 08:05 535709                     /lib/x86_64-linux-gnu/libnsl-2.13.so
7fa1d93e9000-7fa1d93ea000 r-xp 00016000 08:05 535709                     /lib/x86_64-linux-gnu/libnsl-2.13.so
7fa1d93ea000-7fa1d93eb000 rwxp 00017000 08:05 535709                     /lib/x86_64-linux-gnu/libnsl-2.13.so
7fa1d93eb000-7fa1d93ed000 rwxp 00000000 00:00 0 
7fa1d93ed000-7fa1d9416000 r-xp 00000000 08:05 1734846                    /usr/lib/jvm/java-6-sun-1.6.0.24/jre/lib/amd64/libjava.so
7fa1d9416000-7fa1d9515000 ---p 00029000 08:05 1734846                    /usr/lib/jvm/java-6-sun-1.6.0.24/jre/lib/amd64/libjava.so
7fa1d9515000-7fa1d951c000 rwxp 00028000 08:05 1734846                    /usr/lib/jvm/java-6-sun-1.6.0.24/jre/lib/amd64/libjava.so
7fa1d951c000-7fa1d9529000 r-xp 00000000 08:05 1731420                    /usr/lib/jvm/java-6-sun-1.6.0.24/jre/lib/amd64/libverify.so
7fa1d9529000-7fa1d9628000 ---p 0000d000 08:05 1731420                    /usr/lib/jvm/java-6-sun-1.6.0.24/jre/lib/amd64/libverify.so
7fa1d9628000-7fa1d962b000 rwxp 0000c000 08:05 1731420                    /usr/lib/jvm/java-6-sun-1.6.0.24/jre/lib/amd64/libverify.so
7fa1d962b000-7fa1d9632000 r-xp 00000000 08:05 535724                     /lib/x86_64-linux-gnu/librt-2.13.so
7fa1d9632000-7fa1d9831000 ---p 00007000 08:05 535724                     /lib/x86_64-linux-gnu/librt-2.13.so
7fa1d9831000-7fa1d9832000 r-xp 00006000 08:05 535724                     /lib/x86_64-linux-gnu/librt-2.13.so
7fa1d9832000-7fa1d9833000 rwxp 00007000 08:05 535724                     /lib/x86_64-linux-gnu/librt-2.13.so
7fa1d9833000-7fa1d9836000 ---p 00000000 00:00 0 
7fa1d9836000-7fa1d9934000 rwxp 00000000 00:00 0 
7fa1d9934000-7fa1d99b8000 r-xp 00000000 08:05 535703                     /lib/x86_64-linux-gnu/libm-2.13.so
7fa1d99b8000-7fa1d9bb7000 ---p 00084000 08:05 535703                     /lib/x86_64-linux-gnu/libm-2.13.so
7fa1d9bb7000-7fa1d9bb8000 r-xp 00083000 08:05 535703                     /lib/x86_64-linux-gnu/libm-2.13.so
7fa1d9bb8000-7fa1d9bb9000 rwxp 00084000 08:05 535703                     /lib/x86_64-linux-gnu/libm-2.13.so
7fa1d9bb9000-7fa1da3f7000 r-xp 00000000 08:05 1734849                    /usr/lib/jvm/java-6-sun-1.6.0.24/jre/lib/amd64/server/libjvm.so
7fa1da3f7000-7fa1da4f6000 ---p 0083e000 08:05 1734849                    /usr/lib/jvm/java-6-sun-1.6.0.24/jre/lib/amd64/server/libjvm.so
7fa1da4f6000-7fa1da68a000 rwxp 0083d000 08:05 1734849                    /usr/lib/jvm/java-6-sun-1.6.0.24/jre/lib/amd64/server/libjvm.so
7fa1da68a000-7fa1da6c3000 rwxp 00000000 00:00 0 
7fa1da6c3000-7fa1da84d000 r-xp 00000000 08:05 535697                     /lib/x86_64-linux-gnu/libc-2.13.so
7fa1da84d000-7fa1daa4c000 ---p 0018a000 08:05 535697                     /lib/x86_64-linux-gnu/libc-2.13.so
7fa1daa4c000-7fa1daa50000 r-xp 00189000 08:05 535697                     /lib/x86_64-linux-gnu/libc-2.13.so
7fa1daa50000-7fa1daa51000 rwxp 0018d000 08:05 535697                     /lib/x86_64-linux-gnu/libc-2.13.so
7fa1daa51000-7fa1daa57000 rwxp 00000000 00:00 0 
7fa1daa57000-7fa1daa59000 r-xp 00000000 08:05 535702                     /lib/x86_64-linux-gnu/libdl-2.13.so
7fa1daa59000-7fa1dac59000 ---p 00002000 08:05 535702                     /lib/x86_64-linux-gnu/libdl-2.13.so
7fa1dac59000-7fa1dac5a000 r-xp 00002000 08:05 535702                     /lib/x86_64-linux-gnu/libdl-2.13.so
7fa1dac5a000-7fa1dac5b000 rwxp 00003000 08:05 535702                     /lib/x86_64-linux-gnu/libdl-2.13.so
7fa1dac5b000-7fa1dac73000 r-xp 00000000 08:05 535718                     /lib/x86_64-linux-gnu/libpthread-2.13.so
7fa1dac73000-7fa1dae73000 ---p 00018000 08:05 535718                     /lib/x86_64-linux-gnu/libpthread-2.13.so
7fa1dae73000-7fa1dae74000 r-xp 00018000 08:05 535718                     /lib/x86_64-linux-gnu/libpthread-2.13.so
7fa1dae74000-7fa1dae75000 rwxp 00019000 08:05 535718                     /lib/x86_64-linux-gnu/libpthread-2.13.so
7fa1dae75000-7fa1dae79000 rwxp 00000000 00:00 0 
7fa1dae79000-7fa1dae9a000 r-xp 00000000 08:05 535673                     /lib/x86_64-linux-gnu/ld-2.13.so
7fa1dae9c000-7fa1daea7000 rwxp 00000000 00:00 0 
7fa1daea7000-7fa1daf5c000 rwxp 00000000 00:00 0 
7fa1daf5c000-7fa1daf5f000 rwxp 00000000 00:00 0 
7fa1daf5f000-7fa1daf66000 r-xp 00000000 08:05 1731410                    /usr/lib/jvm/java-6-sun-1.6.0.24/jre/lib/amd64/jli/libjli.so
7fa1daf66000-7fa1db067000 ---p 00007000 08:05 1731410                    /usr/lib/jvm/java-6-sun-1.6.0.24/jre/lib/amd64/jli/libjli.so
7fa1db067000-7fa1db069000 rwxp 00008000 08:05 1731410                    /usr/lib/jvm/java-6-sun-1.6.0.24/jre/lib/amd64/jli/libjli.so
7fa1db069000-7fa1db06a000 rwxp 00000000 00:00 0 
7fa1db06b000-7fa1db06c000 rwxs fb060000 00:05 9535                       /dev/nvidia0
7fa1db06c000-7fa1db06d000 r-xs 00000000 08:05 1340105                    /home/bompo/.fontconfig/aa7e4f27e681240d22a1f116cf7520f0-le64.cache-3
7fa1db06d000-7fa1db06e000 r-xs 001a1000 08:05 1339854                    /home/bompo/git/mgcube/libs/gdx-natives.jar
7fa1db06e000-7fa1db088000 r-xs 00206000 08:05 1339556                    /home/bompo/git/mgcube/libs/gdx-backend-jogl.jar
7fa1db088000-7fa1db089000 r-xs 00007000 08:05 1330241                    /home/bompo/git/mgcube/libs/gdx-backend-jogl-sources.jar
7fa1db089000-7fa1db08a000 r-xs 00203000 08:05 1339177                    /home/bompo/git/mgcube/libs/gdx-backend-jogl-natives.jar
7fa1db08a000-7fa1db08d000 r-xs 0000f000 08:05 1622792                    /usr/lib/jvm/java-6-sun-1.6.0.24/jre/lib/ext/pulse-java.jar
7fa1db08d000-7fa1db095000 rwxs 00000000 08:05 523600                     /tmp/hsperfdata_bompo/5967
7fa1db095000-7fa1db096000 rwxp 00000000 00:00 0 
7fa1db096000-7fa1db097000 r-xp 00000000 00:00 0 
7fa1db097000-7fa1db099000 rwxp 00000000 00:00 0 
7fa1db099000-7fa1db09a000 r-xp 00020000 08:05 535673                     /lib/x86_64-linux-gnu/ld-2.13.so
7fa1db09a000-7fa1db09c000 rwxp 00021000 08:05 535673                     /lib/x86_64-linux-gnu/ld-2.13.so
7fff98960000-7fff98981000 rwxp 00000000 00:00 0                          [stack]
7fff989ff000-7fff98a00000 r-xp 00000000 00:00 0                          [vdso]
ffffffffff600000-ffffffffff601000 r-xp 00000000 00:00 0                  [vsyscall]

VM Arguments:
jvm_args: -agentlib:jdwp=transport=dt_socket,suspend=y,address=localhost:48599 -Dfile.encoding=UTF-8 
java_command: de.swagner.mgcube.DesktopStarter
Launcher Type: SUN_STANDARD

Environment Variables:
PATH=/usr/local/sbin:/usr/local/bin:/usr/sbin:/usr/bin:/sbin:/bin:/usr/games
USERNAME=bompo
LD_LIBRARY_PATH=/usr/lib/jvm/java-6-sun-1.6.0.24/jre/lib/amd64/server:/usr/lib/jvm/java-6-sun-1.6.0.24/jre/lib/amd64:/usr/lib/jvm/java-6-sun-1.6.0.24/jre/../lib/amd64:/usr/lib/jvm/java-6-openjdk/jre/lib/amd64/server:/usr/lib/jvm/java-6-openjdk/jre/lib/amd64:/usr/lib/jvm/java-6-openjdk/jre/../lib/amd64:/usr/lib64/xulrunner-addons
SHELL=/bin/bash
DISPLAY=:0.0

Signal Handlers:
SIGSEGV: [libjvm.so+0x791b30], sa_mask[0]=0x7ffbfeff, sa_flags=0x10000004
SIGBUS: [libjvm.so+0x791b30], sa_mask[0]=0x7ffbfeff, sa_flags=0x10000004
SIGFPE: [libjvm.so+0x640ba0], sa_mask[0]=0x7ffbfeff, sa_flags=0x10000004
SIGPIPE: [libjvm.so+0x640ba0], sa_mask[0]=0x7ffbfeff, sa_flags=0x10000004
SIGXFSZ: [libjvm.so+0x640ba0], sa_mask[0]=0x7ffbfeff, sa_flags=0x10000004
SIGILL: [libjvm.so+0x640ba0], sa_mask[0]=0x7ffbfeff, sa_flags=0x10000004
SIGUSR1: SIG_DFL, sa_mask[0]=0x00000000, sa_flags=0x00000000
SIGUSR2: [libjvm.so+0x643780], sa_mask[0]=0x00000004, sa_flags=0x10000004
SIGHUP: [libjvm.so+0x643380], sa_mask[0]=0x7ffbfeff, sa_flags=0x10000004
SIGINT: [libjvm.so+0x643380], sa_mask[0]=0x7ffbfeff, sa_flags=0x10000004
SIGTERM: [libjvm.so+0x643380], sa_mask[0]=0x7ffbfeff, sa_flags=0x10000004
SIGQUIT: [libjvm.so+0x643380], sa_mask[0]=0x7ffbfeff, sa_flags=0x10000004


---------------  S Y S T E M  ---------------

OS: