#
# A fatal error has been detected by the Java Runtime Environment:
#
#  SIGSEGV (0xb) at pc=0x0000000000019b7e, pid=10392, tid=139859606578944
#
# JRE version: 6.0_24-b07
# Java VM: Java HotSpot(TM) 64-Bit Server VM (19.1-b02 mixed mode linux-amd64 compressed oops)
# Problematic frame:
# C  0x0000000000019b7e
#
# If you would like to submit a bug report, please visit:
#   http://java.sun.com/webapps/bugreport/crash.jsp
# The crash happened outside the Java Virtual Machine in native code.
# See problematic frame for where to report the bug.
#

---------------  T H R E A D  ---------------

Current thread (0x00000000416bd000):  JavaThread "AWT-EventQueue-0" [_thread_in_native, id=10413, stack(0x00007f339a1b2000,0x00007f339a2b3000)]

siginfo:si_signo=SIGSEGV: si_errno=0, si_code=1 (SEGV_MAPERR), si_addr=0x0000000000019b7e

Registers:
RAX=0x00000000eba95180, RBX=0x00000000416bd1c8, RCX=0x00000000413fdc40, RDX=0x0000000000000040
RSP=0x00007f339a2b05d8, RBP=0x00007f339a2b0620, RSI=0x00000000eba95180, RDI=0x00007f339cb98000
R8 =0x00007f33a69bf1a8, R9 =0x00007f33a69c2f78, R10=0x00000000413fe028, R11=0x00000000413fdc88
R12=0x00000000eba95180, R13=0x0000000000000040, R14=0x00007f339cb98000, R15=0x0000000000000000
RIP=0x0000000000019b7e, EFL=0x0000000000010202, CSGSFS=0x0000000000000033, ERR=0x0000000000000014
  TRAPNO=0x000000000000000e

Register to memory mapping:

RAX=0x00000000eba95180

[error occurred during error reporting (printing registers, top of stack, instructions near pc), id 0xe0000000]

Stack: [0x00007f339a1b2000,0x00007f339a2b3000],  sp=0x00007f339a2b05d8,  free space=1017k
Native frames: (J=compiled Java code, j=interpreted, Vv=VM code, C=native code)
C  0x0000000000019b7e

Java frames: (J=compiled Java code, j=interpreted, Vv=VM code)
J  com.badlogic.gdx.utils.BufferUtils.copyJni([FLjava/nio/Buffer;II)V
J  com.badlogic.gdx.graphics.glutils.ShaderProgram.setUniformMatrix(Ljava/lang/String;Lcom/badlogic/gdx/math/Matrix4;)V
J  de.swagner.mgcube.MainMenuScreen.renderScene()V
j  de.swagner.mgcube.MainMenuScreen.render(F)V+153
j  com.badlogic.gdx.Game.render()V+19
j  com.badlogic.gdx.backends.jogl.JoglGraphics.display(Ljavax/media/opengl/GLAutoDrawable;)V+114
j  com.sun.opengl.impl.GLDrawableHelper.display(Ljavax/media/opengl/GLAutoDrawable;)V+29
j  javax.media.opengl.GLCanvas$DisplayAction.run()V+80
j  com.sun.opengl.impl.GLDrawableHelper.invokeGL(Ljavax/media/opengl/GLDrawable;Ljavax/media/opengl/GLContext;Ljava/lang/Runnable;Ljava/lang/Runnable;)V+418
j  javax.media.opengl.GLCanvas$DisplayOnEventDispatchThreadAction.run()V+35
j  java.awt.event.InvocationEvent.dispatch()V+11
j  java.awt.EventQueue.dispatchEventImpl(Ljava/awt/AWTEvent;Ljava/lang/Object;)V+21
j  java.awt.EventQueue.access$000(Ljava/awt/EventQueue;Ljava/awt/AWTEvent;Ljava/lang/Object;)V+3
j  java.awt.EventQueue$1.run()Ljava/lang/Void;+12
j  java.awt.EventQueue$1.run()Ljava/lang/Object;+1
v  ~StubRoutines::call_stub
j  java.security.AccessController.doPrivileged(Ljava/security/PrivilegedAction;Ljava/security/AccessControlContext;)Ljava/lang/Object;+0
j  java.security.AccessControlContext$1.doIntersectionPrivilege(Ljava/security/PrivilegedAction;Ljava/security/AccessControlContext;Ljava/security/AccessControlContext;)Ljava/lang/Object;+28
j  java.awt.EventQueue.dispatchEvent(Ljava/awt/AWTEvent;)V+46
j  java.awt.EventDispatchThread.pumpOneEventForFilters(I)Z+204
j  java.awt.EventDispatchThread.pumpEventsForFilter(ILjava/awt/Conditional;Ljava/awt/EventFilter;)V+30
j  java.awt.EventDispatchThread.pumpEventsForHierarchy(ILjava/awt/Conditional;Ljava/awt/Component;)V+11
j  java.awt.EventDispatchThread.pumpEvents(ILjava/awt/Conditional;)V+4
j  java.awt.EventDispatchThread.pumpEvents(Ljava/awt/Conditional;)V+3
j  java.awt.EventDispatchThread.run()V+9
v  ~StubRoutines::call_stub

---------------  P R O C E S S  ---------------

Java Threads: ( => current thread )
  0x00000000412e4000 JavaThread "DestroyJavaVM" [_thread_blocked, id=10397, stack(0x00007f33a5c88000,0x00007f33a5d89000)]
  0x00007f339c15d000 JavaThread "Thread-1" [_thread_blocked, id=10418, stack(0x00007f338fb22000,0x00007f338fc23000)]
=>0x00000000416bd000 JavaThread "AWT-EventQueue-0" [_thread_in_native, id=10413, stack(0x00007f339a1b2000,0x00007f339a2b3000)]
  0x0000000041655000 JavaThread "AWT-Shutdown" [_thread_blocked, id=10412, stack(0x00007f339a2b3000,0x00007f339a3b4000)]
  0x0000000041654000 JavaThread "AWT-XAWT" daemon [_thread_blocked, id=10411, stack(0x00007f339a3b4000,0x00007f339a4b5000)]
  0x00000000414a1000 JavaThread "Java2D Disposer" daemon [_thread_blocked, id=10410, stack(0x00007f339acd9000,0x00007f339adda000)]
  0x00007f339c002800 JavaThread "Low Memory Detector" daemon [_thread_blocked, id=10408, stack(0x00007f33a0550000,0x00007f33a0651000)]
  0x0000000041372000 JavaThread "CompilerThread1" daemon [_thread_blocked, id=10407, stack(0x00007f339beff000,0x00007f339c000000)]
  0x000000004136e800 JavaThread "CompilerThread0" daemon [_thread_blocked, id=10406, stack(0x00007f33a0651000,0x00007f33a0752000)]
  0x000000004136c800 JavaThread "Signal Dispatcher" daemon [_thread_blocked, id=10405, stack(0x00007f33a0752000,0x00007f33a0853000)]
  0x0000000041350000 JavaThread "Finalizer" daemon [_thread_blocked, id=10404, stack(0x00007f33a0c5b000,0x00007f33a0d5c000)]
  0x0000000041348800 JavaThread "Reference Handler" daemon [_thread_blocked, id=10403, stack(0x00007f33a0d5c000,0x00007f33a0e5d000)]

Other Threads:
  0x0000000041341800 VMThread [stack: 0x00007f33a0e5d000,0x00007f33a0f5e000] [id=10402]
  0x0000000041386000 WatcherThread [stack: 0x00007f33a044f000,0x00007f33a0550000] [id=10409]

VM state:not at safepoint (normal execution)

VM Mutex/Monitor currently owned by a thread: None

Heap
 PSYoungGen      total 18432K, used 10745K [0x00000000eb600000, 0x00000000eca90000, 0x0000000100000000)
  eden space 15808K, 53% used [0x00000000eb600000,0x00000000ebe3d0f0,0x00000000ec570000)
  from space 2624K, 88% used [0x00000000ec570000,0x00000000ec7b15c0,0x00000000ec800000)
  to   space 2624K, 0% used [0x00000000ec800000,0x00000000ec800000,0x00000000eca90000)
 PSOldGen        total 42240K, used 0K [0x00000000c2200000, 0x00000000c4b40000, 0x00000000eb600000)
  object space 42240K, 0% used [0x00000000c2200000,0x00000000c2200000,0x00000000c4b40000)
 PSPermGen       total 21248K, used 16622K [0x00000000bd000000, 0x00000000be4c0000, 0x00000000c2200000)
  object space 21248K, 78% used [0x00000000bd000000,0x00000000be03b9e8,0x00000000be4c0000)

Dynamic libraries:
40000000-40009000 r-xp 00000000 08:05 1662394                            /usr/lib/jvm/java-6-sun-1.6.0.24/jre/bin/java
40108000-4010a000 rwxp 00008000 08:05 1662394                            /usr/lib/jvm/java-6-sun-1.6.0.24/jre/bin/java
4079b000-4079d000 r-xs 00000000 08:05 527180                             /tmp/glMfun8l (deleted)
412db000-41930000 rwxp 00000000 00:00 0                                  [heap]
bd000000-be4c0000 rwxp 00000000 00:00 0 
be4c0000-c2200000 rwxp 00000000 00:00 0 
c2200000-c4b40000 rwxp 00000000 00:00 0 
c4b40000-eb600000 rwxp 00000000 00:00 0 
eb600000-eca90000 rwxp 00000000 00:00 0 
eca90000-100000000 rwxp 00000000 00:00 0 
7f338f462000-7f338f562000 rwxp 00000000 00:00 0 
7f338f562000-7f338f5e2000 rwxs add72000 00:05 9702                       /dev/nvidia0
7f338f5e2000-7f338f7e2000 rwxp 00000000 00:00 0 
7f338f7e2000-7f338f9e2000 rwxs 65729000 00:05 9702                       /dev/nvidia0
7f338f9e2000-7f338fae2000 rwxs b976b000 00:05 9702                       /dev/nvidia0
7f338fae2000-7f338fb22000 rwxs adef1000 00:05 9702                       /dev/nvidia0
7f338fb22000-7f338fb25000 ---p 00000000 00:00 0 
7f338fb25000-7f338fc23000 rwxp 00000000 00:00 0 
7f338fc23000-7f338fc24000 ---p 00000000 00:00 0 
7f338fc24000-7f3390424000 rwxp 00000000 00:00 0 
7f3390424000-7f3394425000 rwxs 00000000 00:10 290382                     /dev/shm/pulse-shm-346107965
7f3394425000-7f3394426000 ---p 00000000 00:00 0 
7f3394426000-7f3394c26000 rwxp 00000000 00:00 0 
7f3394c26000-7f3394c2c000 r-xp 00000000 08:05 1573092                    /usr/lib/libogg.so.0.7.0
7f3394c2c000-7f3394e2b000 ---p 00006000 08:05 1573092                    /usr/lib/libogg.so.0.7.0
7f3394e2b000-7f3394e2c000 r-xp 00005000 08:05 1573092                    /usr/lib/libogg.so.0.7.0
7f3394e2c000-7f3394e2d000 rwxp 00006000 08:05 1573092                    /usr/lib/libogg.so.0.7.0
7f3394e2d000-7f3394e58000 r-xp 00000000 08:05 1582648                    /usr/lib/libvorbis.so.0.4.5
7f3394e58000-7f3395057000 ---p 0002b000 08:05 1582648                    /usr/lib/libvorbis.so.0.4.5
7f3395057000-7f3395058000 r-xp 0002a000 08:05 1582648                    /usr/lib/libvorbis.so.0.4.5
7f3395058000-7f3395059000 rwxp 0002b000 08:05 1582648                    /usr/lib/libvorbis.so.0.4.5
7f3395059000-7f339530c000 r-xp 00000000 08:05 1573212                    /usr/lib/libvorbisenc.so.2.0.8
7f339530c000-7f339550b000 ---p 002b3000 08:05 1573212                    /usr/lib/libvorbisenc.so.2.0.8
7f339550b000-7f3395527000 r-xp 002b2000 08:05 1573212                    /usr/lib/libvorbisenc.so.2.0.8
7f3395527000-7f3395528000 rwxp 002ce000 08:05 1573212                    /usr/lib/libvorbisenc.so.2.0.8
7f3395528000-7f3395570000 r-xp 00000000 08:05 1570101                    /usr/lib/libFLAC.so.8.2.0
7f3395570000-7f3395770000 ---p 00048000 08:05 1570101                    /usr/lib/libFLAC.so.8.2.0
7f3395770000-7f3395771000 r-xp 00048000 08:05 1570101                    /usr/lib/libFLAC.so.8.2.0
7f3395771000-7f3395772000 rwxp 00049000 08:05 1570101                    /usr/lib/libFLAC.so.8.2.0
7f3395772000-7f33957d3000 r-xp 00000000 08:05 1570821                    /usr/lib/libsndfile.so.1.0.23
7f33957d3000-7f33959d3000 ---p 00061000 08:05 1570821                    /usr/lib/libsndfile.so.1.0.23
7f33959d3000-7f33959d5000 r-xp 00061000 08:05 1570821                    /usr/lib/libsndfile.so.1.0.23
7f33959d5000-7f33959d6000 rwxp 00063000 08:05 1570821                    /usr/lib/libsndfile.so.1.0.23
7f33959d6000-7f33959da000 rwxp 00000000 00:00 0 
7f33959da000-7f33959e2000 r-xp 00000000 08:05 538930                     /lib/libwrap.so.0.7.6
7f33959e2000-7f3395be2000 ---p 00008000 08:05 538930                     /lib/libwrap.so.0.7.6
7f3395be2000-7f3395be3000 r-xp 00008000 08:05 538930                     /lib/libwrap.so.0.7.6
7f3395be3000-7f3395be4000 rwxp 00009000 08:05 538930                     /lib/libwrap.so.0.7.6
7f3395be4000-7f3395be5000 rwxp 00000000 00:00 0 
7f3395be5000-7f3395be9000 r-xp 00000000 08:05 534738                     /lib/x86_64-linux-gnu/libuuid.so.1.3.0
7f3395be9000-7f3395de8000 ---p 00004000 08:05 534738                     /lib/x86_64-linux-gnu/libuuid.so.1.3.0
7f3395de8000-7f3395de9000 r-xp 00003000 08:05 534738                     /lib/x86_64-linux-gnu/libuuid.so.1.3.0
7f3395de9000-7f3395dea000 rwxp 00004000 08:05 534738                     /lib/x86_64-linux-gnu/libuuid.so.1.3.0
7f3395dea000-7f3395e2c000 r-xp 00000000 08:05 525819                     /lib/x86_64-linux-gnu/libdbus-1.so.3.5.4
7f3395e2c000-7f339602c000 ---p 00042000 08:05 525819                     /lib/x86_64-linux-gnu/libdbus-1.so.3.5.4
7f339602c000-7f339602d000 r-xp 00042000 08:05 525819                     /lib/x86_64-linux-gnu/libdbus-1.so.3.5.4
7f339602d000-7f339602e000 rwxp 00043000 08:05 525819                     /lib/x86_64-linux-gnu/libdbus-1.so.3.5.4
7f339602e000-7f3396079000 r-xp 00000000 08:05 1580900                    /usr/lib/libpulsecommon-0.9.22.so
7f3396079000-7f3396278000 ---p 0004b000 08:05 1580900                    /usr/lib/libpulsecommon-0.9.22.so
7f3396278000-7f3396279000 r-xp 0004a000 08:05 1580900                    /usr/lib/libpulsecommon-0.9.22.so
7f3396279000-7f339627a000 rwxp 0004b000 08:05 1580900                    /usr/lib/libpulsecommon-0.9.22.so
7f339627a000-7f339627d000 r-xp 00000000 08:05 1573582                    /usr/lib/libxcb-atom.so.1.0.0
7f339627d000-7f339647d000 ---p 00003000 08:05 1573582                    /usr/lib/libxcb-atom.so.1.0.0
7f339647d000-7f339647e000 r-xp 00003000 08:05 1573582                    /usr/lib/libxcb-atom.so.1.0.0
7f339647e000-7f339647f000 rwxp 00004000 08:05 1573582                    /usr/lib/libxcb-atom.so.1.0.0
7f339647f000-7f3396486000 r-xp 00000000 08:05 1578963                    /usr/lib/x86_64-linux-gnu/libSM.so.6.0.1
7f3396486000-7f3396685000 ---p 00007000 08:05 1578963                    /usr/lib/x86_64-linux-gnu/libSM.so.6.0.1
7f3396685000-7f3396686000 r-xp 00006000 08:05 1578963                    /usr/lib/x86_64-linux-gnu/libSM.so.6.0.1
7f3396686000-7f3396687000 rwxp 00007000 08:05 1578963                    /usr/lib/x86_64-linux-gnu/libSM.so.6.0.1
7f3396687000-7f339669d000 r-xp 00000000 08:05 1571606                    /usr/lib/x86_64-linux-gnu/libICE.so.6.3.0
7f339669d000-7f339689d000 ---p 00016000 08:05 1571606                    /usr/lib/x86_64-linux-gnu/libICE.so.6.3.0
7f339689d000-7f339689e000 r-xp 00016000 08:05 1571606                    /usr/lib/x86_64-linux-gnu/libICE.so.6.3.0
7f339689e000-7f339689f000 rwxp 00017000 08:05 1571606                    /usr/lib/x86_64-linux-gnu/libICE.so.6.3.0
7f339689f000-7f33968a2000 rwxp 00000000 00:00 0 
7f33968a2000-7f33968a3000 r-xp 00000000 08:05 1570508                    /usr/lib/x86_64-linux-gnu/libX11-xcb.so.1.0.0
7f33968a3000-7f3396aa2000 ---p 00001000 08:05 1570508                    /usr/lib/x86_64-linux-gnu/libX11-xcb.so.1.0.0
7f3396aa2000-7f3396aa3000 r-xp 00000000 08:05 1570508                    /usr/lib/x86_64-linux-gnu/libX11-xcb.so.1.0.0
7f3396aa3000-7f3396aa4000 rwxp 00001000 08:05 1570508                    /usr/lib/x86_64-linux-gnu/libX11-xcb.so.1.0.0
7f3396aa4000-7f3396ae4000 r-xp 00000000 08:05 1573921                    /usr/lib/libpulse.so.0.12.3
7f3396ae4000-7f3396ce3000 ---p 00040000 08:05 1573921                    /usr/lib/libpulse.so.0.12.3
7f3396ce3000-7f3396ce4000 r-xp 0003f000 08:05 1573921                    /usr/lib/libpulse.so.0.12.3
7f3396ce4000-7f3396ce5000 rwxp 00040000 08:05 1573921                    /usr/lib/libpulse.so.0.12.3
7f3396ce5000-7f3396d31000 r-xp 00000000 08:05 525038                     /tmp/libgdx/2370704169/libopenal64.so
7f3396d31000-7f3396f30000 ---p 0004c000 08:05 525038                     /tmp/libgdx/2370704169/libopenal64.so
7f3396f30000-7f3396f32000 r-xp 0004b000 08:05 525038                     /tmp/libgdx/2370704169/libopenal64.so
7f3396f32000-7f3396f33000 rwxp 0004d000 08:05 525038                     /tmp/libgdx/2370704169/libopenal64.so
7f3396f33000-7f3396f34000 rwxp 00000000 00:00 0 
7f3396f34000-7f3396fad000 r-xp 00000000 08:05 525065                     /tmp/libgdx/2370704169/liblwjgl64.so
7f3396fad000-7f33971ad000 ---p 00079000 08:05 525065                     /tmp/libgdx/2370704169/liblwjgl64.so
7f33971ad000-7f33971af000 r-xp 00079000 08:05 525065                     /tmp/libgdx/2370704169/liblwjgl64.so
7f33971af000-7f33971b0000 rwxp 0007b000 08:05 525065                     /tmp/libgdx/2370704169/liblwjgl64.so
7f33971b0000-7f339729f000 r-xp 00000000 08:05 524903                     /tmp/libgdx/2370704169/libjogl-linux64.so
7f339729f000-7f339739f000 ---p 000ef000 08:05 524903                     /tmp/libgdx/2370704169/libjogl-linux64.so
7f339739f000-7f33973a0000 rwxp 000ef000 08:05 524903                     /tmp/libgdx/2370704169/libjogl-linux64.so
7f33973a0000-7f33987ee000 r-xp 00000000 08:05 723                        /usr/lib/nvidia-current/libnvidia-glcore.so.270.41.19
7f33987ee000-7f33989ee000 ---p 0144e000 08:05 723                        /usr/lib/nvidia-current/libnvidia-glcore.so.270.41.19
7f33989ee000-7f3398fd6000 rwxp 0144e000 08:05 723                        /usr/lib/nvidia-current/libnvidia-glcore.so.270.41.19
7f3398fd6000-7f3398fed000 rwxp 00000000 00:00 0 
7f3398fed000-7f3398fee000 r-xp 00000000 08:05 716                        /usr/lib/nvidia-current/tls/libnvidia-tls.so.270.41.19
7f3398fee000-7f33991ee000 ---p 00001000 08:05 716                        /usr/lib/nvidia-current/tls/libnvidia-tls.so.270.41.19
7f33991ee000-7f33991ef000 rwxp 00001000 08:05 716                        /usr/lib/nvidia-current/tls/libnvidia-tls.so.270.41.19
7f33991ef000-7f33991f0000 r-xp 00000000 08:05 1734853                    /usr/lib/jvm/java-6-sun-1.6.0.24/jre/lib/amd64/libjawt.so
7f33991f0000-7f33992ef000 ---p 00001000 08:05 1734853                    /usr/lib/jvm/java-6-sun-1.6.0.24/jre/lib/amd64/libjawt.so
7f33992ef000-7f33992f0000 rwxp 00000000 08:05 1734853                    /usr/lib/jvm/java-6-sun-1.6.0.24/jre/lib/amd64/libjawt.so
7f33992f0000-7f33992f5000 r-xp 00000000 08:05 1581972                    /usr/lib/x86_64-linux-gnu/libXxf86vm.so.1.0.0
7f33992f5000-7f33994f4000 ---p 00005000 08:05 1581972                    /usr/lib/x86_64-linux-gnu/libXxf86vm.so.1.0.0
7f33994f4000-7f33994f5000 r-xp 00004000 08:05 1581972                    /usr/lib/x86_64-linux-gnu/libXxf86vm.so.1.0.0
7f33994f5000-7f33994f6000 rwxp 00005000 08:05 1581972                    /usr/lib/x86_64-linux-gnu/libXxf86vm.so.1.0.0
7f33994f6000-7f33995b3000 r-xp 00000000 08:05 928                        /usr/lib/nvidia-current/libGL.so.270.41.19
7f33995b3000-7f33997b3000 ---p 000bd000 08:05 928                        /usr/lib/nvidia-current/libGL.so.270.41.19
7f33997b3000-7f33997ec000 rwxp 000bd000 08:05 928                        /usr/lib/nvidia-current/libGL.so.270.41.19
7f33997ec000-7f3399802000 rwxp 00000000 00:00 0 
7f3399802000-7f3399804000 r-xp 00000000 08:05 524893                     /tmp/libgdx/2370704169/libjogl_awt-linux64.so
7f3399804000-7f3399903000 ---p 00002000 08:05 524893                     /tmp/libgdx/2370704169/libjogl_awt-linux64.so
7f3399903000-7f3399904000 rwxp 00001000 08:05 524893                     /tmp/libgdx/2370704169/libjogl_awt-linux64.so
7f3399904000-7f3399905000 r-xp 00000000 08:05 524774                     /tmp/libgdx/2370704169/libgluegen-rt-linux64.so
7f3399905000-7f3399a04000 ---p 00001000 08:05 524774                     /tmp/libgdx/2370704169/libgluegen-rt-linux64.so
7f3399a04000-7f3399a05000 rwxp 00000000 08:05 524774                     /tmp/libgdx/2370704169/libgluegen-rt-linux64.so
7f3399a05000-7f3399a1a000 r-xp 00000000 08:05 528127                     /lib/x86_64-linux-gnu/libgcc_s.so.1
7f3399a1a000-7f3399c19000 ---p 00015000 08:05 528127                     /lib/x86_64-linux-gnu/libgcc_s.so.1
7f3399c19000-7f3399c1a000 r-xp 00014000 08:05 528127                     /lib/x86_64-linux-gnu/libgcc_s.so.1
7f3399c1a000-7f3399c1b000 rwxp 00015000 08:05 528127                     /lib/x86_64-linux-gnu/libgcc_s.so.1
7f3399c1b000-7f3399d03000 r-xp 00000000 08:05 1571250                    /usr/lib/x86_64-linux-gnu/libstdc++.so.6.0.14
7f3399d03000-7f3399f02000 ---p 000e8000 08:05 1571250                    /usr/lib/x86_64-linux-gnu/libstdc++.so.6.0.14
7f3399f02000-7f3399f0a000 r-xp 000e7000 08:05 1571250                    /usr/lib/x86_64-linux-gnu/libstdc++.so.6.0.14
7f3399f0a000-7f3399f0c000 rwxp 000ef000 08:05 1571250                    /usr/lib/x86_64-linux-gnu/libstdc++.so.6.0.14
7f3399f0c000-7f3399f21000 rwxp 00000000 00:00 0 
7f3399f21000-7f3399fad000 r-xp 00000000 08:05 524747                     /tmp/libgdx/2370704169/libgdx-64.so
7f3399fad000-7f339a1ad000 ---p 0008c000 08:05 524747                     /tmp/libgdx/2370704169/libgdx-64.so
7f339a1ad000-7f339a1ae000 r-xp 0008c000 08:05 524747                     /tmp/libgdx/2370704169/libgdx-64.so
7f339a1ae000-7f339a1af000 rwxp 0008d000 08:05 524747                     /tmp/libgdx/2370704169/libgdx-64.so
7f339a1af000-7f339a1b2000 rwxp 00000000 00:00 0 
7f339a1b2000-7f339a1b5000 ---p 00000000 00:00 0 
7f339a1b5000-7f339a2b3000 rwxp 00000000 00:00 0 
7f339a2b3000-7f339a2b6000 ---p 00000000 00:00 0 
7f339a2b6000-7f339a3b4000 rwxp 00000000 00:00 0 
7f339a3b4000-7f339a3b7000 ---p 00000000 00:00 0 
7f339a3b7000-7f339a4b5000 rwxp 00000000 00:00 0 
7f339a4b5000-7f339a4ba000 r-xp 00000000 08:05 1570859                    /usr/lib/x86_64-linux-gnu/libXfixes.so.3.1.0
7f339a4ba000-7f339a6b9000 ---p 00005000 08:05 1570859                    /usr/lib/x86_64-linux-gnu/libXfixes.so.3.1.0
7f339a6b9000-7f339a6ba000 r-xp 00004000 08:05 1570859                    /usr/lib/x86_64-linux-gnu/libXfixes.so.3.1.0
7f339a6ba000-7f339a6bb000 rwxp 00005000 08:05 1570859                    /usr/lib/x86_64-linux-gnu/libXfixes.so.3.1.0
7f339a6bb000-7f339a6c4000 r-xp 00000000 08:05 1573929                    /usr/lib/x86_64-linux-gnu/libXcursor.so.1.0.2
7f339a6c4000-7f339a8c3000 ---p 00009000 08:05 1573929                    /usr/lib/x86_64-linux-gnu/libXcursor.so.1.0.2
7f339a8c3000-7f339a8c4000 r-xp 00008000 08:05 1573929                    /usr/lib/x86_64-linux-gnu/libXcursor.so.1.0.2
7f339a8c4000-7f339a8c5000 rwxp 00009000 08:05 1573929                    /usr/lib/x86_64-linux-gnu/libXcursor.so.1.0.2
7f339a8c5000-7f339a8ce000 r-xp 00000000 08:05 1570620                    /usr/lib/x86_64-linux-gnu/libXrender.so.1.3.0
7f339a8ce000-7f339aace000 ---p 00009000 08:05 1570620                    /usr/lib/x86_64-linux-gnu/libXrender.so.1.3.0
7f339aace000-7f339aacf000 r-xp 00009000 08:05 1570620                    /usr/lib/x86_64-linux-gnu/libXrender.so.1.3.0
7f339aacf000-7f339aad0000 rwxp 0000a000 08:05 1570620                    /usr/lib/x86_64-linux-gnu/libXrender.so.1.3.0
7f339aad0000-7f339aad8000 r-xp 00000000 08:05 1581969                    /usr/lib/x86_64-linux-gnu/libXrandr.so.2.2.0
7f339aad8000-7f339acd7000 ---p 00008000 08:05 1581969                    /usr/lib/x86_64-linux-gnu/libXrandr.so.2.2.0
7f339acd7000-7f339acd8000 r-xp 00007000 08:05 1581969                    /usr/lib/x86_64-linux-gnu/libXrandr.so.2.2.0
7f339acd8000-7f339acd9000 rwxp 00008000 08:05 1581969                    /usr/lib/x86_64-linux-gnu/libXrandr.so.2.2.0
7f339acd9000-7f339acdc000 ---p 00000000 00:00 0 
7f339acdc000-7f339adda000 rwxp 00000000 00:00 0 
7f339adda000-7f339ae53000 r-xp 00000000 08:05 1734841                    /usr/lib/jvm/java-6-sun-1.6.0.24/jre/lib/amd64/libfontmanager.so
7f339ae53000-7f339af52000 ---p 00079000 08:05 1734841                    /usr/lib/jvm/java-6-sun-1.6.0.24/jre/lib/amd64/libfontmanager.so
7f339af52000-7f339af67000 rwxp 00078000 08:05 1734841                    /usr/lib/jvm/java-6-sun-1.6.0.24/jre/lib/amd64/libfontmanager.so
7f339af67000-7f339af78000 rwxp 00000000 00:00 0 
7f339af78000-7f339af7d000 r-xp 00000000 08:05 1573561                    /usr/lib/x86_64-linux-gnu/libXdmcp.so.6.0.0
7f339af7d000-7f339b17c000 ---p 00005000 08:05 1573561                    /usr/lib/x86_64-linux-gnu/libXdmcp.so.6.0.0
7f339b17c000-7f339b17d000 r-xp 00004000 08:05 1573561                    /usr/lib/x86_64-linux-gnu/libXdmcp.so.6.0.0
7f339b17d000-7f339b17e000 rwxp 00005000 08:05 1573561                    /usr/lib/x86_64-linux-gnu/libXdmcp.so.6.0.0
7f339b17e000-7f339b180000 r-xp 00000000 08:05 1570542                    /usr/lib/x86_64-linux-gnu/libXau.so.6.0.0
7f339b180000-7f339b37f000 ---p 00002000 08:05 1570542                    /usr/lib/x86_64-linux-gnu/libXau.so.6.0.0
7f339b37f000-7f339b380000 r-xp 00001000 08:05 1570542                    /usr/lib/x86_64-linux-gnu/libXau.so.6.0.0
7f339b380000-7f339b381000 rwxp 00002000 08:05 1570542                    /usr/lib/x86_64-linux-gnu/libXau.so.6.0.0
7f339b381000-7f339b39c000 r-xp 00000000 08:05 1572615                    /usr/lib/x86_64-linux-gnu/libxcb.so.1.1.0
7f339b39c000-7f339b59b000 ---p 0001b000 08:05 1572615                    /usr/lib/x86_64-linux-gnu/libxcb.so.1.1.0
7f339b59b000-7f339b59c000 r-xp 0001a000 08:05 1572615                    /usr/lib/x86_64-linux-gnu/libxcb.so.1.1.0
7f339b59c000-7f339b59d000 rwxp 0001b000 08:05 1572615                    /usr/lib/x86_64-linux-gnu/libxcb.so.1.1.0
7f339b59d000-7f339b5ac000 r-xp 00000000 08:05 1613065                    /usr/lib/x86_64-linux-gnu/libXi.so.6.1.0
7f339b5ac000-7f339b7ab000 ---p 0000f000 08:05 1613065                    /usr/lib/x86_64-linux-gnu/libXi.so.6.1.0
7f339b7ab000-7f339b7ac000 r-xp 0000e000 08:05 1613065                    /usr/lib/x86_64-linux-gnu/libXi.so.6.1.0
7f339b7ac000-7f339b7ad000 rwxp 0000f000 08:05 1613065                    /usr/lib/x86_64-linux-gnu/libXi.so.6.1.0
7f339b7ad000-7f339b7b2000 r-xp 00000000 08:05 1572606                    /usr/lib/libXtst.so.6.1.0
7f339b7b2000-7f339b9b1000 ---p 00005000 08:05 1572606                    /usr/lib/libXtst.so.6.1.0
7f339b9b1000-7f339b9b2000 r-xp 00004000 08:05 1572606                    /usr/lib/libXtst.so.6.1.0
7f339b9b2000-7f339b9b3000 rwxp 00005000 08:05 1572606                    /usr/lib/libXtst.so.6.1.0
7f339b9b3000-7f339bae8000 r-xp 00000000 08:05 1573591                    /usr/lib/x86_64-linux-gnu/libX11.so.6.3.0
7f339bae8000-7f339bce8000 ---p 00135000 08:05 1573591                    /usr/lib/x86_64-linux-gnu/libX11.so.6.3.0
7f339bce8000-7f339bce9000 r-xp 00135000 08:05 1573591                    /usr/lib/x86_64-linux-gnu/libX11.so.6.3.0
7f339bce9000-7f339bced000 rwxp 00136000 08:05 1573591                    /usr/lib/x86_64-linux-gnu/libX11.so.6.3.0
7f339bced000-7f339bcfe000 r-xp 00000000 08:05 1571673                    /usr/lib/x86_64-linux-gnu/libXext.so.6.4.0
7f339bcfe000-7f339befd000 ---p 00011000 08:05 1571673                    /usr/lib/x86_64-linux-gnu/libXext.so.6.4.0
7f339befd000-7f339befe000 r-xp 00010000 08:05 1571673                    /usr/lib/x86_64-linux-gnu/libXext.so.6.4.0
7f339befe000-7f339beff000 rwxp 00011000 08:05 1571673                    /usr/lib/x86_64-linux-gnu/libXext.so.6.4.0
7f339beff000-7f339bf02000 ---p 00000000 00:00 0 
7f339bf02000-7f339c000000 rwxp 00000000 00:00 0 
7f339c000000-7f339d177000 rwxp 00000000 00:00 0 
7f339d177000-7f33a0000000 ---p 00000000 00:00 0 
7f33a001c000-7f33a0024000 r-xs 0003d000 08:05 1311180                    /home/bompo/git/mgcube/libs/scoreloop-core.jar
7f33a0024000-7f33a0026000 rwxs 00000000 08:05 527180                     /tmp/glMfun8l (deleted)
7f33a0026000-7f33a002a000 rwxs b95a1000 00:05 9702                       /dev/nvidia0
7f33a002a000-7f33a002e000 rwxs 57714000 00:05 9702                       /dev/nvidia0
7f33a004e000-7f33a0069000 rwxs 115f40000 00:05 9702                      /dev/nvidia0
7f33a0069000-7f33a006a000 r-xs 00000000 08:05 532633                     /var/cache/fontconfig/26de28bc8622bbc1fb67fd234c21975f-le64.cache-3
7f33a006a000-7f33a006b000 r-xs 00000000 08:05 554485                     /var/cache/fontconfig/c05880de57d1f5e948fdfacc138775d9-le64.cache-3
7f33a006b000-7f33a0074000 r-xs 00000000 08:05 527845                     /var/cache/fontconfig/945677eb7aeaf62f1d50efc3fb3ec7d8-le64.cache-3
7f33a0074000-7f33a0076000 r-xs 00000000 08:05 554480                     /var/cache/fontconfig/99e8ed0e538f840c565b6ed5dad60d56-le64.cache-3
7f33a0076000-7f33a0079000 r-xs 00000000 08:05 554411                     /var/cache/fontconfig/f24b2111ab8703b4e963115a8cf14259-le64.cache-3
7f33a0079000-7f33a007c000 r-xs 00000000 08:05 554479                     /var/cache/fontconfig/e383d7ea5fbe662a33d9b44caf393297-le64.cache-3
7f33a007c000-7f33a007f000 r-xs 00000000 08:05 554477                     /var/cache/fontconfig/2cd17615ca594fa2959ae173292e504c-le64.cache-3
7f33a007f000-7f33a0080000 r-xs 00000000 08:05 554471                     /var/cache/fontconfig/e7071f4a29fa870f4323321c154eba04-le64.cache-3
7f33a0080000-7f33a0084000 r-xs 00000000 08:05 554470                     /var/cache/fontconfig/6eb3985aa4124903f6ff08ba781cd364-le64.cache-3
7f33a0084000-7f33a0085000 r-xs 00000000 08:05 554466                     /var/cache/fontconfig/4c73fe0c47614734b17d736dbde7580a-le64.cache-3
7f33a0085000-7f33a0086000 r-xs 00000000 08:05 554459                     /var/cache/fontconfig/0d8c3b2ac0904cb8a57a757ad11a4a08-le64.cache-3
7f33a0086000-7f33a0087000 r-xs 00000000 08:05 554454                     /var/cache/fontconfig/6a53c69dea097a2d716e069445527da8-le64.cache-3
7f33a0087000-7f33a008c000 r-xs 00000000 08:05 554453                     /var/cache/fontconfig/062808c12e6e608270f93bb230aed730-le64.cache-3
7f33a008c000-7f33a0092000 r-xs 00000000 08:05 554429                     /var/cache/fontconfig/a755afe4a08bf5b97852ceb7400b47bc-le64.cache-3
7f33a0092000-7f33a0097000 r-xs 00000000 08:05 554452                     /var/cache/fontconfig/515ca1ebc4b18308bea979be5704f9db-le64.cache-3
7f33a0097000-7f33a00a0000 r-xs 00000000 08:05 554448                     /var/cache/fontconfig/6d41288fd70b0be22e8c3a91e032eec0-le64.cache-3
7f33a00a0000-7f33a00b0000 r-xs 00000000 08:05 554447                     /var/cache/fontconfig/0f34bcd4b6ee430af32735b75db7f02b-le64.cache-3
7f33a00b0000-7f33a00b3000 r-xs 00000000 08:05 554441                     /var/cache/fontconfig/d60319d88cac85ba9e1a07bd06cfbb8c-le64.cache-3
7f33a00b3000-7f33a00b4000 r-xs 00000000 08:05 530935                     /var/cache/fontconfig/4794a0821666d79190d59a36cb4f44b5-le64.cache-3
7f33a00b4000-7f33a00e2000 r-xs 00000000 08:05 554435                     /var/cache/fontconfig/365b55f210c0a22e9a19e35191240f32-le64.cache-3
7f33a00e2000-7f33a00ec000 r-xs 00000000 08:05 554433                     /var/cache/fontconfig/d52a8644073d54c13679302ca1180695-le64.cache-3
7f33a00ec000-7f33a00ed000 r-xs 00000000 08:05 554418                     /var/cache/fontconfig/ec648e9a1aea82bddd4bd6050028158d-le64.cache-3
7f33a00ed000-7f33a0100000 r-xs 00000000 08:05 538224                     /var/cache/fontconfig/e13b20fdb08344e0e664864cc2ede53d-le64.cache-3
7f33a0100000-7f33a0142000 r-xp 00000000 08:05 1734831                    /usr/lib/jvm/java-6-sun-1.6.0.24/jre/lib/amd64/xawt/libmawt.so
7f33a0142000-7f33a0241000 ---p 00042000 08:05 1734831                    /usr/lib/jvm/java-6-sun-1.6.0.24/jre/lib/amd64/xawt/libmawt.so
7f33a0241000-7f33a024d000 rwxp 00041000 08:05 1734831                    /usr/lib/jvm/java-6-sun-1.6.0.24/jre/lib/amd64/xawt/libmawt.so
7f33a024d000-7f33a024e000 rwxp 00000000 00:00 0 
7f33a024e000-7f33a02e0000 r-xp 00000000 08:05 1734852                    /usr/lib/jvm/java-6-sun-1.6.0.24/jre/lib/amd64/libawt.so
7f33a02e0000-7f33a03df000 ---p 00092000 08:05 1734852                    /usr/lib/jvm/java-6-sun-1.6.0.24/jre/lib/amd64/libawt.so
7f33a03df000-7f33a03f8000 rwxp 00091000 08:05 1734852                    /usr/lib/jvm/java-6-sun-1.6.0.24/jre/lib/amd64/libawt.so
7f33a03f8000-7f33a041d000 rwxp 00000000 00:00 0 
7f33a041d000-7f33a0428000 r-xs 00092000 08:05 1330406                    /home/bompo/git/mgcube/libs/gdx.jar
7f33a0428000-7f33a042f000 r-xs 00074000 08:05 1330357                    /home/bompo/git/mgcube/libs/gdx-sources.jar
7f33a042f000-7f33a0430000 r-xs 001a1000 08:05 1339854                    /home/bompo/git/mgcube/libs/gdx-natives.jar
7f33a0430000-7f33a044a000 r-xs 00206000 08:05 1339556                    /home/bompo/git/mgcube/libs/gdx-backend-jogl.jar
7f33a044a000-7f33a044b000 r-xs 00007000 08:05 1330241                    /home/bompo/git/mgcube/libs/gdx-backend-jogl-sources.jar
7f33a044b000-7f33a044c000 r-xs 00203000 08:05 1339177                    /home/bompo/git/mgcube/libs/gdx-backend-jogl-natives.jar
7f33a044c000-7f33a044f000 r-xs 0000f000 08:05 1622792                    /usr/lib/jvm/java-6-sun-1.6.0.24/jre/lib/ext/pulse-java.jar
7f33a044f000-7f33a0450000 ---p 00000000 00:00 0 
7f33a0450000-7f33a0550000 rwxp 00000000 00:00 0 
7f33a0550000-7f33a0553000 ---p 00000000 00:00 0 
7f33a0553000-7f33a0651000 rwxp 00000000 00:00 0 
7f33a0651000-7f33a0654000 ---p 00000000 00:00 0 
7f33a0654000-7f33a0752000 rwxp 00000000 00:00 0 
7f33a0752000-7f33a0755000 ---p 00000000 00:00 0 
7f33a0755000-7f33a0853000 rwxp 00000000 00:00 0 
7f33a0853000-7f33a0c5b000 r-xp 00000000 08:05 1570348                    /usr/lib/locale/locale-archive
7f33a0c5b000-7f33a0c5e000 ---p 00000000 00:00 0 
7f33a0c5e000-7f33a0d5c000 rwxp 00000000 00:00 0 
7f33a0d5c000-7f33a0d5f000 ---p 00000000 00:00 0 
7f33a0d5f000-7f33a0e5d000 rwxp 00000000 00:00 0 
7f33a0e5d000-7f33a0e5e000 ---p 00000000 00:00 0 
7f33a0e5e000-7f33a1497000 rwxp 00000000 00:00 0 
7f33a1497000-7f33a162f000 r-xs 03027000 08:05 1662454                    /usr/lib/jvm/java-6-sun-1.6.0.24/jre/lib/rt.jar
7f33a162f000-7f33a1657000 rwxp 00000000 00:00 0 
7f33a1657000-7f33a1658000 ---p 00000000 00:00 0 
7f33a1658000-7f33a1758000 rwxp 00000000 00:00 0 
7f33a1758000-7f33a1759000 ---p 00000000 00:00 0 
7f33a1759000-7f33a1859000 rwxp 00000000 00:00 0 
7f33a1859000-7f33a185a000 ---p 00000000 00:00 0 
7f33a185a000-7f33a195a000 rwxp 00000000 00:00 0 
7f33a195a000-7f33a195b000 ---p 00000000 00:00 0 
7f33a195b000-7f33a1a66000 rwxp 00000000 00:00 0 
7f33a1a66000-7f33a1a84000 rwxp 00000000 00:00 0 
7f33a1a84000-7f33a1a99000 rwxp 00000000 00:00 0 
7f33a1a99000-7f33a1bce000 rwxp 00000000 00:00 0 
7f33a1bce000-7f33a1bd9000 rwxp 00000000 00:00 0 
7f33a1bd9000-7f33a1bf7000 rwxp 00000000 00:00 0 
7f33a1bf7000-7f33a1c0c000 rwxp 00000000 00:00 0 
7f33a1c0c000-7f33a1d41000 rwxp 00000000 00:00 0 
7f33a1d41000-7f33a1d4c000 rwxp 00000000 00:00 0 
7f33a1d4c000-7f33a1de6000 rwxp 00000000 00:00 0 
7f33a1de6000-7f33a2057000 rwxp 00000000 00:00 0 
7f33a2057000-7f33a4de7000 rwxp 00000000 00:00 0 
7f33a4de7000-7f33a4df5000 r-xp 00000000 08:05 1734847                    /usr/lib/jvm/java-6-sun-1.6.0.24/jre/lib/amd64/libzip.so
7f33a4df5000-7f33a4ef7000 ---p 0000e000 08:05 1734847                    /usr/lib/jvm/java-6-sun-1.6.0.24/jre/lib/amd64/libzip.so
7f33a4ef7000-7f33a4efa000 rwxp 00010000 08:05 1734847                    /usr/lib/jvm/java-6-sun-1.6.0.24/jre/lib/amd64/libzip.so
7f33a4efa000-7f33a4efb000 rwxp 00000000 00:00 0 
7f33a4efb000-7f33a4f07000 r-xp 00000000 08:05 535712                     /lib/x86_64-linux-gnu/libnss_files-2.13.so
7f33a4f07000-7f33a5106000 ---p 0000c000 08:05 535712                     /lib/x86_64-linux-gnu/libnss_files-2.13.so
7f33a5106000-7f33a5107000 r-xp 0000b000 08:05 535712                     /lib/x86_64-linux-gnu/libnss_files-2.13.so
7f33a5107000-7f33a5108000 rwxp 0000c000 08:05 535712                     /lib/x86_64-linux-gnu/libnss_files-2.13.so
7f33a5108000-7f33a5113000 r-xp 00000000 08:05 535714                     /lib/x86_64-linux-gnu/libnss_nis-2.13.so
7f33a5113000-7f33a5312000 ---p 0000b000 08:05 535714                     /lib/x86_64-linux-gnu/libnss_nis-2.13.so
7f33a5312000-7f33a5313000 r-xp 0000a000 08:05 535714                     /lib/x86_64-linux-gnu/libnss_nis-2.13.so
7f33a5313000-7f33a5314000 rwxp 0000b000 08:05 535714                     /lib/x86_64-linux-gnu/libnss_nis-2.13.so
7f33a5314000-7f33a531c000 r-xp 00000000 08:05 535710                     /lib/x86_64-linux-gnu/libnss_compat-2.13.so
7f33a531c000-7f33a551b000 ---p 00008000 08:05 535710                     /lib/x86_64-linux-gnu/libnss_compat-2.13.so
7f33a551b000-7f33a551c000 r-xp 00007000 08:05 535710                     /lib/x86_64-linux-gnu/libnss_compat-2.13.so
7f33a551c000-7f33a551d000 rwxp 00008000 08:05 535710                     /lib/x86_64-linux-gnu/libnss_compat-2.13.so
7f33a551d000-7f33a5524000 r-xp 00000000 08:05 1734857                    /usr/lib/jvm/java-6-sun-1.6.0.24/jre/lib/amd64/native_threads/libhpi.so
7f33a5524000-7f33a5625000 ---p 00007000 08:05 1734857                    /usr/lib/jvm/java-6-sun-1.6.0.24/jre/lib/amd64/native_threads/libhpi.so
7f33a5625000-7f33a5627000 rwxp 00008000 08:05 1734857                    /usr/lib/jvm/java-6-sun-1.6.0.24/jre/lib/amd64/native_threads/libhpi.so
7f33a5627000-7f33a5628000 rwxp 00000000 00:00 0 
7f33a5628000-7f33a563f000 r-xp 00000000 08:05 535709                     /lib/x86_64-linux-gnu/libnsl-2.13.so
7f33a563f000-7f33a583e000 ---p 00017000 08:05 535709                     /lib/x86_64-linux-gnu/libnsl-2.13.so
7f33a583e000-7f33a583f000 r-xp 00016000 08:05 535709                     /lib/x86_64-linux-gnu/libnsl-2.13.so
7f33a583f000-7f33a5840000 rwxp 00017000 08:05 535709                     /lib/x86_64-linux-gnu/libnsl-2.13.so
7f33a5840000-7f33a5842000 rwxp 00000000 00:00 0 
7f33a5842000-7f33a586b000 r-xp 00000000 08:05 1734846                    /usr/lib/jvm/java-6-sun-1.6.0.24/jre/lib/amd64/libjava.so
7f33a586b000-7f33a596a000 ---p 00029000 08:05 1734846                    /usr/lib/jvm/java-6-sun-1.6.0.24/jre/lib/amd64/libjava.so
7f33a596a000-7f33a5971000 rwxp 00028000 08:05 1734846                    /usr/lib/jvm/java-6-sun-1.6.0.24/jre/lib/amd64/libjava.so
7f33a5971000-7f33a597e000 r-xp 00000000 08:05 1731420                    /usr/lib/jvm/java-6-sun-1.6.0.24/jre/lib/amd64/libverify.so
7f33a597e000-7f33a5a7d000 ---p 0000d000 08:05 1731420                    /usr/lib/jvm/java-6-sun-1.6.0.24/jre/lib/amd64/libverify.so
7f33a5a7d000-7f33a5a80000 rwxp 0000c000 08:05 1731420                    /usr/lib/jvm/java-6-sun-1.6.0.24/jre/lib/amd64/libverify.so
7f33a5a80000-7f33a5a87000 r-xp 00000000 08:05 535724                     /lib/x86_64-linux-gnu/librt-2.13.so
7f33a5a87000-7f33a5c86000 ---p 00007000 08:05 535724                     /lib/x86_64-linux-gnu/librt-2.13.so
7f33a5c86000-7f33a5c87000 r-xp 00006000 08:05 535724                     /lib/x86_64-linux-gnu/librt-2.13.so
7f33a5c87000-7f33a5c88000 rwxp 00007000 08:05 535724                     /lib/x86_64-linux-gnu/librt-2.13.so
7f33a5c88000-7f33a5c8b000 ---p 00000000 00:00 0 
7f33a5c8b000-7f33a5d89000 rwxp 00000000 00:00 0 
7f33a5d89000-7f33a5e0d000 r-xp 00000000 08:05 535703                     /lib/x86_64-linux-gnu/libm-2.13.so
7f33a5e0d000-7f33a600c000 ---p 00084000 08:05 535703                     /lib/x86_64-linux-gnu/libm-2.13.so
7f33a600c000-7f33a600d000 r-xp 00083000 08:05 535703                     /lib/x86_64-linux-gnu/libm-2.13.so
7f33a600d000-7f33a600e000 rwxp 00084000 08:05 535703                     /lib/x86_64-linux-gnu/libm-2.13.so
7f33a600e000-7f33a684c000 r-xp 00000000 08:05 1734849                    /usr/lib/jvm/java-6-sun-1.6.0.24/jre/lib/amd64/server/libjvm.so
7f33a684c000-7f33a694b000 ---p 0083e000 08:05 1734849                    /usr/lib/jvm/java-6-sun-1.6.0.24/jre/lib/amd64/server/libjvm.so
7f33a694b000-7f33a6adf000 rwxp 0083d000 08:05 1734849                    /usr/lib/jvm/java-6-sun-1.6.0.24/jre/lib/amd64/server/libjvm.so
7f33a6adf000-7f33a6b18000 rwxp 00000000 00:00 0 
7f33a6b18000-7f33a6ca2000 r-xp 00000000 08:05 535697                     /lib/x86_64-linux-gnu/libc-2.13.so
7f33a6ca2000-7f33a6ea1000 ---p 0018a000 08:05 535697                     /lib/x86_64-linux-gnu/libc-2.13.so
7f33a6ea1000-7f33a6ea5000 r-xp 00189000 08:05 535697                     /lib/x86_64-linux-gnu/libc-2.13.so
7f33a6ea5000-7f33a6ea6000 rwxp 0018d000 08:05 535697                     /lib/x86_64-linux-gnu/libc-2.13.so
7f33a6ea6000-7f33a6eac000 rwxp 00000000 00:00 0 
7f33a6eac000-7f33a6eae000 r-xp 00000000 08:05 535702                     /lib/x86_64-linux-gnu/libdl-2.13.so
7f33a6eae000-7f33a70ae000 ---p 00002000 08:05 535702                     /lib/x86_64-linux-gnu/libdl-2.13.so
7f33a70ae000-7f33a70af000 r-xp 00002000 08:05 535702                     /lib/x86_64-linux-gnu/libdl-2.13.so
7f33a70af000-7f33a70b0000 rwxp 00003000 08:05 535702                     /lib/x86_64-linux-gnu/libdl-2.13.so
7f33a70b0000-7f33a70c8000 r-xp 00000000 08:05 535718                     /lib/x86_64-linux-gnu/libpthread-2.13.so
7f33a70c8000-7f33a72c8000 ---p 00018000 08:05 535718                     /lib/x86_64-linux-gnu/libpthread-2.13.so
7f33a72c8000-7f33a72c9000 r-xp 00018000 08:05 535718                     /lib/x86_64-linux-gnu/libpthread-2.13.so
7f33a72c9000-7f33a72ca000 rwxp 00019000 08:05 535718                     /lib/x86_64-linux-gnu/libpthread-2.13.so
7f33a72ca000-7f33a72ce000 rwxp 00000000 00:00 0 
7f33a72ce000-7f33a72ef000 r-xp 00000000 08:05 535673                     /lib/x86_64-linux-gnu/ld-2.13.so
7f33a72f0000-7f33a72f1000 rwxs d0008000 00:05 9702                       /dev/nvidia0
7f33a72f1000-7f33a72fb000 rwxp 00000000 00:00 0 
7f33a72fb000-7f33a73b1000 rwxp 00000000 00:00 0 
7f33a73b1000-7f33a73b4000 rwxp 00000000 00:00 0 
7f33a73b4000-7f33a73bb000 r-xp 00000000 08:05 1731410                    /usr/lib/jvm/java-6-sun-1.6.0.24/jre/lib/amd64/jli/libjli.so
7f33a73bb000-7f33a74bc000 ---p 00007000 08:05 1731410                    /usr/lib/jvm/java-6-sun-1.6.0.24/jre/lib/amd64/jli/libjli.so
7f33a74bc000-7f33a74be000 rwxp 00008000 08:05 1731410                    /usr/lib/jvm/java-6-sun-1.6.0.24/jre/lib/amd64/jli/libjli.so
7f33a74be000-7f33a74bf000 rwxp 00000000 00:00 0 
7f33a74bf000-7f33a74c0000 rwxs 58746000 00:05 9702                       /dev/nvidia0
7f33a74c0000-7f33a74c4000 rwxs b5e56000 00:05 9702                       /dev/nvidia0
7f33a74c4000-7f33a74c5000 rwxs fbc0a000 00:05 9702                       /dev/nvidia0
7f33a74c5000-7f33a74c6000 rwxs fb641000 00:05 9702                       /dev/nvidia0
7f33a74c6000-7f33a74c7000 rwxs 115cf6000 00:05 9702                      /dev/nvidia0
7f33a74c7000-7f33a74c8000 rwxs 586ea000 00:05 9702                       /dev/nvidia0
7f33a74c8000-7f33a74c9000 rwxs fb060000 00:05 9702                       /dev/nvidia0
7f33a74c9000-7f33a74cd000 r-xs 00000000 08:05 538228                     /var/cache/fontconfig/7ef2298fde41cc6eeb7af42e48b7d293-le64.cache-3
7f33a74cd000-7f33a74e1000 r-xs 00000000 08:05 527842                     /var/cache/fontconfig/865f88548240fee46819705c6468c165-le64.cache-3
7f33a74e1000-7f33a74e2000 r-xs 00000000 08:05 1340105                    /home/bompo/.fontconfig/aa7e4f27e681240d22a1f116cf7520f0-le64.cache-3
7f33a74e2000-7f33a74ea000 rwxs 00000000 08:05 528540                     /tmp/hsperfdata_bompo/10392
7f33a74ea000-7f33a74eb000 rwxp 00000000 00:00 0 
7f33a74eb000-7f33a74ec000 r-xp 00000000 00:00 0 
7f33a74ec000-7f33a74ee000 rwxp 00000000 00:00 0 
7f33a74ee000-7f33a74ef000 r-xp 00020000 08:05 535673                     /lib/x86_64-linux-gnu/ld-2.13.so
7f33a74ef000-7f33a74f1000 rwxp 00021000 08:05 535673                     /lib/x86_64-linux-gnu/ld-2.13.so
7fffda668000-7fffda689000 rwxp 00000000 00:00 0                          [stack]
7fffda7ff000-7fffda800000 r-xp 00000000 00:00 0                          [vdso]
ffffffffff600000-ffffffffff601000 r-xp 00000000 00:00 0                  [vsyscall]

VM Arguments:
jvm_args: -Dfile.encoding=UTF-8 
java_command: de.swagner.mgcube.DesktopStarter
Launcher Type: SUN_STANDARD

Environment Variables:
PATH=/usr/local/sbin:/usr/local/bin:/usr/sbin:/usr/bin:/sbin:/bin:/usr/games
USERNAME=bompo
LD_LIBRARY_PATH=/usr/lib/jvm/java-6-sun-1.6.0.24/jre/lib/amd64/server:/usr/lib/jvm/java-6-sun-1.6.0.24/jre/lib/amd64:/usr/lib/jvm/java-6-sun-1.6.0.24/jre/../lib/amd64:/usr/lib/jvm/java-6-openjdk/jre/lib/amd64/server:/usr/lib/jvm/java-6-openjdk/jre/lib/amd64:/usr/lib/jvm/java-6-openjdk/jre/../lib/amd64:/usr/lib64/xulrunner-addons
SHELL=/bin/bash
DISPLAY=:0.0

Signal Handlers:
SIGSEGV: [libjvm.so+0x791b30], sa_mask[0]=0x7ffbfeff, sa_flags=0x10000004
SIGBUS: [libjvm.so+0x791b30], sa_mask[0]=0x7ffbfeff, sa_flags=0x10000004
SIGFPE: [libjvm.so+0x640ba0], sa_mask[0]=0x7ffbfeff, sa_flags=0x10000004
SIGPIPE: [libjvm.so+0x640ba0], sa_mask[0]=0x7ffbfeff, sa_flags=0x10000004
SIGXFSZ: [libjvm.so+0x640ba0], sa_mask[0]=0x7ffbfeff, sa_flags=0x10000004
SIGILL: [libjvm.so+0x640ba0], sa_mask[0]=0x7ffbfeff, sa_flags=0x10000004
SIGUSR1: SIG_DFL, sa_mask[0]=0x00000000, sa_flags=0x00000000
SIGUSR2: [libjvm.so+0x643780], sa_mask[0]=0x00000004, sa_flags=0x10000004
SIGHUP: [libjvm.so+0x643380], sa_mask[0]=0x7ffbfeff, sa_flags=0x10000004
SIGINT: [libjvm.so+0x643380], sa_mask[0]=0x7ffbfeff, sa_flags=0x10000004
SIGTERM: [libjvm.so+0x643380], sa_mask[0]=0x7ffbfeff, sa_flags=0x10000004
SIGQUIT: [libjvm.so+0x643380], sa_mask[0]=0x7ffbfeff, sa_flags=0x10000004


---------------  S Y S T E M  ---------------

OS:squeeze/sid

uname:Linux 2.6.38-10-generic #44-Ubuntu SMP Thu Jun 2 21:32:22 UTC 2011 x86_64
libc:glibc 2.13 NPTL 2.13 
rlimit: STACK 8192k, CORE 0k, NPROC infinity, NOFILE 4096, AS infinity
load average:0.25 0.16 0.14

/proc/meminfo:
MemTotal:        4047872 kB
MemFree:          811172 kB
Buffers:          299844 kB
Cached:           984592 kB
SwapCached:            0 kB
Active:          2011472 kB
Inactive:         774204 kB
Active(anon):    1502064 kB
Inactive(anon):     6748 kB
Active(file):     509408 kB
Inactive(file):   767456 kB
Unevictable:         132 kB
Mlocked:             132 kB
SwapTotal:      19529724 kB
SwapFree:       19529724 kB
Dirty:              4176 kB
Writeback:             0 kB
AnonPages:       1501740 kB
Mapped:           206268 kB
Shmem:              7528 kB
Slab:             243028 kB
SReclaimable:     212992 kB
SUnreclaim:        30036 kB
KernelStack:        5352 kB
PageTables:        36600 kB
NFS_Unstable:          0 kB
Bounce:                0 kB
WritebackTmp:          0 kB
CommitLimit:    21553660 kB
Committed_AS:    5502224 kB
VmallocTotal:   34359738367 kB
VmallocUsed:      341768 kB
VmallocChunk:   34359382740 kB
HardwareCorrupted:     0 kB
HugePages_Total:       0
HugePages_Free:        0
HugePages_Rsvd:        0
HugePages_Surp:        0
Hugepagesize:       2048 kB
DirectMap4k:      157120 kB
DirectMap2M:     4028416 kB


CPU:total 4 (4 cores per cpu, 1 threads per core) family 6 model 30 stepping 5, cmov, cx8, fxsr, mmx, sse, sse2, sse3, ssse3, sse4.1, sse4.2, popcnt

Memory: 4k page, physical 4047872k(811172k free), swap 19529724k(19529724k free)

vm_info: Java HotSpot(TM) 64-Bit Server VM (19.1-b02) for linux-amd64 JRE (1.6.0_24-b07), built on Feb  2 2011 16:55:54 by "java_re" with gcc 3.2.2 (SuSE Linux)

time: Sat Jul  2 14:42:40 2011
elapsed time: 18 seconds

