#
# A fatal error has been detected by the Java Runtime Environment:
#
#  SIGSEGV (0xb) at pc=0x0000000000019b7e, pid=7749, tid=140442277627648
#
# JRE version: 6.0_24-b07
# Java VM: Java HotSpot(TM) 64-Bit Server VM (19.1-b02 mixed mode linux-amd64 compressed oops)
# Problematic frame:
# C  0x0000000000019b7e
#
# If you would like to submit a bug report, please visit:
#   http://java.sun.com/webapps/bugreport/crash.jsp
# The crash happened outside the Java Virtual Machine in native code.
# See problematic frame for where to report the bug.
#

---------------  T H R E A D  ---------------

Current thread (0x00007fbb40137800):  JavaThread "AWT-EventQueue-0" [_thread_in_native, id=7770, stack(0x00007fbb4401c000,0x00007fbb4411d000)]

siginfo:si_signo=SIGSEGV: si_errno=0, si_code=1 (SEGV_MAPERR), si_addr=0x0000000000019b7e

Registers:
RAX=0x00000000ebac8890, RBX=0x00007fbb401379c8, RCX=0x0000000040c23210, RDX=0x0000000000000040
RSP=0x00007fbb4411a858, RBP=0x00007fbb4411a8a0, RSI=0x00000000ebac8890, RDI=0x0000000040f77000
R8 =0x00007fbb4c8a11a8, R9 =0x00007fbb4c8a4f78, R10=0x0000000040c235f8, R11=0x0000000040c23258
R12=0x00000000ebac8890, R13=0x0000000000000040, R14=0x0000000040f77000, R15=0x0000000000000000
RIP=0x0000000000019b7e, EFL=0x0000000000010206, CSGSFS=0x0000000000000033, ERR=0x0000000000000014
  TRAPNO=0x000000000000000e

Register to memory mapping:

RAX=0x00000000ebac8890

[error occurred during error reporting (printing registers, top of stack, instructions near pc), id 0xe0000000]

Stack: [0x00007fbb4401c000,0x00007fbb4411d000],  sp=0x00007fbb4411a858,  free space=1018k
Native frames: (J=compiled Java code, j=interpreted, Vv=VM code, C=native code)
C  0x0000000000019b7e

Java frames: (J=compiled Java code, j=interpreted, Vv=VM code)
J  com.badlogic.gdx.utils.BufferUtils.copyJni([FLjava/nio/Buffer;II)V
J  com.badlogic.gdx.graphics.glutils.ShaderProgram.setUniformMatrix(Ljava/lang/String;Lcom/badlogic/gdx/math/Matrix4;)V
J  de.swagner.mgcube.MainMenuScreen.renderScene()V
j  de.swagner.mgcube.MainMenuScreen.render(F)V+153
j  com.badlogic.gdx.Game.render()V+19
j  com.badlogic.gdx.backends.jogl.JoglGraphics.display(Ljavax/media/opengl/GLAutoDrawable;)V+114
j  com.sun.opengl.impl.GLDrawableHelper.display(Ljavax/media/opengl/GLAutoDrawable;)V+29
j  javax.media.opengl.GLCanvas$DisplayAction.run()V+80
j  com.sun.opengl.impl.GLDrawableHelper.invokeGL(Ljavax/media/opengl/GLDrawable;Ljavax/media/opengl/GLContext;Ljava/lang/Runnable;Ljava/lang/Runnable;)V+418
j  javax.media.opengl.GLCanvas$DisplayOnEventDispatchThreadAction.run()V+35
j  java.awt.event.InvocationEvent.dispatch()V+11
j  java.awt.EventQueue.dispatchEventImpl(Ljava/awt/AWTEvent;Ljava/lang/Object;)V+21
j  java.awt.EventQueue.access$000(Ljava/awt/EventQueue;Ljava/awt/AWTEvent;Ljava/lang/Object;)V+3
j  java.awt.EventQueue$1.run()Ljava/lang/Void;+12
j  java.awt.EventQueue$1.run()Ljava/lang/Object;+1
v  ~StubRoutines::call_stub
j  java.security.AccessController.doPrivileged(Ljava/security/PrivilegedAction;Ljava/security/AccessControlContext;)Ljava/lang/Object;+0
j  java.security.AccessControlContext$1.doIntersectionPrivilege(Ljava/security/PrivilegedAction;Ljava/security/AccessControlContext;Ljava/security/AccessControlContext;)Ljava/lang/Object;+28
j  java.awt.EventQueue.dispatchEvent(Ljava/awt/AWTEvent;)V+46
j  java.awt.EventDispatchThread.pumpOneEventForFilters(I)Z+204
j  java.awt.EventDispatchThread.pumpEventsForFilter(ILjava/awt/Conditional;Ljava/awt/EventFilter;)V+30
j  java.awt.EventDispatchThread.pumpEventsForHierarchy(ILjava/awt/Conditional;Ljava/awt/Component;)V+11
j  java.awt.EventDispatchThread.pumpEvents(ILjava/awt/Conditional;)V+4
j  java.awt.EventDispatchThread.pumpEvents(Ljava/awt/Conditional;)V+3
j  java.awt.EventDispatchThread.run()V+9
v  ~StubRoutines::call_stub

---------------  P R O C E S S  ---------------

Java Threads: ( => current thread )
  0x00007fbb401e1000 JavaThread "DestroyJavaVM" [_thread_blocked, id=7754, stack(0x00007fbb4bb6a000,0x00007fbb4bc6b000)]
  0x00007fbb401e0000 JavaThread "Thread-1" [_thread_blocked, id=7774, stack(0x00007fbb35970000,0x00007fbb35a71000)]
=>0x00007fbb40137800 JavaThread "AWT-EventQueue-0" [_thread_in_native, id=7770, stack(0x00007fbb4401c000,0x00007fbb4411d000)]
  0x00007fbb40136800 JavaThread "AWT-Shutdown" [_thread_blocked, id=7769, stack(0x00007fbb4411d000,0x00007fbb4421e000)]
  0x00007fbb40135800 JavaThread "AWT-XAWT" daemon [_thread_blocked, id=7768, stack(0x00007fbb4421e000,0x00007fbb4431f000)]
  0x00007fbb400b1000 JavaThread "Java2D Disposer" daemon [_thread_blocked, id=7767, stack(0x00007fbb44c8e000,0x00007fbb44d8f000)]
  0x00007fbb40006800 JavaThread "Low Memory Detector" daemon [_thread_blocked, id=7765, stack(0x00007fbb46331000,0x00007fbb46432000)]
  0x00007fbb40004000 JavaThread "CompilerThread1" daemon [_thread_blocked, id=7764, stack(0x00007fbb46432000,0x00007fbb46533000)]
  0x00007fbb40001000 JavaThread "CompilerThread0" daemon [_thread_blocked, id=7763, stack(0x00007fbb46533000,0x00007fbb46634000)]
  0x0000000040be2800 JavaThread "Signal Dispatcher" daemon [_thread_blocked, id=7762, stack(0x00007fbb46634000,0x00007fbb46735000)]
  0x0000000040bc6000 JavaThread "Finalizer" daemon [_thread_blocked, id=7761, stack(0x00007fbb46b3d000,0x00007fbb46c3e000)]
  0x0000000040bbe800 JavaThread "Reference Handler" daemon [_thread_blocked, id=7760, stack(0x00007fbb46c3e000,0x00007fbb46d3f000)]

Other Threads:
  0x0000000040bb7800 VMThread [stack: 0x00007fbb46d3f000,0x00007fbb46e40000] [id=7759]
  0x00007fbb40019800 WatcherThread [stack: 0x00007fbb46230000,0x00007fbb46331000] [id=7766]

VM state:not at safepoint (normal execution)

VM Mutex/Monitor currently owned by a thread: None

Heap
 PSYoungGen      total 18432K, used 10166K [0x00000000eb600000, 0x00000000eca90000, 0x0000000100000000)
  eden space 15808K, 50% used [0x00000000eb600000,0x00000000ebdb84e8,0x00000000ec570000)
  from space 2624K, 86% used [0x00000000ec570000,0x00000000ec7a55d0,0x00000000ec800000)
  to   space 2624K, 0% used [0x00000000ec800000,0x00000000ec800000,0x00000000eca90000)
 PSOldGen        total 42240K, used 0K [0x00000000c2200000, 0x00000000c4b40000, 0x00000000eb600000)
  object space 42240K, 0% used [0x00000000c2200000,0x00000000c2200000,0x00000000c4b40000)
 PSPermGen       total 21248K, used 16647K [0x00000000bd000000, 0x00000000be4c0000, 0x00000000c2200000)
  object space 21248K, 78% used [0x00000000bd000000,0x00000000be041e00,0x00000000be4c0000)

Dynamic libraries:
40000000-40009000 r-xp 00000000 08:05 1662394                            /usr/lib/jvm/java-6-sun-1.6.0.24/jre/bin/java
40108000-4010a000 rwxp 00008000 08:05 1662394                            /usr/lib/jvm/java-6-sun-1.6.0.24/jre/bin/java
40b51000-41241000 rwxp 00000000 00:00 0                                  [heap]
4157b000-4157d000 r-xs 00000000 08:05 525601                             /tmp/glnMix1r (deleted)
bd000000-be4c0000 rwxp 00000000 00:00 0 
be4c0000-c2200000 rwxp 00000000 00:00 0 
c2200000-c4b40000 rwxp 00000000 00:00 0 
c4b40000-eb600000 rwxp 00000000 00:00 0 
eb600000-eca90000 rwxp 00000000 00:00 0 
eca90000-100000000 rwxp 00000000 00:00 0 
7fbb34fec000-7fbb3506c000 rwxs 428b7000 00:05 7122                       /dev/nvidia0
7fbb3506c000-7fbb3566c000 rwxp 00000000 00:00 0 
7fbb3566c000-7fbb3586c000 rwxs 428f0000 00:05 7122                       /dev/nvidia0
7fbb3586c000-7fbb35870000 rwxs 37842000 00:05 7122                       /dev/nvidia0
7fbb35870000-7fbb35970000 rwxs 42a3a000 00:05 7122                       /dev/nvidia0
7fbb35970000-7fbb35973000 ---p 00000000 00:00 0 
7fbb35973000-7fbb35a71000 rwxp 00000000 00:00 0 
7fbb35a71000-7fbb35a72000 ---p 00000000 00:00 0 
7fbb35a72000-7fbb36272000 rwxp 00000000 00:00 0 
7fbb36272000-7fbb3a273000 rwxs 00000000 00:10 105253                     /dev/shm/pulse-shm-2210140297
7fbb3a273000-7fbb3a274000 ---p 00000000 00:00 0 
7fbb3a274000-7fbb3aa74000 rwxp 00000000 00:00 0 
7fbb3aa74000-7fbb3aa7a000 r-xp 00000000 08:05 1573092                    /usr/lib/libogg.so.0.7.0
7fbb3aa7a000-7fbb3ac79000 ---p 00006000 08:05 1573092                    /usr/lib/libogg.so.0.7.0
7fbb3ac79000-7fbb3ac7a000 r-xp 00005000 08:05 1573092                    /usr/lib/libogg.so.0.7.0
7fbb3ac7a000-7fbb3ac7b000 rwxp 00006000 08:05 1573092                    /usr/lib/libogg.so.0.7.0
7fbb3ac7b000-7fbb3aca6000 r-xp 00000000 08:05 1582648                    /usr/lib/libvorbis.so.0.4.5
7fbb3aca6000-7fbb3aea5000 ---p 0002b000 08:05 1582648                    /usr/lib/libvorbis.so.0.4.5
7fbb3aea5000-7fbb3aea6000 r-xp 0002a000 08:05 1582648                    /usr/lib/libvorbis.so.0.4.5
7fbb3aea6000-7fbb3aea7000 rwxp 0002b000 08:05 1582648                    /usr/lib/libvorbis.so.0.4.5
7fbb3aea7000-7fbb3b15a000 r-xp 00000000 08:05 1573212                    /usr/lib/libvorbisenc.so.2.0.8
7fbb3b15a000-7fbb3b359000 ---p 002b3000 08:05 1573212                    /usr/lib/libvorbisenc.so.2.0.8
7fbb3b359000-7fbb3b375000 r-xp 002b2000 08:05 1573212                    /usr/lib/libvorbisenc.so.2.0.8
7fbb3b375000-7fbb3b376000 rwxp 002ce000 08:05 1573212                    /usr/lib/libvorbisenc.so.2.0.8
7fbb3b376000-7fbb3b3be000 r-xp 00000000 08:05 1570101                    /usr/lib/libFLAC.so.8.2.0
7fbb3b3be000-7fbb3b5be000 ---p 00048000 08:05 1570101                    /usr/lib/libFLAC.so.8.2.0
7fbb3b5be000-7fbb3b5bf000 r-xp 00048000 08:05 1570101                    /usr/lib/libFLAC.so.8.2.0
7fbb3b5bf000-7fbb3b5c0000 rwxp 00049000 08:05 1570101                    /usr/lib/libFLAC.so.8.2.0
7fbb3b5c0000-7fbb3b621000 r-xp 00000000 08:05 1570821                    /usr/lib/libsndfile.so.1.0.23
7fbb3b621000-7fbb3b821000 ---p 00061000 08:05 1570821                    /usr/lib/libsndfile.so.1.0.23
7fbb3b821000-7fbb3b823000 r-xp 00061000 08:05 1570821                    /usr/lib/libsndfile.so.1.0.23
7fbb3b823000-7fbb3b824000 rwxp 00063000 08:05 1570821                    /usr/lib/libsndfile.so.1.0.23
7fbb3b824000-7fbb3b828000 rwxp 00000000 00:00 0 
7fbb3b828000-7fbb3b830000 r-xp 00000000 08:05 538930                     /lib/libwrap.so.0.7.6
7fbb3b830000-7fbb3ba30000 ---p 00008000 08:05 538930                     /lib/libwrap.so.0.7.6
7fbb3ba30000-7fbb3ba31000 r-xp 00008000 08:05 538930                     /lib/libwrap.so.0.7.6
7fbb3ba31000-7fbb3ba32000 rwxp 00009000 08:05 538930                     /lib/libwrap.so.0.7.6
7fbb3ba32000-7fbb3ba33000 rwxp 00000000 00:00 0 
7fbb3ba33000-7fbb3ba37000 r-xp 00000000 08:05 534738                     /lib/x86_64-linux-gnu/libuuid.so.1.3.0
7fbb3ba37000-7fbb3bc36000 ---p 00004000 08:05 534738                     /lib/x86_64-linux-gnu/libuuid.so.1.3.0
7fbb3bc36000-7fbb3bc37000 r-xp 00003000 08:05 534738                     /lib/x86_64-linux-gnu/libuuid.so.1.3.0
7fbb3bc37000-7fbb3bc38000 rwxp 00004000 08:05 534738                     /lib/x86_64-linux-gnu/libuuid.so.1.3.0
7fbb3bc38000-7fbb3bc7a000 r-xp 00000000 08:05 525819                     /lib/x86_64-linux-gnu/libdbus-1.so.3.5.4
7fbb3bc7a000-7fbb3be7a000 ---p 00042000 08:05 525819                     /lib/x86_64-linux-gnu/libdbus-1.so.3.5.4
7fbb3be7a000-7fbb3be7b000 r-xp 00042000 08:05 525819                     /lib/x86_64-linux-gnu/libdbus-1.so.3.5.4
7fbb3be7b000-7fbb3be7c000 rwxp 00043000 08:05 525819                     /lib/x86_64-linux-gnu/libdbus-1.so.3.5.4
7fbb3be7c000-7fbb3bec7000 r-xp 00000000 08:05 1580900                    /usr/lib/libpulsecommon-0.9.22.so
7fbb3bec7000-7fbb3c0c6000 ---p 0004b000 08:05 1580900                    /usr/lib/libpulsecommon-0.9.22.so
7fbb3c0c6000-7fbb3c0c7000 r-xp 0004a000 08:05 1580900                    /usr/lib/libpulsecommon-0.9.22.so
7fbb3c0c7000-7fbb3c0c8000 rwxp 0004b000 08:05 1580900                    /usr/lib/libpulsecommon-0.9.22.so
7fbb3c0c8000-7fbb3c0cb000 r-xp 00000000 08:05 1573582                    /usr/lib/libxcb-atom.so.1.0.0
7fbb3c0cb000-7fbb3c2cb000 ---p 00003000 08:05 1573582                    /usr/lib/libxcb-atom.so.1.0.0
7fbb3c2cb000-7fbb3c2cc000 r-xp 00003000 08:05 1573582                    /usr/lib/libxcb-atom.so.1.0.0
7fbb3c2cc000-7fbb3c2cd000 rwxp 00004000 08:05 1573582                    /usr/lib/libxcb-atom.so.1.0.0
7fbb3c2cd000-7fbb3c2d4000 r-xp 00000000 08:05 1578963                    /usr/lib/x86_64-linux-gnu/libSM.so.6.0.1
7fbb3c2d4000-7fbb3c4d3000 ---p 00007000 08:05 1578963                    /usr/lib/x86_64-linux-gnu/libSM.so.6.0.1
7fbb3c4d3000-7fbb3c4d4000 r-xp 00006000 08:05 1578963                    /usr/lib/x86_64-linux-gnu/libSM.so.6.0.1
7fbb3c4d4000-7fbb3c4d5000 rwxp 00007000 08:05 1578963                    /usr/lib/x86_64-linux-gnu/libSM.so.6.0.1
7fbb3c4d5000-7fbb3c4eb000 r-xp 00000000 08:05 1571606                    /usr/lib/x86_64-linux-gnu/libICE.so.6.3.0
7fbb3c4eb000-7fbb3c6eb000 ---p 00016000 08:05 1571606                    /usr/lib/x86_64-linux-gnu/libICE.so.6.3.0
7fbb3c6eb000-7fbb3c6ec000 r-xp 00016000 08:05 1571606                    /usr/lib/x86_64-linux-gnu/libICE.so.6.3.0
7fbb3c6ec000-7fbb3c6ed000 rwxp 00017000 08:05 1571606                    /usr/lib/x86_64-linux-gnu/libICE.so.6.3.0
7fbb3c6ed000-7fbb3c6f0000 rwxp 00000000 00:00 0 
7fbb3c6f0000-7fbb3c6f1000 r-xp 00000000 08:05 1570508                    /usr/lib/x86_64-linux-gnu/libX11-xcb.so.1.0.0
7fbb3c6f1000-7fbb3c8f0000 ---p 00001000 08:05 1570508                    /usr/lib/x86_64-linux-gnu/libX11-xcb.so.1.0.0
7fbb3c8f0000-7fbb3c8f1000 r-xp 00000000 08:05 1570508                    /usr/lib/x86_64-linux-gnu/libX11-xcb.so.1.0.0
7fbb3c8f1000-7fbb3c8f2000 rwxp 00001000 08:05 1570508                    /usr/lib/x86_64-linux-gnu/libX11-xcb.so.1.0.0
7fbb3c8f2000-7fbb3c932000 r-xp 00000000 08:05 1573921                    /usr/lib/libpulse.so.0.12.3
7fbb3c932000-7fbb3cb31000 ---p 00040000 08:05 1573921                    /usr/lib/libpulse.so.0.12.3
7fbb3cb31000-7fbb3cb32000 r-xp 0003f000 08:05 1573921                    /usr/lib/libpulse.so.0.12.3
7fbb3cb32000-7fbb3cb33000 rwxp 00040000 08:05 1573921                    /usr/lib/libpulse.so.0.12.3
7fbb3cb33000-7fbb3cb7f000 r-xp 00000000 08:05 524710                     /tmp/libgdx/2370704169/libopenal64.so
7fbb3cb7f000-7fbb3cd7e000 ---p 0004c000 08:05 524710                     /tmp/libgdx/2370704169/libopenal64.so
7fbb3cd7e000-7fbb3cd80000 r-xp 0004b000 08:05 524710                     /tmp/libgdx/2370704169/libopenal64.so
7fbb3cd80000-7fbb3cd81000 rwxp 0004d000 08:05 524710                     /tmp/libgdx/2370704169/libopenal64.so
7fbb3cd81000-7fbb3cd82000 rwxp 00000000 00:00 0 
7fbb3cd82000-7fbb3cdfb000 r-xp 00000000 08:05 524745                     /tmp/libgdx/2370704169/liblwjgl64.so
7fbb3cdfb000-7fbb3cffb000 ---p 00079000 08:05 524745                     /tmp/libgdx/2370704169/liblwjgl64.so
7fbb3cffb000-7fbb3cffd000 r-xp 00079000 08:05 524745                     /tmp/libgdx/2370704169/liblwjgl64.so
7fbb3cffd000-7fbb3cffe000 rwxp 0007b000 08:05 524745                     /tmp/libgdx/2370704169/liblwjgl64.so
7fbb3cffe000-7fbb3d0ed000 r-xp 00000000 08:05 524709                     /tmp/libgdx/2370704169/libjogl-linux64.so
7fbb3d0ed000-7fbb3d1ed000 ---p 000ef000 08:05 524709                     /tmp/libgdx/2370704169/libjogl-linux64.so
7fbb3d1ed000-7fbb3d1ee000 rwxp 000ef000 08:05 524709                     /tmp/libgdx/2370704169/libjogl-linux64.so
7fbb3d1ee000-7fbb3e63c000 r-xp 00000000 08:05 723                        /usr/lib/nvidia-current/libnvidia-glcore.so.270.41.19
7fbb3e63c000-7fbb3e83c000 ---p 0144e000 08:05 723                        /usr/lib/nvidia-current/libnvidia-glcore.so.270.41.19
7fbb3e83c000-7fbb3ee24000 rwxp 0144e000 08:05 723                        /usr/lib/nvidia-current/libnvidia-glcore.so.270.41.19
7fbb3ee24000-7fbb3ee3b000 rwxp 00000000 00:00 0 
7fbb3ee3b000-7fbb3ee3c000 r-xp 00000000 08:05 716                        /usr/lib/nvidia-current/tls/libnvidia-tls.so.270.41.19
7fbb3ee3c000-7fbb3f03c000 ---p 00001000 08:05 716                        /usr/lib/nvidia-current/tls/libnvidia-tls.so.270.41.19
7fbb3f03c000-7fbb3f03d000 rwxp 00001000 08:05 716                        /usr/lib/nvidia-current/tls/libnvidia-tls.so.270.41.19
7fbb3f03d000-7fbb3f03e000 r-xp 00000000 08:05 1734853                    /usr/lib/jvm/java-6-sun-1.6.0.24/jre/lib/amd64/libjawt.so
7fbb3f03e000-7fbb3f13d000 ---p 00001000 08:05 1734853                    /usr/lib/jvm/java-6-sun-1.6.0.24/jre/lib/amd64/libjawt.so
7fbb3f13d000-7fbb3f13e000 rwxp 00000000 08:05 1734853                    /usr/lib/jvm/java-6-sun-1.6.0.24/jre/lib/amd64/libjawt.so
7fbb3f13e000-7fbb3f143000 r-xp 00000000 08:05 1581972                    /usr/lib/x86_64-linux-gnu/libXxf86vm.so.1.0.0
7fbb3f143000-7fbb3f342000 ---p 00005000 08:05 1581972                    /usr/lib/x86_64-linux-gnu/libXxf86vm.so.1.0.0
7fbb3f342000-7fbb3f343000 r-xp 00004000 08:05 1581972                    /usr/lib/x86_64-linux-gnu/libXxf86vm.so.1.0.0
7fbb3f343000-7fbb3f344000 rwxp 00005000 08:05 1581972                    /usr/lib/x86_64-linux-gnu/libXxf86vm.so.1.0.0
7fbb3f344000-7fbb3f401000 r-xp 00000000 08:05 928                        /usr/lib/nvidia-current/libGL.so.270.41.19
7fbb3f401000-7fbb3f601000 ---p 000bd000 08:05 928                        /usr/lib/nvidia-current/libGL.so.270.41.19
7fbb3f601000-7fbb3f63a000 rwxp 000bd000 08:05 928                        /usr/lib/nvidia-current/libGL.so.270.41.19
7fbb3f63a000-7fbb3f650000 rwxp 00000000 00:00 0 
7fbb3f650000-7fbb3f652000 r-xp 00000000 08:05 524696                     /tmp/libgdx/2370704169/libjogl_awt-linux64.so
7fbb3f652000-7fbb3f751000 ---p 00002000 08:05 524696                     /tmp/libgdx/2370704169/libjogl_awt-linux64.so
7fbb3f751000-7fbb3f752000 rwxp 00001000 08:05 524696                     /tmp/libgdx/2370704169/libjogl_awt-linux64.so
7fbb3f752000-7fbb3f753000 r-xp 00000000 08:05 524693                     /tmp/libgdx/2370704169/libgluegen-rt-linux64.so
7fbb3f753000-7fbb3f852000 ---p 00001000 08:05 524693                     /tmp/libgdx/2370704169/libgluegen-rt-linux64.so
7fbb3f852000-7fbb3f853000 rwxp 00000000 08:05 524693                     /tmp/libgdx/2370704169/libgluegen-rt-linux64.so
7fbb3f853000-7fbb3f868000 r-xp 00000000 08:05 528127                     /lib/x86_64-linux-gnu/libgcc_s.so.1
7fbb3f868000-7fbb3fa67000 ---p 00015000 08:05 528127                     /lib/x86_64-linux-gnu/libgcc_s.so.1
7fbb3fa67000-7fbb3fa68000 r-xp 00014000 08:05 528127                     /lib/x86_64-linux-gnu/libgcc_s.so.1
7fbb3fa68000-7fbb3fa69000 rwxp 00015000 08:05 528127                     /lib/x86_64-linux-gnu/libgcc_s.so.1
7fbb3fa69000-7fbb3fb51000 r-xp 00000000 08:05 1571250                    /usr/lib/x86_64-linux-gnu/libstdc++.so.6.0.14
7fbb3fb51000-7fbb3fd50000 ---p 000e8000 08:05 1571250                    /usr/lib/x86_64-linux-gnu/libstdc++.so.6.0.14
7fbb3fd50000-7fbb3fd58000 r-xp 000e7000 08:05 1571250                    /usr/lib/x86_64-linux-gnu/libstdc++.so.6.0.14
7fbb3fd58000-7fbb3fd5a000 rwxp 000ef000 08:05 1571250                    /usr/lib/x86_64-linux-gnu/libstdc++.so.6.0.14
7fbb3fd5a000-7fbb3fd6f000 rwxp 00000000 00:00 0 
7fbb3fd6f000-7fbb3fdfb000 r-xp 00000000 08:05 524682                     /tmp/libgdx/2370704169/libgdx-64.so
7fbb3fdfb000-7fbb3fffb000 ---p 0008c000 08:05 524682                     /tmp/libgdx/2370704169/libgdx-64.so
7fbb3fffb000-7fbb3fffc000 r-xp 0008c000 08:05 524682                     /tmp/libgdx/2370704169/libgdx-64.so
7fbb3fffc000-7fbb3fffd000 rwxp 0008d000 08:05 524682                     /tmp/libgdx/2370704169/libgdx-64.so
7fbb3fffd000-7fbb40000000 rwxp 00000000 00:00 0 
7fbb40000000-7fbb4135f000 rwxp 00000000 00:00 0 
7fbb4135f000-7fbb44000000 ---p 00000000 00:00 0 
7fbb4401c000-7fbb4401f000 ---p 00000000 00:00 0 
7fbb4401f000-7fbb4411d000 rwxp 00000000 00:00 0 
7fbb4411d000-7fbb44120000 ---p 00000000 00:00 0 
7fbb44120000-7fbb4421e000 rwxp 00000000 00:00 0 
7fbb4421e000-7fbb44221000 ---p 00000000 00:00 0 
7fbb44221000-7fbb4431f000 rwxp 00000000 00:00 0 
7fbb4431f000-7fbb44320000 r-xs 00000000 08:05 532633                     /var/cache/fontconfig/26de28bc8622bbc1fb67fd234c21975f-le64.cache-3
7fbb44320000-7fbb44321000 r-xs 00000000 08:05 554485                     /var/cache/fontconfig/c05880de57d1f5e948fdfacc138775d9-le64.cache-3
7fbb44321000-7fbb4432a000 r-xs 00000000 08:05 527845                     /var/cache/fontconfig/945677eb7aeaf62f1d50efc3fb3ec7d8-le64.cache-3
7fbb4432a000-7fbb4432c000 r-xs 00000000 08:05 554480                     /var/cache/fontconfig/99e8ed0e538f840c565b6ed5dad60d56-le64.cache-3
7fbb4432c000-7fbb4432f000 r-xs 00000000 08:05 554411                     /var/cache/fontconfig/f24b2111ab8703b4e963115a8cf14259-le64.cache-3
7fbb4432f000-7fbb44332000 r-xs 00000000 08:05 554479                     /var/cache/fontconfig/e383d7ea5fbe662a33d9b44caf393297-le64.cache-3
7fbb44332000-7fbb44335000 r-xs 00000000 08:05 554477                     /var/cache/fontconfig/2cd17615ca594fa2959ae173292e504c-le64.cache-3
7fbb44335000-7fbb44336000 r-xs 00000000 08:05 554471                     /var/cache/fontconfig/e7071f4a29fa870f4323321c154eba04-le64.cache-3
7fbb44336000-7fbb4433f000 r-xs 00000000 08:05 554448                     /var/cache/fontconfig/6d41288fd70b0be22e8c3a91e032eec0-le64.cache-3
7fbb4433f000-7fbb4434f000 r-xs 00000000 08:05 554447                     /var/cache/fontconfig/0f34bcd4b6ee430af32735b75db7f02b-le64.cache-3
7fbb4434f000-7fbb4437d000 r-xs 00000000 08:05 554435                     /var/cache/fontconfig/365b55f210c0a22e9a19e35191240f32-le64.cache-3
7fbb443d5000-7fbb443dd000 r-xs 0003d000 08:05 1311180                    /home/bompo/git/mgcube/libs/scoreloop-core.jar
7fbb443dd000-7fbb4441d000 rwxs 42947000 00:05 7122                       /dev/nvidia0
7fbb4443d000-7fbb44442000 r-xp 00000000 08:05 1570859                    /usr/lib/x86_64-linux-gnu/libXfixes.so.3.1.0
7fbb44442000-7fbb44641000 ---p 00005000 08:05 1570859                    /usr/lib/x86_64-linux-gnu/libXfixes.so.3.1.0
7fbb44641000-7fbb44642000 r-xp 00004000 08:05 1570859                    /usr/lib/x86_64-linux-gnu/libXfixes.so.3.1.0
7fbb44642000-7fbb44643000 rwxp 00005000 08:05 1570859                    /usr/lib/x86_64-linux-gnu/libXfixes.so.3.1.0
7fbb44643000-7fbb4464c000 r-xp 00000000 08:05 1573929                    /usr/lib/x86_64-linux-gnu/libXcursor.so.1.0.2
7fbb4464c000-7fbb4484b000 ---p 00009000 08:05 1573929                    /usr/lib/x86_64-linux-gnu/libXcursor.so.1.0.2
7fbb4484b000-7fbb4484c000 r-xp 00008000 08:05 1573929                    /usr/lib/x86_64-linux-gnu/libXcursor.so.1.0.2
7fbb4484c000-7fbb4484d000 rwxp 00009000 08:05 1573929                    /usr/lib/x86_64-linux-gnu/libXcursor.so.1.0.2
7fbb4484d000-7fbb44856000 r-xp 00000000 08:05 1570620                    /usr/lib/x86_64-linux-gnu/libXrender.so.1.3.0
7fbb44856000-7fbb44a56000 ---p 00009000 08:05 1570620                    /usr/lib/x86_64-linux-gnu/libXrender.so.1.3.0
7fbb44a56000-7fbb44a57000 r-xp 00009000 08:05 1570620                    /usr/lib/x86_64-linux-gnu/libXrender.so.1.3.0
7fbb44a57000-7fbb44a58000 rwxp 0000a000 08:05 1570620                    /usr/lib/x86_64-linux-gnu/libXrender.so.1.3.0
7fbb44a58000-7fbb44a60000 r-xp 00000000 08:05 1581969                    /usr/lib/x86_64-linux-gnu/libXrandr.so.2.2.0
7fbb44a60000-7fbb44c5f000 ---p 00008000 08:05 1581969                    /usr/lib/x86_64-linux-gnu/libXrandr.so.2.2.0
7fbb44c5f000-7fbb44c60000 r-xp 00007000 08:05 1581969                    /usr/lib/x86_64-linux-gnu/libXrandr.so.2.2.0
7fbb44c60000-7fbb44c61000 rwxp 00008000 08:05 1581969                    /usr/lib/x86_64-linux-gnu/libXrandr.so.2.2.0
7fbb44c62000-7fbb44c64000 rwxs 00000000 08:05 525601                     /tmp/glnMix1r (deleted)
7fbb44c64000-7fbb44c68000 rwxs ba1a4000 00:05 7122                       /dev/nvidia0
7fbb44c68000-7fbb44c69000 rwxs d0008000 00:05 7122                       /dev/nvidia0
7fbb44c69000-7fbb44c6a000 rwxs bcc5b000 00:05 7122                       /dev/nvidia0
7fbb44c6a000-7fbb44c6e000 rwxs 7f688000 00:05 7122                       /dev/nvidia0
7fbb44c6e000-7fbb44c6f000 rwxs fbc0a000 00:05 7122                       /dev/nvidia0
7fbb44c6f000-7fbb44c70000 rwxs fb641000 00:05 7122                       /dev/nvidia0
7fbb44c70000-7fbb44c71000 rwxs 127f98000 00:05 7122                      /dev/nvidia0
7fbb44c71000-7fbb44c72000 rwxs ba173000 00:05 7122                       /dev/nvidia0
7fbb44c72000-7fbb44c73000 rwxs fb060000 00:05 7122                       /dev/nvidia0
7fbb44c73000-7fbb44c8e000 rwxs 12e0c0000 00:05 7122                      /dev/nvidia0
7fbb44c8e000-7fbb44c91000 ---p 00000000 00:00 0 
7fbb44c91000-7fbb44d8f000 rwxp 00000000 00:00 0 
7fbb44d8f000-7fbb44e08000 r-xp 00000000 08:05 1734841                    /usr/lib/jvm/java-6-sun-1.6.0.24/jre/lib/amd64/libfontmanager.so
7fbb44e08000-7fbb44f07000 ---p 00079000 08:05 1734841                    /usr/lib/jvm/java-6-sun-1.6.0.24/jre/lib/amd64/libfontmanager.so
7fbb44f07000-7fbb44f1c000 rwxp 00078000 08:05 1734841                    /usr/lib/jvm/java-6-sun-1.6.0.24/jre/lib/amd64/libfontmanager.so
7fbb44f1c000-7fbb44f2d000 rwxp 00000000 00:00 0 
7fbb44f2d000-7fbb44f32000 r-xp 00000000 08:05 1573561                    /usr/lib/x86_64-linux-gnu/libXdmcp.so.6.0.0
7fbb44f32000-7fbb45131000 ---p 00005000 08:05 1573561                    /usr/lib/x86_64-linux-gnu/libXdmcp.so.6.0.0
7fbb45131000-7fbb45132000 r-xp 00004000 08:05 1573561                    /usr/lib/x86_64-linux-gnu/libXdmcp.so.6.0.0
7fbb45132000-7fbb45133000 rwxp 00005000 08:05 1573561                    /usr/lib/x86_64-linux-gnu/libXdmcp.so.6.0.0
7fbb45133000-7fbb45135000 r-xp 00000000 08:05 1570542                    /usr/lib/x86_64-linux-gnu/libXau.so.6.0.0
7fbb45135000-7fbb45334000 ---p 00002000 08:05 1570542                    /usr/lib/x86_64-linux-gnu/libXau.so.6.0.0
7fbb45334000-7fbb45335000 r-xp 00001000 08:05 1570542                    /usr/lib/x86_64-linux-gnu/libXau.so.6.0.0
7fbb45335000-7fbb45336000 rwxp 00002000 08:05 1570542                    /usr/lib/x86_64-linux-gnu/libXau.so.6.0.0
7fbb45336000-7fbb45351000 r-xp 00000000 08:05 1572615                    /usr/lib/x86_64-linux-gnu/libxcb.so.1.1.0
7fbb45351000-7fbb45550000 ---p 0001b000 08:05 1572615                    /usr/lib/x86_64-linux-gnu/libxcb.so.1.1.0
7fbb45550000-7fbb45551000 r-xp 0001a000 08:05 1572615                    /usr/lib/x86_64-linux-gnu/libxcb.so.1.1.0
7fbb45551000-7fbb45552000 rwxp 0001b000 08:05 1572615                    /usr/lib/x86_64-linux-gnu/libxcb.so.1.1.0
7fbb45552000-7fbb45561000 r-xp 00000000 08:05 1613065                    /usr/lib/x86_64-linux-gnu/libXi.so.6.1.0
7fbb45561000-7fbb45760000 ---p 0000f000 08:05 1613065                    /usr/lib/x86_64-linux-gnu/libXi.so.6.1.0
7fbb45760000-7fbb45761000 r-xp 0000e000 08:05 1613065                    /usr/lib/x86_64-linux-gnu/libXi.so.6.1.0
7fbb45761000-7fbb45762000 rwxp 0000f000 08:05 1613065                    /usr/lib/x86_64-linux-gnu/libXi.so.6.1.0
7fbb45762000-7fbb45767000 r-xp 00000000 08:05 1572606                    /usr/lib/libXtst.so.6.1.0
7fbb45767000-7fbb45966000 ---p 00005000 08:05 1572606                    /usr/lib/libXtst.so.6.1.0
7fbb45966000-7fbb45967000 r-xp 00004000 08:05 1572606                    /usr/lib/libXtst.so.6.1.0
7fbb45967000-7fbb45968000 rwxp 00005000 08:05 1572606                    /usr/lib/libXtst.so.6.1.0
7fbb45968000-7fbb45a9d000 r-xp 00000000 08:05 1573591                    /usr/lib/x86_64-linux-gnu/libX11.so.6.3.0
7fbb45a9d000-7fbb45c9d000 ---p 00135000 08:05 1573591                    /usr/lib/x86_64-linux-gnu/libX11.so.6.3.0
7fbb45c9d000-7fbb45c9e000 r-xp 00135000 08:05 1573591                    /usr/lib/x86_64-linux-gnu/libX11.so.6.3.0
7fbb45c9e000-7fbb45ca2000 rwxp 00136000 08:05 1573591                    /usr/lib/x86_64-linux-gnu/libX11.so.6.3.0
7fbb45ca2000-7fbb45cb3000 r-xp 00000000 08:05 1571673                    /usr/lib/x86_64-linux-gnu/libXext.so.6.4.0
7fbb45cb3000-7fbb45eb2000 ---p 00011000 08:05 1571673                    /usr/lib/x86_64-linux-gnu/libXext.so.6.4.0
7fbb45eb2000-7fbb45eb3000 r-xp 00010000 08:05 1571673                    /usr/lib/x86_64-linux-gnu/libXext.so.6.4.0
7fbb45eb3000-7fbb45eb4000 rwxp 00011000 08:05 1571673                    /usr/lib/x86_64-linux-gnu/libXext.so.6.4.0
7fbb45eb4000-7fbb45eb8000 r-xs 00000000 08:05 554470                     /var/cache/fontconfig/6eb3985aa4124903f6ff08ba781cd364-le64.cache-3
7fbb45eb8000-7fbb45ebd000 r-xs 00000000 08:05 554453                     /var/cache/fontconfig/062808c12e6e608270f93bb230aed730-le64.cache-3
7fbb45ebd000-7fbb45ec3000 r-xs 00000000 08:05 554429                     /var/cache/fontconfig/a755afe4a08bf5b97852ceb7400b47bc-le64.cache-3
7fbb45ec3000-7fbb45ecd000 r-xs 00000000 08:05 554433                     /var/cache/fontconfig/d52a8644073d54c13679302ca1180695-le64.cache-3
7fbb45ecd000-7fbb45ece000 r-xs 00000000 08:05 554418                     /var/cache/fontconfig/ec648e9a1aea82bddd4bd6050028158d-le64.cache-3
7fbb45ece000-7fbb45ee1000 r-xs 00000000 08:05 538224                     /var/cache/fontconfig/e13b20fdb08344e0e664864cc2ede53d-le64.cache-3
7fbb45ee1000-7fbb45f23000 r-xp 00000000 08:05 1734831                    /usr/lib/jvm/java-6-sun-1.6.0.24/jre/lib/amd64/xawt/libmawt.so
7fbb45f23000-7fbb46022000 ---p 00042000 08:05 1734831                    /usr/lib/jvm/java-6-sun-1.6.0.24/jre/lib/amd64/xawt/libmawt.so
7fbb46022000-7fbb4602e000 rwxp 00041000 08:05 1734831                    /usr/lib/jvm/java-6-sun-1.6.0.24/jre/lib/amd64/xawt/libmawt.so
7fbb4602e000-7fbb4602f000 rwxp 00000000 00:00 0 
7fbb4602f000-7fbb460c1000 r-xp 00000000 08:05 1734852                    /usr/lib/jvm/java-6-sun-1.6.0.24/jre/lib/amd64/libawt.so
7fbb460c1000-7fbb461c0000 ---p 00092000 08:05 1734852                    /usr/lib/jvm/java-6-sun-1.6.0.24/jre/lib/amd64/libawt.so
7fbb461c0000-7fbb461d9000 rwxp 00091000 08:05 1734852                    /usr/lib/jvm/java-6-sun-1.6.0.24/jre/lib/amd64/libawt.so
7fbb461d9000-7fbb461fe000 rwxp 00000000 00:00 0 
7fbb461fe000-7fbb46209000 r-xs 00092000 08:05 1330406                    /home/bompo/git/mgcube/libs/gdx.jar
7fbb46209000-7fbb46210000 r-xs 00074000 08:05 1330357                    /home/bompo/git/mgcube/libs/gdx-sources.jar
7fbb46210000-7fbb46211000 r-xs 001a1000 08:05 1339854                    /home/bompo/git/mgcube/libs/gdx-natives.jar
7fbb46211000-7fbb4622b000 r-xs 00206000 08:05 1339556                    /home/bompo/git/mgcube/libs/gdx-backend-jogl.jar
7fbb4622b000-7fbb4622c000 r-xs 00007000 08:05 1330241                    /home/bompo/git/mgcube/libs/gdx-backend-jogl-sources.jar
7fbb4622c000-7fbb4622d000 r-xs 00203000 08:05 1339177                    /home/bompo/git/mgcube/libs/gdx-backend-jogl-natives.jar
7fbb4622d000-7fbb46230000 r-xs 0000f000 08:05 1622792                    /usr/lib/jvm/java-6-sun-1.6.0.24/jre/lib/ext/pulse-java.jar
7fbb46230000-7fbb46231000 ---p 00000000 00:00 0 
7fbb46231000-7fbb46331000 rwxp 00000000 00:00 0 
7fbb46331000-7fbb46334000 ---p 00000000 00:00 0 
7fbb46334000-7fbb46432000 rwxp 00000000 00:00 0 
7fbb46432000-7fbb46435000 ---p 00000000 00:00 0 
7fbb46435000-7fbb46533000 rwxp 00000000 00:00 0 
7fbb46533000-7fbb46536000 ---p 00000000 00:00 0 
7fbb46536000-7fbb46634000 rwxp 00000000 00:00 0 
7fbb46634000-7fbb46637000 ---p 00000000 00:00 0 
7fbb46637000-7fbb46735000 rwxp 00000000 00:00 0 
7fbb46735000-7fbb46b3d000 r-xp 00000000 08:05 1570348                    /usr/lib/locale/locale-archive
7fbb46b3d000-7fbb46b40000 ---p 00000000 00:00 0 
7fbb46b40000-7fbb46c3e000 rwxp 00000000 00:00 0 
7fbb46c3e000-7fbb46c41000 ---p 00000000 00:00 0 
7fbb46c41000-7fbb46d3f000 rwxp 00000000 00:00 0 
7fbb46d3f000-7fbb46d40000 ---p 00000000 00:00 0 
7fbb46d40000-7fbb47379000 rwxp 00000000 00:00 0 
7fbb47379000-7fbb47511000 r-xs 03027000 08:05 1662454                    /usr/lib/jvm/java-6-sun-1.6.0.24/jre/lib/rt.jar
7fbb47511000-7fbb47539000 rwxp 00000000 00:00 0 
7fbb47539000-7fbb4753a000 ---p 00000000 00:00 0 
7fbb4753a000-7fbb4763a000 rwxp 00000000 00:00 0 
7fbb4763a000-7fbb4763b000 ---p 00000000 00:00 0 
7fbb4763b000-7fbb4773b000 rwxp 00000000 00:00 0 
7fbb4773b000-7fbb4773c000 ---p 00000000 00:00 0 
7fbb4773c000-7fbb4783c000 rwxp 00000000 00:00 0 
7fbb4783c000-7fbb4783d000 ---p 00000000 00:00 0 
7fbb4783d000-7fbb47948000 rwxp 00000000 00:00 0 
7fbb47948000-7fbb47966000 rwxp 00000000 00:00 0 
7fbb47966000-7fbb4797b000 rwxp 00000000 00:00 0 
7fbb4797b000-7fbb47ab0000 rwxp 00000000 00:00 0 
7fbb47ab0000-7fbb47abb000 rwxp 00000000 00:00 0 
7fbb47abb000-7fbb47ad9000 rwxp 00000000 00:00 0 
7fbb47ad9000-7fbb47aee000 rwxp 00000000 00:00 0 
7fbb47aee000-7fbb47c23000 rwxp 00000000 00:00 0 
7fbb47c23000-7fbb47c2e000 rwxp 00000000 00:00 0 
7fbb47c2e000-7fbb47cc8000 rwxp 00000000 00:00 0 
7fbb47cc8000-7fbb47f39000 rwxp 00000000 00:00 0 
7fbb47f39000-7fbb4acc9000 rwxp 00000000 00:00 0 
7fbb4acc9000-7fbb4acd7000 r-xp 00000000 08:05 1734847                    /usr/lib/jvm/java-6-sun-1.6.0.24/jre/lib/amd64/libzip.so
7fbb4acd7000-7fbb4add9000 ---p 0000e000 08:05 1734847                    /usr/lib/jvm/java-6-sun-1.6.0.24/jre/lib/amd64/libzip.so
7fbb4add9000-7fbb4addc000 rwxp 00010000 08:05 1734847                    /usr/lib/jvm/java-6-sun-1.6.0.24/jre/lib/amd64/libzip.so
7fbb4addc000-7fbb4addd000 rwxp 00000000 00:00 0 
7fbb4addd000-7fbb4ade9000 r-xp 00000000 08:05 535712                     /lib/x86_64-linux-gnu/libnss_files-2.13.so
7fbb4ade9000-7fbb4afe8000 ---p 0000c000 08:05 535712                     /lib/x86_64-linux-gnu/libnss_files-2.13.so
7fbb4afe8000-7fbb4afe9000 r-xp 0000b000 08:05 535712                     /lib/x86_64-linux-gnu/libnss_files-2.13.so
7fbb4afe9000-7fbb4afea000 rwxp 0000c000 08:05 535712                     /lib/x86_64-linux-gnu/libnss_files-2.13.so
7fbb4afea000-7fbb4aff5000 r-xp 00000000 08:05 535714                     /lib/x86_64-linux-gnu/libnss_nis-2.13.so
7fbb4aff5000-7fbb4b1f4000 ---p 0000b000 08:05 535714                     /lib/x86_64-linux-gnu/libnss_nis-2.13.so
7fbb4b1f4000-7fbb4b1f5000 r-xp 0000a000 08:05 535714                     /lib/x86_64-linux-gnu/libnss_nis-2.13.so
7fbb4b1f5000-7fbb4b1f6000 rwxp 0000b000 08:05 535714                     /lib/x86_64-linux-gnu/libnss_nis-2.13.so
7fbb4b1f6000-7fbb4b1fe000 r-xp 00000000 08:05 535710                     /lib/x86_64-linux-gnu/libnss_compat-2.13.so
7fbb4b1fe000-7fbb4b3fd000 ---p 00008000 08:05 535710                     /lib/x86_64-linux-gnu/libnss_compat-2.13.so
7fbb4b3fd000-7fbb4b3fe000 r-xp 00007000 08:05 535710                     /lib/x86_64-linux-gnu/libnss_compat-2.13.so
7fbb4b3fe000-7fbb4b3ff000 rwxp 00008000 08:05 535710                     /lib/x86_64-linux-gnu/libnss_compat-2.13.so
7fbb4b3ff000-7fbb4b406000 r-xp 00000000 08:05 1734857                    /usr/lib/jvm/java-6-sun-1.6.0.24/jre/lib/amd64/native_threads/libhpi.so
7fbb4b406000-7fbb4b507000 ---p 00007000 08:05 1734857                    /usr/lib/jvm/java-6-sun-1.6.0.24/jre/lib/amd64/native_threads/libhpi.so
7fbb4b507000-7fbb4b509000 rwxp 00008000 08:05 1734857                    /usr/lib/jvm/java-6-sun-1.6.0.24/jre/lib/amd64/native_threads/libhpi.so
7fbb4b509000-7fbb4b50a000 rwxp 00000000 00:00 0 
7fbb4b50a000-7fbb4b521000 r-xp 00000000 08:05 535709                     /lib/x86_64-linux-gnu/libnsl-2.13.so
7fbb4b521000-7fbb4b720000 ---p 00017000 08:05 535709                     /lib/x86_64-linux-gnu/libnsl-2.13.so
7fbb4b720000-7fbb4b721000 r-xp 00016000 08:05 535709                     /lib/x86_64-linux-gnu/libnsl-2.13.so
7fbb4b721000-7fbb4b722000 rwxp 00017000 08:05 535709                     /lib/x86_64-linux-gnu/libnsl-2.13.so
7fbb4b722000-7fbb4b724000 rwxp 00000000 00:00 0 
7fbb4b724000-7fbb4b74d000 r-xp 00000000 08:05 1734846                    /usr/lib/jvm/java-6-sun-1.6.0.24/jre/lib/amd64/libjava.so
7fbb4b74d000-7fbb4b84c000 ---p 00029000 08:05 1734846                    /usr/lib/jvm/java-6-sun-1.6.0.24/jre/lib/amd64/libjava.so
7fbb4b84c000-7fbb4b853000 rwxp 00028000 08:05 1734846                    /usr/lib/jvm/java-6-sun-1.6.0.24/jre/lib/amd64/libjava.so
7fbb4b853000-7fbb4b860000 r-xp 00000000 08:05 1731420                    /usr/lib/jvm/java-6-sun-1.6.0.24/jre/lib/amd64/libverify.so
7fbb4b860000-7fbb4b95f000 ---p 0000d000 08:05 1731420                    /usr/lib/jvm/java-6-sun-1.6.0.24/jre/lib/amd64/libverify.so
7fbb4b95f000-7fbb4b962000 rwxp 0000c000 08:05 1731420                    /usr/lib/jvm/java-6-sun-1.6.0.24/jre/lib/amd64/libverify.so
7fbb4b962000-7fbb4b969000 r-xp 00000000 08:05 535724                     /lib/x86_64-linux-gnu/librt-2.13.so
7fbb4b969000-7fbb4bb68000 ---p 00007000 08:05 535724                     /lib/x86_64-linux-gnu/librt-2.13.so
7fbb4bb68000-7fbb4bb69000 r-xp 00006000 08:05 535724                     /lib/x86_64-linux-gnu/librt-2.13.so
7fbb4bb69000-7fbb4bb6a000 rwxp 00007000 08:05 535724                     /lib/x86_64-linux-gnu/librt-2.13.so
7fbb4bb6a000-7fbb4bb6d000 ---p 00000000 00:00 0 
7fbb4bb6d000-7fbb4bc6b000 rwxp 00000000 00:00 0 
7fbb4bc6b000-7fbb4bcef000 r-xp 00000000 08:05 535703                     /lib/x86_64-linux-gnu/libm-2.13.so
7fbb4bcef000-7fbb4beee000 ---p 00084000 08:05 535703                     /lib/x86_64-linux-gnu/libm-2.13.so
7fbb4beee000-7fbb4beef000 r-xp 00083000 08:05 535703                     /lib/x86_64-linux-gnu/libm-2.13.so
7fbb4beef000-7fbb4bef0000 rwxp 00084000 08:05 535703                     /lib/x86_64-linux-gnu/libm-2.13.so
7fbb4bef0000-7fbb4c72e000 r-xp 00000000 08:05 1734849                    /usr/lib/jvm/java-6-sun-1.6.0.24/jre/lib/amd64/server/libjvm.so
7fbb4c72e000-7fbb4c82d000 ---p 0083e000 08:05 1734849                    /usr/lib/jvm/java-6-sun-1.6.0.24/jre/lib/amd64/server/libjvm.so
7fbb4c82d000-7fbb4c9c1000 rwxp 0083d000 08:05 1734849                    /usr/lib/jvm/java-6-sun-1.6.0.24/jre/lib/amd64/server/libjvm.so
7fbb4c9c1000-7fbb4c9fa000 rwxp 00000000 00:00 0 
7fbb4c9fa000-7fbb4cb84000 r-xp 00000000 08:05 535697                     /lib/x86_64-linux-gnu/libc-2.13.so
7fbb4cb84000-7fbb4cd83000 ---p 0018a000 08:05 535697                     /lib/x86_64-linux-gnu/libc-2.13.so
7fbb4cd83000-7fbb4cd87000 r-xp 00189000 08:05 535697                     /lib/x86_64-linux-gnu/libc-2.13.so
7fbb4cd87000-7fbb4cd88000 rwxp 0018d000 08:05 535697                     /lib/x86_64-linux-gnu/libc-2.13.so
7fbb4cd88000-7fbb4cd8e000 rwxp 00000000 00:00 0 
7fbb4cd8e000-7fbb4cd90000 r-xp 00000000 08:05 535702                     /lib/x86_64-linux-gnu/libdl-2.13.so
7fbb4cd90000-7fbb4cf90000 ---p 00002000 08:05 535702                     /lib/x86_64-linux-gnu/libdl-2.13.so
7fbb4cf90000-7fbb4cf91000 r-xp 00002000 08:05 535702                     /lib/x86_64-linux-gnu/libdl-2.13.so
7fbb4cf91000-7fbb4cf92000 rwxp 00003000 08:05 535702                     /lib/x86_64-linux-gnu/libdl-2.13.so
7fbb4cf92000-7fbb4cfaa000 r-xp 00000000 08:05 535718                     /lib/x86_64-linux-gnu/libpthread-2.13.so
7fbb4cfaa000-7fbb4d1aa000 ---p 00018000 08:05 535718                     /lib/x86_64-linux-gnu/libpthread-2.13.so
7fbb4d1aa000-7fbb4d1ab000 r-xp 00018000 08:05 535718                     /lib/x86_64-linux-gnu/libpthread-2.13.so
7fbb4d1ab000-7fbb4d1ac000 rwxp 00019000 08:05 535718                     /lib/x86_64-linux-gnu/libpthread-2.13.so
7fbb4d1ac000-7fbb4d1b0000 rwxp 00000000 00:00 0 
7fbb4d1b0000-7fbb4d1d1000 r-xp 00000000 08:05 535673                     /lib/x86_64-linux-gnu/ld-2.13.so
7fbb4d1d1000-7fbb4d1d2000 r-xs 00000000 08:05 554466                     /var/cache/fontconfig/4c73fe0c47614734b17d736dbde7580a-le64.cache-3
7fbb4d1d2000-7fbb4d1d3000 r-xs 00000000 08:05 554459                     /var/cache/fontconfig/0d8c3b2ac0904cb8a57a757ad11a4a08-le64.cache-3
7fbb4d1d3000-7fbb4d1dd000 rwxp 00000000 00:00 0 
7fbb4d1dd000-7fbb4d293000 rwxp 00000000 00:00 0 
7fbb4d293000-7fbb4d296000 rwxp 00000000 00:00 0 
7fbb4d296000-7fbb4d29d000 r-xp 00000000 08:05 1731410                    /usr/lib/jvm/java-6-sun-1.6.0.24/jre/lib/amd64/jli/libjli.so
7fbb4d29d000-7fbb4d39e000 ---p 00007000 08:05 1731410                    /usr/lib/jvm/java-6-sun-1.6.0.24/jre/lib/amd64/jli/libjli.so
7fbb4d39e000-7fbb4d3a0000 rwxp 00008000 08:05 1731410                    /usr/lib/jvm/java-6-sun-1.6.0.24/jre/lib/amd64/jli/libjli.so
7fbb4d3a0000-7fbb4d3a1000 rwxp 00000000 00:00 0 
7fbb4d3a1000-7fbb4d3a2000 r-xs 00000000 08:05 554454                     /var/cache/fontconfig/6a53c69dea097a2d716e069445527da8-le64.cache-3
7fbb4d3a2000-7fbb4d3a7000 r-xs 00000000 08:05 554452                     /var/cache/fontconfig/515ca1ebc4b18308bea979be5704f9db-le64.cache-3
7fbb4d3a7000-7fbb4d3aa000 r-xs 00000000 08:05 554441                     /var/cache/fontconfig/d60319d88cac85ba9e1a07bd06cfbb8c-le64.cache-3
7fbb4d3aa000-7fbb4d3ab000 r-xs 00000000 08:05 530935                     /var/cache/fontconfig/4794a0821666d79190d59a36cb4f44b5-le64.cache-3
7fbb4d3ab000-7fbb4d3af000 r-xs 00000000 08:05 538228                     /var/cache/fontconfig/7ef2298fde41cc6eeb7af42e48b7d293-le64.cache-3
7fbb4d3af000-7fbb4d3c3000 r-xs 00000000 08:05 527842                     /var/cache/fontconfig/865f88548240fee46819705c6468c165-le64.cache-3
7fbb4d3c3000-7fbb4d3c4000 r-xs 00000000 08:05 1340105                    /home/bompo/.fontconfig/aa7e4f27e681240d22a1f116cf7520f0-le64.cache-3
7fbb4d3c4000-7fbb4d3cc000 rwxs 00000000 08:05 525640                     /tmp/hsperfdata_bompo/7749
7fbb4d3cc000-7fbb4d3cd000 rwxp 00000000 00:00 0 
7fbb4d3cd000-7fbb4d3ce000 r-xp 00000000 00:00 0 
7fbb4d3ce000-7fbb4d3d0000 rwxp 00000000 00:00 0 
7fbb4d3d0000-7fbb4d3d1000 r-xp 00020000 08:05 535673                     /lib/x86_64-linux-gnu/ld-2.13.so
7fbb4d3d1000-7fbb4d3d3000 rwxp 00021000 08:05 535673                     /lib/x86_64-linux-gnu/ld-2.13.so
7fff395e7000-7fff39608000 rwxp 00000000 00:00 0                          [stack]
7fff39714000-7fff39715000 r-xp 00000000 00:00 0                          [vdso]
ffffffffff600000-ffffffffff601000 r-xp 00000000 00:00 0                  [vsyscall]

VM Arguments:
jvm_args: -Dfile.encoding=UTF-8 
java_command: de.swagner.mgcube.DesktopStarter
Launcher Type: SUN_STANDARD

Environment Variables:
PATH=/usr/local/sbin:/usr/local/bin:/usr/sbin:/usr/bin:/sbin:/bin:/usr/games
USERNAME=bompo
LD_LIBRARY_PATH=/usr/lib/jvm/java-6-sun-1.6.0.24/jre/lib/amd64/server:/usr/lib/jvm/java-6-sun-1.6.0.24/jre/lib/amd64:/usr/lib/jvm/java-6-sun-1.6.0.24/jre/../lib/amd64:/usr/lib/jvm/java-6-openjdk/jre/lib/amd64/server:/usr/lib/jvm/java-6-openjdk/jre/lib/amd64:/usr/lib/jvm/java-6-openjdk/jre/../lib/amd64:/usr/lib64/xulrunner-addons
SHELL=/bin/bash
DISPLAY=:0.0

Signal Handlers:
SIGSEGV: [libjvm.so+0x791b30], sa_mask[0]=0x7ffbfeff, sa_flags=0x10000004
SIGBUS: [libjvm.so+0x791b30], sa_mask[0]=0x7ffbfeff, sa_flags=0x10000004
SIGFPE: [libjvm.so+0x640ba0], sa_mask[0]=0x7ffbfeff, sa_flags=0x10000004
SIGPIPE: [libjvm.so+0x640ba0], sa_mask[0]=0x7ffbfeff, sa_flags=0x10000004
SIGXFSZ: [libjvm.so+0x640ba0], sa_mask[0]=0x7ffbfeff, sa_flags=0x10000004
SIGILL: [libjvm.so+0x640ba0], sa_mask[0]=0x7ffbfeff, sa_flags=0x10000004
SIGUSR1: SIG_DFL, sa_mask[0]=0x00000000, sa_flags=0x00000000
SIGUSR2: [libjvm.so+0x643780], sa_mask[0]=0x00000004, sa_flags=0x10000004
SIGHUP: [libjvm.so+0x643380], sa_mask[0]=0x7ffbfeff, sa_flags=0x10000004
SIGINT: [libjvm.so+0x643380], sa_mask[0]=0x7ffbfeff, sa_flags=0x10000004
SIGTERM: [libjvm.so+0x643380], sa_mask[0]=0x7ffbfeff, sa_flags=0x10000004
SIGQUIT: [libjvm.so+0x643380], sa_mask[0]=0x7ffbfeff, sa_flags=0x10000004


---------------  S Y S T E M  ---------------

OS:squeeze/sid

uname:Linux 2.6.38-10-generic #46-Ubuntu SMP Tue Jun 28 15:07:17 UTC 2011 x86_64
libc:glibc 2.13 NPTL 2.13 
rlimit: STACK 8192k, CORE 0k, NPROC infinity, NOFILE 4096, AS infinity
load average:0.05 0.08 0.12

/proc/meminfo:
MemTotal:        4047872 kB
MemFree:         1118028 kB
Buffers:          142732 kB
Cached:           886796 kB
SwapCached:            0 kB
Active:          1963128 kB
Inactive:         643476 kB
Active(anon):    1577700 kB
Inactive(anon):    10012 kB
Active(file):     385428 kB
Inactive(file):   633464 kB
Unevictable:         148 kB
Mlocked:             148 kB
SwapTotal:      19529724 kB
SwapFree:       19529724 kB
Dirty:              1108 kB
Writeback:             0 kB
AnonPages:       1577020 kB
Mapped:           207660 kB
Shmem:             10820 kB
Slab:             112176 kB
SReclaimable:      84008 kB
SUnreclaim:        28168 kB
KernelStack:        4056 kB
PageTables:        35684 kB
NFS_Unstable:          0 kB
Bounce:                0 kB
WritebackTmp:          0 kB
CommitLimit:    21553660 kB
Committed_AS:    4124720 kB
VmallocTotal:   34359738367 kB
VmallocUsed:      341768 kB
VmallocChunk:   34359375356 kB
HardwareCorrupted:     0 kB
HugePages_Total:       0
HugePages_Free:        0
HugePages_Rsvd:        0
HugePages_Surp:        0
Hugepagesize:       2048 kB
DirectMap4k:      144832 kB
DirectMap2M:     4040704 kB


CPU:total 4 (4 cores per cpu, 1 threads per core) family 6 model 30 stepping 5, cmov, cx8, fxsr, mmx, sse, sse2, sse3, ssse3, sse4.1, sse4.2, popcnt

Memory: 4k page, physical 4047872k(1118028k free), swap 19529724k(19529724k free)

vm_info: Java HotSpot(TM) 64-Bit Server VM (19.1-b02) for linux-amd64 JRE (1.6.0_24-b07), built on Feb  2 2011 16:55:54 by "java_re" with gcc 3.2.2 (SuSE Linux)

time: Sun Jul  3 01:46:44 2011
elapsed time: 16 seconds

