#
# A fatal error has been detected by the Java Runtime Environment:
#
#  SIGSEGV (0xb) at pc=0x00007f894c3f33b3, pid=8023, tid=140227865978624
#
# JRE version: 6.0_22-b22
# Java VM: OpenJDK 64-Bit Server VM (20.0-b11 mixed mode linux-amd64 compressed oops)
# Derivative: IcedTea6 1.10.2
# Distribution: Ubuntu 11.04, package 6b22-1.10.2-0ubuntu1~11.04.1
# Problematic frame:
# C  [libGL.so.1+0x983b3]  glXCreateWindow+0x27183
#
# If you would like to submit a bug report, please include
# instructions how to reproduce the bug and visit:
#   https://bugs.launchpad.net/ubuntu/+source/openjdk-6/
# The crash happened outside the Java Virtual Machine in native code.
# See problematic frame for where to report the bug.
#

---------------  T H R E A D  ---------------

Current thread (0x000000000243f800):  JavaThread "LWJGL Application" [_thread_in_native, id=8059, stack(0x00007f895813a000,0x00007f895823b000)]

siginfo:si_signo=SIGSEGV: si_errno=0, si_code=1 (SEGV_MAPERR), si_addr=0x0000000041f2b000

Registers:
RAX=0x0000000041f2b000, RBX=0x00007f8955029708, RCX=0x00007f894c6553c0, RDX=0x00007f894c123680
RSP=0x00007f89582395b0, RBP=0x0000000000000001, RSI=0x00007f8955029708, RDI=0x00007f894c655680
R8 =0x00007f894c155f00, R9 =0x00007f894a296010, R10=0x000000000000000c, R11=0x0000000000000206
R12=0x00007f89582395d0, R13=0x0000000000000001, R14=0x00007f8955029708, R15=0x00007f894c639010
RIP=0x00007f894c3f33b3, EFLAGS=0x0000000000010202, CSGSFS=0x0001000000000033, ERR=0x0000000000000004
  TRAPNO=0x000000000000000e

Top of Stack: (sp=0x00007f89582395b0)
0x00007f89582395b0:   00007f89582395d0 0000000041f2b000
0x00007f89582395c0:   000003200243a7f8 00000001000001e0
0x00007f89582395d0:   0000000041f2b000 00007f8961bbde20
0x00007f89582395e0:   000000000000001f 00000000ec818068
0x00007f89582395f0:   00007f895522f540 0000000000000005
0x00007f8958239600:   0000000041f2b000 0000000041f807e0
0x00007f8958239610:   000000000243f800 000000000243f9d0
0x00007f8958239620:   0000000000000000 0000000004200022
0x00007f8958239630:   00007f894c1407c0 0000000000001f57
0x00007f8958239640:   0000000002412e20 00007f894b308e50
0x00007f8958239650:   00000000ec83f720 0000000002418060
0x00007f8958239660:   00007f89550296c0 00007f89543471d0
0x00007f8958239670:   00000000ec83f720 00007f8958239710
0x00007f8958239680:   000000000243f800 00007f894c3c9b87
0x00007f8958239690:   000000000243f800 00000000ec83f720
0x00007f89582396a0:   00000000ec99e630 0000000000000000
0x00007f89582396b0:   00000000ec83f720 00000000ec99e630
0x00007f89582396c0:   00007f8958239720 0000000000000000
0x00007f89582396d0:   00000000ec83f720 00007f895c812e5f
0x00007f89582396e0:   00000000ec818000 00007f895c80d960
0x00007f89582396f0:   00000000ec808970 00000000ec818050
0x00007f8958239700:   00000000700cb87f 000000000243f800
0x00007f8958239710:   00000000b848ec80 00007f895c6c66be
0x00007f8958239720:   00000000ec818068 00007f895c833d94
0x00007f8958239730:   ec8201a8ec818040 00000000ec818040
0x00007f8958239740:   ec818050ec818040 00000000ec818040
0x00007f8958239750:   00000000ec818068 ec99e630ec818088
0x00007f8958239760:   00000000ec818050 00000000ec818000
0x00007f8958239770:   3f8000003f000000 00000000ebd8e538
0x00007f8958239780:   00000006ec83ec90 00000000ec83ec90
0x00007f8958239790:   ebd8e55842700000 00000000ebd8e4e0
0x00007f89582397a0:   0000000000000021 0000000000000000 

Instructions: (pc=0x00007f894c3f33b3)
0x00007f894c3f3393:   24 1c 75 90 4c 8b 24 24 31 ed 0f 1f 00 48 8b 0d
0x00007f894c3f33a3:   29 e8 23 00 49 8b 04 24 4c 89 f6 ff c5 48 8b 11
0x00007f894c3f33b3:   48 8b 38 ff 92 a0 03 00 00 48 8b 15 0d e8 23 00
0x00007f894c3f33c3:   48 89 c3 49 8b 3c 24 49 83 c4 08 48 8b 02 ff 90 

Register to memory mapping:

RAX=0x0000000041f2b000 is an unknown value
RBX=0x00007f8955029708 is an unknown value
RCX=0x00007f894c6553c0: <offset 0x2fa3c0> in /usr/lib/nvidia-current/libGL.so.1 at 0x00007f894c35b000
RDX=0x00007f894c123680: <offset 0x1df3680> in /usr/lib/nvidia-current/libnvidia-glcore.so.275.19 at 0x00007f894a330000
RSP=0x00007f89582395b0 is pointing into the stack for thread: 0x000000000243f800
RBP=0x0000000000000001 is an unknown value
RSI=0x00007f8955029708 is an unknown value
RDI=0x00007f894c655680: <offset 0x2fa680> in /usr/lib/nvidia-current/libGL.so.1 at 0x00007f894c35b000
R8 =0x00007f894c155f00: _nv015glcore+0 in /usr/lib/nvidia-current/libnvidia-glcore.so.275.19 at 0x00007f894a330000
R9 =0x00007f894a296010 is an unknown value
R10=0x000000000000000c is an unknown value
R11=0x0000000000000206 is an unknown value
R12=0x00007f89582395d0 is pointing into the stack for thread: 0x000000000243f800
R13=0x0000000000000001 is an unknown value
R14=0x00007f8955029708 is an unknown value
R15=0x00007f894c639010: <offset 0x2de010> in /usr/lib/nvidia-current/libGL.so.1 at 0x00007f894c35b000


Stack: [0x00007f895813a000,0x00007f895823b000],  sp=0x00007f89582395b0,  free space=1021k
Native frames: (J=compiled Java code, j=interpreted, Vv=VM code, C=native code)
C  [libGL.so.1+0x983b3]  glXCreateWindow+0x27183

Java frames: (J=compiled Java code, j=interpreted, Vv=VM code)
J  org.lwjgl.opengl.LinuxContextImplementation.nSwapBuffers(Ljava/nio/ByteBuffer;)V
J  org.lwjgl.opengl.Display.update()V
J  com.badlogic.gdx.backends.lwjgl.LwjglApplication.mainLoop()V
j  com.badlogic.gdx.backends.lwjgl.LwjglApplication.access$000(Lcom/badlogic/gdx/backends/lwjgl/LwjglApplication;)V+1
j  com.badlogic.gdx.backends.lwjgl.LwjglApplication$1.run()V+27
v  ~StubRoutines::call_stub

---------------  P R O C E S S  ---------------

Java Threads: ( => current thread )
  0x0000000002ad3000 JavaThread "Thread-1" [_thread_blocked, id=8391, stack(0x00007f8950d2c000,0x00007f8950e2d000)]
  0x0000000002105800 JavaThread "SIGTERM handler" daemon [_thread_blocked, id=8389, stack(0x00007f895ae8a000,0x00007f895af8b000)]
  0x0000000002056000 JavaThread "DestroyJavaVM" [_thread_blocked, id=8027, stack(0x00007f8962fb4000,0x00007f89630b5000)]
=>0x000000000243f800 JavaThread "LWJGL Application" [_thread_in_native, id=8059, stack(0x00007f895813a000,0x00007f895823b000)]
  0x00007f8954200800 JavaThread "AWT-XAWT" daemon [_thread_in_native, id=8050, stack(0x00007f89589d1000,0x00007f8958ad2000)]
  0x00007f89540ad000 JavaThread "Java2D Disposer" daemon [_thread_blocked, id=8049, stack(0x00007f8958db8000,0x00007f8958eb9000)]
  0x00007f8954003800 JavaThread "Low Memory Detector" daemon [_thread_blocked, id=8047, stack(0x00007f895ab87000,0x00007f895ac88000)]
  0x00007f8954001000 JavaThread "C2 CompilerThread1" daemon [_thread_blocked, id=8046, stack(0x00007f895ac88000,0x00007f895ad89000)]
  0x0000000002108800 JavaThread "C2 CompilerThread0" daemon [_thread_blocked, id=8045, stack(0x00007f895ad89000,0x00007f895ae8a000)]
  0x00000000020f9000 JavaThread "JDWP Event Helper Thread" daemon [_thread_blocked, id=8040, stack(0x00007f895af8b000,0x00007f895b08c000)]
  0x00000000020f5800 JavaThread "JDWP Transport Listener: dt_socket" daemon [_thread_in_native, id=8039, stack(0x00007f895b08c000,0x00007f895b18d000)]
  0x00000000020ea000 JavaThread "Signal Dispatcher" daemon [_thread_blocked, id=8037, stack(0x00007f895b392000,0x00007f895b493000)]
  0x00000000020cc000 JavaThread "Finalizer" daemon [_thread_blocked, id=8036, stack(0x00007f895b493000,0x00007f895b594000)]
  0x00000000020c4800 JavaThread "Reference Handler" daemon [_thread_blocked, id=8035, stack(0x00007f895b594000,0x00007f895b695000)]

Other Threads:
  0x00000000020bd800 VMThread [stack: 0x00007f895b695000,0x00007f895b796000] [id=8034]
  0x00007f895400e000 WatcherThread [stack: 0x00007f895aa86000,0x00007f895ab87000] [id=8048]

VM state:not at safepoint (normal execution)

VM Mutex/Monitor currently owned by a thread: None

Heap
 PSYoungGen      total 18432K, used 10831K [0x00000000eb600000, 0x00000000eca90000, 0x0000000100000000)
  eden space 15808K, 54% used [0x00000000eb600000,0x00000000ebe774f0,0x00000000ec570000)
  from space 2624K, 82% used [0x00000000ec800000,0x00000000eca1ca40,0x00000000eca90000)
  to   space 2624K, 0% used [0x00000000ec570000,0x00000000ec570000,0x00000000ec800000)
 PSOldGen        total 42240K, used 0K [0x00000000c2200000, 0x00000000c4b40000, 0x00000000eb600000)
  object space 42240K, 0% used [0x00000000c2200000,0x00000000c2200000,0x00000000c4b40000)
 PSPermGen       total 21248K, used 13703K [0x00000000b7c00000, 0x00000000b90c0000, 0x00000000c2200000)
  object space 21248K, 64% used [0x00000000b7c00000,0x00000000b8961f88,0x00000000b90c0000)

Code Cache  [0x00007f895c66a000, 0x00007f895c8da000, 0x00007f895f66a000)
 total_blobs=958 nmethods=452 adapters=468 free_code_cache=48116416 largest_free_block=26304

Dynamic libraries:
00400000-00409000 r-xp 00000000 08:05 1597353                            /usr/lib/jvm/java-6-openjdk/jre/bin/java
00608000-00609000 r--p 00008000 08:05 1597353                            /usr/lib/jvm/java-6-openjdk/jre/bin/java
00609000-0060a000 rw-p 00009000 08:05 1597353                            /usr/lib/jvm/java-6-openjdk/jre/bin/java
02049000-04c6d000 rw-p 00000000 00:00 0                                  [heap]
b7c00000-b90c0000 rw-p 00000000 00:00 0 
b90c0000-c2200000 rw-p 00000000 00:00 0 
c2200000-c4b40000 rw-p 00000000 00:00 0 
c4b40000-eb600000 rw-p 00000000 00:00 0 
eb600000-eca90000 rw-p 00000000 00:00 0 
eca90000-100000000 rw-p 00000000 00:00 0 
7f8949b95000-7f8949c95000 rw-s 8d12c000 00:05 10514                      /dev/nvidia0
7f8949f96000-7f894a196000 rw-s b1e3e000 00:05 10514                      /dev/nvidia0
7f894a196000-7f894a296000 rw-s 972ca000 00:05 10514                      /dev/nvidia0
7f894a296000-7f894a314000 rw-p 00000000 00:00 0 
7f894a315000-7f894a330000 rw-s 10fca0000 00:05 10514                     /dev/nvidia0
7f894a330000-7f894b905000 r-xp 00000000 08:05 728                        /usr/lib/nvidia-current/libnvidia-glcore.so.275.19
7f894b905000-7f894bb05000 ---p 015d5000 08:05 728                        /usr/lib/nvidia-current/libnvidia-glcore.so.275.19
7f894bb05000-7f894c140000 rwxp 015d5000 08:05 728                        /usr/lib/nvidia-current/libnvidia-glcore.so.275.19
7f894c140000-7f894c158000 rwxp 00000000 00:00 0 
7f894c158000-7f894c15b000 r-xp 00000000 08:05 718                        /usr/lib/nvidia-current/tls/libnvidia-tls.so.275.19
7f894c15b000-7f894c35a000 ---p 00003000 08:05 718                        /usr/lib/nvidia-current/tls/libnvidia-tls.so.275.19
7f894c35a000-7f894c35b000 rw-p 00002000 08:05 718                        /usr/lib/nvidia-current/tls/libnvidia-tls.so.275.19
7f894c35b000-7f894c41b000 r-xp 00000000 08:05 768                        /usr/lib/nvidia-current/libGL.so.275.19
7f894c41b000-7f894c61a000 ---p 000c0000 08:05 768                        /usr/lib/nvidia-current/libGL.so.275.19
7f894c61a000-7f894c655000 rwxp 000bf000 08:05 768                        /usr/lib/nvidia-current/libGL.so.275.19
7f894c655000-7f894c66b000 rwxp 00000000 00:00 0 
7f894c66b000-7f894c66c000 ---p 00000000 00:00 0 
7f894c66c000-7f894ce6c000 rw-p 00000000 00:00 0 
7f8950c2b000-7f8950c2e000 ---p 00000000 00:00 0 
7f8950c2e000-7f8950d2c000 rw-p 00000000 00:00 0 
7f8950d2c000-7f8950d2f000 ---p 00000000 00:00 0 
7f8950d2f000-7f8950e2d000 rw-p 00000000 00:00 0 
7f8950e6d000-7f8950e6e000 ---p 00000000 00:00 0 
7f8950e6e000-7f895166e000 rw-p 00000000 00:00 0 
7f895166e000-7f8951674000 r-xp 00000000 08:05 1573092                    /usr/lib/libogg.so.0.7.0
7f8951674000-7f8951873000 ---p 00006000 08:05 1573092                    /usr/lib/libogg.so.0.7.0
7f8951873000-7f8951874000 r--p 00005000 08:05 1573092                    /usr/lib/libogg.so.0.7.0
7f8951874000-7f8951875000 rw-p 00006000 08:05 1573092                    /usr/lib/libogg.so.0.7.0
7f8951875000-7f89518a0000 r-xp 00000000 08:05 1582648                    /usr/lib/libvorbis.so.0.4.5
7f89518a0000-7f8951a9f000 ---p 0002b000 08:05 1582648                    /usr/lib/libvorbis.so.0.4.5
7f8951a9f000-7f8951aa0000 r--p 0002a000 08:05 1582648                    /usr/lib/libvorbis.so.0.4.5
7f8951aa0000-7f8951aa1000 rw-p 0002b000 08:05 1582648                    /usr/lib/libvorbis.so.0.4.5
7f8951aa1000-7f8951d54000 r-xp 00000000 08:05 1573212                    /usr/lib/libvorbisenc.so.2.0.8
7f8951d54000-7f8951f53000 ---p 002b3000 08:05 1573212                    /usr/lib/libvorbisenc.so.2.0.8
7f8951f53000-7f8951f6f000 r--p 002b2000 08:05 1573212                    /usr/lib/libvorbisenc.so.2.0.8
7f8951f6f000-7f8951f70000 rw-p 002ce000 08:05 1573212                    /usr/lib/libvorbisenc.so.2.0.8
7f8951f70000-7f8951fb8000 r-xp 00000000 08:05 1570101                    /usr/lib/libFLAC.so.8.2.0
7f8951fb8000-7f89521b8000 ---p 00048000 08:05 1570101                    /usr/lib/libFLAC.so.8.2.0
7f89521b8000-7f89521b9000 r--p 00048000 08:05 1570101                    /usr/lib/libFLAC.so.8.2.0
7f89521b9000-7f89521ba000 rw-p 00049000 08:05 1570101                    /usr/lib/libFLAC.so.8.2.0
7f89521ba000-7f895221b000 r-xp 00000000 08:05 1570821                    /usr/lib/libsndfile.so.1.0.23
7f895221b000-7f895241b000 ---p 00061000 08:05 1570821                    /usr/lib/libsndfile.so.1.0.23
7f895241b000-7f895241d000 r--p 00061000 08:05 1570821                    /usr/lib/libsndfile.so.1.0.23
7f895241d000-7f895241e000 rw-p 00063000 08:05 1570821                    /usr/lib/libsndfile.so.1.0.23
7f895241e000-7f8952422000 rw-p 00000000 00:00 0 
7f8952422000-7f895242a000 r-xp 00000000 08:05 538930                     /lib/libwrap.so.0.7.6
7f895242a000-7f895262a000 ---p 00008000 08:05 538930                     /lib/libwrap.so.0.7.6
7f895262a000-7f895262b000 r--p 00008000 08:05 538930                     /lib/libwrap.so.0.7.6
7f895262b000-7f895262c000 rw-p 00009000 08:05 538930                     /lib/libwrap.so.0.7.6
7f895262c000-7f895262d000 rw-p 00000000 00:00 0 
7f895262d000-7f8952631000 r-xp 00000000 08:05 534738                     /lib/x86_64-linux-gnu/libuuid.so.1.3.0
7f8952631000-7f8952830000 ---p 00004000 08:05 534738                     /lib/x86_64-linux-gnu/libuuid.so.1.3.0
7f8952830000-7f8952831000 r--p 00003000 08:05 534738                     /lib/x86_64-linux-gnu/libuuid.so.1.3.0
7f8952831000-7f8952832000 rw-p 00004000 08:05 534738                     /lib/x86_64-linux-gnu/libuuid.so.1.3.0
7f8952832000-7f8952874000 r-xp 00000000 08:05 525819                     /lib/x86_64-linux-gnu/libdbus-1.so.3.5.4
7f8952874000-7f8952a74000 ---p 00042000 08:05 525819                     /lib/x86_64-linux-gnu/libdbus-1.so.3.5.4
7f8952a74000-7f8952a75000 r--p 00042000 08:05 525819                     /lib/x86_64-linux-gnu/libdbus-1.so.3.5.4
7f8952a75000-7f8952a76000 rw-p 00043000 08:05 525819                     /lib/x86_64-linux-gnu/libdbus-1.so.3.5.4
7f8952a76000-7f8952ac1000 r-xp 00000000 08:05 1580900                    /usr/lib/libpulsecommon-0.9.22.so
7f8952ac1000-7f8952cc0000 ---p 0004b000 08:05 1580900                    /usr/lib/libpulsecommon-0.9.22.so
7f8952cc0000-7f8952cc1000 r--p 0004a000 08:05 1580900                    /usr/lib/libpulsecommon-0.9.22.so
7f8952cc1000-7f8952cc2000 rw-p 0004b000 08:05 1580900                    /usr/lib/libpulsecommon-0.9.22.so
7f8952cc2000-7f8952cc5000 r-xp 00000000 08:05 1573582                    /usr/lib/libxcb-atom.so.1.0.0
7f8952cc5000-7f8952ec5000 ---p 00003000 08:05 1573582                    /usr/lib/libxcb-atom.so.1.0.0
7f8952ec5000-7f8952ec6000 r--p 00003000 08:05 1573582                    /usr/lib/libxcb-atom.so.1.0.0
7f8952ec6000-7f8952ec7000 rw-p 00004000 08:05 1573582                    /usr/lib/libxcb-atom.so.1.0.0
7f8952ec7000-7f8952ece000 r-xp 00000000 08:05 1578963                    /usr/lib/x86_64-linux-gnu/libSM.so.6.0.1
7f8952ece000-7f89530cd000 ---p 00007000 08:05 1578963                    /usr/lib/x86_64-linux-gnu/libSM.so.6.0.1
7f89530cd000-7f89530ce000 r--p 00006000 08:05 1578963                    /usr/lib/x86_64-linux-gnu/libSM.so.6.0.1
7f89530ce000-7f89530cf000 rw-p 00007000 08:05 1578963                    /usr/lib/x86_64-linux-gnu/libSM.so.6.0.1
7f89530cf000-7f89530e5000 r-xp 00000000 08:05 1571606                    /usr/lib/x86_64-linux-gnu/libICE.so.6.3.0
7f89530e5000-7f89532e5000 ---p 00016000 08:05 1571606                    /usr/lib/x86_64-linux-gnu/libICE.so.6.3.0
7f89532e5000-7f89532e6000 r--p 00016000 08:05 1571606                    /usr/lib/x86_64-linux-gnu/libICE.so.6.3.0
7f89532e6000-7f89532e7000 rw-p 00017000 08:05 1571606                    /usr/lib/x86_64-linux-gnu/libICE.so.6.3.0
7f89532e7000-7f89532ea000 rw-p 00000000 00:00 0 
7f89532ea000-7f89532eb000 r-xp 00000000 08:05 1570508                    /usr/lib/x86_64-linux-gnu/libX11-xcb.so.1.0.0
7f89532eb000-7f89534ea000 ---p 00001000 08:05 1570508                    /usr/lib/x86_64-linux-gnu/libX11-xcb.so.1.0.0
7f89534ea000-7f89534eb000 r--p 00000000 08:05 1570508                    /usr/lib/x86_64-linux-gnu/libX11-xcb.so.1.0.0
7f89534eb000-7f89534ec000 rw-p 00001000 08:05 1570508                    /usr/lib/x86_64-linux-gnu/libX11-xcb.so.1.0.0
7f89534ec000-7f895352c000 r-xp 00000000 08:05 1573921                    /usr/lib/libpulse.so.0.12.3
7f895352c000-7f895372b000 ---p 00040000 08:05 1573921                    /usr/lib/libpulse.so.0.12.3
7f895372b000-7f895372c000 r--p 0003f000 08:05 1573921                    /usr/lib/libpulse.so.0.12.3
7f895372c000-7f895372d000 rw-p 00040000 08:05 1573921                    /usr/lib/libpulse.so.0.12.3
7f895372d000-7f8953779000 r-xp 00000000 08:05 525976                     /tmp/libgdx/3154261069/libopenal64.so
7f8953779000-7f8953978000 ---p 0004c000 08:05 525976                     /tmp/libgdx/3154261069/libopenal64.so
7f8953978000-7f895397a000 r--p 0004b000 08:05 525976                     /tmp/libgdx/3154261069/libopenal64.so
7f895397a000-7f895397b000 rw-p 0004d000 08:05 525976                     /tmp/libgdx/3154261069/libopenal64.so
7f895397b000-7f895397c000 rw-p 00000000 00:00 0 
7f895397c000-7f895397d000 r-xp 00000000 08:05 1597389                    /usr/lib/jvm/java-6-openjdk/jre/lib/amd64/libjawt.so
7f895397d000-7f8953b7c000 ---p 00001000 08:05 1597389                    /usr/lib/jvm/java-6-openjdk/jre/lib/amd64/libjawt.so
7f8953b7c000-7f8953b7d000 r--p 00000000 08:05 1597389                    /usr/lib/jvm/java-6-openjdk/jre/lib/amd64/libjawt.so
7f8953b7d000-7f8953b7e000 rw-p 00001000 08:05 1597389                    /usr/lib/jvm/java-6-openjdk/jre/lib/amd64/libjawt.so
7f8953b7e000-7f8953b83000 r-xp 00000000 08:05 1581972                    /usr/lib/x86_64-linux-gnu/libXxf86vm.so.1.0.0
7f8953b83000-7f8953d82000 ---p 00005000 08:05 1581972                    /usr/lib/x86_64-linux-gnu/libXxf86vm.so.1.0.0
7f8953d82000-7f8953d83000 r--p 00004000 08:05 1581972                    /usr/lib/x86_64-linux-gnu/libXxf86vm.so.1.0.0
7f8953d83000-7f8953d84000 rw-p 00005000 08:05 1581972                    /usr/lib/x86_64-linux-gnu/libXxf86vm.so.1.0.0
7f8953d84000-7f8953dfd000 r-xp 00000000 08:05 525990                     /tmp/libgdx/3154261069/liblwjgl64.so
7f8953dfd000-7f8953ffd000 ---p 00079000 08:05 525990                     /tmp/libgdx/3154261069/liblwjgl64.so
7f8953ffd000-7f8953fff000 r--p 00079000 08:05 525990                     /tmp/libgdx/3154261069/liblwjgl64.so
7f8953fff000-7f8954000000 rw-p 0007b000 08:05 525990                     /tmp/libgdx/3154261069/liblwjgl64.so
7f8954000000-7f895655c000 rw-p 00000000 00:00 0 
7f895655c000-7f8958000000 ---p 00000000 00:00 0 
7f8958039000-7f895803c000 ---p 00000000 00:00 0 
7f895803c000-7f895813a000 rw-p 00000000 00:00 0 
7f895813a000-7f895813d000 ---p 00000000 00:00 0 
7f895813d000-7f895823b000 rw-p 00000000 00:00 0 
7f895823b000-7f8958240000 r-xp 00000000 08:05 1570859                    /usr/lib/x86_64-linux-gnu/libXfixes.so.3.1.0
7f8958240000-7f895843f000 ---p 00005000 08:05 1570859                    /usr/lib/x86_64-linux-gnu/libXfixes.so.3.1.0
7f895843f000-7f8958440000 r--p 00004000 08:05 1570859                    /usr/lib/x86_64-linux-gnu/libXfixes.so.3.1.0
7f8958440000-7f8958441000 rw-p 00005000 08:05 1570859                    /usr/lib/x86_64-linux-gnu/libXfixes.so.3.1.0
7f8958441000-7f895844a000 r-xp 00000000 08:05 1573929                    /usr/lib/x86_64-linux-gnu/libXcursor.so.1.0.2
7f895844a000-7f8958649000 ---p 00009000 08:05 1573929                    /usr/lib/x86_64-linux-gnu/libXcursor.so.1.0.2
7f8958649000-7f895864a000 r--p 00008000 08:05 1573929                    /usr/lib/x86_64-linux-gnu/libXcursor.so.1.0.2
7f895864a000-7f895864b000 rw-p 00009000 08:05 1573929                    /usr/lib/x86_64-linux-gnu/libXcursor.so.1.0.2
7f895864b000-7f89586d7000 r-xp 00000000 08:05 525912                     /tmp/libgdx/3154261069/libgdx-64.so
7f89586d7000-7f89588d7000 ---p 0008c000 08:05 525912                     /tmp/libgdx/3154261069/libgdx-64.so
7f89588d7000-7f89588d8000 r--p 0008c000 08:05 525912                     /tmp/libgdx/3154261069/libgdx-64.so
7f89588d8000-7f89588d9000 rw-p 0008d000 08:05 525912                     /tmp/libgdx/3154261069/libgdx-64.so
7f89588d9000-7f89588dc000 rw-p 00000000 00:00 0 
7f89588dc000-7f89588dd000 r--s 00000000 08:05 532633                     /var/cache/fontconfig/26de28bc8622bbc1fb67fd234c21975f-le64.cache-3
7f89588dd000-7f89588de000 r--s 00000000 08:05 554485                     /var/cache/fontconfig/c05880de57d1f5e948fdfacc138775d9-le64.cache-3
7f89588de000-7f89588e7000 r--s 00000000 08:05 527845                     /var/cache/fontconfig/945677eb7aeaf62f1d50efc3fb3ec7d8-le64.cache-3
7f89588e7000-7f89588e9000 r--s 00000000 08:05 554480                     /var/cache/fontconfig/99e8ed0e538f840c565b6ed5dad60d56-le64.cache-3
7f89588e9000-7f89588ec000 r--s 00000000 08:05 554411                     /var/cache/fontconfig/f24b2111ab8703b4e963115a8cf14259-le64.cache-3
7f89588ec000-7f89588ef000 r--s 00000000 08:05 554479                     /var/cache/fontconfig/e383d7ea5fbe662a33d9b44caf393297-le64.cache-3
7f89588ef000-7f89588f2000 r--s 00000000 08:05 554477                     /var/cache/fontconfig/2cd17615ca594fa2959ae173292e504c-le64.cache-3
7f89588f2000-7f89588f3000 r--s 00000000 08:05 554471                     /var/cache/fontconfig/e7071f4a29fa870f4323321c154eba04-le64.cache-3
7f89588f3000-7f89588f7000 r--s 00000000 08:05 554470                     /var/cache/fontconfig/6eb3985aa4124903f6ff08ba781cd364-le64.cache-3
7f89588f7000-7f89588fc000 r--s 00000000 08:05 554453                     /var/cache/fontconfig/062808c12e6e608270f93bb230aed730-le64.cache-3
7f89588fc000-7f8958902000 r--s 00000000 08:05 554429                     /var/cache/fontconfig/a755afe4a08bf5b97852ceb7400b47bc-le64.cache-3
7f8958902000-7f8958907000 r--s 00000000 08:05 554452                     /var/cache/fontconfig/515ca1ebc4b18308bea979be5704f9db-le64.cache-3
7f8958907000-7f8958910000 r--s 00000000 08:05 554448                     /var/cache/fontconfig/6d41288fd70b0be22e8c3a91e032eec0-le64.cache-3
7f8958910000-7f8958920000 r--s 00000000 08:05 554447                     /var/cache/fontconfig/0f34bcd4b6ee430af32735b75db7f02b-le64.cache-3
7f8958920000-7f895894e000 r--s 00000000 08:05 554435                     /var/cache/fontconfig/365b55f210c0a22e9a19e35191240f32-le64.cache-3
7f895894e000-7f8958958000 r--s 00000000 08:05 554433                     /var/cache/fontconfig/d52a8644073d54c13679302ca1180695-le64.cache-3
7f895898d000-7f8958991000 rw-s 972c8000 00:05 10514                      /dev/nvidia0
7f89589d1000-7f89589d4000 ---p 00000000 00:00 0 
7f89589d4000-7f8958ad2000 rw-p 00000000 00:00 0 
7f8958ad2000-7f8958ad3000 r--s 00000000 08:05 532633                     /var/cache/fontconfig/26de28bc8622bbc1fb67fd234c21975f-le64.cache-3
7f8958ad3000-7f8958ad4000 r--s 00000000 08:05 554485                     /var/cache/fontconfig/c05880de57d1f5e948fdfacc138775d9-le64.cache-3
7f8958ad4000-7f8958add000 r--s 00000000 08:05 527845                     /var/cache/fontconfig/945677eb7aeaf62f1d50efc3fb3ec7d8-le64.cache-3
7f8958add000-7f8958adf000 r--s 00000000 08:05 554480                     /var/cache/fontconfig/99e8ed0e538f840c565b6ed5dad60d56-le64.cache-3
7f8958adf000-7f8958ae2000 r--s 00000000 08:05 554411                     /var/cache/fontconfig/f24b2111ab8703b4e963115a8cf14259-le64.cache-3
7f8958ae2000-7f8958ae5000 r--s 00000000 08:05 554479                     /var/cache/fontconfig/e383d7ea5fbe662a33d9b44caf393297-le64.cache-3
7f8958ae5000-7f8958ae8000 r--s 00000000 08:05 554477                     /var/cache/fontconfig/2cd17615ca594fa2959ae173292e504c-le64.cache-3
7f8958ae8000-7f8958ae9000 r--s 00000000 08:05 554471                     /var/cache/fontconfig/e7071f4a29fa870f4323321c154eba04-le64.cache-3
7f8958ae9000-7f8958aed000 r--s 00000000 08:05 554470                     /var/cache/fontconfig/6eb3985aa4124903f6ff08ba781cd364-le64.cache-3
7f8958aed000-7f8958aee000 r--s 00000000 08:05 554466                     /var/cache/fontconfig/4c73fe0c47614734b17d736dbde7580a-le64.cache-3
7f8958aee000-7f8958aef000 r--s 00000000 08:05 554459                     /var/cache/fontconfig/0d8c3b2ac0904cb8a57a757ad11a4a08-le64.cache-3
7f8958aef000-7f8958af0000 r--s 00000000 08:05 554454                     /var/cache/fontconfig/6a53c69dea097a2d716e069445527da8-le64.cache-3
7f8958af0000-7f8958af5000 r--s 00000000 08:05 554453                     /var/cache/fontconfig/062808c12e6e608270f93bb230aed730-le64.cache-3
7f8958af5000-7f8958afb000 r--s 00000000 08:05 554429                     /var/cache/fontconfig/a755afe4a08bf5b97852ceb7400b47bc-le64.cache-3
7f8958afb000-7f8958b00000 r--s 00000000 08:05 554452                     /var/cache/fontconfig/515ca1ebc4b18308bea979be5704f9db-le64.cache-3
7f8958b00000-7f8958b09000 r--s 00000000 08:05 554448                     /var/cache/fontconfig/6d41288fd70b0be22e8c3a91e032eec0-le64.cache-3
7f8958b09000-7f8958b19000 r--s 00000000 08:05 554447                     /var/cache/fontconfig/0f34bcd4b6ee430af32735b75db7f02b-le64.cache-3
7f8958b19000-7f8958b1c000 r--s 00000000 08:05 554441                     /var/cache/fontconfig/d60319d88cac85ba9e1a07bd06cfbb8c-le64.cache-3
7f8958b1c000-7f8958b1d000 r--s 00000000 08:05 554034                     /var/cache/fontconfig/4794a0821666d79190d59a36cb4f44b5-le64.cache-3
7f8958b1d000-7f8958b4b000 r--s 00000000 08:05 554435                     /var/cache/fontconfig/365b55f210c0a22e9a19e35191240f32-le64.cache-3
7f8958b4b000-7f8958b55000 r--s 00000000 08:05 554433                     /var/cache/fontconfig/d52a8644073d54c13679302ca1180695-le64.cache-3
7f8958b56000-7f8958b5e000 r-xp 00000000 08:05 1581969                    /usr/lib/x86_64-linux-gnu/libXrandr.so.2.2.0
7f8958b5e000-7f8958d5d000 ---p 00008000 08:05 1581969                    /usr/lib/x86_64-linux-gnu/libXrandr.so.2.2.0
7f8958d5d000-7f8958d5e000 r--p 00007000 08:05 1581969                    /usr/lib/x86_64-linux-gnu/libXrandr.so.2.2.0
7f8958d5e000-7f8958d5f000 rw-p 00008000 08:05 1581969                    /usr/lib/x86_64-linux-gnu/libXrandr.so.2.2.0
7f8958d84000-7f8958d85000 rw-s fb060000 00:05 10514                      /dev/nvidia0
7f8958d85000-7f8958d8c000 r--s 000fb000 08:05 1597348                    /usr/lib/jvm/java-6-openjdk/jre/lib/resources.jar
7f8958d8c000-7f8958d8d000 r--s 00000000 08:05 554418                     /var/cache/fontconfig/ec648e9a1aea82bddd4bd6050028158d-le64.cache-3
7f8958d8d000-7f8958da0000 r--s 00000000 08:05 538224                     /var/cache/fontconfig/e13b20fdb08344e0e664864cc2ede53d-le64.cache-3
7f8958da0000-7f8958da4000 r--s 00000000 08:05 538228                     /var/cache/fontconfig/7ef2298fde41cc6eeb7af42e48b7d293-le64.cache-3
7f8958da4000-7f8958db8000 r--s 00000000 08:05 527842                     /var/cache/fontconfig/865f88548240fee46819705c6468c165-le64.cache-3
7f8958db8000-7f8958dbb000 ---p 00000000 00:00 0 
7f8958dbb000-7f8958eb9000 rw-p 00000000 00:00 0 
7f8958eb9000-7f8958f4c000 r-xp 00000000 08:05 1574433                    /usr/lib/x86_64-linux-gnu/libfreetype.so.6.6.2
7f8958f4c000-7f895914b000 ---p 00093000 08:05 1574433                    /usr/lib/x86_64-linux-gnu/libfreetype.so.6.6.2
7f895914b000-7f8959151000 r--p 00092000 08:05 1574433                    /usr/lib/x86_64-linux-gnu/libfreetype.so.6.6.2
7f8959151000-7f8959152000 rw-p 00098000 08:05 1574433                    /usr/lib/x86_64-linux-gnu/libfreetype.so.6.6.2
7f8959152000-7f895918b000 r-xp 00000000 08:05 1597379                    /usr/lib/jvm/java-6-openjdk/jre/lib/amd64/libfontmanager.so
7f895918b000-7f895938a000 ---p 00039000 08:05 1597379                    /usr/lib/jvm/java-6-openjdk/jre/lib/amd64/libfontmanager.so
7f895938a000-7f895938c000 r--p 00038000 08:05 1597379                    /usr/lib/jvm/java-6-openjdk/jre/lib/amd64/libfontmanager.so
7f895938c000-7f895938d000 rw-p 0003a000 08:05 1597379                    /usr/lib/jvm/java-6-openjdk/jre/lib/amd64/libfontmanager.so
7f895938d000-7f8959392000 r-xp 00000000 08:05 1573561                    /usr/lib/x86_64-linux-gnu/libXdmcp.so.6.0.0
7f8959392000-7f8959591000 ---p 00005000 08:05 1573561                    /usr/lib/x86_64-linux-gnu/libXdmcp.so.6.0.0
7f8959591000-7f8959592000 r--p 00004000 08:05 1573561                    /usr/lib/x86_64-linux-gnu/libXdmcp.so.6.0.0
7f8959592000-7f8959593000 rw-p 00005000 08:05 1573561                    /usr/lib/x86_64-linux-gnu/libXdmcp.so.6.0.0
7f8959593000-7f8959595000 r-xp 00000000 08:05 1570542                    /usr/lib/x86_64-linux-gnu/libXau.so.6.0.0
7f8959595000-7f8959794000 ---p 00002000 08:05 1570542                    /usr/lib/x86_64-linux-gnu/libXau.so.6.0.0
7f8959794000-7f8959795000 r--p 00001000 08:05 1570542                    /usr/lib/x86_64-linux-gnu/libXau.so.6.0.0
7f8959795000-7f8959796000 rw-p 00002000 08:05 1570542                    /usr/lib/x86_64-linux-gnu/libXau.so.6.0.0
7f8959796000-7f89597b1000 r-xp 00000000 08:05 1572615                    /usr/lib/x86_64-linux-gnu/libxcb.so.1.1.0
7f89597b1000-7f89599b0000 ---p 0001b000 08:05 1572615                    /usr/lib/x86_64-linux-gnu/libxcb.so.1.1.0
7f89599b0000-7f89599b1000 r--p 0001a000 08:05 1572615                    /usr/lib/x86_64-linux-gnu/libxcb.so.1.1.0
7f89599b1000-7f89599b2000 rw-p 0001b000 08:05 1572615                    /usr/lib/x86_64-linux-gnu/libxcb.so.1.1.0
7f89599b2000-7f89599c1000 r-xp 00000000 08:05 1613065                    /usr/lib/x86_64-linux-gnu/libXi.so.6.1.0
7f89599c1000-7f8959bc0000 ---p 0000f000 08:05 1613065                    /usr/lib/x86_64-linux-gnu/libXi.so.6.1.0
7f8959bc0000-7f8959bc1000 r--p 0000e000 08:05 1613065                    /usr/lib/x86_64-linux-gnu/libXi.so.6.1.0
7f8959bc1000-7f8959bc2000 rw-p 0000f000 08:05 1613065                    /usr/lib/x86_64-linux-gnu/libXi.so.6.1.0
7f8959bc2000-7f8959bc7000 r-xp 00000000 08:05 1572606                    /usr/lib/libXtst.so.6.1.0
7f8959bc7000-7f8959dc6000 ---p 00005000 08:05 1572606                    /usr/lib/libXtst.so.6.1.0
7f8959dc6000-7f8959dc7000 r--p 00004000 08:05 1572606                    /usr/lib/libXtst.so.6.1.0
7f8959dc7000-7f8959dc8000 rw-p 00005000 08:05 1572606                    /usr/lib/libXtst.so.6.1.0
7f8959dc8000-7f8959dd1000 r-xp 00000000 08:05 1570620                    /usr/lib/x86_64-linux-gnu/libXrender.so.1.3.0
7f8959dd1000-7f8959fd1000 ---p 00009000 08:05 1570620                    /usr/lib/x86_64-linux-gnu/libXrender.so.1.3.0
7f8959fd1000-7f8959fd2000 r--p 00009000 08:05 1570620                    /usr/lib/x86_64-linux-gnu/libXrender.so.1.3.0
7f8959fd2000-7f8959fd3000 rw-p 0000a000 08:05 1570620                    /usr/lib/x86_64-linux-gnu/libXrender.so.1.3.0
7f8959fd3000-7f895a108000 r-xp 00000000 08:05 1573591                    /usr/lib/x86_64-linux-gnu/libX11.so.6.3.0
7f895a108000-7f895a308000 ---p 00135000 08:05 1573591                    /usr/lib/x86_64-linux-gnu/libX11.so.6.3.0
7f895a308000-7f895a309000 r--p 00135000 08:05 1573591                    /usr/lib/x86_64-linux-gnu/libX11.so.6.3.0
7f895a309000-7f895a30d000 rw-p 00136000 08:05 1573591                    /usr/lib/x86_64-linux-gnu/libX11.so.6.3.0
7f895a30d000-7f895a31e000 r-xp 00000000 08:05 1571673                    /usr/lib/x86_64-linux-gnu/libXext.so.6.4.0
7f895a31e000-7f895a51d000 ---p 00011000 08:05 1571673                    /usr/lib/x86_64-linux-gnu/libXext.so.6.4.0
7f895a51d000-7f895a51e000 r--p 00010000 08:05 1571673                    /usr/lib/x86_64-linux-gnu/libXext.so.6.4.0
7f895a51e000-7f895a51f000 rw-p 00011000 08:05 1571673                    /usr/lib/x86_64-linux-gnu/libXext.so.6.4.0
7f895a51f000-7f895a520000 r--p 00000000 00:00 0 
7f895a520000-7f895a521000 r--s 00000000 08:05 1340105                    /home/bompo/.fontconfig/aa7e4f27e681240d22a1f116cf7520f0-le64.cache-3
7f895a521000-7f895a522000 r--s 00000000 08:05 554466                     /var/cache/fontconfig/4c73fe0c47614734b17d736dbde7580a-le64.cache-3
7f895a522000-7f895a525000 r--s 00000000 08:05 554441                     /var/cache/fontconfig/d60319d88cac85ba9e1a07bd06cfbb8c-le64.cache-3
7f895a525000-7f895a538000 r--s 00000000 08:05 538224                     /var/cache/fontconfig/e13b20fdb08344e0e664864cc2ede53d-le64.cache-3
7f895a538000-7f895a54c000 r--s 00000000 08:05 527842                     /var/cache/fontconfig/865f88548240fee46819705c6468c165-le64.cache-3
7f895a54c000-7f895a597000 r-xp 00000000 08:05 1597420                    /usr/lib/jvm/java-6-openjdk/jre/lib/amd64/xawt/libmawt.so
7f895a597000-7f895a797000 ---p 0004b000 08:05 1597420                    /usr/lib/jvm/java-6-openjdk/jre/lib/amd64/xawt/libmawt.so
7f895a797000-7f895a798000 r--p 0004b000 08:05 1597420                    /usr/lib/jvm/java-6-openjdk/jre/lib/amd64/xawt/libmawt.so
7f895a798000-7f895a79b000 rw-p 0004c000 08:05 1597420                    /usr/lib/jvm/java-6-openjdk/jre/lib/amd64/xawt/libmawt.so
7f895a79b000-7f895a79c000 rw-p 00000000 00:00 0 
7f895a79c000-7f895a845000 r-xp 00000000 08:05 1597388                    /usr/lib/jvm/java-6-openjdk/jre/lib/amd64/libawt.so
7f895a845000-7f895aa44000 ---p 000a9000 08:05 1597388                    /usr/lib/jvm/java-6-openjdk/jre/lib/amd64/libawt.so
7f895aa44000-7f895aa45000 r--p 000a8000 08:05 1597388                    /usr/lib/jvm/java-6-openjdk/jre/lib/amd64/libawt.so
7f895aa45000-7f895aa50000 rw-p 000a9000 08:05 1597388                    /usr/lib/jvm/java-6-openjdk/jre/lib/amd64/libawt.so
7f895aa50000-7f895aa75000 rw-p 00000000 00:00 0 
7f895aa75000-7f895aa86000 r--s 0011a000 08:05 1315805                    /home/bompo/git/mgcube/libs/gdx-backend-lwjgl.jar
7f895aa86000-7f895aa87000 ---p 00000000 00:00 0 
7f895aa87000-7f895ab87000 rw-p 00000000 00:00 0 
7f895ab87000-7f895ab8a000 ---p 00000000 00:00 0 
7f895ab8a000-7f895ac88000 rw-p 00000000 00:00 0 
7f895ac88000-7f895ac8b000 ---p 00000000 00:00 0 
7f895ac8b000-7f895ad89000 rw-p 00000000 00:00 0 
7f895ad89000-7f895ad8c000 ---p 00000000 00:00 0 
7f895ad8c000-7f895ae8a000 rw-p 00000000 00:00 0 
7f895ae8a000-7f895ae8d000 ---p 00000000 00:00 0 
7f895ae8d000-7f895af8b000 rw-p 00000000 00:00 0 
7f895af8b000-7f895af8e000 ---p 00000000 00:00 0 
7f895af8e000-7f895b08c000 rw-p 00000000 00:00 0 
7f895b08c000-7f895b08f000 ---p 00000000 00:00 0 
7f895b08f000-7f895b18d000 rw-p 00000000 00:00 0 
7f895b18d000-7f895b191000 r-xp 00000000 08:05 1597360                    /usr/lib/jvm/java-6-openjdk/jre/lib/amd64/libdt_socket.so
7f895b191000-7f895b390000 ---p 00004000 08:05 1597360                    /usr/lib/jvm/java-6-openjdk/jre/lib/amd64/libdt_socket.so
7f895b390000-7f895b391000 r--p 00003000 08:05 1597360                    /usr/lib/jvm/java-6-openjdk/jre/lib/amd64/libdt_socket.so
7f895b391000-7f895b392000 rw-p 00004000 08:05 1597360                    /usr/lib/jvm/java-6-openjdk/jre/lib/amd64/libdt_socket.so
7f895b392000-7f895b395000 ---p 00000000 00:00 0 
7f895b395000-7f895b493000 rw-p 00000000 00:00 0 
7f895b493000-7f895b496000 ---p 00000000 00:00 0 
7f895b496000-7f895b594000 rw-p 00000000 00:00 0 
7f895b594000-7f895b597000 ---p 00000000 00:00 0 
7f895b597000-7f895b695000 rw-p 00000000 00:00 0 
7f895b695000-7f895b696000 ---p 00000000 00:00 0 
7f895b696000-7f895bcce000 rw-p 00000000 00:00 0 
7f895bcce000-7f895be5e000 r--s 037af000 08:05 1597397                    /usr/lib/jvm/java-6-openjdk/jre/lib/rt.jar
7f895be5e000-7f895be86000 rw-p 00000000 00:00 0 
7f895be86000-7f895be87000 ---p 00000000 00:00 0 
7f895be87000-7f895bf87000 rw-p 00000000 00:00 0 
7f895bf87000-7f895bf88000 ---p 00000000 00:00 0 
7f895bf88000-7f895c088000 rw-p 00000000 00:00 0 
7f895c088000-7f895c089000 ---p 00000000 00:00 0 
7f895c089000-7f895c189000 rw-p 00000000 00:00 0 
7f895c189000-7f895c18a000 ---p 00000000 00:00 0 
7f895c18a000-7f895c295000 rw-p 00000000 00:00 0 
7f895c295000-7f895c2dd000 rw-p 00000000 00:00 0 
7f895c2dd000-7f895c2f2000 rw-p 00000000 00:00 0 
7f895c2f2000-7f895c427000 rw-p 00000000 00:00 0 
7f895c427000-7f895c432000 rw-p 00000000 00:00 0 
7f895c432000-7f895c47a000 rw-p 00000000 00:00 0 
7f895c47a000-7f895c48f000 rw-p 00000000 00:00 0 
7f895c48f000-7f895c5c4000 rw-p 00000000 00:00 0 
7f895c5c4000-7f895c5cf000 rw-p 00000000 00:00 0 
7f895c5cf000-7f895c669000 rw-p 00000000 00:00 0 
7f895c669000-7f895c66a000 rw-p 00000000 00:00 0 
7f895c66a000-7f895c8da000 rwxp 00000000 00:00 0 
7f895c8da000-7f895f66a000 rw-p 00000000 00:00 0 
7f895f66a000-7f895f671000 r-xp 00000000 08:05 1597383                    /usr/lib/jvm/java-6-openjdk/jre/lib/amd64/libzip.so
7f895f671000-7f895f870000 ---p 00007000 08:05 1597383                    /usr/lib/jvm/java-6-openjdk/jre/lib/amd64/libzip.so
7f895f870000-7f895f871000 r--p 00006000 08:05 1597383                    /usr/lib/jvm/java-6-openjdk/jre/lib/amd64/libzip.so
7f895f871000-7f895f872000 rw-p 00007000 08:05 1597383                    /usr/lib/jvm/java-6-openjdk/jre/lib/amd64/libzip.so
7f895f872000-7f895f87e000 r-xp 00000000 08:05 535712                     /lib/x86_64-linux-gnu/libnss_files-2.13.so
7f895f87e000-7f895fa7d000 ---p 0000c000 08:05 535712                     /lib/x86_64-linux-gnu/libnss_files-2.13.so
7f895fa7d000-7f895fa7e000 r--p 0000b000 08:05 535712                     /lib/x86_64-linux-gnu/libnss_files-2.13.so
7f895fa7e000-7f895fa7f000 rw-p 0000c000 08:05 535712                     /lib/x86_64-linux-gnu/libnss_files-2.13.so
7f895fa7f000-7f895fa8a000 r-xp 00000000 08:05 535714                     /lib/x86_64-linux-gnu/libnss_nis-2.13.so
7f895fa8a000-7f895fc89000 ---p 0000b000 08:05 535714                     /lib/x86_64-linux-gnu/libnss_nis-2.13.so
7f895fc89000-7f895fc8a000 r--p 0000a000 08:05 535714                     /lib/x86_64-linux-gnu/libnss_nis-2.13.so
7f895fc8a000-7f895fc8b000 rw-p 0000b000 08:05 535714                     /lib/x86_64-linux-gnu/libnss_nis-2.13.so
7f895fc8b000-7f895fc93000 r-xp 00000000 08:05 535710                     /lib/x86_64-linux-gnu/libnss_compat-2.13.so
7f895fc93000-7f895fe92000 ---p 00008000 08:05 535710                     /lib/x86_64-linux-gnu/libnss_compat-2.13.so
7f895fe92000-7f895fe93000 r--p 00007000 08:05 535710                     /lib/x86_64-linux-gnu/libnss_compat-2.13.so
7f895fe93000-7f895fe94000 rw-p 00008000 08:05 535710                     /lib/x86_64-linux-gnu/libnss_compat-2.13.so
7f895fe94000-7f896029c000 r--p 00000000 08:05 1570348                    /usr/lib/locale/locale-archive
7f896029c000-7f896029f000 r-xp 00000000 08:05 1597375                    /usr/lib/jvm/java-6-openjdk/jre/lib/amd64/libnpt.so
7f896029f000-7f896049e000 ---p 00003000 08:05 1597375                    /usr/lib/jvm/java-6-openjdk/jre/lib/amd64/libnpt.so
7f896049e000-7f896049f000 r--p 00002000 08:05 1597375                    /usr/lib/jvm/java-6-openjdk/jre/lib/amd64/libnpt.so
7f896049f000-7f89604a0000 rw-p 00003000 08:05 1597375                    /usr/lib/jvm/java-6-openjdk/jre/lib/amd64/libnpt.so
7f89604a0000-7f89604da000 r-xp 00000000 08:05 1597374                    /usr/lib/jvm/java-6-openjdk/jre/lib/amd64/libjdwp.so
7f89604da000-7f89606d9000 ---p 0003a000 08:05 1597374                    /usr/lib/jvm/java-6-openjdk/jre/lib/amd64/libjdwp.so
7f89606d9000-7f89606da000 r--p 00039000 08:05 1597374                    /usr/lib/jvm/java-6-openjdk/jre/lib/amd64/libjdwp.so
7f89606da000-7f89606db000 rw-p 0003a000 08:05 1597374                    /usr/lib/jvm/java-6-openjdk/jre/lib/amd64/libjdwp.so
7f89606db000-7f89606f2000 r-xp 00000000 08:05 535709                     /lib/x86_64-linux-gnu/libnsl-2.13.so
7f89606f2000-7f89608f1000 ---p 00017000 08:05 535709                     /lib/x86_64-linux-gnu/libnsl-2.13.so
7f89608f1000-7f89608f2000 r--p 00016000 08:05 535709                     /lib/x86_64-linux-gnu/libnsl-2.13.so
7f89608f2000-7f89608f3000 rw-p 00017000 08:05 535709                     /lib/x86_64-linux-gnu/libnsl-2.13.so
7f89608f3000-7f89608f5000 rw-p 00000000 00:00 0 
7f89608f5000-7f8960921000 r-xp 00000000 08:05 1597382                    /usr/lib/jvm/java-6-openjdk/jre/lib/amd64/libjava.so
7f8960921000-7f8960b20000 ---p 0002c000 08:05 1597382                    /usr/lib/jvm/java-6-openjdk/jre/lib/amd64/libjava.so
7f8960b20000-7f8960b21000 r--p 0002b000 08:05 1597382                    /usr/lib/jvm/java-6-openjdk/jre/lib/amd64/libjava.so
7f8960b21000-7f8960b24000 rw-p 0002c000 08:05 1597382                    /usr/lib/jvm/java-6-openjdk/jre/lib/amd64/libjava.so
7f8960b24000-7f8960b32000 r-xp 00000000 08:05 1597368                    /usr/lib/jvm/java-6-openjdk/jre/lib/amd64/libverify.so
7f8960b32000-7f8960d31000 ---p 0000e000 08:05 1597368                    /usr/lib/jvm/java-6-openjdk/jre/lib/amd64/libverify.so
7f8960d31000-7f8960d33000 r--p 0000d000 08:05 1597368                    /usr/lib/jvm/java-6-openjdk/jre/lib/amd64/libverify.so
7f8960d33000-7f8960d34000 rw-p 0000f000 08:05 1597368                    /usr/lib/jvm/java-6-openjdk/jre/lib/amd64/libverify.so
7f8960d34000-7f8960d3b000 r-xp 00000000 08:05 535724                     /lib/x86_64-linux-gnu/librt-2.13.so
7f8960d3b000-7f8960f3a000 ---p 00007000 08:05 535724                     /lib/x86_64-linux-gnu/librt-2.13.so
7f8960f3a000-7f8960f3b000 r--p 00006000 08:05 535724                     /lib/x86_64-linux-gnu/librt-2.13.so
7f8960f3b000-7f8960f3c000 rw-p 00007000 08:05 535724                     /lib/x86_64-linux-gnu/librt-2.13.so
7f8960f3c000-7f8960f51000 r-xp 00000000 08:05 528127                     /lib/x86_64-linux-gnu/libgcc_s.so.1
7f8960f51000-7f8961150000 ---p 00015000 08:05 528127                     /lib/x86_64-linux-gnu/libgcc_s.so.1
7f8961150000-7f8961151000 r--p 00014000 08:05 528127                     /lib/x86_64-linux-gnu/libgcc_s.so.1
7f8961151000-7f8961152000 rw-p 00015000 08:05 528127                     /lib/x86_64-linux-gnu/libgcc_s.so.1
7f8961152000-7f89611d6000 r-xp 00000000 08:05 535703                     /lib/x86_64-linux-gnu/libm-2.13.so
7f89611d6000-7f89613d5000 ---p 00084000 08:05 535703                     /lib/x86_64-linux-gnu/libm-2.13.so
7f89613d5000-7f89613d6000 r--p 00083000 08:05 535703                     /lib/x86_64-linux-gnu/libm-2.13.so
7f89613d6000-7f89613d7000 rw-p 00084000 08:05 535703                     /lib/x86_64-linux-gnu/libm-2.13.so
7f89613d7000-7f89614bf000 r-xp 00000000 08:05 1571250                    /usr/lib/x86_64-linux-gnu/libstdc++.so.6.0.14
7f89614bf000-7f89616be000 ---p 000e8000 08:05 1571250                    /usr/lib/x86_64-linux-gnu/libstdc++.so.6.0.14
7f89616be000-7f89616c6000 r--p 000e7000 08:05 1571250                    /usr/lib/x86_64-linux-gnu/libstdc++.so.6.0.14
7f89616c6000-7f89616c8000 rw-p 000ef000 08:05 1571250                    /usr/lib/x86_64-linux-gnu/libstdc++.so.6.0.14
7f89616c8000-7f89616dd000 rw-p 00000000 00:00 0 
7f89616dd000-7f8962032000 r-xp 00000000 08:05 1597385                    /usr/lib/jvm/java-6-openjdk/jre/lib/amd64/server/libjvm.so
7f8962032000-7f8962231000 ---p 00955000 08:05 1597385                    /usr/lib/jvm/java-6-openjdk/jre/lib/amd64/server/libjvm.so
7f8962231000-7f89622b2000 r--p 00954000 08:05 1597385                    /usr/lib/jvm/java-6-openjdk/jre/lib/amd64/server/libjvm.so
7f89622b2000-7f89622cd000 rw-p 009d5000 08:05 1597385                    /usr/lib/jvm/java-6-openjdk/jre/lib/amd64/server/libjvm.so
7f89622cd000-7f89622f6000 rw-p 00000000 00:00 0 
7f89622f6000-7f8962480000 r-xp 00000000 08:05 535697                     /lib/x86_64-linux-gnu/libc-2.13.so
7f8962480000-7f896267f000 ---p 0018a000 08:05 535697                     /lib/x86_64-linux-gnu/libc-2.13.so
7f896267f000-7f8962683000 r--p 00189000 08:05 535697                     /lib/x86_64-linux-gnu/libc-2.13.so
7f8962683000-7f8962684000 rw-p 0018d000 08:05 535697                     /lib/x86_64-linux-gnu/libc-2.13.so
7f8962684000-7f896268a000 rw-p 00000000 00:00 0 
7f896268a000-7f896268c000 r-xp 00000000 08:05 535702                     /lib/x86_64-linux-gnu/libdl-2.13.so
7f896268c000-7f896288c000 ---p 00002000 08:05 535702                     /lib/x86_64-linux-gnu/libdl-2.13.so
7f896288c000-7f896288d000 r--p 00002000 08:05 535702                     /lib/x86_64-linux-gnu/libdl-2.13.so
7f896288d000-7f896288e000 rw-p 00003000 08:05 535702                     /lib/x86_64-linux-gnu/libdl-2.13.so
7f896288e000-7f8962892000 r-xp 00000000 08:05 1597366                    /usr/lib/jvm/java-6-openjdk/jre/lib/amd64/jli/libjli.so
7f8962892000-7f8962a91000 ---p 00004000 08:05 1597366                    /usr/lib/jvm/java-6-openjdk/jre/lib/amd64/jli/libjli.so
7f8962a91000-7f8962a92000 r--p 00003000 08:05 1597366                    /usr/lib/jvm/java-6-openjdk/jre/lib/amd64/jli/libjli.so
7f8962a92000-7f8962a93000 rw-p 00004000 08:05 1597366                    /usr/lib/jvm/java-6-openjdk/jre/lib/amd64/jli/libjli.so
7f8962a93000-7f8962aab000 r-xp 00000000 08:05 535718                     /lib/x86_64-linux-gnu/libpthread-2.13.so
7f8962aab000-7f8962cab000 ---p 00018000 08:05 535718                     /lib/x86_64-linux-gnu/libpthread-2.13.so
7f8962cab000-7f8962cac000 r--p 00018000 08:05 535718                     /lib/x86_64-linux-gnu/libpthread-2.13.so
7f8962cac000-7f8962cad000 rw-p 00019000 08:05 535718                     /lib/x86_64-linux-gnu/libpthread-2.13.so
7f8962cad000-7f8962cb1000 rw-p 00000000 00:00 0 
7f8962cb1000-7f8962cc8000 r-xp 00000000 08:05 535781                     /lib/x86_64-linux-gnu/libz.so.1.2.3.4
7f8962cc8000-7f8962ec7000 ---p 00017000 08:05 535781                     /lib/x86_64-linux-gnu/libz.so.1.2.3.4
7f8962ec7000-7f8962ec8000 r--p 00016000 08:05 535781                     /lib/x86_64-linux-gnu/libz.so.1.2.3.4
7f8962ec8000-7f8962ec9000 rw-p 00017000 08:05 535781                     /lib/x86_64-linux-gnu/libz.so.1.2.3.4
7f8962ec9000-7f8962eea000 r-xp 00000000 08:05 535673                     /lib/x86_64-linux-gnu/ld-2.13.so
7f8962eea000-7f8962eeb000 r--s 00000000 08:05 554459                     /var/cache/fontconfig/0d8c3b2ac0904cb8a57a757ad11a4a08-le64.cache-3
7f8962eeb000-7f8962eec000 r--s 00000000 08:05 554454                     /var/cache/fontconfig/6a53c69dea097a2d716e069445527da8-le64.cache-3
7f8962eec000-7f8962eed000 r--s 00000000 08:05 554034                     /var/cache/fontconfig/4794a0821666d79190d59a36cb4f44b5-le64.cache-3
7f8962eed000-7f8962eee000 r--s 00000000 08:05 554418                     /var/cache/fontconfig/ec648e9a1aea82bddd4bd6050028158d-le64.cache-3
7f8962eee000-7f8962ef2000 r--s 00000000 08:05 538228                     /var/cache/fontconfig/7ef2298fde41cc6eeb7af42e48b7d293-le64.cache-3
7f8962ef2000-7f8962ef3000 r--s 00000000 08:05 1340105                    /home/bompo/.fontconfig/aa7e4f27e681240d22a1f116cf7520f0-le64.cache-3
7f8962ef3000-7f8962ef4000 r--s 00007000 08:05 1328895                    /home/bompo/git/mgcube/libs/gdx-backend-lwjgl-sources.jar
7f8962ef4000-7f8962efe000 rw-p 00000000 00:00 0 
7f8962efe000-7f8962fb4000 rw-p 00000000 00:00 0 
7f8962fb4000-7f8962fb7000 ---p 00000000 00:00 0 
7f8962fb7000-7f89630ba000 rw-p 00000000 00:00 0 
7f89630ba000-7f89630bb000 r--s 00127000 08:05 1326708                    /home/bompo/git/mgcube/libs/gdx-backend-lwjgl-natives.jar
7f89630bb000-7f89630bf000 r--s 0007c000 08:05 1597316                    /usr/lib/jvm/java-6-openjdk/jre/lib/jsse.jar
7f89630bf000-7f89630ca000 r--s 00094000 08:05 1347413                    /home/bompo/git/mgcube/libs/gdx.jar
7f89630ca000-7f89630d1000 r--s 0007a000 08:05 1339177                    /home/bompo/git/mgcube/libs/gdx-sources.jar
7f89630d1000-7f89630d2000 r--s 001a1000 08:05 1339556                    /home/bompo/git/mgcube/libs/gdx-natives.jar
7f89630d2000-7f89630da000 r--s 00066000 08:05 1721290                    /usr/share/java/gnome-java-bridge.jar
7f89630da000-7f89630dd000 r--s 0000f000 08:05 1597341                    /usr/lib/jvm/java-6-openjdk/jre/lib/ext/pulse-java.jar
7f89630dd000-7f89630e5000 rw-s 00000000 08:05 524703                     /tmp/hsperfdata_bompo/8023
7f89630e5000-7f89630e6000 rw-p 00000000 00:00 0 
7f89630e6000-7f89630e7000 r--p 00000000 00:00 0 
7f89630e7000-7f89630e9000 rw-p 00000000 00:00 0 
7f89630e9000-7f89630ea000 r--p 00020000 08:05 535673                     /lib/x86_64-linux-gnu/ld-2.13.so
7f89630ea000-7f89630ec000 rw-p 00021000 08:05 535673                     /lib/x86_64-linux-gnu/ld-2.13.so
7fff415f1000-7fff41612000 rw-p 00000000 00:00 0                          [stack]
7fff4172d000-7fff4172e000 r-xp 00000000 00:00 0                          [vdso]
ffffffffff600000-ffffffffff601000 r-xp 00000000 00:00 0                  [vsyscall]

VM Arguments:
jvm_args: -agentlib:jdwp=transport=dt_socket,suspend=y,address=localhost:59016 -Dfile.encoding=UTF-8 
java_command: de.swagner.mgcube.DesktopStarter
Launcher Type: SUN_STANDARD

Environment Variables:
PATH=/usr/local/sbin:/usr/local/bin:/usr/sbin:/usr/bin:/sbin:/bin:/usr/games
USERNAME=bompo
LD_LIBRARY_PATH=/usr/lib/jvm/java-6-openjdk/jre/lib/amd64/server:/usr/lib/jvm/java-6-openjdk/jre/lib/amd64:/usr/lib/jvm/java-6-openjdk/jre/../lib/amd64:/usr/lib64/xulrunner-addons
SHELL=/bin/bash
DISPLAY=:0.0

Signal Handlers:
SIGSEGV: [libjvm.so+0x7d0f60], sa_mask[0]=0x7ffbfeff, sa_flags=0x10000004
SIGBUS: [libjvm.so+0x7d0f60], sa_mask[0]=0x7ffbfeff, sa_flags=0x10000004
SIGFPE: [libjvm.so+0x683760], sa_mask[0]=0x7ffbfeff, sa_flags=0x10000004
SIGPIPE: [libjvm.so+0x683760], sa_mask[0]=0x7ffbfeff, sa_flags=0x10000004
SIGXFSZ: [libjvm.so+0x683760], sa_mask[0]=0x7ffbfeff, sa_flags=0x10000004
SIGILL: [libjvm.so+0x683760], sa_mask[0]=0x7ffbfeff, sa_flags=0x10000004
SIGUSR1: SIG_DFL, sa_mask[0]=0x00000000, sa_flags=0x00000000
SIGUSR2: [libjvm.so+0x683930], sa_mask[0]=0x00000004, sa_flags=0x10000004
SIGHUP: [libjvm.so+0x6862d0], sa_mask[0]=0x7ffbfeff, sa_flags=0x10000004
SIGINT: [libjvm.so+0x6862d0], sa_mask[0]=0x7ffbfeff, sa_flags=0x10000004
SIGTERM: [libjvm.so+0x6862d0], sa_mask[0]=0x7ffbfeff, sa_flags=0x10000004
SIGQUIT: [libjvm.so+0x6862d0], sa_mask[0]=0x7ffbfeff, sa_flags=0x10000004


---------------  S Y S T E M  ---------------

OS:Ubuntu 11.04 (natty)
uname:Linux 2.6.38-10-generic #46-Ubuntu SMP Tue Jun 28 15:07:17 UTC 2011 x86_64
libc:glibc 2.13 NPTL 2.13 
rlimit: STACK 8192k, CORE 0k, NPROC infinity, NOFILE 4096, AS infinity
load average:0.64 0.53 0.33

/proc/meminfo:
MemTotal:        4047872 kB
MemFree:         1208492 kB
Buffers:          179652 kB
Cached:          1056436 kB
SwapCached:            0 kB
Active:          1782428 kB
Inactive:         741360 kB
Active(anon):    1288496 kB
Inactive(anon):     4368 kB
Active(file):     493932 kB
Inactive(file):   736992 kB
Unevictable:         132 kB
Mlocked:             132 kB
SwapTotal:      19529724 kB
SwapFree:       19529724 kB
Dirty:              4628 kB
Writeback:             0 kB
AnonPages:       1287724 kB
Mapped:           156840 kB
Shmem:              4948 kB
Slab:             117280 kB
SReclaimable:      89764 kB
SUnreclaim:        27516 kB
KernelStack:        3656 kB
PageTables:        30420 kB
NFS_Unstable:          0 kB
Bounce:                0 kB
WritebackTmp:          0 kB
CommitLimit:    21553660 kB
Committed_AS:    3382928 kB
VmallocTotal:   34359738367 kB
VmallocUsed:      341832 kB
VmallocChunk:   34359382672 kB
HardwareCorrupted:     0 kB
HugePages_Total:       0
HugePages_Free:        0
HugePages_Rsvd:        0
HugePages_Surp:        0
Hugepagesize:       2048 kB
DirectMap4k:      157120 kB
DirectMap2M:     4028416 kB


CPU:total 4 (4 cores per cpu, 1 threads per core) family 6 model 30 stepping 5, cmov, cx8, fxsr, mmx, sse, sse2, sse3, ssse3, sse4.1, sse4.2, popcnt

Memory: 4k page, physical 4047872k(1208740k free), swap 19529724k(19529724k free)

vm_info: OpenJDK 64-Bit Server VM (20.0-b11) for linux-amd64 JRE (1.6.0_22-b22), built on Jun 11 2011 05:56:16 by "buildd" with gcc 4.5.2

time: Fri Jul 22 20:29:15 2011
elapsed time: 426 seconds

