#
# A fatal error has been detected by the Java Runtime Environment:
#
#  SIGSEGV (0xb) at pc=0x00000000000196f6, pid=5403, tid=140021254731520
#
# JRE version: 6.0_24-b07
# Java VM: Java HotSpot(TM) 64-Bit Server VM (19.1-b02 mixed mode linux-amd64 compressed oops)
# Problematic frame:
# C  0x00000000000196f6
#
# If you would like to submit a bug report, please visit:
#   http://java.sun.com/webapps/bugreport/crash.jsp
# The crash happened outside the Java Virtual Machine in native code.
# See problematic frame for where to report the bug.
#

---------------  T H R E A D  ---------------

Current thread (0x0000000041ac2800):  JavaThread "AWT-EventQueue-0" [_thread_in_native, id=5424, stack(0x00007f593d163000,0x00007f593d264000)]

siginfo:si_signo=SIGSEGV: si_errno=0, si_code=1 (SEGV_MAPERR), si_addr=0x00000000000196f6

Registers:
RAX=0x00000000eca534c8, RBX=0x0000000041ac29c8, RCX=0x00007f59380e59d0, RDX=0x0000000000000040
RSP=0x00007f593d261798, RBP=0x00007f593d2617e0, RSI=0x00000000eca534c8, RDI=0x00007f5939200000
R8 =0x00007f59456e21a8, R9 =0x00007f59456e5f78, R10=0x00007f59380e5db8, R11=0x00007f59380e5a18
R12=0x00000000eca534c8, R13=0x0000000000000040, R14=0x00007f5939200000, R15=0x0000000000000000
RIP=0x00000000000196f6, EFL=0x0000000000010202, CSGSFS=0x0000000000000033, ERR=0x0000000000000014
  TRAPNO=0x000000000000000e

Register to memory mapping:

RAX=0x00000000eca534c8

[error occurred during error reporting (printing registers, top of stack, instructions near pc), id 0xe0000000]

Stack: [0x00007f593d163000,0x00007f593d264000],  sp=0x00007f593d261798,  free space=1017k
Native frames: (J=compiled Java code, j=interpreted, Vv=VM code, C=native code)
C  0x00000000000196f6

Java frames: (J=compiled Java code, j=interpreted, Vv=VM code)
J  com.badlogic.gdx.utils.BufferUtils.copyJni([FLjava/nio/Buffer;II)V
J  com.badlogic.gdx.graphics.glutils.ShaderProgram.setUniformMatrix(Ljava/lang/String;Lcom/badlogic/gdx/math/Matrix4;)V
J  de.swagner.mgcube.GameScreen.render(F)V
j  com.badlogic.gdx.Game.render()V+19
j  com.badlogic.gdx.backends.jogl.JoglGraphics.display(Ljavax/media/opengl/GLAutoDrawable;)V+114
j  com.sun.opengl.impl.GLDrawableHelper.display(Ljavax/media/opengl/GLAutoDrawable;)V+29
j  javax.media.opengl.GLCanvas$DisplayAction.run()V+80
j  com.sun.opengl.impl.GLDrawableHelper.invokeGL(Ljavax/media/opengl/GLDrawable;Ljavax/media/opengl/GLContext;Ljava/lang/Runnable;Ljava/lang/Runnable;)V+418
j  javax.media.opengl.GLCanvas$DisplayOnEventDispatchThreadAction.run()V+35
j  java.awt.event.InvocationEvent.dispatch()V+11
j  java.awt.EventQueue.dispatchEventImpl(Ljava/awt/AWTEvent;Ljava/lang/Object;)V+21
j  java.awt.EventQueue.access$000(Ljava/awt/EventQueue;Ljava/awt/AWTEvent;Ljava/lang/Object;)V+3
j  java.awt.EventQueue$1.run()Ljava/lang/Void;+12
j  java.awt.EventQueue$1.run()Ljava/lang/Object;+1
v  ~StubRoutines::call_stub
j  java.security.AccessController.doPrivileged(Ljava/security/PrivilegedAction;Ljava/security/AccessControlContext;)Ljava/lang/Object;+0
j  java.security.AccessControlContext$1.doIntersectionPrivilege(Ljava/security/PrivilegedAction;Ljava/security/AccessControlContext;Ljava/security/AccessControlContext;)Ljava/lang/Object;+28
j  java.awt.EventQueue.dispatchEvent(Ljava/awt/AWTEvent;)V+46
j  java.awt.EventDispatchThread.pumpOneEventForFilters(I)Z+204
j  java.awt.EventDispatchThread.pumpEventsForFilter(ILjava/awt/Conditional;Ljava/awt/EventFilter;)V+30
j  java.awt.EventDispatchThread.pumpEventsForHierarchy(ILjava/awt/Conditional;Ljava/awt/Component;)V+11
j  java.awt.EventDispatchThread.pumpEvents(ILjava/awt/Conditional;)V+4
j  java.awt.EventDispatchThread.pumpEvents(Ljava/awt/Conditional;)V+3
j  java.awt.EventDispatchThread.run()V+9
v  ~StubRoutines::call_stub

---------------  P R O C E S S  ---------------

Java Threads: ( => current thread )
  0x0000000041813000 JavaThread "DestroyJavaVM" [_thread_blocked, id=5408, stack(0x00007f59449ab000,0x00007f5944aac000)]
  0x00007f59383df800 JavaThread "Thread-1" [_thread_blocked, id=5428, stack(0x00007f592e463000,0x00007f592e564000)]
=>0x0000000041ac2800 JavaThread "AWT-EventQueue-0" [_thread_in_native, id=5424, stack(0x00007f593d163000,0x00007f593d264000)]
  0x0000000041ac1800 JavaThread "AWT-Shutdown" [_thread_blocked, id=5423, stack(0x00007f593d389000,0x00007f593d48a000)]
  0x0000000041ac0800 JavaThread "AWT-XAWT" daemon [_thread_blocked, id=5422, stack(0x00007f593d48a000,0x00007f593d58b000)]
  0x00000000418be000 JavaThread "Java2D Disposer" daemon [_thread_blocked, id=5421, stack(0x00007f593dbd3000,0x00007f593dcd4000)]
  0x00000000418a3800 JavaThread "Low Memory Detector" daemon [_thread_blocked, id=5419, stack(0x00007f593f273000,0x00007f593f374000)]
  0x00000000418a1000 JavaThread "CompilerThread1" daemon [_thread_blocked, id=5418, stack(0x00007f5937273000,0x00007f5937374000)]
  0x000000004189d800 JavaThread "CompilerThread0" daemon [_thread_blocked, id=5417, stack(0x00007f593f374000,0x00007f593f475000)]
  0x000000004189b800 JavaThread "Signal Dispatcher" daemon [_thread_blocked, id=5416, stack(0x00007f593f475000,0x00007f593f576000)]
  0x000000004187f000 JavaThread "Finalizer" daemon [_thread_blocked, id=5415, stack(0x00007f593f97e000,0x00007f593fa7f000)]
  0x0000000041877800 JavaThread "Reference Handler" daemon [_thread_blocked, id=5414, stack(0x00007f593fa7f000,0x00007f593fb80000)]

Other Threads:
  0x0000000041870800 VMThread [stack: 0x00007f593fb80000,0x00007f593fc81000] [id=5413]
  0x00007f5938013800 WatcherThread [stack: 0x00007f593f172000,0x00007f593f273000] [id=5420]

VM state:not at safepoint (normal execution)

VM Mutex/Monitor currently owned by a thread: None

Heap
 PSYoungGen      total 18432K, used 17805K [0x00000000eb600000, 0x00000000eca90000, 0x0000000100000000)
  eden space 15808K, 96% used [0x00000000eb600000,0x00000000ec4d59f0,0x00000000ec570000)
  from space 2624K, 99% used [0x00000000ec800000,0x00000000eca8da98,0x00000000eca90000)
  to   space 2624K, 0% used [0x00000000ec570000,0x00000000ec570000,0x00000000ec800000)
 PSOldGen        total 42240K, used 2522K [0x00000000c2200000, 0x00000000c4b40000, 0x00000000eb600000)
  object space 42240K, 5% used [0x00000000c2200000,0x00000000c2476b20,0x00000000c4b40000)
 PSPermGen       total 21248K, used 16982K [0x00000000bd000000, 0x00000000be4c0000, 0x00000000c2200000)
  object space 21248K, 79% used [0x00000000bd000000,0x00000000be0958d0,0x00000000be4c0000)

Dynamic libraries:
40000000-40009000 r-xp 00000000 08:05 1662394                            /usr/lib/jvm/java-6-sun-1.6.0.24/jre/bin/java
4006e000-40070000 r-xs 00000000 08:05 527728                             /tmp/glwyzePw (deleted)
40108000-4010a000 rwxp 00008000 08:05 1662394                            /usr/lib/jvm/java-6-sun-1.6.0.24/jre/bin/java
4180a000-41cf5000 rwxp 00000000 00:00 0                                  [heap]
41d10000-41d87000 rwxp 00000000 00:00 0 
bd000000-be4c0000 rwxp 00000000 00:00 0 
be4c0000-c2200000 rwxp 00000000 00:00 0 
c2200000-c4b40000 rwxp 00000000 00:00 0 
c4b40000-eb600000 rwxp 00000000 00:00 0 
eb600000-eca90000 rwxp 00000000 00:00 0 
eca90000-100000000 rwxp 00000000 00:00 0 
7f592c4f6000-7f592d7e0000 rwxp 00000000 00:00 0 
7f592d7e0000-7f592d860000 rwxs 986ae000 00:05 6747                       /dev/nvidia0
7f592d860000-7f592e263000 rwxp 00000000 00:00 0 
7f592e263000-7f592e463000 rwxs 6955e000 00:05 6747                       /dev/nvidia0
7f592e463000-7f592e466000 ---p 00000000 00:00 0 
7f592e466000-7f592e564000 rwxp 00000000 00:00 0 
7f592e564000-7f592e565000 ---p 00000000 00:00 0 
7f592e565000-7f592ed65000 rwxp 00000000 00:00 0 
7f592ed65000-7f5932d66000 rwxs 00000000 00:10 60190                      /dev/shm/pulse-shm-2071898448
7f5932d66000-7f5932d67000 ---p 00000000 00:00 0 
7f5932d67000-7f5933567000 rwxp 00000000 00:00 0 
7f5933567000-7f593356d000 r-xp 00000000 08:05 1573092                    /usr/lib/libogg.so.0.7.0
7f593356d000-7f593376c000 ---p 00006000 08:05 1573092                    /usr/lib/libogg.so.0.7.0
7f593376c000-7f593376d000 r-xp 00005000 08:05 1573092                    /usr/lib/libogg.so.0.7.0
7f593376d000-7f593376e000 rwxp 00006000 08:05 1573092                    /usr/lib/libogg.so.0.7.0
7f593376e000-7f5933799000 r-xp 00000000 08:05 1582648                    /usr/lib/libvorbis.so.0.4.5
7f5933799000-7f5933998000 ---p 0002b000 08:05 1582648                    /usr/lib/libvorbis.so.0.4.5
7f5933998000-7f5933999000 r-xp 0002a000 08:05 1582648                    /usr/lib/libvorbis.so.0.4.5
7f5933999000-7f593399a000 rwxp 0002b000 08:05 1582648                    /usr/lib/libvorbis.so.0.4.5
7f593399a000-7f5933c4d000 r-xp 00000000 08:05 1573212                    /usr/lib/libvorbisenc.so.2.0.8
7f5933c4d000-7f5933e4c000 ---p 002b3000 08:05 1573212                    /usr/lib/libvorbisenc.so.2.0.8
7f5933e4c000-7f5933e68000 r-xp 002b2000 08:05 1573212                    /usr/lib/libvorbisenc.so.2.0.8
7f5933e68000-7f5933e69000 rwxp 002ce000 08:05 1573212                    /usr/lib/libvorbisenc.so.2.0.8
7f5933e69000-7f5933eb1000 r-xp 00000000 08:05 1570101                    /usr/lib/libFLAC.so.8.2.0
7f5933eb1000-7f59340b1000 ---p 00048000 08:05 1570101                    /usr/lib/libFLAC.so.8.2.0
7f59340b1000-7f59340b2000 r-xp 00048000 08:05 1570101                    /usr/lib/libFLAC.so.8.2.0
7f59340b2000-7f59340b3000 rwxp 00049000 08:05 1570101                    /usr/lib/libFLAC.so.8.2.0
7f59340b3000-7f5934114000 r-xp 00000000 08:05 1570821                    /usr/lib/libsndfile.so.1.0.23
7f5934114000-7f5934314000 ---p 00061000 08:05 1570821                    /usr/lib/libsndfile.so.1.0.23
7f5934314000-7f5934316000 r-xp 00061000 08:05 1570821                    /usr/lib/libsndfile.so.1.0.23
7f5934316000-7f5934317000 rwxp 00063000 08:05 1570821                    /usr/lib/libsndfile.so.1.0.23
7f5934317000-7f593431b000 rwxp 00000000 00:00 0 
7f593431b000-7f5934323000 r-xp 00000000 08:05 538930                     /lib/libwrap.so.0.7.6
7f5934323000-7f5934523000 ---p 00008000 08:05 538930                     /lib/libwrap.so.0.7.6
7f5934523000-7f5934524000 r-xp 00008000 08:05 538930                     /lib/libwrap.so.0.7.6
7f5934524000-7f5934525000 rwxp 00009000 08:05 538930                     /lib/libwrap.so.0.7.6
7f5934525000-7f5934526000 rwxp 00000000 00:00 0 
7f5934526000-7f593452a000 r-xp 00000000 08:05 534738                     /lib/x86_64-linux-gnu/libuuid.so.1.3.0
7f593452a000-7f5934729000 ---p 00004000 08:05 534738                     /lib/x86_64-linux-gnu/libuuid.so.1.3.0
7f5934729000-7f593472a000 r-xp 00003000 08:05 534738                     /lib/x86_64-linux-gnu/libuuid.so.1.3.0
7f593472a000-7f593472b000 rwxp 00004000 08:05 534738                     /lib/x86_64-linux-gnu/libuuid.so.1.3.0
7f593472b000-7f593476d000 r-xp 00000000 08:05 525819                     /lib/x86_64-linux-gnu/libdbus-1.so.3.5.4
7f593476d000-7f593496d000 ---p 00042000 08:05 525819                     /lib/x86_64-linux-gnu/libdbus-1.so.3.5.4
7f593496d000-7f593496e000 r-xp 00042000 08:05 525819                     /lib/x86_64-linux-gnu/libdbus-1.so.3.5.4
7f593496e000-7f593496f000 rwxp 00043000 08:05 525819                     /lib/x86_64-linux-gnu/libdbus-1.so.3.5.4
7f593496f000-7f59349ba000 r-xp 00000000 08:05 1580900                    /usr/lib/libpulsecommon-0.9.22.so
7f59349ba000-7f5934bb9000 ---p 0004b000 08:05 1580900                    /usr/lib/libpulsecommon-0.9.22.so
7f5934bb9000-7f5934bba000 r-xp 0004a000 08:05 1580900                    /usr/lib/libpulsecommon-0.9.22.so
7f5934bba000-7f5934bbb000 rwxp 0004b000 08:05 1580900                    /usr/lib/libpulsecommon-0.9.22.so
7f5934bbb000-7f5934bbe000 r-xp 00000000 08:05 1573582                    /usr/lib/libxcb-atom.so.1.0.0
7f5934bbe000-7f5934dbe000 ---p 00003000 08:05 1573582                    /usr/lib/libxcb-atom.so.1.0.0
7f5934dbe000-7f5934dbf000 r-xp 00003000 08:05 1573582                    /usr/lib/libxcb-atom.so.1.0.0
7f5934dbf000-7f5934dc0000 rwxp 00004000 08:05 1573582                    /usr/lib/libxcb-atom.so.1.0.0
7f5934dc0000-7f5934dc7000 r-xp 00000000 08:05 1578963                    /usr/lib/x86_64-linux-gnu/libSM.so.6.0.1
7f5934dc7000-7f5934fc6000 ---p 00007000 08:05 1578963                    /usr/lib/x86_64-linux-gnu/libSM.so.6.0.1
7f5934fc6000-7f5934fc7000 r-xp 00006000 08:05 1578963                    /usr/lib/x86_64-linux-gnu/libSM.so.6.0.1
7f5934fc7000-7f5934fc8000 rwxp 00007000 08:05 1578963                    /usr/lib/x86_64-linux-gnu/libSM.so.6.0.1
7f5934fc8000-7f5934fde000 r-xp 00000000 08:05 1571606                    /usr/lib/x86_64-linux-gnu/libICE.so.6.3.0
7f5934fde000-7f59351de000 ---p 00016000 08:05 1571606                    /usr/lib/x86_64-linux-gnu/libICE.so.6.3.0
7f59351de000-7f59351df000 r-xp 00016000 08:05 1571606                    /usr/lib/x86_64-linux-gnu/libICE.so.6.3.0
7f59351df000-7f59351e0000 rwxp 00017000 08:05 1571606                    /usr/lib/x86_64-linux-gnu/libICE.so.6.3.0
7f59351e0000-7f59351e3000 rwxp 00000000 00:00 0 
7f59351e3000-7f59351e4000 r-xp 00000000 08:05 1570508                    /usr/lib/x86_64-linux-gnu/libX11-xcb.so.1.0.0
7f59351e4000-7f59353e3000 ---p 00001000 08:05 1570508                    /usr/lib/x86_64-linux-gnu/libX11-xcb.so.1.0.0
7f59353e3000-7f59353e4000 r-xp 00000000 08:05 1570508                    /usr/lib/x86_64-linux-gnu/libX11-xcb.so.1.0.0
7f59353e4000-7f59353e5000 rwxp 00001000 08:05 1570508                    /usr/lib/x86_64-linux-gnu/libX11-xcb.so.1.0.0
7f59353e5000-7f5935425000 r-xp 00000000 08:05 1573921                    /usr/lib/libpulse.so.0.12.3
7f5935425000-7f5935624000 ---p 00040000 08:05 1573921                    /usr/lib/libpulse.so.0.12.3
7f5935624000-7f5935625000 r-xp 0003f000 08:05 1573921                    /usr/lib/libpulse.so.0.12.3
7f5935625000-7f5935626000 rwxp 00040000 08:05 1573921                    /usr/lib/libpulse.so.0.12.3
7f5935626000-7f5936a74000 r-xp 00000000 08:05 723                        /usr/lib/nvidia-current/libnvidia-glcore.so.270.41.19
7f5936a74000-7f5936c74000 ---p 0144e000 08:05 723                        /usr/lib/nvidia-current/libnvidia-glcore.so.270.41.19
7f5936c74000-7f593725c000 rwxp 0144e000 08:05 723                        /usr/lib/nvidia-current/libnvidia-glcore.so.270.41.19
7f593725c000-7f5937273000 rwxp 00000000 00:00 0 
7f5937273000-7f5937276000 ---p 00000000 00:00 0 
7f5937276000-7f5937374000 rwxp 00000000 00:00 0 
7f593743b000-7f593753b000 rwxs 6216e000 00:05 6747                       /dev/nvidia0
7f593753b000-7f5937587000 r-xp 00000000 08:05 526954                     /tmp/libgdx/1799094955/libopenal64.so
7f5937587000-7f5937786000 ---p 0004c000 08:05 526954                     /tmp/libgdx/1799094955/libopenal64.so
7f5937786000-7f5937788000 r-xp 0004b000 08:05 526954                     /tmp/libgdx/1799094955/libopenal64.so
7f5937788000-7f5937789000 rwxp 0004d000 08:05 526954                     /tmp/libgdx/1799094955/libopenal64.so
7f5937789000-7f593778a000 rwxp 00000000 00:00 0 
7f593778a000-7f5937792000 r-xp 00000000 08:05 1581969                    /usr/lib/x86_64-linux-gnu/libXrandr.so.2.2.0
7f5937792000-7f5937991000 ---p 00008000 08:05 1581969                    /usr/lib/x86_64-linux-gnu/libXrandr.so.2.2.0
7f5937991000-7f5937992000 r-xp 00007000 08:05 1581969                    /usr/lib/x86_64-linux-gnu/libXrandr.so.2.2.0
7f5937992000-7f5937993000 rwxp 00008000 08:05 1581969                    /usr/lib/x86_64-linux-gnu/libXrandr.so.2.2.0
7f5937993000-7f5937a0c000 r-xp 00000000 08:05 527562                     /tmp/libgdx/1799094955/liblwjgl64.so
7f5937a0c000-7f5937c0b000 ---p 00079000 08:05 527562                     /tmp/libgdx/1799094955/liblwjgl64.so
7f5937c0b000-7f5937c0d000 r-xp 00078000 08:05 527562                     /tmp/libgdx/1799094955/liblwjgl64.so
7f5937c0d000-7f5937c0e000 rwxp 0007a000 08:05 527562                     /tmp/libgdx/1799094955/liblwjgl64.so
7f5937c0e000-7f5937cfd000 r-xp 00000000 08:05 526879                     /tmp/libgdx/1799094955/libjogl-linux64.so
7f5937cfd000-7f5937dfd000 ---p 000ef000 08:05 526879                     /tmp/libgdx/1799094955/libjogl-linux64.so
7f5937dfd000-7f5937dfe000 rwxp 000ef000 08:05 526879                     /tmp/libgdx/1799094955/libjogl-linux64.so
7f5937dfe000-7f5937dff000 r-xp 00000000 08:05 716                        /usr/lib/nvidia-current/tls/libnvidia-tls.so.270.41.19
7f5937dff000-7f5937fff000 ---p 00001000 08:05 716                        /usr/lib/nvidia-current/tls/libnvidia-tls.so.270.41.19
7f5937fff000-7f5938000000 rwxp 00001000 08:05 716                        /usr/lib/nvidia-current/tls/libnvidia-tls.so.270.41.19
7f5938000000-7f593b2cd000 rwxp 00000000 00:00 0 
7f593b2cd000-7f593c000000 ---p 00000000 00:00 0 
7f593c02a000-7f593c1a1000 rwxs 00000000 00:04 5242899                    /SYSV00000000 (deleted)
7f593c1a1000-7f593c1a2000 r-xp 00000000 08:05 1734853                    /usr/lib/jvm/java-6-sun-1.6.0.24/jre/lib/amd64/libjawt.so
7f593c1a2000-7f593c2a1000 ---p 00001000 08:05 1734853                    /usr/lib/jvm/java-6-sun-1.6.0.24/jre/lib/amd64/libjawt.so
7f593c2a1000-7f593c2a2000 rwxp 00000000 08:05 1734853                    /usr/lib/jvm/java-6-sun-1.6.0.24/jre/lib/amd64/libjawt.so
7f593c2a2000-7f593c2a7000 r-xp 00000000 08:05 1581972                    /usr/lib/x86_64-linux-gnu/libXxf86vm.so.1.0.0
7f593c2a7000-7f593c4a6000 ---p 00005000 08:05 1581972                    /usr/lib/x86_64-linux-gnu/libXxf86vm.so.1.0.0
7f593c4a6000-7f593c4a7000 r-xp 00004000 08:05 1581972                    /usr/lib/x86_64-linux-gnu/libXxf86vm.so.1.0.0
7f593c4a7000-7f593c4a8000 rwxp 00005000 08:05 1581972                    /usr/lib/x86_64-linux-gnu/libXxf86vm.so.1.0.0
7f593c4a8000-7f593c565000 r-xp 00000000 08:05 928                        /usr/lib/nvidia-current/libGL.so.270.41.19
7f593c565000-7f593c765000 ---p 000bd000 08:05 928                        /usr/lib/nvidia-current/libGL.so.270.41.19
7f593c765000-7f593c79e000 rwxp 000bd000 08:05 928                        /usr/lib/nvidia-current/libGL.so.270.41.19
7f593c79e000-7f593c7b4000 rwxp 00000000 00:00 0 
7f593c7b4000-7f593c7b6000 r-xp 00000000 08:05 526862                     /tmp/libgdx/1799094955/libjogl_awt-linux64.so
7f593c7b6000-7f593c8b5000 ---p 00002000 08:05 526862                     /tmp/libgdx/1799094955/libjogl_awt-linux64.so
7f593c8b5000-7f593c8b6000 rwxp 00001000 08:05 526862                     /tmp/libgdx/1799094955/libjogl_awt-linux64.so
7f593c8b6000-7f593c8b7000 r-xp 00000000 08:05 526359                     /tmp/libgdx/1799094955/libgluegen-rt-linux64.so
7f593c8b7000-7f593c9b6000 ---p 00001000 08:05 526359                     /tmp/libgdx/1799094955/libgluegen-rt-linux64.so
7f593c9b6000-7f593c9b7000 rwxp 00000000 08:05 526359                     /tmp/libgdx/1799094955/libgluegen-rt-linux64.so
7f593c9b7000-7f593c9cc000 r-xp 00000000 08:05 528127                     /lib/x86_64-linux-gnu/libgcc_s.so.1
7f593c9cc000-7f593cbcb000 ---p 00015000 08:05 528127                     /lib/x86_64-linux-gnu/libgcc_s.so.1
7f593cbcb000-7f593cbcc000 r-xp 00014000 08:05 528127                     /lib/x86_64-linux-gnu/libgcc_s.so.1
7f593cbcc000-7f593cbcd000 rwxp 00015000 08:05 528127                     /lib/x86_64-linux-gnu/libgcc_s.so.1
7f593cbcd000-7f593ccb5000 r-xp 00000000 08:05 1571250                    /usr/lib/x86_64-linux-gnu/libstdc++.so.6.0.14
7f593ccb5000-7f593ceb4000 ---p 000e8000 08:05 1571250                    /usr/lib/x86_64-linux-gnu/libstdc++.so.6.0.14
7f593ceb4000-7f593cebc000 r-xp 000e7000 08:05 1571250                    /usr/lib/x86_64-linux-gnu/libstdc++.so.6.0.14
7f593cebc000-7f593cebe000 rwxp 000ef000 08:05 1571250                    /usr/lib/x86_64-linux-gnu/libstdc++.so.6.0.14
7f593cebe000-7f593ced3000 rwxp 00000000 00:00 0 
7f593ced3000-7f593cf5e000 r-xp 00000000 08:05 526289                     /tmp/libgdx/1799094955/libgdx-64.so
7f593cf5e000-7f593d15e000 ---p 0008b000 08:05 526289                     /tmp/libgdx/1799094955/libgdx-64.so
7f593d15e000-7f593d15f000 r-xp 0008b000 08:05 526289                     /tmp/libgdx/1799094955/libgdx-64.so
7f593d15f000-7f593d160000 rwxp 0008c000 08:05 526289                     /tmp/libgdx/1799094955/libgdx-64.so
7f593d160000-7f593d163000 rwxp 00000000 00:00 0 
7f593d163000-7f593d166000 ---p 00000000 00:00 0 
7f593d166000-7f593d264000 rwxp 00000000 00:00 0 
7f593d264000-7f593d265000 r-xs 00000000 08:05 532633                     /var/cache/fontconfig/26de28bc8622bbc1fb67fd234c21975f-le64.cache-3
7f593d265000-7f593d266000 r-xs 00000000 08:05 554485                     /var/cache/fontconfig/c05880de57d1f5e948fdfacc138775d9-le64.cache-3
7f593d266000-7f593d26f000 r-xs 00000000 08:05 527845                     /var/cache/fontconfig/945677eb7aeaf62f1d50efc3fb3ec7d8-le64.cache-3
7f593d26f000-7f593d271000 r-xs 00000000 08:05 554480                     /var/cache/fontconfig/99e8ed0e538f840c565b6ed5dad60d56-le64.cache-3
7f593d271000-7f593d274000 r-xs 00000000 08:05 554411                     /var/cache/fontconfig/f24b2111ab8703b4e963115a8cf14259-le64.cache-3
7f593d274000-7f593d277000 r-xs 00000000 08:05 554479                     /var/cache/fontconfig/e383d7ea5fbe662a33d9b44caf393297-le64.cache-3
7f593d277000-7f593d27a000 r-xs 00000000 08:05 554477                     /var/cache/fontconfig/2cd17615ca594fa2959ae173292e504c-le64.cache-3
7f593d27a000-7f593d27b000 r-xs 00000000 08:05 554471                     /var/cache/fontconfig/e7071f4a29fa870f4323321c154eba04-le64.cache-3
7f593d27b000-7f593d284000 r-xs 00000000 08:05 554448                     /var/cache/fontconfig/6d41288fd70b0be22e8c3a91e032eec0-le64.cache-3
7f593d284000-7f593d294000 r-xs 00000000 08:05 554447                     /var/cache/fontconfig/0f34bcd4b6ee430af32735b75db7f02b-le64.cache-3
7f593d294000-7f593d2c2000 r-xs 00000000 08:05 554435                     /var/cache/fontconfig/365b55f210c0a22e9a19e35191240f32-le64.cache-3
7f593d325000-7f593d329000 rwxs 6220a000 00:05 6747                       /dev/nvidia0
7f593d329000-7f593d369000 rwxs 6964f000 00:05 6747                       /dev/nvidia0
7f593d389000-7f593d38c000 ---p 00000000 00:00 0 
7f593d38c000-7f593d48a000 rwxp 00000000 00:00 0 
7f593d48a000-7f593d48d000 ---p 00000000 00:00 0 
7f593d48d000-7f593d58b000 rwxp 00000000 00:00 0 
7f593d58b000-7f593d590000 r-xp 00000000 08:05 1570859                    /usr/lib/x86_64-linux-gnu/libXfixes.so.3.1.0
7f593d590000-7f593d78f000 ---p 00005000 08:05 1570859                    /usr/lib/x86_64-linux-gnu/libXfixes.so.3.1.0
7f593d78f000-7f593d790000 r-xp 00004000 08:05 1570859                    /usr/lib/x86_64-linux-gnu/libXfixes.so.3.1.0
7f593d790000-7f593d791000 rwxp 00005000 08:05 1570859                    /usr/lib/x86_64-linux-gnu/libXfixes.so.3.1.0
7f593d791000-7f593d79a000 r-xp 00000000 08:05 1570620                    /usr/lib/x86_64-linux-gnu/libXrender.so.1.3.0
7f593d79a000-7f593d99a000 ---p 00009000 08:05 1570620                    /usr/lib/x86_64-linux-gnu/libXrender.so.1.3.0
7f593d99a000-7f593d99b000 r-xp 00009000 08:05 1570620                    /usr/lib/x86_64-linux-gnu/libXrender.so.1.3.0
7f593d99b000-7f593d99c000 rwxp 0000a000 08:05 1570620                    /usr/lib/x86_64-linux-gnu/libXrender.so.1.3.0
7f593d99c000-7f593d9a5000 r-xp 00000000 08:05 1573929                    /usr/lib/x86_64-linux-gnu/libXcursor.so.1.0.2
7f593d9a5000-7f593dba4000 ---p 00009000 08:05 1573929                    /usr/lib/x86_64-linux-gnu/libXcursor.so.1.0.2
7f593dba4000-7f593dba5000 r-xp 00008000 08:05 1573929                    /usr/lib/x86_64-linux-gnu/libXcursor.so.1.0.2
7f593dba5000-7f593dba6000 rwxp 00009000 08:05 1573929                    /usr/lib/x86_64-linux-gnu/libXcursor.so.1.0.2
7f593dba7000-7f593dba9000 rwxs 00000000 08:05 527728                     /tmp/glwyzePw (deleted)
7f593dba9000-7f593dbad000 rwxs 69666000 00:05 6747                       /dev/nvidia0
7f593dbad000-7f593dbae000 rwxs d000b000 00:05 6747                       /dev/nvidia0
7f593dbae000-7f593dbaf000 rwxs 622ea000 00:05 6747                       /dev/nvidia0
7f593dbaf000-7f593dbb3000 rwxs 62198000 00:05 6747                       /dev/nvidia0
7f593dbb3000-7f593dbb4000 rwxs fbc0c000 00:05 6747                       /dev/nvidia0
7f593dbb4000-7f593dbb5000 rwxs fb641000 00:05 6747                       /dev/nvidia0
7f593dbb5000-7f593dbb6000 rwxs 112c78000 00:05 6747                      /dev/nvidia0
7f593dbb6000-7f593dbb7000 rwxs 6203f000 00:05 6747                       /dev/nvidia0
7f593dbb7000-7f593dbb8000 rwxs fb060000 00:05 6747                       /dev/nvidia0
7f593dbb8000-7f593dbd3000 rwxs 115f20000 00:05 6747                      /dev/nvidia0
7f593dbd3000-7f593dbd6000 ---p 00000000 00:00 0 
7f593dbd6000-7f593dcd4000 rwxp 00000000 00:00 0 
7f593dcd4000-7f593dd4d000 r-xp 00000000 08:05 1734841                    /usr/lib/jvm/java-6-sun-1.6.0.24/jre/lib/amd64/libfontmanager.so
7f593dd4d000-7f593de4c000 ---p 00079000 08:05 1734841                    /usr/lib/jvm/java-6-sun-1.6.0.24/jre/lib/amd64/libfontmanager.so
7f593de4c000-7f593de61000 rwxp 00078000 08:05 1734841                    /usr/lib/jvm/java-6-sun-1.6.0.24/jre/lib/amd64/libfontmanager.so
7f593de61000-7f593de72000 rwxp 00000000 00:00 0 
7f593de72000-7f593de77000 r-xp 00000000 08:05 1573561                    /usr/lib/x86_64-linux-gnu/libXdmcp.so.6.0.0
7f593de77000-7f593e076000 ---p 00005000 08:05 1573561                    /usr/lib/x86_64-linux-gnu/libXdmcp.so.6.0.0
7f593e076000-7f593e077000 r-xp 00004000 08:05 1573561                    /usr/lib/x86_64-linux-gnu/libXdmcp.so.6.0.0
7f593e077000-7f593e078000 rwxp 00005000 08:05 1573561                    /usr/lib/x86_64-linux-gnu/libXdmcp.so.6.0.0
7f593e078000-7f593e07a000 r-xp 00000000 08:05 1570542                    /usr/lib/x86_64-linux-gnu/libXau.so.6.0.0
7f593e07a000-7f593e279000 ---p 00002000 08:05 1570542                    /usr/lib/x86_64-linux-gnu/libXau.so.6.0.0
7f593e279000-7f593e27a000 r-xp 00001000 08:05 1570542                    /usr/lib/x86_64-linux-gnu/libXau.so.6.0.0
7f593e27a000-7f593e27b000 rwxp 00002000 08:05 1570542                    /usr/lib/x86_64-linux-gnu/libXau.so.6.0.0
7f593e27b000-7f593e296000 r-xp 00000000 08:05 1572615                    /usr/lib/x86_64-linux-gnu/libxcb.so.1.1.0
7f593e296000-7f593e495000 ---p 0001b000 08:05 1572615                    /usr/lib/x86_64-linux-gnu/libxcb.so.1.1.0
7f593e495000-7f593e496000 r-xp 0001a000 08:05 1572615                    /usr/lib/x86_64-linux-gnu/libxcb.so.1.1.0
7f593e496000-7f593e497000 rwxp 0001b000 08:05 1572615                    /usr/lib/x86_64-linux-gnu/libxcb.so.1.1.0
7f593e497000-7f593e4a6000 r-xp 00000000 08:05 1613065                    /usr/lib/x86_64-linux-gnu/libXi.so.6.1.0
7f593e4a6000-7f593e6a5000 ---p 0000f000 08:05 1613065                    /usr/lib/x86_64-linux-gnu/libXi.so.6.1.0
7f593e6a5000-7f593e6a6000 r-xp 0000e000 08:05 1613065                    /usr/lib/x86_64-linux-gnu/libXi.so.6.1.0
7f593e6a6000-7f593e6a7000 rwxp 0000f000 08:05 1613065                    /usr/lib/x86_64-linux-gnu/libXi.so.6.1.0
7f593e6a7000-7f593e6ac000 r-xp 00000000 08:05 1572606                    /usr/lib/libXtst.so.6.1.0
7f593e6ac000-7f593e8ab000 ---p 00005000 08:05 1572606                    /usr/lib/libXtst.so.6.1.0
7f593e8ab000-7f593e8ac000 r-xp 00004000 08:05 1572606                    /usr/lib/libXtst.so.6.1.0
7f593e8ac000-7f593e8ad000 rwxp 00005000 08:05 1572606                    /usr/lib/libXtst.so.6.1.0
7f593e8ad000-7f593e9e2000 r-xp 00000000 08:05 1573591                    /usr/lib/x86_64-linux-gnu/libX11.so.6.3.0
7f593e9e2000-7f593ebe2000 ---p 00135000 08:05 1573591                    /usr/lib/x86_64-linux-gnu/libX11.so.6.3.0
7f593ebe2000-7f593ebe3000 r-xp 00135000 08:05 1573591                    /usr/lib/x86_64-linux-gnu/libX11.so.6.3.0
7f593ebe3000-7f593ebe7000 rwxp 00136000 08:05 1573591                    /usr/lib/x86_64-linux-gnu/libX11.so.6.3.0
7f593ebe7000-7f593ebf8000 r-xp 00000000 08:05 1571673                    /usr/lib/x86_64-linux-gnu/libXext.so.6.4.0
7f593ebf8000-7f593edf7000 ---p 00011000 08:05 1571673                    /usr/lib/x86_64-linux-gnu/libXext.so.6.4.0
7f593edf7000-7f593edf8000 r-xp 00010000 08:05 1571673                    /usr/lib/x86_64-linux-gnu/libXext.so.6.4.0
7f593edf8000-7f593edf9000 rwxp 00011000 08:05 1571673                    /usr/lib/x86_64-linux-gnu/libXext.so.6.4.0
7f593edf9000-7f593edfd000 r-xs 00000000 08:05 554470                     /var/cache/fontconfig/6eb3985aa4124903f6ff08ba781cd364-le64.cache-3
7f593edfd000-7f593ee02000 r-xs 00000000 08:05 554453                     /var/cache/fontconfig/062808c12e6e608270f93bb230aed730-le64.cache-3
7f593ee02000-7f593ee08000 r-xs 00000000 08:05 554429                     /var/cache/fontconfig/a755afe4a08bf5b97852ceb7400b47bc-le64.cache-3
7f593ee08000-7f593ee12000 r-xs 00000000 08:05 554433                     /var/cache/fontconfig/d52a8644073d54c13679302ca1180695-le64.cache-3
7f593ee12000-7f593ee13000 r-xs 00000000 08:05 554418                     /var/cache/fontconfig/ec648e9a1aea82bddd4bd6050028158d-le64.cache-3
7f593ee13000-7f593ee26000 r-xs 00000000 08:05 538224                     /var/cache/fontconfig/e13b20fdb08344e0e664864cc2ede53d-le64.cache-3
7f593ee26000-7f593ee68000 r-xp 00000000 08:05 1734831                    /usr/lib/jvm/java-6-sun-1.6.0.24/jre/lib/amd64/xawt/libmawt.so
7f593ee68000-7f593ef67000 ---p 00042000 08:05 1734831                    /usr/lib/jvm/java-6-sun-1.6.0.24/jre/lib/amd64/xawt/libmawt.so
7f593ef67000-7f593ef73000 rwxp 00041000 08:05 1734831                    /usr/lib/jvm/java-6-sun-1.6.0.24/jre/lib/amd64/xawt/libmawt.so
7f593ef73000-7f593ef74000 rwxp 00000000 00:00 0 
7f593ef74000-7f593f006000 r-xp 00000000 08:05 1734852                    /usr/lib/jvm/java-6-sun-1.6.0.24/jre/lib/amd64/libawt.so
7f593f006000-7f593f105000 ---p 00092000 08:05 1734852                    /usr/lib/jvm/java-6-sun-1.6.0.24/jre/lib/amd64/libawt.so
7f593f105000-7f593f11e000 rwxp 00091000 08:05 1734852                    /usr/lib/jvm/java-6-sun-1.6.0.24/jre/lib/amd64/libawt.so
7f593f11e000-7f593f143000 rwxp 00000000 00:00 0 
7f593f143000-7f593f14c000 r-xs 00076000 08:05 1339556                    /home/bompo/git/mgcube/libs/gdx.jar
7f593f14c000-7f593f152000 r-xs 00064000 08:05 1339995                    /home/bompo/git/mgcube/libs/gdx-sources.jar
7f593f152000-7f593f153000 r-xs 001d6000 08:05 1339734                    /home/bompo/git/mgcube/libs/gdx-natives.jar
7f593f153000-7f593f16d000 r-xs 00205000 08:05 1330241                    /home/bompo/git/mgcube/libs/gdx-backend-jogl.jar
7f593f16d000-7f593f16e000 r-xs 00006000 08:05 1330357                    /home/bompo/git/mgcube/libs/gdx-backend-jogl-sources.jar
7f593f16e000-7f593f16f000 r-xs 001f3000 08:05 1339854                    /home/bompo/git/mgcube/libs/gdx-backend-jogl-natives.jar
7f593f16f000-7f593f172000 r-xs 0000f000 08:05 1622792                    /usr/lib/jvm/java-6-sun-1.6.0.24/jre/lib/ext/pulse-java.jar
7f593f172000-7f593f173000 ---p 00000000 00:00 0 
7f593f173000-7f593f273000 rwxp 00000000 00:00 0 
7f593f273000-7f593f276000 ---p 00000000 00:00 0 
7f593f276000-7f593f374000 rwxp 00000000 00:00 0 
7f593f374000-7f593f377000 ---p 00000000 00:00 0 
7f593f377000-7f593f475000 rwxp 00000000 00:00 0 
7f593f475000-7f593f478000 ---p 00000000 00:00 0 
7f593f478000-7f593f576000 rwxp 00000000 00:00 0 
7f593f576000-7f593f97e000 r-xp 00000000 08:05 1570348                    /usr/lib/locale/locale-archive
7f593f97e000-7f593f981000 ---p 00000000 00:00 0 
7f593f981000-7f593fa7f000 rwxp 00000000 00:00 0 
7f593fa7f000-7f593fa82000 ---p 00000000 00:00 0 
7f593fa82000-7f593fb80000 rwxp 00000000 00:00 0 
7f593fb80000-7f593fb81000 ---p 00000000 00:00 0 
7f593fb81000-7f59401ba000 rwxp 00000000 00:00 0 
7f59401ba000-7f5940352000 r-xs 03027000 08:05 1662454                    /usr/lib/jvm/java-6-sun-1.6.0.24/jre/lib/rt.jar
7f5940352000-7f594037a000 rwxp 00000000 00:00 0 
7f594037a000-7f594037b000 ---p 00000000 00:00 0 
7f594037b000-7f594047b000 rwxp 00000000 00:00 0 
7f594047b000-7f594047c000 ---p 00000000 00:00 0 
7f594047c000-7f594057c000 rwxp 00000000 00:00 0 
7f594057c000-7f594057d000 ---p 00000000 00:00 0 
7f594057d000-7f594067d000 rwxp 00000000 00:00 0 
7f594067d000-7f594067e000 ---p 00000000 00:00 0 
7f594067e000-7f5940789000 rwxp 00000000 00:00 0 
7f5940789000-7f59407a7000 rwxp 00000000 00:00 0 
7f59407a7000-7f59407bc000 rwxp 00000000 00:00 0 
7f59407bc000-7f59408f1000 rwxp 00000000 00:00 0 
7f59408f1000-7f59408fc000 rwxp 00000000 00:00 0 
7f59408fc000-7f594091a000 rwxp 00000000 00:00 0 
7f594091a000-7f594092f000 rwxp 00000000 00:00 0 
7f594092f000-7f5940a64000 rwxp 00000000 00:00 0 
7f5940a64000-7f5940a6f000 rwxp 00000000 00:00 0 
7f5940a6f000-7f5940b09000 rwxp 00000000 00:00 0 
7f5940b09000-7f5940d7a000 rwxp 00000000 00:00 0 
7f5940d7a000-7f5943b0a000 rwxp 00000000 00:00 0 
7f5943b0a000-7f5943b18000 r-xp 00000000 08:05 1734847                    /usr/lib/jvm/java-6-sun-1.6.0.24/jre/lib/amd64/libzip.so
7f5943b18000-7f5943c1a000 ---p 0000e000 08:05 1734847                    /usr/lib/jvm/java-6-sun-1.6.0.24/jre/lib/amd64/libzip.so
7f5943c1a000-7f5943c1d000 rwxp 00010000 08:05 1734847                    /usr/lib/jvm/java-6-sun-1.6.0.24/jre/lib/amd64/libzip.so
7f5943c1d000-7f5943c1e000 rwxp 00000000 00:00 0 
7f5943c1e000-7f5943c2a000 r-xp 00000000 08:05 535712                     /lib/x86_64-linux-gnu/libnss_files-2.13.so
7f5943c2a000-7f5943e29000 ---p 0000c000 08:05 535712                     /lib/x86_64-linux-gnu/libnss_files-2.13.so
7f5943e29000-7f5943e2a000 r-xp 0000b000 08:05 535712                     /lib/x86_64-linux-gnu/libnss_files-2.13.so
7f5943e2a000-7f5943e2b000 rwxp 0000c000 08:05 535712                     /lib/x86_64-linux-gnu/libnss_files-2.13.so
7f5943e2b000-7f5943e36000 r-xp 00000000 08:05 535714                     /lib/x86_64-linux-gnu/libnss_nis-2.13.so
7f5943e36000-7f5944035000 ---p 0000b000 08:05 535714                     /lib/x86_64-linux-gnu/libnss_nis-2.13.so
7f5944035000-7f5944036000 r-xp 0000a000 08:05 535714                     /lib/x86_64-linux-gnu/libnss_nis-2.13.so
7f5944036000-7f5944037000 rwxp 0000b000 08:05 535714                     /lib/x86_64-linux-gnu/libnss_nis-2.13.so
7f5944037000-7f594403f000 r-xp 00000000 08:05 535710                     /lib/x86_64-linux-gnu/libnss_compat-2.13.so
7f594403f000-7f594423e000 ---p 00008000 08:05 535710                     /lib/x86_64-linux-gnu/libnss_compat-2.13.so
7f594423e000-7f594423f000 r-xp 00007000 08:05 535710                     /lib/x86_64-linux-gnu/libnss_compat-2.13.so
7f594423f000-7f5944240000 rwxp 00008000 08:05 535710                     /lib/x86_64-linux-gnu/libnss_compat-2.13.so
7f5944240000-7f5944247000 r-xp 00000000 08:05 1734857                    /usr/lib/jvm/java-6-sun-1.6.0.24/jre/lib/amd64/native_threads/libhpi.so
7f5944247000-7f5944348000 ---p 00007000 08:05 1734857                    /usr/lib/jvm/java-6-sun-1.6.0.24/jre/lib/amd64/native_threads/libhpi.so
7f5944348000-7f594434a000 rwxp 00008000 08:05 1734857                    /usr/lib/jvm/java-6-sun-1.6.0.24/jre/lib/amd64/native_threads/libhpi.so
7f594434a000-7f594434b000 rwxp 00000000 00:00 0 
7f594434b000-7f5944362000 r-xp 00000000 08:05 535709                     /lib/x86_64-linux-gnu/libnsl-2.13.so
7f5944362000-7f5944561000 ---p 00017000 08:05 535709                     /lib/x86_64-linux-gnu/libnsl-2.13.so
7f5944561000-7f5944562000 r-xp 00016000 08:05 535709                     /lib/x86_64-linux-gnu/libnsl-2.13.so
7f5944562000-7f5944563000 rwxp 00017000 08:05 535709                     /lib/x86_64-linux-gnu/libnsl-2.13.so
7f5944563000-7f5944565000 rwxp 00000000 00:00 0 
7f5944565000-7f594458e000 r-xp 00000000 08:05 1734846                    /usr/lib/jvm/java-6-sun-1.6.0.24/jre/lib/amd64/libjava.so
7f594458e000-7f594468d000 ---p 00029000 08:05 1734846                    /usr/lib/jvm/java-6-sun-1.6.0.24/jre/lib/amd64/libjava.so
7f594468d000-7f5944694000 rwxp 00028000 08:05 1734846                    /usr/lib/jvm/java-6-sun-1.6.0.24/jre/lib/amd64/libjava.so
7f5944694000-7f59446a1000 r-xp 00000000 08:05 1731420                    /usr/lib/jvm/java-6-sun-1.6.0.24/jre/lib/amd64/libverify.so
7f59446a1000-7f59447a0000 ---p 0000d000 08:05 1731420                    /usr/lib/jvm/java-6-sun-1.6.0.24/jre/lib/amd64/libverify.so
7f59447a0000-7f59447a3000 rwxp 0000c000 08:05 1731420                    /usr/lib/jvm/java-6-sun-1.6.0.24/jre/lib/amd64/libverify.so
7f59447a3000-7f59447aa000 r-xp 00000000 08:05 535724                     /lib/x86_64-linux-gnu/librt-2.13.so
7f59447aa000-7f59449a9000 ---p 00007000 08:05 535724                     /lib/x86_64-linux-gnu/librt-2.13.so
7f59449a9000-7f59449aa000 r-xp 00006000 08:05 535724                     /lib/x86_64-linux-gnu/librt-2.13.so
7f59449aa000-7f59449ab000 rwxp 00007000 08:05 535724                     /lib/x86_64-linux-gnu/librt-2.13.so
7f59449ab000-7f59449ae000 ---p 00000000 00:00 0 
7f59449ae000-7f5944aac000 rwxp 00000000 00:00 0 
7f5944aac000-7f5944b30000 r-xp 00000000 08:05 535703                     /lib/x86_64-linux-gnu/libm-2.13.so
7f5944b30000-7f5944d2f000 ---p 00084000 08:05 535703                     /lib/x86_64-linux-gnu/libm-2.13.so
7f5944d2f000-7f5944d30000 r-xp 00083000 08:05 535703                     /lib/x86_64-linux-gnu/libm-2.13.so
7f5944d30000-7f5944d31000 rwxp 00084000 08:05 535703                     /lib/x86_64-linux-gnu/libm-2.13.so
7f5944d31000-7f594556f000 r-xp 00000000 08:05 1734849                    /usr/lib/jvm/java-6-sun-1.6.0.24/jre/lib/amd64/server/libjvm.so
7f594556f000-7f594566e000 ---p 0083e000 08:05 1734849                    /usr/lib/jvm/java-6-sun-1.6.0.24/jre/lib/amd64/server/libjvm.so
7f594566e000-7f5945802000 rwxp 0083d000 08:05 1734849                    /usr/lib/jvm/java-6-sun-1.6.0.24/jre/lib/amd64/server/libjvm.so
7f5945802000-7f594583b000 rwxp 00000000 00:00 0 
7f594583b000-7f59459c5000 r-xp 00000000 08:05 535697                     /lib/x86_64-linux-gnu/libc-2.13.so
7f59459c5000-7f5945bc4000 ---p 0018a000 08:05 535697                     /lib/x86_64-linux-gnu/libc-2.13.so
7f5945bc4000-7f5945bc8000 r-xp 00189000 08:05 535697                     /lib/x86_64-linux-gnu/libc-2.13.so
7f5945bc8000-7f5945bc9000 rwxp 0018d000 08:05 535697                     /lib/x86_64-linux-gnu/libc-2.13.so
7f5945bc9000-7f5945bcf000 rwxp 00000000 00:00 0 
7f5945bcf000-7f5945bd1000 r-xp 00000000 08:05 535702                     /lib/x86_64-linux-gnu/libdl-2.13.so
7f5945bd1000-7f5945dd1000 ---p 00002000 08:05 535702                     /lib/x86_64-linux-gnu/libdl-2.13.so
7f5945dd1000-7f5945dd2000 r-xp 00002000 08:05 535702                     /lib/x86_64-linux-gnu/libdl-2.13.so
7f5945dd2000-7f5945dd3000 rwxp 00003000 08:05 535702                     /lib/x86_64-linux-gnu/libdl-2.13.so
7f5945dd3000-7f5945deb000 r-xp 00000000 08:05 535718                     /lib/x86_64-linux-gnu/libpthread-2.13.so
7f5945deb000-7f5945feb000 ---p 00018000 08:05 535718                     /lib/x86_64-linux-gnu/libpthread-2.13.so
7f5945feb000-7f5945fec000 r-xp 00018000 08:05 535718                     /lib/x86_64-linux-gnu/libpthread-2.13.so
7f5945fec000-7f5945fed000 rwxp 00019000 08:05 535718                     /lib/x86_64-linux-gnu/libpthread-2.13.so
7f5945fed000-7f5945ff1000 rwxp 00000000 00:00 0 
7f5945ff1000-7f5946012000 r-xp 00000000 08:05 535673                     /lib/x86_64-linux-gnu/ld-2.13.so
7f5946012000-7f5946013000 r-xs 00000000 08:05 554466                     /var/cache/fontconfig/4c73fe0c47614734b17d736dbde7580a-le64.cache-3
7f5946013000-7f5946014000 r-xs 00000000 08:05 554459                     /var/cache/fontconfig/0d8c3b2ac0904cb8a57a757ad11a4a08-le64.cache-3
7f5946014000-7f594601e000 rwxp 00000000 00:00 0 
7f594601e000-7f59460d4000 rwxp 00000000 00:00 0 
7f59460d4000-7f59460d7000 rwxp 00000000 00:00 0 
7f59460d7000-7f59460de000 r-xp 00000000 08:05 1731410                    /usr/lib/jvm/java-6-sun-1.6.0.24/jre/lib/amd64/jli/libjli.so
7f59460de000-7f59461df000 ---p 00007000 08:05 1731410                    /usr/lib/jvm/java-6-sun-1.6.0.24/jre/lib/amd64/jli/libjli.so
7f59461df000-7f59461e1000 rwxp 00008000 08:05 1731410                    /usr/lib/jvm/java-6-sun-1.6.0.24/jre/lib/amd64/jli/libjli.so
7f59461e1000-7f59461e2000 rwxp 00000000 00:00 0 
7f59461e2000-7f59461e3000 r-xs 00000000 08:05 554454                     /var/cache/fontconfig/6a53c69dea097a2d716e069445527da8-le64.cache-3
7f59461e3000-7f59461e8000 r-xs 00000000 08:05 554452                     /var/cache/fontconfig/515ca1ebc4b18308bea979be5704f9db-le64.cache-3
7f59461e8000-7f59461eb000 r-xs 00000000 08:05 554441                     /var/cache/fontconfig/d60319d88cac85ba9e1a07bd06cfbb8c-le64.cache-3
7f59461eb000-7f59461ec000 r-xs 00000000 08:05 530935                     /var/cache/fontconfig/4794a0821666d79190d59a36cb4f44b5-le64.cache-3
7f59461ec000-7f59461f0000 r-xs 00000000 08:05 538228                     /var/cache/fontconfig/7ef2298fde41cc6eeb7af42e48b7d293-le64.cache-3
7f59461f0000-7f5946204000 r-xs 00000000 08:05 527842                     /var/cache/fontconfig/865f88548240fee46819705c6468c165-le64.cache-3
7f5946204000-7f5946205000 r-xs 00000000 08:05 1340105                    /home/bompo/.fontconfig/aa7e4f27e681240d22a1f116cf7520f0-le64.cache-3
7f5946205000-7f594620d000 rwxs 00000000 08:05 526114                     /tmp/hsperfdata_bompo/5403
7f594620d000-7f594620e000 rwxp 00000000 00:00 0 
7f594620e000-7f594620f000 r-xp 00000000 00:00 0 
7f594620f000-7f5946211000 rwxp 00000000 00:00 0 
7f5946211000-7f5946212000 r-xp 00020000 08:05 535673                     /lib/x86_64-linux-gnu/ld-2.13.so
7f5946212000-7f5946214000 rwxp 00021000 08:05 535673                     /lib/x86_64-linux-gnu/ld-2.13.so
7fff12911000-7fff12932000 rwxp 00000000 00:00 0                          [stack]
7fff129ff000-7fff12a00000 r-xp 00000000 00:00 0                          [vdso]
ffffffffff600000-ffffffffff601000 r-xp 00000000 00:00 0                  [vsyscall]

VM Arguments:
jvm_args: -Dfile.encoding=UTF-8 
java_command: de.swagner.mgcube.DesktopStarter
Launcher Type: SUN_STANDARD

Environment Variables:
PATH=/usr/local/sbin:/usr/local/bin:/usr/sbin:/usr/bin:/sbin:/bin:/usr/games
USERNAME=bompo
LD_LIBRARY_PATH=/usr/lib/jvm/java-6-sun-1.6.0.24/jre/lib/amd64/server:/usr/lib/jvm/java-6-sun-1.6.0.24/jre/lib/amd64:/usr/lib/jvm/java-6-sun-1.6.0.24/jre/../lib/amd64:/usr/lib/jvm/java-6-openjdk/jre/lib/amd64/server:/usr/lib/jvm/java-6-openjdk/jre/lib/amd64:/usr/lib/jvm/java-6-openjdk/jre/../lib/amd64:/usr/lib64/xulrunner-addons
SHELL=/bin/bash
DISPLAY=:0.0

Signal Handlers:
SIGSEGV: [libjvm.so+0x791b30], sa_mask[0]=0x7ffbfeff, sa_flags=0x10000004
SIGBUS: [libjvm.so+0x791b30], sa_mask[0]=0x7ffbfeff, sa_flags=0x10000004
SIGFPE: [libjvm.so+0x640ba0], sa_mask[0]=0x7ffbfeff, sa_flags=0x10000004
SIGPIPE: [libjvm.so+0x640ba0], sa_mask[0]=0x7ffbfeff, sa_flags=0x10000004
SIGXFSZ: [libjvm.so+0x640ba0], sa_mask[0]=0x7ffbfeff, sa_flags=0x10000004
SIGILL: [libjvm.so+0x640ba0], sa_mask[0]=0x7ffbfeff, sa_flags=0x10000004
SIGUSR1: SIG_DFL, sa_mask[0]=0x00000000, sa_flags=0x00000000
SIGUSR2: [libjvm.so+0x643780], sa_mask[0]=0x00000004, sa_flags=0x10000004
SIGHUP: [libjvm.so+0x643380], sa_mask[0]=0x7ffbfeff, sa_flags=0x10000004
SIGINT: [libjvm.so+0x643380], sa_mask[0]=0x7ffbfeff, sa_flags=0x10000004
SIGTERM: [libjvm.so+0x643380], sa_mask[0]=0x7ffbfeff, sa_flags=0x10000004
SIGQUIT: [libjvm.so+0x643380], sa_mask[0]=0x7ffbfeff, sa_flags=0x10000004


---------------  S Y S T E M  ---------------

OS:squeeze/sid

uname:Linux 2.6.38-10-generic #44-Ubuntu SMP Thu Jun 2 21:32:22 UTC 2011 x86_64
libc:glibc 2.13 NPTL 2.13 
rlimit: STACK 8192k, CORE 0k, NPROC infinity, NOFILE 4096, AS infinity
load average:0.38 0.24 0.14

/proc/meminfo:
MemTotal:        4047872 kB
MemFree:         1307232 kB
Buffers:          155540 kB
Cached:           786180 kB
SwapCached:            0 kB
Active:          1766404 kB
Inactive:         660332 kB
Active(anon):    1486720 kB
Inactive(anon):    13372 kB
Active(file):     279684 kB
Inactive(file):   646960 kB
Unevictable:         148 kB
Mlocked:             148 kB
SwapTotal:      19529724 kB
SwapFree:       19529724 kB
Dirty:              3956 kB
Writeback:             0 kB
AnonPages:       1485476 kB
Mapped:           210892 kB
Shmem:             15080 kB
Slab:             102124 kB
SReclaimable:      74136 kB
SUnreclaim:        27988 kB
KernelStack:        4288 kB
PageTables:        35844 kB
NFS_Unstable:          0 kB
Bounce:                0 kB
WritebackTmp:          0 kB
CommitLimit:    21553660 kB
Committed_AS:    4267556 kB
VmallocTotal:   34359738367 kB
VmallocUsed:      341864 kB
VmallocChunk:   34359382772 kB
HardwareCorrupted:     0 kB
HugePages_Total:       0
HugePages_Free:        0
HugePages_Rsvd:        0
HugePages_Surp:        0
Hugepagesize:       2048 kB
DirectMap4k:      155072 kB
DirectMap2M:     4030464 kB


CPU:total 4 (4 cores per cpu, 1 threads per core) family 6 model 30 stepping 5, cmov, cx8, fxsr, mmx, sse, sse2, sse3, ssse3, sse4.1, sse4.2, popcnt

Memory: 4k page, physical 4047872k(1307232k free), swap 19529724k(19529724k free)

vm_info: Java HotSpot(TM) 64-Bit Server VM (19.1-b02) for linux-amd64 JRE (1.6.0_24-b07), built on Feb  2 2011 16:55:54 by "java_re" with gcc 3.2.2 (SuSE Linux)

time: Sun Jun 19 18:32:48 2011
elapsed time: 43 seconds

