#
# A fatal error has been detected by the Java Runtime Environment:
#
#  SIGBUS (0x7) at pc=0x00007f2225ef1792, pid=9631, tid=139784645662464
#
# JRE version: 6.0_24-b07
# Java VM: Java HotSpot(TM) 64-Bit Server VM (19.1-b02 mixed mode linux-amd64 compressed oops)
# Problematic frame:
# 
[error occurred during error reporting (printing problematic frame), id 0x7]

# If you would like to submit a bug report, please visit:
#   http://java.sun.com/webapps/bugreport/crash.jsp
# The crash happened outside the Java Virtual Machine in native code.
# See problematic frame for where to report the bug.
#

---------------  T H R E A D  ---------------

Current thread (0x0000000040950000):  JavaThread "AWT-EventQueue-0" [_thread_in_native, id=9652, stack(0x00007f2226165000,0x00007f2226266000)]

siginfo:si_signo=SIGBUS: si_errno=0, si_code=2 (BUS_ADRERR), si_addr=0x00007f2225f4606c

Registers:
RAX=0x00000000ec804f10, RBX=0x00000000409501c8, RCX=0x00000000405cfc30, RDX=0x00007f2233463000
RSP=0x00007f2226263970, RBP=0x00007f2226263aa8, RSI=0x00007f22329240f0, RDI=0x0000000000000000
R8 =0x00007f22329381a8, R9 =0x00007f223293bf78, R10=0x00000000405d0018, R11=0x00000000405cfc78
R12=0x0000000000000000, R13=0x00000000bdcf6148, R14=0x00007f2226263aa8, R15=0x0000000040950000
RIP=0x00007f2225ef1792, EFL=0x0000000000010202, CSGSFS=0x0000000000000033, ERR=0x0000000000000004
  TRAPNO=0x000000000000000e

Register to memory mapping:

RAX=0x00000000ec804f10

[error occurred during error reporting (printing registers, top of stack, instructions near pc), id 0xe0000000]

Stack: [0x00007f2226165000,0x00007f2226266000],  sp=0x00007f2226263970,  free space=1018k
Native frames: (J=compiled Java code, j=interpreted, Vv=VM code, C=native code)

[error occurred during error reporting (printing native stack), id 0x7]

Java frames: (J=compiled Java code, j=interpreted, Vv=VM code)
j  com.badlogic.gdx.math.Matrix4.inv([F)Z+0
J  de.swagner.mgcube.MainMenuScreen.render(F)V
j  com.badlogic.gdx.Game.render()V+19
j  com.badlogic.gdx.backends.jogl.JoglGraphics.display(Ljavax/media/opengl/GLAutoDrawable;)V+114
j  com.sun.opengl.impl.GLDrawableHelper.display(Ljavax/media/opengl/GLAutoDrawable;)V+29
j  javax.media.opengl.GLCanvas$DisplayAction.run()V+80
j  com.sun.opengl.impl.GLDrawableHelper.invokeGL(Ljavax/media/opengl/GLDrawable;Ljavax/media/opengl/GLContext;Ljava/lang/Runnable;Ljava/lang/Runnable;)V+418
j  javax.media.opengl.GLCanvas$DisplayOnEventDispatchThreadAction.run()V+35
j  java.awt.event.InvocationEvent.dispatch()V+11
j  java.awt.EventQueue.dispatchEventImpl(Ljava/awt/AWTEvent;Ljava/lang/Object;)V+21
j  java.awt.EventQueue.access$000(Ljava/awt/EventQueue;Ljava/awt/AWTEvent;Ljava/lang/Object;)V+3
j  java.awt.EventQueue$1.run()Ljava/lang/Void;+12
j  java.awt.EventQueue$1.run()Ljava/lang/Object;+1
v  ~StubRoutines::call_stub
j  java.security.AccessController.doPrivileged(Ljava/security/PrivilegedAction;Ljava/security/AccessControlContext;)Ljava/lang/Object;+0
j  java.security.AccessControlContext$1.doIntersectionPrivilege(Ljava/security/PrivilegedAction;Ljava/security/AccessControlContext;Ljava/security/AccessControlContext;)Ljava/lang/Object;+28
j  java.awt.EventQueue.dispatchEvent(Ljava/awt/AWTEvent;)V+46
j  java.awt.EventDispatchThread.pumpOneEventForFilters(I)Z+204
j  java.awt.EventDispatchThread.pumpEventsForFilter(ILjava/awt/Conditional;Ljava/awt/EventFilter;)V+30
j  java.awt.EventDispatchThread.pumpEventsForHierarchy(ILjava/awt/Conditional;Ljava/awt/Component;)V+11
j  java.awt.EventDispatchThread.pumpEvents(ILjava/awt/Conditional;)V+4
j  java.awt.EventDispatchThread.pumpEvents(Ljava/awt/Conditional;)V+3
j  java.awt.EventDispatchThread.run()V+9
v  ~StubRoutines::call_stub

---------------  P R O C E S S  ---------------

Java Threads: ( => current thread )
  0x000000004055f000 JavaThread "DestroyJavaVM" [_thread_blocked, id=9636, stack(0x00007f2231c01000,0x00007f2231d02000)]
  0x00007f22283b4000 JavaThread "Thread-1" [_thread_blocked, id=9656, stack(0x00007f221bad5000,0x00007f221bbd6000)]
=>0x0000000040950000 JavaThread "AWT-EventQueue-0" [_thread_in_native, id=9652, stack(0x00007f2226165000,0x00007f2226266000)]
  0x000000004094e000 JavaThread "AWT-Shutdown" [_thread_blocked, id=9651, stack(0x00007f2226266000,0x00007f2226367000)]
  0x000000004094d000 JavaThread "AWT-XAWT" daemon [_thread_blocked, id=9650, stack(0x00007f2226367000,0x00007f2226468000)]
  0x00007f22280be000 JavaThread "Java2D Disposer" daemon [_thread_blocked, id=9649, stack(0x00007f2226c8c000,0x00007f2226d8d000)]
  0x00007f2228023000 JavaThread "Low Memory Detector" daemon [_thread_blocked, id=9647, stack(0x00007f222c3c8000,0x00007f222c4c9000)]
  0x00007f2228020800 JavaThread "CompilerThread1" daemon [_thread_blocked, id=9646, stack(0x00007f222c4c9000,0x00007f222c5ca000)]
  0x00007f222801d800 JavaThread "CompilerThread0" daemon [_thread_blocked, id=9645, stack(0x00007f222c5ca000,0x00007f222c6cb000)]
  0x00007f222801b800 JavaThread "Signal Dispatcher" daemon [_thread_blocked, id=9644, stack(0x00007f222c6cb000,0x00007f222c7cc000)]
  0x00000000405c5800 JavaThread "Finalizer" daemon [_thread_blocked, id=9643, stack(0x00007f222cbd4000,0x00007f222ccd5000)]
  0x00000000405c3800 JavaThread "Reference Handler" daemon [_thread_blocked, id=9642, stack(0x00007f222ccd5000,0x00007f222cdd6000)]

Other Threads:
  0x00000000405bc800 VMThread [stack: 0x00007f222cdd6000,0x00007f222ced7000] [id=9641]
  0x00007f222802d800 WatcherThread [stack: 0x00007f222c2c7000,0x00007f222c3c8000] [id=9648]

VM state:not at safepoint (normal execution)

VM Mutex/Monitor currently owned by a thread: None

Heap
 PSYoungGen      total 18432K, used 4982K [0x00000000eb600000, 0x00000000eca90000, 0x0000000100000000)
  eden space 15808K, 18% used [0x00000000eb600000,0x00000000eb8cff60,0x00000000ec570000)
  from space 2624K, 80% used [0x00000000ec800000,0x00000000eca0d9b0,0x00000000eca90000)
  to   space 2624K, 0% used [0x00000000ec570000,0x00000000ec570000,0x00000000ec800000)
 PSOldGen        total 42240K, used 0K [0x00000000c2200000, 0x00000000c4b40000, 0x00000000eb600000)
  object space 42240K, 0% used [0x00000000c2200000,0x00000000c2200000,0x00000000c4b40000)
 PSPermGen       total 21248K, used 17314K [0x00000000bd000000, 0x00000000be4c0000, 0x00000000c2200000)
  object space 21248K, 81% used [0x00000000bd000000,0x00000000be0e8a48,0x00000000be4c0000)

Dynamic libraries:
40000000-40009000 r-xp 00000000 08:05 1662394                            /usr/lib/jvm/java-6-sun-1.6.0.24/jre/bin/java
40108000-4010a000 rwxp 00008000 08:05 1662394                            /usr/lib/jvm/java-6-sun-1.6.0.24/jre/bin/java
404d5000-4054c000 rwxp 00000000 00:00 0 
40556000-41a82000 rwxp 00000000 00:00 0                                  [heap]
41b12000-41b14000 r-xs 00000000 08:05 528540                             /tmp/gluaxvqZ (deleted)
bd000000-be4c0000 rwxp 00000000 00:00 0 
be4c0000-c2200000 rwxp 00000000 00:00 0 
c2200000-c4b40000 rwxp 00000000 00:00 0 
c4b40000-eb600000 rwxp 00000000 00:00 0 
eb600000-eca90000 rwxp 00000000 00:00 0 
eca90000-100000000 rwxp 00000000 00:00 0 
7f221b4a9000-7f221b6f5000 rwxp 00000000 00:00 0 
7f221b6f5000-7f221b775000 rwxs c30d5000 00:05 9702                       /dev/nvidia0
7f221b775000-7f221b975000 rwxs 586bf000 00:05 9702                       /dev/nvidia0
7f221b975000-7f221ba75000 rwxs 58450000 00:05 9702                       /dev/nvidia0
7f221ba75000-7f221bab5000 rwxs 8e858000 00:05 9702                       /dev/nvidia0
7f221bacd000-7f221bad5000 r-xs 00115000 08:05 1662451                    /usr/lib/jvm/java-6-sun-1.6.0.24/jre/lib/resources.jar
7f221bad5000-7f221bad8000 ---p 00000000 00:00 0 
7f221bad8000-7f221bbd6000 rwxp 00000000 00:00 0 
7f221bbd6000-7f221bbd7000 ---p 00000000 00:00 0 
7f221bbd7000-7f221c3d7000 rwxp 00000000 00:00 0 
7f221c3d7000-7f22203d8000 rwxs 00000000 00:10 287296                     /dev/shm/pulse-shm-1402171654
7f22203d8000-7f22203d9000 ---p 00000000 00:00 0 
7f22203d9000-7f2220bd9000 rwxp 00000000 00:00 0 
7f2220bd9000-7f2220bdf000 r-xp 00000000 08:05 1573092                    /usr/lib/libogg.so.0.7.0
7f2220bdf000-7f2220dde000 ---p 00006000 08:05 1573092                    /usr/lib/libogg.so.0.7.0
7f2220dde000-7f2220ddf000 r-xp 00005000 08:05 1573092                    /usr/lib/libogg.so.0.7.0
7f2220ddf000-7f2220de0000 rwxp 00006000 08:05 1573092                    /usr/lib/libogg.so.0.7.0
7f2220de0000-7f2220e0b000 r-xp 00000000 08:05 1582648                    /usr/lib/libvorbis.so.0.4.5
7f2220e0b000-7f222100a000 ---p 0002b000 08:05 1582648                    /usr/lib/libvorbis.so.0.4.5
7f222100a000-7f222100b000 r-xp 0002a000 08:05 1582648                    /usr/lib/libvorbis.so.0.4.5
7f222100b000-7f222100c000 rwxp 0002b000 08:05 1582648                    /usr/lib/libvorbis.so.0.4.5
7f222100c000-7f22212bf000 r-xp 00000000 08:05 1573212                    /usr/lib/libvorbisenc.so.2.0.8
7f22212bf000-7f22214be000 ---p 002b3000 08:05 1573212                    /usr/lib/libvorbisenc.so.2.0.8
7f22214be000-7f22214da000 r-xp 002b2000 08:05 1573212                    /usr/lib/libvorbisenc.so.2.0.8
7f22214da000-7f22214db000 rwxp 002ce000 08:05 1573212                    /usr/lib/libvorbisenc.so.2.0.8
7f22214db000-7f2221523000 r-xp 00000000 08:05 1570101                    /usr/lib/libFLAC.so.8.2.0
7f2221523000-7f2221723000 ---p 00048000 08:05 1570101                    /usr/lib/libFLAC.so.8.2.0
7f2221723000-7f2221724000 r-xp 00048000 08:05 1570101                    /usr/lib/libFLAC.so.8.2.0
7f2221724000-7f2221725000 rwxp 00049000 08:05 1570101                    /usr/lib/libFLAC.so.8.2.0
7f2221725000-7f2221786000 r-xp 00000000 08:05 1570821                    /usr/lib/libsndfile.so.1.0.23
7f2221786000-7f2221986000 ---p 00061000 08:05 1570821                    /usr/lib/libsndfile.so.1.0.23
7f2221986000-7f2221988000 r-xp 00061000 08:05 1570821                    /usr/lib/libsndfile.so.1.0.23
7f2221988000-7f2221989000 rwxp 00063000 08:05 1570821                    /usr/lib/libsndfile.so.1.0.23
7f2221989000-7f222198d000 rwxp 00000000 00:00 0 
7f222198d000-7f2221995000 r-xp 00000000 08:05 538930                     /lib/libwrap.so.0.7.6
7f2221995000-7f2221b95000 ---p 00008000 08:05 538930                     /lib/libwrap.so.0.7.6
7f2221b95000-7f2221b96000 r-xp 00008000 08:05 538930                     /lib/libwrap.so.0.7.6
7f2221b96000-7f2221b97000 rwxp 00009000 08:05 538930                     /lib/libwrap.so.0.7.6
7f2221b97000-7f2221b98000 rwxp 00000000 00:00 0 
7f2221b98000-7f2221b9c000 r-xp 00000000 08:05 534738                     /lib/x86_64-linux-gnu/libuuid.so.1.3.0
7f2221b9c000-7f2221d9b000 ---p 00004000 08:05 534738                     /lib/x86_64-linux-gnu/libuuid.so.1.3.0
7f2221d9b000-7f2221d9c000 r-xp 00003000 08:05 534738                     /lib/x86_64-linux-gnu/libuuid.so.1.3.0
7f2221d9c000-7f2221d9d000 rwxp 00004000 08:05 534738                     /lib/x86_64-linux-gnu/libuuid.so.1.3.0
7f2221d9d000-7f2221ddf000 r-xp 00000000 08:05 525819                     /lib/x86_64-linux-gnu/libdbus-1.so.3.5.4
7f2221ddf000-7f2221fdf000 ---p 00042000 08:05 525819                     /lib/x86_64-linux-gnu/libdbus-1.so.3.5.4
7f2221fdf000-7f2221fe0000 r-xp 00042000 08:05 525819                     /lib/x86_64-linux-gnu/libdbus-1.so.3.5.4
7f2221fe0000-7f2221fe1000 rwxp 00043000 08:05 525819                     /lib/x86_64-linux-gnu/libdbus-1.so.3.5.4
7f2221fe1000-7f222202c000 r-xp 00000000 08:05 1580900                    /usr/lib/libpulsecommon-0.9.22.so
7f222202c000-7f222222b000 ---p 0004b000 08:05 1580900                    /usr/lib/libpulsecommon-0.9.22.so
7f222222b000-7f222222c000 r-xp 0004a000 08:05 1580900                    /usr/lib/libpulsecommon-0.9.22.so
7f222222c000-7f222222d000 rwxp 0004b000 08:05 1580900                    /usr/lib/libpulsecommon-0.9.22.so
7f222222d000-7f2222230000 r-xp 00000000 08:05 1573582                    /usr/lib/libxcb-atom.so.1.0.0
7f2222230000-7f2222430000 ---p 00003000 08:05 1573582                    /usr/lib/libxcb-atom.so.1.0.0
7f2222430000-7f2222431000 r-xp 00003000 08:05 1573582                    /usr/lib/libxcb-atom.so.1.0.0
7f2222431000-7f2222432000 rwxp 00004000 08:05 1573582                    /usr/lib/libxcb-atom.so.1.0.0
7f2222432000-7f2222439000 r-xp 00000000 08:05 1578963                    /usr/lib/x86_64-linux-gnu/libSM.so.6.0.1
7f2222439000-7f2222638000 ---p 00007000 08:05 1578963                    /usr/lib/x86_64-linux-gnu/libSM.so.6.0.1
7f2222638000-7f2222639000 r-xp 00006000 08:05 1578963                    /usr/lib/x86_64-linux-gnu/libSM.so.6.0.1
7f2222639000-7f222263a000 rwxp 00007000 08:05 1578963                    /usr/lib/x86_64-linux-gnu/libSM.so.6.0.1
7f222263a000-7f2222650000 r-xp 00000000 08:05 1571606                    /usr/lib/x86_64-linux-gnu/libICE.so.6.3.0
7f2222650000-7f2222850000 ---p 00016000 08:05 1571606                    /usr/lib/x86_64-linux-gnu/libICE.so.6.3.0
7f2222850000-7f2222851000 r-xp 00016000 08:05 1571606                    /usr/lib/x86_64-linux-gnu/libICE.so.6.3.0
7f2222851000-7f2222852000 rwxp 00017000 08:05 1571606                    /usr/lib/x86_64-linux-gnu/libICE.so.6.3.0
7f2222852000-7f2222855000 rwxp 00000000 00:00 0 
7f2222855000-7f2222856000 r-xp 00000000 08:05 1570508                    /usr/lib/x86_64-linux-gnu/libX11-xcb.so.1.0.0
7f2222856000-7f2222a55000 ---p 00001000 08:05 1570508                    /usr/lib/x86_64-linux-gnu/libX11-xcb.so.1.0.0
7f2222a55000-7f2222a56000 r-xp 00000000 08:05 1570508                    /usr/lib/x86_64-linux-gnu/libX11-xcb.so.1.0.0
7f2222a56000-7f2222a57000 rwxp 00001000 08:05 1570508                    /usr/lib/x86_64-linux-gnu/libX11-xcb.so.1.0.0
7f2222a57000-7f2222a97000 r-xp 00000000 08:05 1573921                    /usr/lib/libpulse.so.0.12.3
7f2222a97000-7f2222c96000 ---p 00040000 08:05 1573921                    /usr/lib/libpulse.so.0.12.3
7f2222c96000-7f2222c97000 r-xp 0003f000 08:05 1573921                    /usr/lib/libpulse.so.0.12.3
7f2222c97000-7f2222c98000 rwxp 00040000 08:05 1573921                    /usr/lib/libpulse.so.0.12.3
7f2222c98000-7f2222ce4000 r-xp 00000000 08:05 525038                     /tmp/libgdx/2370704169/libopenal64.so
7f2222ce4000-7f2222ee3000 ---p 0004c000 08:05 525038                     /tmp/libgdx/2370704169/libopenal64.so
7f2222ee3000-7f2222ee5000 r-xp 0004b000 08:05 525038                     /tmp/libgdx/2370704169/libopenal64.so
7f2222ee5000-7f2222ee6000 rwxp 0004d000 08:05 525038                     /tmp/libgdx/2370704169/libopenal64.so
7f2222ee6000-7f2222ee7000 rwxp 00000000 00:00 0 
7f2222ee7000-7f2222f60000 r-xp 00000000 08:05 525065                     /tmp/libgdx/2370704169/liblwjgl64.so
7f2222f60000-7f2223160000 ---p 00079000 08:05 525065                     /tmp/libgdx/2370704169/liblwjgl64.so
7f2223160000-7f2223162000 r-xp 00079000 08:05 525065                     /tmp/libgdx/2370704169/liblwjgl64.so
7f2223162000-7f2223163000 rwxp 0007b000 08:05 525065                     /tmp/libgdx/2370704169/liblwjgl64.so
7f2223163000-7f2223252000 r-xp 00000000 08:05 524903                     /tmp/libgdx/2370704169/libjogl-linux64.so
7f2223252000-7f2223352000 ---p 000ef000 08:05 524903                     /tmp/libgdx/2370704169/libjogl-linux64.so
7f2223352000-7f2223353000 rwxp 000ef000 08:05 524903                     /tmp/libgdx/2370704169/libjogl-linux64.so
7f2223353000-7f22247a1000 r-xp 00000000 08:05 723                        /usr/lib/nvidia-current/libnvidia-glcore.so.270.41.19
7f22247a1000-7f22249a1000 ---p 0144e000 08:05 723                        /usr/lib/nvidia-current/libnvidia-glcore.so.270.41.19
7f22249a1000-7f2224f89000 rwxp 0144e000 08:05 723                        /usr/lib/nvidia-current/libnvidia-glcore.so.270.41.19
7f2224f89000-7f2224fa0000 rwxp 00000000 00:00 0 
7f2224fa0000-7f2224fa1000 r-xp 00000000 08:05 716                        /usr/lib/nvidia-current/tls/libnvidia-tls.so.270.41.19
7f2224fa1000-7f22251a1000 ---p 00001000 08:05 716                        /usr/lib/nvidia-current/tls/libnvidia-tls.so.270.41.19
7f22251a1000-7f22251a2000 rwxp 00001000 08:05 716                        /usr/lib/nvidia-current/tls/libnvidia-tls.so.270.41.19
7f22251a2000-7f22251a3000 r-xp 00000000 08:05 1734853                    /usr/lib/jvm/java-6-sun-1.6.0.24/jre/lib/amd64/libjawt.so
7f22251a3000-7f22252a2000 ---p 00001000 08:05 1734853                    /usr/lib/jvm/java-6-sun-1.6.0.24/jre/lib/amd64/libjawt.so
7f22252a2000-7f22252a3000 rwxp 00000000 08:05 1734853                    /usr/lib/jvm/java-6-sun-1.6.0.24/jre/lib/amd64/libjawt.so
7f22252a3000-7f22252a8000 r-xp 00000000 08:05 1581972                    /usr/lib/x86_64-linux-gnu/libXxf86vm.so.1.0.0
7f22252a8000-7f22254a7000 ---p 00005000 08:05 1581972                    /usr/lib/x86_64-linux-gnu/libXxf86vm.so.1.0.0
7f22254a7000-7f22254a8000 r-xp 00004000 08:05 1581972                    /usr/lib/x86_64-linux-gnu/libXxf86vm.so.1.0.0
7f22254a8000-7f22254a9000 rwxp 00005000 08:05 1581972                    /usr/lib/x86_64-linux-gnu/libXxf86vm.so.1.0.0
7f22254a9000-7f2225566000 r-xp 00000000 08:05 928                        /usr/lib/nvidia-current/libGL.so.270.41.19
7f2225566000-7f2225766000 ---p 000bd000 08:05 928                        /usr/lib/nvidia-current/libGL.so.270.41.19
7f2225766000-7f222579f000 rwxp 000bd000 08:05 928                        /usr/lib/nvidia-current/libGL.so.270.41.19
7f222579f000-7f22257b5000 rwxp 00000000 00:00 0 
7f22257b5000-7f22257b7000 r-xp 00000000 08:05 524893                     /tmp/libgdx/2370704169/libjogl_awt-linux64.so
7f22257b7000-7f22258b6000 ---p 00002000 08:05 524893                     /tmp/libgdx/2370704169/libjogl_awt-linux64.so
7f22258b6000-7f22258b7000 rwxp 00001000 08:05 524893                     /tmp/libgdx/2370704169/libjogl_awt-linux64.so
7f22258b7000-7f22258b8000 r-xp 00000000 08:05 524774                     /tmp/libgdx/2370704169/libgluegen-rt-linux64.so
7f22258b8000-7f22259b7000 ---p 00001000 08:05 524774                     /tmp/libgdx/2370704169/libgluegen-rt-linux64.so
7f22259b7000-7f22259b8000 rwxp 00000000 08:05 524774                     /tmp/libgdx/2370704169/libgluegen-rt-linux64.so
7f22259b8000-7f22259cd000 r-xp 00000000 08:05 528127                     /lib/x86_64-linux-gnu/libgcc_s.so.1
7f22259cd000-7f2225bcc000 ---p 00015000 08:05 528127                     /lib/x86_64-linux-gnu/libgcc_s.so.1
7f2225bcc000-7f2225bcd000 r-xp 00014000 08:05 528127                     /lib/x86_64-linux-gnu/libgcc_s.so.1
7f2225bcd000-7f2225bce000 rwxp 00015000 08:05 528127                     /lib/x86_64-linux-gnu/libgcc_s.so.1
7f2225bce000-7f2225cb6000 r-xp 00000000 08:05 1571250                    /usr/lib/x86_64-linux-gnu/libstdc++.so.6.0.14
7f2225cb6000-7f2225eb5000 ---p 000e8000 08:05 1571250                    /usr/lib/x86_64-linux-gnu/libstdc++.so.6.0.14
7f2225eb5000-7f2225ebd000 r-xp 000e7000 08:05 1571250                    /usr/lib/x86_64-linux-gnu/libstdc++.so.6.0.14
7f2225ebd000-7f2225ebf000 rwxp 000ef000 08:05 1571250                    /usr/lib/x86_64-linux-gnu/libstdc++.so.6.0.14
7f2225ebf000-7f2225ed4000 rwxp 00000000 00:00 0 
7f2225ed4000-7f2225f60000 r-xp 00000000 08:05 524747                     /tmp/libgdx/2370704169/libgdx-64.so
7f2225f60000-7f2226160000 ---p 0008c000 08:05 524747                     /tmp/libgdx/2370704169/libgdx-64.so
7f2226160000-7f2226161000 r-xp 0008c000 08:05 524747                     /tmp/libgdx/2370704169/libgdx-64.so
7f2226161000-7f2226162000 rwxp 0008d000 08:05 524747                     /tmp/libgdx/2370704169/libgdx-64.so
7f2226162000-7f2226165000 rwxp 00000000 00:00 0 
7f2226165000-7f2226168000 ---p 00000000 00:00 0 
7f2226168000-7f2226266000 rwxp 00000000 00:00 0 
7f2226266000-7f2226269000 ---p 00000000 00:00 0 
7f2226269000-7f2226367000 rwxp 00000000 00:00 0 
7f2226367000-7f222636a000 ---p 00000000 00:00 0 
7f222636a000-7f2226468000 rwxp 00000000 00:00 0 
7f2226468000-7f222646d000 r-xp 00000000 08:05 1570859                    /usr/lib/x86_64-linux-gnu/libXfixes.so.3.1.0
7f222646d000-7f222666c000 ---p 00005000 08:05 1570859                    /usr/lib/x86_64-linux-gnu/libXfixes.so.3.1.0
7f222666c000-7f222666d000 r-xp 00004000 08:05 1570859                    /usr/lib/x86_64-linux-gnu/libXfixes.so.3.1.0
7f222666d000-7f222666e000 rwxp 00005000 08:05 1570859                    /usr/lib/x86_64-linux-gnu/libXfixes.so.3.1.0
7f222666e000-7f2226677000 r-xp 00000000 08:05 1573929                    /usr/lib/x86_64-linux-gnu/libXcursor.so.1.0.2
7f2226677000-7f2226876000 ---p 00009000 08:05 1573929                    /usr/lib/x86_64-linux-gnu/libXcursor.so.1.0.2
7f2226876000-7f2226877000 r-xp 00008000 08:05 1573929                    /usr/lib/x86_64-linux-gnu/libXcursor.so.1.0.2
7f2226877000-7f2226878000 rwxp 00009000 08:05 1573929                    /usr/lib/x86_64-linux-gnu/libXcursor.so.1.0.2
7f2226878000-7f2226881000 r-xp 00000000 08:05 1570620                    /usr/lib/x86_64-linux-gnu/libXrender.so.1.3.0
7f2226881000-7f2226a81000 ---p 00009000 08:05 1570620                    /usr/lib/x86_64-linux-gnu/libXrender.so.1.3.0
7f2226a81000-7f2226a82000 r-xp 00009000 08:05 1570620                    /usr/lib/x86_64-linux-gnu/libXrender.so.1.3.0
7f2226a82000-7f2226a83000 rwxp 0000a000 08:05 1570620                    /usr/lib/x86_64-linux-gnu/libXrender.so.1.3.0
7f2226a83000-7f2226a8b000 r-xp 00000000 08:05 1581969                    /usr/lib/x86_64-linux-gnu/libXrandr.so.2.2.0
7f2226a8b000-7f2226c8a000 ---p 00008000 08:05 1581969                    /usr/lib/x86_64-linux-gnu/libXrandr.so.2.2.0
7f2226c8a000-7f2226c8b000 r-xp 00007000 08:05 1581969                    /usr/lib/x86_64-linux-gnu/libXrandr.so.2.2.0
7f2226c8b000-7f2226c8c000 rwxp 00008000 08:05 1581969                    /usr/lib/x86_64-linux-gnu/libXrandr.so.2.2.0
7f2226c8c000-7f2226c8f000 ---p 00000000 00:00 0 
7f2226c8f000-7f2226d8d000 rwxp 00000000 00:00 0 
7f2226d8d000-7f2226e06000 r-xp 00000000 08:05 1734841                    /usr/lib/jvm/java-6-sun-1.6.0.24/jre/lib/amd64/libfontmanager.so
7f2226e06000-7f2226f05000 ---p 00079000 08:05 1734841                    /usr/lib/jvm/java-6-sun-1.6.0.24/jre/lib/amd64/libfontmanager.so
7f2226f05000-7f2226f1a000 rwxp 00078000 08:05 1734841                    /usr/lib/jvm/java-6-sun-1.6.0.24/jre/lib/amd64/libfontmanager.so
7f2226f1a000-7f2226f2b000 rwxp 00000000 00:00 0 
7f2226f2b000-7f2226f30000 r-xp 00000000 08:05 1573561                    /usr/lib/x86_64-linux-gnu/libXdmcp.so.6.0.0
7f2226f30000-7f222712f000 ---p 00005000 08:05 1573561                    /usr/lib/x86_64-linux-gnu/libXdmcp.so.6.0.0
7f222712f000-7f2227130000 r-xp 00004000 08:05 1573561                    /usr/lib/x86_64-linux-gnu/libXdmcp.so.6.0.0
7f2227130000-7f2227131000 rwxp 00005000 08:05 1573561                    /usr/lib/x86_64-linux-gnu/libXdmcp.so.6.0.0
7f2227131000-7f2227133000 r-xp 00000000 08:05 1570542                    /usr/lib/x86_64-linux-gnu/libXau.so.6.0.0
7f2227133000-7f2227332000 ---p 00002000 08:05 1570542                    /usr/lib/x86_64-linux-gnu/libXau.so.6.0.0
7f2227332000-7f2227333000 r-xp 00001000 08:05 1570542                    /usr/lib/x86_64-linux-gnu/libXau.so.6.0.0
7f2227333000-7f2227334000 rwxp 00002000 08:05 1570542                    /usr/lib/x86_64-linux-gnu/libXau.so.6.0.0
7f2227334000-7f222734f000 r-xp 00000000 08:05 1572615                    /usr/lib/x86_64-linux-gnu/libxcb.so.1.1.0
7f222734f000-7f222754e000 ---p 0001b000 08:05 1572615                    /usr/lib/x86_64-linux-gnu/libxcb.so.1.1.0
7f222754e000-7f222754f000 r-xp 0001a000 08:05 1572615                    /usr/lib/x86_64-linux-gnu/libxcb.so.1.1.0
7f222754f000-7f2227550000 rwxp 0001b000 08:05 1572615                    /usr/lib/x86_64-linux-gnu/libxcb.so.1.1.0
7f2227550000-7f222755f000 r-xp 00000000 08:05 1613065                    /usr/lib/x86_64-linux-gnu/libXi.so.6.1.0
7f222755f000-7f222775e000 ---p 0000f000 08:05 1613065                    /usr/lib/x86_64-linux-gnu/libXi.so.6.1.0
7f222775e000-7f222775f000 r-xp 0000e000 08:05 1613065                    /usr/lib/x86_64-linux-gnu/libXi.so.6.1.0
7f222775f000-7f2227760000 rwxp 0000f000 08:05 1613065                    /usr/lib/x86_64-linux-gnu/libXi.so.6.1.0
7f2227760000-7f2227765000 r-xp 00000000 08:05 1572606                    /usr/lib/libXtst.so.6.1.0
7f2227765000-7f2227964000 ---p 00005000 08:05 1572606                    /usr/lib/libXtst.so.6.1.0
7f2227964000-7f2227965000 r-xp 00004000 08:05 1572606                    /usr/lib/libXtst.so.6.1.0
7f2227965000-7f2227966000 rwxp 00005000 08:05 1572606                    /usr/lib/libXtst.so.6.1.0
7f2227966000-7f2227a9b000 r-xp 00000000 08:05 1573591                    /usr/lib/x86_64-linux-gnu/libX11.so.6.3.0
7f2227a9b000-7f2227c9b000 ---p 00135000 08:05 1573591                    /usr/lib/x86_64-linux-gnu/libX11.so.6.3.0
7f2227c9b000-7f2227c9c000 r-xp 00135000 08:05 1573591                    /usr/lib/x86_64-linux-gnu/libX11.so.6.3.0
7f2227c9c000-7f2227ca0000 rwxp 00136000 08:05 1573591                    /usr/lib/x86_64-linux-gnu/libX11.so.6.3.0
7f2227ca0000-7f2227cb1000 r-xp 00000000 08:05 1571673                    /usr/lib/x86_64-linux-gnu/libXext.so.6.4.0
7f2227cb1000-7f2227eb0000 ---p 00011000 08:05 1571673                    /usr/lib/x86_64-linux-gnu/libXext.so.6.4.0
7f2227eb0000-7f2227eb1000 r-xp 00010000 08:05 1571673                    /usr/lib/x86_64-linux-gnu/libXext.so.6.4.0
7f2227eb1000-7f2227eb2000 rwxp 00011000 08:05 1571673                    /usr/lib/x86_64-linux-gnu/libXext.so.6.4.0
7f2227eb2000-7f2227ef4000 r-xp 00000000 08:05 1734831                    /usr/lib/jvm/java-6-sun-1.6.0.24/jre/lib/amd64/xawt/libmawt.so
7f2227ef4000-7f2227ff3000 ---p 00042000 08:05 1734831                    /usr/lib/jvm/java-6-sun-1.6.0.24/jre/lib/amd64/xawt/libmawt.so
7f2227ff3000-7f2227fff000 rwxp 00041000 08:05 1734831                    /usr/lib/jvm/java-6-sun-1.6.0.24/jre/lib/amd64/xawt/libmawt.so
7f2227fff000-7f2228000000 rwxp 00000000 00:00 0 
7f2228000000-7f2229e9a000 rwxp 00000000 00:00 0 
7f2229e9a000-7f222c000000 ---p 00000000 00:00 0 
7f222c003000-7f222c00b000 r-xs 0003d000 08:05 1311180                    /home/bompo/git/mgcube/libs/scoreloop-core.jar
7f222c00b000-7f222c00d000 rwxs 00000000 08:05 528540                     /tmp/gluaxvqZ (deleted)
7f222c00d000-7f222c011000 rwxs a5a07000 00:05 9702                       /dev/nvidia0
7f222c011000-7f222c015000 rwxs b969e000 00:05 9702                       /dev/nvidia0
7f222c015000-7f222c016000 rwxs d0008000 00:05 9702                       /dev/nvidia0
7f222c016000-7f222c017000 rwxs 99b5b000 00:05 9702                       /dev/nvidia0
7f222c017000-7f222c01b000 rwxs a5ad5000 00:05 9702                       /dev/nvidia0
7f222c01b000-7f222c01c000 rwxs fbc0a000 00:05 9702                       /dev/nvidia0
7f222c01c000-7f222c037000 rwxs 115f40000 00:05 9702                      /dev/nvidia0
7f222c037000-7f222c038000 r-xs 00000000 08:05 532633                     /var/cache/fontconfig/26de28bc8622bbc1fb67fd234c21975f-le64.cache-3
7f222c038000-7f222c039000 r-xs 00000000 08:05 554485                     /var/cache/fontconfig/c05880de57d1f5e948fdfacc138775d9-le64.cache-3
7f222c039000-7f222c042000 r-xs 00000000 08:05 527845                     /var/cache/fontconfig/945677eb7aeaf62f1d50efc3fb3ec7d8-le64.cache-3
7f222c042000-7f222c044000 r-xs 00000000 08:05 554480                     /var/cache/fontconfig/99e8ed0e538f840c565b6ed5dad60d56-le64.cache-3
7f222c044000-7f222c047000 r-xs 00000000 08:05 554411                     /var/cache/fontconfig/f24b2111ab8703b4e963115a8cf14259-le64.cache-3
7f222c047000-7f222c04a000 r-xs 00000000 08:05 554479                     /var/cache/fontconfig/e383d7ea5fbe662a33d9b44caf393297-le64.cache-3
7f222c04a000-7f222c04d000 r-xs 00000000 08:05 554477                     /var/cache/fontconfig/2cd17615ca594fa2959ae173292e504c-le64.cache-3
7f222c04d000-7f222c04e000 r-xs 00000000 08:05 554471                     /var/cache/fontconfig/e7071f4a29fa870f4323321c154eba04-le64.cache-3
7f222c04e000-7f222c052000 r-xs 00000000 08:05 554470                     /var/cache/fontconfig/6eb3985aa4124903f6ff08ba781cd364-le64.cache-3
7f222c052000-7f222c053000 r-xs 00000000 08:05 554466                     /var/cache/fontconfig/4c73fe0c47614734b17d736dbde7580a-le64.cache-3
7f222c053000-7f222c054000 r-xs 00000000 08:05 554459                     /var/cache/fontconfig/0d8c3b2ac0904cb8a57a757ad11a4a08-le64.cache-3
7f222c054000-7f222c055000 r-xs 00000000 08:05 554454                     /var/cache/fontconfig/6a53c69dea097a2d716e069445527da8-le64.cache-3
7f222c055000-7f222c05a000 r-xs 00000000 08:05 554453                     /var/cache/fontconfig/062808c12e6e608270f93bb230aed730-le64.cache-3
7f222c05a000-7f222c060000 r-xs 00000000 08:05 554429                     /var/cache/fontconfig/a755afe4a08bf5b97852ceb7400b47bc-le64.cache-3
7f222c060000-7f222c065000 r-xs 00000000 08:05 554452                     /var/cache/fontconfig/515ca1ebc4b18308bea979be5704f9db-le64.cache-3
7f222c065000-7f222c06e000 r-xs 00000000 08:05 554448                     /var/cache/fontconfig/6d41288fd70b0be22e8c3a91e032eec0-le64.cache-3
7f222c06e000-7f222c07e000 r-xs 00000000 08:05 554447                     /var/cache/fontconfig/0f34bcd4b6ee430af32735b75db7f02b-le64.cache-3
7f222c07e000-7f222c081000 r-xs 00000000 08:05 554441                     /var/cache/fontconfig/d60319d88cac85ba9e1a07bd06cfbb8c-le64.cache-3
7f222c081000-7f222c082000 r-xs 00000000 08:05 530935                     /var/cache/fontconfig/4794a0821666d79190d59a36cb4f44b5-le64.cache-3
7f222c082000-7f222c0b0000 r-xs 00000000 08:05 554435                     /var/cache/fontconfig/365b55f210c0a22e9a19e35191240f32-le64.cache-3
7f222c0b0000-7f222c0ba000 r-xs 00000000 08:05 554433                     /var/cache/fontconfig/d52a8644073d54c13679302ca1180695-le64.cache-3
7f222c0ba000-7f222c0bb000 r-xs 00000000 08:05 554418                     /var/cache/fontconfig/ec648e9a1aea82bddd4bd6050028158d-le64.cache-3
7f222c0bb000-7f222c0ce000 r-xs 00000000 08:05 538224                     /var/cache/fontconfig/e13b20fdb08344e0e664864cc2ede53d-le64.cache-3
7f222c0ce000-7f222c0d2000 r-xs 00000000 08:05 538228                     /var/cache/fontconfig/7ef2298fde41cc6eeb7af42e48b7d293-le64.cache-3
7f222c0d2000-7f222c0e6000 r-xs 00000000 08:05 527842                     /var/cache/fontconfig/865f88548240fee46819705c6468c165-le64.cache-3
7f222c0e6000-7f222c178000 r-xp 00000000 08:05 1734852                    /usr/lib/jvm/java-6-sun-1.6.0.24/jre/lib/amd64/libawt.so
7f222c178000-7f222c277000 ---p 00092000 08:05 1734852                    /usr/lib/jvm/java-6-sun-1.6.0.24/jre/lib/amd64/libawt.so
7f222c277000-7f222c290000 rwxp 00091000 08:05 1734852                    /usr/lib/jvm/java-6-sun-1.6.0.24/jre/lib/amd64/libawt.so
7f222c290000-7f222c2b5000 rwxp 00000000 00:00 0 
7f222c2b5000-7f222c2c0000 r-xs 00092000 08:05 1330406                    /home/bompo/git/mgcube/libs/gdx.jar
7f222c2c0000-7f222c2c7000 r-xs 00074000 08:05 1330357                    /home/bompo/git/mgcube/libs/gdx-sources.jar
7f222c2c7000-7f222c2c8000 ---p 00000000 00:00 0 
7f222c2c8000-7f222c3c8000 rwxp 00000000 00:00 0 
7f222c3c8000-7f222c3cb000 ---p 00000000 00:00 0 
7f222c3cb000-7f222c4c9000 rwxp 00000000 00:00 0 
7f222c4c9000-7f222c4cc000 ---p 00000000 00:00 0 
7f222c4cc000-7f222c5ca000 rwxp 00000000 00:00 0 
7f222c5ca000-7f222c5cd000 ---p 00000000 00:00 0 
7f222c5cd000-7f222c6cb000 rwxp 00000000 00:00 0 
7f222c6cb000-7f222c6ce000 ---p 00000000 00:00 0 
7f222c6ce000-7f222c7cc000 rwxp 00000000 00:00 0 
7f222c7cc000-7f222cbd4000 r-xp 00000000 08:05 1570348                    /usr/lib/locale/locale-archive
7f222cbd4000-7f222cbd7000 ---p 00000000 00:00 0 
7f222cbd7000-7f222ccd5000 rwxp 00000000 00:00 0 
7f222ccd5000-7f222ccd8000 ---p 00000000 00:00 0 
7f222ccd8000-7f222cdd6000 rwxp 00000000 00:00 0 
7f222cdd6000-7f222cdd7000 ---p 00000000 00:00 0 
7f222cdd7000-7f222d410000 rwxp 00000000 00:00 0 
7f222d410000-7f222d5a8000 r-xs 03027000 08:05 1662454                    /usr/lib/jvm/java-6-sun-1.6.0.24/jre/lib/rt.jar
7f222d5a8000-7f222d5d0000 rwxp 00000000 00:00 0 
7f222d5d0000-7f222d5d1000 ---p 00000000 00:00 0 
7f222d5d1000-7f222d6d1000 rwxp 00000000 00:00 0 
7f222d6d1000-7f222d6d2000 ---p 00000000 00:00 0 
7f222d6d2000-7f222d7d2000 rwxp 00000000 00:00 0 
7f222d7d2000-7f222d7d3000 ---p 00000000 00:00 0 
7f222d7d3000-7f222d8d3000 rwxp 00000000 00:00 0 
7f222d8d3000-7f222d8d4000 ---p 00000000 00:00 0 
7f222d8d4000-7f222d9df000 rwxp 00000000 00:00 0 
7f222d9df000-7f222d9fd000 rwxp 00000000 00:00 0 
7f222d9fd000-7f222da12000 rwxp 00000000 00:00 0 
7f222da12000-7f222db47000 rwxp 00000000 00:00 0 
7f222db47000-7f222db52000 rwxp 00000000 00:00 0 
7f222db52000-7f222db70000 rwxp 00000000 00:00 0 
7f222db70000-7f222db85000 rwxp 00000000 00:00 0 
7f222db85000-7f222dcba000 rwxp 00000000 00:00 0 
7f222dcba000-7f222dcc5000 rwxp 00000000 00:00 0 
7f222dcc5000-7f222dd5f000 rwxp 00000000 00:00 0 
7f222dd5f000-7f222dfd0000 rwxp 00000000 00:00 0 
7f222dfd0000-7f2230d60000 rwxp 00000000 00:00 0 
7f2230d60000-7f2230d6e000 r-xp 00000000 08:05 1734847                    /usr/lib/jvm/java-6-sun-1.6.0.24/jre/lib/amd64/libzip.so
7f2230d6e000-7f2230e70000 ---p 0000e000 08:05 1734847                    /usr/lib/jvm/java-6-sun-1.6.0.24/jre/lib/amd64/libzip.so
7f2230e70000-7f2230e73000 rwxp 00010000 08:05 1734847                    /usr/lib/jvm/java-6-sun-1.6.0.24/jre/lib/amd64/libzip.so
7f2230e73000-7f2230e74000 rwxp 00000000 00:00 0 
7f2230e74000-7f2230e80000 r-xp 00000000 08:05 535712                     /lib/x86_64-linux-gnu/libnss_files-2.13.so
7f2230e80000-7f223107f000 ---p 0000c000 08:05 535712                     /lib/x86_64-linux-gnu/libnss_files-2.13.so
7f223107f000-7f2231080000 r-xp 0000b000 08:05 535712                     /lib/x86_64-linux-gnu/libnss_files-2.13.so
7f2231080000-7f2231081000 rwxp 0000c000 08:05 535712                     /lib/x86_64-linux-gnu/libnss_files-2.13.so
7f2231081000-7f223108c000 r-xp 00000000 08:05 535714                     /lib/x86_64-linux-gnu/libnss_nis-2.13.so
7f223108c000-7f223128b000 ---p 0000b000 08:05 535714                     /lib/x86_64-linux-gnu/libnss_nis-2.13.so
7f223128b000-7f223128c000 r-xp 0000a000 08:05 535714                     /lib/x86_64-linux-gnu/libnss_nis-2.13.so
7f223128c000-7f223128d000 rwxp 0000b000 08:05 535714                     /lib/x86_64-linux-gnu/libnss_nis-2.13.so
7f223128d000-7f2231295000 r-xp 00000000 08:05 535710                     /lib/x86_64-linux-gnu/libnss_compat-2.13.so
7f2231295000-7f2231494000 ---p 00008000 08:05 535710                     /lib/x86_64-linux-gnu/libnss_compat-2.13.so
7f2231494000-7f2231495000 r-xp 00007000 08:05 535710                     /lib/x86_64-linux-gnu/libnss_compat-2.13.so
7f2231495000-7f2231496000 rwxp 00008000 08:05 535710                     /lib/x86_64-linux-gnu/libnss_compat-2.13.so
7f2231496000-7f223149d000 r-xp 00000000 08:05 1734857                    /usr/lib/jvm/java-6-sun-1.6.0.24/jre/lib/amd64/native_threads/libhpi.so
7f223149d000-7f223159e000 ---p 00007000 08:05 1734857                    /usr/lib/jvm/java-6-sun-1.6.0.24/jre/lib/amd64/native_threads/libhpi.so
7f223159e000-7f22315a0000 rwxp 00008000 08:05 1734857                    /usr/lib/jvm/java-6-sun-1.6.0.24/jre/lib/amd64/native_threads/libhpi.so
7f22315a0000-7f22315a1000 rwxp 00000000 00:00 0 
7f22315a1000-7f22315b8000 r-xp 00000000 08:05 535709                     /lib/x86_64-linux-gnu/libnsl-2.13.so
7f22315b8000-7f22317b7000 ---p 00017000 08:05 535709                     /lib/x86_64-linux-gnu/libnsl-2.13.so
7f22317b7000-7f22317b8000 r-xp 00016000 08:05 535709                     /lib/x86_64-linux-gnu/libnsl-2.13.so
7f22317b8000-7f22317b9000 rwxp 00017000 08:05 535709                     /lib/x86_64-linux-gnu/libnsl-2.13.so
7f22317b9000-7f22317bb000 rwxp 00000000 00:00 0 
7f22317bb000-7f22317e4000 r-xp 00000000 08:05 1734846                    /usr/lib/jvm/java-6-sun-1.6.0.24/jre/lib/amd64/libjava.so
7f22317e4000-7f22318e3000 ---p 00029000 08:05 1734846                    /usr/lib/jvm/java-6-sun-1.6.0.24/jre/lib/amd64/libjava.so
7f22318e3000-7f22318ea000 rwxp 00028000 08:05 1734846                    /usr/lib/jvm/java-6-sun-1.6.0.24/jre/lib/amd64/libjava.so
7f22318ea000-7f22318f7000 r-xp 00000000 08:05 1731420                    /usr/lib/jvm/java-6-sun-1.6.0.24/jre/lib/amd64/libverify.so
7f22318f7000-7f22319f6000 ---p 0000d000 08:05 1731420                    /usr/lib/jvm/java-6-sun-1.6.0.24/jre/lib/amd64/libverify.so
7f22319f6000-7f22319f9000 rwxp 0000c000 08:05 1731420                    /usr/lib/jvm/java-6-sun-1.6.0.24/jre/lib/amd64/libverify.so
7f22319f9000-7f2231a00000 r-xp 00000000 08:05 535724                     /lib/x86_64-linux-gnu/librt-2.13.so
7f2231a00000-7f2231bff000 ---p 00007000 08:05 535724                     /lib/x86_64-linux-gnu/librt-2.13.so
7f2231bff000-7f2231c00000 r-xp 00006000 08:05 535724                     /lib/x86_64-linux-gnu/librt-2.13.so
7f2231c00000-7f2231c01000 rwxp 00007000 08:05 535724                     /lib/x86_64-linux-gnu/librt-2.13.so
7f2231c01000-7f2231c04000 ---p 00000000 00:00 0 
7f2231c04000-7f2231d02000 rwxp 00000000 00:00 0 
7f2231d02000-7f2231d86000 r-xp 00000000 08:05 535703                     /lib/x86_64-linux-gnu/libm-2.13.so
7f2231d86000-7f2231f85000 ---p 00084000 08:05 535703                     /lib/x86_64-linux-gnu/libm-2.13.so
7f2231f85000-7f2231f86000 r-xp 00083000 08:05 535703                     /lib/x86_64-linux-gnu/libm-2.13.so
7f2231f86000-7f2231f87000 rwxp 00084000 08:05 535703                     /lib/x86_64-linux-gnu/libm-2.13.so
7f2231f87000-7f22327c5000 r-xp 00000000 08:05 1734849                    /usr/lib/jvm/java-6-sun-1.6.0.24/jre/lib/amd64/server/libjvm.so
7f22327c5000-7f22328c4000 ---p 0083e000 08:05 1734849                    /usr/lib/jvm/java-6-sun-1.6.0.24/jre/lib/amd64/server/libjvm.so
7f22328c4000-7f2232a58000 rwxp 0083d000 08:05 1734849                    /usr/lib/jvm/java-6-sun-1.6.0.24/jre/lib/amd64/server/libjvm.so
7f2232a58000-7f2232a91000 rwxp 00000000 00:00 0 
7f2232a91000-7f2232c1b000 r-xp 00000000 08:05 535697                     /lib/x86_64-linux-gnu/libc-2.13.so
7f2232c1b000-7f2232e1a000 ---p 0018a000 08:05 535697                     /lib/x86_64-linux-gnu/libc-2.13.so
7f2232e1a000-7f2232e1e000 r-xp 00189000 08:05 535697                     /lib/x86_64-linux-gnu/libc-2.13.so
7f2232e1e000-7f2232e1f000 rwxp 0018d000 08:05 535697                     /lib/x86_64-linux-gnu/libc-2.13.so
7f2232e1f000-7f2232e25000 rwxp 00000000 00:00 0 
7f2232e25000-7f2232e27000 r-xp 00000000 08:05 535702                     /lib/x86_64-linux-gnu/libdl-2.13.so
7f2232e27000-7f2233027000 ---p 00002000 08:05 535702                     /lib/x86_64-linux-gnu/libdl-2.13.so
7f2233027000-7f2233028000 r-xp 00002000 08:05 535702                     /lib/x86_64-linux-gnu/libdl-2.13.so
7f2233028000-7f2233029000 rwxp 00003000 08:05 535702                     /lib/x86_64-linux-gnu/libdl-2.13.so
7f2233029000-7f2233041000 r-xp 00000000 08:05 535718                     /lib/x86_64-linux-gnu/libpthread-2.13.so
7f2233041000-7f2233241000 ---p 00018000 08:05 535718                     /lib/x86_64-linux-gnu/libpthread-2.13.so
7f2233241000-7f2233242000 r-xp 00018000 08:05 535718                     /lib/x86_64-linux-gnu/libpthread-2.13.so
7f2233242000-7f2233243000 rwxp 00019000 08:05 535718                     /lib/x86_64-linux-gnu/libpthread-2.13.so
7f2233243000-7f2233247000 rwxp 00000000 00:00 0 
7f2233247000-7f2233268000 r-xp 00000000 08:05 535673                     /lib/x86_64-linux-gnu/ld-2.13.so
7f2233268000-7f2233269000 rwxs fb641000 00:05 9702                       /dev/nvidia0
7f2233269000-7f223326a000 rwxs 115cf6000 00:05 9702                      /dev/nvidia0
7f223326a000-7f2233274000 rwxp 00000000 00:00 0 
7f2233274000-7f223332a000 rwxp 00000000 00:00 0 
7f223332a000-7f223332d000 rwxp 00000000 00:00 0 
7f223332d000-7f2233334000 r-xp 00000000 08:05 1731410                    /usr/lib/jvm/java-6-sun-1.6.0.24/jre/lib/amd64/jli/libjli.so
7f2233334000-7f2233435000 ---p 00007000 08:05 1731410                    /usr/lib/jvm/java-6-sun-1.6.0.24/jre/lib/amd64/jli/libjli.so
7f2233435000-7f2233437000 rwxp 00008000 08:05 1731410                    /usr/lib/jvm/java-6-sun-1.6.0.24/jre/lib/amd64/jli/libjli.so
7f2233437000-7f2233438000 rwxp 00000000 00:00 0 
7f2233438000-7f2233439000 rwxs 9984b000 00:05 9702                       /dev/nvidia0
7f2233439000-7f223343a000 rwxs fb060000 00:05 9702                       /dev/nvidia0
7f223343a000-7f223343b000 r-xs 00000000 08:05 1340105                    /home/bompo/.fontconfig/aa7e4f27e681240d22a1f116cf7520f0-le64.cache-3
7f223343b000-7f223343c000 r-xs 001a1000 08:05 1339854                    /home/bompo/git/mgcube/libs/gdx-natives.jar
7f223343c000-7f2233456000 r-xs 00206000 08:05 1339556                    /home/bompo/git/mgcube/libs/gdx-backend-jogl.jar
7f2233456000-7f2233457000 r-xs 00007000 08:05 1330241                    /home/bompo/git/mgcube/libs/gdx-backend-jogl-sources.jar
7f2233457000-7f2233458000 r-xs 00203000 08:05 1339177                    /home/bompo/git/mgcube/libs/gdx-backend-jogl-natives.jar
7f2233458000-7f223345b000 r-xs 0000f000 08:05 1622792                    /usr/lib/jvm/java-6-sun-1.6.0.24/jre/lib/ext/pulse-java.jar
7f223345b000-7f2233463000 rwxs 00000000 08:05 525591                     /tmp/hsperfdata_bompo/9631
7f2233463000-7f2233464000 rwxp 00000000 00:00 0 
7f2233464000-7f2233465000 r-xp 00000000 00:00 0 
7f2233465000-7f2233467000 rwxp 00000000 00:00 0 
7f2233467000-7f2233468000 r-xp 00020000 08:05 535673                     /lib/x86_64-linux-gnu/ld-2.13.so
7f2233468000-7f223346a000 rwxp 00021000 08:05 535673                     /lib/x86_64-linux-gnu/ld-2.13.so
7fff1655a000-7fff1657b000 rwxp 00000000 00:00 0                          [stack]
7fff165bc000-7fff165bd000 r-xp 00000000 00:00 0                          [vdso]
ffffffffff600000-ffffffffff601000 r-xp 00000000 00:00 0                  [vsyscall]

VM Arguments:
jvm_args: -Dfile.encoding=UTF-8 
java_command: de.swagner.mgcube.DesktopStarter
Launcher Type: SUN_STANDARD

Environment Variables:
PATH=/usr/local/sbin:/usr/local/bin:/usr/sbin:/usr/bin:/sbin:/bin:/usr/games
USERNAME=bompo
LD_LIBRARY_PATH=/usr/lib/jvm/java-6-sun-1.6.0.24/jre/lib/amd64/server:/usr/lib/jvm/java-6-sun-1.6.0.24/jre/lib/amd64:/usr/lib/jvm/java-6-sun-1.6.0.24/jre/../lib/amd64:/usr/lib/jvm/java-6-openjdk/jre/lib/amd64/server:/usr/lib/jvm/java-6-openjdk/jre/lib/amd64:/usr/lib/jvm/java-6-openjdk/jre/../lib/amd64:/usr/lib64/xulrunner-addons
SHELL=/bin/bash
DISPLAY=:0.0

Signal Handlers:
SIGSEGV: [libjvm.so+0x791b30], sa_mask[0]=0x7ffbfeff, sa_flags=0x10000004
SIGBUS: [libjvm.so+0x791b30], sa_mask[0]=0x7ffbfeff, sa_flags=0x10000004
SIGFPE: [libjvm.so+0x640ba0], sa_mask[0]=0x7ffbfeff, sa_flags=0x10000004
SIGPIPE: [libjvm.so+0x640ba0], sa_mask[0]=0x7ffbfeff, sa_flags=0x10000004
SIGXFSZ: [libjvm.so+0x640ba0], sa_mask[0]=0x7ffbfeff, sa_flags=0x10000004
SIGILL: [libjvm.so+0x640ba0], sa_mask[0]=0x7ffbfeff, sa_flags=0x10000004
SIGUSR1: SIG_DFL, sa_mask[0]=0x00000000, sa_flags=0x00000000
SIGUSR2: [libjvm.so+0x643780], sa_mask[0]=0x00000004, sa_flags=0x10000004
SIGHUP: [libjvm.so+0x643380], sa_mask[0]=0x7ffbfeff, sa_flags=0x10000004
SIGINT: [libjvm.so+0x643380], sa_mask[0]=0x7ffbfeff, sa_flags=0x10000004
SIGTERM: [libjvm.so+0x643380], sa_mask[0]=0x7ffbfeff, sa_flags=0x10000004
SIGQUIT: [libjvm.so+0x643380], sa_mask[0]=0x7ffbfeff, sa_flags=0x10000004


---------------  S Y S T E M  ---------------

OS:squeeze/sid

uname:Linux 2.6.38-10-generic #44-Ubuntu SMP Thu Jun 2 21:32:22 UTC 2011 x86_64
libc:glibc 2.13 NPTL 2.13 
rlimit: STACK 8192k, CORE 0k, NPROC infinity, NOFILE 4096, AS infinity
load average:0.08 0.13 0.14

/proc/meminfo:
MemTotal:        4047872 kB
MemFree:          815124 kB
Buffers:          298296 kB
Cached:           975916 kB
SwapCached:            0 kB
Active:          2016616 kB
Inactive:         765512 kB
Active(anon):    1508784 kB
Inactive(anon):     6736 kB
Active(file):     507832 kB
Inactive(file):   758776 kB
Unevictable:         132 kB
Mlocked:             132 kB
SwapTotal:      19529724 kB
SwapFree:       19529724 kB
Dirty:               300 kB
Writeback:           688 kB
AnonPages:       1508408 kB
Mapped:           206400 kB
Shmem:              7500 kB
Slab:             242852 kB
SReclaimable:     212804 kB
SUnreclaim:        30048 kB
KernelStack:        5472 kB
PageTables:        36364 kB
NFS_Unstable:          0 kB
Bounce:                0 kB
WritebackTmp:          0 kB
CommitLimit:    21553660 kB
Committed_AS:    5484588 kB
VmallocTotal:   34359738367 kB
VmallocUsed:      341768 kB
VmallocChunk:   34359382740 kB
HardwareCorrupted:     0 kB
HugePages_Total:       0
HugePages_Free:        0
HugePages_Rsvd:        0
HugePages_Surp:        0
Hugepagesize:       2048 kB
DirectMap4k:      157120 kB
DirectMap2M:     4028416 kB


CPU:total 4 (4 cores per cpu, 1 threads per core) family 6 model 30 stepping 5, cmov, cx8, fxsr, mmx, sse, sse2, sse3, ssse3, sse4.1, sse4.2, popcnt

Memory: 4k page, physical 4047872k(815124k free), swap 19529724k(19529724k free)

vm_info: Java HotSpot(TM) 64-Bit Server VM (19.1-b02) for linux-amd64 JRE (1.6.0_24-b07), built on Feb  2 2011 16:55:54 by "java_re" with gcc 3.2.2 (SuSE Linux)

time: Sat Jul  2 14:27:09 2011
elapsed time: 53 seconds

