#
# A fatal error has been detected by the Java Runtime Environment:
#
#  SIGSEGV (0xb) at pc=0x00007f3a7678d879, pid=9365, tid=139889299326752
#
# JRE version: 6.0_24-b07
# Java VM: Java HotSpot(TM) 64-Bit Server VM (19.1-b02 mixed mode linux-amd64 compressed oops)
# Problematic frame:
# 
[error occurred during error reporting (printing problematic frame), id 0xb]

# If you would like to submit a bug report, please visit:
#   http://java.sun.com/webapps/bugreport/crash.jsp
#

---------------  T H R E A D  ---------------

Current thread is native thread

siginfo:si_signo=SIGSEGV: si_errno=0, si_code=1 (SEGV_MAPERR), si_addr=0x0000000000100ce0

Registers:
RAX=0x0000000000100ce0, RBX=0x000000000000003a, RCX=0x0000000000000000, RDX=0x00007fffe94ce690
RSP=0x00007fffe94ce610, RBP=0x00007fffe94ce610, RSI=0x0000000000000000, RDI=0x00007f3a76aa3158
R8 =0x00007f3a841269d8, R9 =0x00007f3a76aa3158, R10=0x00007f3a83adff88, R11=0x00007f3a83788ca0
R12=0x0000000000000000, R13=0x00007f3a84126048, R14=0x0000000041b12050, R15=0x000000000000000c
RIP=0x00007f3a7678d879, EFL=0x0000000000010246, CSGSFS=0x0000000000000033, ERR=0x0000000000000004
  TRAPNO=0x000000000000000e

Register to memory mapping:

RAX=0x0000000000100ce0
0x0000000000100ce0 is pointing to unknown location

RBX=0x000000000000003a
0x000000000000003a is pointing to unknown location

RCX=0x0000000000000000
0x0000000000000000 is pointing to unknown location

RDX=0x00007fffe94ce690
0x00007fffe94ce690 is pointing to unknown location

RSP=0x00007fffe94ce610
0x00007fffe94ce610 is pointing to unknown location

RBP=0x00007fffe94ce610
0x00007fffe94ce610 is pointing to unknown location

RSI=0x0000000000000000
0x0000000000000000 is pointing to unknown location

RDI=0x00007f3a76aa3158
0x00007f3a76aa3158: <offset 0x215158> in /lib/x86_64-linux-gnu/libgcc_s.so.1 at 0x00007f3a7688e000

R8 =0x00007f3a841269d8
0x00007f3a841269d8: _rtld_global+0x998 in /lib64/ld-linux-x86-64.so.2 at 0x00007f3a83f05000

R9 =0x00007f3a76aa3158
0x00007f3a76aa3158: <offset 0x215158> in /lib/x86_64-linux-gnu/libgcc_s.so.1 at 0x00007f3a7688e000

R10=0x00007f3a83adff88
0x00007f3a83adff88: <offset 0x390f88> in /lib/x86_64-linux-gnu/libc.so.6 at 0x00007f3a8374f000

R11=0x00007f3a83788ca0
0x00007f3a83788ca0: __cxa_finalize+0 in /lib/x86_64-linux-gnu/libc.so.6 at 0x00007f3a8374f000

R12=0x0000000000000000
0x0000000000000000 is pointing to unknown location

R13=0x00007f3a84126048
0x00007f3a84126048: _rtld_global+0x8 in /lib64/ld-linux-x86-64.so.2 at 0x00007f3a83f05000

R14=0x0000000041b12050
0x0000000041b12050 is pointing to unknown location

R15=0x000000000000000c
0x000000000000000c is pointing to unknown location


Top of Stack: (sp=0x00007fffe94ce610)
0x00007fffe94ce610:   00007fffe94ce880 00007f3a7678db31
0x00007fffe94ce620:   00007fffe94ce880 00007f3a83f13ebc
0x00007fffe94ce630:   00007f3a841272e8 00007f3a84127878
0x00007fffe94ce640:   00007f3a840f5000 0000000041839a70
0x00007fffe94ce650:   000000004183cbf0 000000004183d120
0x00007fffe94ce660:   000000004183d620 0000000041842260
0x00007fffe94ce670:   00000000419cd890 0000000041b10e10
0x00007fffe94ce680:   0000000041b112d0 0000000041b11770
0x00007fffe94ce690:   0000000041b12050 0000000041b12510
0x00007fffe94ce6a0:   0000000041b9d9c0 0000000041b129d0
0x00007fffe94ce6b0:   0000000041b668c0 0000000041b66410
0x00007fffe94ce6c0:   0000000041bb2ae0 0000000041b13310
0x00007fffe94ce6d0:   0000000041b12e70 0000000041a20330
0x00007fffe94ce6e0:   0000000041af41f0 00000000419263d0
0x00007fffe94ce6f0:   0000000041927680 0000000041925f00
0x00007fffe94ce700:   0000000041838700 0000000041838060
0x00007fffe94ce710:   0000000041835730 0000000041bf9b20
0x00007fffe94ce720:   0000000041af3d50 0000000041c09f00
0x00007fffe94ce730:   0000000041c15070 0000000041c14bc0
0x00007fffe94ce740:   0000000041c14720 0000000041c14280
0x00007fffe94ce750:   0000000041c0a3a0 00000000419271e0
0x00007fffe94ce760:   00000000419268a0 0000000041926d40
0x00007fffe94ce770:   0000000041927b20 0000000041928540
0x00007fffe94ce780:   0000000041928040 00007f3a840f5508
0x00007fffe94ce790:   0000000041c15520 0000000041836af0
0x00007fffe94ce7a0:   00007f3a841249a0 0000000041c19a50
0x00007fffe94ce7b0:   0000000041c19ef0 0000000041838ce0
0x00007fffe94ce7c0:   0000000041c1a390 0000000041c1a830
0x00007fffe94ce7d0:   0000000041c1acd0 0000000041c1b180
0x00007fffe94ce7e0:   0000000041835c00 0000000041c1b620
0x00007fffe94ce7f0:   00007f3a840f59e8 00007f3a841269d8
0x00007fffe94ce800:   0000000000000000 00007f3a83f13d3d 

Instructions: (pc=0x00007f3a7678d879)
0x00007f3a7678d869:   48 89 05 60 06 10 00 ff d2 48 8b 05 57 06 10 00
0x00007f3a7678d879:   48 8b 10 48 85 d2 75 e4 c6 05 50 06 10 00 01 c9 

Stack: [0x00007fffe93d1000,0x00007fffe94d1000],  sp=0x00007fffe94ce610,  free space=1013k
Native frames: (J=compiled Java code, j=interpreted, Vv=VM code, C=native code)

[error occurred during error reporting (printing native stack), id 0xb]


---------------  P R O C E S S  ---------------

VM state:at safepoint (shutting down)

VM Mutex/Monitor currently owned by a thread:  ([mutex/lock_event])
[0x000000004183afc0] Threads_lock - owner thread: 0x000000004189b800

Heap
 PSYoungGen      total 18432K, used 3729K [0x00000000eb600000, 0x00000000eda00000, 0x0000000100000000)
  eden space 15808K, 7% used [0x00000000eb600000,0x00000000eb715708,0x00000000ec570000)
  from space 2624K, 99% used [0x00000000ed770000,0x00000000ed9ff0e0,0x00000000eda00000)
  to   space 2624K, 0% used [0x00000000ec570000,0x00000000ec570000,0x00000000ec800000)
 PSOldGen        total 42240K, used 4253K [0x00000000c2200000, 0x00000000c4b40000, 0x00000000eb600000)
  object space 42240K, 10% used [0x00000000c2200000,0x00000000c2627670,0x00000000c4b40000)
 PSPermGen       total 21248K, used 15203K [0x00000000bd000000, 0x00000000be4c0000, 0x00000000c2200000)
  object space 21248K, 71% used [0x00000000bd000000,0x00000000bded8e48,0x00000000be4c0000)

Dynamic libraries:
40000000-40009000 r-xp 00000000 08:05 1662394                            /usr/lib/jvm/java-6-sun-1.6.0.24/jre/bin/java
40108000-4010a000 rwxp 00008000 08:05 1662394                            /usr/lib/jvm/java-6-sun-1.6.0.24/jre/bin/java
41835000-43240000 rwxp 00000000 00:00 0                                  [heap]
bd000000-be4c0000 rwxp 00000000 00:00 0 
be4c0000-c2200000 rwxp 00000000 00:00 0 
c2200000-c4b40000 rwxp 00000000 00:00 0 
c4b40000-eb600000 rwxp 00000000 00:00 0 
eb600000-eda00000 rwxp 00000000 00:00 0 
eda00000-100000000 rwxp 00000000 00:00 0 
7f3a6c20f000-7f3a6c386000 rwxs 00000000 00:04 16121884                   /SYSV00000000 (deleted)
7f3a6c386000-7f3a6c586000 rwxs 228a4000 00:05 10284                      /dev/nvidia0
7f3a6c68a000-7f3a6c68d000 ---p 00000000 00:00 0 
7f3a6c68d000-7f3a6c78b000 rwxp 00000000 00:00 0 
7f3a6c78b000-7f3a6c78c000 ---p 00000000 00:00 0 
7f3a6c78c000-7f3a6cf8c000 rwxp 00000000 00:00 0 
7f3a70f8d000-7f3a70f8e000 ---p 00000000 00:00 0 
7f3a70f8e000-7f3a7178e000 rwxp 00000000 00:00 0 
7f3a7178e000-7f3a71794000 r-xp 00000000 08:05 1573092                    /usr/lib/libogg.so.0.7.0
7f3a71794000-7f3a71993000 ---p 00006000 08:05 1573092                    /usr/lib/libogg.so.0.7.0
7f3a71993000-7f3a71994000 r-xp 00005000 08:05 1573092                    /usr/lib/libogg.so.0.7.0
7f3a71994000-7f3a71995000 rwxp 00006000 08:05 1573092                    /usr/lib/libogg.so.0.7.0
7f3a71995000-7f3a719c0000 r-xp 00000000 08:05 1582648                    /usr/lib/libvorbis.so.0.4.5
7f3a719c0000-7f3a71bbf000 ---p 0002b000 08:05 1582648                    /usr/lib/libvorbis.so.0.4.5
7f3a71bbf000-7f3a71bc0000 r-xp 0002a000 08:05 1582648                    /usr/lib/libvorbis.so.0.4.5
7f3a71bc0000-7f3a71bc1000 rwxp 0002b000 08:05 1582648                    /usr/lib/libvorbis.so.0.4.5
7f3a71bc1000-7f3a71e74000 r-xp 00000000 08:05 1573212                    /usr/lib/libvorbisenc.so.2.0.8
7f3a71e74000-7f3a72073000 ---p 002b3000 08:05 1573212                    /usr/lib/libvorbisenc.so.2.0.8
7f3a72073000-7f3a7208f000 r-xp 002b2000 08:05 1573212                    /usr/lib/libvorbisenc.so.2.0.8
7f3a7208f000-7f3a72090000 rwxp 002ce000 08:05 1573212                    /usr/lib/libvorbisenc.so.2.0.8
7f3a72090000-7f3a720d8000 r-xp 00000000 08:05 1570101                    /usr/lib/libFLAC.so.8.2.0
7f3a720d8000-7f3a722d8000 ---p 00048000 08:05 1570101                    /usr/lib/libFLAC.so.8.2.0
7f3a722d8000-7f3a722d9000 r-xp 00048000 08:05 1570101                    /usr/lib/libFLAC.so.8.2.0
7f3a722d9000-7f3a722da000 rwxp 00049000 08:05 1570101                    /usr/lib/libFLAC.so.8.2.0
7f3a722da000-7f3a7233b000 r-xp 00000000 08:05 1570821                    /usr/lib/libsndfile.so.1.0.23
7f3a7233b000-7f3a7253b000 ---p 00061000 08:05 1570821                    /usr/lib/libsndfile.so.1.0.23
7f3a7253b000-7f3a7253d000 r-xp 00061000 08:05 1570821                    /usr/lib/libsndfile.so.1.0.23
7f3a7253d000-7f3a7253e000 rwxp 00063000 08:05 1570821                    /usr/lib/libsndfile.so.1.0.23
7f3a7253e000-7f3a72542000 rwxp 00000000 00:00 0 
7f3a72542000-7f3a7254a000 r-xp 00000000 08:05 538930                     /lib/libwrap.so.0.7.6
7f3a7254a000-7f3a7274a000 ---p 00008000 08:05 538930                     /lib/libwrap.so.0.7.6
7f3a7274a000-7f3a7274b000 r-xp 00008000 08:05 538930                     /lib/libwrap.so.0.7.6
7f3a7274b000-7f3a7274c000 rwxp 00009000 08:05 538930                     /lib/libwrap.so.0.7.6
7f3a7274c000-7f3a7274d000 rwxp 00000000 00:00 0 
7f3a7274d000-7f3a72751000 r-xp 00000000 08:05 534738                     /lib/x86_64-linux-gnu/libuuid.so.1.3.0
7f3a72751000-7f3a72950000 ---p 00004000 08:05 534738                     /lib/x86_64-linux-gnu/libuuid.so.1.3.0
7f3a72950000-7f3a72951000 r-xp 00003000 08:05 534738                     /lib/x86_64-linux-gnu/libuuid.so.1.3.0
7f3a72951000-7f3a72952000 rwxp 00004000 08:05 534738                     /lib/x86_64-linux-gnu/libuuid.so.1.3.0
7f3a72952000-7f3a72994000 r-xp 00000000 08:05 525819                     /lib/x86_64-linux-gnu/libdbus-1.so.3.5.4
7f3a72994000-7f3a72b94000 ---p 00042000 08:05 525819                     /lib/x86_64-linux-gnu/libdbus-1.so.3.5.4
7f3a72b94000-7f3a72b95000 r-xp 00042000 08:05 525819                     /lib/x86_64-linux-gnu/libdbus-1.so.3.5.4
7f3a72b95000-7f3a72b96000 rwxp 00043000 08:05 525819                     /lib/x86_64-linux-gnu/libdbus-1.so.3.5.4
7f3a72b96000-7f3a72be1000 r-xp 00000000 08:05 1580900                    /usr/lib/libpulsecommon-0.9.22.so
7f3a72be1000-7f3a72de0000 ---p 0004b000 08:05 1580900                    /usr/lib/libpulsecommon-0.9.22.so
7f3a72de0000-7f3a72de1000 r-xp 0004a000 08:05 1580900                    /usr/lib/libpulsecommon-0.9.22.so
7f3a72de1000-7f3a72de2000 rwxp 0004b000 08:05 1580900                    /usr/lib/libpulsecommon-0.9.22.so
7f3a72de2000-7f3a72de5000 r-xp 00000000 08:05 1573582                    /usr/lib/libxcb-atom.so.1.0.0
7f3a72de5000-7f3a72fe5000 ---p 00003000 08:05 1573582                    /usr/lib/libxcb-atom.so.1.0.0
7f3a72fe5000-7f3a72fe6000 r-xp 00003000 08:05 1573582                    /usr/lib/libxcb-atom.so.1.0.0
7f3a72fe6000-7f3a72fe7000 rwxp 00004000 08:05 1573582                    /usr/lib/libxcb-atom.so.1.0.0
7f3a72fe7000-7f3a72fee000 r-xp 00000000 08:05 1578963                    /usr/lib/x86_64-linux-gnu/libSM.so.6.0.1
7f3a72fee000-7f3a731ed000 ---p 00007000 08:05 1578963                    /usr/lib/x86_64-linux-gnu/libSM.so.6.0.1
7f3a731ed000-7f3a731ee000 r-xp 00006000 08:05 1578963                    /usr/lib/x86_64-linux-gnu/libSM.so.6.0.1
7f3a731ee000-7f3a731ef000 rwxp 00007000 08:05 1578963                    /usr/lib/x86_64-linux-gnu/libSM.so.6.0.1
7f3a731ef000-7f3a73205000 r-xp 00000000 08:05 1571606                    /usr/lib/x86_64-linux-gnu/libICE.so.6.3.0
7f3a73205000-7f3a73405000 ---p 00016000 08:05 1571606                    /usr/lib/x86_64-linux-gnu/libICE.so.6.3.0
7f3a73405000-7f3a73406000 r-xp 00016000 08:05 1571606                    /usr/lib/x86_64-linux-gnu/libICE.so.6.3.0
7f3a73406000-7f3a73407000 rwxp 00017000 08:05 1571606                    /usr/lib/x86_64-linux-gnu/libICE.so.6.3.0
7f3a73407000-7f3a7340a000 rwxp 00000000 00:00 0 
7f3a7340a000-7f3a7340b000 r-xp 00000000 08:05 1570508                    /usr/lib/x86_64-linux-gnu/libX11-xcb.so.1.0.0
7f3a7340b000-7f3a7360a000 ---p 00001000 08:05 1570508                    /usr/lib/x86_64-linux-gnu/libX11-xcb.so.1.0.0
7f3a7360a000-7f3a7360b000 r-xp 00000000 08:05 1570508                    /usr/lib/x86_64-linux-gnu/libX11-xcb.so.1.0.0
7f3a7360b000-7f3a7360c000 rwxp 00001000 08:05 1570508                    /usr/lib/x86_64-linux-gnu/libX11-xcb.so.1.0.0
7f3a7360c000-7f3a7364c000 r-xp 00000000 08:05 1573921                    /usr/lib/libpulse.so.0.12.3
7f3a7364c000-7f3a7384b000 ---p 00040000 08:05 1573921                    /usr/lib/libpulse.so.0.12.3
7f3a7384b000-7f3a7384c000 r-xp 0003f000 08:05 1573921                    /usr/lib/libpulse.so.0.12.3
7f3a7384c000-7f3a7384d000 rwxp 00040000 08:05 1573921                    /usr/lib/libpulse.so.0.12.3
7f3a73a9c000-7f3a73aa4000 r-xp 00000000 08:05 1581969                    /usr/lib/x86_64-linux-gnu/libXrandr.so.2.2.0
7f3a73aa4000-7f3a73ca3000 ---p 00008000 08:05 1581969                    /usr/lib/x86_64-linux-gnu/libXrandr.so.2.2.0
7f3a73ca3000-7f3a73ca4000 r-xp 00007000 08:05 1581969                    /usr/lib/x86_64-linux-gnu/libXrandr.so.2.2.0
7f3a73ca4000-7f3a73ca5000 rwxp 00008000 08:05 1581969                    /usr/lib/x86_64-linux-gnu/libXrandr.so.2.2.0
7f3a73ca5000-7f3a73d1e000 r-xp 00000000 08:05 526879                     /tmp/libgdx/1799094955/liblwjgl64.so
7f3a73d1e000-7f3a73f1d000 ---p 00079000 08:05 526879                     /tmp/libgdx/1799094955/liblwjgl64.so
7f3a73f1d000-7f3a73f1f000 r-xp 00078000 08:05 526879                     /tmp/libgdx/1799094955/liblwjgl64.so
7f3a73f1f000-7f3a73f20000 rwxp 0007a000 08:05 526879                     /tmp/libgdx/1799094955/liblwjgl64.so
7f3a73f20000-7f3a7400f000 r-xp 00000000 08:05 526473                     /tmp/libgdx/1799094955/libjogl-linux64.so
7f3a7400f000-7f3a7410f000 ---p 000ef000 08:05 526473                     /tmp/libgdx/1799094955/libjogl-linux64.so
7f3a7410f000-7f3a74110000 rwxp 000ef000 08:05 526473                     /tmp/libgdx/1799094955/libjogl-linux64.so
7f3a74110000-7f3a7555e000 r-xp 00000000 08:05 723                        /usr/lib/nvidia-current/libnvidia-glcore.so.270.41.19
7f3a7555e000-7f3a7575e000 ---p 0144e000 08:05 723                        /usr/lib/nvidia-current/libnvidia-glcore.so.270.41.19
7f3a7575e000-7f3a75d46000 rwxp 0144e000 08:05 723                        /usr/lib/nvidia-current/libnvidia-glcore.so.270.41.19
7f3a75d46000-7f3a75d5d000 rwxp 00000000 00:00 0 
7f3a75d5d000-7f3a75d5e000 r-xp 00000000 08:05 716                        /usr/lib/nvidia-current/tls/libnvidia-tls.so.270.41.19
7f3a75d5e000-7f3a75f5e000 ---p 00001000 08:05 716                        /usr/lib/nvidia-current/tls/libnvidia-tls.so.270.41.19
7f3a75f5e000-7f3a75f5f000 rwxp 00001000 08:05 716                        /usr/lib/nvidia-current/tls/libnvidia-tls.so.270.41.19
7f3a75f5f000-7f3a75f60000 r-xp 00000000 08:05 1734853                    /usr/lib/jvm/java-6-sun-1.6.0.24/jre/lib/amd64/libjawt.so
7f3a75f60000-7f3a7605f000 ---p 00001000 08:05 1734853                    /usr/lib/jvm/java-6-sun-1.6.0.24/jre/lib/amd64/libjawt.so
7f3a7605f000-7f3a76060000 rwxp 00000000 08:05 1734853                    /usr/lib/jvm/java-6-sun-1.6.0.24/jre/lib/amd64/libjawt.so
7f3a76060000-7f3a76065000 r-xp 00000000 08:05 1581972                    /usr/lib/x86_64-linux-gnu/libXxf86vm.so.1.0.0
7f3a76065000-7f3a76264000 ---p 00005000 08:05 1581972                    /usr/lib/x86_64-linux-gnu/libXxf86vm.so.1.0.0
7f3a76264000-7f3a76265000 r-xp 00004000 08:05 1581972                    /usr/lib/x86_64-linux-gnu/libXxf86vm.so.1.0.0
7f3a76265000-7f3a76266000 rwxp 00005000 08:05 1581972                    /usr/lib/x86_64-linux-gnu/libXxf86vm.so.1.0.0
7f3a76266000-7f3a7628e000 rwxp 00000000 00:00 0 
7f3a7637f000-7f3a7643c000 r-xp 00000000 08:05 928                        /usr/lib/nvidia-current/libGL.so.270.41.19
7f3a7643c000-7f3a7663c000 ---p 000bd000 08:05 928                        /usr/lib/nvidia-current/libGL.so.270.41.19
7f3a7663c000-7f3a76675000 rwxp 000bd000 08:05 928                        /usr/lib/nvidia-current/libGL.so.270.41.19
7f3a76675000-7f3a7668b000 rwxp 00000000 00:00 0 
7f3a7668b000-7f3a7668d000 r-xp 00000000 08:05 526444                     /tmp/libgdx/1799094955/libjogl_awt-linux64.so
7f3a7668d000-7f3a7678c000 ---p 00002000 08:05 526444                     /tmp/libgdx/1799094955/libjogl_awt-linux64.so
7f3a7678c000-7f3a7678d000 rwxp 00001000 08:05 526444                     /tmp/libgdx/1799094955/libjogl_awt-linux64.so
7f3a7678d000-7f3a7678e000 r-xp 00000000 08:05 526409                     /tmp/libgdx/1799094955/libgluegen-rt-linux64.so
7f3a7678e000-7f3a7688d000 ---p 00001000 08:05 526409                     /tmp/libgdx/1799094955/libgluegen-rt-linux64.so
7f3a7688d000-7f3a7688e000 rwxp 00000000 08:05 526409                     /tmp/libgdx/1799094955/libgluegen-rt-linux64.so
7f3a7688e000-7f3a768a3000 r-xp 00000000 08:05 528127                     /lib/x86_64-linux-gnu/libgcc_s.so.1
7f3a768a3000-7f3a76aa2000 ---p 00015000 08:05 528127                     /lib/x86_64-linux-gnu/libgcc_s.so.1
7f3a76aa2000-7f3a76aa3000 r-xp 00014000 08:05 528127                     /lib/x86_64-linux-gnu/libgcc_s.so.1
7f3a76aa3000-7f3a76aa4000 rwxp 00015000 08:05 528127                     /lib/x86_64-linux-gnu/libgcc_s.so.1
7f3a76aa4000-7f3a76b8c000 r-xp 00000000 08:05 1571250                    /usr/lib/x86_64-linux-gnu/libstdc++.so.6.0.14
7f3a76b8c000-7f3a76d8b000 ---p 000e8000 08:05 1571250                    /usr/lib/x86_64-linux-gnu/libstdc++.so.6.0.14
7f3a76d8b000-7f3a76d93000 r-xp 000e7000 08:05 1571250                    /usr/lib/x86_64-linux-gnu/libstdc++.so.6.0.14
7f3a76d93000-7f3a76d95000 rwxp 000ef000 08:05 1571250                    /usr/lib/x86_64-linux-gnu/libstdc++.so.6.0.14
7f3a76d95000-7f3a76daa000 rwxp 00000000 00:00 0 
7f3a76daa000-7f3a76e35000 r-xp 00000000 08:05 526370                     /tmp/libgdx/1799094955/libgdx-64.so
7f3a76e35000-7f3a77035000 ---p 0008b000 08:05 526370                     /tmp/libgdx/1799094955/libgdx-64.so
7f3a77035000-7f3a77036000 r-xp 0008b000 08:05 526370                     /tmp/libgdx/1799094955/libgdx-64.so
7f3a77036000-7f3a77037000 rwxp 0008c000 08:05 526370                     /tmp/libgdx/1799094955/libgdx-64.so
7f3a77037000-7f3a7703a000 rwxp 00000000 00:00 0 
7f3a7703a000-7f3a7703d000 ---p 00000000 00:00 0 
7f3a7703d000-7f3a7713b000 rwxp 00000000 00:00 0 
7f3a7713b000-7f3a7713e000 ---p 00000000 00:00 0 
7f3a7713e000-7f3a7723c000 rwxp 00000000 00:00 0 
7f3a7723c000-7f3a7723f000 ---p 00000000 00:00 0 
7f3a7723f000-7f3a7733d000 rwxp 00000000 00:00 0 
7f3a7733d000-7f3a77342000 r-xp 00000000 08:05 1570859                    /usr/lib/x86_64-linux-gnu/libXfixes.so.3.1.0
7f3a77342000-7f3a77541000 ---p 00005000 08:05 1570859                    /usr/lib/x86_64-linux-gnu/libXfixes.so.3.1.0
7f3a77541000-7f3a77542000 r-xp 00004000 08:05 1570859                    /usr/lib/x86_64-linux-gnu/libXfixes.so.3.1.0
7f3a77542000-7f3a77543000 rwxp 00005000 08:05 1570859                    /usr/lib/x86_64-linux-gnu/libXfixes.so.3.1.0
7f3a77543000-7f3a7754c000 r-xp 00000000 08:05 1570620                    /usr/lib/x86_64-linux-gnu/libXrender.so.1.3.0
7f3a7754c000-7f3a7774c000 ---p 00009000 08:05 1570620                    /usr/lib/x86_64-linux-gnu/libXrender.so.1.3.0
7f3a7774c000-7f3a7774d000 r-xp 00009000 08:05 1570620                    /usr/lib/x86_64-linux-gnu/libXrender.so.1.3.0
7f3a7774d000-7f3a7774e000 rwxp 0000a000 08:05 1570620                    /usr/lib/x86_64-linux-gnu/libXrender.so.1.3.0
7f3a7774e000-7f3a77757000 r-xp 00000000 08:05 1573929                    /usr/lib/x86_64-linux-gnu/libXcursor.so.1.0.2
7f3a77757000-7f3a77956000 ---p 00009000 08:05 1573929                    /usr/lib/x86_64-linux-gnu/libXcursor.so.1.0.2
7f3a77956000-7f3a77957000 r-xp 00008000 08:05 1573929                    /usr/lib/x86_64-linux-gnu/libXcursor.so.1.0.2
7f3a77957000-7f3a77958000 rwxp 00009000 08:05 1573929                    /usr/lib/x86_64-linux-gnu/libXcursor.so.1.0.2
7f3a77958000-7f3a7795b000 ---p 00000000 00:00 0 
7f3a7795b000-7f3a77a59000 rwxp 00000000 00:00 0 
7f3a77a59000-7f3a77ad2000 r-xp 00000000 08:05 1734841                    /usr/lib/jvm/java-6-sun-1.6.0.24/jre/lib/amd64/libfontmanager.so
7f3a77ad2000-7f3a77bd1000 ---p 00079000 08:05 1734841                    /usr/lib/jvm/java-6-sun-1.6.0.24/jre/lib/amd64/libfontmanager.so
7f3a77bd1000-7f3a77be6000 rwxp 00078000 08:05 1734841                    /usr/lib/jvm/java-6-sun-1.6.0.24/jre/lib/amd64/libfontmanager.so
7f3a77be6000-7f3a77bf7000 rwxp 00000000 00:00 0 
7f3a77bf7000-7f3a77bfc000 r-xp 00000000 08:05 1573561                    /usr/lib/x86_64-linux-gnu/libXdmcp.so.6.0.0
7f3a77bfc000-7f3a77dfb000 ---p 00005000 08:05 1573561                    /usr/lib/x86_64-linux-gnu/libXdmcp.so.6.0.0
7f3a77dfb000-7f3a77dfc000 r-xp 00004000 08:05 1573561                    /usr/lib/x86_64-linux-gnu/libXdmcp.so.6.0.0
7f3a77dfc000-7f3a77dfd000 rwxp 00005000 08:05 1573561                    /usr/lib/x86_64-linux-gnu/libXdmcp.so.6.0.0
7f3a77dfd000-7f3a77dff000 r-xp 00000000 08:05 1570542                    /usr/lib/x86_64-linux-gnu/libXau.so.6.0.0
7f3a77dff000-7f3a77ffe000 ---p 00002000 08:05 1570542                    /usr/lib/x86_64-linux-gnu/libXau.so.6.0.0
7f3a77ffe000-7f3a77fff000 r-xp 00001000 08:05 1570542                    /usr/lib/x86_64-linux-gnu/libXau.so.6.0.0
7f3a77fff000-7f3a78000000 rwxp 00002000 08:05 1570542                    /usr/lib/x86_64-linux-gnu/libXau.so.6.0.0
7f3a78000000-7f3a785eb000 rwxp 00000000 00:00 0 
7f3a785eb000-7f3a7c000000 ---p 00000000 00:00 0 
7f3a7c015000-7f3a7c019000 rwxs 2245b000 00:05 10284                      /dev/nvidia0
7f3a7c03c000-7f3a7c03d000 rwxs fb060000 00:05 10284                      /dev/nvidia0
7f3a7c03d000-7f3a7c058000 rwxs 10fce0000 00:05 10284                     /dev/nvidia0
7f3a7c058000-7f3a7c059000 r-xs 00000000 08:05 532633                     /var/cache/fontconfig/26de28bc8622bbc1fb67fd234c21975f-le64.cache-3
7f3a7c059000-7f3a7c05a000 r-xs 00000000 08:05 554485                     /var/cache/fontconfig/c05880de57d1f5e948fdfacc138775d9-le64.cache-3
7f3a7c05a000-7f3a7c063000 r-xs 00000000 08:05 527845                     /var/cache/fontconfig/945677eb7aeaf62f1d50efc3fb3ec7d8-le64.cache-3
7f3a7c063000-7f3a7c065000 r-xs 00000000 08:05 554480                     /var/cache/fontconfig/99e8ed0e538f840c565b6ed5dad60d56-le64.cache-3
7f3a7c065000-7f3a7c068000 r-xs 00000000 08:05 554411                     /var/cache/fontconfig/f24b2111ab8703b4e963115a8cf14259-le64.cache-3
7f3a7c068000-7f3a7c06b000 r-xs 00000000 08:05 554479                     /var/cache/fontconfig/e383d7ea5fbe662a33d9b44caf393297-le64.cache-3
7f3a7c06b000-7f3a7c06e000 r-xs 00000000 08:05 554477                     /var/cache/fontconfig/2cd17615ca594fa2959ae173292e504c-le64.cache-3
7f3a7c06e000-7f3a7c06f000 r-xs 00000000 08:05 554471                     /var/cache/fontconfig/e7071f4a29fa870f4323321c154eba04-le64.cache-3
7f3a7c06f000-7f3a7c078000 r-xs 00000000 08:05 554448                     /var/cache/fontconfig/6d41288fd70b0be22e8c3a91e032eec0-le64.cache-3
7f3a7c078000-7f3a7c088000 r-xs 00000000 08:05 554447                     /var/cache/fontconfig/0f34bcd4b6ee430af32735b75db7f02b-le64.cache-3
7f3a7c088000-7f3a7c0b6000 r-xs 00000000 08:05 554435                     /var/cache/fontconfig/365b55f210c0a22e9a19e35191240f32-le64.cache-3
7f3a7c0b6000-7f3a7c0d1000 r-xp 00000000 08:05 1572615                    /usr/lib/x86_64-linux-gnu/libxcb.so.1.1.0
7f3a7c0d1000-7f3a7c2d0000 ---p 0001b000 08:05 1572615                    /usr/lib/x86_64-linux-gnu/libxcb.so.1.1.0
7f3a7c2d0000-7f3a7c2d1000 r-xp 0001a000 08:05 1572615                    /usr/lib/x86_64-linux-gnu/libxcb.so.1.1.0
7f3a7c2d1000-7f3a7c2d2000 rwxp 0001b000 08:05 1572615                    /usr/lib/x86_64-linux-gnu/libxcb.so.1.1.0
7f3a7c2d2000-7f3a7c2e1000 r-xp 00000000 08:05 1613065                    /usr/lib/x86_64-linux-gnu/libXi.so.6.1.0
7f3a7c2e1000-7f3a7c4e0000 ---p 0000f000 08:05 1613065                    /usr/lib/x86_64-linux-gnu/libXi.so.6.1.0
7f3a7c4e0000-7f3a7c4e1000 r-xp 0000e000 08:05 1613065                    /usr/lib/x86_64-linux-gnu/libXi.so.6.1.0
7f3a7c4e1000-7f3a7c4e2000 rwxp 0000f000 08:05 1613065                    /usr/lib/x86_64-linux-gnu/libXi.so.6.1.0
7f3a7c4e2000-7f3a7c4e7000 r-xp 00000000 08:05 1572606                    /usr/lib/libXtst.so.6.1.0
7f3a7c4e7000-7f3a7c6e6000 ---p 00005000 08:05 1572606                    /usr/lib/libXtst.so.6.1.0
7f3a7c6e6000-7f3a7c6e7000 r-xp 00004000 08:05 1572606                    /usr/lib/libXtst.so.6.1.0
7f3a7c6e7000-7f3a7c6e8000 rwxp 00005000 08:05 1572606                    /usr/lib/libXtst.so.6.1.0
7f3a7c6e8000-7f3a7c81d000 r-xp 00000000 08:05 1573591                    /usr/lib/x86_64-linux-gnu/libX11.so.6.3.0
7f3a7c81d000-7f3a7ca1d000 ---p 00135000 08:05 1573591                    /usr/lib/x86_64-linux-gnu/libX11.so.6.3.0
7f3a7ca1d000-7f3a7ca1e000 r-xp 00135000 08:05 1573591                    /usr/lib/x86_64-linux-gnu/libX11.so.6.3.0
7f3a7ca1e000-7f3a7ca22000 rwxp 00136000 08:05 1573591                    /usr/lib/x86_64-linux-gnu/libX11.so.6.3.0
7f3a7ca22000-7f3a7ca33000 r-xp 00000000 08:05 1571673                    /usr/lib/x86_64-linux-gnu/libXext.so.6.4.0
7f3a7ca33000-7f3a7cc32000 ---p 00011000 08:05 1571673                    /usr/lib/x86_64-linux-gnu/libXext.so.6.4.0
7f3a7cc32000-7f3a7cc33000 r-xp 00010000 08:05 1571673                    /usr/lib/x86_64-linux-gnu/libXext.so.6.4.0
7f3a7cc33000-7f3a7cc34000 rwxp 00011000 08:05 1571673                    /usr/lib/x86_64-linux-gnu/libXext.so.6.4.0
7f3a7cc34000-7f3a7cc38000 r-xs 00000000 08:05 554470                     /var/cache/fontconfig/6eb3985aa4124903f6ff08ba781cd364-le64.cache-3
7f3a7cc38000-7f3a7cc3d000 r-xs 00000000 08:05 554453                     /var/cache/fontconfig/062808c12e6e608270f93bb230aed730-le64.cache-3
7f3a7cc3d000-7f3a7cc43000 r-xs 00000000 08:05 554429                     /var/cache/fontconfig/a755afe4a08bf5b97852ceb7400b47bc-le64.cache-3
7f3a7cc43000-7f3a7cc4d000 r-xs 00000000 08:05 554433                     /var/cache/fontconfig/d52a8644073d54c13679302ca1180695-le64.cache-3
7f3a7cc4d000-7f3a7cc4e000 r-xs 00000000 08:05 554418                     /var/cache/fontconfig/ec648e9a1aea82bddd4bd6050028158d-le64.cache-3
7f3a7cc4e000-7f3a7cc61000 r-xs 00000000 08:05 538224                     /var/cache/fontconfig/e13b20fdb08344e0e664864cc2ede53d-le64.cache-3
7f3a7cc61000-7f3a7cca3000 r-xp 00000000 08:05 1734831                    /usr/lib/jvm/java-6-sun-1.6.0.24/jre/lib/amd64/xawt/libmawt.so
7f3a7cca3000-7f3a7cda2000 ---p 00042000 08:05 1734831                    /usr/lib/jvm/java-6-sun-1.6.0.24/jre/lib/amd64/xawt/libmawt.so
7f3a7cda2000-7f3a7cdae000 rwxp 00041000 08:05 1734831                    /usr/lib/jvm/java-6-sun-1.6.0.24/jre/lib/amd64/xawt/libmawt.so
7f3a7cdae000-7f3a7cdaf000 rwxp 00000000 00:00 0 
7f3a7cdaf000-7f3a7ce41000 r-xp 00000000 08:05 1734852                    /usr/lib/jvm/java-6-sun-1.6.0.24/jre/lib/amd64/libawt.so
7f3a7ce41000-7f3a7cf40000 ---p 00092000 08:05 1734852                    /usr/lib/jvm/java-6-sun-1.6.0.24/jre/lib/amd64/libawt.so
7f3a7cf40000-7f3a7cf59000 rwxp 00091000 08:05 1734852                    /usr/lib/jvm/java-6-sun-1.6.0.24/jre/lib/amd64/libawt.so
7f3a7cf59000-7f3a7cf7e000 rwxp 00000000 00:00 0 
7f3a7cf7e000-7f3a7cf87000 r-xs 00076000 08:05 1339556                    /home/bompo/git/mgcube/libs/gdx.jar
7f3a7cf87000-7f3a7cf8d000 r-xs 00064000 08:05 1339995                    /home/bompo/git/mgcube/libs/gdx-sources.jar
7f3a7cf8d000-7f3a7cf8e000 r-xs 001d6000 08:05 1339734                    /home/bompo/git/mgcube/libs/gdx-natives.jar
7f3a7cf8e000-7f3a7cfa8000 r-xs 00205000 08:05 1330241                    /home/bompo/git/mgcube/libs/gdx-backend-jogl.jar
7f3a7cfa8000-7f3a7cfa9000 r-xs 00006000 08:05 1330357                    /home/bompo/git/mgcube/libs/gdx-backend-jogl-sources.jar
7f3a7cfa9000-7f3a7cfaa000 r-xs 001f3000 08:05 1339854                    /home/bompo/git/mgcube/libs/gdx-backend-jogl-natives.jar
7f3a7cfaa000-7f3a7cfad000 r-xs 0000f000 08:05 1622792                    /usr/lib/jvm/java-6-sun-1.6.0.24/jre/lib/ext/pulse-java.jar
7f3a7cfad000-7f3a7cfae000 ---p 00000000 00:00 0 
7f3a7cfae000-7f3a7d0ae000 rwxp 00000000 00:00 0 
7f3a7d0ae000-7f3a7d0b1000 ---p 00000000 00:00 0 
7f3a7d0b1000-7f3a7d1af000 rwxp 00000000 00:00 0 
7f3a7d1af000-7f3a7d1b2000 ---p 00000000 00:00 0 
7f3a7d1b2000-7f3a7d2b0000 rwxp 00000000 00:00 0 
7f3a7d2b0000-7f3a7d2b3000 ---p 00000000 00:00 0 
7f3a7d2b3000-7f3a7d3b1000 rwxp 00000000 00:00 0 
7f3a7d3b1000-7f3a7d3b4000 ---p 00000000 00:00 0 
7f3a7d3b4000-7f3a7d4b2000 rwxp 00000000 00:00 0 
7f3a7d4b2000-7f3a7d8ba000 r-xp 00000000 08:05 1570348                    /usr/lib/locale/locale-archive
7f3a7d8ba000-7f3a7d8bd000 ---p 00000000 00:00 0 
7f3a7d8bd000-7f3a7d9bb000 rwxp 00000000 00:00 0 
7f3a7d9bb000-7f3a7d9be000 ---p 00000000 00:00 0 
7f3a7d9be000-7f3a7dabc000 rwxp 00000000 00:00 0 
7f3a7dabc000-7f3a7dabd000 ---p 00000000 00:00 0 
7f3a7dabd000-7f3a7e0f6000 rwxp 00000000 00:00 0 
7f3a7e0f6000-7f3a7e28e000 r-xs 03027000 08:05 1662454                    /usr/lib/jvm/java-6-sun-1.6.0.24/jre/lib/rt.jar
7f3a7e28e000-7f3a7e28f000 ---p 00000000 00:00 0 
7f3a7e28f000-7f3a7e38f000 rwxp 00000000 00:00 0 
7f3a7e38f000-7f3a7e390000 ---p 00000000 00:00 0 
7f3a7e390000-7f3a7e490000 rwxp 00000000 00:00 0 
7f3a7e490000-7f3a7e491000 ---p 00000000 00:00 0 
7f3a7e491000-7f3a7e591000 rwxp 00000000 00:00 0 
7f3a7e591000-7f3a7e592000 ---p 00000000 00:00 0 
7f3a7e592000-7f3a7e69d000 rwxp 00000000 00:00 0 
7f3a7e69d000-7f3a7e6bb000 rwxp 00000000 00:00 0 
7f3a7e6bb000-7f3a7e6d0000 rwxp 00000000 00:00 0 
7f3a7e6d0000-7f3a7e805000 rwxp 00000000 00:00 0 
7f3a7e805000-7f3a7e810000 rwxp 00000000 00:00 0 
7f3a7e810000-7f3a7e82e000 rwxp 00000000 00:00 0 
7f3a7e82e000-7f3a7e843000 rwxp 00000000 00:00 0 
7f3a7e843000-7f3a7e978000 rwxp 00000000 00:00 0 
7f3a7e978000-7f3a7e98a000 rwxp 00000000 00:00 0 
7f3a7e98a000-7f3a7ea1d000 rwxp 00000000 00:00 0 
7f3a7ea1d000-7f3a7ec8e000 rwxp 00000000 00:00 0 
7f3a7ec8e000-7f3a81a1e000 rwxp 00000000 00:00 0 
7f3a81a1e000-7f3a81a2c000 r-xp 00000000 08:05 1734847                    /usr/lib/jvm/java-6-sun-1.6.0.24/jre/lib/amd64/libzip.so
7f3a81a2c000-7f3a81b2e000 ---p 0000e000 08:05 1734847                    /usr/lib/jvm/java-6-sun-1.6.0.24/jre/lib/amd64/libzip.so
7f3a81b2e000-7f3a81b31000 rwxp 00010000 08:05 1734847                    /usr/lib/jvm/java-6-sun-1.6.0.24/jre/lib/amd64/libzip.so
7f3a81b31000-7f3a81b32000 rwxp 00000000 00:00 0 
7f3a81b32000-7f3a81b3e000 r-xp 00000000 08:05 535712                     /lib/x86_64-linux-gnu/libnss_files-2.13.so
7f3a81b3e000-7f3a81d3d000 ---p 0000c000 08:05 535712                     /lib/x86_64-linux-gnu/libnss_files-2.13.so
7f3a81d3d000-7f3a81d3e000 r-xp 0000b000 08:05 535712                     /lib/x86_64-linux-gnu/libnss_files-2.13.so
7f3a81d3e000-7f3a81d3f000 rwxp 0000c000 08:05 535712                     /lib/x86_64-linux-gnu/libnss_files-2.13.so
7f3a81d3f000-7f3a81d4a000 r-xp 00000000 08:05 535714                     /lib/x86_64-linux-gnu/libnss_nis-2.13.so
7f3a81d4a000-7f3a81f49000 ---p 0000b000 08:05 535714                     /lib/x86_64-linux-gnu/libnss_nis-2.13.so
7f3a81f49000-7f3a81f4a000 r-xp 0000a000 08:05 535714                     /lib/x86_64-linux-gnu/libnss_nis-2.13.so
7f3a81f4a000-7f3a81f4b000 rwxp 0000b000 08:05 535714                     /lib/x86_64-linux-gnu/libnss_nis-2.13.so
7f3a81f4b000-7f3a81f53000 r-xp 00000000 08:05 535710                     /lib/x86_64-linux-gnu/libnss_compat-2.13.so
7f3a81f53000-7f3a82152000 ---p 00008000 08:05 535710                     /lib/x86_64-linux-gnu/libnss_compat-2.13.so
7f3a82152000-7f3a82153000 r-xp 00007000 08:05 535710                     /lib/x86_64-linux-gnu/libnss_compat-2.13.so
7f3a82153000-7f3a82154000 rwxp 00008000 08:05 535710                     /lib/x86_64-linux-gnu/libnss_compat-2.13.so
7f3a82154000-7f3a8215b000 r-xp 00000000 08:05 1734857                    /usr/lib/jvm/java-6-sun-1.6.0.24/jre/lib/amd64/native_threads/libhpi.so
7f3a8215b000-7f3a8225c000 ---p 00007000 08:05 1734857                    /usr/lib/jvm/java-6-sun-1.6.0.24/jre/lib/amd64/native_threads/libhpi.so
7f3a8225c000-7f3a8225e000 rwxp 00008000 08:05 1734857                    /usr/lib/jvm/java-6-sun-1.6.0.24/jre/lib/amd64/native_threads/libhpi.so
7f3a8225e000-7f3a8225f000 rwxp 00000000 00:00 0 
7f3a8225f000-7f3a82276000 r-xp 00000000 08:05 535709                     /lib/x86_64-linux-gnu/libnsl-2.13.so
7f3a82276000-7f3a82475000 ---p 00017000 08:05 535709                     /lib/x86_64-linux-gnu/libnsl-2.13.so
7f3a82475000-7f3a82476000 r-xp 00016000 08:05 535709                     /lib/x86_64-linux-gnu/libnsl-2.13.so
7f3a82476000-7f3a82477000 rwxp 00017000 08:05 535709                     /lib/x86_64-linux-gnu/libnsl-2.13.so
7f3a82477000-7f3a82479000 rwxp 00000000 00:00 0 
7f3a82479000-7f3a824a2000 r-xp 00000000 08:05 1734846                    /usr/lib/jvm/java-6-sun-1.6.0.24/jre/lib/amd64/libjava.so
7f3a824a2000-7f3a825a1000 ---p 00029000 08:05 1734846                    /usr/lib/jvm/java-6-sun-1.6.0.24/jre/lib/amd64/libjava.so
7f3a825a1000-7f3a825a8000 rwxp 00028000 08:05 1734846                    /usr/lib/jvm/java-6-sun-1.6.0.24/jre/lib/amd64/libjava.so
7f3a825a8000-7f3a825b5000 r-xp 00000000 08:05 1731420                    /usr/lib/jvm/java-6-sun-1.6.0.24/jre/lib/amd64/libverify.so
7f3a825b5000-7f3a826b4000 ---p 0000d000 08:05 1731420                    /usr/lib/jvm/java-6-sun-1.6.0.24/jre/lib/amd64/libverify.so
7f3a826b4000-7f3a826b7000 rwxp 0000c000 08:05 1731420                    /usr/lib/jvm/java-6-sun-1.6.0.24/jre/lib/amd64/libverify.so
7f3a826b7000-7f3a826be000 r-xp 00000000 08:05 535724                     /lib/x86_64-linux-gnu/librt-2.13.so
7f3a826be000-7f3a828bd000 ---p 00007000 08:05 535724                     /lib/x86_64-linux-gnu/librt-2.13.so
7f3a828bd000-7f3a828be000 r-xp 00006000 08:05 535724                     /lib/x86_64-linux-gnu/librt-2.13.so
7f3a828be000-7f3a828bf000 rwxp 00007000 08:05 535724                     /lib/x86_64-linux-gnu/librt-2.13.so
7f3a828bf000-7f3a828c2000 ---p 00000000 00:00 0 
7f3a828c2000-7f3a829c0000 rwxp 00000000 00:00 0 
7f3a829c0000-7f3a82a44000 r-xp 00000000 08:05 535703                     /lib/x86_64-linux-gnu/libm-2.13.so
7f3a82a44000-7f3a82c43000 ---p 00084000 08:05 535703                     /lib/x86_64-linux-gnu/libm-2.13.so
7f3a82c43000-7f3a82c44000 r-xp 00083000 08:05 535703                     /lib/x86_64-linux-gnu/libm-2.13.so
7f3a82c44000-7f3a82c45000 rwxp 00084000 08:05 535703                     /lib/x86_64-linux-gnu/libm-2.13.so
7f3a82c45000-7f3a83483000 r-xp 00000000 08:05 1734849                    /usr/lib/jvm/java-6-sun-1.6.0.24/jre/lib/amd64/server/libjvm.so
7f3a83483000-7f3a83582000 ---p 0083e000 08:05 1734849                    /usr/lib/jvm/java-6-sun-1.6.0.24/jre/lib/amd64/server/libjvm.so
7f3a83582000-7f3a83716000 rwxp 0083d000 08:05 1734849                    /usr/lib/jvm/java-6-sun-1.6.0.24/jre/lib/amd64/server/libjvm.so
7f3a83716000-7f3a8374f000 rwxp 00000000 00:00 0 
7f3a8374f000-7f3a838d9000 r-xp 00000000 08:05 535697                     /lib/x86_64-linux-gnu/libc-2.13.so
7f3a838d9000-7f3a83ad8000 ---p 0018a000 08:05 535697                     /lib/x86_64-linux-gnu/libc-2.13.so
7f3a83ad8000-7f3a83adc000 r-xp 00189000 08:05 535697                     /lib/x86_64-linux-gnu/libc-2.13.so
7f3a83adc000-7f3a83add000 rwxp 0018d000 08:05 535697                     /lib/x86_64-linux-gnu/libc-2.13.so
7f3a83add000-7f3a83ae3000 rwxp 00000000 00:00 0 
7f3a83ae3000-7f3a83ae5000 r-xp 00000000 08:05 535702                     /lib/x86_64-linux-gnu/libdl-2.13.so
7f3a83ae5000-7f3a83ce5000 ---p 00002000 08:05 535702                     /lib/x86_64-linux-gnu/libdl-2.13.so
7f3a83ce5000-7f3a83ce6000 r-xp 00002000 08:05 535702                     /lib/x86_64-linux-gnu/libdl-2.13.so
7f3a83ce6000-7f3a83ce7000 rwxp 00003000 08:05 535702                     /lib/x86_64-linux-gnu/libdl-2.13.so
7f3a83ce7000-7f3a83cff000 r-xp 00000000 08:05 535718                     /lib/x86_64-linux-gnu/libpthread-2.13.so
7f3a83cff000-7f3a83eff000 ---p 00018000 08:05 535718                     /lib/x86_64-linux-gnu/libpthread-2.13.so
7f3a83eff000-7f3a83f00000 r-xp 00018000 08:05 535718                     /lib/x86_64-linux-gnu/libpthread-2.13.so
7f3a83f00000-7f3a83f01000 rwxp 00019000 08:05 535718                     /lib/x86_64-linux-gnu/libpthread-2.13.so
7f3a83f01000-7f3a83f05000 rwxp 00000000 00:00 0 
7f3a83f05000-7f3a83f26000 r-xp 00000000 08:05 535673                     /lib/x86_64-linux-gnu/ld-2.13.so
7f3a83f26000-7f3a83f27000 r-xs 00000000 08:05 554466                     /var/cache/fontconfig/4c73fe0c47614734b17d736dbde7580a-le64.cache-3
7f3a83f27000-7f3a83f28000 r-xs 00000000 08:05 554459                     /var/cache/fontconfig/0d8c3b2ac0904cb8a57a757ad11a4a08-le64.cache-3
7f3a83f28000-7f3a83f32000 rwxp 00000000 00:00 0 
7f3a83f32000-7f3a83fe8000 rwxp 00000000 00:00 0 
7f3a83fe8000-7f3a83feb000 rwxp 00000000 00:00 0 
7f3a83feb000-7f3a83ff2000 r-xp 00000000 08:05 1731410                    /usr/lib/jvm/java-6-sun-1.6.0.24/jre/lib/amd64/jli/libjli.so
7f3a83ff2000-7f3a840f3000 ---p 00007000 08:05 1731410                    /usr/lib/jvm/java-6-sun-1.6.0.24/jre/lib/amd64/jli/libjli.so
7f3a840f3000-7f3a840f5000 rwxp 00008000 08:05 1731410                    /usr/lib/jvm/java-6-sun-1.6.0.24/jre/lib/amd64/jli/libjli.so
7f3a840f5000-7f3a840f6000 rwxp 00000000 00:00 0 
7f3a840f6000-7f3a840f7000 r-xs 00000000 08:05 554454                     /var/cache/fontconfig/6a53c69dea097a2d716e069445527da8-le64.cache-3
7f3a840f7000-7f3a840fc000 r-xs 00000000 08:05 554452                     /var/cache/fontconfig/515ca1ebc4b18308bea979be5704f9db-le64.cache-3
7f3a840fc000-7f3a840ff000 r-xs 00000000 08:05 554441                     /var/cache/fontconfig/d60319d88cac85ba9e1a07bd06cfbb8c-le64.cache-3
7f3a840ff000-7f3a84100000 r-xs 00000000 08:05 530935                     /var/cache/fontconfig/4794a0821666d79190d59a36cb4f44b5-le64.cache-3
7f3a84100000-7f3a84104000 r-xs 00000000 08:05 538228                     /var/cache/fontconfig/7ef2298fde41cc6eeb7af42e48b7d293-le64.cache-3
7f3a84104000-7f3a84118000 r-xs 00000000 08:05 527842                     /var/cache/fontconfig/865f88548240fee46819705c6468c165-le64.cache-3
7f3a84118000-7f3a84119000 r-xs 00000000 08:05 1345055                    /home/bompo/.fontconfig/aa7e4f27e681240d22a1f116cf7520f0-le64.cache-3
7f3a84119000-7f3a84121000 rwxs 00000000 08:05 527843                     /tmp/hsperfdata_bompo/9365 (deleted)
7f3a84121000-7f3a84122000 rwxp 00000000 00:00 0 
7f3a84122000-7f3a84123000 ---p 00000000 00:00 0 
7f3a84123000-7f3a84125000 rwxp 00000000 00:00 0 
7f3a84125000-7f3a84126000 r-xp 00020000 08:05 535673                     /lib/x86_64-linux-gnu/ld-2.13.so
7f3a84126000-7f3a84128000 rwxp 00021000 08:05 535673                     /lib/x86_64-linux-gnu/ld-2.13.so
7fffe94b0000-7fffe94d1000 rwxp 00000000 00:00 0                          [stack]
7fffe95c1000-7fffe95c2000 r-xp 00000000 00:00 0                          [vdso]
ffffffffff600000-ffffffffff601000 r-xp 00000000 00:00 0                  [vsyscall]

VM Arguments:
jvm_args: -Dfile.encoding=UTF-8 
java_command: de.swagner.mgcube.DesktopStarter
Launcher Type: SUN_STANDARD

Environment Variables:
PATH=/usr/local/sbin:/usr/local/bin:/usr/sbin:/usr/bin:/sbin:/bin:/usr/games
USERNAME=bompo
LD_LIBRARY_PATH=/usr/lib/jvm/java-6-sun-1.6.0.24/jre/lib/amd64/server:/usr/lib/jvm/java-6-sun-1.6.0.24/jre/lib/amd64:/usr/lib/jvm/java-6-sun-1.6.0.24/jre/../lib/amd64:/usr/lib/jvm/java-6-openjdk/jre/lib/amd64/server:/usr/lib/jvm/java-6-openjdk/jre/lib/amd64:/usr/lib/jvm/java-6-openjdk/jre/../lib/amd64:/usr/lib64/xulrunner-addons
SHELL=/bin/bash
DISPLAY=:0.0

Signal Handlers:
SIGSEGV: [libjvm.so+0x791b30], sa_mask[0]=0x7ffbfeff, sa_flags=0x10000004
SIGBUS: [libjvm.so+0x791b30], sa_mask[0]=0x7ffbfeff, sa_flags=0x10000004
SIGFPE: [libjvm.so+0x640ba0], sa_mask[0]=0x7ffbfeff, sa_flags=0x10000004
SIGPIPE: [libjvm.so+0x640ba0], sa_mask[0]=0x7ffbfeff, sa_flags=0x10000004
SIGXFSZ: [libjvm.so+0x640ba0], sa_mask[0]=0x7ffbfeff, sa_flags=0x10000004
SIGILL: [libjvm.so+0x640ba0], sa_mask[0]=0x7ffbfeff, sa_flags=0x10000004
SIGUSR1: SIG_DFL, sa_mask[0]=0x00000000, sa_flags=0x00000000
SIGUSR2: [libjvm.so+0x643780], sa_mask[0]=0x00000004, sa_flags=0x10000004
SIGHUP: [libjvm.so+0x643380], sa_mask[0]=0x7ffbfeff, sa_flags=0x10000004
SIGINT: [libjvm.so+0x643380], sa_mask[0]=0x7ffbfeff, sa_flags=0x10000004
SIGTERM: [libjvm.so+0x643380], sa_mask[0]=0x7ffbfeff, sa_flags=0x10000004
SIGQUIT: [libjvm.so+0x643380], sa_mask[0]=0x7ffbfeff, sa_flags=0x10000004


---------------  S Y S T E M  ---------------

OS:squeeze/sid

uname:Linux 2.6.38-10-generic #44-Ubuntu SMP Thu Jun 2 21:32:22 UTC 2011 x86_64
libc:glibc 2.13 NPTL 2.13 
rlimit: STACK 8192k, CORE 0k, NPROC infinity, NOFILE 4096, AS infinity
load average:0.14 0.08 0.07

/proc/meminfo:
MemTotal:        4047872 kB
MemFree:          259212 kB
Buffers:          163924 kB
Cached:           950280 kB
SwapCached:            0 kB
Active:          2759248 kB
Inactive:         708424 kB
Active(anon):    2355524 kB
Inactive(anon):    15400 kB
Active(file):     403724 kB
Inactive(file):   693024 kB
Unevictable:         132 kB
Mlocked:             132 kB
SwapTotal:      19529724 kB
SwapFree:       19529724 kB
Dirty:               260 kB
Writeback:             0 kB
AnonPages:       2353748 kB
Mapped:           230416 kB
Shmem:             17312 kB
Slab:             109204 kB
SReclaimable:      80676 kB
SUnreclaim:        28528 kB
KernelStack:        4192 kB
PageTables:        39488 kB
NFS_Unstable:          0 kB
Bounce:                0 kB
WritebackTmp:          0 kB
CommitLimit:    21553660 kB
Committed_AS:    4929340 kB
VmallocTotal:   34359738367 kB
VmallocUsed:      341848 kB
VmallocChunk:   34359382756 kB
HardwareCorrupted:     0 kB
HugePages_Total:       0
HugePages_Free:        0
HugePages_Rsvd:        0
HugePages_Surp:        0
Hugepagesize:       2048 kB
DirectMap4k:      150976 kB
DirectMap2M:     4034560 kB


CPU:total 4 (4 cores per cpu, 1 threads per core) family 6 model 30 stepping 5, cmov, cx8, fxsr, mmx, sse, sse2, sse3, ssse3, sse4.1, sse4.2, popcnt

Memory: 4k page, physical 4047872k(259212k free), swap 19529724k(19529724k free)

vm_info: Java HotSpot(TM) 64-Bit Server VM (19.1-b02) for linux-amd64 JRE (1.6.0_24-b07), built on Feb  2 2011 16:55:54 by "java_re" with gcc 3.2.2 (SuSE Linux)

time: Fri Jun 17 17:26:50 2011
elapsed time: 31 seconds

