#
# A fatal error has been detected by the Java Runtime Environment:
#
#  SIGBUS (0x7) at pc=0x00007fe4837e4110, pid=28217, tid=140619430971136
#
# JRE version: 6.0_22-b22
# Java VM: OpenJDK 64-Bit Server VM (20.0-b11 mixed mode linux-amd64 compressed oops)
# Derivative: IcedTea6 1.10.2
# Distribution: Ubuntu 11.04, package 6b22-1.10.2-0ubuntu1~11.04.1
# Problematic frame:
# 
[error occurred during error reporting (printing problematic frame), id 0x7]

# If you would like to submit a bug report, please include
# instructions how to reproduce the bug and visit:
#   https://bugs.launchpad.net/ubuntu/+source/openjdk-6/
# The crash happened outside the Java Virtual Machine in native code.
# See problematic frame for where to report the bug.
#

---------------  T H R E A D  ---------------

Current thread (0x00007fe484213800):  JavaThread "LWJGL Application" [_thread_in_native, id=28246, stack(0x00007fe4832b4000,0x00007fe4833b5000)]

siginfo:si_signo=SIGBUS: si_errno=0, si_code=2 (BUS_ADRERR), si_addr=0x00007fe4837e4110

Registers:
RAX=0x00000000ec1762b8, RBX=0x00000000ec1762b8, RCX=0x00007fe4833b3878, RDX=0x00007fe4833b3870
RSP=0x00007fe4833b3868, RBP=0x00007fe4833b38b0, RSI=0x00007fe4833b38a0, RDI=0x00007fe4842139d0
R8 =0x00000000ec1763d8, R9 =0x00000000ec176370, R10=0x00007fe48b8406c3, R11=0x00000000ec176320
R12=0x0000000000000000, R13=0x00000000ec176160, R14=0x00007fe4833b38a0, R15=0x00007fe484213800
RIP=0x00007fe4837e4110, EFLAGS=0x0000000000010246, CSGSFS=0x0000000000000033, ERR=0x0000000000000014
  TRAPNO=0x000000000000000e

Top of Stack: (sp=0x00007fe4833b3868)
0x00007fe4833b3868:   00007fe48b840735 00000000ec1763d8
0x00007fe4833b3878:   00000000ec176320 000000003f800000
0x00007fe4833b3888:   00007fe400000000 00000000ec9be8f8
0x00007fe4833b3898:   00000000ec9bec20 00000000b8d84bf0
0x00007fe4833b38a8:   00007fe484213800 00000000ec176268
0x00007fe4833b38b8:   00007fe48b87e1c0 00000000ec176160
0x00007fe4833b38c8:   ec1762b8ec1761b8 00000000ec1762b8
0x00007fe4833b38d8:   0000000000000000 000000000000008e
0x00007fe4833b38e8:   00000000ec9c3db8 00000000ec822808
0x00007fe4833b38f8:   00007fe48b8c0454 00007fe4833b3930
0x00007fe4833b3908:   00007fe48f578146 00000000ec0db7b8
0x00007fe4833b3918:   00000000ec8279d8 0000000000000009
0x00007fe4833b3928:   00000000ec8279d8 0000000000000009
0x00007fe4833b3938:   000000003116972c 00000000ec822808
0x00007fe4833b3948:   00007fe48b8b0c80 00000000ec822808
0x00007fe4833b3958:   000001e000000320 00000000ec8279d8
0x00007fe4833b3968:   00000000ec822b10 00000000ebbaafe8
0x00007fe4833b3978:   0000000000000016 0000000000000007
0x00007fe4833b3988:   00007fe48b6f685a 0000000000000009
0x00007fe4833b3998:   0000000000000000 00007fe4833b3a00
0x00007fe4833b39a8:   00007fe48b6f685a 0000000000000320
0x00007fe4833b39b8:   00000000ec822808 00007fe4833b39c0
0x00007fe4833b39c8:   00000000b896ee69 00007fe4833b3a10
0x00007fe4833b39d8:   00000000b8977f30 0000000000000000
0x00007fe4833b39e8:   00000000b896ee80 00007fe4833b39b8
0x00007fe4833b39f8:   00007fe4833b3a10 00007fe4833b3a58
0x00007fe4833b3a08:   00007fe48b6f685a 00000000ec822808
0x00007fe4833b3a18:   00007fe4833b3a18 00000000b897522b
0x00007fe4833b3a28:   00007fe4833b3a68 00000000b8c1b638
0x00007fe4833b3a38:   0000000000000000 00000000b8975248
0x00007fe4833b3a48:   00007fe4833b3a10 00007fe4833b3a68
0x00007fe4833b3a58:   00007fe4833b3ad0 00007fe48b6f1438 

Instructions: (pc=0x00007fe4837e4110)
0x00007fe4837e40f0:   
[error occurred during error reporting (printing registers, top of stack, instructions near pc), id 0x7]

Register to memory mapping:

RAX=0x00000000ec1762b8 is an oop
com.badlogic.gdx.math.Matrix4 
 - klass: 'com/badlogic/gdx/math/Matrix4'
RBX=0x00000000ec1762b8 is an oop
com.badlogic.gdx.math.Matrix4 
 - klass: 'com/badlogic/gdx/math/Matrix4'
RCX=0x00007fe4833b3878 is pointing into the stack for thread: 0x00007fe484213800
RDX=0x00007fe4833b3870 is pointing into the stack for thread: 0x00007fe484213800
RSP=0x00007fe4833b3868 is pointing into the stack for thread: 0x00007fe484213800
RBP=0x00007fe4833b38b0 is pointing into the stack for thread: 0x00007fe484213800
RSI=0x00007fe4833b38a0 is pointing into the stack for thread: 0x00007fe484213800
RDI=0x00007fe4842139d0 is an unknown value
R8 =0x00000000ec1763d8 is an oop
[F 
 - klass: {type array float}
 - length: 16
R9 =0x00000000ec176370 is an oop
com.badlogic.gdx.math.Matrix4 
 - klass: 'com/badlogic/gdx/math/Matrix4'
R10=0x00007fe48b8404d0 [CodeBlob (0x00007fe48b8404d0)]
Framesize: 10
R11=0x00000000ec176320 is an oop
[F 
 - klass: {type array float}
 - length: 16
R12=0x0000000000000000 is an unknown value
R13=0x00000000ec176160 is an oop
com.badlogic.gdx.graphics.PerspectiveCamera 
 - klass: 'com/badlogic/gdx/graphics/PerspectiveCamera'
R14=0x00007fe4833b38a0 is pointing into the stack for thread: 0x00007fe484213800
R15=0x00007fe484213800 is a thread


Stack: [0x00007fe4832b4000,0x00007fe4833b5000],  sp=0x00007fe4833b3868,  free space=1022k
Native frames: (J=compiled Java code, j=interpreted, Vv=VM code, C=native code)

[error occurred during error reporting (printing native stack), id 0x7]

Java frames: (J=compiled Java code, j=interpreted, Vv=VM code)
J  com.badlogic.gdx.math.Matrix4.mul([F[F)V
J  com.badlogic.gdx.graphics.PerspectiveCamera.update()V
J  de.swagner.mgcube.EditorScreen.render(F)V
J  com.badlogic.gdx.backends.lwjgl.LwjglApplication.mainLoop()V
j  com.badlogic.gdx.backends.lwjgl.LwjglApplication.access$000(Lcom/badlogic/gdx/backends/lwjgl/LwjglApplication;)V+1
j  com.badlogic.gdx.backends.lwjgl.LwjglApplication$1.run()V+27
v  ~StubRoutines::call_stub

---------------  P R O C E S S  ---------------

Java Threads: ( => current thread )
  0x00007fe484214000 JavaThread "DestroyJavaVM" [_thread_blocked, id=28222, stack(0x00007fe4917f5000,0x00007fe4918f6000)]
=>0x00007fe484213800 JavaThread "LWJGL Application" [_thread_in_native, id=28246, stack(0x00007fe4832b4000,0x00007fe4833b5000)]
  0x00007fe4841af800 JavaThread "AWT-XAWT" daemon [_thread_in_native, id=28237, stack(0x00007fe483b27000,0x00007fe483c28000)]
  0x00000000020a0800 JavaThread "Java2D Disposer" daemon [_thread_blocked, id=28235, stack(0x00007fe488047000,0x00007fe488148000)]
  0x0000000001f8e800 JavaThread "Low Memory Detector" daemon [_thread_blocked, id=28233, stack(0x00007fe489e15000,0x00007fe489f16000)]
  0x0000000001f8c000 JavaThread "C2 CompilerThread1" daemon [_thread_blocked, id=28232, stack(0x00007fe483eff000,0x00007fe484000000)]
  0x0000000001f89000 JavaThread "C2 CompilerThread0" daemon [_thread_blocked, id=28231, stack(0x00007fe489f16000,0x00007fe48a017000)]
  0x0000000001f88000 JavaThread "Signal Dispatcher" daemon [_thread_blocked, id=28230, stack(0x00007fe48a017000,0x00007fe48a118000)]
  0x0000000001f68800 JavaThread "Finalizer" daemon [_thread_blocked, id=28229, stack(0x00007fe48a520000,0x00007fe48a621000)]
  0x0000000001f61800 JavaThread "Reference Handler" daemon [_thread_blocked, id=28228, stack(0x00007fe48a621000,0x00007fe48a722000)]

Other Threads:
  0x0000000001f5a800 VMThread [stack: 0x00007fe48a722000,0x00007fe48a823000] [id=28227]
  0x0000000001f91000 WatcherThread [stack: 0x00007fe489d14000,0x00007fe489e15000] [id=28234]

VM state:not at safepoint (normal execution)

VM Mutex/Monitor currently owned by a thread: None

Heap
 PSYoungGen      total 18368K, used 11514K [0x00000000eb8b0000, 0x00000000ecd20000, 0x0000000100000000)
  eden space 15808K, 60% used [0x00000000eb8b0000,0x00000000ec207f78,0x00000000ec820000)
  from space 2560K, 76% used [0x00000000ec820000,0x00000000eca068e8,0x00000000ecaa0000)
  to   space 2560K, 0% used [0x00000000ecaa0000,0x00000000ecaa0000,0x00000000ecd20000)
 PSOldGen        total 41856K, used 0K [0x00000000c2a00000, 0x00000000c52e0000, 0x00000000eb8b0000)
  object space 41856K, 0% used [0x00000000c2a00000,0x00000000c2a00000,0x00000000c52e0000)
 PSPermGen       total 21248K, used 12887K [0x00000000b8400000, 0x00000000b98c0000, 0x00000000c2a00000)
  object space 21248K, 60% used [0x00000000b8400000,0x00000000b9095e48,0x00000000b98c0000)

Code Cache  [0x00007fe48b6f1000, 0x00007fe48b961000, 0x00007fe48e6f1000)
 total_blobs=929 nmethods=418 adapters=465 free_code_cache=48316288 largest_free_block=65984

Dynamic libraries:
00400000-00409000 r-xp 00000000 08:15 1597353                            /usr/lib/jvm/java-6-openjdk/jre/bin/java
00608000-00609000 r--p 00008000 08:15 1597353                            /usr/lib/jvm/java-6-openjdk/jre/bin/java
00609000-0060a000 rw-p 00009000 08:15 1597353                            /usr/lib/jvm/java-6-openjdk/jre/bin/java
01ee8000-032a5000 rw-p 00000000 00:00 0                                  [heap]
403d0000-4044a000 rw-p 00000000 00:00 0 
416c7000-416c9000 r-xs 00000000 08:15 523676                             /tmp/glZ4BIXM (deleted)
b8400000-b98c0000 rw-p 00000000 00:00 0 
b98c0000-c2a00000 rw-p 00000000 00:00 0 
c2a00000-c52e0000 rw-p 00000000 00:00 0 
c52e0000-eb8b0000 rw-p 00000000 00:00 0 
eb8b0000-ecd20000 rw-p 00000000 00:00 0 
ecd20000-100000000 rw-p 00000000 00:00 0 
7fe474db6000-7fe474e36000 rw-s c0c6d000 00:05 11786                      /dev/nvidia0
7fe474e36000-7fe474f36000 rw-s b3bb7000 00:05 11786                      /dev/nvidia0
7fe474f36000-7fe475036000 rw-s aecb3000 00:05 11786                      /dev/nvidia0
7fe475036000-7fe475136000 rw-s 0951c000 00:05 11786                      /dev/nvidia0
7fe475136000-7fe475336000 rw-s be5f7000 00:05 11786                      /dev/nvidia0
7fe475336000-7fe475436000 rw-s c2f78000 00:05 11786                      /dev/nvidia0
7fe475436000-7fe475476000 rw-s b8ba6000 00:05 11786                      /dev/nvidia0
7fe475476000-7fe4754c3000 rw-p 00000000 00:00 0 
7fe4754c3000-7fe476a98000 r-xp 00000000 08:15 1569894                    /usr/lib/libnvidia-glcore.so.275.21
7fe476a98000-7fe476c98000 ---p 015d5000 08:15 1569894                    /usr/lib/libnvidia-glcore.so.275.21
7fe476c98000-7fe4772d3000 rwxp 015d5000 08:15 1569894                    /usr/lib/libnvidia-glcore.so.275.21
7fe4772d3000-7fe4772eb000 rwxp 00000000 00:00 0 
7fe4772eb000-7fe4772ee000 r-xp 00000000 08:15 1570342                    /usr/lib/tls/libnvidia-tls.so.275.21
7fe4772ee000-7fe4774ed000 ---p 00003000 08:15 1570342                    /usr/lib/tls/libnvidia-tls.so.275.21
7fe4774ed000-7fe4774ee000 rw-p 00002000 08:15 1570342                    /usr/lib/tls/libnvidia-tls.so.275.21
7fe4774ee000-7fe4775ae000 r-xp 00000000 08:15 1570075                    /usr/lib/libGL.so.275.21
7fe4775ae000-7fe4777ad000 ---p 000c0000 08:15 1570075                    /usr/lib/libGL.so.275.21
7fe4777ad000-7fe4777e8000 rwxp 000bf000 08:15 1570075                    /usr/lib/libGL.so.275.21
7fe4777e8000-7fe4777fe000 rwxp 00000000 00:00 0 
7fe4777fe000-7fe4777ff000 ---p 00000000 00:00 0 
7fe4777ff000-7fe477fff000 rw-p 00000000 00:00 0 
7fe477fff000-7fe47c000000 rw-s 00000000 00:10 895997                     /dev/shm/pulse-shm-3429425621
7fe47c000000-7fe47fdb2000 rw-p 00000000 00:00 0 
7fe47fdb2000-7fe480000000 ---p 00000000 00:00 0 
7fe480020000-7fe480023000 ---p 00000000 00:00 0 
7fe480023000-7fe480121000 rw-p 00000000 00:00 0 
7fe480121000-7fe480122000 ---p 00000000 00:00 0 
7fe480122000-7fe480922000 rw-p 00000000 00:00 0 
7fe480922000-7fe480928000 r-xp 00000000 08:15 1573092                    /usr/lib/libogg.so.0.7.0
7fe480928000-7fe480b27000 ---p 00006000 08:15 1573092                    /usr/lib/libogg.so.0.7.0
7fe480b27000-7fe480b28000 r--p 00005000 08:15 1573092                    /usr/lib/libogg.so.0.7.0
7fe480b28000-7fe480b29000 rw-p 00006000 08:15 1573092                    /usr/lib/libogg.so.0.7.0
7fe480b29000-7fe480b54000 r-xp 00000000 08:15 1582648                    /usr/lib/libvorbis.so.0.4.5
7fe480b54000-7fe480d53000 ---p 0002b000 08:15 1582648                    /usr/lib/libvorbis.so.0.4.5
7fe480d53000-7fe480d54000 r--p 0002a000 08:15 1582648                    /usr/lib/libvorbis.so.0.4.5
7fe480d54000-7fe480d55000 rw-p 0002b000 08:15 1582648                    /usr/lib/libvorbis.so.0.4.5
7fe480d55000-7fe481008000 r-xp 00000000 08:15 1573212                    /usr/lib/libvorbisenc.so.2.0.8
7fe481008000-7fe481207000 ---p 002b3000 08:15 1573212                    /usr/lib/libvorbisenc.so.2.0.8
7fe481207000-7fe481223000 r--p 002b2000 08:15 1573212                    /usr/lib/libvorbisenc.so.2.0.8
7fe481223000-7fe481224000 rw-p 002ce000 08:15 1573212                    /usr/lib/libvorbisenc.so.2.0.8
7fe481224000-7fe48126c000 r-xp 00000000 08:15 1570101                    /usr/lib/libFLAC.so.8.2.0
7fe48126c000-7fe48146c000 ---p 00048000 08:15 1570101                    /usr/lib/libFLAC.so.8.2.0
7fe48146c000-7fe48146d000 r--p 00048000 08:15 1570101                    /usr/lib/libFLAC.so.8.2.0
7fe48146d000-7fe48146e000 rw-p 00049000 08:15 1570101                    /usr/lib/libFLAC.so.8.2.0
7fe48146e000-7fe4814cf000 r-xp 00000000 08:15 1574433                    /usr/lib/libsndfile.so.1.0.23
7fe4814cf000-7fe4816cf000 ---p 00061000 08:15 1574433                    /usr/lib/libsndfile.so.1.0.23
7fe4816cf000-7fe4816d1000 r--p 00061000 08:15 1574433                    /usr/lib/libsndfile.so.1.0.23
7fe4816d1000-7fe4816d2000 rw-p 00063000 08:15 1574433                    /usr/lib/libsndfile.so.1.0.23
7fe4816d2000-7fe4816d6000 rw-p 00000000 00:00 0 
7fe4816d6000-7fe4816de000 r-xp 00000000 08:15 538930                     /lib/libwrap.so.0.7.6
7fe4816de000-7fe4818de000 ---p 00008000 08:15 538930                     /lib/libwrap.so.0.7.6
7fe4818de000-7fe4818df000 r--p 00008000 08:15 538930                     /lib/libwrap.so.0.7.6
7fe4818df000-7fe4818e0000 rw-p 00009000 08:15 538930                     /lib/libwrap.so.0.7.6
7fe4818e0000-7fe4818e1000 rw-p 00000000 00:00 0 
7fe4818e1000-7fe4818e5000 r-xp 00000000 08:15 534738                     /lib/x86_64-linux-gnu/libuuid.so.1.3.0
7fe4818e5000-7fe481ae4000 ---p 00004000 08:15 534738                     /lib/x86_64-linux-gnu/libuuid.so.1.3.0
7fe481ae4000-7fe481ae5000 r--p 00003000 08:15 534738                     /lib/x86_64-linux-gnu/libuuid.so.1.3.0
7fe481ae5000-7fe481ae6000 rw-p 00004000 08:15 534738                     /lib/x86_64-linux-gnu/libuuid.so.1.3.0
7fe481ae6000-7fe481b28000 r-xp 00000000 08:15 526020                     /lib/x86_64-linux-gnu/libdbus-1.so.3.5.4
7fe481b28000-7fe481d28000 ---p 00042000 08:15 526020                     /lib/x86_64-linux-gnu/libdbus-1.so.3.5.4
7fe481d28000-7fe481d29000 r--p 00042000 08:15 526020                     /lib/x86_64-linux-gnu/libdbus-1.so.3.5.4
7fe481d29000-7fe481d2a000 rw-p 00043000 08:15 526020                     /lib/x86_64-linux-gnu/libdbus-1.so.3.5.4
7fe481d2a000-7fe481d75000 r-xp 00000000 08:15 1580900                    /usr/lib/libpulsecommon-0.9.22.so
7fe481d75000-7fe481f74000 ---p 0004b000 08:15 1580900                    /usr/lib/libpulsecommon-0.9.22.so
7fe481f74000-7fe481f75000 r--p 0004a000 08:15 1580900                    /usr/lib/libpulsecommon-0.9.22.so
7fe481f75000-7fe481f76000 rw-p 0004b000 08:15 1580900                    /usr/lib/libpulsecommon-0.9.22.so
7fe481f76000-7fe481f79000 r-xp 00000000 08:15 1573582                    /usr/lib/libxcb-atom.so.1.0.0
7fe481f79000-7fe482179000 ---p 00003000 08:15 1573582                    /usr/lib/libxcb-atom.so.1.0.0
7fe482179000-7fe48217a000 r--p 00003000 08:15 1573582                    /usr/lib/libxcb-atom.so.1.0.0
7fe48217a000-7fe48217b000 rw-p 00004000 08:15 1573582                    /usr/lib/libxcb-atom.so.1.0.0
7fe48217b000-7fe482182000 r-xp 00000000 08:15 1578963                    /usr/lib/x86_64-linux-gnu/libSM.so.6.0.1
7fe482182000-7fe482381000 ---p 00007000 08:15 1578963                    /usr/lib/x86_64-linux-gnu/libSM.so.6.0.1
7fe482381000-7fe482382000 r--p 00006000 08:15 1578963                    /usr/lib/x86_64-linux-gnu/libSM.so.6.0.1
7fe482382000-7fe482383000 rw-p 00007000 08:15 1578963                    /usr/lib/x86_64-linux-gnu/libSM.so.6.0.1
7fe482383000-7fe482399000 r-xp 00000000 08:15 1571606                    /usr/lib/x86_64-linux-gnu/libICE.so.6.3.0
7fe482399000-7fe482599000 ---p 00016000 08:15 1571606                    /usr/lib/x86_64-linux-gnu/libICE.so.6.3.0
7fe482599000-7fe48259a000 r--p 00016000 08:15 1571606                    /usr/lib/x86_64-linux-gnu/libICE.so.6.3.0
7fe48259a000-7fe48259b000 rw-p 00017000 08:15 1571606                    /usr/lib/x86_64-linux-gnu/libICE.so.6.3.0
7fe48259b000-7fe48259e000 rw-p 00000000 00:00 0 
7fe48259e000-7fe48259f000 r-xp 00000000 08:15 1570508                    /usr/lib/x86_64-linux-gnu/libX11-xcb.so.1.0.0
7fe48259f000-7fe48279e000 ---p 00001000 08:15 1570508                    /usr/lib/x86_64-linux-gnu/libX11-xcb.so.1.0.0
7fe48279e000-7fe48279f000 r--p 00000000 08:15 1570508                    /usr/lib/x86_64-linux-gnu/libX11-xcb.so.1.0.0
7fe48279f000-7fe4827a0000 rw-p 00001000 08:15 1570508                    /usr/lib/x86_64-linux-gnu/libX11-xcb.so.1.0.0
7fe4827a0000-7fe4827e0000 r-xp 00000000 08:15 1573921                    /usr/lib/libpulse.so.0.12.3
7fe4827e0000-7fe4829df000 ---p 00040000 08:15 1573921                    /usr/lib/libpulse.so.0.12.3
7fe4829df000-7fe4829e0000 r--p 0003f000 08:15 1573921                    /usr/lib/libpulse.so.0.12.3
7fe4829e0000-7fe4829e1000 rw-p 00040000 08:15 1573921                    /usr/lib/libpulse.so.0.12.3
7fe4829e1000-7fe482a2d000 r-xp 00000000 08:15 525825                     /tmp/libgdx/3523710564/libopenal64.so
7fe482a2d000-7fe482c2c000 ---p 0004c000 08:15 525825                     /tmp/libgdx/3523710564/libopenal64.so
7fe482c2c000-7fe482c2e000 r--p 0004b000 08:15 525825                     /tmp/libgdx/3523710564/libopenal64.so
7fe482c2e000-7fe482c2f000 rw-p 0004d000 08:15 525825                     /tmp/libgdx/3523710564/libopenal64.so
7fe482c2f000-7fe482c30000 rw-p 00000000 00:00 0 
7fe482c30000-7fe482c31000 r-xp 00000000 08:15 1597389                    /usr/lib/jvm/java-6-openjdk/jre/lib/amd64/libjawt.so
7fe482c31000-7fe482e30000 ---p 00001000 08:15 1597389                    /usr/lib/jvm/java-6-openjdk/jre/lib/amd64/libjawt.so
7fe482e30000-7fe482e31000 r--p 00000000 08:15 1597389                    /usr/lib/jvm/java-6-openjdk/jre/lib/amd64/libjawt.so
7fe482e31000-7fe482e32000 rw-p 00001000 08:15 1597389                    /usr/lib/jvm/java-6-openjdk/jre/lib/amd64/libjawt.so
7fe482e32000-7fe482e37000 r-xp 00000000 08:15 1581972                    /usr/lib/x86_64-linux-gnu/libXxf86vm.so.1.0.0
7fe482e37000-7fe483036000 ---p 00005000 08:15 1581972                    /usr/lib/x86_64-linux-gnu/libXxf86vm.so.1.0.0
7fe483036000-7fe483037000 r--p 00004000 08:15 1581972                    /usr/lib/x86_64-linux-gnu/libXxf86vm.so.1.0.0
7fe483037000-7fe483038000 rw-p 00005000 08:15 1581972                    /usr/lib/x86_64-linux-gnu/libXxf86vm.so.1.0.0
7fe483038000-7fe4830b1000 r-xp 00000000 08:15 526683                     /tmp/libgdx/3523710564/liblwjgl64.so
7fe4830b1000-7fe4832b1000 ---p 00079000 08:15 526683                     /tmp/libgdx/3523710564/liblwjgl64.so
7fe4832b1000-7fe4832b3000 r--p 00079000 08:15 526683                     /tmp/libgdx/3523710564/liblwjgl64.so
7fe4832b3000-7fe4832b4000 rw-p 0007b000 08:15 526683                     /tmp/libgdx/3523710564/liblwjgl64.so
7fe4832b4000-7fe4832b7000 ---p 00000000 00:00 0 
7fe4832b7000-7fe4833b5000 rw-p 00000000 00:00 0 
7fe4833b5000-7fe4833ba000 r-xp 00000000 08:15 1570859                    /usr/lib/x86_64-linux-gnu/libXfixes.so.3.1.0
7fe4833ba000-7fe4835b9000 ---p 00005000 08:15 1570859                    /usr/lib/x86_64-linux-gnu/libXfixes.so.3.1.0
7fe4835b9000-7fe4835ba000 r--p 00004000 08:15 1570859                    /usr/lib/x86_64-linux-gnu/libXfixes.so.3.1.0
7fe4835ba000-7fe4835bb000 rw-p 00005000 08:15 1570859                    /usr/lib/x86_64-linux-gnu/libXfixes.so.3.1.0
7fe4835bb000-7fe4835c4000 r-xp 00000000 08:15 1573929                    /usr/lib/x86_64-linux-gnu/libXcursor.so.1.0.2
7fe4835c4000-7fe4837c3000 ---p 00009000 08:15 1573929                    /usr/lib/x86_64-linux-gnu/libXcursor.so.1.0.2
7fe4837c3000-7fe4837c4000 r--p 00008000 08:15 1573929                    /usr/lib/x86_64-linux-gnu/libXcursor.so.1.0.2
7fe4837c4000-7fe4837c5000 rw-p 00009000 08:15 1573929                    /usr/lib/x86_64-linux-gnu/libXcursor.so.1.0.2
7fe4837c5000-7fe483853000 r-xp 00000000 08:15 525025                     /tmp/libgdx/3523710564/libgdx-64.so
7fe483853000-7fe483a53000 ---p 0008e000 08:15 525025                     /tmp/libgdx/3523710564/libgdx-64.so
7fe483a53000-7fe483a54000 r--p 0008e000 08:15 525025                     /tmp/libgdx/3523710564/libgdx-64.so
7fe483a54000-7fe483a55000 rw-p 0008f000 08:15 525025                     /tmp/libgdx/3523710564/libgdx-64.so
7fe483a55000-7fe483a58000 rw-p 00000000 00:00 0 
7fe483a58000-7fe483a59000 r--s 00000000 08:15 532633                     /var/cache/fontconfig/26de28bc8622bbc1fb67fd234c21975f-le64.cache-3
7fe483a59000-7fe483a5a000 r--s 00000000 08:15 554485                     /var/cache/fontconfig/c05880de57d1f5e948fdfacc138775d9-le64.cache-3
7fe483a5a000-7fe483a63000 r--s 00000000 08:15 527845                     /var/cache/fontconfig/945677eb7aeaf62f1d50efc3fb3ec7d8-le64.cache-3
7fe483a63000-7fe483a65000 r--s 00000000 08:15 554480                     /var/cache/fontconfig/99e8ed0e538f840c565b6ed5dad60d56-le64.cache-3
7fe483a65000-7fe483a68000 r--s 00000000 08:15 554411                     /var/cache/fontconfig/f24b2111ab8703b4e963115a8cf14259-le64.cache-3
7fe483a68000-7fe483a6b000 r--s 00000000 08:15 554479                     /var/cache/fontconfig/e383d7ea5fbe662a33d9b44caf393297-le64.cache-3
7fe483a6b000-7fe483a6e000 r--s 00000000 08:15 554477                     /var/cache/fontconfig/2cd17615ca594fa2959ae173292e504c-le64.cache-3
7fe483a6e000-7fe483a6f000 r--s 00000000 08:15 554471                     /var/cache/fontconfig/e7071f4a29fa870f4323321c154eba04-le64.cache-3
7fe483a6f000-7fe483a73000 r--s 00000000 08:15 554470                     /var/cache/fontconfig/6eb3985aa4124903f6ff08ba781cd364-le64.cache-3
7fe483a73000-7fe483a74000 r--s 00000000 08:15 554466                     /var/cache/fontconfig/4c73fe0c47614734b17d736dbde7580a-le64.cache-3
7fe483a74000-7fe483a75000 r--s 00000000 08:15 554459                     /var/cache/fontconfig/0d8c3b2ac0904cb8a57a757ad11a4a08-le64.cache-3
7fe483a75000-7fe483a76000 r--s 00000000 08:15 554454                     /var/cache/fontconfig/6a53c69dea097a2d716e069445527da8-le64.cache-3
7fe483a76000-7fe483a7b000 r--s 00000000 08:15 554453                     /var/cache/fontconfig/062808c12e6e608270f93bb230aed730-le64.cache-3
7fe483a7b000-7fe483a81000 r--s 00000000 08:15 554429                     /var/cache/fontconfig/a755afe4a08bf5b97852ceb7400b47bc-le64.cache-3
7fe483a81000-7fe483a86000 r--s 00000000 08:15 554452                     /var/cache/fontconfig/515ca1ebc4b18308bea979be5704f9db-le64.cache-3
7fe483a86000-7fe483a8f000 r--s 00000000 08:15 554448                     /var/cache/fontconfig/6d41288fd70b0be22e8c3a91e032eec0-le64.cache-3
7fe483a8f000-7fe483a9f000 r--s 00000000 08:15 554447                     /var/cache/fontconfig/0f34bcd4b6ee430af32735b75db7f02b-le64.cache-3
7fe483aa5000-7fe483aa9000 rw-s 93c0c000 00:05 11786                      /dev/nvidia0
7fe483aa9000-7fe483b27000 rw-p 00000000 00:00 0 
7fe483b27000-7fe483b2a000 ---p 00000000 00:00 0 
7fe483b2a000-7fe483c28000 rw-p 00000000 00:00 0 
7fe483c28000-7fe483c29000 r--s 00000000 08:15 532633                     /var/cache/fontconfig/26de28bc8622bbc1fb67fd234c21975f-le64.cache-3
7fe483c29000-7fe483c2a000 r--s 00000000 08:15 554485                     /var/cache/fontconfig/c05880de57d1f5e948fdfacc138775d9-le64.cache-3
7fe483c2a000-7fe483c33000 r--s 00000000 08:15 527845                     /var/cache/fontconfig/945677eb7aeaf62f1d50efc3fb3ec7d8-le64.cache-3
7fe483c33000-7fe483c35000 r--s 00000000 08:15 554480                     /var/cache/fontconfig/99e8ed0e538f840c565b6ed5dad60d56-le64.cache-3
7fe483c35000-7fe483c38000 r--s 00000000 08:15 554411                     /var/cache/fontconfig/f24b2111ab8703b4e963115a8cf14259-le64.cache-3
7fe483c38000-7fe483c3b000 r--s 00000000 08:15 554479                     /var/cache/fontconfig/e383d7ea5fbe662a33d9b44caf393297-le64.cache-3
7fe483c3b000-7fe483c3e000 r--s 00000000 08:15 554477                     /var/cache/fontconfig/2cd17615ca594fa2959ae173292e504c-le64.cache-3
7fe483c3e000-7fe483c3f000 r--s 00000000 08:15 554471                     /var/cache/fontconfig/e7071f4a29fa870f4323321c154eba04-le64.cache-3
7fe483c3f000-7fe483c43000 r--s 00000000 08:15 554470                     /var/cache/fontconfig/6eb3985aa4124903f6ff08ba781cd364-le64.cache-3
7fe483c43000-7fe483c44000 r--s 00000000 08:15 554466                     /var/cache/fontconfig/4c73fe0c47614734b17d736dbde7580a-le64.cache-3
7fe483c44000-7fe483c45000 r--s 00000000 08:15 554459                     /var/cache/fontconfig/0d8c3b2ac0904cb8a57a757ad11a4a08-le64.cache-3
7fe483c45000-7fe483c46000 r--s 00000000 08:15 554454                     /var/cache/fontconfig/6a53c69dea097a2d716e069445527da8-le64.cache-3
7fe483c46000-7fe483c4b000 r--s 00000000 08:15 554453                     /var/cache/fontconfig/062808c12e6e608270f93bb230aed730-le64.cache-3
7fe483c4b000-7fe483c51000 r--s 00000000 08:15 554429                     /var/cache/fontconfig/a755afe4a08bf5b97852ceb7400b47bc-le64.cache-3
7fe483c51000-7fe483c56000 r--s 00000000 08:15 554452                     /var/cache/fontconfig/515ca1ebc4b18308bea979be5704f9db-le64.cache-3
7fe483c56000-7fe483c5f000 r--s 00000000 08:15 554448                     /var/cache/fontconfig/6d41288fd70b0be22e8c3a91e032eec0-le64.cache-3
7fe483c5f000-7fe483c6f000 r--s 00000000 08:15 554447                     /var/cache/fontconfig/0f34bcd4b6ee430af32735b75db7f02b-le64.cache-3
7fe483c6f000-7fe483c9d000 r--s 00000000 08:15 554435                     /var/cache/fontconfig/365b55f210c0a22e9a19e35191240f32-le64.cache-3
7fe483c9d000-7fe483c9f000 rw-s 00000000 08:15 523676                     /tmp/glZ4BIXM (deleted)
7fe483c9f000-7fe483ca0000 rw-s e0005000 00:05 11786                      /dev/nvidia0
7fe483ca0000-7fe483ca8000 r-xp 00000000 08:15 1581969                    /usr/lib/x86_64-linux-gnu/libXrandr.so.2.2.0
7fe483ca8000-7fe483ea7000 ---p 00008000 08:15 1581969                    /usr/lib/x86_64-linux-gnu/libXrandr.so.2.2.0
7fe483ea7000-7fe483ea8000 r--p 00007000 08:15 1581969                    /usr/lib/x86_64-linux-gnu/libXrandr.so.2.2.0
7fe483ea8000-7fe483ea9000 rw-p 00008000 08:15 1581969                    /usr/lib/x86_64-linux-gnu/libXrandr.so.2.2.0
7fe483ea9000-7fe483eaa000 rw-s 93c0d000 00:05 11786                      /dev/nvidia0
7fe483eaa000-7fe483eae000 rw-s d2fe1000 00:05 11786                      /dev/nvidia0
7fe483eae000-7fe483eaf000 rw-s f8c08000 00:05 11786                      /dev/nvidia0
7fe483eaf000-7fe483eb0000 rw-s f8641000 00:05 11786                      /dev/nvidia0
7fe483eb0000-7fe483eb1000 rw-s 3644b000 00:05 11786                      /dev/nvidia0
7fe483eb1000-7fe483eb2000 rw-s c0c7e000 00:05 11786                      /dev/nvidia0
7fe483eb2000-7fe483eb3000 rw-s f8060000 00:05 11786                      /dev/nvidia0
7fe483eb3000-7fe483ece000 rw-s d2cc0000 00:05 11786                      /dev/nvidia0
7fe483ece000-7fe483ed5000 r--s 000fb000 08:15 1597348                    /usr/lib/jvm/java-6-openjdk/jre/lib/resources.jar
7fe483ed5000-7fe483ed8000 r--s 00000000 08:15 554441                     /var/cache/fontconfig/d60319d88cac85ba9e1a07bd06cfbb8c-le64.cache-3
7fe483ed8000-7fe483eeb000 r--s 00000000 08:15 538224                     /var/cache/fontconfig/e13b20fdb08344e0e664864cc2ede53d-le64.cache-3
7fe483eeb000-7fe483eff000 r--s 00000000 08:15 527842                     /var/cache/fontconfig/865f88548240fee46819705c6468c165-le64.cache-3
7fe483eff000-7fe483f02000 ---p 00000000 00:00 0 
7fe483f02000-7fe484000000 rw-p 00000000 00:00 0 
7fe484000000-7fe485465000 rw-p 00000000 00:00 0 
7fe485465000-7fe488000000 ---p 00000000 00:00 0 
7fe488000000-7fe488001000 r--p 00000000 00:00 0 
7fe488001000-7fe48800b000 r--s 00000000 08:15 554433                     /var/cache/fontconfig/d52a8644073d54c13679302ca1180695-le64.cache-3
7fe48800b000-7fe48800f000 r--s 00000000 08:15 538228                     /var/cache/fontconfig/7ef2298fde41cc6eeb7af42e48b7d293-le64.cache-3
7fe48800f000-7fe48803d000 r--s 00000000 08:15 554435                     /var/cache/fontconfig/365b55f210c0a22e9a19e35191240f32-le64.cache-3
7fe48803d000-7fe488047000 r--s 00000000 08:15 554433                     /var/cache/fontconfig/d52a8644073d54c13679302ca1180695-le64.cache-3
7fe488047000-7fe48804a000 ---p 00000000 00:00 0 
7fe48804a000-7fe488148000 rw-p 00000000 00:00 0 
7fe488148000-7fe4881db000 r-xp 00000000 08:15 1572891                    /usr/lib/x86_64-linux-gnu/libfreetype.so.6.6.2
7fe4881db000-7fe4883da000 ---p 00093000 08:15 1572891                    /usr/lib/x86_64-linux-gnu/libfreetype.so.6.6.2
7fe4883da000-7fe4883e0000 r--p 00092000 08:15 1572891                    /usr/lib/x86_64-linux-gnu/libfreetype.so.6.6.2
7fe4883e0000-7fe4883e1000 rw-p 00098000 08:15 1572891                    /usr/lib/x86_64-linux-gnu/libfreetype.so.6.6.2
7fe4883e1000-7fe48841a000 r-xp 00000000 08:15 1597379                    /usr/lib/jvm/java-6-openjdk/jre/lib/amd64/libfontmanager.so
7fe48841a000-7fe488619000 ---p 00039000 08:15 1597379                    /usr/lib/jvm/java-6-openjdk/jre/lib/amd64/libfontmanager.so
7fe488619000-7fe48861b000 r--p 00038000 08:15 1597379                    /usr/lib/jvm/java-6-openjdk/jre/lib/amd64/libfontmanager.so
7fe48861b000-7fe48861c000 rw-p 0003a000 08:15 1597379                    /usr/lib/jvm/java-6-openjdk/jre/lib/amd64/libfontmanager.so
7fe48861c000-7fe488621000 r-xp 00000000 08:15 1573561                    /usr/lib/x86_64-linux-gnu/libXdmcp.so.6.0.0
7fe488621000-7fe488820000 ---p 00005000 08:15 1573561                    /usr/lib/x86_64-linux-gnu/libXdmcp.so.6.0.0
7fe488820000-7fe488821000 r--p 00004000 08:15 1573561                    /usr/lib/x86_64-linux-gnu/libXdmcp.so.6.0.0
7fe488821000-7fe488822000 rw-p 00005000 08:15 1573561                    /usr/lib/x86_64-linux-gnu/libXdmcp.so.6.0.0
7fe488822000-7fe488824000 r-xp 00000000 08:15 1570542                    /usr/lib/x86_64-linux-gnu/libXau.so.6.0.0
7fe488824000-7fe488a23000 ---p 00002000 08:15 1570542                    /usr/lib/x86_64-linux-gnu/libXau.so.6.0.0
7fe488a23000-7fe488a24000 r--p 00001000 08:15 1570542                    /usr/lib/x86_64-linux-gnu/libXau.so.6.0.0
7fe488a24000-7fe488a25000 rw-p 00002000 08:15 1570542                    /usr/lib/x86_64-linux-gnu/libXau.so.6.0.0
7fe488a25000-7fe488a40000 r-xp 00000000 08:15 1572615                    /usr/lib/x86_64-linux-gnu/libxcb.so.1.1.0
7fe488a40000-7fe488c3f000 ---p 0001b000 08:15 1572615                    /usr/lib/x86_64-linux-gnu/libxcb.so.1.1.0
7fe488c3f000-7fe488c40000 r--p 0001a000 08:15 1572615                    /usr/lib/x86_64-linux-gnu/libxcb.so.1.1.0
7fe488c40000-7fe488c41000 rw-p 0001b000 08:15 1572615                    /usr/lib/x86_64-linux-gnu/libxcb.so.1.1.0
7fe488c41000-7fe488c50000 r-xp 00000000 08:15 1613065                    /usr/lib/x86_64-linux-gnu/libXi.so.6.1.0
7fe488c50000-7fe488e4f000 ---p 0000f000 08:15 1613065                    /usr/lib/x86_64-linux-gnu/libXi.so.6.1.0
7fe488e4f000-7fe488e50000 r--p 0000e000 08:15 1613065                    /usr/lib/x86_64-linux-gnu/libXi.so.6.1.0
7fe488e50000-7fe488e51000 rw-p 0000f000 08:15 1613065                    /usr/lib/x86_64-linux-gnu/libXi.so.6.1.0
7fe488e51000-7fe488e56000 r-xp 00000000 08:15 1572606                    /usr/lib/libXtst.so.6.1.0
7fe488e56000-7fe489055000 ---p 00005000 08:15 1572606                    /usr/lib/libXtst.so.6.1.0
7fe489055000-7fe489056000 r--p 00004000 08:15 1572606                    /usr/lib/libXtst.so.6.1.0
7fe489056000-7fe489057000 rw-p 00005000 08:15 1572606                    /usr/lib/libXtst.so.6.1.0
7fe489057000-7fe489060000 r-xp 00000000 08:15 1570620                    /usr/lib/x86_64-linux-gnu/libXrender.so.1.3.0
7fe489060000-7fe489260000 ---p 00009000 08:15 1570620                    /usr/lib/x86_64-linux-gnu/libXrender.so.1.3.0
7fe489260000-7fe489261000 r--p 00009000 08:15 1570620                    /usr/lib/x86_64-linux-gnu/libXrender.so.1.3.0
7fe489261000-7fe489262000 rw-p 0000a000 08:15 1570620                    /usr/lib/x86_64-linux-gnu/libXrender.so.1.3.0
7fe489262000-7fe489397000 r-xp 00000000 08:15 1573591                    /usr/lib/x86_64-linux-gnu/libX11.so.6.3.0
7fe489397000-7fe489597000 ---p 00135000 08:15 1573591                    /usr/lib/x86_64-linux-gnu/libX11.so.6.3.0
7fe489597000-7fe489598000 r--p 00135000 08:15 1573591                    /usr/lib/x86_64-linux-gnu/libX11.so.6.3.0
7fe489598000-7fe48959c000 rw-p 00136000 08:15 1573591                    /usr/lib/x86_64-linux-gnu/libX11.so.6.3.0
7fe48959c000-7fe4895ad000 r-xp 00000000 08:15 1571673                    /usr/lib/x86_64-linux-gnu/libXext.so.6.4.0
7fe4895ad000-7fe4897ac000 ---p 00011000 08:15 1571673                    /usr/lib/x86_64-linux-gnu/libXext.so.6.4.0
7fe4897ac000-7fe4897ad000 r--p 00010000 08:15 1571673                    /usr/lib/x86_64-linux-gnu/libXext.so.6.4.0
7fe4897ad000-7fe4897ae000 rw-p 00011000 08:15 1571673                    /usr/lib/x86_64-linux-gnu/libXext.so.6.4.0
7fe4897ae000-7fe4897af000 r--s 00000000 08:15 529070                     /var/cache/fontconfig/4794a0821666d79190d59a36cb4f44b5-le64.cache-3
7fe4897af000-7fe4897b0000 r--s 00000000 08:15 554418                     /var/cache/fontconfig/ec648e9a1aea82bddd4bd6050028158d-le64.cache-3
7fe4897b0000-7fe4897b3000 r--s 00000000 08:15 554441                     /var/cache/fontconfig/d60319d88cac85ba9e1a07bd06cfbb8c-le64.cache-3
7fe4897b3000-7fe4897c6000 r--s 00000000 08:15 538224                     /var/cache/fontconfig/e13b20fdb08344e0e664864cc2ede53d-le64.cache-3
7fe4897c6000-7fe4897da000 r--s 00000000 08:15 527842                     /var/cache/fontconfig/865f88548240fee46819705c6468c165-le64.cache-3
7fe4897da000-7fe489825000 r-xp 00000000 08:15 1597420                    /usr/lib/jvm/java-6-openjdk/jre/lib/amd64/xawt/libmawt.so
7fe489825000-7fe489a25000 ---p 0004b000 08:15 1597420                    /usr/lib/jvm/java-6-openjdk/jre/lib/amd64/xawt/libmawt.so
7fe489a25000-7fe489a26000 r--p 0004b000 08:15 1597420                    /usr/lib/jvm/java-6-openjdk/jre/lib/amd64/xawt/libmawt.so
7fe489a26000-7fe489a29000 rw-p 0004c000 08:15 1597420                    /usr/lib/jvm/java-6-openjdk/jre/lib/amd64/xawt/libmawt.so
7fe489a29000-7fe489a2a000 rw-p 00000000 00:00 0 
7fe489a2a000-7fe489ad3000 r-xp 00000000 08:15 1597388                    /usr/lib/jvm/java-6-openjdk/jre/lib/amd64/libawt.so
7fe489ad3000-7fe489cd2000 ---p 000a9000 08:15 1597388                    /usr/lib/jvm/java-6-openjdk/jre/lib/amd64/libawt.so
7fe489cd2000-7fe489cd3000 r--p 000a8000 08:15 1597388                    /usr/lib/jvm/java-6-openjdk/jre/lib/amd64/libawt.so
7fe489cd3000-7fe489cde000 rw-p 000a9000 08:15 1597388                    /usr/lib/jvm/java-6-openjdk/jre/lib/amd64/libawt.so
7fe489cde000-7fe489d03000 rw-p 00000000 00:00 0 
7fe489d03000-7fe489d14000 r--s 0011a000 08:15 1339891                    /home/bompo/git/mgcube/libs/gdx-backend-lwjgl.jar
7fe489d14000-7fe489d15000 ---p 00000000 00:00 0 
7fe489d15000-7fe489e15000 rw-p 00000000 00:00 0 
7fe489e15000-7fe489e18000 ---p 00000000 00:00 0 
7fe489e18000-7fe489f16000 rw-p 00000000 00:00 0 
7fe489f16000-7fe489f19000 ---p 00000000 00:00 0 
7fe489f19000-7fe48a017000 rw-p 00000000 00:00 0 
7fe48a017000-7fe48a01a000 ---p 00000000 00:00 0 
7fe48a01a000-7fe48a118000 rw-p 00000000 00:00 0 
7fe48a118000-7fe48a520000 r--p 00000000 08:15 1570348                    /usr/lib/locale/locale-archive
7fe48a520000-7fe48a523000 ---p 00000000 00:00 0 
7fe48a523000-7fe48a621000 rw-p 00000000 00:00 0 
7fe48a621000-7fe48a624000 ---p 00000000 00:00 0 
7fe48a624000-7fe48a722000 rw-p 00000000 00:00 0 
7fe48a722000-7fe48a723000 ---p 00000000 00:00 0 
7fe48a723000-7fe48ad5b000 rw-p 00000000 00:00 0 
7fe48ad5b000-7fe48aeeb000 r--s 037af000 08:15 1597397                    /usr/lib/jvm/java-6-openjdk/jre/lib/rt.jar
7fe48aeeb000-7fe48af13000 rw-p 00000000 00:00 0 
7fe48af13000-7fe48af14000 ---p 00000000 00:00 0 
7fe48af14000-7fe48b014000 rw-p 00000000 00:00 0 
7fe48b014000-7fe48b015000 ---p 00000000 00:00 0 
7fe48b015000-7fe48b115000 rw-p 00000000 00:00 0 
7fe48b115000-7fe48b116000 ---p 00000000 00:00 0 
7fe48b116000-7fe48b216000 rw-p 00000000 00:00 0 
7fe48b216000-7fe48b217000 ---p 00000000 00:00 0 
7fe48b217000-7fe48b322000 rw-p 00000000 00:00 0 
7fe48b322000-7fe48b36a000 rw-p 00000000 00:00 0 
7fe48b36a000-7fe48b37f000 rw-p 00000000 00:00 0 
7fe48b37f000-7fe48b4b2000 rw-p 00000000 00:00 0 
7fe48b4b2000-7fe48b4bd000 rw-p 00000000 00:00 0 
7fe48b4bd000-7fe48b505000 rw-p 00000000 00:00 0 
7fe48b505000-7fe48b51a000 rw-p 00000000 00:00 0 
7fe48b51a000-7fe48b64c000 rw-p 00000000 00:00 0 
7fe48b64c000-7fe48b657000 rw-p 00000000 00:00 0 
7fe48b657000-7fe48b6f0000 rw-p 00000000 00:00 0 
7fe48b6f0000-7fe48b6f1000 rw-p 00000000 00:00 0 
7fe48b6f1000-7fe48b961000 rwxp 00000000 00:00 0 
7fe48b961000-7fe48e6f1000 rw-p 00000000 00:00 0 
7fe48e6f1000-7fe48e6f8000 r-xp 00000000 08:15 1597383                    /usr/lib/jvm/java-6-openjdk/jre/lib/amd64/libzip.so
7fe48e6f8000-7fe48e8f7000 ---p 00007000 08:15 1597383                    /usr/lib/jvm/java-6-openjdk/jre/lib/amd64/libzip.so
7fe48e8f7000-7fe48e8f8000 r--p 00006000 08:15 1597383                    /usr/lib/jvm/java-6-openjdk/jre/lib/amd64/libzip.so
7fe48e8f8000-7fe48e8f9000 rw-p 00007000 08:15 1597383                    /usr/lib/jvm/java-6-openjdk/jre/lib/amd64/libzip.so
7fe48e8f9000-7fe48e905000 r-xp 00000000 08:15 535712                     /lib/x86_64-linux-gnu/libnss_files-2.13.so
7fe48e905000-7fe48eb04000 ---p 0000c000 08:15 535712                     /lib/x86_64-linux-gnu/libnss_files-2.13.so
7fe48eb04000-7fe48eb05000 r--p 0000b000 08:15 535712                     /lib/x86_64-linux-gnu/libnss_files-2.13.so
7fe48eb05000-7fe48eb06000 rw-p 0000c000 08:15 535712                     /lib/x86_64-linux-gnu/libnss_files-2.13.so
7fe48eb06000-7fe48eb11000 r-xp 00000000 08:15 535714                     /lib/x86_64-linux-gnu/libnss_nis-2.13.so
7fe48eb11000-7fe48ed10000 ---p 0000b000 08:15 535714                     /lib/x86_64-linux-gnu/libnss_nis-2.13.so
7fe48ed10000-7fe48ed11000 r--p 0000a000 08:15 535714                     /lib/x86_64-linux-gnu/libnss_nis-2.13.so
7fe48ed11000-7fe48ed12000 rw-p 0000b000 08:15 535714                     /lib/x86_64-linux-gnu/libnss_nis-2.13.so
7fe48ed12000-7fe48ed1a000 r-xp 00000000 08:15 535710                     /lib/x86_64-linux-gnu/libnss_compat-2.13.so
7fe48ed1a000-7fe48ef19000 ---p 00008000 08:15 535710                     /lib/x86_64-linux-gnu/libnss_compat-2.13.so
7fe48ef19000-7fe48ef1a000 r--p 00007000 08:15 535710                     /lib/x86_64-linux-gnu/libnss_compat-2.13.so
7fe48ef1a000-7fe48ef1b000 rw-p 00008000 08:15 535710                     /lib/x86_64-linux-gnu/libnss_compat-2.13.so
7fe48ef1b000-7fe48ef32000 r-xp 00000000 08:15 535709                     /lib/x86_64-linux-gnu/libnsl-2.13.so
7fe48ef32000-7fe48f131000 ---p 00017000 08:15 535709                     /lib/x86_64-linux-gnu/libnsl-2.13.so
7fe48f131000-7fe48f132000 r--p 00016000 08:15 535709                     /lib/x86_64-linux-gnu/libnsl-2.13.so
7fe48f132000-7fe48f133000 rw-p 00017000 08:15 535709                     /lib/x86_64-linux-gnu/libnsl-2.13.so
7fe48f133000-7fe48f135000 rw-p 00000000 00:00 0 
7fe48f135000-7fe48f161000 r-xp 00000000 08:15 1597382                    /usr/lib/jvm/java-6-openjdk/jre/lib/amd64/libjava.so
7fe48f161000-7fe48f360000 ---p 0002c000 08:15 1597382                    /usr/lib/jvm/java-6-openjdk/jre/lib/amd64/libjava.so
7fe48f360000-7fe48f361000 r--p 0002b000 08:15 1597382                    /usr/lib/jvm/java-6-openjdk/jre/lib/amd64/libjava.so
7fe48f361000-7fe48f364000 rw-p 0002c000 08:15 1597382                    /usr/lib/jvm/java-6-openjdk/jre/lib/amd64/libjava.so
7fe48f364000-7fe48f372000 r-xp 00000000 08:15 1597368                    /usr/lib/jvm/java-6-openjdk/jre/lib/amd64/libverify.so
7fe48f372000-7fe48f571000 ---p 0000e000 08:15 1597368                    /usr/lib/jvm/java-6-openjdk/jre/lib/amd64/libverify.so
7fe48f571000-7fe48f573000 r--p 0000d000 08:15 1597368                    /usr/lib/jvm/java-6-openjdk/jre/lib/amd64/libverify.so
7fe48f573000-7fe48f574000 rw-p 0000f000 08:15 1597368                    /usr/lib/jvm/java-6-openjdk/jre/lib/amd64/libverify.so
7fe48f574000-7fe48f57b000 r-xp 00000000 08:15 535724                     /lib/x86_64-linux-gnu/librt-2.13.so
7fe48f57b000-7fe48f77a000 ---p 00007000 08:15 535724                     /lib/x86_64-linux-gnu/librt-2.13.so
7fe48f77a000-7fe48f77b000 r--p 00006000 08:15 535724                     /lib/x86_64-linux-gnu/librt-2.13.so
7fe48f77b000-7fe48f77c000 rw-p 00007000 08:15 535724                     /lib/x86_64-linux-gnu/librt-2.13.so
7fe48f77c000-7fe48f791000 r-xp 00000000 08:15 528127                     /lib/x86_64-linux-gnu/libgcc_s.so.1
7fe48f791000-7fe48f990000 ---p 00015000 08:15 528127                     /lib/x86_64-linux-gnu/libgcc_s.so.1
7fe48f990000-7fe48f991000 r--p 00014000 08:15 528127                     /lib/x86_64-linux-gnu/libgcc_s.so.1
7fe48f991000-7fe48f992000 rw-p 00015000 08:15 528127                     /lib/x86_64-linux-gnu/libgcc_s.so.1
7fe48f992000-7fe48fa16000 r-xp 00000000 08:15 535703                     /lib/x86_64-linux-gnu/libm-2.13.so
7fe48fa16000-7fe48fc15000 ---p 00084000 08:15 535703                     /lib/x86_64-linux-gnu/libm-2.13.so
7fe48fc15000-7fe48fc16000 r--p 00083000 08:15 535703                     /lib/x86_64-linux-gnu/libm-2.13.so
7fe48fc16000-7fe48fc17000 rw-p 00084000 08:15 535703                     /lib/x86_64-linux-gnu/libm-2.13.so
7fe48fc17000-7fe48fcff000 r-xp 00000000 08:15 1571250                    /usr/lib/x86_64-linux-gnu/libstdc++.so.6.0.14
7fe48fcff000-7fe48fefe000 ---p 000e8000 08:15 1571250                    /usr/lib/x86_64-linux-gnu/libstdc++.so.6.0.14
7fe48fefe000-7fe48ff06000 r--p 000e7000 08:15 1571250                    /usr/lib/x86_64-linux-gnu/libstdc++.so.6.0.14
7fe48ff06000-7fe48ff08000 rw-p 000ef000 08:15 1571250                    /usr/lib/x86_64-linux-gnu/libstdc++.so.6.0.14
7fe48ff08000-7fe48ff1d000 rw-p 00000000 00:00 0 
7fe48ff1d000-7fe490872000 r-xp 00000000 08:15 1597385                    /usr/lib/jvm/java-6-openjdk/jre/lib/amd64/server/libjvm.so
7fe490872000-7fe490a71000 ---p 00955000 08:15 1597385                    /usr/lib/jvm/java-6-openjdk/jre/lib/amd64/server/libjvm.so
7fe490a71000-7fe490af2000 r--p 00954000 08:15 1597385                    /usr/lib/jvm/java-6-openjdk/jre/lib/amd64/server/libjvm.so
7fe490af2000-7fe490b0d000 rw-p 009d5000 08:15 1597385                    /usr/lib/jvm/java-6-openjdk/jre/lib/amd64/server/libjvm.so
7fe490b0d000-7fe490b36000 rw-p 00000000 00:00 0 
7fe490b36000-7fe490cc0000 r-xp 00000000 08:15 535697                     /lib/x86_64-linux-gnu/libc-2.13.so
7fe490cc0000-7fe490ebf000 ---p 0018a000 08:15 535697                     /lib/x86_64-linux-gnu/libc-2.13.so
7fe490ebf000-7fe490ec3000 r--p 00189000 08:15 535697                     /lib/x86_64-linux-gnu/libc-2.13.so
7fe490ec3000-7fe490ec4000 rw-p 0018d000 08:15 535697                     /lib/x86_64-linux-gnu/libc-2.13.so
7fe490ec4000-7fe490eca000 rw-p 00000000 00:00 0 
7fe490eca000-7fe490ecc000 r-xp 00000000 08:15 535702                     /lib/x86_64-linux-gnu/libdl-2.13.so
7fe490ecc000-7fe4910cc000 ---p 00002000 08:15 535702                     /lib/x86_64-linux-gnu/libdl-2.13.so
7fe4910cc000-7fe4910cd000 r--p 00002000 08:15 535702                     /lib/x86_64-linux-gnu/libdl-2.13.so
7fe4910cd000-7fe4910ce000 rw-p 00003000 08:15 535702                     /lib/x86_64-linux-gnu/libdl-2.13.so
7fe4910ce000-7fe4910d2000 r-xp 00000000 08:15 1597366                    /usr/lib/jvm/java-6-openjdk/jre/lib/amd64/jli/libjli.so
7fe4910d2000-7fe4912d1000 ---p 00004000 08:15 1597366                    /usr/lib/jvm/java-6-openjdk/jre/lib/amd64/jli/libjli.so
7fe4912d1000-7fe4912d2000 r--p 00003000 08:15 1597366                    /usr/lib/jvm/java-6-openjdk/jre/lib/amd64/jli/libjli.so
7fe4912d2000-7fe4912d3000 rw-p 00004000 08:15 1597366                    /usr/lib/jvm/java-6-openjdk/jre/lib/amd64/jli/libjli.so
7fe4912d3000-7fe4912eb000 r-xp 00000000 08:15 535718                     /lib/x86_64-linux-gnu/libpthread-2.13.so
7fe4912eb000-7fe4914eb000 ---p 00018000 08:15 535718                     /lib/x86_64-linux-gnu/libpthread-2.13.so
7fe4914eb000-7fe4914ec000 r--p 00018000 08:15 535718                     /lib/x86_64-linux-gnu/libpthread-2.13.so
7fe4914ec000-7fe4914ed000 rw-p 00019000 08:15 535718                     /lib/x86_64-linux-gnu/libpthread-2.13.so
7fe4914ed000-7fe4914f1000 rw-p 00000000 00:00 0 
7fe4914f1000-7fe491508000 r-xp 00000000 08:15 535781                     /lib/x86_64-linux-gnu/libz.so.1.2.3.4
7fe491508000-7fe491707000 ---p 00017000 08:15 535781                     /lib/x86_64-linux-gnu/libz.so.1.2.3.4
7fe491707000-7fe491708000 r--p 00016000 08:15 535781                     /lib/x86_64-linux-gnu/libz.so.1.2.3.4
7fe491708000-7fe491709000 rw-p 00017000 08:15 535781                     /lib/x86_64-linux-gnu/libz.so.1.2.3.4
7fe491709000-7fe49172a000 r-xp 00000000 08:15 535673                     /lib/x86_64-linux-gnu/ld-2.13.so
7fe49172a000-7fe49172b000 r--s 00000000 08:15 1340105                    /home/bompo/.fontconfig/aa7e4f27e681240d22a1f116cf7520f0-le64.cache-3
7fe49172b000-7fe49172f000 r--s 00000000 08:15 538228                     /var/cache/fontconfig/7ef2298fde41cc6eeb7af42e48b7d293-le64.cache-3
7fe49172f000-7fe491730000 r--s 00007000 08:15 1326708                    /home/bompo/git/mgcube/libs/gdx-backend-lwjgl-sources.jar
7fe491730000-7fe491731000 r--s 00127000 08:15 1315805                    /home/bompo/git/mgcube/libs/gdx-backend-lwjgl-natives.jar
7fe491731000-7fe491735000 r--s 0007c000 08:15 1597316                    /usr/lib/jvm/java-6-openjdk/jre/lib/jsse.jar
7fe491735000-7fe49173f000 rw-p 00000000 00:00 0 
7fe49173f000-7fe4917f5000 rw-p 00000000 00:00 0 
7fe4917f5000-7fe4917f8000 ---p 00000000 00:00 0 
7fe4917f8000-7fe4918fb000 rw-p 00000000 00:00 0 
7fe4918fb000-7fe4918fc000 r--s 00000000 08:15 529070                     /var/cache/fontconfig/4794a0821666d79190d59a36cb4f44b5-le64.cache-3
7fe4918fc000-7fe4918fd000 r--s 00000000 08:15 554418                     /var/cache/fontconfig/ec648e9a1aea82bddd4bd6050028158d-le64.cache-3
7fe4918fd000-7fe4918fe000 r--s 00000000 08:15 1340105                    /home/bompo/.fontconfig/aa7e4f27e681240d22a1f116cf7520f0-le64.cache-3
7fe4918fe000-7fe491909000 r--s 00096000 08:15 1339890                    /home/bompo/git/mgcube/libs/gdx.jar
7fe491909000-7fe491911000 r--s 0007b000 08:15 1339556                    /home/bompo/git/mgcube/libs/gdx-sources.jar
7fe491911000-7fe491912000 r--s 001a8000 08:15 1328895                    /home/bompo/git/mgcube/libs/gdx-natives.jar
7fe491912000-7fe49191a000 r--s 00066000 08:15 1721290                    /usr/share/java/gnome-java-bridge.jar
7fe49191a000-7fe49191d000 r--s 0000f000 08:15 1597341                    /usr/lib/jvm/java-6-openjdk/jre/lib/ext/pulse-java.jar
7fe49191d000-7fe491925000 rw-s 00000000 08:15 529641                     /tmp/hsperfdata_bompo/28217
7fe491925000-7fe491926000 rw-p 00000000 00:00 0 
7fe491926000-7fe491927000 r--p 00000000 00:00 0 
7fe491927000-7fe491929000 rw-p 00000000 00:00 0 
7fe491929000-7fe49192a000 r--p 00020000 08:15 535673                     /lib/x86_64-linux-gnu/ld-2.13.so
7fe49192a000-7fe49192c000 rw-p 00021000 08:15 535673                     /lib/x86_64-linux-gnu/ld-2.13.so
7fff18231000-7fff18252000 rw-p 00000000 00:00 0                          [stack]
7fff18360000-7fff18361000 r-xp 00000000 00:00 0                          [vdso]
ffffffffff600000-ffffffffff601000 r-xp 00000000 00:00 0                  [vsyscall]

VM Arguments:
jvm_args: -Dfile.encoding=UTF-8 
java_command: de.swagner.mgcube.DesktopStarter
Launcher Type: SUN_STANDARD

Environment Variables:
PATH=/usr/local/sbin:/usr/local/bin:/usr/sbin:/usr/bin:/sbin:/bin:/usr/games
USERNAME=bompo
LD_LIBRARY_PATH=/usr/lib/jvm/java-6-openjdk/jre/lib/amd64/server:/usr/lib/jvm/java-6-openjdk/jre/lib/amd64:/usr/lib/jvm/java-6-openjdk/jre/../lib/amd64:/usr/lib64/xulrunner-addons
SHELL=/bin/bash
DISPLAY=:0.0

Signal Handlers:
SIGSEGV: [libjvm.so+0x7d0f60], sa_mask[0]=0x7ffbfeff, sa_flags=0x10000004
SIGBUS: [libjvm.so+0x7d0f60], sa_mask[0]=0x7ffbfeff, sa_flags=0x10000004
SIGFPE: [libjvm.so+0x683760], sa_mask[0]=0x7ffbfeff, sa_flags=0x10000004
SIGPIPE: [libjvm.so+0x683760], sa_mask[0]=0x7ffbfeff, sa_flags=0x10000004
SIGXFSZ: [libjvm.so+0x683760], sa_mask[0]=0x7ffbfeff, sa_flags=0x10000004
SIGILL: [libjvm.so+0x683760], sa_mask[0]=0x7ffbfeff, sa_flags=0x10000004
SIGUSR1: SIG_DFL, sa_mask[0]=0x00000000, sa_flags=0x00000000
SIGUSR2: [libjvm.so+0x683930], sa_mask[0]=0x00000004, sa_flags=0x10000004
SIGHUP: [libjvm.so+0x6862d0], sa_mask[0]=0x7ffbfeff, sa_flags=0x10000004
SIGINT: [libjvm.so+0x6862d0], sa_mask[0]=0x7ffbfeff, sa_flags=0x10000004
SIGTERM: [libjvm.so+0x6862d0], sa_mask[0]=0x7ffbfeff, sa_flags=0x10000004
SIGQUIT: [libjvm.so+0x6862d0], sa_mask[0]=0x7ffbfeff, sa_flags=0x10000004


---------------  S Y S T E M  ---------------

OS:Ubuntu 11.04 (natty)
uname:Linux 2.6.38-11-generic #47-Ubuntu SMP Fri Jul 15 19:27:09 UTC 2011 x86_64
libc:glibc 2.13 NPTL 2.13 
rlimit: STACK 8192k, CORE 0k, NPROC infinity, NOFILE 4096, AS infinity
load average:0.78 0.61 0.44

/proc/meminfo:
MemTotal:        4015564 kB
MemFree:          897800 kB
Buffers:          158196 kB
Cached:          1033964 kB
SwapCached:         1264 kB
Active:          1672644 kB
Inactive:         998760 kB
Active(anon):    1064380 kB
Inactive(anon):   423988 kB
Active(file):     608264 kB
Inactive(file):   574772 kB
Unevictable:         132 kB
Mlocked:             132 kB
SwapTotal:      19529724 kB
SwapFree:       19525596 kB
Dirty:              5272 kB
Writeback:             0 kB
AnonPages:       1478360 kB
Mapped:           163652 kB
Shmem:              9204 kB
Slab:             235596 kB
SReclaimable:     207972 kB
SUnreclaim:        27624 kB
KernelStack:        3632 kB
PageTables:        30180 kB
NFS_Unstable:          0 kB
Bounce:                0 kB
WritebackTmp:          0 kB
CommitLimit:    21537504 kB
Committed_AS:    3599812 kB
VmallocTotal:   34359738367 kB
VmallocUsed:      149336 kB
VmallocChunk:   34359565308 kB
HardwareCorrupted:     0 kB
HugePages_Total:       0
HugePages_Free:        0
HugePages_Rsvd:        0
HugePages_Surp:        0
Hugepagesize:       2048 kB
DirectMap4k:      241536 kB
DirectMap2M:     3911680 kB


CPU:total 4 (4 cores per cpu, 1 threads per core) family 6 model 30 stepping 5, cmov, cx8, fxsr, mmx, sse, sse2, sse3, ssse3, sse4.1, sse4.2, popcnt

Memory: 4k page, physical 4015564k(897800k free), swap 19529724k(19525596k free)

vm_info: OpenJDK 64-Bit Server VM (20.0-b11) for linux-amd64 JRE (1.6.0_22-b22), built on Jun 11 2011 05:56:16 by "buildd" with gcc 4.5.2

time: Tue Aug  2 00:06:11 2011
elapsed time: 86 seconds

