#
# A fatal error has been detected by the Java Runtime Environment:
#
#  SIGBUS (0x7) at pc=0x00007f55912ee110, pid=7826, tid=140005488944896
#
# JRE version: 6.0_22-b22
# Java VM: OpenJDK 64-Bit Server VM (20.0-b11 mixed mode linux-amd64 compressed oops)
# Derivative: IcedTea6 1.10.2
# Distribution: Ubuntu 11.04, package 6b22-1.10.2-0ubuntu1~11.04.1
# Problematic frame:
# 
[error occurred during error reporting (printing problematic frame), id 0x7]

# If you would like to submit a bug report, please include
# instructions how to reproduce the bug and visit:
#   https://bugs.launchpad.net/ubuntu/+source/openjdk-6/
# The crash happened outside the Java Virtual Machine in native code.
# See problematic frame for where to report the bug.
#

---------------  T H R E A D  ---------------

Current thread (0x00007f55942b1000):  JavaThread "LWJGL Application" [_thread_in_native, id=7854, stack(0x00007f55915f6000,0x00007f55916f7000)]

siginfo:si_signo=SIGBUS: si_errno=0, si_code=2 (BUS_ADRERR), si_addr=0x00007f55912ee110

Registers:
RAX=0x00000000ebeb6d18, RBX=0x00000000ebeb6cc8, RCX=0x00007f55916f57f8, RDX=0x00007f55916f57f0
RSP=0x00007f55916f57e8, RBP=0x00007f55916f5830, RSI=0x00007f55916f5820, RDI=0x00007f55942b11d0
R8 =0x00000000ebeb6dd0, R9 =0x00000000ebeb6d18, R10=0x00007f55993f1883, R11=0x00000000ebeb6e38
R12=0x0000000000000000, R13=0x00000000ebe07778, R14=0x00007f55916f5820, R15=0x00007f55942b1000
RIP=0x00007f55912ee110, EFLAGS=0x0000000000010246, CSGSFS=0x0000000000000033, ERR=0x0000000000000014
  TRAPNO=0x000000000000000e

Top of Stack: (sp=0x00007f55916f57e8)
0x00007f55916f57e8:   00007f55993f18f5 00000000ebeb6e38
0x00007f55916f57f8:   00000000ebeb6d80 00000000ebeb6d18
0x00007f55916f5808:   00007f55931f49b0 00000000b8c3ffa8
0x00007f55916f5818:   00007f559942b980 00000000b8d84bf0
0x00007f55916f5828:   00007f5599429e18 00000000ebeb6cc8
0x00007f55916f5838:   00007f559941d540 00007f55916f5870
0x00007f55916f5848:   00007fffb65ff7b2 00000000ebeb6bc0
0x00007f55916f5858:   0000000000000000 00000000ec887ab8
0x00007f55916f5868:   00000000ec9e9970 00000000ebe07778
0x00007f55916f5878:   00007f55994761e8 00007f55916f58b0
0x00007f55916f5888:   00007f559d121146 000000000000005a
0x00007f55916f5898:   00000000ec88d700 0000000000000009
0x00007f55916f58a8:   00000000ec88d700 0000000000000009
0x00007f55916f58b8:   000000000a1aaac7 00000000ec887a80
0x00007f55916f58c8:   00007f5599449c28 00000000ec887a80
0x00007f55916f58d8:   000001e000000320 00000000ec88d700
0x00007f55916f58e8:   00000000b896dc60 0000000000000000
0x00007f55916f58f8:   00007f55916f5938 0000000000000007
0x00007f55916f5908:   00007f559929f85a 0000000000000009
0x00007f55916f5918:   0000000000000000 00007f55916f5980
0x00007f55916f5928:   00007f559929f85a 0000000000000320
0x00007f55916f5938:   00000000ec887a80 00007f55916f5940
0x00007f55916f5948:   00000000b896ee69 00007f55916f5990
0x00007f55916f5958:   00000000b8977f30 0000000000000000
0x00007f55916f5968:   00000000b896ee80 00007f55916f5938
0x00007f55916f5978:   00007f55916f5990 00007f55916f59d8
0x00007f55916f5988:   00007f559929f85a 00000000ec887a80
0x00007f55916f5998:   00007f55916f5998 00000000b897522b
0x00007f55916f59a8:   00007f55916f59e8 00000000b8c1b638
0x00007f55916f59b8:   0000000000000000 00000000b8975248
0x00007f55916f59c8:   00007f55916f5990 00007f55916f59e8
0x00007f55916f59d8:   00007f55916f5a50 00007f559929a438 

Instructions: (pc=0x00007f55912ee110)
0x00007f55912ee0f0:   ff 90 f8 06 00 00 48 81 c4 b0 00 00 00 44 89 e0
0x00007f55912ee100:   5b 5d 41 5c c3 66 66 2e 0f 1f 84 00 00 00 00 00
0x00007f55912ee110:   41 56 41 55 49 89 d5 31 d2 4c 89 ee 41 54 49 89
0x00007f55912ee120:   cc 55 48 89 fd 53 48 83 ec 60 48 8b 07 ff 90 f0 

Register to memory mapping:

RAX=0x00000000ebeb6d18 is an oop
com.badlogic.gdx.math.Matrix4 
 - klass: 'com/badlogic/gdx/math/Matrix4'
RBX=0x00000000ebeb6cc8 is an oop
[F 
 - klass: {type array float}
 - length: 16
RCX=0x00007f55916f57f8 is pointing into the stack for thread: 0x00007f55942b1000
RDX=0x00007f55916f57f0 is pointing into the stack for thread: 0x00007f55942b1000
RSP=0x00007f55916f57e8 is pointing into the stack for thread: 0x00007f55942b1000
RBP=0x00007f55916f5830 is pointing into the stack for thread: 0x00007f55942b1000
RSI=0x00007f55916f5820 is pointing into the stack for thread: 0x00007f55942b1000
RDI=0x00007f55942b11d0 is an unknown value
R8 =0x00000000ebeb6dd0 is an oop
com.badlogic.gdx.math.Matrix4 
 - klass: 'com/badlogic/gdx/math/Matrix4'
R9 =0x00000000ebeb6d18 is an oop
com.badlogic.gdx.math.Matrix4 
 - klass: 'com/badlogic/gdx/math/Matrix4'
R10=0x00007f55993f1690 [CodeBlob (0x00007f55993f1690)]
Framesize: 10
R11=0x00000000ebeb6e38 is an oop
[F 
 - klass: {type array float}
 - length: 16
R12=0x0000000000000000 is an unknown value
R13=0x00000000ebe07778 is an oop
de.swagner.mgcube.EditorScreen 
 - klass: 'de/swagner/mgcube/EditorScreen'
R14=0x00007f55916f5820 is pointing into the stack for thread: 0x00007f55942b1000
R15=0x00007f55942b1000 is a thread


Stack: [0x00007f55915f6000,0x00007f55916f7000],  sp=0x00007f55916f57e8,  free space=1021k
Native frames: (J=compiled Java code, j=interpreted, Vv=VM code, C=native code)

[error occurred during error reporting (printing native stack), id 0x7]

Java frames: (J=compiled Java code, j=interpreted, Vv=VM code)
J  com.badlogic.gdx.math.Matrix4.mul([F[F)V
J  com.badlogic.gdx.graphics.PerspectiveCamera.update()V
J  de.swagner.mgcube.EditorScreen.render(F)V
J  com.badlogic.gdx.backends.lwjgl.LwjglApplication.mainLoop()V
j  com.badlogic.gdx.backends.lwjgl.LwjglApplication.access$000(Lcom/badlogic/gdx/backends/lwjgl/LwjglApplication;)V+1
j  com.badlogic.gdx.backends.lwjgl.LwjglApplication$1.run()V+27
v  ~StubRoutines::call_stub

---------------  P R O C E S S  ---------------

Java Threads: ( => current thread )
  0x00007f55942b7800 JavaThread "DestroyJavaVM" [_thread_blocked, id=7830, stack(0x00007f559f39e000,0x00007f559f49f000)]
=>0x00007f55942b1000 JavaThread "LWJGL Application" [_thread_in_native, id=7854, stack(0x00007f55915f6000,0x00007f55916f7000)]
  0x00007f559428a800 JavaThread "AWT-XAWT" daemon [_thread_in_native, id=7845, stack(0x00007f55916f7000,0x00007f55917f8000)]
  0x00007f5594100000 JavaThread "Java2D Disposer" daemon [_thread_blocked, id=7844, stack(0x00007f5591a58000,0x00007f5591b59000)]
  0x00007f5594085000 JavaThread "Low Memory Detector" daemon [_thread_blocked, id=7842, stack(0x00007f55937f4000,0x00007f55938f5000)]
  0x00007f5594082000 JavaThread "C2 CompilerThread1" daemon [_thread_blocked, id=7841, stack(0x00007f55938f5000,0x00007f55939f6000)]
  0x00007f559407f000 JavaThread "C2 CompilerThread0" daemon [_thread_blocked, id=7840, stack(0x00007f55939f6000,0x00007f5593af7000)]
  0x00007f559407e000 JavaThread "Signal Dispatcher" daemon [_thread_blocked, id=7839, stack(0x00007f5593af7000,0x00007f5593bf8000)]
  0x00007f559405f000 JavaThread "Finalizer" daemon [_thread_blocked, id=7838, stack(0x00007f55980c9000,0x00007f55981ca000)]
  0x00007f559405d000 JavaThread "Reference Handler" daemon [_thread_blocked, id=7837, stack(0x00007f55981ca000,0x00007f55982cb000)]

Other Threads:
  0x00007f5594056000 VMThread [stack: 0x00007f55982cb000,0x00007f55983cc000] [id=7836]
  0x00007f5594087800 WatcherThread [stack: 0x00007f55936f3000,0x00007f55937f4000] [id=7843]

VM state:not at safepoint (normal execution)

VM Mutex/Monitor currently owned by a thread: None

Heap
 PSYoungGen      total 18368K, used 9757K [0x00000000eb8b0000, 0x00000000ecd20000, 0x0000000100000000)
  eden space 15808K, 49% used [0x00000000eb8b0000,0x00000000ec04ce48,0x00000000ec820000)
  from space 2560K, 76% used [0x00000000ec820000,0x00000000eca0a8d8,0x00000000ecaa0000)
  to   space 2560K, 0% used [0x00000000ecaa0000,0x00000000ecaa0000,0x00000000ecd20000)
 PSOldGen        total 41856K, used 0K [0x00000000c2a00000, 0x00000000c52e0000, 0x00000000eb8b0000)
  object space 41856K, 0% used [0x00000000c2a00000,0x00000000c2a00000,0x00000000c52e0000)
 PSPermGen       total 21248K, used 12594K [0x00000000b8400000, 0x00000000b98c0000, 0x00000000c2a00000)
  object space 21248K, 59% used [0x00000000b8400000,0x00000000b904c860,0x00000000b98c0000)

Code Cache  [0x00007f559929a000, 0x00007f559950a000, 0x00007f559c29a000)
 total_blobs=912 nmethods=406 adapters=460 free_code_cache=48171456 largest_free_block=48896

Dynamic libraries:
00400000-00409000 r-xp 00000000 08:15 1597353                            /usr/lib/jvm/java-6-openjdk/jre/bin/java
00608000-00609000 r--p 00008000 08:15 1597353                            /usr/lib/jvm/java-6-openjdk/jre/bin/java
00609000-0060a000 rw-p 00009000 08:15 1597353                            /usr/lib/jvm/java-6-openjdk/jre/bin/java
025fd000-04bce000 rw-p 00000000 00:00 0                                  [heap]
40ec4000-40ec6000 r-xs 00000000 08:15 533232                             /tmp/glmvEmRL (deleted)
410b5000-4112f000 rw-p 00000000 00:00 0 
b8400000-b98c0000 rw-p 00000000 00:00 0 
b98c0000-c2a00000 rw-p 00000000 00:00 0 
c2a00000-c52e0000 rw-p 00000000 00:00 0 
c52e0000-eb8b0000 rw-p 00000000 00:00 0 
eb8b0000-ecd20000 rw-p 00000000 00:00 0 
ecd20000-100000000 rw-p 00000000 00:00 0 
7f55868f8000-7f5586978000 rw-s c08ce000 00:05 10798                      /dev/nvidia0
7f5586978000-7f5586a78000 rw-s 9a039000 00:05 10798                      /dev/nvidia0
7f5586a78000-7f5586b78000 rw-s ad8f4000 00:05 10798                      /dev/nvidia0
7f5586b78000-7f5586c78000 rw-s 70f4a000 00:05 10798                      /dev/nvidia0
7f5586c78000-7f5586c7a000 rw-s 00000000 08:15 533232                     /tmp/glmvEmRL (deleted)
7f5586c7a000-7f5586e7a000 rw-s 9a226000 00:05 10798                      /dev/nvidia0
7f5586e7a000-7f5586f7a000 rw-s adbb2000 00:05 10798                      /dev/nvidia0
7f5586f7a000-7f5587045000 rw-p 00000000 00:00 0 
7f5587082000-7f55870c2000 rw-s ad903000 00:05 10798                      /dev/nvidia0
7f55870c2000-7f5588697000 r-xp 00000000 08:15 1569894                    /usr/lib/libnvidia-glcore.so.275.21
7f5588697000-7f5588897000 ---p 015d5000 08:15 1569894                    /usr/lib/libnvidia-glcore.so.275.21
7f5588897000-7f5588ed2000 rwxp 015d5000 08:15 1569894                    /usr/lib/libnvidia-glcore.so.275.21
7f5588ed2000-7f5588eea000 rwxp 00000000 00:00 0 
7f5588eea000-7f5588eed000 r-xp 00000000 08:15 1570342                    /usr/lib/tls/libnvidia-tls.so.275.21
7f5588eed000-7f55890ec000 ---p 00003000 08:15 1570342                    /usr/lib/tls/libnvidia-tls.so.275.21
7f55890ec000-7f55890ed000 rw-p 00002000 08:15 1570342                    /usr/lib/tls/libnvidia-tls.so.275.21
7f55890ed000-7f55891ad000 r-xp 00000000 08:15 1570075                    /usr/lib/libGL.so.275.21
7f55891ad000-7f55893ac000 ---p 000c0000 08:15 1570075                    /usr/lib/libGL.so.275.21
7f55893ac000-7f55893e7000 rwxp 000bf000 08:15 1570075                    /usr/lib/libGL.so.275.21
7f55893e7000-7f55893fd000 rwxp 00000000 00:00 0 
7f55893fd000-7f5589400000 ---p 00000000 00:00 0 
7f5589400000-7f55894fe000 rw-p 00000000 00:00 0 
7f55894fe000-7f55894ff000 ---p 00000000 00:00 0 
7f55894ff000-7f5589cff000 rw-p 00000000 00:00 0 
7f5589cff000-7f558dd00000 rw-s 00000000 00:10 257016                     /dev/shm/pulse-shm-112438608
7f558dd00000-7f558dd01000 ---p 00000000 00:00 0 
7f558dd01000-7f558e501000 rw-p 00000000 00:00 0 
7f558e501000-7f558e507000 r-xp 00000000 08:15 1573092                    /usr/lib/libogg.so.0.7.0
7f558e507000-7f558e706000 ---p 00006000 08:15 1573092                    /usr/lib/libogg.so.0.7.0
7f558e706000-7f558e707000 r--p 00005000 08:15 1573092                    /usr/lib/libogg.so.0.7.0
7f558e707000-7f558e708000 rw-p 00006000 08:15 1573092                    /usr/lib/libogg.so.0.7.0
7f558e708000-7f558e733000 r-xp 00000000 08:15 1582648                    /usr/lib/libvorbis.so.0.4.5
7f558e733000-7f558e932000 ---p 0002b000 08:15 1582648                    /usr/lib/libvorbis.so.0.4.5
7f558e932000-7f558e933000 r--p 0002a000 08:15 1582648                    /usr/lib/libvorbis.so.0.4.5
7f558e933000-7f558e934000 rw-p 0002b000 08:15 1582648                    /usr/lib/libvorbis.so.0.4.5
7f558e934000-7f558ebe7000 r-xp 00000000 08:15 1573212                    /usr/lib/libvorbisenc.so.2.0.8
7f558ebe7000-7f558ede6000 ---p 002b3000 08:15 1573212                    /usr/lib/libvorbisenc.so.2.0.8
7f558ede6000-7f558ee02000 r--p 002b2000 08:15 1573212                    /usr/lib/libvorbisenc.so.2.0.8
7f558ee02000-7f558ee03000 rw-p 002ce000 08:15 1573212                    /usr/lib/libvorbisenc.so.2.0.8
7f558ee03000-7f558ee4b000 r-xp 00000000 08:15 1570101                    /usr/lib/libFLAC.so.8.2.0
7f558ee4b000-7f558f04b000 ---p 00048000 08:15 1570101                    /usr/lib/libFLAC.so.8.2.0
7f558f04b000-7f558f04c000 r--p 00048000 08:15 1570101                    /usr/lib/libFLAC.so.8.2.0
7f558f04c000-7f558f04d000 rw-p 00049000 08:15 1570101                    /usr/lib/libFLAC.so.8.2.0
7f558f04d000-7f558f0ae000 r-xp 00000000 08:15 1574433                    /usr/lib/libsndfile.so.1.0.23
7f558f0ae000-7f558f2ae000 ---p 00061000 08:15 1574433                    /usr/lib/libsndfile.so.1.0.23
7f558f2ae000-7f558f2b0000 r--p 00061000 08:15 1574433                    /usr/lib/libsndfile.so.1.0.23
7f558f2b0000-7f558f2b1000 rw-p 00063000 08:15 1574433                    /usr/lib/libsndfile.so.1.0.23
7f558f2b1000-7f558f2b5000 rw-p 00000000 00:00 0 
7f558f2b5000-7f558f2bd000 r-xp 00000000 08:15 538930                     /lib/libwrap.so.0.7.6
7f558f2bd000-7f558f4bd000 ---p 00008000 08:15 538930                     /lib/libwrap.so.0.7.6
7f558f4bd000-7f558f4be000 r--p 00008000 08:15 538930                     /lib/libwrap.so.0.7.6
7f558f4be000-7f558f4bf000 rw-p 00009000 08:15 538930                     /lib/libwrap.so.0.7.6
7f558f4bf000-7f558f4c0000 rw-p 00000000 00:00 0 
7f558f4c0000-7f558f4c4000 r-xp 00000000 08:15 534738                     /lib/x86_64-linux-gnu/libuuid.so.1.3.0
7f558f4c4000-7f558f6c3000 ---p 00004000 08:15 534738                     /lib/x86_64-linux-gnu/libuuid.so.1.3.0
7f558f6c3000-7f558f6c4000 r--p 00003000 08:15 534738                     /lib/x86_64-linux-gnu/libuuid.so.1.3.0
7f558f6c4000-7f558f6c5000 rw-p 00004000 08:15 534738                     /lib/x86_64-linux-gnu/libuuid.so.1.3.0
7f558f6c5000-7f558f707000 r-xp 00000000 08:15 526020                     /lib/x86_64-linux-gnu/libdbus-1.so.3.5.4
7f558f707000-7f558f907000 ---p 00042000 08:15 526020                     /lib/x86_64-linux-gnu/libdbus-1.so.3.5.4
7f558f907000-7f558f908000 r--p 00042000 08:15 526020                     /lib/x86_64-linux-gnu/libdbus-1.so.3.5.4
7f558f908000-7f558f909000 rw-p 00043000 08:15 526020                     /lib/x86_64-linux-gnu/libdbus-1.so.3.5.4
7f558f909000-7f558f954000 r-xp 00000000 08:15 1580900                    /usr/lib/libpulsecommon-0.9.22.so
7f558f954000-7f558fb53000 ---p 0004b000 08:15 1580900                    /usr/lib/libpulsecommon-0.9.22.so
7f558fb53000-7f558fb54000 r--p 0004a000 08:15 1580900                    /usr/lib/libpulsecommon-0.9.22.so
7f558fb54000-7f558fb55000 rw-p 0004b000 08:15 1580900                    /usr/lib/libpulsecommon-0.9.22.so
7f558fb55000-7f558fb58000 r-xp 00000000 08:15 1573582                    /usr/lib/libxcb-atom.so.1.0.0
7f558fb58000-7f558fd58000 ---p 00003000 08:15 1573582                    /usr/lib/libxcb-atom.so.1.0.0
7f558fd58000-7f558fd59000 r--p 00003000 08:15 1573582                    /usr/lib/libxcb-atom.so.1.0.0
7f558fd59000-7f558fd5a000 rw-p 00004000 08:15 1573582                    /usr/lib/libxcb-atom.so.1.0.0
7f558fd5a000-7f558fd61000 r-xp 00000000 08:15 1578963                    /usr/lib/x86_64-linux-gnu/libSM.so.6.0.1
7f558fd61000-7f558ff60000 ---p 00007000 08:15 1578963                    /usr/lib/x86_64-linux-gnu/libSM.so.6.0.1
7f558ff60000-7f558ff61000 r--p 00006000 08:15 1578963                    /usr/lib/x86_64-linux-gnu/libSM.so.6.0.1
7f558ff61000-7f558ff62000 rw-p 00007000 08:15 1578963                    /usr/lib/x86_64-linux-gnu/libSM.so.6.0.1
7f558ff62000-7f558ff78000 r-xp 00000000 08:15 1571606                    /usr/lib/x86_64-linux-gnu/libICE.so.6.3.0
7f558ff78000-7f5590178000 ---p 00016000 08:15 1571606                    /usr/lib/x86_64-linux-gnu/libICE.so.6.3.0
7f5590178000-7f5590179000 r--p 00016000 08:15 1571606                    /usr/lib/x86_64-linux-gnu/libICE.so.6.3.0
7f5590179000-7f559017a000 rw-p 00017000 08:15 1571606                    /usr/lib/x86_64-linux-gnu/libICE.so.6.3.0
7f559017a000-7f559017d000 rw-p 00000000 00:00 0 
7f559017d000-7f559017e000 r-xp 00000000 08:15 1570508                    /usr/lib/x86_64-linux-gnu/libX11-xcb.so.1.0.0
7f559017e000-7f559037d000 ---p 00001000 08:15 1570508                    /usr/lib/x86_64-linux-gnu/libX11-xcb.so.1.0.0
7f559037d000-7f559037e000 r--p 00000000 08:15 1570508                    /usr/lib/x86_64-linux-gnu/libX11-xcb.so.1.0.0
7f559037e000-7f559037f000 rw-p 00001000 08:15 1570508                    /usr/lib/x86_64-linux-gnu/libX11-xcb.so.1.0.0
7f559037f000-7f55903bf000 r-xp 00000000 08:15 1573921                    /usr/lib/libpulse.so.0.12.3
7f55903bf000-7f55905be000 ---p 00040000 08:15 1573921                    /usr/lib/libpulse.so.0.12.3
7f55905be000-7f55905bf000 r--p 0003f000 08:15 1573921                    /usr/lib/libpulse.so.0.12.3
7f55905bf000-7f55905c0000 rw-p 00040000 08:15 1573921                    /usr/lib/libpulse.so.0.12.3
7f55905c0000-7f559060c000 r-xp 00000000 08:15 532443                     /tmp/libgdx/3523710564/libopenal64.so
7f559060c000-7f559080b000 ---p 0004c000 08:15 532443                     /tmp/libgdx/3523710564/libopenal64.so
7f559080b000-7f559080d000 r--p 0004b000 08:15 532443                     /tmp/libgdx/3523710564/libopenal64.so
7f559080d000-7f559080e000 rw-p 0004d000 08:15 532443                     /tmp/libgdx/3523710564/libopenal64.so
7f559080e000-7f559080f000 rw-p 00000000 00:00 0 
7f559080f000-7f5590810000 r-xp 00000000 08:15 1597389                    /usr/lib/jvm/java-6-openjdk/jre/lib/amd64/libjawt.so
7f5590810000-7f5590a0f000 ---p 00001000 08:15 1597389                    /usr/lib/jvm/java-6-openjdk/jre/lib/amd64/libjawt.so
7f5590a0f000-7f5590a10000 r--p 00000000 08:15 1597389                    /usr/lib/jvm/java-6-openjdk/jre/lib/amd64/libjawt.so
7f5590a10000-7f5590a11000 rw-p 00001000 08:15 1597389                    /usr/lib/jvm/java-6-openjdk/jre/lib/amd64/libjawt.so
7f5590a11000-7f5590a16000 r-xp 00000000 08:15 1581972                    /usr/lib/x86_64-linux-gnu/libXxf86vm.so.1.0.0
7f5590a16000-7f5590c15000 ---p 00005000 08:15 1581972                    /usr/lib/x86_64-linux-gnu/libXxf86vm.so.1.0.0
7f5590c15000-7f5590c16000 r--p 00004000 08:15 1581972                    /usr/lib/x86_64-linux-gnu/libXxf86vm.so.1.0.0
7f5590c16000-7f5590c17000 rw-p 00005000 08:15 1581972                    /usr/lib/x86_64-linux-gnu/libXxf86vm.so.1.0.0
7f5590c43000-7f5590cbc000 r-xp 00000000 08:15 532585                     /tmp/libgdx/3523710564/liblwjgl64.so
7f5590cbc000-7f5590ebc000 ---p 00079000 08:15 532585                     /tmp/libgdx/3523710564/liblwjgl64.so
7f5590ebc000-7f5590ebe000 r--p 00079000 08:15 532585                     /tmp/libgdx/3523710564/liblwjgl64.so
7f5590ebe000-7f5590ebf000 rw-p 0007b000 08:15 532585                     /tmp/libgdx/3523710564/liblwjgl64.so
7f5590ebf000-7f5590ec4000 r-xp 00000000 08:15 1570859                    /usr/lib/x86_64-linux-gnu/libXfixes.so.3.1.0
7f5590ec4000-7f55910c3000 ---p 00005000 08:15 1570859                    /usr/lib/x86_64-linux-gnu/libXfixes.so.3.1.0
7f55910c3000-7f55910c4000 r--p 00004000 08:15 1570859                    /usr/lib/x86_64-linux-gnu/libXfixes.so.3.1.0
7f55910c4000-7f55910c5000 rw-p 00005000 08:15 1570859                    /usr/lib/x86_64-linux-gnu/libXfixes.so.3.1.0
7f55910c5000-7f55910ce000 r-xp 00000000 08:15 1573929                    /usr/lib/x86_64-linux-gnu/libXcursor.so.1.0.2
7f55910ce000-7f55912cd000 ---p 00009000 08:15 1573929                    /usr/lib/x86_64-linux-gnu/libXcursor.so.1.0.2
7f55912cd000-7f55912ce000 r--p 00008000 08:15 1573929                    /usr/lib/x86_64-linux-gnu/libXcursor.so.1.0.2
7f55912ce000-7f55912cf000 rw-p 00009000 08:15 1573929                    /usr/lib/x86_64-linux-gnu/libXcursor.so.1.0.2
7f55912cf000-7f559135d000 r-xp 00000000 08:15 532402                     /tmp/libgdx/3523710564/libgdx-64.so
7f559135d000-7f559155d000 ---p 0008e000 08:15 532402                     /tmp/libgdx/3523710564/libgdx-64.so
7f559155d000-7f559155e000 r--p 0008e000 08:15 532402                     /tmp/libgdx/3523710564/libgdx-64.so
7f559155e000-7f559155f000 rw-p 0008f000 08:15 532402                     /tmp/libgdx/3523710564/libgdx-64.so
7f559155f000-7f5591562000 rw-p 00000000 00:00 0 
7f5591562000-7f5591563000 r--s 00000000 08:15 532633                     /var/cache/fontconfig/26de28bc8622bbc1fb67fd234c21975f-le64.cache-3
7f5591563000-7f5591564000 r--s 00000000 08:15 554485                     /var/cache/fontconfig/c05880de57d1f5e948fdfacc138775d9-le64.cache-3
7f5591564000-7f559156d000 r--s 00000000 08:15 527845                     /var/cache/fontconfig/945677eb7aeaf62f1d50efc3fb3ec7d8-le64.cache-3
7f559156d000-7f559156f000 r--s 00000000 08:15 554480                     /var/cache/fontconfig/99e8ed0e538f840c565b6ed5dad60d56-le64.cache-3
7f559156f000-7f5591572000 r--s 00000000 08:15 554411                     /var/cache/fontconfig/f24b2111ab8703b4e963115a8cf14259-le64.cache-3
7f5591572000-7f5591575000 r--s 00000000 08:15 554479                     /var/cache/fontconfig/e383d7ea5fbe662a33d9b44caf393297-le64.cache-3
7f5591575000-7f559157a000 r--s 00000000 08:15 554453                     /var/cache/fontconfig/062808c12e6e608270f93bb230aed730-le64.cache-3
7f559157a000-7f5591580000 r--s 00000000 08:15 554429                     /var/cache/fontconfig/a755afe4a08bf5b97852ceb7400b47bc-le64.cache-3
7f5591580000-7f5591585000 r--s 00000000 08:15 554452                     /var/cache/fontconfig/515ca1ebc4b18308bea979be5704f9db-le64.cache-3
7f5591585000-7f559158e000 r--s 00000000 08:15 554448                     /var/cache/fontconfig/6d41288fd70b0be22e8c3a91e032eec0-le64.cache-3
7f559158e000-7f559159e000 r--s 00000000 08:15 554447                     /var/cache/fontconfig/0f34bcd4b6ee430af32735b75db7f02b-le64.cache-3
7f559159e000-7f55915cc000 r--s 00000000 08:15 554435                     /var/cache/fontconfig/365b55f210c0a22e9a19e35191240f32-le64.cache-3
7f55915d0000-7f55915d4000 rw-s b1ac2000 00:05 10798                      /dev/nvidia0
7f55915d4000-7f55915d5000 rw-s e0005000 00:05 10798                      /dev/nvidia0
7f55915d5000-7f55915d6000 rw-s c09f4000 00:05 10798                      /dev/nvidia0
7f55915f6000-7f55915f9000 ---p 00000000 00:00 0 
7f55915f9000-7f55916f7000 rw-p 00000000 00:00 0 
7f55916f7000-7f55916fa000 ---p 00000000 00:00 0 
7f55916fa000-7f55917f8000 rw-p 00000000 00:00 0 
7f55917f8000-7f5591800000 r-xp 00000000 08:15 1581969                    /usr/lib/x86_64-linux-gnu/libXrandr.so.2.2.0
7f5591800000-7f55919ff000 ---p 00008000 08:15 1581969                    /usr/lib/x86_64-linux-gnu/libXrandr.so.2.2.0
7f55919ff000-7f5591a00000 r--p 00007000 08:15 1581969                    /usr/lib/x86_64-linux-gnu/libXrandr.so.2.2.0
7f5591a00000-7f5591a01000 rw-p 00008000 08:15 1581969                    /usr/lib/x86_64-linux-gnu/libXrandr.so.2.2.0
7f5591a01000-7f5591a05000 rw-s 9577f000 00:05 10798                      /dev/nvidia0
7f5591a05000-7f5591a06000 rw-s f8c08000 00:05 10798                      /dev/nvidia0
7f5591a06000-7f5591a07000 rw-s f8641000 00:05 10798                      /dev/nvidia0
7f5591a07000-7f5591a08000 rw-s 117085000 00:05 10798                     /dev/nvidia0
7f5591a08000-7f5591a09000 rw-s a6745000 00:05 10798                      /dev/nvidia0
7f5591a09000-7f5591a0a000 rw-s f8060000 00:05 10798                      /dev/nvidia0
7f5591a0a000-7f5591a25000 rw-s 1148a0000 00:05 10798                     /dev/nvidia0
7f5591a25000-7f5591a26000 r--p 00000000 00:00 0 
7f5591a26000-7f5591a2d000 r--s 000fb000 08:15 1597348                    /usr/lib/jvm/java-6-openjdk/jre/lib/resources.jar
7f5591a2d000-7f5591a30000 r--s 00000000 08:15 554477                     /var/cache/fontconfig/2cd17615ca594fa2959ae173292e504c-le64.cache-3
7f5591a30000-7f5591a31000 r--s 00000000 08:15 554471                     /var/cache/fontconfig/e7071f4a29fa870f4323321c154eba04-le64.cache-3
7f5591a31000-7f5591a35000 r--s 00000000 08:15 554470                     /var/cache/fontconfig/6eb3985aa4124903f6ff08ba781cd364-le64.cache-3
7f5591a35000-7f5591a36000 r--s 00000000 08:15 554466                     /var/cache/fontconfig/4c73fe0c47614734b17d736dbde7580a-le64.cache-3
7f5591a36000-7f5591a37000 r--s 00000000 08:15 554459                     /var/cache/fontconfig/0d8c3b2ac0904cb8a57a757ad11a4a08-le64.cache-3
7f5591a37000-7f5591a38000 r--s 00000000 08:15 554454                     /var/cache/fontconfig/6a53c69dea097a2d716e069445527da8-le64.cache-3
7f5591a38000-7f5591a3b000 r--s 00000000 08:15 554441                     /var/cache/fontconfig/d60319d88cac85ba9e1a07bd06cfbb8c-le64.cache-3
7f5591a3b000-7f5591a45000 r--s 00000000 08:15 554433                     /var/cache/fontconfig/d52a8644073d54c13679302ca1180695-le64.cache-3
7f5591a45000-7f5591a58000 r--s 00000000 08:15 538224                     /var/cache/fontconfig/e13b20fdb08344e0e664864cc2ede53d-le64.cache-3
7f5591a58000-7f5591a5b000 ---p 00000000 00:00 0 
7f5591a5b000-7f5591b59000 rw-p 00000000 00:00 0 
7f5591b59000-7f5591bec000 r-xp 00000000 08:15 1572891                    /usr/lib/x86_64-linux-gnu/libfreetype.so.6.6.2
7f5591bec000-7f5591deb000 ---p 00093000 08:15 1572891                    /usr/lib/x86_64-linux-gnu/libfreetype.so.6.6.2
7f5591deb000-7f5591df1000 r--p 00092000 08:15 1572891                    /usr/lib/x86_64-linux-gnu/libfreetype.so.6.6.2
7f5591df1000-7f5591df2000 rw-p 00098000 08:15 1572891                    /usr/lib/x86_64-linux-gnu/libfreetype.so.6.6.2
7f5591df2000-7f5591e2b000 r-xp 00000000 08:15 1597379                    /usr/lib/jvm/java-6-openjdk/jre/lib/amd64/libfontmanager.so
7f5591e2b000-7f559202a000 ---p 00039000 08:15 1597379                    /usr/lib/jvm/java-6-openjdk/jre/lib/amd64/libfontmanager.so
7f559202a000-7f559202c000 r--p 00038000 08:15 1597379                    /usr/lib/jvm/java-6-openjdk/jre/lib/amd64/libfontmanager.so
7f559202c000-7f559202d000 rw-p 0003a000 08:15 1597379                    /usr/lib/jvm/java-6-openjdk/jre/lib/amd64/libfontmanager.so
7f559202d000-7f5592032000 r-xp 00000000 08:15 1573561                    /usr/lib/x86_64-linux-gnu/libXdmcp.so.6.0.0
7f5592032000-7f5592231000 ---p 00005000 08:15 1573561                    /usr/lib/x86_64-linux-gnu/libXdmcp.so.6.0.0
7f5592231000-7f5592232000 r--p 00004000 08:15 1573561                    /usr/lib/x86_64-linux-gnu/libXdmcp.so.6.0.0
7f5592232000-7f5592233000 rw-p 00005000 08:15 1573561                    /usr/lib/x86_64-linux-gnu/libXdmcp.so.6.0.0
7f5592233000-7f5592235000 r-xp 00000000 08:15 1570542                    /usr/lib/x86_64-linux-gnu/libXau.so.6.0.0
7f5592235000-7f5592434000 ---p 00002000 08:15 1570542                    /usr/lib/x86_64-linux-gnu/libXau.so.6.0.0
7f5592434000-7f5592435000 r--p 00001000 08:15 1570542                    /usr/lib/x86_64-linux-gnu/libXau.so.6.0.0
7f5592435000-7f5592436000 rw-p 00002000 08:15 1570542                    /usr/lib/x86_64-linux-gnu/libXau.so.6.0.0
7f5592436000-7f5592451000 r-xp 00000000 08:15 1572615                    /usr/lib/x86_64-linux-gnu/libxcb.so.1.1.0
7f5592451000-7f5592650000 ---p 0001b000 08:15 1572615                    /usr/lib/x86_64-linux-gnu/libxcb.so.1.1.0
7f5592650000-7f5592651000 r--p 0001a000 08:15 1572615                    /usr/lib/x86_64-linux-gnu/libxcb.so.1.1.0
7f5592651000-7f5592652000 rw-p 0001b000 08:15 1572615                    /usr/lib/x86_64-linux-gnu/libxcb.so.1.1.0
7f5592652000-7f5592661000 r-xp 00000000 08:15 1613065                    /usr/lib/x86_64-linux-gnu/libXi.so.6.1.0
7f5592661000-7f5592860000 ---p 0000f000 08:15 1613065                    /usr/lib/x86_64-linux-gnu/libXi.so.6.1.0
7f5592860000-7f5592861000 r--p 0000e000 08:15 1613065                    /usr/lib/x86_64-linux-gnu/libXi.so.6.1.0
7f5592861000-7f5592862000 rw-p 0000f000 08:15 1613065                    /usr/lib/x86_64-linux-gnu/libXi.so.6.1.0
7f5592862000-7f5592867000 r-xp 00000000 08:15 1572606                    /usr/lib/libXtst.so.6.1.0
7f5592867000-7f5592a66000 ---p 00005000 08:15 1572606                    /usr/lib/libXtst.so.6.1.0
7f5592a66000-7f5592a67000 r--p 00004000 08:15 1572606                    /usr/lib/libXtst.so.6.1.0
7f5592a67000-7f5592a68000 rw-p 00005000 08:15 1572606                    /usr/lib/libXtst.so.6.1.0
7f5592a68000-7f5592a71000 r-xp 00000000 08:15 1570620                    /usr/lib/x86_64-linux-gnu/libXrender.so.1.3.0
7f5592a71000-7f5592c71000 ---p 00009000 08:15 1570620                    /usr/lib/x86_64-linux-gnu/libXrender.so.1.3.0
7f5592c71000-7f5592c72000 r--p 00009000 08:15 1570620                    /usr/lib/x86_64-linux-gnu/libXrender.so.1.3.0
7f5592c72000-7f5592c73000 rw-p 0000a000 08:15 1570620                    /usr/lib/x86_64-linux-gnu/libXrender.so.1.3.0
7f5592c73000-7f5592da8000 r-xp 00000000 08:15 1573591                    /usr/lib/x86_64-linux-gnu/libX11.so.6.3.0
7f5592da8000-7f5592fa8000 ---p 00135000 08:15 1573591                    /usr/lib/x86_64-linux-gnu/libX11.so.6.3.0
7f5592fa8000-7f5592fa9000 r--p 00135000 08:15 1573591                    /usr/lib/x86_64-linux-gnu/libX11.so.6.3.0
7f5592fa9000-7f5592fad000 rw-p 00136000 08:15 1573591                    /usr/lib/x86_64-linux-gnu/libX11.so.6.3.0
7f5592fad000-7f5592fbe000 r-xp 00000000 08:15 1571673                    /usr/lib/x86_64-linux-gnu/libXext.so.6.4.0
7f5592fbe000-7f55931bd000 ---p 00011000 08:15 1571673                    /usr/lib/x86_64-linux-gnu/libXext.so.6.4.0
7f55931bd000-7f55931be000 r--p 00010000 08:15 1571673                    /usr/lib/x86_64-linux-gnu/libXext.so.6.4.0
7f55931be000-7f55931bf000 rw-p 00011000 08:15 1571673                    /usr/lib/x86_64-linux-gnu/libXext.so.6.4.0
7f55931bf000-7f559320a000 r-xp 00000000 08:15 1597420                    /usr/lib/jvm/java-6-openjdk/jre/lib/amd64/xawt/libmawt.so
7f559320a000-7f559340a000 ---p 0004b000 08:15 1597420                    /usr/lib/jvm/java-6-openjdk/jre/lib/amd64/xawt/libmawt.so
7f559340a000-7f559340b000 r--p 0004b000 08:15 1597420                    /usr/lib/jvm/java-6-openjdk/jre/lib/amd64/xawt/libmawt.so
7f559340b000-7f559340e000 rw-p 0004c000 08:15 1597420                    /usr/lib/jvm/java-6-openjdk/jre/lib/amd64/xawt/libmawt.so
7f559340e000-7f559340f000 rw-p 00000000 00:00 0 
7f559340f000-7f55934b8000 r-xp 00000000 08:15 1597388                    /usr/lib/jvm/java-6-openjdk/jre/lib/amd64/libawt.so
7f55934b8000-7f55936b7000 ---p 000a9000 08:15 1597388                    /usr/lib/jvm/java-6-openjdk/jre/lib/amd64/libawt.so
7f55936b7000-7f55936b8000 r--p 000a8000 08:15 1597388                    /usr/lib/jvm/java-6-openjdk/jre/lib/amd64/libawt.so
7f55936b8000-7f55936c3000 rw-p 000a9000 08:15 1597388                    /usr/lib/jvm/java-6-openjdk/jre/lib/amd64/libawt.so
7f55936c3000-7f55936e8000 rw-p 00000000 00:00 0 
7f55936e8000-7f55936f0000 r--s 00066000 08:15 1721290                    /usr/share/java/gnome-java-bridge.jar
7f55936f0000-7f55936f3000 r--s 0000f000 08:15 1597341                    /usr/lib/jvm/java-6-openjdk/jre/lib/ext/pulse-java.jar
7f55936f3000-7f55936f4000 ---p 00000000 00:00 0 
7f55936f4000-7f55937f4000 rw-p 00000000 00:00 0 
7f55937f4000-7f55937f7000 ---p 00000000 00:00 0 
7f55937f7000-7f55938f5000 rw-p 00000000 00:00 0 
7f55938f5000-7f55938f8000 ---p 00000000 00:00 0 
7f55938f8000-7f55939f6000 rw-p 00000000 00:00 0 
7f55939f6000-7f55939f9000 ---p 00000000 00:00 0 
7f55939f9000-7f5593af7000 rw-p 00000000 00:00 0 
7f5593af7000-7f5593afa000 ---p 00000000 00:00 0 
7f5593afa000-7f5593bf8000 rw-p 00000000 00:00 0 
7f5593bf8000-7f5594000000 r--p 00000000 08:15 1570348                    /usr/lib/locale/locale-archive
7f5594000000-7f5595e1f000 rw-p 00000000 00:00 0 
7f5595e1f000-7f5598000000 ---p 00000000 00:00 0 
7f5598000000-7f5598004000 r--s 00000000 08:15 538228                     /var/cache/fontconfig/7ef2298fde41cc6eeb7af42e48b7d293-le64.cache-3
7f5598004000-7f5598018000 r--s 00000000 08:15 527842                     /var/cache/fontconfig/865f88548240fee46819705c6468c165-le64.cache-3
7f5598018000-7f5598019000 r--s 00000000 08:15 532633                     /var/cache/fontconfig/26de28bc8622bbc1fb67fd234c21975f-le64.cache-3
7f5598019000-7f559801a000 r--s 00000000 08:15 554485                     /var/cache/fontconfig/c05880de57d1f5e948fdfacc138775d9-le64.cache-3
7f559801a000-7f5598023000 r--s 00000000 08:15 527845                     /var/cache/fontconfig/945677eb7aeaf62f1d50efc3fb3ec7d8-le64.cache-3
7f5598023000-7f5598025000 r--s 00000000 08:15 554480                     /var/cache/fontconfig/99e8ed0e538f840c565b6ed5dad60d56-le64.cache-3
7f5598025000-7f5598028000 r--s 00000000 08:15 554411                     /var/cache/fontconfig/f24b2111ab8703b4e963115a8cf14259-le64.cache-3
7f5598028000-7f559802b000 r--s 00000000 08:15 554479                     /var/cache/fontconfig/e383d7ea5fbe662a33d9b44caf393297-le64.cache-3
7f559802b000-7f559802e000 r--s 00000000 08:15 554477                     /var/cache/fontconfig/2cd17615ca594fa2959ae173292e504c-le64.cache-3
7f559802e000-7f559802f000 r--s 00000000 08:15 554471                     /var/cache/fontconfig/e7071f4a29fa870f4323321c154eba04-le64.cache-3
7f559802f000-7f5598033000 r--s 00000000 08:15 554470                     /var/cache/fontconfig/6eb3985aa4124903f6ff08ba781cd364-le64.cache-3
7f5598033000-7f5598034000 r--s 00000000 08:15 554466                     /var/cache/fontconfig/4c73fe0c47614734b17d736dbde7580a-le64.cache-3
7f5598034000-7f5598035000 r--s 00000000 08:15 554459                     /var/cache/fontconfig/0d8c3b2ac0904cb8a57a757ad11a4a08-le64.cache-3
7f5598035000-7f5598036000 r--s 00000000 08:15 554454                     /var/cache/fontconfig/6a53c69dea097a2d716e069445527da8-le64.cache-3
7f5598036000-7f559803b000 r--s 00000000 08:15 554453                     /var/cache/fontconfig/062808c12e6e608270f93bb230aed730-le64.cache-3
7f559803b000-7f5598041000 r--s 00000000 08:15 554429                     /var/cache/fontconfig/a755afe4a08bf5b97852ceb7400b47bc-le64.cache-3
7f5598041000-7f5598046000 r--s 00000000 08:15 554452                     /var/cache/fontconfig/515ca1ebc4b18308bea979be5704f9db-le64.cache-3
7f5598046000-7f559804f000 r--s 00000000 08:15 554448                     /var/cache/fontconfig/6d41288fd70b0be22e8c3a91e032eec0-le64.cache-3
7f559804f000-7f559805f000 r--s 00000000 08:15 554447                     /var/cache/fontconfig/0f34bcd4b6ee430af32735b75db7f02b-le64.cache-3
7f559805f000-7f5598062000 r--s 00000000 08:15 554441                     /var/cache/fontconfig/d60319d88cac85ba9e1a07bd06cfbb8c-le64.cache-3
7f5598062000-7f5598063000 r--s 00000000 08:15 529070                     /var/cache/fontconfig/4794a0821666d79190d59a36cb4f44b5-le64.cache-3
7f5598063000-7f5598091000 r--s 00000000 08:15 554435                     /var/cache/fontconfig/365b55f210c0a22e9a19e35191240f32-le64.cache-3
7f5598091000-7f55980a4000 r--s 00000000 08:15 538224                     /var/cache/fontconfig/e13b20fdb08344e0e664864cc2ede53d-le64.cache-3
7f55980a4000-7f55980b8000 r--s 00000000 08:15 527842                     /var/cache/fontconfig/865f88548240fee46819705c6468c165-le64.cache-3
7f55980b8000-7f55980c9000 r--s 0011a000 08:15 1339891                    /home/bompo/git/mgcube/libs/gdx-backend-lwjgl.jar
7f55980c9000-7f55980cc000 ---p 00000000 00:00 0 
7f55980cc000-7f55981ca000 rw-p 00000000 00:00 0 
7f55981ca000-7f55981cd000 ---p 00000000 00:00 0 
7f55981cd000-7f55982cb000 rw-p 00000000 00:00 0 
7f55982cb000-7f55982cc000 ---p 00000000 00:00 0 
7f55982cc000-7f5598904000 rw-p 00000000 00:00 0 
7f5598904000-7f5598a94000 r--s 037af000 08:15 1597397                    /usr/lib/jvm/java-6-openjdk/jre/lib/rt.jar
7f5598a94000-7f5598abc000 rw-p 00000000 00:00 0 
7f5598abc000-7f5598abd000 ---p 00000000 00:00 0 
7f5598abd000-7f5598bbd000 rw-p 00000000 00:00 0 
7f5598bbd000-7f5598bbe000 ---p 00000000 00:00 0 
7f5598bbe000-7f5598cbe000 rw-p 00000000 00:00 0 
7f5598cbe000-7f5598cbf000 ---p 00000000 00:00 0 
7f5598cbf000-7f5598dbf000 rw-p 00000000 00:00 0 
7f5598dbf000-7f5598dc0000 ---p 00000000 00:00 0 
7f5598dc0000-7f5598ecb000 rw-p 00000000 00:00 0 
7f5598ecb000-7f5598f13000 rw-p 00000000 00:00 0 
7f5598f13000-7f5598f28000 rw-p 00000000 00:00 0 
7f5598f28000-7f559905b000 rw-p 00000000 00:00 0 
7f559905b000-7f5599066000 rw-p 00000000 00:00 0 
7f5599066000-7f55990ae000 rw-p 00000000 00:00 0 
7f55990ae000-7f55990c3000 rw-p 00000000 00:00 0 
7f55990c3000-7f55991f5000 rw-p 00000000 00:00 0 
7f55991f5000-7f5599200000 rw-p 00000000 00:00 0 
7f5599200000-7f5599299000 rw-p 00000000 00:00 0 
7f5599299000-7f559929a000 rw-p 00000000 00:00 0 
7f559929a000-7f559950a000 rwxp 00000000 00:00 0 
7f559950a000-7f559c29a000 rw-p 00000000 00:00 0 
7f559c29a000-7f559c2a1000 r-xp 00000000 08:15 1597383                    /usr/lib/jvm/java-6-openjdk/jre/lib/amd64/libzip.so
7f559c2a1000-7f559c4a0000 ---p 00007000 08:15 1597383                    /usr/lib/jvm/java-6-openjdk/jre/lib/amd64/libzip.so
7f559c4a0000-7f559c4a1000 r--p 00006000 08:15 1597383                    /usr/lib/jvm/java-6-openjdk/jre/lib/amd64/libzip.so
7f559c4a1000-7f559c4a2000 rw-p 00007000 08:15 1597383                    /usr/lib/jvm/java-6-openjdk/jre/lib/amd64/libzip.so
7f559c4a2000-7f559c4ae000 r-xp 00000000 08:15 535712                     /lib/x86_64-linux-gnu/libnss_files-2.13.so
7f559c4ae000-7f559c6ad000 ---p 0000c000 08:15 535712                     /lib/x86_64-linux-gnu/libnss_files-2.13.so
7f559c6ad000-7f559c6ae000 r--p 0000b000 08:15 535712                     /lib/x86_64-linux-gnu/libnss_files-2.13.so
7f559c6ae000-7f559c6af000 rw-p 0000c000 08:15 535712                     /lib/x86_64-linux-gnu/libnss_files-2.13.so
7f559c6af000-7f559c6ba000 r-xp 00000000 08:15 535714                     /lib/x86_64-linux-gnu/libnss_nis-2.13.so
7f559c6ba000-7f559c8b9000 ---p 0000b000 08:15 535714                     /lib/x86_64-linux-gnu/libnss_nis-2.13.so
7f559c8b9000-7f559c8ba000 r--p 0000a000 08:15 535714                     /lib/x86_64-linux-gnu/libnss_nis-2.13.so
7f559c8ba000-7f559c8bb000 rw-p 0000b000 08:15 535714                     /lib/x86_64-linux-gnu/libnss_nis-2.13.so
7f559c8bb000-7f559c8c3000 r-xp 00000000 08:15 535710                     /lib/x86_64-linux-gnu/libnss_compat-2.13.so
7f559c8c3000-7f559cac2000 ---p 00008000 08:15 535710                     /lib/x86_64-linux-gnu/libnss_compat-2.13.so
7f559cac2000-7f559cac3000 r--p 00007000 08:15 535710                     /lib/x86_64-linux-gnu/libnss_compat-2.13.so
7f559cac3000-7f559cac4000 rw-p 00008000 08:15 535710                     /lib/x86_64-linux-gnu/libnss_compat-2.13.so
7f559cac4000-7f559cadb000 r-xp 00000000 08:15 535709                     /lib/x86_64-linux-gnu/libnsl-2.13.so
7f559cadb000-7f559ccda000 ---p 00017000 08:15 535709                     /lib/x86_64-linux-gnu/libnsl-2.13.so
7f559ccda000-7f559ccdb000 r--p 00016000 08:15 535709                     /lib/x86_64-linux-gnu/libnsl-2.13.so
7f559ccdb000-7f559ccdc000 rw-p 00017000 08:15 535709                     /lib/x86_64-linux-gnu/libnsl-2.13.so
7f559ccdc000-7f559ccde000 rw-p 00000000 00:00 0 
7f559ccde000-7f559cd0a000 r-xp 00000000 08:15 1597382                    /usr/lib/jvm/java-6-openjdk/jre/lib/amd64/libjava.so
7f559cd0a000-7f559cf09000 ---p 0002c000 08:15 1597382                    /usr/lib/jvm/java-6-openjdk/jre/lib/amd64/libjava.so
7f559cf09000-7f559cf0a000 r--p 0002b000 08:15 1597382                    /usr/lib/jvm/java-6-openjdk/jre/lib/amd64/libjava.so
7f559cf0a000-7f559cf0d000 rw-p 0002c000 08:15 1597382                    /usr/lib/jvm/java-6-openjdk/jre/lib/amd64/libjava.so
7f559cf0d000-7f559cf1b000 r-xp 00000000 08:15 1597368                    /usr/lib/jvm/java-6-openjdk/jre/lib/amd64/libverify.so
7f559cf1b000-7f559d11a000 ---p 0000e000 08:15 1597368                    /usr/lib/jvm/java-6-openjdk/jre/lib/amd64/libverify.so
7f559d11a000-7f559d11c000 r--p 0000d000 08:15 1597368                    /usr/lib/jvm/java-6-openjdk/jre/lib/amd64/libverify.so
7f559d11c000-7f559d11d000 rw-p 0000f000 08:15 1597368                    /usr/lib/jvm/java-6-openjdk/jre/lib/amd64/libverify.so
7f559d11d000-7f559d124000 r-xp 00000000 08:15 535724                     /lib/x86_64-linux-gnu/librt-2.13.so
7f559d124000-7f559d323000 ---p 00007000 08:15 535724                     /lib/x86_64-linux-gnu/librt-2.13.so
7f559d323000-7f559d324000 r--p 00006000 08:15 535724                     /lib/x86_64-linux-gnu/librt-2.13.so
7f559d324000-7f559d325000 rw-p 00007000 08:15 535724                     /lib/x86_64-linux-gnu/librt-2.13.so
7f559d325000-7f559d33a000 r-xp 00000000 08:15 528127                     /lib/x86_64-linux-gnu/libgcc_s.so.1
7f559d33a000-7f559d539000 ---p 00015000 08:15 528127                     /lib/x86_64-linux-gnu/libgcc_s.so.1
7f559d539000-7f559d53a000 r--p 00014000 08:15 528127                     /lib/x86_64-linux-gnu/libgcc_s.so.1
7f559d53a000-7f559d53b000 rw-p 00015000 08:15 528127                     /lib/x86_64-linux-gnu/libgcc_s.so.1
7f559d53b000-7f559d5bf000 r-xp 00000000 08:15 535703                     /lib/x86_64-linux-gnu/libm-2.13.so
7f559d5bf000-7f559d7be000 ---p 00084000 08:15 535703                     /lib/x86_64-linux-gnu/libm-2.13.so
7f559d7be000-7f559d7bf000 r--p 00083000 08:15 535703                     /lib/x86_64-linux-gnu/libm-2.13.so
7f559d7bf000-7f559d7c0000 rw-p 00084000 08:15 535703                     /lib/x86_64-linux-gnu/libm-2.13.so
7f559d7c0000-7f559d8a8000 r-xp 00000000 08:15 1571250                    /usr/lib/x86_64-linux-gnu/libstdc++.so.6.0.14
7f559d8a8000-7f559daa7000 ---p 000e8000 08:15 1571250                    /usr/lib/x86_64-linux-gnu/libstdc++.so.6.0.14
7f559daa7000-7f559daaf000 r--p 000e7000 08:15 1571250                    /usr/lib/x86_64-linux-gnu/libstdc++.so.6.0.14
7f559daaf000-7f559dab1000 rw-p 000ef000 08:15 1571250                    /usr/lib/x86_64-linux-gnu/libstdc++.so.6.0.14
7f559dab1000-7f559dac6000 rw-p 00000000 00:00 0 
7f559dac6000-7f559e41b000 r-xp 00000000 08:15 1597385                    /usr/lib/jvm/java-6-openjdk/jre/lib/amd64/server/libjvm.so
7f559e41b000-7f559e61a000 ---p 00955000 08:15 1597385                    /usr/lib/jvm/java-6-openjdk/jre/lib/amd64/server/libjvm.so
7f559e61a000-7f559e69b000 r--p 00954000 08:15 1597385                    /usr/lib/jvm/java-6-openjdk/jre/lib/amd64/server/libjvm.so
7f559e69b000-7f559e6b6000 rw-p 009d5000 08:15 1597385                    /usr/lib/jvm/java-6-openjdk/jre/lib/amd64/server/libjvm.so
7f559e6b6000-7f559e6df000 rw-p 00000000 00:00 0 
7f559e6df000-7f559e869000 r-xp 00000000 08:15 535697                     /lib/x86_64-linux-gnu/libc-2.13.so
7f559e869000-7f559ea68000 ---p 0018a000 08:15 535697                     /lib/x86_64-linux-gnu/libc-2.13.so
7f559ea68000-7f559ea6c000 r--p 00189000 08:15 535697                     /lib/x86_64-linux-gnu/libc-2.13.so
7f559ea6c000-7f559ea6d000 rw-p 0018d000 08:15 535697                     /lib/x86_64-linux-gnu/libc-2.13.so
7f559ea6d000-7f559ea73000 rw-p 00000000 00:00 0 
7f559ea73000-7f559ea75000 r-xp 00000000 08:15 535702                     /lib/x86_64-linux-gnu/libdl-2.13.so
7f559ea75000-7f559ec75000 ---p 00002000 08:15 535702                     /lib/x86_64-linux-gnu/libdl-2.13.so
7f559ec75000-7f559ec76000 r--p 00002000 08:15 535702                     /lib/x86_64-linux-gnu/libdl-2.13.so
7f559ec76000-7f559ec77000 rw-p 00003000 08:15 535702                     /lib/x86_64-linux-gnu/libdl-2.13.so
7f559ec77000-7f559ec7b000 r-xp 00000000 08:15 1597366                    /usr/lib/jvm/java-6-openjdk/jre/lib/amd64/jli/libjli.so
7f559ec7b000-7f559ee7a000 ---p 00004000 08:15 1597366                    /usr/lib/jvm/java-6-openjdk/jre/lib/amd64/jli/libjli.so
7f559ee7a000-7f559ee7b000 r--p 00003000 08:15 1597366                    /usr/lib/jvm/java-6-openjdk/jre/lib/amd64/jli/libjli.so
7f559ee7b000-7f559ee7c000 rw-p 00004000 08:15 1597366                    /usr/lib/jvm/java-6-openjdk/jre/lib/amd64/jli/libjli.so
7f559ee7c000-7f559ee94000 r-xp 00000000 08:15 535718                     /lib/x86_64-linux-gnu/libpthread-2.13.so
7f559ee94000-7f559f094000 ---p 00018000 08:15 535718                     /lib/x86_64-linux-gnu/libpthread-2.13.so
7f559f094000-7f559f095000 r--p 00018000 08:15 535718                     /lib/x86_64-linux-gnu/libpthread-2.13.so
7f559f095000-7f559f096000 rw-p 00019000 08:15 535718                     /lib/x86_64-linux-gnu/libpthread-2.13.so
7f559f096000-7f559f09a000 rw-p 00000000 00:00 0 
7f559f09a000-7f559f0b1000 r-xp 00000000 08:15 535781                     /lib/x86_64-linux-gnu/libz.so.1.2.3.4
7f559f0b1000-7f559f2b0000 ---p 00017000 08:15 535781                     /lib/x86_64-linux-gnu/libz.so.1.2.3.4
7f559f2b0000-7f559f2b1000 r--p 00016000 08:15 535781                     /lib/x86_64-linux-gnu/libz.so.1.2.3.4
7f559f2b1000-7f559f2b2000 rw-p 00017000 08:15 535781                     /lib/x86_64-linux-gnu/libz.so.1.2.3.4
7f559f2b2000-7f559f2d3000 r-xp 00000000 08:15 535673                     /lib/x86_64-linux-gnu/ld-2.13.so
7f559f2d3000-7f559f2d4000 r--s 00000000 08:15 529070                     /var/cache/fontconfig/4794a0821666d79190d59a36cb4f44b5-le64.cache-3
7f559f2d4000-7f559f2de000 r--s 00000000 08:15 554433                     /var/cache/fontconfig/d52a8644073d54c13679302ca1180695-le64.cache-3
7f559f2de000-7f559f2e8000 rw-p 00000000 00:00 0 
7f559f2e8000-7f559f39e000 rw-p 00000000 00:00 0 
7f559f39e000-7f559f3a1000 ---p 00000000 00:00 0 
7f559f3a1000-7f559f4a4000 rw-p 00000000 00:00 0 
7f559f4a4000-7f559f4a5000 r--s 00000000 08:15 554418                     /var/cache/fontconfig/ec648e9a1aea82bddd4bd6050028158d-le64.cache-3
7f559f4a5000-7f559f4a6000 r--s 00000000 08:15 1340105                    /home/bompo/.fontconfig/aa7e4f27e681240d22a1f116cf7520f0-le64.cache-3
7f559f4a6000-7f559f4a7000 r--s 00000000 08:15 554418                     /var/cache/fontconfig/ec648e9a1aea82bddd4bd6050028158d-le64.cache-3
7f559f4a7000-7f559f4ab000 r--s 00000000 08:15 538228                     /var/cache/fontconfig/7ef2298fde41cc6eeb7af42e48b7d293-le64.cache-3
7f559f4ab000-7f559f4ac000 r--s 00000000 08:15 1340105                    /home/bompo/.fontconfig/aa7e4f27e681240d22a1f116cf7520f0-le64.cache-3
7f559f4ac000-7f559f4ad000 r--s 00007000 08:15 1326708                    /home/bompo/git/mgcube/libs/gdx-backend-lwjgl-sources.jar
7f559f4ad000-7f559f4ae000 r--s 00127000 08:15 1315805                    /home/bompo/git/mgcube/libs/gdx-backend-lwjgl-natives.jar
7f559f4ae000-7f559f4b2000 r--s 0007c000 08:15 1597316                    /usr/lib/jvm/java-6-openjdk/jre/lib/jsse.jar
7f559f4b2000-7f559f4bd000 r--s 00096000 08:15 1339890                    /home/bompo/git/mgcube/libs/gdx.jar
7f559f4bd000-7f559f4c5000 r--s 0007b000 08:15 1339556                    /home/bompo/git/mgcube/libs/gdx-sources.jar
7f559f4c5000-7f559f4c6000 r--s 001a8000 08:15 1328895                    /home/bompo/git/mgcube/libs/gdx-natives.jar
7f559f4c6000-7f559f4ce000 rw-s 00000000 08:15 532381                     /tmp/hsperfdata_bompo/7826
7f559f4ce000-7f559f4cf000 rw-p 00000000 00:00 0 
7f559f4cf000-7f559f4d0000 r--p 00000000 00:00 0 
7f559f4d0000-7f559f4d2000 rw-p 00000000 00:00 0 
7f559f4d2000-7f559f4d3000 r--p 00020000 08:15 535673                     /lib/x86_64-linux-gnu/ld-2.13.so
7f559f4d3000-7f559f4d5000 rw-p 00021000 08:15 535673                     /lib/x86_64-linux-gnu/ld-2.13.so
7fffb6514000-7fffb6535000 rw-p 00000000 00:00 0                          [stack]
7fffb65ff000-7fffb6600000 r-xp 00000000 00:00 0                          [vdso]
ffffffffff600000-ffffffffff601000 r-xp 00000000 00:00 0                  [vsyscall]

VM Arguments:
jvm_args: -Dfile.encoding=UTF-8 
java_command: de.swagner.mgcube.DesktopStarter
Launcher Type: SUN_STANDARD

Environment Variables:
PATH=/usr/local/sbin:/usr/local/bin:/usr/sbin:/usr/bin:/sbin:/bin:/usr/games
USERNAME=bompo
LD_LIBRARY_PATH=/usr/lib/jvm/java-6-openjdk/jre/lib/amd64/server:/usr/lib/jvm/java-6-openjdk/jre/lib/amd64:/usr/lib/jvm/java-6-openjdk/jre/../lib/amd64:/usr/lib64/xulrunner-addons
SHELL=/bin/bash
DISPLAY=:0.0

Signal Handlers:
SIGSEGV: [libjvm.so+0x7d0f60], sa_mask[0]=0x7ffbfeff, sa_flags=0x10000004
SIGBUS: [libjvm.so+0x7d0f60], sa_mask[0]=0x7ffbfeff, sa_flags=0x10000004
SIGFPE: [libjvm.so+0x683760], sa_mask[0]=0x7ffbfeff, sa_flags=0x10000004
SIGPIPE: [libjvm.so+0x683760], sa_mask[0]=0x7ffbfeff, sa_flags=0x10000004
SIGXFSZ: [libjvm.so+0x683760], sa_mask[0]=0x7ffbfeff, sa_flags=0x10000004
SIGILL: [libjvm.so+0x683760], sa_mask[0]=0x7ffbfeff, sa_flags=0x10000004
SIGUSR1: SIG_DFL, sa_mask[0]=0x00000000, sa_flags=0x00000000
SIGUSR2: [libjvm.so+0x683930], sa_mask[0]=0x00000004, sa_flags=0x10000004
SIGHUP: [libjvm.so+0x6862d0], sa_mask[0]=0x7ffbfeff, sa_flags=0x10000004
SIGINT: [libjvm.so+0x6862d0], sa_mask[0]=0x7ffbfeff, sa_flags=0x10000004
SIGTERM: [libjvm.so+0x6862d0], sa_mask[0]=0x7ffbfeff, sa_flags=0x10000004
SIGQUIT: [libjvm.so+0x6862d0], sa_mask[0]=0x7ffbfeff, sa_flags=0x10000004


---------------  S Y S T E M  ---------------

OS:Ubuntu 11.04 (natty)
uname:Linux 2.6.38-11-generic #47-Ubuntu SMP Fri Jul 15 19:27:09 UTC 2011 x86_64
libc:glibc 2.13 NPTL 2.13 
rlimit: STACK 8192k, CORE 0k, NPROC infinity, NOFILE 4096, AS infinity
load average:0.24 0.31 0.24

/proc/meminfo:
MemTotal:        4015564 kB
MemFree:          921760 kB
Buffers:          153452 kB
Cached:           972040 kB
SwapCached:            0 kB
Active:          2053000 kB
Inactive:         702044 kB
Active(anon):    1631264 kB
Inactive(anon):    19864 kB
Active(file):     421736 kB
Inactive(file):   682180 kB
Unevictable:         148 kB
Mlocked:             148 kB
SwapTotal:      19529724 kB
SwapFree:       19529724 kB
Dirty:              4892 kB
Writeback:             0 kB
AnonPages:       1629796 kB
Mapped:           217628 kB
Shmem:             21428 kB
Slab:             128788 kB
SReclaimable:     101840 kB
SUnreclaim:        26948 kB
KernelStack:        4096 kB
PageTables:        35784 kB
NFS_Unstable:          0 kB
Bounce:                0 kB
WritebackTmp:          0 kB
CommitLimit:    21537504 kB
Committed_AS:    4224200 kB
VmallocTotal:   34359738367 kB
VmallocUsed:      149320 kB
VmallocChunk:   34359576056 kB
HardwareCorrupted:     0 kB
HugePages_Total:       0
HugePages_Free:        0
HugePages_Rsvd:        0
HugePages_Surp:        0
Hugepagesize:       2048 kB
DirectMap4k:      151424 kB
DirectMap2M:     4001792 kB


CPU:total 4 (4 cores per cpu, 1 threads per core) family 6 model 30 stepping 5, cmov, cx8, fxsr, mmx, sse, sse2, sse3, ssse3, sse4.1, sse4.2, popcnt

Memory: 4k page, physical 4015564k(921760k free), swap 19529724k(19529724k free)

vm_info: OpenJDK 64-Bit Server VM (20.0-b11) for linux-amd64 JRE (1.6.0_22-b22), built on Jun 11 2011 05:56:16 by "buildd" with gcc 4.5.2

time: Tue Aug  2 21:41:53 2011
elapsed time: 485 seconds

