#
# A fatal error has been detected by the Java Runtime Environment:
#
#  SIGBUS (0x7) at pc=0x00007fa4b4b9e880, pid=16337, tid=140345387063040
#
# JRE version: 6.0_24-b07
# Java VM: Java HotSpot(TM) 64-Bit Server VM (19.1-b02 mixed mode linux-amd64 compressed oops)
# Problematic frame:
# 
[error occurred during error reporting (printing problematic frame), id 0x7]

# If you would like to submit a bug report, please visit:
#   http://java.sun.com/webapps/bugreport/crash.jsp
# The crash happened outside the Java Virtual Machine in native code.
# See problematic frame for where to report the bug.
#

---------------  T H R E A D  ---------------

Current thread (0x0000000040a82800):  JavaThread "AWT-EventQueue-0" [_thread_in_native, id=16358, stack(0x00007fa4b4e11000,0x00007fa4b4f12000)]

siginfo:si_signo=SIGBUS: si_errno=0, si_code=2 (BUS_ADRERR), si_addr=0x00007fa4b4b9e880

Registers:
RAX=0x00007fa4b4b9e880, RBX=0x00000000bdd36d88, RCX=0x00007fa4b4f0f798, RDX=0x00007fa4b4f0f7a0
RSP=0x00007fa4b4f0f718, RBP=0x00007fa4b4f0f778, RSI=0x00007fa4b4f0f788, RDI=0x0000000040a829c8
R8 =0x00000000ec82f160, R9 =0x00000000ec82f0f8, R10=0x00007fa4b88c9c7b, R11=0x00007fa4bd199a90
R12=0x0000000000000000, R13=0x00000000bdd36d88, R14=0x00007fa4b4f0f7a0, R15=0x0000000040a82800
RIP=0x00007fa4b4b9e880, EFL=0x0000000000010287, CSGSFS=0x0000000000000033, ERR=0x0000000000000014
  TRAPNO=0x000000000000000e

Register to memory mapping:

RAX=0x00007fa4b4b9e880

[error occurred during error reporting (printing registers, top of stack, instructions near pc), id 0x7]

Stack: [0x00007fa4b4e11000,0x00007fa4b4f12000],  sp=0x00007fa4b4f0f718,  free space=1017k
Native frames: (J=compiled Java code, j=interpreted, Vv=VM code, C=native code)

[error occurred during error reporting (printing native stack), id 0x7]

Java frames: (J=compiled Java code, j=interpreted, Vv=VM code)
j  com.badlogic.gdx.math.Matrix4.mul([F[F)V+0
J  de.swagner.mgcube.GameScreen.render(F)V
j  com.badlogic.gdx.Game.render()V+19
j  com.badlogic.gdx.backends.jogl.JoglGraphics.display(Ljavax/media/opengl/GLAutoDrawable;)V+114
j  com.sun.opengl.impl.GLDrawableHelper.display(Ljavax/media/opengl/GLAutoDrawable;)V+29
j  javax.media.opengl.GLCanvas$DisplayAction.run()V+80
j  com.sun.opengl.impl.GLDrawableHelper.invokeGL(Ljavax/media/opengl/GLDrawable;Ljavax/media/opengl/GLContext;Ljava/lang/Runnable;Ljava/lang/Runnable;)V+418
j  javax.media.opengl.GLCanvas$DisplayOnEventDispatchThreadAction.run()V+35
j  java.awt.event.InvocationEvent.dispatch()V+11
j  java.awt.EventQueue.dispatchEventImpl(Ljava/awt/AWTEvent;Ljava/lang/Object;)V+21
j  java.awt.EventQueue.access$000(Ljava/awt/EventQueue;Ljava/awt/AWTEvent;Ljava/lang/Object;)V+3
j  java.awt.EventQueue$1.run()Ljava/lang/Void;+12
j  java.awt.EventQueue$1.run()Ljava/lang/Object;+1
v  ~StubRoutines::call_stub
j  java.security.AccessController.doPrivileged(Ljava/security/PrivilegedAction;Ljava/security/AccessControlContext;)Ljava/lang/Object;+0
j  java.security.AccessControlContext$1.doIntersectionPrivilege(Ljava/security/PrivilegedAction;Ljava/security/AccessControlContext;Ljava/security/AccessControlContext;)Ljava/lang/Object;+28
j  java.awt.EventQueue.dispatchEvent(Ljava/awt/AWTEvent;)V+46
j  java.awt.EventDispatchThread.pumpOneEventForFilters(I)Z+204
j  java.awt.EventDispatchThread.pumpEventsForFilter(ILjava/awt/Conditional;Ljava/awt/EventFilter;)V+30
j  java.awt.EventDispatchThread.pumpEventsForHierarchy(ILjava/awt/Conditional;Ljava/awt/Component;)V+11
j  java.awt.EventDispatchThread.pumpEvents(ILjava/awt/Conditional;)V+4
j  java.awt.EventDispatchThread.pumpEvents(Ljava/awt/Conditional;)V+3
j  java.awt.EventDispatchThread.run()V+9
v  ~StubRoutines::call_stub

---------------  P R O C E S S  ---------------

Java Threads: ( => current thread )
  0x0000000040623000 JavaThread "DestroyJavaVM" [_thread_blocked, id=16342, stack(0x00007fa4bc75a000,0x00007fa4bc85b000)]
  0x0000000040ba4000 JavaThread "Thread-1" [_thread_blocked, id=16362, stack(0x00007fa4a6525000,0x00007fa4a6626000)]
=>0x0000000040a82800 JavaThread "AWT-EventQueue-0" [_thread_in_native, id=16358, stack(0x00007fa4b4e11000,0x00007fa4b4f12000)]
  0x0000000040a81000 JavaThread "AWT-Shutdown" [_thread_blocked, id=16357, stack(0x00007fa4b5037000,0x00007fa4b5138000)]
  0x0000000040a7f000 JavaThread "AWT-XAWT" daemon [_thread_blocked, id=16356, stack(0x00007fa4b5138000,0x00007fa4b5239000)]
  0x00007fa4b00bf000 JavaThread "Java2D Disposer" daemon [_thread_blocked, id=16355, stack(0x00007fa4b5881000,0x00007fa4b5982000)]
  0x00007fa4b0006800 JavaThread "Low Memory Detector" daemon [_thread_blocked, id=16353, stack(0x00007fa4b6f21000,0x00007fa4b7022000)]
  0x00007fa4b0004000 JavaThread "CompilerThread1" daemon [_thread_blocked, id=16352, stack(0x00007fa4b7022000,0x00007fa4b7123000)]
  0x00007fa4b0001000 JavaThread "CompilerThread0" daemon [_thread_blocked, id=16351, stack(0x00007fa4b7123000,0x00007fa4b7224000)]
  0x00000000406ab800 JavaThread "Signal Dispatcher" daemon [_thread_blocked, id=16350, stack(0x00007fa4b7224000,0x00007fa4b7325000)]
  0x000000004068f000 JavaThread "Finalizer" daemon [_thread_blocked, id=16349, stack(0x00007fa4b772d000,0x00007fa4b782e000)]
  0x0000000040687800 JavaThread "Reference Handler" daemon [_thread_blocked, id=16348, stack(0x00007fa4b782e000,0x00007fa4b792f000)]

Other Threads:
  0x0000000040680800 VMThread [stack: 0x00007fa4b792f000,0x00007fa4b7a30000] [id=16347]
  0x00007fa4b0019800 WatcherThread [stack: 0x00007fa4b6e20000,0x00007fa4b6f21000] [id=16354]

VM state:not at safepoint (normal execution)

VM Mutex/Monitor currently owned by a thread: None

Heap
 PSYoungGen      total 18432K, used 7576K [0x00000000eb600000, 0x00000000eca90000, 0x0000000100000000)
  eden space 15808K, 31% used [0x00000000eb600000,0x00000000ebad7a08,0x00000000ec570000)
  from space 2624K, 99% used [0x00000000ec800000,0x00000000eca8e8b0,0x00000000eca90000)
  to   space 2624K, 0% used [0x00000000ec570000,0x00000000ec570000,0x00000000ec800000)
 PSOldGen        total 42240K, used 1147K [0x00000000c2200000, 0x00000000c4b40000, 0x00000000eb600000)
  object space 42240K, 2% used [0x00000000c2200000,0x00000000c231ed78,0x00000000c4b40000)
 PSPermGen       total 21248K, used 15080K [0x00000000bd000000, 0x00000000be4c0000, 0x00000000c2200000)
  object space 21248K, 70% used [0x00000000bd000000,0x00000000bdeba320,0x00000000be4c0000)

Dynamic libraries:
40000000-40009000 r-xp 00000000 08:05 1662394                            /usr/lib/jvm/java-6-sun-1.6.0.24/jre/bin/java
40108000-4010a000 rwxp 00008000 08:05 1662394                            /usr/lib/jvm/java-6-sun-1.6.0.24/jre/bin/java
4061a000-40d12000 rwxp 00000000 00:00 0                                  [heap]
41a6a000-41a6c000 r-xs 00000000 08:05 531748                             /tmp/glbk1Tta (deleted)
bd000000-be4c0000 rwxp 00000000 00:00 0 
be4c0000-c2200000 rwxp 00000000 00:00 0 
c2200000-c4b40000 rwxp 00000000 00:00 0 
c4b40000-eb600000 rwxp 00000000 00:00 0 
eb600000-eca90000 rwxp 00000000 00:00 0 
eca90000-100000000 rwxp 00000000 00:00 0 
7fa4a3ea9000-7fa4a5807000 rwxp 00000000 00:00 0 
7fa4a5807000-7fa4a597e000 rwxs 00000000 00:04 40108060                   /SYSV00000000 (deleted)
7fa4a597e000-7fa4a59fe000 rwxs 047a7000 00:05 6884                       /dev/nvidia0
7fa4a59fe000-7fa4a5c1f000 rwxp 00000000 00:00 0 
7fa4a5c1f000-7fa4a5c21000 rwxs 00000000 08:05 531748                     /tmp/glbk1Tta (deleted)
7fa4a5c21000-7fa4a6021000 rwxp 00000000 00:00 0 
7fa4a6021000-7fa4a6221000 rwxs 04688000 00:05 6884                       /dev/nvidia0
7fa4a6221000-7fa4a6225000 rwxs 0472c000 00:05 6884                       /dev/nvidia0
7fa4a6225000-7fa4a6325000 rwxs 419ad000 00:05 6884                       /dev/nvidia0
7fa4a6325000-7fa4a6525000 rwxp 00000000 00:00 0 
7fa4a6525000-7fa4a6528000 ---p 00000000 00:00 0 
7fa4a6528000-7fa4a6626000 rwxp 00000000 00:00 0 
7fa4a6626000-7fa4a6627000 ---p 00000000 00:00 0 
7fa4a6627000-7fa4a6e27000 rwxp 00000000 00:00 0 
7fa4a6e27000-7fa4aae28000 rwxs 00000000 00:10 263509                     /dev/shm/pulse-shm-2284714031
7fa4aae28000-7fa4aae29000 ---p 00000000 00:00 0 
7fa4aae29000-7fa4ab629000 rwxp 00000000 00:00 0 
7fa4ab629000-7fa4ab62f000 r-xp 00000000 08:05 1573092                    /usr/lib/libogg.so.0.7.0
7fa4ab62f000-7fa4ab82e000 ---p 00006000 08:05 1573092                    /usr/lib/libogg.so.0.7.0
7fa4ab82e000-7fa4ab82f000 r-xp 00005000 08:05 1573092                    /usr/lib/libogg.so.0.7.0
7fa4ab82f000-7fa4ab830000 rwxp 00006000 08:05 1573092                    /usr/lib/libogg.so.0.7.0
7fa4ab830000-7fa4ab85b000 r-xp 00000000 08:05 1582648                    /usr/lib/libvorbis.so.0.4.5
7fa4ab85b000-7fa4aba5a000 ---p 0002b000 08:05 1582648                    /usr/lib/libvorbis.so.0.4.5
7fa4aba5a000-7fa4aba5b000 r-xp 0002a000 08:05 1582648                    /usr/lib/libvorbis.so.0.4.5
7fa4aba5b000-7fa4aba5c000 rwxp 0002b000 08:05 1582648                    /usr/lib/libvorbis.so.0.4.5
7fa4aba5c000-7fa4abd0f000 r-xp 00000000 08:05 1573212                    /usr/lib/libvorbisenc.so.2.0.8
7fa4abd0f000-7fa4abf0e000 ---p 002b3000 08:05 1573212                    /usr/lib/libvorbisenc.so.2.0.8
7fa4abf0e000-7fa4abf2a000 r-xp 002b2000 08:05 1573212                    /usr/lib/libvorbisenc.so.2.0.8
7fa4abf2a000-7fa4abf2b000 rwxp 002ce000 08:05 1573212                    /usr/lib/libvorbisenc.so.2.0.8
7fa4abf2b000-7fa4abf73000 r-xp 00000000 08:05 1570101                    /usr/lib/libFLAC.so.8.2.0
7fa4abf73000-7fa4ac173000 ---p 00048000 08:05 1570101                    /usr/lib/libFLAC.so.8.2.0
7fa4ac173000-7fa4ac174000 r-xp 00048000 08:05 1570101                    /usr/lib/libFLAC.so.8.2.0
7fa4ac174000-7fa4ac175000 rwxp 00049000 08:05 1570101                    /usr/lib/libFLAC.so.8.2.0
7fa4ac175000-7fa4ac1d6000 r-xp 00000000 08:05 1570821                    /usr/lib/libsndfile.so.1.0.23
7fa4ac1d6000-7fa4ac3d6000 ---p 00061000 08:05 1570821                    /usr/lib/libsndfile.so.1.0.23
7fa4ac3d6000-7fa4ac3d8000 r-xp 00061000 08:05 1570821                    /usr/lib/libsndfile.so.1.0.23
7fa4ac3d8000-7fa4ac3d9000 rwxp 00063000 08:05 1570821                    /usr/lib/libsndfile.so.1.0.23
7fa4ac3d9000-7fa4ac3dd000 rwxp 00000000 00:00 0 
7fa4ac3dd000-7fa4ac3e5000 r-xp 00000000 08:05 538930                     /lib/libwrap.so.0.7.6
7fa4ac3e5000-7fa4ac5e5000 ---p 00008000 08:05 538930                     /lib/libwrap.so.0.7.6
7fa4ac5e5000-7fa4ac5e6000 r-xp 00008000 08:05 538930                     /lib/libwrap.so.0.7.6
7fa4ac5e6000-7fa4ac5e7000 rwxp 00009000 08:05 538930                     /lib/libwrap.so.0.7.6
7fa4ac5e7000-7fa4ac5e8000 rwxp 00000000 00:00 0 
7fa4ac5e8000-7fa4ac5ec000 r-xp 00000000 08:05 534738                     /lib/x86_64-linux-gnu/libuuid.so.1.3.0
7fa4ac5ec000-7fa4ac7eb000 ---p 00004000 08:05 534738                     /lib/x86_64-linux-gnu/libuuid.so.1.3.0
7fa4ac7eb000-7fa4ac7ec000 r-xp 00003000 08:05 534738                     /lib/x86_64-linux-gnu/libuuid.so.1.3.0
7fa4ac7ec000-7fa4ac7ed000 rwxp 00004000 08:05 534738                     /lib/x86_64-linux-gnu/libuuid.so.1.3.0
7fa4ac7ed000-7fa4ac82f000 r-xp 00000000 08:05 525819                     /lib/x86_64-linux-gnu/libdbus-1.so.3.5.4
7fa4ac82f000-7fa4aca2f000 ---p 00042000 08:05 525819                     /lib/x86_64-linux-gnu/libdbus-1.so.3.5.4
7fa4aca2f000-7fa4aca30000 r-xp 00042000 08:05 525819                     /lib/x86_64-linux-gnu/libdbus-1.so.3.5.4
7fa4aca30000-7fa4aca31000 rwxp 00043000 08:05 525819                     /lib/x86_64-linux-gnu/libdbus-1.so.3.5.4
7fa4aca31000-7fa4aca7c000 r-xp 00000000 08:05 1580900                    /usr/lib/libpulsecommon-0.9.22.so
7fa4aca7c000-7fa4acc7b000 ---p 0004b000 08:05 1580900                    /usr/lib/libpulsecommon-0.9.22.so
7fa4acc7b000-7fa4acc7c000 r-xp 0004a000 08:05 1580900                    /usr/lib/libpulsecommon-0.9.22.so
7fa4acc7c000-7fa4acc7d000 rwxp 0004b000 08:05 1580900                    /usr/lib/libpulsecommon-0.9.22.so
7fa4acc7d000-7fa4acc80000 r-xp 00000000 08:05 1573582                    /usr/lib/libxcb-atom.so.1.0.0
7fa4acc80000-7fa4ace80000 ---p 00003000 08:05 1573582                    /usr/lib/libxcb-atom.so.1.0.0
7fa4ace80000-7fa4ace81000 r-xp 00003000 08:05 1573582                    /usr/lib/libxcb-atom.so.1.0.0
7fa4ace81000-7fa4ace82000 rwxp 00004000 08:05 1573582                    /usr/lib/libxcb-atom.so.1.0.0
7fa4ace82000-7fa4ace89000 r-xp 00000000 08:05 1578963                    /usr/lib/x86_64-linux-gnu/libSM.so.6.0.1
7fa4ace89000-7fa4ad088000 ---p 00007000 08:05 1578963                    /usr/lib/x86_64-linux-gnu/libSM.so.6.0.1
7fa4ad088000-7fa4ad089000 r-xp 00006000 08:05 1578963                    /usr/lib/x86_64-linux-gnu/libSM.so.6.0.1
7fa4ad089000-7fa4ad08a000 rwxp 00007000 08:05 1578963                    /usr/lib/x86_64-linux-gnu/libSM.so.6.0.1
7fa4ad08a000-7fa4ad0a0000 r-xp 00000000 08:05 1571606                    /usr/lib/x86_64-linux-gnu/libICE.so.6.3.0
7fa4ad0a0000-7fa4ad2a0000 ---p 00016000 08:05 1571606                    /usr/lib/x86_64-linux-gnu/libICE.so.6.3.0
7fa4ad2a0000-7fa4ad2a1000 r-xp 00016000 08:05 1571606                    /usr/lib/x86_64-linux-gnu/libICE.so.6.3.0
7fa4ad2a1000-7fa4ad2a2000 rwxp 00017000 08:05 1571606                    /usr/lib/x86_64-linux-gnu/libICE.so.6.3.0
7fa4ad2a2000-7fa4ad2a5000 rwxp 00000000 00:00 0 
7fa4ad2a5000-7fa4ad2a6000 r-xp 00000000 08:05 1570508                    /usr/lib/x86_64-linux-gnu/libX11-xcb.so.1.0.0
7fa4ad2a6000-7fa4ad4a5000 ---p 00001000 08:05 1570508                    /usr/lib/x86_64-linux-gnu/libX11-xcb.so.1.0.0
7fa4ad4a5000-7fa4ad4a6000 r-xp 00000000 08:05 1570508                    /usr/lib/x86_64-linux-gnu/libX11-xcb.so.1.0.0
7fa4ad4a6000-7fa4ad4a7000 rwxp 00001000 08:05 1570508                    /usr/lib/x86_64-linux-gnu/libX11-xcb.so.1.0.0
7fa4ad4a7000-7fa4ad4e7000 r-xp 00000000 08:05 1573921                    /usr/lib/libpulse.so.0.12.3
7fa4ad4e7000-7fa4ad6e6000 ---p 00040000 08:05 1573921                    /usr/lib/libpulse.so.0.12.3
7fa4ad6e6000-7fa4ad6e7000 r-xp 0003f000 08:05 1573921                    /usr/lib/libpulse.so.0.12.3
7fa4ad6e7000-7fa4ad6e8000 rwxp 00040000 08:05 1573921                    /usr/lib/libpulse.so.0.12.3
7fa4ad6e8000-7fa4ad734000 r-xp 00000000 08:05 530066                     /tmp/libgdx/1799094955/libopenal64.so
7fa4ad734000-7fa4ad933000 ---p 0004c000 08:05 530066                     /tmp/libgdx/1799094955/libopenal64.so
7fa4ad933000-7fa4ad935000 r-xp 0004b000 08:05 530066                     /tmp/libgdx/1799094955/libopenal64.so
7fa4ad935000-7fa4ad936000 rwxp 0004d000 08:05 530066                     /tmp/libgdx/1799094955/libopenal64.so
7fa4ad936000-7fa4ad937000 rwxp 00000000 00:00 0 
7fa4ad937000-7fa4ad93f000 r-xp 00000000 08:05 1581969                    /usr/lib/x86_64-linux-gnu/libXrandr.so.2.2.0
7fa4ad93f000-7fa4adb3e000 ---p 00008000 08:05 1581969                    /usr/lib/x86_64-linux-gnu/libXrandr.so.2.2.0
7fa4adb3e000-7fa4adb3f000 r-xp 00007000 08:05 1581969                    /usr/lib/x86_64-linux-gnu/libXrandr.so.2.2.0
7fa4adb3f000-7fa4adb40000 rwxp 00008000 08:05 1581969                    /usr/lib/x86_64-linux-gnu/libXrandr.so.2.2.0
7fa4adb40000-7fa4adbb9000 r-xp 00000000 08:05 530319                     /tmp/libgdx/1799094955/liblwjgl64.so
7fa4adbb9000-7fa4addb8000 ---p 00079000 08:05 530319                     /tmp/libgdx/1799094955/liblwjgl64.so
7fa4addb8000-7fa4addba000 r-xp 00078000 08:05 530319                     /tmp/libgdx/1799094955/liblwjgl64.so
7fa4addba000-7fa4addbb000 rwxp 0007a000 08:05 530319                     /tmp/libgdx/1799094955/liblwjgl64.so
7fa4addbb000-7fa4adeaa000 r-xp 00000000 08:05 530036                     /tmp/libgdx/1799094955/libjogl-linux64.so
7fa4adeaa000-7fa4adfaa000 ---p 000ef000 08:05 530036                     /tmp/libgdx/1799094955/libjogl-linux64.so
7fa4adfaa000-7fa4adfab000 rwxp 000ef000 08:05 530036                     /tmp/libgdx/1799094955/libjogl-linux64.so
7fa4adfab000-7fa4af3f9000 r-xp 00000000 08:05 723                        /usr/lib/nvidia-current/libnvidia-glcore.so.270.41.19
7fa4af3f9000-7fa4af5f9000 ---p 0144e000 08:05 723                        /usr/lib/nvidia-current/libnvidia-glcore.so.270.41.19
7fa4af5f9000-7fa4afbe1000 rwxp 0144e000 08:05 723                        /usr/lib/nvidia-current/libnvidia-glcore.so.270.41.19
7fa4afbe1000-7fa4afbf8000 rwxp 00000000 00:00 0 
7fa4afbf8000-7fa4afbf9000 r-xp 00000000 08:05 716                        /usr/lib/nvidia-current/tls/libnvidia-tls.so.270.41.19
7fa4afbf9000-7fa4afdf9000 ---p 00001000 08:05 716                        /usr/lib/nvidia-current/tls/libnvidia-tls.so.270.41.19
7fa4afdf9000-7fa4afdfa000 rwxp 00001000 08:05 716                        /usr/lib/nvidia-current/tls/libnvidia-tls.so.270.41.19
7fa4afdfa000-7fa4afdff000 r-xp 00000000 08:05 1581972                    /usr/lib/x86_64-linux-gnu/libXxf86vm.so.1.0.0
7fa4afdff000-7fa4afffe000 ---p 00005000 08:05 1581972                    /usr/lib/x86_64-linux-gnu/libXxf86vm.so.1.0.0
7fa4afffe000-7fa4affff000 r-xp 00004000 08:05 1581972                    /usr/lib/x86_64-linux-gnu/libXxf86vm.so.1.0.0
7fa4affff000-7fa4b0000000 rwxp 00005000 08:05 1581972                    /usr/lib/x86_64-linux-gnu/libXxf86vm.so.1.0.0
7fa4b0000000-7fa4b042c000 rwxp 00000000 00:00 0 
7fa4b042c000-7fa4b4000000 ---p 00000000 00:00 0 
7fa4b4055000-7fa4b4056000 r-xp 00000000 08:05 1734853                    /usr/lib/jvm/java-6-sun-1.6.0.24/jre/lib/amd64/libjawt.so
7fa4b4056000-7fa4b4155000 ---p 00001000 08:05 1734853                    /usr/lib/jvm/java-6-sun-1.6.0.24/jre/lib/amd64/libjawt.so
7fa4b4155000-7fa4b4156000 rwxp 00000000 08:05 1734853                    /usr/lib/jvm/java-6-sun-1.6.0.24/jre/lib/amd64/libjawt.so
7fa4b4156000-7fa4b4213000 r-xp 00000000 08:05 928                        /usr/lib/nvidia-current/libGL.so.270.41.19
7fa4b4213000-7fa4b4413000 ---p 000bd000 08:05 928                        /usr/lib/nvidia-current/libGL.so.270.41.19
7fa4b4413000-7fa4b444c000 rwxp 000bd000 08:05 928                        /usr/lib/nvidia-current/libGL.so.270.41.19
7fa4b444c000-7fa4b4462000 rwxp 00000000 00:00 0 
7fa4b4462000-7fa4b4464000 r-xp 00000000 08:05 529574                     /tmp/libgdx/1799094955/libjogl_awt-linux64.so
7fa4b4464000-7fa4b4563000 ---p 00002000 08:05 529574                     /tmp/libgdx/1799094955/libjogl_awt-linux64.so
7fa4b4563000-7fa4b4564000 rwxp 00001000 08:05 529574                     /tmp/libgdx/1799094955/libjogl_awt-linux64.so
7fa4b4564000-7fa4b4565000 r-xp 00000000 08:05 529533                     /tmp/libgdx/1799094955/libgluegen-rt-linux64.so
7fa4b4565000-7fa4b4664000 ---p 00001000 08:05 529533                     /tmp/libgdx/1799094955/libgluegen-rt-linux64.so
7fa4b4664000-7fa4b4665000 rwxp 00000000 08:05 529533                     /tmp/libgdx/1799094955/libgluegen-rt-linux64.so
7fa4b4665000-7fa4b467a000 r-xp 00000000 08:05 528127                     /lib/x86_64-linux-gnu/libgcc_s.so.1
7fa4b467a000-7fa4b4879000 ---p 00015000 08:05 528127                     /lib/x86_64-linux-gnu/libgcc_s.so.1
7fa4b4879000-7fa4b487a000 r-xp 00014000 08:05 528127                     /lib/x86_64-linux-gnu/libgcc_s.so.1
7fa4b487a000-7fa4b487b000 rwxp 00015000 08:05 528127                     /lib/x86_64-linux-gnu/libgcc_s.so.1
7fa4b487b000-7fa4b4963000 r-xp 00000000 08:05 1571250                    /usr/lib/x86_64-linux-gnu/libstdc++.so.6.0.14
7fa4b4963000-7fa4b4b62000 ---p 000e8000 08:05 1571250                    /usr/lib/x86_64-linux-gnu/libstdc++.so.6.0.14
7fa4b4b62000-7fa4b4b6a000 r-xp 000e7000 08:05 1571250                    /usr/lib/x86_64-linux-gnu/libstdc++.so.6.0.14
7fa4b4b6a000-7fa4b4b6c000 rwxp 000ef000 08:05 1571250                    /usr/lib/x86_64-linux-gnu/libstdc++.so.6.0.14
7fa4b4b6c000-7fa4b4b81000 rwxp 00000000 00:00 0 
7fa4b4b81000-7fa4b4c0c000 r-xp 00000000 08:05 527843                     /tmp/libgdx/1799094955/libgdx-64.so
7fa4b4c0c000-7fa4b4e0c000 ---p 0008b000 08:05 527843                     /tmp/libgdx/1799094955/libgdx-64.so
7fa4b4e0c000-7fa4b4e0d000 r-xp 0008b000 08:05 527843                     /tmp/libgdx/1799094955/libgdx-64.so
7fa4b4e0d000-7fa4b4e0e000 rwxp 0008c000 08:05 527843                     /tmp/libgdx/1799094955/libgdx-64.so
7fa4b4e0e000-7fa4b4e11000 rwxp 00000000 00:00 0 
7fa4b4e11000-7fa4b4e14000 ---p 00000000 00:00 0 
7fa4b4e14000-7fa4b4f12000 rwxp 00000000 00:00 0 
7fa4b4f12000-7fa4b4f13000 r-xs 00000000 08:05 532633                     /var/cache/fontconfig/26de28bc8622bbc1fb67fd234c21975f-le64.cache-3
7fa4b4f13000-7fa4b4f14000 r-xs 00000000 08:05 554485                     /var/cache/fontconfig/c05880de57d1f5e948fdfacc138775d9-le64.cache-3
7fa4b4f14000-7fa4b4f1d000 r-xs 00000000 08:05 527845                     /var/cache/fontconfig/945677eb7aeaf62f1d50efc3fb3ec7d8-le64.cache-3
7fa4b4f1d000-7fa4b4f1f000 r-xs 00000000 08:05 554480                     /var/cache/fontconfig/99e8ed0e538f840c565b6ed5dad60d56-le64.cache-3
7fa4b4f1f000-7fa4b4f22000 r-xs 00000000 08:05 554411                     /var/cache/fontconfig/f24b2111ab8703b4e963115a8cf14259-le64.cache-3
7fa4b4f22000-7fa4b4f25000 r-xs 00000000 08:05 554479                     /var/cache/fontconfig/e383d7ea5fbe662a33d9b44caf393297-le64.cache-3
7fa4b4f25000-7fa4b4f28000 r-xs 00000000 08:05 554477                     /var/cache/fontconfig/2cd17615ca594fa2959ae173292e504c-le64.cache-3
7fa4b4f28000-7fa4b4f29000 r-xs 00000000 08:05 554471                     /var/cache/fontconfig/e7071f4a29fa870f4323321c154eba04-le64.cache-3
7fa4b4f29000-7fa4b4f32000 r-xs 00000000 08:05 554448                     /var/cache/fontconfig/6d41288fd70b0be22e8c3a91e032eec0-le64.cache-3
7fa4b4f32000-7fa4b4f42000 r-xs 00000000 08:05 554447                     /var/cache/fontconfig/0f34bcd4b6ee430af32735b75db7f02b-le64.cache-3
7fa4b4f42000-7fa4b4f70000 r-xs 00000000 08:05 554435                     /var/cache/fontconfig/365b55f210c0a22e9a19e35191240f32-le64.cache-3
7fa4b4fd7000-7fa4b5017000 rwxs c2b4c000 00:05 6884                       /dev/nvidia0
7fa4b5037000-7fa4b503a000 ---p 00000000 00:00 0 
7fa4b503a000-7fa4b5138000 rwxp 00000000 00:00 0 
7fa4b5138000-7fa4b513b000 ---p 00000000 00:00 0 
7fa4b513b000-7fa4b5239000 rwxp 00000000 00:00 0 
7fa4b5239000-7fa4b523e000 r-xp 00000000 08:05 1570859                    /usr/lib/x86_64-linux-gnu/libXfixes.so.3.1.0
7fa4b523e000-7fa4b543d000 ---p 00005000 08:05 1570859                    /usr/lib/x86_64-linux-gnu/libXfixes.so.3.1.0
7fa4b543d000-7fa4b543e000 r-xp 00004000 08:05 1570859                    /usr/lib/x86_64-linux-gnu/libXfixes.so.3.1.0
7fa4b543e000-7fa4b543f000 rwxp 00005000 08:05 1570859                    /usr/lib/x86_64-linux-gnu/libXfixes.so.3.1.0
7fa4b543f000-7fa4b5448000 r-xp 00000000 08:05 1570620                    /usr/lib/x86_64-linux-gnu/libXrender.so.1.3.0
7fa4b5448000-7fa4b5648000 ---p 00009000 08:05 1570620                    /usr/lib/x86_64-linux-gnu/libXrender.so.1.3.0
7fa4b5648000-7fa4b5649000 r-xp 00009000 08:05 1570620                    /usr/lib/x86_64-linux-gnu/libXrender.so.1.3.0
7fa4b5649000-7fa4b564a000 rwxp 0000a000 08:05 1570620                    /usr/lib/x86_64-linux-gnu/libXrender.so.1.3.0
7fa4b564a000-7fa4b5653000 r-xp 00000000 08:05 1573929                    /usr/lib/x86_64-linux-gnu/libXcursor.so.1.0.2
7fa4b5653000-7fa4b5852000 ---p 00009000 08:05 1573929                    /usr/lib/x86_64-linux-gnu/libXcursor.so.1.0.2
7fa4b5852000-7fa4b5853000 r-xp 00008000 08:05 1573929                    /usr/lib/x86_64-linux-gnu/libXcursor.so.1.0.2
7fa4b5853000-7fa4b5854000 rwxp 00009000 08:05 1573929                    /usr/lib/x86_64-linux-gnu/libXcursor.so.1.0.2
7fa4b5857000-7fa4b585b000 rwxs 02931000 00:05 6884                       /dev/nvidia0
7fa4b585b000-7fa4b585c000 rwxs d000b000 00:05 6884                       /dev/nvidia0
7fa4b585c000-7fa4b585d000 rwxs 0288c000 00:05 6884                       /dev/nvidia0
7fa4b585d000-7fa4b5861000 rwxs 05686000 00:05 6884                       /dev/nvidia0
7fa4b5861000-7fa4b5862000 rwxs fbc0c000 00:05 6884                       /dev/nvidia0
7fa4b5862000-7fa4b5863000 rwxs fb641000 00:05 6884                       /dev/nvidia0
7fa4b5863000-7fa4b5864000 rwxs 1112ac000 00:05 6884                      /dev/nvidia0
7fa4b5864000-7fa4b5865000 rwxs 0781b000 00:05 6884                       /dev/nvidia0
7fa4b5865000-7fa4b5866000 rwxs fb060000 00:05 6884                       /dev/nvidia0
7fa4b5866000-7fa4b5881000 rwxs 115a60000 00:05 6884                      /dev/nvidia0
7fa4b5881000-7fa4b5884000 ---p 00000000 00:00 0 
7fa4b5884000-7fa4b5982000 rwxp 00000000 00:00 0 
7fa4b5982000-7fa4b59fb000 r-xp 00000000 08:05 1734841                    /usr/lib/jvm/java-6-sun-1.6.0.24/jre/lib/amd64/libfontmanager.so
7fa4b59fb000-7fa4b5afa000 ---p 00079000 08:05 1734841                    /usr/lib/jvm/java-6-sun-1.6.0.24/jre/lib/amd64/libfontmanager.so
7fa4b5afa000-7fa4b5b0f000 rwxp 00078000 08:05 1734841                    /usr/lib/jvm/java-6-sun-1.6.0.24/jre/lib/amd64/libfontmanager.so
7fa4b5b0f000-7fa4b5b20000 rwxp 00000000 00:00 0 
7fa4b5b20000-7fa4b5b25000 r-xp 00000000 08:05 1573561                    /usr/lib/x86_64-linux-gnu/libXdmcp.so.6.0.0
7fa4b5b25000-7fa4b5d24000 ---p 00005000 08:05 1573561                    /usr/lib/x86_64-linux-gnu/libXdmcp.so.6.0.0
7fa4b5d24000-7fa4b5d25000 r-xp 00004000 08:05 1573561                    /usr/lib/x86_64-linux-gnu/libXdmcp.so.6.0.0
7fa4b5d25000-7fa4b5d26000 rwxp 00005000 08:05 1573561                    /usr/lib/x86_64-linux-gnu/libXdmcp.so.6.0.0
7fa4b5d26000-7fa4b5d28000 r-xp 00000000 08:05 1570542                    /usr/lib/x86_64-linux-gnu/libXau.so.6.0.0
7fa4b5d28000-7fa4b5f27000 ---p 00002000 08:05 1570542                    /usr/lib/x86_64-linux-gnu/libXau.so.6.0.0
7fa4b5f27000-7fa4b5f28000 r-xp 00001000 08:05 1570542                    /usr/lib/x86_64-linux-gnu/libXau.so.6.0.0
7fa4b5f28000-7fa4b5f29000 rwxp 00002000 08:05 1570542                    /usr/lib/x86_64-linux-gnu/libXau.so.6.0.0
7fa4b5f29000-7fa4b5f44000 r-xp 00000000 08:05 1572615                    /usr/lib/x86_64-linux-gnu/libxcb.so.1.1.0
7fa4b5f44000-7fa4b6143000 ---p 0001b000 08:05 1572615                    /usr/lib/x86_64-linux-gnu/libxcb.so.1.1.0
7fa4b6143000-7fa4b6144000 r-xp 0001a000 08:05 1572615                    /usr/lib/x86_64-linux-gnu/libxcb.so.1.1.0
7fa4b6144000-7fa4b6145000 rwxp 0001b000 08:05 1572615                    /usr/lib/x86_64-linux-gnu/libxcb.so.1.1.0
7fa4b6145000-7fa4b6154000 r-xp 00000000 08:05 1613065                    /usr/lib/x86_64-linux-gnu/libXi.so.6.1.0
7fa4b6154000-7fa4b6353000 ---p 0000f000 08:05 1613065                    /usr/lib/x86_64-linux-gnu/libXi.so.6.1.0
7fa4b6353000-7fa4b6354000 r-xp 0000e000 08:05 1613065                    /usr/lib/x86_64-linux-gnu/libXi.so.6.1.0
7fa4b6354000-7fa4b6355000 rwxp 0000f000 08:05 1613065                    /usr/lib/x86_64-linux-gnu/libXi.so.6.1.0
7fa4b6355000-7fa4b635a000 r-xp 00000000 08:05 1572606                    /usr/lib/libXtst.so.6.1.0
7fa4b635a000-7fa4b6559000 ---p 00005000 08:05 1572606                    /usr/lib/libXtst.so.6.1.0
7fa4b6559000-7fa4b655a000 r-xp 00004000 08:05 1572606                    /usr/lib/libXtst.so.6.1.0
7fa4b655a000-7fa4b655b000 rwxp 00005000 08:05 1572606                    /usr/lib/libXtst.so.6.1.0
7fa4b655b000-7fa4b6690000 r-xp 00000000 08:05 1573591                    /usr/lib/x86_64-linux-gnu/libX11.so.6.3.0
7fa4b6690000-7fa4b6890000 ---p 00135000 08:05 1573591                    /usr/lib/x86_64-linux-gnu/libX11.so.6.3.0
7fa4b6890000-7fa4b6891000 r-xp 00135000 08:05 1573591                    /usr/lib/x86_64-linux-gnu/libX11.so.6.3.0
7fa4b6891000-7fa4b6895000 rwxp 00136000 08:05 1573591                    /usr/lib/x86_64-linux-gnu/libX11.so.6.3.0
7fa4b6895000-7fa4b68a6000 r-xp 00000000 08:05 1571673                    /usr/lib/x86_64-linux-gnu/libXext.so.6.4.0
7fa4b68a6000-7fa4b6aa5000 ---p 00011000 08:05 1571673                    /usr/lib/x86_64-linux-gnu/libXext.so.6.4.0
7fa4b6aa5000-7fa4b6aa6000 r-xp 00010000 08:05 1571673                    /usr/lib/x86_64-linux-gnu/libXext.so.6.4.0
7fa4b6aa6000-7fa4b6aa7000 rwxp 00011000 08:05 1571673                    /usr/lib/x86_64-linux-gnu/libXext.so.6.4.0
7fa4b6aa7000-7fa4b6aab000 r-xs 00000000 08:05 554470                     /var/cache/fontconfig/6eb3985aa4124903f6ff08ba781cd364-le64.cache-3
7fa4b6aab000-7fa4b6ab0000 r-xs 00000000 08:05 554453                     /var/cache/fontconfig/062808c12e6e608270f93bb230aed730-le64.cache-3
7fa4b6ab0000-7fa4b6ab6000 r-xs 00000000 08:05 554429                     /var/cache/fontconfig/a755afe4a08bf5b97852ceb7400b47bc-le64.cache-3
7fa4b6ab6000-7fa4b6ac0000 r-xs 00000000 08:05 554433                     /var/cache/fontconfig/d52a8644073d54c13679302ca1180695-le64.cache-3
7fa4b6ac0000-7fa4b6ac1000 r-xs 00000000 08:05 554418                     /var/cache/fontconfig/ec648e9a1aea82bddd4bd6050028158d-le64.cache-3
7fa4b6ac1000-7fa4b6ad4000 r-xs 00000000 08:05 538224                     /var/cache/fontconfig/e13b20fdb08344e0e664864cc2ede53d-le64.cache-3
7fa4b6ad4000-7fa4b6b16000 r-xp 00000000 08:05 1734831                    /usr/lib/jvm/java-6-sun-1.6.0.24/jre/lib/amd64/xawt/libmawt.so
7fa4b6b16000-7fa4b6c15000 ---p 00042000 08:05 1734831                    /usr/lib/jvm/java-6-sun-1.6.0.24/jre/lib/amd64/xawt/libmawt.so
7fa4b6c15000-7fa4b6c21000 rwxp 00041000 08:05 1734831                    /usr/lib/jvm/java-6-sun-1.6.0.24/jre/lib/amd64/xawt/libmawt.so
7fa4b6c21000-7fa4b6c22000 rwxp 00000000 00:00 0 
7fa4b6c22000-7fa4b6cb4000 r-xp 00000000 08:05 1734852                    /usr/lib/jvm/java-6-sun-1.6.0.24/jre/lib/amd64/libawt.so
7fa4b6cb4000-7fa4b6db3000 ---p 00092000 08:05 1734852                    /usr/lib/jvm/java-6-sun-1.6.0.24/jre/lib/amd64/libawt.so
7fa4b6db3000-7fa4b6dcc000 rwxp 00091000 08:05 1734852                    /usr/lib/jvm/java-6-sun-1.6.0.24/jre/lib/amd64/libawt.so
7fa4b6dcc000-7fa4b6df1000 rwxp 00000000 00:00 0 
7fa4b6df1000-7fa4b6dfa000 r-xs 00076000 08:05 1339556                    /home/bompo/git/mgcube/libs/gdx.jar
7fa4b6dfa000-7fa4b6e00000 r-xs 00064000 08:05 1339995                    /home/bompo/git/mgcube/libs/gdx-sources.jar
7fa4b6e00000-7fa4b6e01000 r-xs 001d6000 08:05 1339734                    /home/bompo/git/mgcube/libs/gdx-natives.jar
7fa4b6e01000-7fa4b6e1b000 r-xs 00205000 08:05 1330241                    /home/bompo/git/mgcube/libs/gdx-backend-jogl.jar
7fa4b6e1b000-7fa4b6e1c000 r-xs 00006000 08:05 1330357                    /home/bompo/git/mgcube/libs/gdx-backend-jogl-sources.jar
7fa4b6e1c000-7fa4b6e1d000 r-xs 001f3000 08:05 1339854                    /home/bompo/git/mgcube/libs/gdx-backend-jogl-natives.jar
7fa4b6e1d000-7fa4b6e20000 r-xs 0000f000 08:05 1622792                    /usr/lib/jvm/java-6-sun-1.6.0.24/jre/lib/ext/pulse-java.jar
7fa4b6e20000-7fa4b6e21000 ---p 00000000 00:00 0 
7fa4b6e21000-7fa4b6f21000 rwxp 00000000 00:00 0 
7fa4b6f21000-7fa4b6f24000 ---p 00000000 00:00 0 
7fa4b6f24000-7fa4b7022000 rwxp 00000000 00:00 0 
7fa4b7022000-7fa4b7025000 ---p 00000000 00:00 0 
7fa4b7025000-7fa4b7123000 rwxp 00000000 00:00 0 
7fa4b7123000-7fa4b7126000 ---p 00000000 00:00 0 
7fa4b7126000-7fa4b7224000 rwxp 00000000 00:00 0 
7fa4b7224000-7fa4b7227000 ---p 00000000 00:00 0 
7fa4b7227000-7fa4b7325000 rwxp 00000000 00:00 0 
7fa4b7325000-7fa4b772d000 r-xp 00000000 08:05 1570348                    /usr/lib/locale/locale-archive
7fa4b772d000-7fa4b7730000 ---p 00000000 00:00 0 
7fa4b7730000-7fa4b782e000 rwxp 00000000 00:00 0 
7fa4b782e000-7fa4b7831000 ---p 00000000 00:00 0 
7fa4b7831000-7fa4b792f000 rwxp 00000000 00:00 0 
7fa4b792f000-7fa4b7930000 ---p 00000000 00:00 0 
7fa4b7930000-7fa4b7f69000 rwxp 00000000 00:00 0 
7fa4b7f69000-7fa4b8101000 r-xs 03027000 08:05 1662454                    /usr/lib/jvm/java-6-sun-1.6.0.24/jre/lib/rt.jar
7fa4b8101000-7fa4b8129000 rwxp 00000000 00:00 0 
7fa4b8129000-7fa4b812a000 ---p 00000000 00:00 0 
7fa4b812a000-7fa4b822a000 rwxp 00000000 00:00 0 
7fa4b822a000-7fa4b822b000 ---p 00000000 00:00 0 
7fa4b822b000-7fa4b832b000 rwxp 00000000 00:00 0 
7fa4b832b000-7fa4b832c000 ---p 00000000 00:00 0 
7fa4b832c000-7fa4b842c000 rwxp 00000000 00:00 0 
7fa4b842c000-7fa4b842d000 ---p 00000000 00:00 0 
7fa4b842d000-7fa4b8538000 rwxp 00000000 00:00 0 
7fa4b8538000-7fa4b8556000 rwxp 00000000 00:00 0 
7fa4b8556000-7fa4b856b000 rwxp 00000000 00:00 0 
7fa4b856b000-7fa4b86a0000 rwxp 00000000 00:00 0 
7fa4b86a0000-7fa4b86ab000 rwxp 00000000 00:00 0 
7fa4b86ab000-7fa4b86c9000 rwxp 00000000 00:00 0 
7fa4b86c9000-7fa4b86de000 rwxp 00000000 00:00 0 
7fa4b86de000-7fa4b8813000 rwxp 00000000 00:00 0 
7fa4b8813000-7fa4b881e000 rwxp 00000000 00:00 0 
7fa4b881e000-7fa4b88b8000 rwxp 00000000 00:00 0 
7fa4b88b8000-7fa4b8b29000 rwxp 00000000 00:00 0 
7fa4b8b29000-7fa4bb8b9000 rwxp 00000000 00:00 0 
7fa4bb8b9000-7fa4bb8c7000 r-xp 00000000 08:05 1734847                    /usr/lib/jvm/java-6-sun-1.6.0.24/jre/lib/amd64/libzip.so
7fa4bb8c7000-7fa4bb9c9000 ---p 0000e000 08:05 1734847                    /usr/lib/jvm/java-6-sun-1.6.0.24/jre/lib/amd64/libzip.so
7fa4bb9c9000-7fa4bb9cc000 rwxp 00010000 08:05 1734847                    /usr/lib/jvm/java-6-sun-1.6.0.24/jre/lib/amd64/libzip.so
7fa4bb9cc000-7fa4bb9cd000 rwxp 00000000 00:00 0 
7fa4bb9cd000-7fa4bb9d9000 r-xp 00000000 08:05 535712                     /lib/x86_64-linux-gnu/libnss_files-2.13.so
7fa4bb9d9000-7fa4bbbd8000 ---p 0000c000 08:05 535712                     /lib/x86_64-linux-gnu/libnss_files-2.13.so
7fa4bbbd8000-7fa4bbbd9000 r-xp 0000b000 08:05 535712                     /lib/x86_64-linux-gnu/libnss_files-2.13.so
7fa4bbbd9000-7fa4bbbda000 rwxp 0000c000 08:05 535712                     /lib/x86_64-linux-gnu/libnss_files-2.13.so
7fa4bbbda000-7fa4bbbe5000 r-xp 00000000 08:05 535714                     /lib/x86_64-linux-gnu/libnss_nis-2.13.so
7fa4bbbe5000-7fa4bbde4000 ---p 0000b000 08:05 535714                     /lib/x86_64-linux-gnu/libnss_nis-2.13.so
7fa4bbde4000-7fa4bbde5000 r-xp 0000a000 08:05 535714                     /lib/x86_64-linux-gnu/libnss_nis-2.13.so
7fa4bbde5000-7fa4bbde6000 rwxp 0000b000 08:05 535714                     /lib/x86_64-linux-gnu/libnss_nis-2.13.so
7fa4bbde6000-7fa4bbdee000 r-xp 00000000 08:05 535710                     /lib/x86_64-linux-gnu/libnss_compat-2.13.so
7fa4bbdee000-7fa4bbfed000 ---p 00008000 08:05 535710                     /lib/x86_64-linux-gnu/libnss_compat-2.13.so
7fa4bbfed000-7fa4bbfee000 r-xp 00007000 08:05 535710                     /lib/x86_64-linux-gnu/libnss_compat-2.13.so
7fa4bbfee000-7fa4bbfef000 rwxp 00008000 08:05 535710                     /lib/x86_64-linux-gnu/libnss_compat-2.13.so
7fa4bbfef000-7fa4bbff6000 r-xp 00000000 08:05 1734857                    /usr/lib/jvm/java-6-sun-1.6.0.24/jre/lib/amd64/native_threads/libhpi.so
7fa4bbff6000-7fa4bc0f7000 ---p 00007000 08:05 1734857                    /usr/lib/jvm/java-6-sun-1.6.0.24/jre/lib/amd64/native_threads/libhpi.so
7fa4bc0f7000-7fa4bc0f9000 rwxp 00008000 08:05 1734857                    /usr/lib/jvm/java-6-sun-1.6.0.24/jre/lib/amd64/native_threads/libhpi.so
7fa4bc0f9000-7fa4bc0fa000 rwxp 00000000 00:00 0 
7fa4bc0fa000-7fa4bc111000 r-xp 00000000 08:05 535709                     /lib/x86_64-linux-gnu/libnsl-2.13.so
7fa4bc111000-7fa4bc310000 ---p 00017000 08:05 535709                     /lib/x86_64-linux-gnu/libnsl-2.13.so
7fa4bc310000-7fa4bc311000 r-xp 00016000 08:05 535709                     /lib/x86_64-linux-gnu/libnsl-2.13.so
7fa4bc311000-7fa4bc312000 rwxp 00017000 08:05 535709                     /lib/x86_64-linux-gnu/libnsl-2.13.so
7fa4bc312000-7fa4bc314000 rwxp 00000000 00:00 0 
7fa4bc314000-7fa4bc33d000 r-xp 00000000 08:05 1734846                    /usr/lib/jvm/java-6-sun-1.6.0.24/jre/lib/amd64/libjava.so
7fa4bc33d000-7fa4bc43c000 ---p 00029000 08:05 1734846                    /usr/lib/jvm/java-6-sun-1.6.0.24/jre/lib/amd64/libjava.so
7fa4bc43c000-7fa4bc443000 rwxp 00028000 08:05 1734846                    /usr/lib/jvm/java-6-sun-1.6.0.24/jre/lib/amd64/libjava.so
7fa4bc443000-7fa4bc450000 r-xp 00000000 08:05 1731420                    /usr/lib/jvm/java-6-sun-1.6.0.24/jre/lib/amd64/libverify.so
7fa4bc450000-7fa4bc54f000 ---p 0000d000 08:05 1731420                    /usr/lib/jvm/java-6-sun-1.6.0.24/jre/lib/amd64/libverify.so
7fa4bc54f000-7fa4bc552000 rwxp 0000c000 08:05 1731420                    /usr/lib/jvm/java-6-sun-1.6.0.24/jre/lib/amd64/libverify.so
7fa4bc552000-7fa4bc559000 r-xp 00000000 08:05 535724                     /lib/x86_64-linux-gnu/librt-2.13.so
7fa4bc559000-7fa4bc758000 ---p 00007000 08:05 535724                     /lib/x86_64-linux-gnu/librt-2.13.so
7fa4bc758000-7fa4bc759000 r-xp 00006000 08:05 535724                     /lib/x86_64-linux-gnu/librt-2.13.so
7fa4bc759000-7fa4bc75a000 rwxp 00007000 08:05 535724                     /lib/x86_64-linux-gnu/librt-2.13.so
7fa4bc75a000-7fa4bc75d000 ---p 00000000 00:00 0 
7fa4bc75d000-7fa4bc85b000 rwxp 00000000 00:00 0 
7fa4bc85b000-7fa4bc8df000 r-xp 00000000 08:05 535703                     /lib/x86_64-linux-gnu/libm-2.13.so
7fa4bc8df000-7fa4bcade000 ---p 00084000 08:05 535703                     /lib/x86_64-linux-gnu/libm-2.13.so
7fa4bcade000-7fa4bcadf000 r-xp 00083000 08:05 535703                     /lib/x86_64-linux-gnu/libm-2.13.so
7fa4bcadf000-7fa4bcae0000 rwxp 00084000 08:05 535703                     /lib/x86_64-linux-gnu/libm-2.13.so
7fa4bcae0000-7fa4bd31e000 r-xp 00000000 08:05 1734849                    /usr/lib/jvm/java-6-sun-1.6.0.24/jre/lib/amd64/server/libjvm.so
7fa4bd31e000-7fa4bd41d000 ---p 0083e000 08:05 1734849                    /usr/lib/jvm/java-6-sun-1.6.0.24/jre/lib/amd64/server/libjvm.so
7fa4bd41d000-7fa4bd5b1000 rwxp 0083d000 08:05 1734849                    /usr/lib/jvm/java-6-sun-1.6.0.24/jre/lib/amd64/server/libjvm.so
7fa4bd5b1000-7fa4bd5ea000 rwxp 00000000 00:00 0 
7fa4bd5ea000-7fa4bd774000 r-xp 00000000 08:05 535697                     /lib/x86_64-linux-gnu/libc-2.13.so
7fa4bd774000-7fa4bd973000 ---p 0018a000 08:05 535697                     /lib/x86_64-linux-gnu/libc-2.13.so
7fa4bd973000-7fa4bd977000 r-xp 00189000 08:05 535697                     /lib/x86_64-linux-gnu/libc-2.13.so
7fa4bd977000-7fa4bd978000 rwxp 0018d000 08:05 535697                     /lib/x86_64-linux-gnu/libc-2.13.so
7fa4bd978000-7fa4bd97e000 rwxp 00000000 00:00 0 
7fa4bd97e000-7fa4bd980000 r-xp 00000000 08:05 535702                     /lib/x86_64-linux-gnu/libdl-2.13.so
7fa4bd980000-7fa4bdb80000 ---p 00002000 08:05 535702                     /lib/x86_64-linux-gnu/libdl-2.13.so
7fa4bdb80000-7fa4bdb81000 r-xp 00002000 08:05 535702                     /lib/x86_64-linux-gnu/libdl-2.13.so
7fa4bdb81000-7fa4bdb82000 rwxp 00003000 08:05 535702                     /lib/x86_64-linux-gnu/libdl-2.13.so
7fa4bdb82000-7fa4bdb9a000 r-xp 00000000 08:05 535718                     /lib/x86_64-linux-gnu/libpthread-2.13.so
7fa4bdb9a000-7fa4bdd9a000 ---p 00018000 08:05 535718                     /lib/x86_64-linux-gnu/libpthread-2.13.so
7fa4bdd9a000-7fa4bdd9b000 r-xp 00018000 08:05 535718                     /lib/x86_64-linux-gnu/libpthread-2.13.so
7fa4bdd9b000-7fa4bdd9c000 rwxp 00019000 08:05 535718                     /lib/x86_64-linux-gnu/libpthread-2.13.so
7fa4bdd9c000-7fa4bdda0000 rwxp 00000000 00:00 0 
7fa4bdda0000-7fa4bddc1000 r-xp 00000000 08:05 535673                     /lib/x86_64-linux-gnu/ld-2.13.so
7fa4bddc1000-7fa4bddc2000 r-xs 00000000 08:05 554466                     /var/cache/fontconfig/4c73fe0c47614734b17d736dbde7580a-le64.cache-3
7fa4bddc2000-7fa4bddc3000 r-xs 00000000 08:05 554459                     /var/cache/fontconfig/0d8c3b2ac0904cb8a57a757ad11a4a08-le64.cache-3
7fa4bddc3000-7fa4bddcd000 rwxp 00000000 00:00 0 
7fa4bddcd000-7fa4bde83000 rwxp 00000000 00:00 0 
7fa4bde83000-7fa4bde86000 rwxp 00000000 00:00 0 
7fa4bde86000-7fa4bde8d000 r-xp 00000000 08:05 1731410                    /usr/lib/jvm/java-6-sun-1.6.0.24/jre/lib/amd64/jli/libjli.so
7fa4bde8d000-7fa4bdf8e000 ---p 00007000 08:05 1731410                    /usr/lib/jvm/java-6-sun-1.6.0.24/jre/lib/amd64/jli/libjli.so
7fa4bdf8e000-7fa4bdf90000 rwxp 00008000 08:05 1731410                    /usr/lib/jvm/java-6-sun-1.6.0.24/jre/lib/amd64/jli/libjli.so
7fa4bdf90000-7fa4bdf91000 rwxp 00000000 00:00 0 
7fa4bdf91000-7fa4bdf92000 r-xs 00000000 08:05 554454                     /var/cache/fontconfig/6a53c69dea097a2d716e069445527da8-le64.cache-3
7fa4bdf92000-7fa4bdf97000 r-xs 00000000 08:05 554452                     /var/cache/fontconfig/515ca1ebc4b18308bea979be5704f9db-le64.cache-3
7fa4bdf97000-7fa4bdf9a000 r-xs 00000000 08:05 554441                     /var/cache/fontconfig/d60319d88cac85ba9e1a07bd06cfbb8c-le64.cache-3
7fa4bdf9a000-7fa4bdf9b000 r-xs 00000000 08:05 530935                     /var/cache/fontconfig/4794a0821666d79190d59a36cb4f44b5-le64.cache-3
7fa4bdf9b000-7fa4bdf9f000 r-xs 00000000 08:05 538228                     /var/cache/fontconfig/7ef2298fde41cc6eeb7af42e48b7d293-le64.cache-3
7fa4bdf9f000-7fa4bdfb3000 r-xs 00000000 08:05 527842                     /var/cache/fontconfig/865f88548240fee46819705c6468c165-le64.cache-3
7fa4bdfb3000-7fa4bdfb4000 r-xs 00000000 08:05 1345055                    /home/bompo/.fontconfig/aa7e4f27e681240d22a1f116cf7520f0-le64.cache-3
7fa4bdfb4000-7fa4bdfbc000 rwxs 00000000 08:05 531038                     /tmp/hsperfdata_bompo/16337
7fa4bdfbc000-7fa4bdfbd000 rwxp 00000000 00:00 0 
7fa4bdfbd000-7fa4bdfbe000 r-xp 00000000 00:00 0 
7fa4bdfbe000-7fa4bdfc0000 rwxp 00000000 00:00 0 
7fa4bdfc0000-7fa4bdfc1000 r-xp 00020000 08:05 535673                     /lib/x86_64-linux-gnu/ld-2.13.so
7fa4bdfc1000-7fa4bdfc3000 rwxp 00021000 08:05 535673                     /lib/x86_64-linux-gnu/ld-2.13.so
7fff7e074000-7fff7e095000 rwxp 00000000 00:00 0                          [stack]
7fff7e0ee000-7fff7e0ef000 r-xp 00000000 00:00 0                          [vdso]
ffffffffff600000-ffffffffff601000 r-xp 00000000 00:00 0                  [vsyscall]

VM Arguments:
jvm_args: -Dfile.encoding=UTF-8 
java_command: de.swagner.mgcube.DesktopStarter
Launcher Type: SUN_STANDARD

Environment Variables:
PATH=/usr/local/sbin:/usr/local/bin:/usr/sbin:/usr/bin:/sbin:/bin:/usr/games
USERNAME=bompo
LD_LIBRARY_PATH=/usr/lib/jvm/java-6-sun-1.6.0.24/jre/lib/amd64/server:/usr/lib/jvm/java-6-sun-1.6.0.24/jre/lib/amd64:/usr/lib/jvm/java-6-sun-1.6.0.24/jre/../lib/amd64:/usr/lib/jvm/java-6-openjdk/jre/lib/amd64/server:/usr/lib/jvm/java-6-openjdk/jre/lib/amd64:/usr/lib/jvm/java-6-openjdk/jre/../lib/amd64:/usr/lib64/xulrunner-addons
SHELL=/bin/bash
DISPLAY=:0.0

Signal Handlers:
SIGSEGV: [libjvm.so+0x791b30], sa_mask[0]=0x7ffbfeff, sa_flags=0x10000004
SIGBUS: [libjvm.so+0x791b30], sa_mask[0]=0x7ffbfeff, sa_flags=0x10000004
SIGFPE: [libjvm.so+0x640ba0], sa_mask[0]=0x7ffbfeff, sa_flags=0x10000004
SIGPIPE: [libjvm.so+0x640ba0], sa_mask[0]=0x7ffbfeff, sa_flags=0x10000004
SIGXFSZ: [libjvm.so+0x640ba0], sa_mask[0]=0x7ffbfeff, sa_flags=0x10000004
SIGILL: [libjvm.so+0x640ba0], sa_mask[0]=0x7ffbfeff, sa_flags=0x10000004
SIGUSR1: SIG_DFL, sa_mask[0]=0x00000000, sa_flags=0x00000000
SIGUSR2: [libjvm.so+0x643780], sa_mask[0]=0x00000004, sa_flags=0x10000004
SIGHUP: [libjvm.so+0x643380], sa_mask[0]=0x7ffbfeff, sa_flags=0x10000004
SIGINT: [libjvm.so+0x643380], sa_mask[0]=0x7ffbfeff, sa_flags=0x10000004
SIGTERM: [libjvm.so+0x643380], sa_mask[0]=0x7ffbfeff, sa_flags=0x10000004
SIGQUIT: [libjvm.so+0x643380], sa_mask[0]=0x7ffbfeff, sa_flags=0x10000004


---------------  S Y S T E M  ---------------

OS:squeeze/sid

uname:Linux 2.6.38-10-generic #44-Ubuntu SMP Thu Jun 2 21:32:22 UTC 2011 x86_64
libc:glibc 2.13 NPTL 2.13 
rlimit: STACK 8192k, CORE 0k, NPROC infinity, NOFILE 4096, AS infinity
load average:0.23 0.16 0.17

/proc/meminfo:
MemTotal:        4047872 kB
MemFree:           74428 kB
Buffers:          265128 kB
Cached:          1204404 kB
SwapCached:            0 kB
Active:          2275772 kB
Inactive:        1238748 kB
Active(anon):    1620468 kB
Inactive(anon):   443084 kB
Active(file):     655304 kB
Inactive(file):   795664 kB
Unevictable:         200 kB
Mlocked:             148 kB
SwapTotal:      19529724 kB
SwapFree:       19529548 kB
Dirty:              1004 kB
Writeback:             0 kB
AnonPages:       2045440 kB
Mapped:           248064 kB
Shmem:             18456 kB
Slab:             241896 kB
SReclaimable:     212796 kB
SUnreclaim:        29100 kB
KernelStack:        4208 kB
PageTables:        40752 kB
NFS_Unstable:          0 kB
Bounce:                0 kB
WritebackTmp:          0 kB
CommitLimit:    21553660 kB
Committed_AS:    5083712 kB
VmallocTotal:   34359738367 kB
VmallocUsed:      341784 kB
VmallocChunk:   34359382756 kB
HardwareCorrupted:     0 kB
HugePages_Total:       0
HugePages_Free:        0
HugePages_Rsvd:        0
HugePages_Surp:        0
Hugepagesize:       2048 kB
DirectMap4k:      200128 kB
DirectMap2M:     3985408 kB


CPU:total 4 (4 cores per cpu, 1 threads per core) family 6 model 30 stepping 5, cmov, cx8, fxsr, mmx, sse, sse2, sse3, ssse3, sse4.1, sse4.2, popcnt

Memory: 4k page, physical 4047872k(74428k free), swap 19529724k(19529548k free)

vm_info: Java HotSpot(TM) 64-Bit Server VM (19.1-b02) for linux-amd64 JRE (1.6.0_24-b07), built on Feb  2 2011 16:55:54 by "java_re" with gcc 3.2.2 (SuSE Linux)

time: Sat Jun 18 16:11:24 2011
elapsed time: 61 seconds

