#
# A fatal error has been detected by the Java Runtime Environment:
#
#  EXCEPTION_ACCESS_VIOLATION (0xc0000005) at pc=0x69c1b30a, pid=4944, tid=3328
#
# JRE version: 6.0_24-b07
# Java VM: Java HotSpot(TM) Client VM (19.1-b02 mixed mode, sharing windows-x86 )
# Problematic frame:
# C  [nvoglv32.DLL+0x71b30a]
#
# If you would like to submit a bug report, please visit:
#   http://java.sun.com/webapps/bugreport/crash.jsp
# The crash happened outside the Java Virtual Machine in native code.
# See problematic frame for where to report the bug.
#

---------------  T H R E A D  ---------------

Current thread (0x047b5000):  JavaThread "AWT-EventQueue-0" [_thread_in_native, id=3328, stack(0x04da0000,0x04df0000)]

siginfo: ExceptionCode=0xc0000005, reading address 0x0dd46000

Registers:
EAX=0x0dde5c04, EBX=0x0dd45ff2, ECX=0x00000002, EDX=0x0dde5c14
ESP=0x04deed48, EBP=0x04deed4c, ESI=0x0dd45fe2, EDI=0x000004c0
EIP=0x69c1b30a, EFLAGS=0x00010202

Register to memory mapping:

EAX=0x0dde5c04
0x0dde5c04 is pointing to unknown location

EBX=0x0dd45ff2
0x0dd45ff2 is pointing to unknown location

ECX=0x00000002
0x00000002 is pointing to unknown location

EDX=0x0dde5c14
0x0dde5c14 is pointing to unknown location

ESP=0x04deed48
0x04deed48 is pointing into the stack for thread: 0x047b5000
"AWT-EventQueue-0" prio=6 tid=0x047b5000 nid=0xd00 runnable [0x04def000]
   java.lang.Thread.State: RUNNABLE

EBP=0x04deed4c
0x04deed4c is pointing into the stack for thread: 0x047b5000
"AWT-EventQueue-0" prio=6 tid=0x047b5000 nid=0xd00 runnable [0x04def000]
   java.lang.Thread.State: RUNNABLE

ESI=0x0dd45fe2
0x0dd45fe2 is pointing to unknown location

EDI=0x000004c0
0x000004c0 is pointing to unknown location


Top of Stack: (sp=0x04deed48)
0x04deed48:   00000000 04deed74 69c1b5f4 0dde5c04
0x04deed58:   0dd45fe2 00000003 00000000 000004fe
0x04deed68:   69a70ef0 00000000 0dde5c04 04deed9c
0x04deed78:   69a70f82 00000030 0000000c 00000002
0x04deed88:   00000002 01f81a00 69d487a0 00000001
0x04deed98:   04deee34 04deedc4 69a75abf 09d00000
0x04deeda8:   04deee34 0dd45b20 0dde5742 0ad5ff68
0x04deedb8:   04deee34 09d00000 000001e0 04deee04 

Instructions: (pc=0x69c1b30a)
0x69c1b2fa:   53 74 3e a8 0f 74 1d 8b 5d 0c 8b 55 08 8b 4d 10
0x69c1b30a:   0f 10 43 00 83 c3 10 0f 11 42 00 83 c2 10 49 75 


Stack: [0x04da0000,0x04df0000],  sp=0x04deed48,  free space=315k
Native frames: (J=compiled Java code, j=interpreted, Vv=VM code, C=native code)
C  [nvoglv32.DLL+0x71b30a]
C  [nvoglv32.DLL+0x71b5f4]
C  [nvoglv32.DLL+0x570f82]
C  [nvoglv32.DLL+0x575abf]
C  [nvoglv32.DLL+0x57b6d6]
C  [nvoglv32.DLL+0x2674f]
C  [nvoglv32.DLL+0x5f3e35]
C  [nvoglv32.DLL+0x5f4259]
C  [nvoglv32.DLL+0x5f478b]
C  [nvoglv32.DLL+0x150b77]
C  [jogl-win32.dll+0xec64]
j  com.sun.opengl.impl.GLImpl.glTexImage2D0(IIIIIIIILjava/lang/Object;I)V+0
j  com.sun.opengl.impl.GLImpl.glTexImage2D(IIIIIIIILjava/nio/Buffer;)V+55
j  com.badlogic.gdx.backends.jogl.JoglGL20.glTexImage2D(IIIIIIIILjava/nio/Buffer;)V+19
j  com.badlogic.gdx.graphics.Texture.uploadImageData(Lcom/badlogic/gdx/graphics/Pixmap;)V+175
j  com.badlogic.gdx.graphics.Texture.<init>(IILcom/badlogic/gdx/graphics/Pixmap$Format;)V+98
j  com.badlogic.gdx.graphics.glutils.FrameBuffer.build()V+17
j  com.badlogic.gdx.graphics.glutils.FrameBuffer.<init>(Lcom/badlogic/gdx/graphics/Pixmap$Format;IIZ)V+20
j  de.swagner.mgcube.GameScreen.initRender()V+56
j  de.swagner.mgcube.GameScreen.resize(II)V+7
j  com.badlogic.gdx.Game.resize(II)V+13
j  com.badlogic.gdx.backends.jogl.JoglGraphics.reshape(Ljavax/media/opengl/GLAutoDrawable;IIII)V+8
j  com.sun.opengl.impl.GLDrawableHelper.reshape(Ljavax/media/opengl/GLAutoDrawable;IIII)V+38
j  javax.media.opengl.GLCanvas$DisplayAction.run()V+57
j  com.sun.opengl.impl.GLDrawableHelper.invokeGL(Ljavax/media/opengl/GLDrawable;Ljavax/media/opengl/GLContext;Ljava/lang/Runnable;Ljava/lang/Runnable;)V+418
j  javax.media.opengl.GLCanvas$DisplayOnEventDispatchThreadAction.run()V+35
j  java.awt.event.InvocationEvent.dispatch()V+11
j  java.awt.EventQueue.dispatchEventImpl(Ljava/awt/AWTEvent;Ljava/lang/Object;)V+21
j  java.awt.EventQueue.access$000(Ljava/awt/EventQueue;Ljava/awt/AWTEvent;Ljava/lang/Object;)V+3
j  java.awt.EventQueue$1.run()Ljava/lang/Void;+12
j  java.awt.EventQueue$1.run()Ljava/lang/Object;+1
v  ~StubRoutines::call_stub
V  [jvm.dll+0xf0ab9]
V  [jvm.dll+0x1837d1]
V  [jvm.dll+0xf0b3d]
V  [jvm.dll+0x1212df]
C  [java.dll+0x102f]
j  java.security.AccessControlContext$1.doIntersectionPrivilege(Ljava/security/PrivilegedAction;Ljava/security/AccessControlContext;Ljava/security/AccessControlContext;)Ljava/lang/Object;+28
j  java.awt.EventQueue.dispatchEvent(Ljava/awt/AWTEvent;)V+46
j  java.awt.EventDispatchThread.pumpOneEventForFilters(I)Z+204
j  java.awt.EventDispatchThread.pumpEventsForFilter(ILjava/awt/Conditional;Ljava/awt/EventFilter;)V+30
j  java.awt.EventDispatchThread.pumpEventsForHierarchy(ILjava/awt/Conditional;Ljava/awt/Component;)V+11
j  java.awt.EventDispatchThread.pumpEvents(ILjava/awt/Conditional;)V+4
j  java.awt.EventDispatchThread.pumpEvents(Ljava/awt/Conditional;)V+3
j  java.awt.EventDispatchThread.run()V+9
v  ~StubRoutines::call_stub
V  [jvm.dll+0xf0ab9]
V  [jvm.dll+0x1837d1]
V  [jvm.dll+0xf0c61]
V  [jvm.dll+0xf0cbb]
V  [jvm.dll+0x11b4b9]
V  [jvm.dll+0x1e4624]
V  [jvm.dll+0x18317c]
C  [msvcr71.dll+0x9565]
C  [kernel32.dll+0x13677]
C  [ntdll.dll+0x39f02]
C  [ntdll.dll+0x39ed5]

Java frames: (J=compiled Java code, j=interpreted, Vv=VM code)
j  com.sun.opengl.impl.GLImpl.glTexImage2D0(IIIIIIIILjava/lang/Object;I)V+0
j  com.sun.opengl.impl.GLImpl.glTexImage2D(IIIIIIIILjava/nio/Buffer;)V+55
j  com.badlogic.gdx.backends.jogl.JoglGL20.glTexImage2D(IIIIIIIILjava/nio/Buffer;)V+19
j  com.badlogic.gdx.graphics.Texture.uploadImageData(Lcom/badlogic/gdx/graphics/Pixmap;)V+175
j  com.badlogic.gdx.graphics.Texture.<init>(IILcom/badlogic/gdx/graphics/Pixmap$Format;)V+98
j  com.badlogic.gdx.graphics.glutils.FrameBuffer.build()V+17
j  com.badlogic.gdx.graphics.glutils.FrameBuffer.<init>(Lcom/badlogic/gdx/graphics/Pixmap$Format;IIZ)V+20
j  de.swagner.mgcube.GameScreen.initRender()V+56
j  de.swagner.mgcube.GameScreen.resize(II)V+7
j  com.badlogic.gdx.Game.resize(II)V+13
j  com.badlogic.gdx.backends.jogl.JoglGraphics.reshape(Ljavax/media/opengl/GLAutoDrawable;IIII)V+8
j  com.sun.opengl.impl.GLDrawableHelper.reshape(Ljavax/media/opengl/GLAutoDrawable;IIII)V+38
j  javax.media.opengl.GLCanvas$DisplayAction.run()V+57
j  com.sun.opengl.impl.GLDrawableHelper.invokeGL(Ljavax/media/opengl/GLDrawable;Ljavax/media/opengl/GLContext;Ljava/lang/Runnable;Ljava/lang/Runnable;)V+418
j  javax.media.opengl.GLCanvas$DisplayOnEventDispatchThreadAction.run()V+35
j  java.awt.event.InvocationEvent.dispatch()V+11
j  java.awt.EventQueue.dispatchEventImpl(Ljava/awt/AWTEvent;Ljava/lang/Object;)V+21
j  java.awt.EventQueue.access$000(Ljava/awt/EventQueue;Ljava/awt/AWTEvent;Ljava/lang/Object;)V+3
j  java.awt.EventQueue$1.run()Ljava/lang/Void;+12
j  java.awt.EventQueue$1.run()Ljava/lang/Object;+1
v  ~StubRoutines::call_stub
j  java.security.AccessController.doPrivileged(Ljava/security/PrivilegedAction;Ljava/security/AccessControlContext;)Ljava/lang/Object;+0
j  java.security.AccessControlContext$1.doIntersectionPrivilege(Ljava/security/PrivilegedAction;Ljava/security/AccessControlContext;Ljava/security/AccessControlContext;)Ljava/lang/Object;+28
j  java.awt.EventQueue.dispatchEvent(Ljava/awt/AWTEvent;)V+46
j  java.awt.EventDispatchThread.pumpOneEventForFilters(I)Z+204
j  java.awt.EventDispatchThread.pumpEventsForFilter(ILjava/awt/Conditional;Ljava/awt/EventFilter;)V+30
j  java.awt.EventDispatchThread.pumpEventsForHierarchy(ILjava/awt/Conditional;Ljava/awt/Component;)V+11
j  java.awt.EventDispatchThread.pumpEvents(ILjava/awt/Conditional;)V+4
j  java.awt.EventDispatchThread.pumpEvents(Ljava/awt/Conditional;)V+3
j  java.awt.EventDispatchThread.run()V+9
v  ~StubRoutines::call_stub

---------------  P R O C E S S  ---------------

Java Threads: ( => current thread )
  0x0751d000 JavaThread "D3D Screen Updater" daemon [_thread_blocked, id=4564, stack(0x08a10000,0x08a60000)]
  0x0213a400 JavaThread "DestroyJavaVM" [_thread_blocked, id=1812, stack(0x003b0000,0x00400000)]
  0x047b8000 JavaThread "Thread-3" [_thread_blocked, id=1820, stack(0x08980000,0x089d0000)]
=>0x047b5000 JavaThread "AWT-EventQueue-0" [_thread_in_native, id=3328, stack(0x04da0000,0x04df0000)]
  0x047b4400 JavaThread "AWT-Windows" daemon [_thread_in_native, id=3688, stack(0x04d10000,0x04d60000)]
  0x047b3c00 JavaThread "AWT-Shutdown" [_thread_blocked, id=3552, stack(0x04c80000,0x04cd0000)]
  0x047b1400 JavaThread "Java2D Disposer" daemon [_thread_blocked, id=4816, stack(0x04bf0000,0x04c40000)]
  0x02017000 JavaThread "Low Memory Detector" daemon [_thread_blocked, id=624, stack(0x04680000,0x046d0000)]
  0x02012400 JavaThread "CompilerThread0" daemon [_thread_blocked, id=4424, stack(0x045f0000,0x04640000)]
  0x0200f000 JavaThread "Attach Listener" daemon [_thread_blocked, id=4300, stack(0x04560000,0x045b0000)]
  0x0200c000 JavaThread "Signal Dispatcher" daemon [_thread_blocked, id=4152, stack(0x044d0000,0x04520000)]
  0x02005400 JavaThread "Finalizer" daemon [_thread_blocked, id=3952, stack(0x04440000,0x04490000)]
  0x02003400 JavaThread "Reference Handler" daemon [_thread_blocked, id=1424, stack(0x043b0000,0x04400000)]

Other Threads:
  0x01fc7c00 VMThread [stack: 0x04320000,0x04370000] [id=1352]
  0x02028c00 WatcherThread [stack: 0x04710000,0x04760000] [id=4836]

VM state:not at safepoint (normal execution)

VM Mutex/Monitor currently owned by a thread: None

Heap
 def new generation   total 4928K, used 3341K [0x141e0000, 0x14730000, 0x1ec80000)
  eden space 4416K,  68% used [0x141e0000, 0x144d2fe8, 0x14630000)
  from space 512K,  62% used [0x14630000, 0x146807c0, 0x146b0000)
  to   space 512K,   0% used [0x146b0000, 0x146b0000, 0x14730000)
 tenured generation   total 10944K, used 2337K [0x1ec80000, 0x1f730000, 0x341e0000)
   the space 10944K,  21% used [0x1ec80000, 0x1eec8640, 0x1eec8800, 0x1f730000)
 compacting perm gen  total 12288K, used 4617K [0x341e0000, 0x34de0000, 0x381e0000)
   the space 12288K,  37% used [0x341e0000, 0x34662468, 0x34662600, 0x34de0000)
    ro space 10240K,  51% used [0x381e0000, 0x3870cf58, 0x3870d000, 0x38be0000)
    rw space 12288K,  54% used [0x38be0000, 0x39278f50, 0x39279000, 0x397e0000)

Dynamic libraries:
0x00400000 - 0x00424000 	C:\Program Files (x86)\Java\jre6\bin\javaw.exe
0x77200000 - 0x77380000 	C:\Windows\SysWOW64\ntdll.dll
0x767b0000 - 0x768b0000 	C:\Windows\syswow64\kernel32.dll
0x76700000 - 0x76746000 	C:\Windows\syswow64\KERNELBASE.dll
0x74e20000 - 0x74ec0000 	C:\Windows\syswow64\ADVAPI32.dll
0x74960000 - 0x74a0c000 	C:\Windows\syswow64\msvcrt.dll
0x766e0000 - 0x766f9000 	C:\Windows\SysWOW64\sechost.dll
0x75420000 - 0x75510000 	C:\Windows\syswow64\RPCRT4.dll
0x74900000 - 0x74960000 	C:\Windows\syswow64\SspiCli.dll
0x748f0000 - 0x748fc000 	C:\Windows\syswow64\CRYPTBASE.dll
0x74a10000 - 0x74b10000 	C:\Windows\syswow64\USER32.dll
0x750e0000 - 0x75170000 	C:\Windows\syswow64\GDI32.dll
0x74f10000 - 0x74f1a000 	C:\Windows\syswow64\LPK.dll
0x75570000 - 0x7560d000 	C:\Windows\syswow64\USP10.dll
0x75070000 - 0x750d0000 	C:\Windows\system32\IMM32.DLL
0x74f20000 - 0x74fec000 	C:\Windows\syswow64\MSCTF.dll
0x7c340000 - 0x7c396000 	C:\Program Files (x86)\Java\jre6\bin\msvcr71.dll
0x6d7f0000 - 0x6da96000 	C:\Program Files (x86)\Java\jre6\bin\client\jvm.dll
0x745f0000 - 0x74622000 	C:\Windows\system32\WINMM.dll
0x72fa0000 - 0x72feb000 	C:\Windows\system32\apphelp.dll
0x6d7a0000 - 0x6d7ac000 	C:\Program Files (x86)\Java\jre6\bin\verify.dll
0x6d320000 - 0x6d33f000 	C:\Program Files (x86)\Java\jre6\bin\java.dll
0x6d280000 - 0x6d288000 	C:\Program Files (x86)\Java\jre6\bin\hpi.dll
0x74e10000 - 0x74e15000 	C:\Windows\syswow64\PSAPI.DLL
0x6d7e0000 - 0x6d7ef000 	C:\Program Files (x86)\Java\jre6\bin\zip.dll
0x6d000000 - 0x6d14a000 	C:\Program Files (x86)\Java\jre6\bin\awt.dll
0x72640000 - 0x72691000 	C:\Windows\system32\WINSPOOL.DRV
0x75170000 - 0x752cc000 	C:\Windows\syswow64\ole32.dll
0x726a0000 - 0x7283e000 	C:\Windows\WinSxS\x86_microsoft.windows.common-controls_6595b64144ccf1df_6.0.7600.16661_none_420fe3fa2b8113bd\COMCTL32.dll
0x75510000 - 0x75567000 	C:\Windows\syswow64\SHLWAPI.dll
0x74550000 - 0x74563000 	C:\Windows\system32\DWMAPI.DLL
0x74570000 - 0x745f0000 	C:\Windows\system32\uxtheme.dll
0x6e6c0000 - 0x6e73b000 	C:\Users\Tino\AppData\Local\Temp\libgdx\1799094955\gdx.dll
0x6d350000 - 0x6d356000 	C:\Program Files (x86)\Java\jre6\bin\jawt.dll
0x10000000 - 0x10005000 	C:\Users\Tino\AppData\Local\Temp\libgdx\1799094955\gluegen-rt-win32.dll
0x005f0000 - 0x005f5000 	C:\Users\Tino\AppData\Local\Temp\libgdx\1799094955\jogl_awt-win32.dll
0x04df0000 - 0x04e3d000 	C:\Users\Tino\AppData\Local\Temp\libgdx\1799094955\jogl-win32.dll
0x663e0000 - 0x664a8000 	C:\Windows\system32\OPENGL32.dll
0x6ed30000 - 0x6ed52000 	C:\Windows\system32\GLU32.dll
0x662f0000 - 0x663d7000 	C:\Windows\system32\DDRAW.dll
0x6ed20000 - 0x6ed26000 	C:\Windows\system32\DCIMAN32.dll
0x74c60000 - 0x74dfd000 	C:\Windows\syswow64\SETUPAPI.dll
0x74c30000 - 0x74c57000 	C:\Windows\syswow64\CFGMGR32.dll
0x75640000 - 0x756cf000 	C:\Windows\syswow64\OLEAUT32.dll
0x759e0000 - 0x759f2000 	C:\Windows\syswow64\DEVOBJ.dll
0x6d230000 - 0x6d27f000 	C:\Program Files (x86)\Java\jre6\bin\fontmanager.dll
0x6f940000 - 0x6fb03000 	C:\Windows\system32\d3d9.dll
0x73350000 - 0x73359000 	C:\Windows\system32\VERSION.dll
0x74220000 - 0x74226000 	C:\Windows\system32\d3d8thk.dll
0x65940000 - 0x662e5000 	C:\Windows\system32\nvd3dum.dll
0x6f360000 - 0x6f385000 	C:\Windows\system32\powrprof.dll
0x07730000 - 0x077a2000 	C:\Users\Tino\AppData\Local\Temp\libgdx\1799094955\lwjgl.dll
0x077b0000 - 0x07800000 	C:\Users\Tino\AppData\Local\Temp\libgdx\1799094955\OpenAL32.dll
0x75a90000 - 0x766d9000 	C:\Windows\syswow64\SHELL32.dll
0x07880000 - 0x078f2000 	C:\Windows\system32\dsound.dll
0x75a00000 - 0x75a83000 	C:\Windows\syswow64\CLBCatQ.DLL
0x6f4d0000 - 0x6f509000 	C:\Windows\System32\MMDevApi.dll
0x6fb70000 - 0x6fc65000 	C:\Windows\System32\PROPSYS.dll
0x6f490000 - 0x6f4c6000 	C:\Windows\system32\AUDIOSES.DLL
0x73910000 - 0x73917000 	C:\Windows\system32\avrt.dll
0x69500000 - 0x6a378000 	C:\Windows\system32\nvoglv32.DLL
0x753f0000 - 0x7541d000 	C:\Windows\syswow64\WINTRUST.dll
0x74b10000 - 0x74c2c000 	C:\Windows\syswow64\CRYPT32.dll
0x771d0000 - 0x771dc000 	C:\Windows\syswow64\MSASN1.dll

VM Arguments:
jvm_args: -Xmx512M -Dfile.encoding=Cp1252 
java_command: de.swagner.mgcube.DesktopStarter
Launcher Type: SUN_STANDARD

Environment Variables:
JAVA_TOOL_OPTIONS=-Xmx512M
PATH=C:/Program Files (x86)/Java/jre6/bin/client;C:/Program Files (x86)/Java/jre6/bin;C:/Program Files (x86)/Java/jre6/lib/i386;C:\Program Files\Common Files\Microsoft Shared\Windows Live;C:\Program Files (x86)\Common Files\Microsoft Shared\Windows Live;C:\Windows\system32;C:\Windows;C:\Windows\System32\Wbem;C:\Windows\System32\WindowsPowerShell\v1.0\;C:\Program Files (x86)\Windows Live\Shared;c:\Program Files (x86)\Microsoft SQL Server\90\Tools\binn\;C:\Program Files (x86)\Toshiba\Bluetooth Toshiba Stack\sys\;C:\Program Files (x86)\Toshiba\Bluetooth Toshiba Stack\sys\x64\;C:\Program Files (x86)\QuickTime\QTSystem\;C:\Program Files (x86)\CVSNT\
USERNAME=Tino
OS=Windows_NT
PROCESSOR_IDENTIFIER=Intel64 Family 6 Model 30 Stepping 5, GenuineIntel



---------------  S Y S T E M  ---------------

OS: Windows 7 Build 7600 

CPU:total 8 (4 cores per cpu, 2 threads per core) family 6 model 30 stepping 5, cmov, cx8, fxsr, mmx, sse, sse2, sse3, ssse3, sse4.1, sse4.2, popcnt, ht

Memory: 4k page, physical 4125060k(2064720k free), swap 8248220k(5799036k free)

vm_info: Java HotSpot(TM) Client VM (19.1-b02) for windows-x86 JRE (1.6.0_24-b07), built on Feb  2 2011 17:44:41 by "java_re" with MS VC++ 7.1 (VS2003)

time: Wed Jun 22 11:35:48 2011
elapsed time: 3 seconds

