#
# A fatal error has been detected by the Java Runtime Environment:
#
#  SIGBUS (0x7) at pc=0x00007fe23497bf80, pid=11221, tid=140609516259072
#
# JRE version: 6.0_22-b22
# Java VM: OpenJDK 64-Bit Server VM (20.0-b11 mixed mode linux-amd64 compressed oops)
# Derivative: IcedTea6 1.10.2
# Distribution: Ubuntu 11.04, package 6b22-1.10.2-0ubuntu1~11.04.1
# Problematic frame:
# 
[error occurred during error reporting (printing problematic frame), id 0x7]

# If you would like to submit a bug report, please include
# instructions how to reproduce the bug and visit:
#   https://bugs.launchpad.net/ubuntu/+source/openjdk-6/
# The crash happened outside the Java Virtual Machine in native code.
# See problematic frame for where to report the bug.
#

---------------  T H R E A D  ---------------

Current thread (0x00007fe230105800):  JavaThread "LWJGL Application" [_thread_in_native, id=11249, stack(0x00007fe23434c000,0x00007fe23444d000)]

siginfo:si_signo=SIGBUS: si_errno=0, si_code=2 (BUS_ADRERR), si_addr=0x00007fe23497bf80

Registers:
RAX=0x00007fe23497bf80, RBX=0x00000000b8583918, RCX=0x00007fe23444b5f8, RDX=0x00007fe23444b600
RSP=0x00007fe23444b578, RBP=0x00007fe23444b5d8, RSI=0x00007fe23444b5e8, RDI=0x00007fe2301059d0
R8 =0x00000000ebd21288, R9 =0x00000000ebd211d0, R10=0x00007fe23c89bd3b, R11=0x00007fe2417b5650
R12=0x0000000000000000, R13=0x00000000b8583918, R14=0x00007fe23444b600, R15=0x00007fe230105800
RIP=0x00007fe23497bf80, EFLAGS=0x0000000000010287, CSGSFS=0x0000000000000033, ERR=0x0000000000000014
  TRAPNO=0x000000000000000e

Top of Stack: (sp=0x00007fe23444b578)
0x00007fe23444b578:   00007fe23c89bd68 00007fe23c8909b3
0x00007fe23444b588:   00000000ec741020 00000000ebd211d0
0x00007fe23444b598:   00007fe23444b598 0000000000000000
0x00007fe23444b5a8:   00007fe23444b600 00000000b85845b0
0x00007fe23444b5b8:   0000000000000000 00000000b8583918
0x00007fe23444b5c8:   0000000000000000 00007fe23444b5f8
0x00007fe23444b5d8:   00007fe23444b648 00007fe23c89085a
0x00007fe23444b5e8:   00000000b8584548 00007fe23c898f58
0x00007fe23444b5f8:   00000000ebd21238 00000000ebd212f0
0x00007fe23444b608:   00007fe23444b608 00000000b87c1b99
0x00007fe23444b618:   00007fe23444b660 00000000b87c42f0
0x00007fe23444b628:   00000000b8838248 00000000b87c1be8
0x00007fe23444b638:   00007fe23444b5f8 00007fe23444b660
0x00007fe23444b648:   00007fe23444b6a8 00007fe23c89085a
0x00007fe23444b658:   000000003fd55555 00000000ebd21078
0x00007fe23444b668:   00007fe23444b668 00000000b882616e
0x00007fe23444b678:   00007fe23444b6d0 00000000b882a970
0x00007fe23444b688:   0000000000000000 00000000b8826588
0x00007fe23444b698:   00007fe23444b660 00007fe23444b6c8
0x00007fe23444b6a8:   00007fe23444b718 00007fe23c890d34
0x00007fe23444b6b8:   0000000000000000 0000000000000000
0x00007fe23444b6c8:   000000003b1b26cd 00000000ebcba1c8
0x00007fe23444b6d8:   00007fe23444b6d8 00000000b7f334cb
0x00007fe23444b6e8:   00007fe23444b728 00000000b7f33f50
0x00007fe23444b6f8:   00000000b883b1c0 00000000b7f334e8
0x00007fe23444b708:   00007fe23444b6c8 00007fe23444b728
0x00007fe23444b718:   00007fe23444b780 00007fe23c890d34
0x00007fe23444b728:   00000000ec572728 0000000000000009
0x00007fe23444b738:   0000000000000000 00007fe23444b730
0x00007fe23444b748:   00000000b816dc46 00007fe23444b7b8
0x00007fe23444b758:   00000000b8177ef8 00000000b883a900
0x00007fe23444b768:   00000000b816dd20 00007fe23444b728 

Instructions: (pc=0x00007fe23497bf80)
0x00007fe23497bf60:   
[error occurred during error reporting (printing registers, top of stack, instructions near pc), id 0x7]

Register to memory mapping:

RAX=
[error occurred during error reporting (printing register info), id 0x7]

Stack: [0x00007fe23434c000,0x00007fe23444d000],  sp=0x00007fe23444b578,  free space=1021k
Native frames: (J=compiled Java code, j=interpreted, Vv=VM code, C=native code)

[error occurred during error reporting (printing native stack), id 0x7]

Java frames: (J=compiled Java code, j=interpreted, Vv=VM code)
j  com.badlogic.gdx.math.Matrix4.mul([F[F)V+0
j  com.badlogic.gdx.graphics.PerspectiveCamera.update()V+97
j  de.swagner.mgcube.TutorialScreen.render(F)V+126
j  com.badlogic.gdx.Game.render()V+19
j  com.badlogic.gdx.backends.lwjgl.LwjglApplication.mainLoop()V+334
j  com.badlogic.gdx.backends.lwjgl.LwjglApplication.access$000(Lcom/badlogic/gdx/backends/lwjgl/LwjglApplication;)V+1
j  com.badlogic.gdx.backends.lwjgl.LwjglApplication$1.run()V+27
v  ~StubRoutines::call_stub

---------------  P R O C E S S  ---------------

Java Threads: ( => current thread )
  0x00007fe23010b000 JavaThread "DestroyJavaVM" [_thread_blocked, id=11226, stack(0x00007fe24298e000,0x00007fe242a8f000)]
=>0x00007fe230105800 JavaThread "LWJGL Application" [_thread_in_native, id=11249, stack(0x00007fe23434c000,0x00007fe23444d000)]
  0x00007fe2300a0800 JavaThread "AWT-XAWT" daemon [_thread_in_native, id=11240, stack(0x00007fe234cbd000,0x00007fe234dbe000)]
  0x00007fe23807e800 JavaThread "Java2D Disposer" daemon [_thread_blocked, id=11239, stack(0x00007fe235096000,0x00007fe235197000)]
  0x00007fe238004800 JavaThread "Low Memory Detector" daemon [_thread_blocked, id=11237, stack(0x00007fe236e5c000,0x00007fe236f5d000)]
  0x00007fe238002000 JavaThread "C2 CompilerThread1" daemon [_thread_blocked, id=11236, stack(0x00007fe236f5d000,0x00007fe23705e000)]
  0x0000000001422000 JavaThread "C2 CompilerThread0" daemon [_thread_blocked, id=11235, stack(0x00007fe23705e000,0x00007fe23715f000)]
  0x0000000001421000 JavaThread "Signal Dispatcher" daemon [_thread_blocked, id=11234, stack(0x00007fe23715f000,0x00007fe237260000)]
  0x0000000001401800 JavaThread "Finalizer" daemon [_thread_blocked, id=11233, stack(0x00007fe237668000,0x00007fe237769000)]
  0x00000000013fa800 JavaThread "Reference Handler" daemon [_thread_blocked, id=11232, stack(0x00007fe237769000,0x00007fe23786a000)]

Other Threads:
  0x00000000013f3800 VMThread [stack: 0x00007fe23786a000,0x00007fe23796b000] [id=11231]
  0x00007fe238007800 WatcherThread [stack: 0x00007fe236d5b000,0x00007fe236e5c000] [id=11238]

VM state:not at safepoint (normal execution)

VM Mutex/Monitor currently owned by a thread: None

Heap
 PSYoungGen      total 18432K, used 9514K [0x00000000eb600000, 0x00000000eca90000, 0x0000000100000000)
  eden space 15808K, 47% used [0x00000000eb600000,0x00000000ebd5c2e0,0x00000000ec570000)
  from space 2624K, 75% used [0x00000000ec570000,0x00000000ec75e8e8,0x00000000ec800000)
  to   space 2624K, 0% used [0x00000000ec800000,0x00000000ec800000,0x00000000eca90000)
 PSOldGen        total 42240K, used 0K [0x00000000c2200000, 0x00000000c4b40000, 0x00000000eb600000)
  object space 42240K, 0% used [0x00000000c2200000,0x00000000c2200000,0x00000000c4b40000)
 PSPermGen       total 21248K, used 12535K [0x00000000b7c00000, 0x00000000b90c0000, 0x00000000c2200000)
  object space 21248K, 58% used [0x00000000b7c00000,0x00000000b883dd10,0x00000000b90c0000)

Code Cache  [0x00007fe23c88b000, 0x00007fe23cafb000, 0x00007fe23f88b000)
 total_blobs=768 nmethods=262 adapters=460 free_code_cache=49168384 largest_free_block=8256

Dynamic libraries:
00400000-00409000 r-xp 00000000 08:05 1597353                            /usr/lib/jvm/java-6-openjdk/jre/bin/java
00608000-00609000 r--p 00008000 08:05 1597353                            /usr/lib/jvm/java-6-openjdk/jre/bin/java
00609000-0060a000 rw-p 00009000 08:05 1597353                            /usr/lib/jvm/java-6-openjdk/jre/bin/java
01381000-01e83000 rw-p 00000000 00:00 0                                  [heap]
408d6000-408d8000 r-xs 00000000 08:05 525606                             /tmp/glf8SBxX (deleted)
41fff000-42079000 rw-p 00000000 00:00 0 
b7c00000-b90c0000 rw-p 00000000 00:00 0 
b90c0000-c2200000 rw-p 00000000 00:00 0 
c2200000-c4b40000 rw-p 00000000 00:00 0 
c4b40000-eb600000 rw-p 00000000 00:00 0 
eb600000-eca90000 rw-p 00000000 00:00 0 
eca90000-100000000 rw-p 00000000 00:00 0 
7fe225f2c000-7fe225fac000 rw-s c2312000 00:05 7039                       /dev/nvidia0
7fe225fac000-7fe2260ac000 rw-s 89c05000 00:05 7039                       /dev/nvidia0
7fe2260ac000-7fe2261ac000 rw-s 9fcf4000 00:05 7039                       /dev/nvidia0
7fe2261ac000-7fe2262ac000 rw-s 89f68000 00:05 7039                       /dev/nvidia0
7fe2262ac000-7fe2264ac000 rw-s 2c009000 00:05 7039                       /dev/nvidia0
7fe2264ac000-7fe2265ac000 rw-s 41ad3000 00:05 7039                       /dev/nvidia0
7fe2265ac000-7fe227b81000 r-xp 00000000 08:05 728                        /usr/lib/nvidia-current/libnvidia-glcore.so.275.19
7fe227b81000-7fe227d81000 ---p 015d5000 08:05 728                        /usr/lib/nvidia-current/libnvidia-glcore.so.275.19
7fe227d81000-7fe2283bc000 rwxp 015d5000 08:05 728                        /usr/lib/nvidia-current/libnvidia-glcore.so.275.19
7fe2283bc000-7fe2283d4000 rwxp 00000000 00:00 0 
7fe2283d4000-7fe2283d7000 r-xp 00000000 08:05 718                        /usr/lib/nvidia-current/tls/libnvidia-tls.so.275.19
7fe2283d7000-7fe2285d6000 ---p 00003000 08:05 718                        /usr/lib/nvidia-current/tls/libnvidia-tls.so.275.19
7fe2285d6000-7fe2285d7000 rw-p 00002000 08:05 718                        /usr/lib/nvidia-current/tls/libnvidia-tls.so.275.19
7fe2285d7000-7fe228697000 r-xp 00000000 08:05 768                        /usr/lib/nvidia-current/libGL.so.275.19
7fe228697000-7fe228896000 ---p 000c0000 08:05 768                        /usr/lib/nvidia-current/libGL.so.275.19
7fe228896000-7fe2288d1000 rwxp 000bf000 08:05 768                        /usr/lib/nvidia-current/libGL.so.275.19
7fe2288d1000-7fe2288e7000 rwxp 00000000 00:00 0 
7fe2288e7000-7fe2288e8000 ---p 00000000 00:00 0 
7fe2288e8000-7fe2290e8000 rw-p 00000000 00:00 0 
7fe2290e8000-7fe22d0e9000 rw-s 00000000 00:10 409012                     /dev/shm/pulse-shm-232103174
7fe22d0e9000-7fe22d0ea000 ---p 00000000 00:00 0 
7fe22d0ea000-7fe22d8ea000 rw-p 00000000 00:00 0 
7fe22d8ea000-7fe22d8f0000 r-xp 00000000 08:05 1573092                    /usr/lib/libogg.so.0.7.0
7fe22d8f0000-7fe22daef000 ---p 00006000 08:05 1573092                    /usr/lib/libogg.so.0.7.0
7fe22daef000-7fe22daf0000 r--p 00005000 08:05 1573092                    /usr/lib/libogg.so.0.7.0
7fe22daf0000-7fe22daf1000 rw-p 00006000 08:05 1573092                    /usr/lib/libogg.so.0.7.0
7fe22daf1000-7fe22db1c000 r-xp 00000000 08:05 1582648                    /usr/lib/libvorbis.so.0.4.5
7fe22db1c000-7fe22dd1b000 ---p 0002b000 08:05 1582648                    /usr/lib/libvorbis.so.0.4.5
7fe22dd1b000-7fe22dd1c000 r--p 0002a000 08:05 1582648                    /usr/lib/libvorbis.so.0.4.5
7fe22dd1c000-7fe22dd1d000 rw-p 0002b000 08:05 1582648                    /usr/lib/libvorbis.so.0.4.5
7fe22dd1d000-7fe22dfd0000 r-xp 00000000 08:05 1573212                    /usr/lib/libvorbisenc.so.2.0.8
7fe22dfd0000-7fe22e1cf000 ---p 002b3000 08:05 1573212                    /usr/lib/libvorbisenc.so.2.0.8
7fe22e1cf000-7fe22e1eb000 r--p 002b2000 08:05 1573212                    /usr/lib/libvorbisenc.so.2.0.8
7fe22e1eb000-7fe22e1ec000 rw-p 002ce000 08:05 1573212                    /usr/lib/libvorbisenc.so.2.0.8
7fe22e1ec000-7fe22e234000 r-xp 00000000 08:05 1570101                    /usr/lib/libFLAC.so.8.2.0
7fe22e234000-7fe22e434000 ---p 00048000 08:05 1570101                    /usr/lib/libFLAC.so.8.2.0
7fe22e434000-7fe22e435000 r--p 00048000 08:05 1570101                    /usr/lib/libFLAC.so.8.2.0
7fe22e435000-7fe22e436000 rw-p 00049000 08:05 1570101                    /usr/lib/libFLAC.so.8.2.0
7fe22e436000-7fe22e497000 r-xp 00000000 08:05 1570821                    /usr/lib/libsndfile.so.1.0.23
7fe22e497000-7fe22e697000 ---p 00061000 08:05 1570821                    /usr/lib/libsndfile.so.1.0.23
7fe22e697000-7fe22e699000 r--p 00061000 08:05 1570821                    /usr/lib/libsndfile.so.1.0.23
7fe22e699000-7fe22e69a000 rw-p 00063000 08:05 1570821                    /usr/lib/libsndfile.so.1.0.23
7fe22e69a000-7fe22e69e000 rw-p 00000000 00:00 0 
7fe22e69e000-7fe22e6a6000 r-xp 00000000 08:05 538930                     /lib/libwrap.so.0.7.6
7fe22e6a6000-7fe22e8a6000 ---p 00008000 08:05 538930                     /lib/libwrap.so.0.7.6
7fe22e8a6000-7fe22e8a7000 r--p 00008000 08:05 538930                     /lib/libwrap.so.0.7.6
7fe22e8a7000-7fe22e8a8000 rw-p 00009000 08:05 538930                     /lib/libwrap.so.0.7.6
7fe22e8a8000-7fe22e8a9000 rw-p 00000000 00:00 0 
7fe22e8a9000-7fe22e8ad000 r-xp 00000000 08:05 534738                     /lib/x86_64-linux-gnu/libuuid.so.1.3.0
7fe22e8ad000-7fe22eaac000 ---p 00004000 08:05 534738                     /lib/x86_64-linux-gnu/libuuid.so.1.3.0
7fe22eaac000-7fe22eaad000 r--p 00003000 08:05 534738                     /lib/x86_64-linux-gnu/libuuid.so.1.3.0
7fe22eaad000-7fe22eaae000 rw-p 00004000 08:05 534738                     /lib/x86_64-linux-gnu/libuuid.so.1.3.0
7fe22eaae000-7fe22eaf0000 r-xp 00000000 08:05 525819                     /lib/x86_64-linux-gnu/libdbus-1.so.3.5.4
7fe22eaf0000-7fe22ecf0000 ---p 00042000 08:05 525819                     /lib/x86_64-linux-gnu/libdbus-1.so.3.5.4
7fe22ecf0000-7fe22ecf1000 r--p 00042000 08:05 525819                     /lib/x86_64-linux-gnu/libdbus-1.so.3.5.4
7fe22ecf1000-7fe22ecf2000 rw-p 00043000 08:05 525819                     /lib/x86_64-linux-gnu/libdbus-1.so.3.5.4
7fe22ecf2000-7fe22ed3d000 r-xp 00000000 08:05 1580900                    /usr/lib/libpulsecommon-0.9.22.so
7fe22ed3d000-7fe22ef3c000 ---p 0004b000 08:05 1580900                    /usr/lib/libpulsecommon-0.9.22.so
7fe22ef3c000-7fe22ef3d000 r--p 0004a000 08:05 1580900                    /usr/lib/libpulsecommon-0.9.22.so
7fe22ef3d000-7fe22ef3e000 rw-p 0004b000 08:05 1580900                    /usr/lib/libpulsecommon-0.9.22.so
7fe22ef3e000-7fe22ef41000 r-xp 00000000 08:05 1573582                    /usr/lib/libxcb-atom.so.1.0.0
7fe22ef41000-7fe22f141000 ---p 00003000 08:05 1573582                    /usr/lib/libxcb-atom.so.1.0.0
7fe22f141000-7fe22f142000 r--p 00003000 08:05 1573582                    /usr/lib/libxcb-atom.so.1.0.0
7fe22f142000-7fe22f143000 rw-p 00004000 08:05 1573582                    /usr/lib/libxcb-atom.so.1.0.0
7fe22f143000-7fe22f14a000 r-xp 00000000 08:05 1578963                    /usr/lib/x86_64-linux-gnu/libSM.so.6.0.1
7fe22f14a000-7fe22f349000 ---p 00007000 08:05 1578963                    /usr/lib/x86_64-linux-gnu/libSM.so.6.0.1
7fe22f349000-7fe22f34a000 r--p 00006000 08:05 1578963                    /usr/lib/x86_64-linux-gnu/libSM.so.6.0.1
7fe22f34a000-7fe22f34b000 rw-p 00007000 08:05 1578963                    /usr/lib/x86_64-linux-gnu/libSM.so.6.0.1
7fe22f34b000-7fe22f361000 r-xp 00000000 08:05 1571606                    /usr/lib/x86_64-linux-gnu/libICE.so.6.3.0
7fe22f361000-7fe22f561000 ---p 00016000 08:05 1571606                    /usr/lib/x86_64-linux-gnu/libICE.so.6.3.0
7fe22f561000-7fe22f562000 r--p 00016000 08:05 1571606                    /usr/lib/x86_64-linux-gnu/libICE.so.6.3.0
7fe22f562000-7fe22f563000 rw-p 00017000 08:05 1571606                    /usr/lib/x86_64-linux-gnu/libICE.so.6.3.0
7fe22f563000-7fe22f566000 rw-p 00000000 00:00 0 
7fe22f566000-7fe22f567000 r-xp 00000000 08:05 1570508                    /usr/lib/x86_64-linux-gnu/libX11-xcb.so.1.0.0
7fe22f567000-7fe22f766000 ---p 00001000 08:05 1570508                    /usr/lib/x86_64-linux-gnu/libX11-xcb.so.1.0.0
7fe22f766000-7fe22f767000 r--p 00000000 08:05 1570508                    /usr/lib/x86_64-linux-gnu/libX11-xcb.so.1.0.0
7fe22f767000-7fe22f768000 rw-p 00001000 08:05 1570508                    /usr/lib/x86_64-linux-gnu/libX11-xcb.so.1.0.0
7fe22f768000-7fe22f7a8000 r-xp 00000000 08:05 1573921                    /usr/lib/libpulse.so.0.12.3
7fe22f7a8000-7fe22f9a7000 ---p 00040000 08:05 1573921                    /usr/lib/libpulse.so.0.12.3
7fe22f9a7000-7fe22f9a8000 r--p 0003f000 08:05 1573921                    /usr/lib/libpulse.so.0.12.3
7fe22f9a8000-7fe22f9a9000 rw-p 00040000 08:05 1573921                    /usr/lib/libpulse.so.0.12.3
7fe22f9a9000-7fe22f9f5000 r-xp 00000000 08:05 525604                     /tmp/libgdx/3154261069/libopenal64.so
7fe22f9f5000-7fe22fbf4000 ---p 0004c000 08:05 525604                     /tmp/libgdx/3154261069/libopenal64.so
7fe22fbf4000-7fe22fbf6000 r--p 0004b000 08:05 525604                     /tmp/libgdx/3154261069/libopenal64.so
7fe22fbf6000-7fe22fbf7000 rw-p 0004d000 08:05 525604                     /tmp/libgdx/3154261069/libopenal64.so
7fe22fbf7000-7fe22fbf8000 rw-p 00000000 00:00 0 
7fe22fbf8000-7fe22fbf9000 r-xp 00000000 08:05 1597389                    /usr/lib/jvm/java-6-openjdk/jre/lib/amd64/libjawt.so
7fe22fbf9000-7fe22fdf8000 ---p 00001000 08:05 1597389                    /usr/lib/jvm/java-6-openjdk/jre/lib/amd64/libjawt.so
7fe22fdf8000-7fe22fdf9000 r--p 00000000 08:05 1597389                    /usr/lib/jvm/java-6-openjdk/jre/lib/amd64/libjawt.so
7fe22fdf9000-7fe22fdfa000 rw-p 00001000 08:05 1597389                    /usr/lib/jvm/java-6-openjdk/jre/lib/amd64/libjawt.so
7fe22fdfa000-7fe22fdff000 r-xp 00000000 08:05 1581972                    /usr/lib/x86_64-linux-gnu/libXxf86vm.so.1.0.0
7fe22fdff000-7fe22fffe000 ---p 00005000 08:05 1581972                    /usr/lib/x86_64-linux-gnu/libXxf86vm.so.1.0.0
7fe22fffe000-7fe22ffff000 r--p 00004000 08:05 1581972                    /usr/lib/x86_64-linux-gnu/libXxf86vm.so.1.0.0
7fe22ffff000-7fe230000000 rw-p 00005000 08:05 1581972                    /usr/lib/x86_64-linux-gnu/libXxf86vm.so.1.0.0
7fe230000000-7fe23188a000 rw-p 00000000 00:00 0 
7fe23188a000-7fe234000000 ---p 00000000 00:00 0 
7fe23406f000-7fe234070000 rw-s fbc0a000 00:05 7039                       /dev/nvidia0
7fe234070000-7fe2340b0000 rw-s 89d1f000 00:05 7039                       /dev/nvidia0
7fe2340d0000-7fe234149000 r-xp 00000000 08:05 525605                     /tmp/libgdx/3154261069/liblwjgl64.so
7fe234149000-7fe234349000 ---p 00079000 08:05 525605                     /tmp/libgdx/3154261069/liblwjgl64.so
7fe234349000-7fe23434b000 r--p 00079000 08:05 525605                     /tmp/libgdx/3154261069/liblwjgl64.so
7fe23434b000-7fe23434c000 rw-p 0007b000 08:05 525605                     /tmp/libgdx/3154261069/liblwjgl64.so
7fe23434c000-7fe23434f000 ---p 00000000 00:00 0 
7fe23434f000-7fe23444d000 rw-p 00000000 00:00 0 
7fe23444d000-7fe234450000 ---p 00000000 00:00 0 
7fe234450000-7fe23454e000 rw-p 00000000 00:00 0 
7fe23454e000-7fe234553000 r-xp 00000000 08:05 1570859                    /usr/lib/x86_64-linux-gnu/libXfixes.so.3.1.0
7fe234553000-7fe234752000 ---p 00005000 08:05 1570859                    /usr/lib/x86_64-linux-gnu/libXfixes.so.3.1.0
7fe234752000-7fe234753000 r--p 00004000 08:05 1570859                    /usr/lib/x86_64-linux-gnu/libXfixes.so.3.1.0
7fe234753000-7fe234754000 rw-p 00005000 08:05 1570859                    /usr/lib/x86_64-linux-gnu/libXfixes.so.3.1.0
7fe234754000-7fe23475d000 r-xp 00000000 08:05 1573929                    /usr/lib/x86_64-linux-gnu/libXcursor.so.1.0.2
7fe23475d000-7fe23495c000 ---p 00009000 08:05 1573929                    /usr/lib/x86_64-linux-gnu/libXcursor.so.1.0.2
7fe23495c000-7fe23495d000 r--p 00008000 08:05 1573929                    /usr/lib/x86_64-linux-gnu/libXcursor.so.1.0.2
7fe23495d000-7fe23495e000 rw-p 00009000 08:05 1573929                    /usr/lib/x86_64-linux-gnu/libXcursor.so.1.0.2
7fe23495e000-7fe2349ea000 r-xp 00000000 08:05 525513                     /tmp/libgdx/3154261069/libgdx-64.so
7fe2349ea000-7fe234bea000 ---p 0008c000 08:05 525513                     /tmp/libgdx/3154261069/libgdx-64.so
7fe234bea000-7fe234beb000 r--p 0008c000 08:05 525513                     /tmp/libgdx/3154261069/libgdx-64.so
7fe234beb000-7fe234bec000 rw-p 0008d000 08:05 525513                     /tmp/libgdx/3154261069/libgdx-64.so
7fe234bec000-7fe234bef000 rw-p 00000000 00:00 0 
7fe234bef000-7fe234bf0000 r--s 00000000 08:05 532633                     /var/cache/fontconfig/26de28bc8622bbc1fb67fd234c21975f-le64.cache-3
7fe234bf0000-7fe234bf1000 r--s 00000000 08:05 554485                     /var/cache/fontconfig/c05880de57d1f5e948fdfacc138775d9-le64.cache-3
7fe234bf1000-7fe234bfa000 r--s 00000000 08:05 527845                     /var/cache/fontconfig/945677eb7aeaf62f1d50efc3fb3ec7d8-le64.cache-3
7fe234bfa000-7fe234bfc000 r--s 00000000 08:05 554480                     /var/cache/fontconfig/99e8ed0e538f840c565b6ed5dad60d56-le64.cache-3
7fe234bfc000-7fe234bff000 r--s 00000000 08:05 554411                     /var/cache/fontconfig/f24b2111ab8703b4e963115a8cf14259-le64.cache-3
7fe234bff000-7fe234c02000 r--s 00000000 08:05 554479                     /var/cache/fontconfig/e383d7ea5fbe662a33d9b44caf393297-le64.cache-3
7fe234c02000-7fe234c05000 r--s 00000000 08:05 554477                     /var/cache/fontconfig/2cd17615ca594fa2959ae173292e504c-le64.cache-3
7fe234c05000-7fe234c06000 r--s 00000000 08:05 554471                     /var/cache/fontconfig/e7071f4a29fa870f4323321c154eba04-le64.cache-3
7fe234c06000-7fe234c0a000 r--s 00000000 08:05 554470                     /var/cache/fontconfig/6eb3985aa4124903f6ff08ba781cd364-le64.cache-3
7fe234c0a000-7fe234c0b000 r--s 00000000 08:05 554466                     /var/cache/fontconfig/4c73fe0c47614734b17d736dbde7580a-le64.cache-3
7fe234c0b000-7fe234c0c000 r--s 00000000 08:05 554459                     /var/cache/fontconfig/0d8c3b2ac0904cb8a57a757ad11a4a08-le64.cache-3
7fe234c0c000-7fe234c0d000 r--s 00000000 08:05 554454                     /var/cache/fontconfig/6a53c69dea097a2d716e069445527da8-le64.cache-3
7fe234c0d000-7fe234c12000 r--s 00000000 08:05 554453                     /var/cache/fontconfig/062808c12e6e608270f93bb230aed730-le64.cache-3
7fe234c12000-7fe234c18000 r--s 00000000 08:05 554429                     /var/cache/fontconfig/a755afe4a08bf5b97852ceb7400b47bc-le64.cache-3
7fe234c18000-7fe234c1d000 r--s 00000000 08:05 554452                     /var/cache/fontconfig/515ca1ebc4b18308bea979be5704f9db-le64.cache-3
7fe234c1d000-7fe234c26000 r--s 00000000 08:05 554448                     /var/cache/fontconfig/6d41288fd70b0be22e8c3a91e032eec0-le64.cache-3
7fe234c26000-7fe234c36000 r--s 00000000 08:05 554447                     /var/cache/fontconfig/0f34bcd4b6ee430af32735b75db7f02b-le64.cache-3
7fe234c3b000-7fe234c3f000 rw-s 72cbf000 00:05 7039                       /dev/nvidia0
7fe234c3f000-7fe234cbd000 rw-p 00000000 00:00 0 
7fe234cbd000-7fe234cc0000 ---p 00000000 00:00 0 
7fe234cc0000-7fe234dbe000 rw-p 00000000 00:00 0 
7fe234dbe000-7fe234dbf000 r--s 00000000 08:05 532633                     /var/cache/fontconfig/26de28bc8622bbc1fb67fd234c21975f-le64.cache-3
7fe234dbf000-7fe234dc0000 r--s 00000000 08:05 554485                     /var/cache/fontconfig/c05880de57d1f5e948fdfacc138775d9-le64.cache-3
7fe234dc0000-7fe234dc9000 r--s 00000000 08:05 527845                     /var/cache/fontconfig/945677eb7aeaf62f1d50efc3fb3ec7d8-le64.cache-3
7fe234dc9000-7fe234dcb000 r--s 00000000 08:05 554480                     /var/cache/fontconfig/99e8ed0e538f840c565b6ed5dad60d56-le64.cache-3
7fe234dcb000-7fe234dce000 r--s 00000000 08:05 554411                     /var/cache/fontconfig/f24b2111ab8703b4e963115a8cf14259-le64.cache-3
7fe234dce000-7fe234dd1000 r--s 00000000 08:05 554479                     /var/cache/fontconfig/e383d7ea5fbe662a33d9b44caf393297-le64.cache-3
7fe234dd1000-7fe234dd4000 r--s 00000000 08:05 554477                     /var/cache/fontconfig/2cd17615ca594fa2959ae173292e504c-le64.cache-3
7fe234dd4000-7fe234dd5000 r--s 00000000 08:05 554471                     /var/cache/fontconfig/e7071f4a29fa870f4323321c154eba04-le64.cache-3
7fe234dd5000-7fe234dd9000 r--s 00000000 08:05 554470                     /var/cache/fontconfig/6eb3985aa4124903f6ff08ba781cd364-le64.cache-3
7fe234dd9000-7fe234dda000 r--s 00000000 08:05 554466                     /var/cache/fontconfig/4c73fe0c47614734b17d736dbde7580a-le64.cache-3
7fe234dda000-7fe234ddb000 r--s 00000000 08:05 554459                     /var/cache/fontconfig/0d8c3b2ac0904cb8a57a757ad11a4a08-le64.cache-3
7fe234ddb000-7fe234ddc000 r--s 00000000 08:05 554454                     /var/cache/fontconfig/6a53c69dea097a2d716e069445527da8-le64.cache-3
7fe234ddc000-7fe234de1000 r--s 00000000 08:05 554453                     /var/cache/fontconfig/062808c12e6e608270f93bb230aed730-le64.cache-3
7fe234de1000-7fe234de7000 r--s 00000000 08:05 554429                     /var/cache/fontconfig/a755afe4a08bf5b97852ceb7400b47bc-le64.cache-3
7fe234de7000-7fe234dec000 r--s 00000000 08:05 554452                     /var/cache/fontconfig/515ca1ebc4b18308bea979be5704f9db-le64.cache-3
7fe234dec000-7fe234df5000 r--s 00000000 08:05 554448                     /var/cache/fontconfig/6d41288fd70b0be22e8c3a91e032eec0-le64.cache-3
7fe234df5000-7fe234e05000 r--s 00000000 08:05 554447                     /var/cache/fontconfig/0f34bcd4b6ee430af32735b75db7f02b-le64.cache-3
7fe234e05000-7fe234e33000 r--s 00000000 08:05 554435                     /var/cache/fontconfig/365b55f210c0a22e9a19e35191240f32-le64.cache-3
7fe234e33000-7fe234e35000 rw-s 00000000 08:05 525606                     /tmp/glf8SBxX (deleted)
7fe234e35000-7fe234e3d000 r-xp 00000000 08:05 1581969                    /usr/lib/x86_64-linux-gnu/libXrandr.so.2.2.0
7fe234e3d000-7fe23503c000 ---p 00008000 08:05 1581969                    /usr/lib/x86_64-linux-gnu/libXrandr.so.2.2.0
7fe23503c000-7fe23503d000 r--p 00007000 08:05 1581969                    /usr/lib/x86_64-linux-gnu/libXrandr.so.2.2.0
7fe23503d000-7fe23503e000 rw-p 00008000 08:05 1581969                    /usr/lib/x86_64-linux-gnu/libXrandr.so.2.2.0
7fe23503e000-7fe23503f000 rw-s d0008000 00:05 7039                       /dev/nvidia0
7fe23503f000-7fe235040000 rw-s 72cbe000 00:05 7039                       /dev/nvidia0
7fe235040000-7fe235044000 rw-s 72cb6000 00:05 7039                       /dev/nvidia0
7fe235044000-7fe235045000 rw-s fb641000 00:05 7039                       /dev/nvidia0
7fe235045000-7fe235046000 rw-s 11407d000 00:05 7039                      /dev/nvidia0
7fe235046000-7fe235047000 rw-s 89c01000 00:05 7039                       /dev/nvidia0
7fe235047000-7fe235048000 rw-s fb060000 00:05 7039                       /dev/nvidia0
7fe235048000-7fe235063000 rw-s 117780000 00:05 7039                      /dev/nvidia0
7fe235063000-7fe235064000 r--p 00000000 00:00 0 
7fe235064000-7fe23506b000 r--s 000fb000 08:05 1597348                    /usr/lib/jvm/java-6-openjdk/jre/lib/resources.jar
7fe23506b000-7fe23506e000 r--s 00000000 08:05 554441                     /var/cache/fontconfig/d60319d88cac85ba9e1a07bd06cfbb8c-le64.cache-3
7fe23506e000-7fe23506f000 r--s 00000000 08:05 554034                     /var/cache/fontconfig/4794a0821666d79190d59a36cb4f44b5-le64.cache-3
7fe23506f000-7fe235082000 r--s 00000000 08:05 538224                     /var/cache/fontconfig/e13b20fdb08344e0e664864cc2ede53d-le64.cache-3
7fe235082000-7fe235096000 r--s 00000000 08:05 527842                     /var/cache/fontconfig/865f88548240fee46819705c6468c165-le64.cache-3
7fe235096000-7fe235099000 ---p 00000000 00:00 0 
7fe235099000-7fe235197000 rw-p 00000000 00:00 0 
7fe235197000-7fe23522a000 r-xp 00000000 08:05 1574433                    /usr/lib/x86_64-linux-gnu/libfreetype.so.6.6.2
7fe23522a000-7fe235429000 ---p 00093000 08:05 1574433                    /usr/lib/x86_64-linux-gnu/libfreetype.so.6.6.2
7fe235429000-7fe23542f000 r--p 00092000 08:05 1574433                    /usr/lib/x86_64-linux-gnu/libfreetype.so.6.6.2
7fe23542f000-7fe235430000 rw-p 00098000 08:05 1574433                    /usr/lib/x86_64-linux-gnu/libfreetype.so.6.6.2
7fe235430000-7fe235469000 r-xp 00000000 08:05 1597379                    /usr/lib/jvm/java-6-openjdk/jre/lib/amd64/libfontmanager.so
7fe235469000-7fe235668000 ---p 00039000 08:05 1597379                    /usr/lib/jvm/java-6-openjdk/jre/lib/amd64/libfontmanager.so
7fe235668000-7fe23566a000 r--p 00038000 08:05 1597379                    /usr/lib/jvm/java-6-openjdk/jre/lib/amd64/libfontmanager.so
7fe23566a000-7fe23566b000 rw-p 0003a000 08:05 1597379                    /usr/lib/jvm/java-6-openjdk/jre/lib/amd64/libfontmanager.so
7fe23566b000-7fe235670000 r-xp 00000000 08:05 1573561                    /usr/lib/x86_64-linux-gnu/libXdmcp.so.6.0.0
7fe235670000-7fe23586f000 ---p 00005000 08:05 1573561                    /usr/lib/x86_64-linux-gnu/libXdmcp.so.6.0.0
7fe23586f000-7fe235870000 r--p 00004000 08:05 1573561                    /usr/lib/x86_64-linux-gnu/libXdmcp.so.6.0.0
7fe235870000-7fe235871000 rw-p 00005000 08:05 1573561                    /usr/lib/x86_64-linux-gnu/libXdmcp.so.6.0.0
7fe235871000-7fe235873000 r-xp 00000000 08:05 1570542                    /usr/lib/x86_64-linux-gnu/libXau.so.6.0.0
7fe235873000-7fe235a72000 ---p 00002000 08:05 1570542                    /usr/lib/x86_64-linux-gnu/libXau.so.6.0.0
7fe235a72000-7fe235a73000 r--p 00001000 08:05 1570542                    /usr/lib/x86_64-linux-gnu/libXau.so.6.0.0
7fe235a73000-7fe235a74000 rw-p 00002000 08:05 1570542                    /usr/lib/x86_64-linux-gnu/libXau.so.6.0.0
7fe235a74000-7fe235a8f000 r-xp 00000000 08:05 1572615                    /usr/lib/x86_64-linux-gnu/libxcb.so.1.1.0
7fe235a8f000-7fe235c8e000 ---p 0001b000 08:05 1572615                    /usr/lib/x86_64-linux-gnu/libxcb.so.1.1.0
7fe235c8e000-7fe235c8f000 r--p 0001a000 08:05 1572615                    /usr/lib/x86_64-linux-gnu/libxcb.so.1.1.0
7fe235c8f000-7fe235c90000 rw-p 0001b000 08:05 1572615                    /usr/lib/x86_64-linux-gnu/libxcb.so.1.1.0
7fe235c90000-7fe235c9f000 r-xp 00000000 08:05 1613065                    /usr/lib/x86_64-linux-gnu/libXi.so.6.1.0
7fe235c9f000-7fe235e9e000 ---p 0000f000 08:05 1613065                    /usr/lib/x86_64-linux-gnu/libXi.so.6.1.0
7fe235e9e000-7fe235e9f000 r--p 0000e000 08:05 1613065                    /usr/lib/x86_64-linux-gnu/libXi.so.6.1.0
7fe235e9f000-7fe235ea0000 rw-p 0000f000 08:05 1613065                    /usr/lib/x86_64-linux-gnu/libXi.so.6.1.0
7fe235ea0000-7fe235ea5000 r-xp 00000000 08:05 1572606                    /usr/lib/libXtst.so.6.1.0
7fe235ea5000-7fe2360a4000 ---p 00005000 08:05 1572606                    /usr/lib/libXtst.so.6.1.0
7fe2360a4000-7fe2360a5000 r--p 00004000 08:05 1572606                    /usr/lib/libXtst.so.6.1.0
7fe2360a5000-7fe2360a6000 rw-p 00005000 08:05 1572606                    /usr/lib/libXtst.so.6.1.0
7fe2360a6000-7fe2360af000 r-xp 00000000 08:05 1570620                    /usr/lib/x86_64-linux-gnu/libXrender.so.1.3.0
7fe2360af000-7fe2362af000 ---p 00009000 08:05 1570620                    /usr/lib/x86_64-linux-gnu/libXrender.so.1.3.0
7fe2362af000-7fe2362b0000 r--p 00009000 08:05 1570620                    /usr/lib/x86_64-linux-gnu/libXrender.so.1.3.0
7fe2362b0000-7fe2362b1000 rw-p 0000a000 08:05 1570620                    /usr/lib/x86_64-linux-gnu/libXrender.so.1.3.0
7fe2362b1000-7fe2363e6000 r-xp 00000000 08:05 1573591                    /usr/lib/x86_64-linux-gnu/libX11.so.6.3.0
7fe2363e6000-7fe2365e6000 ---p 00135000 08:05 1573591                    /usr/lib/x86_64-linux-gnu/libX11.so.6.3.0
7fe2365e6000-7fe2365e7000 r--p 00135000 08:05 1573591                    /usr/lib/x86_64-linux-gnu/libX11.so.6.3.0
7fe2365e7000-7fe2365eb000 rw-p 00136000 08:05 1573591                    /usr/lib/x86_64-linux-gnu/libX11.so.6.3.0
7fe2365eb000-7fe2365fc000 r-xp 00000000 08:05 1571673                    /usr/lib/x86_64-linux-gnu/libXext.so.6.4.0
7fe2365fc000-7fe2367fb000 ---p 00011000 08:05 1571673                    /usr/lib/x86_64-linux-gnu/libXext.so.6.4.0
7fe2367fb000-7fe2367fc000 r--p 00010000 08:05 1571673                    /usr/lib/x86_64-linux-gnu/libXext.so.6.4.0
7fe2367fc000-7fe2367fd000 rw-p 00011000 08:05 1571673                    /usr/lib/x86_64-linux-gnu/libXext.so.6.4.0
7fe2367fd000-7fe236848000 r-xp 00000000 08:05 1597420                    /usr/lib/jvm/java-6-openjdk/jre/lib/amd64/xawt/libmawt.so
7fe236848000-7fe236a48000 ---p 0004b000 08:05 1597420                    /usr/lib/jvm/java-6-openjdk/jre/lib/amd64/xawt/libmawt.so
7fe236a48000-7fe236a49000 r--p 0004b000 08:05 1597420                    /usr/lib/jvm/java-6-openjdk/jre/lib/amd64/xawt/libmawt.so
7fe236a49000-7fe236a4c000 rw-p 0004c000 08:05 1597420                    /usr/lib/jvm/java-6-openjdk/jre/lib/amd64/xawt/libmawt.so
7fe236a4c000-7fe236a4d000 rw-p 00000000 00:00 0 
7fe236a4d000-7fe236af6000 r-xp 00000000 08:05 1597388                    /usr/lib/jvm/java-6-openjdk/jre/lib/amd64/libawt.so
7fe236af6000-7fe236cf5000 ---p 000a9000 08:05 1597388                    /usr/lib/jvm/java-6-openjdk/jre/lib/amd64/libawt.so
7fe236cf5000-7fe236cf6000 r--p 000a8000 08:05 1597388                    /usr/lib/jvm/java-6-openjdk/jre/lib/amd64/libawt.so
7fe236cf6000-7fe236d01000 rw-p 000a9000 08:05 1597388                    /usr/lib/jvm/java-6-openjdk/jre/lib/amd64/libawt.so
7fe236d01000-7fe236d26000 rw-p 00000000 00:00 0 
7fe236d26000-7fe236d37000 r--s 0011a000 08:05 1315805                    /home/bompo/git/mgcube/libs/gdx-backend-lwjgl.jar
7fe236d37000-7fe236d38000 r--s 00007000 08:05 1328895                    /home/bompo/git/mgcube/libs/gdx-backend-lwjgl-sources.jar
7fe236d38000-7fe236d39000 r--s 00127000 08:05 1326708                    /home/bompo/git/mgcube/libs/gdx-backend-lwjgl-natives.jar
7fe236d39000-7fe236d3d000 r--s 0007c000 08:05 1597316                    /usr/lib/jvm/java-6-openjdk/jre/lib/jsse.jar
7fe236d3d000-7fe236d48000 r--s 00094000 08:05 1347413                    /home/bompo/git/mgcube/libs/gdx.jar
7fe236d48000-7fe236d4f000 r--s 0007a000 08:05 1339177                    /home/bompo/git/mgcube/libs/gdx-sources.jar
7fe236d4f000-7fe236d50000 r--s 001a1000 08:05 1339556                    /home/bompo/git/mgcube/libs/gdx-natives.jar
7fe236d50000-7fe236d58000 r--s 00066000 08:05 1721290                    /usr/share/java/gnome-java-bridge.jar
7fe236d58000-7fe236d5b000 r--s 0000f000 08:05 1597341                    /usr/lib/jvm/java-6-openjdk/jre/lib/ext/pulse-java.jar
7fe236d5b000-7fe236d5c000 ---p 00000000 00:00 0 
7fe236d5c000-7fe236e5c000 rw-p 00000000 00:00 0 
7fe236e5c000-7fe236e5f000 ---p 00000000 00:00 0 
7fe236e5f000-7fe236f5d000 rw-p 00000000 00:00 0 
7fe236f5d000-7fe236f60000 ---p 00000000 00:00 0 
7fe236f60000-7fe23705e000 rw-p 00000000 00:00 0 
7fe23705e000-7fe237061000 ---p 00000000 00:00 0 
7fe237061000-7fe23715f000 rw-p 00000000 00:00 0 
7fe23715f000-7fe237162000 ---p 00000000 00:00 0 
7fe237162000-7fe237260000 rw-p 00000000 00:00 0 
7fe237260000-7fe237668000 r--p 00000000 08:05 1570348                    /usr/lib/locale/locale-archive
7fe237668000-7fe23766b000 ---p 00000000 00:00 0 
7fe23766b000-7fe237769000 rw-p 00000000 00:00 0 
7fe237769000-7fe23776c000 ---p 00000000 00:00 0 
7fe23776c000-7fe23786a000 rw-p 00000000 00:00 0 
7fe23786a000-7fe23786b000 ---p 00000000 00:00 0 
7fe23786b000-7fe237e70000 rw-p 00000000 00:00 0 
7fe237e70000-7fe238000000 r--s 037af000 08:05 1597397                    /usr/lib/jvm/java-6-openjdk/jre/lib/rt.jar
7fe238000000-7fe23955a000 rw-p 00000000 00:00 0 
7fe23955a000-7fe23c000000 ---p 00000000 00:00 0 
7fe23c000000-7fe23c00a000 r--s 00000000 08:05 554433                     /var/cache/fontconfig/d52a8644073d54c13679302ca1180695-le64.cache-3
7fe23c00a000-7fe23c00b000 r--s 00000000 08:05 554418                     /var/cache/fontconfig/ec648e9a1aea82bddd4bd6050028158d-le64.cache-3
7fe23c00b000-7fe23c039000 r--s 00000000 08:05 554435                     /var/cache/fontconfig/365b55f210c0a22e9a19e35191240f32-le64.cache-3
7fe23c039000-7fe23c04c000 r--s 00000000 08:05 538224                     /var/cache/fontconfig/e13b20fdb08344e0e664864cc2ede53d-le64.cache-3
7fe23c04c000-7fe23c0a7000 rw-p 00000000 00:00 0 
7fe23c0a7000-7fe23c0a8000 ---p 00000000 00:00 0 
7fe23c0a8000-7fe23c1a8000 rw-p 00000000 00:00 0 
7fe23c1a8000-7fe23c1a9000 ---p 00000000 00:00 0 
7fe23c1a9000-7fe23c2a9000 rw-p 00000000 00:00 0 
7fe23c2a9000-7fe23c2aa000 ---p 00000000 00:00 0 
7fe23c2aa000-7fe23c3aa000 rw-p 00000000 00:00 0 
7fe23c3aa000-7fe23c3ab000 ---p 00000000 00:00 0 
7fe23c3ab000-7fe23c4b6000 rw-p 00000000 00:00 0 
7fe23c4b6000-7fe23c4fe000 rw-p 00000000 00:00 0 
7fe23c4fe000-7fe23c513000 rw-p 00000000 00:00 0 
7fe23c513000-7fe23c648000 rw-p 00000000 00:00 0 
7fe23c648000-7fe23c653000 rw-p 00000000 00:00 0 
7fe23c653000-7fe23c69b000 rw-p 00000000 00:00 0 
7fe23c69b000-7fe23c6b0000 rw-p 00000000 00:00 0 
7fe23c6b0000-7fe23c7e5000 rw-p 00000000 00:00 0 
7fe23c7e5000-7fe23c7f0000 rw-p 00000000 00:00 0 
7fe23c7f0000-7fe23c88a000 rw-p 00000000 00:00 0 
7fe23c88a000-7fe23c88b000 rw-p 00000000 00:00 0 
7fe23c88b000-7fe23cafb000 rwxp 00000000 00:00 0 
7fe23cafb000-7fe23f88b000 rw-p 00000000 00:00 0 
7fe23f88b000-7fe23f892000 r-xp 00000000 08:05 1597383                    /usr/lib/jvm/java-6-openjdk/jre/lib/amd64/libzip.so
7fe23f892000-7fe23fa91000 ---p 00007000 08:05 1597383                    /usr/lib/jvm/java-6-openjdk/jre/lib/amd64/libzip.so
7fe23fa91000-7fe23fa92000 r--p 00006000 08:05 1597383                    /usr/lib/jvm/java-6-openjdk/jre/lib/amd64/libzip.so
7fe23fa92000-7fe23fa93000 rw-p 00007000 08:05 1597383                    /usr/lib/jvm/java-6-openjdk/jre/lib/amd64/libzip.so
7fe23fa93000-7fe23fa9f000 r-xp 00000000 08:05 535712                     /lib/x86_64-linux-gnu/libnss_files-2.13.so
7fe23fa9f000-7fe23fc9e000 ---p 0000c000 08:05 535712                     /lib/x86_64-linux-gnu/libnss_files-2.13.so
7fe23fc9e000-7fe23fc9f000 r--p 0000b000 08:05 535712                     /lib/x86_64-linux-gnu/libnss_files-2.13.so
7fe23fc9f000-7fe23fca0000 rw-p 0000c000 08:05 535712                     /lib/x86_64-linux-gnu/libnss_files-2.13.so
7fe23fca0000-7fe23fcab000 r-xp 00000000 08:05 535714                     /lib/x86_64-linux-gnu/libnss_nis-2.13.so
7fe23fcab000-7fe23feaa000 ---p 0000b000 08:05 535714                     /lib/x86_64-linux-gnu/libnss_nis-2.13.so
7fe23feaa000-7fe23feab000 r--p 0000a000 08:05 535714                     /lib/x86_64-linux-gnu/libnss_nis-2.13.so
7fe23feab000-7fe23feac000 rw-p 0000b000 08:05 535714                     /lib/x86_64-linux-gnu/libnss_nis-2.13.so
7fe23feac000-7fe23feb4000 r-xp 00000000 08:05 535710                     /lib/x86_64-linux-gnu/libnss_compat-2.13.so
7fe23feb4000-7fe2400b3000 ---p 00008000 08:05 535710                     /lib/x86_64-linux-gnu/libnss_compat-2.13.so
7fe2400b3000-7fe2400b4000 r--p 00007000 08:05 535710                     /lib/x86_64-linux-gnu/libnss_compat-2.13.so
7fe2400b4000-7fe2400b5000 rw-p 00008000 08:05 535710                     /lib/x86_64-linux-gnu/libnss_compat-2.13.so
7fe2400b5000-7fe2400cc000 r-xp 00000000 08:05 535709                     /lib/x86_64-linux-gnu/libnsl-2.13.so
7fe2400cc000-7fe2402cb000 ---p 00017000 08:05 535709                     /lib/x86_64-linux-gnu/libnsl-2.13.so
7fe2402cb000-7fe2402cc000 r--p 00016000 08:05 535709                     /lib/x86_64-linux-gnu/libnsl-2.13.so
7fe2402cc000-7fe2402cd000 rw-p 00017000 08:05 535709                     /lib/x86_64-linux-gnu/libnsl-2.13.so
7fe2402cd000-7fe2402cf000 rw-p 00000000 00:00 0 
7fe2402cf000-7fe2402fb000 r-xp 00000000 08:05 1597382                    /usr/lib/jvm/java-6-openjdk/jre/lib/amd64/libjava.so
7fe2402fb000-7fe2404fa000 ---p 0002c000 08:05 1597382                    /usr/lib/jvm/java-6-openjdk/jre/lib/amd64/libjava.so
7fe2404fa000-7fe2404fb000 r--p 0002b000 08:05 1597382                    /usr/lib/jvm/java-6-openjdk/jre/lib/amd64/libjava.so
7fe2404fb000-7fe2404fe000 rw-p 0002c000 08:05 1597382                    /usr/lib/jvm/java-6-openjdk/jre/lib/amd64/libjava.so
7fe2404fe000-7fe24050c000 r-xp 00000000 08:05 1597368                    /usr/lib/jvm/java-6-openjdk/jre/lib/amd64/libverify.so
7fe24050c000-7fe24070b000 ---p 0000e000 08:05 1597368                    /usr/lib/jvm/java-6-openjdk/jre/lib/amd64/libverify.so
7fe24070b000-7fe24070d000 r--p 0000d000 08:05 1597368                    /usr/lib/jvm/java-6-openjdk/jre/lib/amd64/libverify.so
7fe24070d000-7fe24070e000 rw-p 0000f000 08:05 1597368                    /usr/lib/jvm/java-6-openjdk/jre/lib/amd64/libverify.so
7fe24070e000-7fe240715000 r-xp 00000000 08:05 535724                     /lib/x86_64-linux-gnu/librt-2.13.so
7fe240715000-7fe240914000 ---p 00007000 08:05 535724                     /lib/x86_64-linux-gnu/librt-2.13.so
7fe240914000-7fe240915000 r--p 00006000 08:05 535724                     /lib/x86_64-linux-gnu/librt-2.13.so
7fe240915000-7fe240916000 rw-p 00007000 08:05 535724                     /lib/x86_64-linux-gnu/librt-2.13.so
7fe240916000-7fe24092b000 r-xp 00000000 08:05 528127                     /lib/x86_64-linux-gnu/libgcc_s.so.1
7fe24092b000-7fe240b2a000 ---p 00015000 08:05 528127                     /lib/x86_64-linux-gnu/libgcc_s.so.1
7fe240b2a000-7fe240b2b000 r--p 00014000 08:05 528127                     /lib/x86_64-linux-gnu/libgcc_s.so.1
7fe240b2b000-7fe240b2c000 rw-p 00015000 08:05 528127                     /lib/x86_64-linux-gnu/libgcc_s.so.1
7fe240b2c000-7fe240bb0000 r-xp 00000000 08:05 535703                     /lib/x86_64-linux-gnu/libm-2.13.so
7fe240bb0000-7fe240daf000 ---p 00084000 08:05 535703                     /lib/x86_64-linux-gnu/libm-2.13.so
7fe240daf000-7fe240db0000 r--p 00083000 08:05 535703                     /lib/x86_64-linux-gnu/libm-2.13.so
7fe240db0000-7fe240db1000 rw-p 00084000 08:05 535703                     /lib/x86_64-linux-gnu/libm-2.13.so
7fe240db1000-7fe240e99000 r-xp 00000000 08:05 1571250                    /usr/lib/x86_64-linux-gnu/libstdc++.so.6.0.14
7fe240e99000-7fe241098000 ---p 000e8000 08:05 1571250                    /usr/lib/x86_64-linux-gnu/libstdc++.so.6.0.14
7fe241098000-7fe2410a0000 r--p 000e7000 08:05 1571250                    /usr/lib/x86_64-linux-gnu/libstdc++.so.6.0.14
7fe2410a0000-7fe2410a2000 rw-p 000ef000 08:05 1571250                    /usr/lib/x86_64-linux-gnu/libstdc++.so.6.0.14
7fe2410a2000-7fe2410b7000 rw-p 00000000 00:00 0 
7fe2410b7000-7fe241a0c000 r-xp 00000000 08:05 1597385                    /usr/lib/jvm/java-6-openjdk/jre/lib/amd64/server/libjvm.so
7fe241a0c000-7fe241c0b000 ---p 00955000 08:05 1597385                    /usr/lib/jvm/java-6-openjdk/jre/lib/amd64/server/libjvm.so
7fe241c0b000-7fe241c8c000 r--p 00954000 08:05 1597385                    /usr/lib/jvm/java-6-openjdk/jre/lib/amd64/server/libjvm.so
7fe241c8c000-7fe241ca7000 rw-p 009d5000 08:05 1597385                    /usr/lib/jvm/java-6-openjdk/jre/lib/amd64/server/libjvm.so
7fe241ca7000-7fe241cd0000 rw-p 00000000 00:00 0 
7fe241cd0000-7fe241e5a000 r-xp 00000000 08:05 535697                     /lib/x86_64-linux-gnu/libc-2.13.so
7fe241e5a000-7fe242059000 ---p 0018a000 08:05 535697                     /lib/x86_64-linux-gnu/libc-2.13.so
7fe242059000-7fe24205d000 r--p 00189000 08:05 535697                     /lib/x86_64-linux-gnu/libc-2.13.so
7fe24205d000-7fe24205e000 rw-p 0018d000 08:05 535697                     /lib/x86_64-linux-gnu/libc-2.13.so
7fe24205e000-7fe242064000 rw-p 00000000 00:00 0 
7fe242064000-7fe242066000 r-xp 00000000 08:05 535702                     /lib/x86_64-linux-gnu/libdl-2.13.so
7fe242066000-7fe242266000 ---p 00002000 08:05 535702                     /lib/x86_64-linux-gnu/libdl-2.13.so
7fe242266000-7fe242267000 r--p 00002000 08:05 535702                     /lib/x86_64-linux-gnu/libdl-2.13.so
7fe242267000-7fe242268000 rw-p 00003000 08:05 535702                     /lib/x86_64-linux-gnu/libdl-2.13.so
7fe242268000-7fe24226c000 r-xp 00000000 08:05 1597366                    /usr/lib/jvm/java-6-openjdk/jre/lib/amd64/jli/libjli.so
7fe24226c000-7fe24246b000 ---p 00004000 08:05 1597366                    /usr/lib/jvm/java-6-openjdk/jre/lib/amd64/jli/libjli.so
7fe24246b000-7fe24246c000 r--p 00003000 08:05 1597366                    /usr/lib/jvm/java-6-openjdk/jre/lib/amd64/jli/libjli.so
7fe24246c000-7fe24246d000 rw-p 00004000 08:05 1597366                    /usr/lib/jvm/java-6-openjdk/jre/lib/amd64/jli/libjli.so
7fe24246d000-7fe242485000 r-xp 00000000 08:05 535718                     /lib/x86_64-linux-gnu/libpthread-2.13.so
7fe242485000-7fe242685000 ---p 00018000 08:05 535718                     /lib/x86_64-linux-gnu/libpthread-2.13.so
7fe242685000-7fe242686000 r--p 00018000 08:05 535718                     /lib/x86_64-linux-gnu/libpthread-2.13.so
7fe242686000-7fe242687000 rw-p 00019000 08:05 535718                     /lib/x86_64-linux-gnu/libpthread-2.13.so
7fe242687000-7fe24268b000 rw-p 00000000 00:00 0 
7fe24268b000-7fe2426a2000 r-xp 00000000 08:05 535781                     /lib/x86_64-linux-gnu/libz.so.1.2.3.4
7fe2426a2000-7fe2428a1000 ---p 00017000 08:05 535781                     /lib/x86_64-linux-gnu/libz.so.1.2.3.4
7fe2428a1000-7fe2428a2000 r--p 00016000 08:05 535781                     /lib/x86_64-linux-gnu/libz.so.1.2.3.4
7fe2428a2000-7fe2428a3000 rw-p 00017000 08:05 535781                     /lib/x86_64-linux-gnu/libz.so.1.2.3.4
7fe2428a3000-7fe2428c4000 r-xp 00000000 08:05 535673                     /lib/x86_64-linux-gnu/ld-2.13.so
7fe2428c4000-7fe2428ce000 r--s 00000000 08:05 554433                     /var/cache/fontconfig/d52a8644073d54c13679302ca1180695-le64.cache-3
7fe2428ce000-7fe2428d8000 rw-p 00000000 00:00 0 
7fe2428d8000-7fe24298e000 rw-p 00000000 00:00 0 
7fe24298e000-7fe242991000 ---p 00000000 00:00 0 
7fe242991000-7fe242a94000 rw-p 00000000 00:00 0 
7fe242a94000-7fe242a98000 r--s 00000000 08:05 538228                     /var/cache/fontconfig/7ef2298fde41cc6eeb7af42e48b7d293-le64.cache-3
7fe242a98000-7fe242a99000 r--s 00000000 08:05 1340105                    /home/bompo/.fontconfig/aa7e4f27e681240d22a1f116cf7520f0-le64.cache-3
7fe242a99000-7fe242a9c000 r--s 00000000 08:05 554441                     /var/cache/fontconfig/d60319d88cac85ba9e1a07bd06cfbb8c-le64.cache-3
7fe242a9c000-7fe242a9d000 r--s 00000000 08:05 554034                     /var/cache/fontconfig/4794a0821666d79190d59a36cb4f44b5-le64.cache-3
7fe242a9d000-7fe242a9e000 r--s 00000000 08:05 554418                     /var/cache/fontconfig/ec648e9a1aea82bddd4bd6050028158d-le64.cache-3
7fe242a9e000-7fe242aa2000 r--s 00000000 08:05 538228                     /var/cache/fontconfig/7ef2298fde41cc6eeb7af42e48b7d293-le64.cache-3
7fe242aa2000-7fe242ab6000 r--s 00000000 08:05 527842                     /var/cache/fontconfig/865f88548240fee46819705c6468c165-le64.cache-3
7fe242ab6000-7fe242ab7000 r--s 00000000 08:05 1340105                    /home/bompo/.fontconfig/aa7e4f27e681240d22a1f116cf7520f0-le64.cache-3
7fe242ab7000-7fe242abf000 rw-s 00000000 08:05 525443                     /tmp/hsperfdata_bompo/11221
7fe242abf000-7fe242ac0000 rw-p 00000000 00:00 0 
7fe242ac0000-7fe242ac1000 r--p 00000000 00:00 0 
7fe242ac1000-7fe242ac3000 rw-p 00000000 00:00 0 
7fe242ac3000-7fe242ac4000 r--p 00020000 08:05 535673                     /lib/x86_64-linux-gnu/ld-2.13.so
7fe242ac4000-7fe242ac6000 rw-p 00021000 08:05 535673                     /lib/x86_64-linux-gnu/ld-2.13.so
7fff735c6000-7fff735e7000 rw-p 00000000 00:00 0                          [stack]
7fff735ff000-7fff73600000 r-xp 00000000 00:00 0                          [vdso]
ffffffffff600000-ffffffffff601000 r-xp 00000000 00:00 0                  [vsyscall]

VM Arguments:
jvm_args: -Dfile.encoding=UTF-8 
java_command: de.swagner.mgcube.DesktopStarter
Launcher Type: SUN_STANDARD

Environment Variables:
PATH=/usr/local/sbin:/usr/local/bin:/usr/sbin:/usr/bin:/sbin:/bin:/usr/games
USERNAME=bompo
LD_LIBRARY_PATH=/usr/lib/jvm/java-6-openjdk/jre/lib/amd64/server:/usr/lib/jvm/java-6-openjdk/jre/lib/amd64:/usr/lib/jvm/java-6-openjdk/jre/../lib/amd64:/usr/lib64/xulrunner-addons
SHELL=/bin/bash
DISPLAY=:0.0

Signal Handlers:
SIGSEGV: [libjvm.so+0x7d0f60], sa_mask[0]=0x7ffbfeff, sa_flags=0x10000004
SIGBUS: [libjvm.so+0x7d0f60], sa_mask[0]=0x7ffbfeff, sa_flags=0x10000004
SIGFPE: [libjvm.so+0x683760], sa_mask[0]=0x7ffbfeff, sa_flags=0x10000004
SIGPIPE: [libjvm.so+0x683760], sa_mask[0]=0x7ffbfeff, sa_flags=0x10000004
SIGXFSZ: [libjvm.so+0x683760], sa_mask[0]=0x7ffbfeff, sa_flags=0x10000004
SIGILL: [libjvm.so+0x683760], sa_mask[0]=0x7ffbfeff, sa_flags=0x10000004
SIGUSR1: SIG_DFL, sa_mask[0]=0x00000000, sa_flags=0x00000000
SIGUSR2: [libjvm.so+0x683930], sa_mask[0]=0x00000004, sa_flags=0x10000004
SIGHUP: [libjvm.so+0x6862d0], sa_mask[0]=0x7ffbfeff, sa_flags=0x10000004
SIGINT: [libjvm.so+0x6862d0], sa_mask[0]=0x7ffbfeff, sa_flags=0x10000004
SIGTERM: [libjvm.so+0x6862d0], sa_mask[0]=0x7ffbfeff, sa_flags=0x10000004
SIGQUIT: [libjvm.so+0x6862d0], sa_mask[0]=0x7ffbfeff, sa_flags=0x10000004


---------------  S Y S T E M  ---------------

OS:Ubuntu 11.04 (natty)
uname:Linux 2.6.38-10-generic #46-Ubuntu SMP Tue Jun 28 15:07:17 UTC 2011 x86_64
libc:glibc 2.13 NPTL 2.13 
rlimit: STACK 8192k, CORE 0k, NPROC infinity, NOFILE 4096, AS infinity
load average:0.31 0.21 0.16

/proc/meminfo:
MemTotal:        4047872 kB
MemFree:          888024 kB
Buffers:          162564 kB
Cached:          1228596 kB
SwapCached:            0 kB
Active:          1695628 kB
Inactive:        1005924 kB
Active(anon):    1005016 kB
Inactive(anon):   314128 kB
Active(file):     690612 kB
Inactive(file):   691796 kB
Unevictable:         248 kB
Mlocked:             132 kB
SwapTotal:      19529724 kB
SwapFree:       19529560 kB
Dirty:               876 kB
Writeback:             0 kB
AnonPages:       1310700 kB
Mapped:           171768 kB
Shmem:              8632 kB
Slab:             248832 kB
SReclaimable:     221780 kB
SUnreclaim:        27052 kB
KernelStack:        3824 kB
PageTables:        30428 kB
NFS_Unstable:          0 kB
Bounce:                0 kB
WritebackTmp:          0 kB
CommitLimit:    21553660 kB
Committed_AS:    3553448 kB
VmallocTotal:   34359738367 kB
VmallocUsed:      341848 kB
VmallocChunk:   34359372796 kB
HardwareCorrupted:     0 kB
HugePages_Total:       0
HugePages_Free:        0
HugePages_Rsvd:        0
HugePages_Surp:        0
Hugepagesize:       2048 kB
DirectMap4k:      218560 kB
DirectMap2M:     3966976 kB


CPU:total 4 (4 cores per cpu, 1 threads per core) family 6 model 30 stepping 5, cmov, cx8, fxsr, mmx, sse, sse2, sse3, ssse3, sse4.1, sse4.2, popcnt

Memory: 4k page, physical 4047872k(888024k free), swap 19529724k(19529560k free)

vm_info: OpenJDK 64-Bit Server VM (20.0-b11) for linux-amd64 JRE (1.6.0_22-b22), built on Jun 11 2011 05:56:16 by "buildd" with gcc 4.5.2

time: Thu Jul 21 00:01:09 2011
elapsed time: 13 seconds

