#
# A fatal error has been detected by the Java Runtime Environment:
#
#  SIGBUS (0x7) at pc=0x00007f822e216f22, pid=6301, tid=140197216114432
#
# JRE version: 6.0_24-b07
# Java VM: Java HotSpot(TM) 64-Bit Server VM (19.1-b02 mixed mode linux-amd64 compressed oops)
# Problematic frame:
# 
[error occurred during error reporting (printing problematic frame), id 0x7]

# If you would like to submit a bug report, please visit:
#   http://java.sun.com/webapps/bugreport/crash.jsp
# The crash happened outside the Java Virtual Machine in native code.
# See problematic frame for where to report the bug.
#

---------------  T H R E A D  ---------------

Current thread (0x0000000041a9d800):  JavaThread "AWT-EventQueue-0" [_thread_in_native, id=6322, stack(0x00007f823533d000,0x00007f823543e000)]

siginfo:si_signo=SIGBUS: si_errno=0, si_code=2 (BUS_ADRERR), si_addr=0x00007f822e216f22

Registers:
RAX=0x00000000bd901758, RBX=0x00000000bdfd1f38, RCX=0x00000000ebbc86d0, RDX=0x00000000bdfd4088
RSP=0x00007f823543bad8, RBP=0x00007f823543bb20, RSI=0x00007f823543bae0, RDI=0x0000000041a9d9c8
R8 =0x00000000ec808638, R9 =0x00000000ec8086c8, R10=0x00007f823917ad98, R11=0x00000000bdd80830
R12=0x0000000000000000, R13=0x00007f823543bb88, R14=0x00000000bdfd4068, R15=0x0000000041a9d800
RIP=0x00007f822e216f22, EFL=0x0000000000010246, CSGSFS=0x0000000000000033, ERR=0x0000000000000014
  TRAPNO=0x000000000000000e

Register to memory mapping:

RAX=0x00000000bd901758
{instance class} 
 - klass: {other class}

RBX=0x00000000bdfd1f38
{method} 
 - klass: {other class}

RCX=0x00000000ebbc86d0

[error occurred during error reporting (printing registers, top of stack, instructions near pc), id 0xe0000000]

Stack: [0x00007f823533d000,0x00007f823543e000],  sp=0x00007f823543bad8,  free space=1018k
Native frames: (J=compiled Java code, j=interpreted, Vv=VM code, C=native code)

[error occurred during error reporting (printing native stack), id 0x7]

Java frames: (J=compiled Java code, j=interpreted, Vv=VM code)
J  com.sun.opengl.impl.GLImpl.glClearColor(FFFF)V
J  de.swagner.mgcube.MainMenuScreen.render(F)V
j  com.badlogic.gdx.Game.render()V+19
J  com.sun.opengl.impl.GLDrawableHelper.display(Ljavax/media/opengl/GLAutoDrawable;)V
j  javax.media.opengl.GLCanvas$DisplayAction.run()V+80
j  com.sun.opengl.impl.GLDrawableHelper.invokeGL(Ljavax/media/opengl/GLDrawable;Ljavax/media/opengl/GLContext;Ljava/lang/Runnable;Ljava/lang/Runnable;)V+418
j  javax.media.opengl.GLCanvas$DisplayOnEventDispatchThreadAction.run()V+35
j  java.awt.event.InvocationEvent.dispatch()V+11
j  java.awt.EventQueue.dispatchEventImpl(Ljava/awt/AWTEvent;Ljava/lang/Object;)V+21
j  java.awt.EventQueue.access$000(Ljava/awt/EventQueue;Ljava/awt/AWTEvent;Ljava/lang/Object;)V+3
j  java.awt.EventQueue$1.run()Ljava/lang/Void;+12
j  java.awt.EventQueue$1.run()Ljava/lang/Object;+1
v  ~StubRoutines::call_stub
j  java.security.AccessController.doPrivileged(Ljava/security/PrivilegedAction;Ljava/security/AccessControlContext;)Ljava/lang/Object;+0
J  java.awt.EventDispatchThread.pumpOneEventForFilters(I)Z
j  java.awt.EventDispatchThread.pumpEventsForFilter(ILjava/awt/Conditional;Ljava/awt/EventFilter;)V+30
j  java.awt.EventDispatchThread.pumpEventsForHierarchy(ILjava/awt/Conditional;Ljava/awt/Component;)V+11
j  java.awt.EventDispatchThread.pumpEvents(ILjava/awt/Conditional;)V+4
j  java.awt.EventDispatchThread.pumpEvents(Ljava/awt/Conditional;)V+3
j  java.awt.EventDispatchThread.run()V+9
v  ~StubRoutines::call_stub

---------------  P R O C E S S  ---------------

Java Threads: ( => current thread )
  0x00000000416d8000 JavaThread "DestroyJavaVM" [_thread_blocked, id=6302, stack(0x00007f823ce8b000,0x00007f823cf8c000)]
  0x0000000041c68000 JavaThread "Thread-1" [_thread_blocked, id=6326, stack(0x00007f8226b35000,0x00007f8226c36000)]
=>0x0000000041a9d800 JavaThread "AWT-EventQueue-0" [_thread_in_native, id=6322, stack(0x00007f823533d000,0x00007f823543e000)]
  0x0000000041bcc800 JavaThread "AWT-Shutdown" [_thread_blocked, id=6321, stack(0x00007f823543e000,0x00007f823553f000)]
  0x0000000041bcb000 JavaThread "AWT-XAWT" daemon [_thread_blocked, id=6320, stack(0x00007f823553f000,0x00007f8235640000)]
  0x00007f82300bc000 JavaThread "Java2D Disposer" daemon [_thread_blocked, id=6319, stack(0x00007f8235faf000,0x00007f82360b0000)]
  0x00007f8230001800 JavaThread "Low Memory Detector" daemon [_thread_blocked, id=6317, stack(0x00007f8237652000,0x00007f8237753000)]
  0x0000000041766000 JavaThread "CompilerThread1" daemon [_thread_blocked, id=6316, stack(0x00007f8237753000,0x00007f8237854000)]
  0x0000000041762800 JavaThread "CompilerThread0" daemon [_thread_blocked, id=6315, stack(0x00007f8237854000,0x00007f8237955000)]
  0x0000000041760800 JavaThread "Signal Dispatcher" daemon [_thread_blocked, id=6314, stack(0x00007f8237955000,0x00007f8237a56000)]
  0x0000000041744000 JavaThread "Finalizer" daemon [_thread_blocked, id=6313, stack(0x00007f8237e5e000,0x00007f8237f5f000)]
  0x000000004173c800 JavaThread "Reference Handler" daemon [_thread_blocked, id=6312, stack(0x00007f8237f5f000,0x00007f8238060000)]

Other Threads:
  0x0000000041735800 VMThread [stack: 0x00007f8238060000,0x00007f8238161000] [id=6311]
  0x00007f8230014800 WatcherThread [stack: 0x00007f8237551000,0x00007f8237652000] [id=6318]

VM state:not at safepoint (normal execution)

VM Mutex/Monitor currently owned by a thread: None

Heap
 PSYoungGen      total 18432K, used 17734K [0x00000000eb600000, 0x00000000eca90000, 0x0000000100000000)
  eden space 15808K, 98% used [0x00000000eb600000,0x00000000ec544860,0x00000000ec570000)
  from space 2624K, 80% used [0x00000000ec800000,0x00000000eca0d180,0x00000000eca90000)
  to   space 2624K, 0% used [0x00000000ec570000,0x00000000ec570000,0x00000000ec800000)
 PSOldGen        total 42240K, used 0K [0x00000000c2200000, 0x00000000c4b40000, 0x00000000eb600000)
  object space 42240K, 0% used [0x00000000c2200000,0x00000000c2200000,0x00000000c4b40000)
 PSPermGen       total 21248K, used 17479K [0x00000000bd000000, 0x00000000be4c0000, 0x00000000c2200000)
  object space 21248K, 82% used [0x00000000bd000000,0x00000000be111f90,0x00000000be4c0000)

Dynamic libraries:
40000000-40009000 r-xp 00000000 08:05 1662394                            /usr/lib/jvm/java-6-sun-1.6.0.24/jre/bin/java
40108000-4010a000 rwxp 00008000 08:05 1662394                            /usr/lib/jvm/java-6-sun-1.6.0.24/jre/bin/java
40799000-4079b000 r-xs 00000000 08:05 524747                             /tmp/glGLfjDP (deleted)
414e1000-41558000 rwxp 00000000 00:00 0 
416cf000-44523000 rwxp 00000000 00:00 0                                  [heap]
bd000000-be4c0000 rwxp 00000000 00:00 0 
be4c0000-c2200000 rwxp 00000000 00:00 0 
c2200000-c4b40000 rwxp 00000000 00:00 0 
c4b40000-eb600000 rwxp 00000000 00:00 0 
eb600000-eca90000 rwxp 00000000 00:00 0 
eca90000-100000000 rwxp 00000000 00:00 0 
7f82268b5000-7f8226935000 rwxs 605da000 00:05 7122                       /dev/nvidia0
7f8226935000-7f8226b35000 rwxs ba2b2000 00:05 7122                       /dev/nvidia0
7f8226b35000-7f8226b38000 ---p 00000000 00:00 0 
7f8226b38000-7f8226c36000 rwxp 00000000 00:00 0 
7f8226c36000-7f8226c37000 ---p 00000000 00:00 0 
7f8226c37000-7f8227437000 rwxp 00000000 00:00 0 
7f8227437000-7f822b438000 rwxs 00000000 00:10 82276                      /dev/shm/pulse-shm-321107195
7f822b438000-7f822b439000 ---p 00000000 00:00 0 
7f822b439000-7f822bc39000 rwxp 00000000 00:00 0 
7f822bc39000-7f822bc3f000 r-xp 00000000 08:05 1573092                    /usr/lib/libogg.so.0.7.0
7f822bc3f000-7f822be3e000 ---p 00006000 08:05 1573092                    /usr/lib/libogg.so.0.7.0
7f822be3e000-7f822be3f000 r-xp 00005000 08:05 1573092                    /usr/lib/libogg.so.0.7.0
7f822be3f000-7f822be40000 rwxp 00006000 08:05 1573092                    /usr/lib/libogg.so.0.7.0
7f822be40000-7f822be6b000 r-xp 00000000 08:05 1582648                    /usr/lib/libvorbis.so.0.4.5
7f822be6b000-7f822c06a000 ---p 0002b000 08:05 1582648                    /usr/lib/libvorbis.so.0.4.5
7f822c06a000-7f822c06b000 r-xp 0002a000 08:05 1582648                    /usr/lib/libvorbis.so.0.4.5
7f822c06b000-7f822c06c000 rwxp 0002b000 08:05 1582648                    /usr/lib/libvorbis.so.0.4.5
7f822c06c000-7f822c31f000 r-xp 00000000 08:05 1573212                    /usr/lib/libvorbisenc.so.2.0.8
7f822c31f000-7f822c51e000 ---p 002b3000 08:05 1573212                    /usr/lib/libvorbisenc.so.2.0.8
7f822c51e000-7f822c53a000 r-xp 002b2000 08:05 1573212                    /usr/lib/libvorbisenc.so.2.0.8
7f822c53a000-7f822c53b000 rwxp 002ce000 08:05 1573212                    /usr/lib/libvorbisenc.so.2.0.8
7f822c53b000-7f822c583000 r-xp 00000000 08:05 1570101                    /usr/lib/libFLAC.so.8.2.0
7f822c583000-7f822c783000 ---p 00048000 08:05 1570101                    /usr/lib/libFLAC.so.8.2.0
7f822c783000-7f822c784000 r-xp 00048000 08:05 1570101                    /usr/lib/libFLAC.so.8.2.0
7f822c784000-7f822c785000 rwxp 00049000 08:05 1570101                    /usr/lib/libFLAC.so.8.2.0
7f822c785000-7f822c7e6000 r-xp 00000000 08:05 1570821                    /usr/lib/libsndfile.so.1.0.23
7f822c7e6000-7f822c9e6000 ---p 00061000 08:05 1570821                    /usr/lib/libsndfile.so.1.0.23
7f822c9e6000-7f822c9e8000 r-xp 00061000 08:05 1570821                    /usr/lib/libsndfile.so.1.0.23
7f822c9e8000-7f822c9e9000 rwxp 00063000 08:05 1570821                    /usr/lib/libsndfile.so.1.0.23
7f822c9e9000-7f822c9ed000 rwxp 00000000 00:00 0 
7f822c9ed000-7f822c9f5000 r-xp 00000000 08:05 538930                     /lib/libwrap.so.0.7.6
7f822c9f5000-7f822cbf5000 ---p 00008000 08:05 538930                     /lib/libwrap.so.0.7.6
7f822cbf5000-7f822cbf6000 r-xp 00008000 08:05 538930                     /lib/libwrap.so.0.7.6
7f822cbf6000-7f822cbf7000 rwxp 00009000 08:05 538930                     /lib/libwrap.so.0.7.6
7f822cbf7000-7f822cbf8000 rwxp 00000000 00:00 0 
7f822cbf8000-7f822cbfc000 r-xp 00000000 08:05 534738                     /lib/x86_64-linux-gnu/libuuid.so.1.3.0
7f822cbfc000-7f822cdfb000 ---p 00004000 08:05 534738                     /lib/x86_64-linux-gnu/libuuid.so.1.3.0
7f822cdfb000-7f822cdfc000 r-xp 00003000 08:05 534738                     /lib/x86_64-linux-gnu/libuuid.so.1.3.0
7f822cdfc000-7f822cdfd000 rwxp 00004000 08:05 534738                     /lib/x86_64-linux-gnu/libuuid.so.1.3.0
7f822cdfd000-7f822ce3f000 r-xp 00000000 08:05 525819                     /lib/x86_64-linux-gnu/libdbus-1.so.3.5.4
7f822ce3f000-7f822d03f000 ---p 00042000 08:05 525819                     /lib/x86_64-linux-gnu/libdbus-1.so.3.5.4
7f822d03f000-7f822d040000 r-xp 00042000 08:05 525819                     /lib/x86_64-linux-gnu/libdbus-1.so.3.5.4
7f822d040000-7f822d041000 rwxp 00043000 08:05 525819                     /lib/x86_64-linux-gnu/libdbus-1.so.3.5.4
7f822d041000-7f822d08c000 r-xp 00000000 08:05 1580900                    /usr/lib/libpulsecommon-0.9.22.so
7f822d08c000-7f822d28b000 ---p 0004b000 08:05 1580900                    /usr/lib/libpulsecommon-0.9.22.so
7f822d28b000-7f822d28c000 r-xp 0004a000 08:05 1580900                    /usr/lib/libpulsecommon-0.9.22.so
7f822d28c000-7f822d28d000 rwxp 0004b000 08:05 1580900                    /usr/lib/libpulsecommon-0.9.22.so
7f822d28d000-7f822d290000 r-xp 00000000 08:05 1573582                    /usr/lib/libxcb-atom.so.1.0.0
7f822d290000-7f822d490000 ---p 00003000 08:05 1573582                    /usr/lib/libxcb-atom.so.1.0.0
7f822d490000-7f822d491000 r-xp 00003000 08:05 1573582                    /usr/lib/libxcb-atom.so.1.0.0
7f822d491000-7f822d492000 rwxp 00004000 08:05 1573582                    /usr/lib/libxcb-atom.so.1.0.0
7f822d492000-7f822d499000 r-xp 00000000 08:05 1578963                    /usr/lib/x86_64-linux-gnu/libSM.so.6.0.1
7f822d499000-7f822d698000 ---p 00007000 08:05 1578963                    /usr/lib/x86_64-linux-gnu/libSM.so.6.0.1
7f822d698000-7f822d699000 r-xp 00006000 08:05 1578963                    /usr/lib/x86_64-linux-gnu/libSM.so.6.0.1
7f822d699000-7f822d69a000 rwxp 00007000 08:05 1578963                    /usr/lib/x86_64-linux-gnu/libSM.so.6.0.1
7f822d69a000-7f822d6b0000 r-xp 00000000 08:05 1571606                    /usr/lib/x86_64-linux-gnu/libICE.so.6.3.0
7f822d6b0000-7f822d8b0000 ---p 00016000 08:05 1571606                    /usr/lib/x86_64-linux-gnu/libICE.so.6.3.0
7f822d8b0000-7f822d8b1000 r-xp 00016000 08:05 1571606                    /usr/lib/x86_64-linux-gnu/libICE.so.6.3.0
7f822d8b1000-7f822d8b2000 rwxp 00017000 08:05 1571606                    /usr/lib/x86_64-linux-gnu/libICE.so.6.3.0
7f822d8b2000-7f822d8b5000 rwxp 00000000 00:00 0 
7f822d8b5000-7f822d8b6000 r-xp 00000000 08:05 1570508                    /usr/lib/x86_64-linux-gnu/libX11-xcb.so.1.0.0
7f822d8b6000-7f822dab5000 ---p 00001000 08:05 1570508                    /usr/lib/x86_64-linux-gnu/libX11-xcb.so.1.0.0
7f822dab5000-7f822dab6000 r-xp 00000000 08:05 1570508                    /usr/lib/x86_64-linux-gnu/libX11-xcb.so.1.0.0
7f822dab6000-7f822dab7000 rwxp 00001000 08:05 1570508                    /usr/lib/x86_64-linux-gnu/libX11-xcb.so.1.0.0
7f822dab7000-7f822daf7000 r-xp 00000000 08:05 1573921                    /usr/lib/libpulse.so.0.12.3
7f822daf7000-7f822dcf6000 ---p 00040000 08:05 1573921                    /usr/lib/libpulse.so.0.12.3
7f822dcf6000-7f822dcf7000 r-xp 0003f000 08:05 1573921                    /usr/lib/libpulse.so.0.12.3
7f822dcf7000-7f822dcf8000 rwxp 00040000 08:05 1573921                    /usr/lib/libpulse.so.0.12.3
7f822dcf8000-7f822dd44000 r-xp 00000000 08:05 524710                     /tmp/libgdx/2370704169/libopenal64.so
7f822dd44000-7f822df43000 ---p 0004c000 08:05 524710                     /tmp/libgdx/2370704169/libopenal64.so
7f822df43000-7f822df45000 r-xp 0004b000 08:05 524710                     /tmp/libgdx/2370704169/libopenal64.so
7f822df45000-7f822df46000 rwxp 0004d000 08:05 524710                     /tmp/libgdx/2370704169/libopenal64.so
7f822df46000-7f822df47000 rwxp 00000000 00:00 0 
7f822df47000-7f822dfc0000 r-xp 00000000 08:05 524745                     /tmp/libgdx/2370704169/liblwjgl64.so
7f822dfc0000-7f822e1c0000 ---p 00079000 08:05 524745                     /tmp/libgdx/2370704169/liblwjgl64.so
7f822e1c0000-7f822e1c2000 r-xp 00079000 08:05 524745                     /tmp/libgdx/2370704169/liblwjgl64.so
7f822e1c2000-7f822e1c3000 rwxp 0007b000 08:05 524745                     /tmp/libgdx/2370704169/liblwjgl64.so
7f822e1c3000-7f822e2b2000 r-xp 00000000 08:05 524709                     /tmp/libgdx/2370704169/libjogl-linux64.so
7f822e2b2000-7f822e3b2000 ---p 000ef000 08:05 524709                     /tmp/libgdx/2370704169/libjogl-linux64.so
7f822e3b2000-7f822e3b3000 rwxp 000ef000 08:05 524709                     /tmp/libgdx/2370704169/libjogl-linux64.so
7f822e3b3000-7f822f801000 r-xp 00000000 08:05 723                        /usr/lib/nvidia-current/libnvidia-glcore.so.270.41.19
7f822f801000-7f822fa01000 ---p 0144e000 08:05 723                        /usr/lib/nvidia-current/libnvidia-glcore.so.270.41.19
7f822fa01000-7f822ffe9000 rwxp 0144e000 08:05 723                        /usr/lib/nvidia-current/libnvidia-glcore.so.270.41.19
7f822ffe9000-7f8230000000 rwxp 00000000 00:00 0 
7f8230000000-7f8231613000 rwxp 00000000 00:00 0 
7f8231613000-7f8234000000 ---p 00000000 00:00 0 
7f8234078000-7f8234178000 rwxs 7f636000 00:05 7122                       /dev/nvidia0
7f8234178000-7f8234179000 r-xp 00000000 08:05 716                        /usr/lib/nvidia-current/tls/libnvidia-tls.so.270.41.19
7f8234179000-7f8234379000 ---p 00001000 08:05 716                        /usr/lib/nvidia-current/tls/libnvidia-tls.so.270.41.19
7f8234379000-7f823437a000 rwxp 00001000 08:05 716                        /usr/lib/nvidia-current/tls/libnvidia-tls.so.270.41.19
7f823437a000-7f823437b000 r-xp 00000000 08:05 1734853                    /usr/lib/jvm/java-6-sun-1.6.0.24/jre/lib/amd64/libjawt.so
7f823437b000-7f823447a000 ---p 00001000 08:05 1734853                    /usr/lib/jvm/java-6-sun-1.6.0.24/jre/lib/amd64/libjawt.so
7f823447a000-7f823447b000 rwxp 00000000 08:05 1734853                    /usr/lib/jvm/java-6-sun-1.6.0.24/jre/lib/amd64/libjawt.so
7f823447b000-7f8234480000 r-xp 00000000 08:05 1581972                    /usr/lib/x86_64-linux-gnu/libXxf86vm.so.1.0.0
7f8234480000-7f823467f000 ---p 00005000 08:05 1581972                    /usr/lib/x86_64-linux-gnu/libXxf86vm.so.1.0.0
7f823467f000-7f8234680000 r-xp 00004000 08:05 1581972                    /usr/lib/x86_64-linux-gnu/libXxf86vm.so.1.0.0
7f8234680000-7f8234681000 rwxp 00005000 08:05 1581972                    /usr/lib/x86_64-linux-gnu/libXxf86vm.so.1.0.0
7f8234681000-7f823473e000 r-xp 00000000 08:05 928                        /usr/lib/nvidia-current/libGL.so.270.41.19
7f823473e000-7f823493e000 ---p 000bd000 08:05 928                        /usr/lib/nvidia-current/libGL.so.270.41.19
7f823493e000-7f8234977000 rwxp 000bd000 08:05 928                        /usr/lib/nvidia-current/libGL.so.270.41.19
7f8234977000-7f823498d000 rwxp 00000000 00:00 0 
7f823498d000-7f823498f000 r-xp 00000000 08:05 524696                     /tmp/libgdx/2370704169/libjogl_awt-linux64.so
7f823498f000-7f8234a8e000 ---p 00002000 08:05 524696                     /tmp/libgdx/2370704169/libjogl_awt-linux64.so
7f8234a8e000-7f8234a8f000 rwxp 00001000 08:05 524696                     /tmp/libgdx/2370704169/libjogl_awt-linux64.so
7f8234a8f000-7f8234a90000 r-xp 00000000 08:05 524693                     /tmp/libgdx/2370704169/libgluegen-rt-linux64.so
7f8234a90000-7f8234b8f000 ---p 00001000 08:05 524693                     /tmp/libgdx/2370704169/libgluegen-rt-linux64.so
7f8234b8f000-7f8234b90000 rwxp 00000000 08:05 524693                     /tmp/libgdx/2370704169/libgluegen-rt-linux64.so
7f8234b90000-7f8234ba5000 r-xp 00000000 08:05 528127                     /lib/x86_64-linux-gnu/libgcc_s.so.1
7f8234ba5000-7f8234da4000 ---p 00015000 08:05 528127                     /lib/x86_64-linux-gnu/libgcc_s.so.1
7f8234da4000-7f8234da5000 r-xp 00014000 08:05 528127                     /lib/x86_64-linux-gnu/libgcc_s.so.1
7f8234da5000-7f8234da6000 rwxp 00015000 08:05 528127                     /lib/x86_64-linux-gnu/libgcc_s.so.1
7f8234da6000-7f8234e8e000 r-xp 00000000 08:05 1571250                    /usr/lib/x86_64-linux-gnu/libstdc++.so.6.0.14
7f8234e8e000-7f823508d000 ---p 000e8000 08:05 1571250                    /usr/lib/x86_64-linux-gnu/libstdc++.so.6.0.14
7f823508d000-7f8235095000 r-xp 000e7000 08:05 1571250                    /usr/lib/x86_64-linux-gnu/libstdc++.so.6.0.14
7f8235095000-7f8235097000 rwxp 000ef000 08:05 1571250                    /usr/lib/x86_64-linux-gnu/libstdc++.so.6.0.14
7f8235097000-7f82350ac000 rwxp 00000000 00:00 0 
7f82350ac000-7f8235138000 r-xp 00000000 08:05 524682                     /tmp/libgdx/2370704169/libgdx-64.so
7f8235138000-7f8235338000 ---p 0008c000 08:05 524682                     /tmp/libgdx/2370704169/libgdx-64.so
7f8235338000-7f8235339000 r-xp 0008c000 08:05 524682                     /tmp/libgdx/2370704169/libgdx-64.so
7f8235339000-7f823533a000 rwxp 0008d000 08:05 524682                     /tmp/libgdx/2370704169/libgdx-64.so
7f823533a000-7f823533d000 rwxp 00000000 00:00 0 
7f823533d000-7f8235340000 ---p 00000000 00:00 0 
7f8235340000-7f823543e000 rwxp 00000000 00:00 0 
7f823543e000-7f8235441000 ---p 00000000 00:00 0 
7f8235441000-7f823553f000 rwxp 00000000 00:00 0 
7f823553f000-7f8235542000 ---p 00000000 00:00 0 
7f8235542000-7f8235640000 rwxp 00000000 00:00 0 
7f8235640000-7f8235641000 r-xs 00000000 08:05 532633                     /var/cache/fontconfig/26de28bc8622bbc1fb67fd234c21975f-le64.cache-3
7f8235641000-7f8235642000 r-xs 00000000 08:05 554485                     /var/cache/fontconfig/c05880de57d1f5e948fdfacc138775d9-le64.cache-3
7f8235642000-7f823564b000 r-xs 00000000 08:05 527845                     /var/cache/fontconfig/945677eb7aeaf62f1d50efc3fb3ec7d8-le64.cache-3
7f823564b000-7f823564d000 r-xs 00000000 08:05 554480                     /var/cache/fontconfig/99e8ed0e538f840c565b6ed5dad60d56-le64.cache-3
7f823564d000-7f8235650000 r-xs 00000000 08:05 554411                     /var/cache/fontconfig/f24b2111ab8703b4e963115a8cf14259-le64.cache-3
7f8235650000-7f8235653000 r-xs 00000000 08:05 554479                     /var/cache/fontconfig/e383d7ea5fbe662a33d9b44caf393297-le64.cache-3
7f8235653000-7f8235656000 r-xs 00000000 08:05 554477                     /var/cache/fontconfig/2cd17615ca594fa2959ae173292e504c-le64.cache-3
7f8235656000-7f8235657000 r-xs 00000000 08:05 554471                     /var/cache/fontconfig/e7071f4a29fa870f4323321c154eba04-le64.cache-3
7f8235657000-7f8235660000 r-xs 00000000 08:05 554448                     /var/cache/fontconfig/6d41288fd70b0be22e8c3a91e032eec0-le64.cache-3
7f8235660000-7f8235670000 r-xs 00000000 08:05 554447                     /var/cache/fontconfig/0f34bcd4b6ee430af32735b75db7f02b-le64.cache-3
7f8235670000-7f823569e000 r-xs 00000000 08:05 554435                     /var/cache/fontconfig/365b55f210c0a22e9a19e35191240f32-le64.cache-3
7f82356f2000-7f82356fa000 r-xs 0003d000 08:05 1311180                    /home/bompo/git/mgcube/libs/scoreloop-core.jar
7f82356fa000-7f82356fe000 rwxs 7f44b000 00:05 7122                       /dev/nvidia0
7f82356fe000-7f823573e000 rwxs bcc03000 00:05 7122                       /dev/nvidia0
7f8235756000-7f823575e000 r-xs 00115000 08:05 1662451                    /usr/lib/jvm/java-6-sun-1.6.0.24/jre/lib/resources.jar
7f823575e000-7f8235763000 r-xp 00000000 08:05 1570859                    /usr/lib/x86_64-linux-gnu/libXfixes.so.3.1.0
7f8235763000-7f8235962000 ---p 00005000 08:05 1570859                    /usr/lib/x86_64-linux-gnu/libXfixes.so.3.1.0
7f8235962000-7f8235963000 r-xp 00004000 08:05 1570859                    /usr/lib/x86_64-linux-gnu/libXfixes.so.3.1.0
7f8235963000-7f8235964000 rwxp 00005000 08:05 1570859                    /usr/lib/x86_64-linux-gnu/libXfixes.so.3.1.0
7f8235964000-7f823596d000 r-xp 00000000 08:05 1573929                    /usr/lib/x86_64-linux-gnu/libXcursor.so.1.0.2
7f823596d000-7f8235b6c000 ---p 00009000 08:05 1573929                    /usr/lib/x86_64-linux-gnu/libXcursor.so.1.0.2
7f8235b6c000-7f8235b6d000 r-xp 00008000 08:05 1573929                    /usr/lib/x86_64-linux-gnu/libXcursor.so.1.0.2
7f8235b6d000-7f8235b6e000 rwxp 00009000 08:05 1573929                    /usr/lib/x86_64-linux-gnu/libXcursor.so.1.0.2
7f8235b6e000-7f8235b77000 r-xp 00000000 08:05 1570620                    /usr/lib/x86_64-linux-gnu/libXrender.so.1.3.0
7f8235b77000-7f8235d77000 ---p 00009000 08:05 1570620                    /usr/lib/x86_64-linux-gnu/libXrender.so.1.3.0
7f8235d77000-7f8235d78000 r-xp 00009000 08:05 1570620                    /usr/lib/x86_64-linux-gnu/libXrender.so.1.3.0
7f8235d78000-7f8235d79000 rwxp 0000a000 08:05 1570620                    /usr/lib/x86_64-linux-gnu/libXrender.so.1.3.0
7f8235d79000-7f8235d81000 r-xp 00000000 08:05 1581969                    /usr/lib/x86_64-linux-gnu/libXrandr.so.2.2.0
7f8235d81000-7f8235f80000 ---p 00008000 08:05 1581969                    /usr/lib/x86_64-linux-gnu/libXrandr.so.2.2.0
7f8235f80000-7f8235f81000 r-xp 00007000 08:05 1581969                    /usr/lib/x86_64-linux-gnu/libXrandr.so.2.2.0
7f8235f81000-7f8235f82000 rwxp 00008000 08:05 1581969                    /usr/lib/x86_64-linux-gnu/libXrandr.so.2.2.0
7f8235f83000-7f8235f85000 rwxs 00000000 08:05 524747                     /tmp/glGLfjDP (deleted)
7f8235f85000-7f8235f89000 rwxs 75837000 00:05 7122                       /dev/nvidia0
7f8235f89000-7f8235f8a000 rwxs d0008000 00:05 7122                       /dev/nvidia0
7f8235f8a000-7f8235f8b000 rwxs 75a77000 00:05 7122                       /dev/nvidia0
7f8235f8b000-7f8235f8f000 rwxs bcfda000 00:05 7122                       /dev/nvidia0
7f8235f8f000-7f8235f90000 rwxs fbc0a000 00:05 7122                       /dev/nvidia0
7f8235f90000-7f8235f91000 rwxs fb641000 00:05 7122                       /dev/nvidia0
7f8235f91000-7f8235f92000 rwxs 127f98000 00:05 7122                      /dev/nvidia0
7f8235f92000-7f8235f93000 rwxs 7f640000 00:05 7122                       /dev/nvidia0
7f8235f93000-7f8235f94000 rwxs fb060000 00:05 7122                       /dev/nvidia0
7f8235f94000-7f8235faf000 rwxs 12e0c0000 00:05 7122                      /dev/nvidia0
7f8235faf000-7f8235fb2000 ---p 00000000 00:00 0 
7f8235fb2000-7f82360b0000 rwxp 00000000 00:00 0 
7f82360b0000-7f8236129000 r-xp 00000000 08:05 1734841                    /usr/lib/jvm/java-6-sun-1.6.0.24/jre/lib/amd64/libfontmanager.so
7f8236129000-7f8236228000 ---p 00079000 08:05 1734841                    /usr/lib/jvm/java-6-sun-1.6.0.24/jre/lib/amd64/libfontmanager.so
7f8236228000-7f823623d000 rwxp 00078000 08:05 1734841                    /usr/lib/jvm/java-6-sun-1.6.0.24/jre/lib/amd64/libfontmanager.so
7f823623d000-7f823624e000 rwxp 00000000 00:00 0 
7f823624e000-7f8236253000 r-xp 00000000 08:05 1573561                    /usr/lib/x86_64-linux-gnu/libXdmcp.so.6.0.0
7f8236253000-7f8236452000 ---p 00005000 08:05 1573561                    /usr/lib/x86_64-linux-gnu/libXdmcp.so.6.0.0
7f8236452000-7f8236453000 r-xp 00004000 08:05 1573561                    /usr/lib/x86_64-linux-gnu/libXdmcp.so.6.0.0
7f8236453000-7f8236454000 rwxp 00005000 08:05 1573561                    /usr/lib/x86_64-linux-gnu/libXdmcp.so.6.0.0
7f8236454000-7f8236456000 r-xp 00000000 08:05 1570542                    /usr/lib/x86_64-linux-gnu/libXau.so.6.0.0
7f8236456000-7f8236655000 ---p 00002000 08:05 1570542                    /usr/lib/x86_64-linux-gnu/libXau.so.6.0.0
7f8236655000-7f8236656000 r-xp 00001000 08:05 1570542                    /usr/lib/x86_64-linux-gnu/libXau.so.6.0.0
7f8236656000-7f8236657000 rwxp 00002000 08:05 1570542                    /usr/lib/x86_64-linux-gnu/libXau.so.6.0.0
7f8236657000-7f8236672000 r-xp 00000000 08:05 1572615                    /usr/lib/x86_64-linux-gnu/libxcb.so.1.1.0
7f8236672000-7f8236871000 ---p 0001b000 08:05 1572615                    /usr/lib/x86_64-linux-gnu/libxcb.so.1.1.0
7f8236871000-7f8236872000 r-xp 0001a000 08:05 1572615                    /usr/lib/x86_64-linux-gnu/libxcb.so.1.1.0
7f8236872000-7f8236873000 rwxp 0001b000 08:05 1572615                    /usr/lib/x86_64-linux-gnu/libxcb.so.1.1.0
7f8236873000-7f8236882000 r-xp 00000000 08:05 1613065                    /usr/lib/x86_64-linux-gnu/libXi.so.6.1.0
7f8236882000-7f8236a81000 ---p 0000f000 08:05 1613065                    /usr/lib/x86_64-linux-gnu/libXi.so.6.1.0
7f8236a81000-7f8236a82000 r-xp 0000e000 08:05 1613065                    /usr/lib/x86_64-linux-gnu/libXi.so.6.1.0
7f8236a82000-7f8236a83000 rwxp 0000f000 08:05 1613065                    /usr/lib/x86_64-linux-gnu/libXi.so.6.1.0
7f8236a83000-7f8236a88000 r-xp 00000000 08:05 1572606                    /usr/lib/libXtst.so.6.1.0
7f8236a88000-7f8236c87000 ---p 00005000 08:05 1572606                    /usr/lib/libXtst.so.6.1.0
7f8236c87000-7f8236c88000 r-xp 00004000 08:05 1572606                    /usr/lib/libXtst.so.6.1.0
7f8236c88000-7f8236c89000 rwxp 00005000 08:05 1572606                    /usr/lib/libXtst.so.6.1.0
7f8236c89000-7f8236dbe000 r-xp 00000000 08:05 1573591                    /usr/lib/x86_64-linux-gnu/libX11.so.6.3.0
7f8236dbe000-7f8236fbe000 ---p 00135000 08:05 1573591                    /usr/lib/x86_64-linux-gnu/libX11.so.6.3.0
7f8236fbe000-7f8236fbf000 r-xp 00135000 08:05 1573591                    /usr/lib/x86_64-linux-gnu/libX11.so.6.3.0
7f8236fbf000-7f8236fc3000 rwxp 00136000 08:05 1573591                    /usr/lib/x86_64-linux-gnu/libX11.so.6.3.0
7f8236fc3000-7f8236fd4000 r-xp 00000000 08:05 1571673                    /usr/lib/x86_64-linux-gnu/libXext.so.6.4.0
7f8236fd4000-7f82371d3000 ---p 00011000 08:05 1571673                    /usr/lib/x86_64-linux-gnu/libXext.so.6.4.0
7f82371d3000-7f82371d4000 r-xp 00010000 08:05 1571673                    /usr/lib/x86_64-linux-gnu/libXext.so.6.4.0
7f82371d4000-7f82371d5000 rwxp 00011000 08:05 1571673                    /usr/lib/x86_64-linux-gnu/libXext.so.6.4.0
7f82371d5000-7f82371d9000 r-xs 00000000 08:05 554470                     /var/cache/fontconfig/6eb3985aa4124903f6ff08ba781cd364-le64.cache-3
7f82371d9000-7f82371de000 r-xs 00000000 08:05 554453                     /var/cache/fontconfig/062808c12e6e608270f93bb230aed730-le64.cache-3
7f82371de000-7f82371e4000 r-xs 00000000 08:05 554429                     /var/cache/fontconfig/a755afe4a08bf5b97852ceb7400b47bc-le64.cache-3
7f82371e4000-7f82371ee000 r-xs 00000000 08:05 554433                     /var/cache/fontconfig/d52a8644073d54c13679302ca1180695-le64.cache-3
7f82371ee000-7f82371ef000 r-xs 00000000 08:05 554418                     /var/cache/fontconfig/ec648e9a1aea82bddd4bd6050028158d-le64.cache-3
7f82371ef000-7f8237202000 r-xs 00000000 08:05 538224                     /var/cache/fontconfig/e13b20fdb08344e0e664864cc2ede53d-le64.cache-3
7f8237202000-7f8237244000 r-xp 00000000 08:05 1734831                    /usr/lib/jvm/java-6-sun-1.6.0.24/jre/lib/amd64/xawt/libmawt.so
7f8237244000-7f8237343000 ---p 00042000 08:05 1734831                    /usr/lib/jvm/java-6-sun-1.6.0.24/jre/lib/amd64/xawt/libmawt.so
7f8237343000-7f823734f000 rwxp 00041000 08:05 1734831                    /usr/lib/jvm/java-6-sun-1.6.0.24/jre/lib/amd64/xawt/libmawt.so
7f823734f000-7f8237350000 rwxp 00000000 00:00 0 
7f8237350000-7f82373e2000 r-xp 00000000 08:05 1734852                    /usr/lib/jvm/java-6-sun-1.6.0.24/jre/lib/amd64/libawt.so
7f82373e2000-7f82374e1000 ---p 00092000 08:05 1734852                    /usr/lib/jvm/java-6-sun-1.6.0.24/jre/lib/amd64/libawt.so
7f82374e1000-7f82374fa000 rwxp 00091000 08:05 1734852                    /usr/lib/jvm/java-6-sun-1.6.0.24/jre/lib/amd64/libawt.so
7f82374fa000-7f823751f000 rwxp 00000000 00:00 0 
7f823751f000-7f823752a000 r-xs 00092000 08:05 1330406                    /home/bompo/git/mgcube/libs/gdx.jar
7f823752a000-7f8237531000 r-xs 00074000 08:05 1330357                    /home/bompo/git/mgcube/libs/gdx-sources.jar
7f8237531000-7f8237532000 r-xs 001a1000 08:05 1339854                    /home/bompo/git/mgcube/libs/gdx-natives.jar
7f8237532000-7f823754c000 r-xs 00206000 08:05 1339556                    /home/bompo/git/mgcube/libs/gdx-backend-jogl.jar
7f823754c000-7f823754d000 r-xs 00007000 08:05 1330241                    /home/bompo/git/mgcube/libs/gdx-backend-jogl-sources.jar
7f823754d000-7f823754e000 r-xs 00203000 08:05 1339177                    /home/bompo/git/mgcube/libs/gdx-backend-jogl-natives.jar
7f823754e000-7f8237551000 r-xs 0000f000 08:05 1622792                    /usr/lib/jvm/java-6-sun-1.6.0.24/jre/lib/ext/pulse-java.jar
7f8237551000-7f8237552000 ---p 00000000 00:00 0 
7f8237552000-7f8237652000 rwxp 00000000 00:00 0 
7f8237652000-7f8237655000 ---p 00000000 00:00 0 
7f8237655000-7f8237753000 rwxp 00000000 00:00 0 
7f8237753000-7f8237756000 ---p 00000000 00:00 0 
7f8237756000-7f8237854000 rwxp 00000000 00:00 0 
7f8237854000-7f8237857000 ---p 00000000 00:00 0 
7f8237857000-7f8237955000 rwxp 00000000 00:00 0 
7f8237955000-7f8237958000 ---p 00000000 00:00 0 
7f8237958000-7f8237a56000 rwxp 00000000 00:00 0 
7f8237a56000-7f8237e5e000 r-xp 00000000 08:05 1570348                    /usr/lib/locale/locale-archive
7f8237e5e000-7f8237e61000 ---p 00000000 00:00 0 
7f8237e61000-7f8237f5f000 rwxp 00000000 00:00 0 
7f8237f5f000-7f8237f62000 ---p 00000000 00:00 0 
7f8237f62000-7f8238060000 rwxp 00000000 00:00 0 
7f8238060000-7f8238061000 ---p 00000000 00:00 0 
7f8238061000-7f823869a000 rwxp 00000000 00:00 0 
7f823869a000-7f8238832000 r-xs 03027000 08:05 1662454                    /usr/lib/jvm/java-6-sun-1.6.0.24/jre/lib/rt.jar
7f8238832000-7f823885a000 rwxp 00000000 00:00 0 
7f823885a000-7f823885b000 ---p 00000000 00:00 0 
7f823885b000-7f823895b000 rwxp 00000000 00:00 0 
7f823895b000-7f823895c000 ---p 00000000 00:00 0 
7f823895c000-7f8238a5c000 rwxp 00000000 00:00 0 
7f8238a5c000-7f8238a5d000 ---p 00000000 00:00 0 
7f8238a5d000-7f8238b5d000 rwxp 00000000 00:00 0 
7f8238b5d000-7f8238b5e000 ---p 00000000 00:00 0 
7f8238b5e000-7f8238c69000 rwxp 00000000 00:00 0 
7f8238c69000-7f8238c87000 rwxp 00000000 00:00 0 
7f8238c87000-7f8238c9c000 rwxp 00000000 00:00 0 
7f8238c9c000-7f8238dd1000 rwxp 00000000 00:00 0 
7f8238dd1000-7f8238ddc000 rwxp 00000000 00:00 0 
7f8238ddc000-7f8238dfa000 rwxp 00000000 00:00 0 
7f8238dfa000-7f8238e0f000 rwxp 00000000 00:00 0 
7f8238e0f000-7f8238f44000 rwxp 00000000 00:00 0 
7f8238f44000-7f8238f4f000 rwxp 00000000 00:00 0 
7f8238f4f000-7f8238fe9000 rwxp 00000000 00:00 0 
7f8238fe9000-7f823925a000 rwxp 00000000 00:00 0 
7f823925a000-7f823bfea000 rwxp 00000000 00:00 0 
7f823bfea000-7f823bff8000 r-xp 00000000 08:05 1734847                    /usr/lib/jvm/java-6-sun-1.6.0.24/jre/lib/amd64/libzip.so
7f823bff8000-7f823c0fa000 ---p 0000e000 08:05 1734847                    /usr/lib/jvm/java-6-sun-1.6.0.24/jre/lib/amd64/libzip.so
7f823c0fa000-7f823c0fd000 rwxp 00010000 08:05 1734847                    /usr/lib/jvm/java-6-sun-1.6.0.24/jre/lib/amd64/libzip.so
7f823c0fd000-7f823c0fe000 rwxp 00000000 00:00 0 
7f823c0fe000-7f823c10a000 r-xp 00000000 08:05 535712                     /lib/x86_64-linux-gnu/libnss_files-2.13.so
7f823c10a000-7f823c309000 ---p 0000c000 08:05 535712                     /lib/x86_64-linux-gnu/libnss_files-2.13.so
7f823c309000-7f823c30a000 r-xp 0000b000 08:05 535712                     /lib/x86_64-linux-gnu/libnss_files-2.13.so
7f823c30a000-7f823c30b000 rwxp 0000c000 08:05 535712                     /lib/x86_64-linux-gnu/libnss_files-2.13.so
7f823c30b000-7f823c316000 r-xp 00000000 08:05 535714                     /lib/x86_64-linux-gnu/libnss_nis-2.13.so
7f823c316000-7f823c515000 ---p 0000b000 08:05 535714                     /lib/x86_64-linux-gnu/libnss_nis-2.13.so
7f823c515000-7f823c516000 r-xp 0000a000 08:05 535714                     /lib/x86_64-linux-gnu/libnss_nis-2.13.so
7f823c516000-7f823c517000 rwxp 0000b000 08:05 535714                     /lib/x86_64-linux-gnu/libnss_nis-2.13.so
7f823c517000-7f823c51f000 r-xp 00000000 08:05 535710                     /lib/x86_64-linux-gnu/libnss_compat-2.13.so
7f823c51f000-7f823c71e000 ---p 00008000 08:05 535710                     /lib/x86_64-linux-gnu/libnss_compat-2.13.so
7f823c71e000-7f823c71f000 r-xp 00007000 08:05 535710                     /lib/x86_64-linux-gnu/libnss_compat-2.13.so
7f823c71f000-7f823c720000 rwxp 00008000 08:05 535710                     /lib/x86_64-linux-gnu/libnss_compat-2.13.so
7f823c720000-7f823c727000 r-xp 00000000 08:05 1734857                    /usr/lib/jvm/java-6-sun-1.6.0.24/jre/lib/amd64/native_threads/libhpi.so
7f823c727000-7f823c828000 ---p 00007000 08:05 1734857                    /usr/lib/jvm/java-6-sun-1.6.0.24/jre/lib/amd64/native_threads/libhpi.so
7f823c828000-7f823c82a000 rwxp 00008000 08:05 1734857                    /usr/lib/jvm/java-6-sun-1.6.0.24/jre/lib/amd64/native_threads/libhpi.so
7f823c82a000-7f823c82b000 rwxp 00000000 00:00 0 
7f823c82b000-7f823c842000 r-xp 00000000 08:05 535709                     /lib/x86_64-linux-gnu/libnsl-2.13.so
7f823c842000-7f823ca41000 ---p 00017000 08:05 535709                     /lib/x86_64-linux-gnu/libnsl-2.13.so
7f823ca41000-7f823ca42000 r-xp 00016000 08:05 535709                     /lib/x86_64-linux-gnu/libnsl-2.13.so
7f823ca42000-7f823ca43000 rwxp 00017000 08:05 535709                     /lib/x86_64-linux-gnu/libnsl-2.13.so
7f823ca43000-7f823ca45000 rwxp 00000000 00:00 0 
7f823ca45000-7f823ca6e000 r-xp 00000000 08:05 1734846                    /usr/lib/jvm/java-6-sun-1.6.0.24/jre/lib/amd64/libjava.so
7f823ca6e000-7f823cb6d000 ---p 00029000 08:05 1734846                    /usr/lib/jvm/java-6-sun-1.6.0.24/jre/lib/amd64/libjava.so
7f823cb6d000-7f823cb74000 rwxp 00028000 08:05 1734846                    /usr/lib/jvm/java-6-sun-1.6.0.24/jre/lib/amd64/libjava.so
7f823cb74000-7f823cb81000 r-xp 00000000 08:05 1731420                    /usr/lib/jvm/java-6-sun-1.6.0.24/jre/lib/amd64/libverify.so
7f823cb81000-7f823cc80000 ---p 0000d000 08:05 1731420                    /usr/lib/jvm/java-6-sun-1.6.0.24/jre/lib/amd64/libverify.so
7f823cc80000-7f823cc83000 rwxp 0000c000 08:05 1731420                    /usr/lib/jvm/java-6-sun-1.6.0.24/jre/lib/amd64/libverify.so
7f823cc83000-7f823cc8a000 r-xp 00000000 08:05 535724                     /lib/x86_64-linux-gnu/librt-2.13.so
7f823cc8a000-7f823ce89000 ---p 00007000 08:05 535724                     /lib/x86_64-linux-gnu/librt-2.13.so
7f823ce89000-7f823ce8a000 r-xp 00006000 08:05 535724                     /lib/x86_64-linux-gnu/librt-2.13.so
7f823ce8a000-7f823ce8b000 rwxp 00007000 08:05 535724                     /lib/x86_64-linux-gnu/librt-2.13.so
7f823ce8b000-7f823ce8e000 ---p 00000000 00:00 0 
7f823ce8e000-7f823cf8c000 rwxp 00000000 00:00 0 
7f823cf8c000-7f823d010000 r-xp 00000000 08:05 535703                     /lib/x86_64-linux-gnu/libm-2.13.so
7f823d010000-7f823d20f000 ---p 00084000 08:05 535703                     /lib/x86_64-linux-gnu/libm-2.13.so
7f823d20f000-7f823d210000 r-xp 00083000 08:05 535703                     /lib/x86_64-linux-gnu/libm-2.13.so
7f823d210000-7f823d211000 rwxp 00084000 08:05 535703                     /lib/x86_64-linux-gnu/libm-2.13.so
7f823d211000-7f823da4f000 r-xp 00000000 08:05 1734849                    /usr/lib/jvm/java-6-sun-1.6.0.24/jre/lib/amd64/server/libjvm.so
7f823da4f000-7f823db4e000 ---p 0083e000 08:05 1734849                    /usr/lib/jvm/java-6-sun-1.6.0.24/jre/lib/amd64/server/libjvm.so
7f823db4e000-7f823dce2000 rwxp 0083d000 08:05 1734849                    /usr/lib/jvm/java-6-sun-1.6.0.24/jre/lib/amd64/server/libjvm.so
7f823dce2000-7f823dd1b000 rwxp 00000000 00:00 0 
7f823dd1b000-7f823dea5000 r-xp 00000000 08:05 535697                     /lib/x86_64-linux-gnu/libc-2.13.so
7f823dea5000-7f823e0a4000 ---p 0018a000 08:05 535697                     /lib/x86_64-linux-gnu/libc-2.13.so
7f823e0a4000-7f823e0a8000 r-xp 00189000 08:05 535697                     /lib/x86_64-linux-gnu/libc-2.13.so
7f823e0a8000-7f823e0a9000 rwxp 0018d000 08:05 535697                     /lib/x86_64-linux-gnu/libc-2.13.so
7f823e0a9000-7f823e0af000 rwxp 00000000 00:00 0 
7f823e0af000-7f823e0b1000 r-xp 00000000 08:05 535702                     /lib/x86_64-linux-gnu/libdl-2.13.so
7f823e0b1000-7f823e2b1000 ---p 00002000 08:05 535702                     /lib/x86_64-linux-gnu/libdl-2.13.so
7f823e2b1000-7f823e2b2000 r-xp 00002000 08:05 535702                     /lib/x86_64-linux-gnu/libdl-2.13.so
7f823e2b2000-7f823e2b3000 rwxp 00003000 08:05 535702                     /lib/x86_64-linux-gnu/libdl-2.13.so
7f823e2b3000-7f823e2cb000 r-xp 00000000 08:05 535718                     /lib/x86_64-linux-gnu/libpthread-2.13.so
7f823e2cb000-7f823e4cb000 ---p 00018000 08:05 535718                     /lib/x86_64-linux-gnu/libpthread-2.13.so
7f823e4cb000-7f823e4cc000 r-xp 00018000 08:05 535718                     /lib/x86_64-linux-gnu/libpthread-2.13.so
7f823e4cc000-7f823e4cd000 rwxp 00019000 08:05 535718                     /lib/x86_64-linux-gnu/libpthread-2.13.so
7f823e4cd000-7f823e4d1000 rwxp 00000000 00:00 0 
7f823e4d1000-7f823e4f2000 r-xp 00000000 08:05 535673                     /lib/x86_64-linux-gnu/ld-2.13.so
7f823e4f2000-7f823e4f3000 r-xs 00000000 08:05 554466                     /var/cache/fontconfig/4c73fe0c47614734b17d736dbde7580a-le64.cache-3
7f823e4f3000-7f823e4f4000 r-xs 00000000 08:05 554459                     /var/cache/fontconfig/0d8c3b2ac0904cb8a57a757ad11a4a08-le64.cache-3
7f823e4f4000-7f823e4fe000 rwxp 00000000 00:00 0 
7f823e4fe000-7f823e5b4000 rwxp 00000000 00:00 0 
7f823e5b4000-7f823e5b7000 rwxp 00000000 00:00 0 
7f823e5b7000-7f823e5be000 r-xp 00000000 08:05 1731410                    /usr/lib/jvm/java-6-sun-1.6.0.24/jre/lib/amd64/jli/libjli.so
7f823e5be000-7f823e6bf000 ---p 00007000 08:05 1731410                    /usr/lib/jvm/java-6-sun-1.6.0.24/jre/lib/amd64/jli/libjli.so
7f823e6bf000-7f823e6c1000 rwxp 00008000 08:05 1731410                    /usr/lib/jvm/java-6-sun-1.6.0.24/jre/lib/amd64/jli/libjli.so
7f823e6c1000-7f823e6c2000 rwxp 00000000 00:00 0 
7f823e6c2000-7f823e6c3000 r-xs 00000000 08:05 554454                     /var/cache/fontconfig/6a53c69dea097a2d716e069445527da8-le64.cache-3
7f823e6c3000-7f823e6c8000 r-xs 00000000 08:05 554452                     /var/cache/fontconfig/515ca1ebc4b18308bea979be5704f9db-le64.cache-3
7f823e6c8000-7f823e6cb000 r-xs 00000000 08:05 554441                     /var/cache/fontconfig/d60319d88cac85ba9e1a07bd06cfbb8c-le64.cache-3
7f823e6cb000-7f823e6cc000 r-xs 00000000 08:05 530935                     /var/cache/fontconfig/4794a0821666d79190d59a36cb4f44b5-le64.cache-3
7f823e6cc000-7f823e6d0000 r-xs 00000000 08:05 538228                     /var/cache/fontconfig/7ef2298fde41cc6eeb7af42e48b7d293-le64.cache-3
7f823e6d0000-7f823e6e4000 r-xs 00000000 08:05 527842                     /var/cache/fontconfig/865f88548240fee46819705c6468c165-le64.cache-3
7f823e6e4000-7f823e6e5000 r-xs 00000000 08:05 1340105                    /home/bompo/.fontconfig/aa7e4f27e681240d22a1f116cf7520f0-le64.cache-3
7f823e6e5000-7f823e6ed000 rwxs 00000000 08:05 524775                     /tmp/hsperfdata_bompo/6301
7f823e6ed000-7f823e6ee000 rwxp 00000000 00:00 0 
7f823e6ee000-7f823e6ef000 r-xp 00000000 00:00 0 
7f823e6ef000-7f823e6f1000 rwxp 00000000 00:00 0 
7f823e6f1000-7f823e6f2000 r-xp 00020000 08:05 535673                     /lib/x86_64-linux-gnu/ld-2.13.so
7f823e6f2000-7f823e6f4000 rwxp 00021000 08:05 535673                     /lib/x86_64-linux-gnu/ld-2.13.so
7fff1a7b3000-7fff1a7d4000 rwxp 00000000 00:00 0                          [stack]
7fff1a7ff000-7fff1a800000 r-xp 00000000 00:00 0                          [vdso]
ffffffffff600000-ffffffffff601000 r-xp 00000000 00:00 0                  [vsyscall]

VM Arguments:
jvm_args: -Dfile.encoding=UTF-8 
java_command: de.swagner.mgcube.DesktopStarter
Launcher Type: SUN_STANDARD

Environment Variables:
PATH=/usr/local/sbin:/usr/local/bin:/usr/sbin:/usr/bin:/sbin:/bin:/usr/games
USERNAME=bompo
LD_LIBRARY_PATH=/usr/lib/jvm/java-6-sun-1.6.0.24/jre/lib/amd64/server:/usr/lib/jvm/java-6-sun-1.6.0.24/jre/lib/amd64:/usr/lib/jvm/java-6-sun-1.6.0.24/jre/../lib/amd64:/usr/lib/jvm/java-6-openjdk/jre/lib/amd64/server:/usr/lib/jvm/java-6-openjdk/jre/lib/amd64:/usr/lib/jvm/java-6-openjdk/jre/../lib/amd64:/usr/lib64/xulrunner-addons
SHELL=/bin/bash
DISPLAY=:0.0

Signal Handlers:
SIGSEGV: [libjvm.so+0x791b30], sa_mask[0]=0x7ffbfeff, sa_flags=0x10000004
SIGBUS: [libjvm.so+0x791b30], sa_mask[0]=0x7ffbfeff, sa_flags=0x10000004
SIGFPE: [libjvm.so+0x640ba0], sa_mask[0]=0x7ffbfeff, sa_flags=0x10000004
SIGPIPE: [libjvm.so+0x640ba0], sa_mask[0]=0x7ffbfeff, sa_flags=0x10000004
SIGXFSZ: [libjvm.so+0x640ba0], sa_mask[0]=0x7ffbfeff, sa_flags=0x10000004
SIGILL: [libjvm.so+0x640ba0], sa_mask[0]=0x7ffbfeff, sa_flags=0x10000004
SIGUSR1: SIG_DFL, sa_mask[0]=0x00000000, sa_flags=0x00000000
SIGUSR2: [libjvm.so+0x643780], sa_mask[0]=0x00000004, sa_flags=0x10000004
SIGHUP: [libjvm.so+0x643380], sa_mask[0]=0x7ffbfeff, sa_flags=0x10000004
SIGINT: [libjvm.so+0x643380], sa_mask[0]=0x7ffbfeff, sa_flags=0x10000004
SIGTERM: [libjvm.so+0x643380], sa_mask[0]=0x7ffbfeff, sa_flags=0x10000004
SIGQUIT: [libjvm.so+0x643380], sa_mask[0]=0x7ffbfeff, sa_flags=0x10000004


---------------  S Y S T E M  ---------------

OS:squeeze/sid

uname:Linux 2.6.38-10-generic #46-Ubuntu SMP Tue Jun 28 15:07:17 UTC 2011 x86_64
libc:glibc 2.13 NPTL 2.13 
rlimit: STACK 8192k, CORE 0k, NPROC infinity, NOFILE 4096, AS infinity
load average:0.40 0.18 0.16

/proc/meminfo:
MemTotal:        4047872 kB
MemFree:         1352432 kB
Buffers:          138892 kB
Cached:           878804 kB
SwapCached:            0 kB
Active:          1751972 kB
Inactive:         632028 kB
Active(anon):    1367140 kB
Inactive(anon):     7952 kB
Active(file):     384832 kB
Inactive(file):   624076 kB
Unevictable:         132 kB
Mlocked:             132 kB
SwapTotal:      19529724 kB
SwapFree:       19529724 kB
Dirty:              5120 kB
Writeback:             0 kB
AnonPages:       1366784 kB
Mapped:           168792 kB
Shmem:              8716 kB
Slab:             107692 kB
SReclaimable:      80932 kB
SUnreclaim:        26760 kB
KernelStack:        3664 kB
PageTables:        29520 kB
NFS_Unstable:          0 kB
Bounce:                0 kB
WritebackTmp:          0 kB
CommitLimit:    21553660 kB
Committed_AS:    3407864 kB
VmallocTotal:   34359738367 kB
VmallocUsed:      341768 kB
VmallocChunk:   34359375356 kB
HardwareCorrupted:     0 kB
HugePages_Total:       0
HugePages_Free:        0
HugePages_Rsvd:        0
HugePages_Surp:        0
Hugepagesize:       2048 kB
DirectMap4k:      140736 kB
DirectMap2M:     4044800 kB


CPU:total 4 (4 cores per cpu, 1 threads per core) family 6 model 30 stepping 5, cmov, cx8, fxsr, mmx, sse, sse2, sse3, ssse3, sse4.1, sse4.2, popcnt

Memory: 4k page, physical 4047872k(1352184k free), swap 19529724k(19529724k free)

vm_info: Java HotSpot(TM) 64-Bit Server VM (19.1-b02) for linux-amd64 JRE (1.6.0_24-b07), built on Feb  2 2011 16:55:54 by "java_re" with gcc 3.2.2 (SuSE Linux)

time: Sun Jul  3 01:05:59 2011
elapsed time: 89 seconds

