#
# A fatal error has been detected by the Java Runtime Environment:
#
#  SIGSEGV (0xb) at pc=0x0000000000019b7e, pid=11492, tid=140178913556224
#
# JRE version: 6.0_24-b07
# Java VM: Java HotSpot(TM) 64-Bit Server VM (19.1-b02 mixed mode linux-amd64 compressed oops)
# Problematic frame:
# C  0x0000000000019b7e
#
# If you would like to submit a bug report, please visit:
#   http://java.sun.com/webapps/bugreport/crash.jsp
# The crash happened outside the Java Virtual Machine in native code.
# See problematic frame for where to report the bug.
#

---------------  T H R E A D  ---------------

Current thread (0x00000000410c7000):  JavaThread "AWT-EventQueue-0" [_thread_in_native, id=11521, stack(0x00007f7df248f000,0x00007f7df2590000)]

siginfo:si_signo=SIGSEGV: si_errno=0, si_code=1 (SEGV_MAPERR), si_addr=0x0000000000019b7e

Registers:
RAX=0x00000000ec721598, RBX=0x00000000410c71c8, RCX=0x0000000041032a80, RDX=0x0000000000000040
RSP=0x00007f7df258d868, RBP=0x00007f7df258d8b0, RSI=0x00000000ec721598, RDI=0x00007f7df4ab4000
R8 =0x00007f7dff0ab1a8, R9 =0x00007f7dff0aef78, R10=0x0000000041032e68, R11=0x0000000041032ac8
R12=0x00000000ec721598, R13=0x0000000000000040, R14=0x00007f7df4ab4000, R15=0x0000000000000000
RIP=0x0000000000019b7e, EFL=0x0000000000010202, CSGSFS=0x0000000000000033, ERR=0x0000000000000014
  TRAPNO=0x000000000000000e

Register to memory mapping:

RAX=0x00000000ec721598

[error occurred during error reporting (printing registers, top of stack, instructions near pc), id 0xe0000000]

Stack: [0x00007f7df248f000,0x00007f7df2590000],  sp=0x00007f7df258d868,  free space=1018k
Native frames: (J=compiled Java code, j=interpreted, Vv=VM code, C=native code)
C  0x0000000000019b7e

Java frames: (J=compiled Java code, j=interpreted, Vv=VM code)
J  com.badlogic.gdx.utils.BufferUtils.copyJni([FLjava/nio/Buffer;II)V
J  com.badlogic.gdx.graphics.glutils.ShaderProgram.setUniformMatrix(Ljava/lang/String;Lcom/badlogic/gdx/math/Matrix4;)V
j  de.swagner.mgcube.OptionsScreen.renderScene()V+119
j  de.swagner.mgcube.OptionsScreen.render(F)V+250
J  com.badlogic.gdx.Game.render()V
J  com.sun.opengl.impl.GLDrawableHelper.display(Ljavax/media/opengl/GLAutoDrawable;)V
J  com.sun.opengl.impl.GLDrawableHelper.invokeGL(Ljavax/media/opengl/GLDrawable;Ljavax/media/opengl/GLContext;Ljava/lang/Runnable;Ljava/lang/Runnable;)V
j  javax.media.opengl.GLCanvas$DisplayOnEventDispatchThreadAction.run()V+35
j  java.awt.event.InvocationEvent.dispatch()V+11
j  java.awt.EventQueue.dispatchEventImpl(Ljava/awt/AWTEvent;Ljava/lang/Object;)V+21
j  java.awt.EventQueue.access$000(Ljava/awt/EventQueue;Ljava/awt/AWTEvent;Ljava/lang/Object;)V+3
j  java.awt.EventQueue$1.run()Ljava/lang/Void;+12
j  java.awt.EventQueue$1.run()Ljava/lang/Object;+1
v  ~StubRoutines::call_stub
J  java.security.AccessController.doPrivileged(Ljava/security/PrivilegedAction;Ljava/security/AccessControlContext;)Ljava/lang/Object;
J  java.awt.EventDispatchThread.pumpOneEventForFilters(I)Z
J  java.awt.EventDispatchThread.pumpEventsForFilter(ILjava/awt/Conditional;Ljava/awt/EventFilter;)V
j  java.awt.EventDispatchThread.pumpEventsForHierarchy(ILjava/awt/Conditional;Ljava/awt/Component;)V+11
j  java.awt.EventDispatchThread.pumpEvents(ILjava/awt/Conditional;)V+4
j  java.awt.EventDispatchThread.pumpEvents(Ljava/awt/Conditional;)V+3
j  java.awt.EventDispatchThread.run()V+9
v  ~StubRoutines::call_stub

---------------  P R O C E S S  ---------------

Java Threads: ( => current thread )
  0x0000000040f62800 JavaThread "DestroyJavaVM" [_thread_blocked, id=11498, stack(0x00007f7dfe374000,0x00007f7dfe475000)]
  0x00007f7df4355800 JavaThread "Thread-1" [_thread_blocked, id=11525, stack(0x00007f7de7bc9000,0x00007f7de7cca000)]
=>0x00000000410c7000 JavaThread "AWT-EventQueue-0" [_thread_in_native, id=11521, stack(0x00007f7df248f000,0x00007f7df2590000)]
  0x00000000410c5000 JavaThread "AWT-Shutdown" [_thread_blocked, id=11520, stack(0x00007f7df2590000,0x00007f7df2691000)]
  0x00000000412dc800 JavaThread "AWT-XAWT" daemon [_thread_blocked, id=11519, stack(0x00007f7df2691000,0x00007f7df2792000)]
  0x00007f7df40e7000 JavaThread "Java2D Disposer" daemon [_thread_blocked, id=11518, stack(0x00007f7df2dda000,0x00007f7df2edb000)]
  0x00007f7df401d000 JavaThread "Low Memory Detector" daemon [_thread_blocked, id=11516, stack(0x00007f7df84f2000,0x00007f7df85f3000)]
  0x00007f7df401a800 JavaThread "CompilerThread1" daemon [_thread_blocked, id=11515, stack(0x00007f7df85f3000,0x00007f7df86f4000)]
  0x00007f7df4017800 JavaThread "CompilerThread0" daemon [_thread_blocked, id=11514, stack(0x00007f7df86f4000,0x00007f7df87f5000)]
  0x0000000040ff8800 JavaThread "JDWP Command Reader" daemon [_thread_in_native, id=11511, stack(0x00007f7df87f5000,0x00007f7df88f6000)]
  0x00007f7df4002800 JavaThread "JDWP Event Helper Thread" daemon [_thread_blocked, id=11509, stack(0x00007f7df88f6000,0x00007f7df89f7000)]
  0x0000000040ff6000 JavaThread "JDWP Transport Listener: dt_socket" daemon [_thread_blocked, id=11508, stack(0x00007f7df89f7000,0x00007f7df8af8000)]
  0x0000000040fe9800 JavaThread "Signal Dispatcher" daemon [_thread_blocked, id=11506, stack(0x00007f7df8bfc000,0x00007f7df8cfd000)]
  0x0000000040fc9000 JavaThread "Finalizer" daemon [_thread_blocked, id=11505, stack(0x00007f7df8cfd000,0x00007f7df8dfe000)]
  0x0000000040fc7000 JavaThread "Reference Handler" daemon [_thread_blocked, id=11504, stack(0x00007f7df8dfe000,0x00007f7df8eff000)]

Other Threads:
  0x0000000040fc0000 VMThread [stack: 0x00007f7df8eff000,0x00007f7df9000000] [id=11503]
  0x00007f7df4028000 WatcherThread [stack: 0x00007f7df83f1000,0x00007f7df84f2000] [id=11517]

VM state:not at safepoint (normal execution)

VM Mutex/Monitor currently owned by a thread: None

Heap
 PSYoungGen      total 18432K, used 13389K [0x00000000eb600000, 0x00000000eca90000, 0x0000000100000000)
  eden space 15808K, 68% used [0x00000000eb600000,0x00000000ec089590,0x00000000ec570000)
  from space 2624K, 99% used [0x00000000ec570000,0x00000000ec7fa150,0x00000000ec800000)
  to   space 2624K, 0% used [0x00000000ec800000,0x00000000ec800000,0x00000000eca90000)
 PSOldGen        total 42240K, used 1286K [0x00000000c2200000, 0x00000000c4b40000, 0x00000000eb600000)
  object space 42240K, 3% used [0x00000000c2200000,0x00000000c2341858,0x00000000c4b40000)
 PSPermGen       total 21248K, used 18056K [0x00000000bd000000, 0x00000000be4c0000, 0x00000000c2200000)
  object space 21248K, 84% used [0x00000000bd000000,0x00000000be1a23b8,0x00000000be4c0000)

Dynamic libraries:
40000000-40009000 r-xp 00000000 08:05 1662394                            /usr/lib/jvm/java-6-sun-1.6.0.24/jre/bin/java
40108000-4010a000 rwxp 00008000 08:05 1662394                            /usr/lib/jvm/java-6-sun-1.6.0.24/jre/bin/java
401ad000-40224000 rwxp 00000000 00:00 0 
40f43000-40f45000 r-xs 00000000 08:05 525596                             /tmp/gl4lmjyC (deleted)
40f57000-41e60000 rwxp 00000000 00:00 0                                  [heap]
bd000000-be4c0000 rwxp 00000000 00:00 0 
be4c0000-c2200000 rwxp 00000000 00:00 0 
c2200000-c4b40000 rwxp 00000000 00:00 0 
c4b40000-eb600000 rwxp 00000000 00:00 0 
eb600000-eca90000 rwxp 00000000 00:00 0 
eca90000-100000000 rwxp 00000000 00:00 0 
7f7de768a000-7f7de7801000 rwxs 00000000 00:04 83755020                   /SYSV00000000 (deleted)
7f7de7801000-7f7de7809000 r-xs 0003d000 08:05 1311180                    /home/bompo/git/mgcube/libs/scoreloop-core.jar
7f7de7809000-7f7de7889000 rwxs af2dd000 00:05 6740                       /dev/nvidia0
7f7de7889000-7f7de7a89000 rwxs 3807f000 00:05 6740                       /dev/nvidia0
7f7de7a89000-7f7de7b89000 rwxs b601a000 00:05 6740                       /dev/nvidia0
7f7de7b89000-7f7de7bc9000 rwxs af108000 00:05 6740                       /dev/nvidia0
7f7de7bc9000-7f7de7bcc000 ---p 00000000 00:00 0 
7f7de7bcc000-7f7de7cca000 rwxp 00000000 00:00 0 
7f7de7cca000-7f7de7ccb000 ---p 00000000 00:00 0 
7f7de7ccb000-7f7de84cb000 rwxp 00000000 00:00 0 
7f7de84cb000-7f7dec4cc000 rwxs 00000000 00:10 375702                     /dev/shm/pulse-shm-3252812421
7f7dec4cc000-7f7dec4cd000 ---p 00000000 00:00 0 
7f7dec4cd000-7f7decccd000 rwxp 00000000 00:00 0 
7f7decccd000-7f7deccd3000 r-xp 00000000 08:05 1573092                    /usr/lib/libogg.so.0.7.0
7f7deccd3000-7f7deced2000 ---p 00006000 08:05 1573092                    /usr/lib/libogg.so.0.7.0
7f7deced2000-7f7deced3000 r-xp 00005000 08:05 1573092                    /usr/lib/libogg.so.0.7.0
7f7deced3000-7f7deced4000 rwxp 00006000 08:05 1573092                    /usr/lib/libogg.so.0.7.0
7f7deced4000-7f7deceff000 r-xp 00000000 08:05 1582648                    /usr/lib/libvorbis.so.0.4.5
7f7deceff000-7f7ded0fe000 ---p 0002b000 08:05 1582648                    /usr/lib/libvorbis.so.0.4.5
7f7ded0fe000-7f7ded0ff000 r-xp 0002a000 08:05 1582648                    /usr/lib/libvorbis.so.0.4.5
7f7ded0ff000-7f7ded100000 rwxp 0002b000 08:05 1582648                    /usr/lib/libvorbis.so.0.4.5
7f7ded100000-7f7ded3b3000 r-xp 00000000 08:05 1573212                    /usr/lib/libvorbisenc.so.2.0.8
7f7ded3b3000-7f7ded5b2000 ---p 002b3000 08:05 1573212                    /usr/lib/libvorbisenc.so.2.0.8
7f7ded5b2000-7f7ded5ce000 r-xp 002b2000 08:05 1573212                    /usr/lib/libvorbisenc.so.2.0.8
7f7ded5ce000-7f7ded5cf000 rwxp 002ce000 08:05 1573212                    /usr/lib/libvorbisenc.so.2.0.8
7f7ded5cf000-7f7ded617000 r-xp 00000000 08:05 1570101                    /usr/lib/libFLAC.so.8.2.0
7f7ded617000-7f7ded817000 ---p 00048000 08:05 1570101                    /usr/lib/libFLAC.so.8.2.0
7f7ded817000-7f7ded818000 r-xp 00048000 08:05 1570101                    /usr/lib/libFLAC.so.8.2.0
7f7ded818000-7f7ded819000 rwxp 00049000 08:05 1570101                    /usr/lib/libFLAC.so.8.2.0
7f7ded819000-7f7ded87a000 r-xp 00000000 08:05 1570821                    /usr/lib/libsndfile.so.1.0.23
7f7ded87a000-7f7deda7a000 ---p 00061000 08:05 1570821                    /usr/lib/libsndfile.so.1.0.23
7f7deda7a000-7f7deda7c000 r-xp 00061000 08:05 1570821                    /usr/lib/libsndfile.so.1.0.23
7f7deda7c000-7f7deda7d000 rwxp 00063000 08:05 1570821                    /usr/lib/libsndfile.so.1.0.23
7f7deda7d000-7f7deda81000 rwxp 00000000 00:00 0 
7f7deda81000-7f7deda89000 r-xp 00000000 08:05 538930                     /lib/libwrap.so.0.7.6
7f7deda89000-7f7dedc89000 ---p 00008000 08:05 538930                     /lib/libwrap.so.0.7.6
7f7dedc89000-7f7dedc8a000 r-xp 00008000 08:05 538930                     /lib/libwrap.so.0.7.6
7f7dedc8a000-7f7dedc8b000 rwxp 00009000 08:05 538930                     /lib/libwrap.so.0.7.6
7f7dedc8b000-7f7dedc8c000 rwxp 00000000 00:00 0 
7f7dedc8c000-7f7dedc90000 r-xp 00000000 08:05 534738                     /lib/x86_64-linux-gnu/libuuid.so.1.3.0
7f7dedc90000-7f7dede8f000 ---p 00004000 08:05 534738                     /lib/x86_64-linux-gnu/libuuid.so.1.3.0
7f7dede8f000-7f7dede90000 r-xp 00003000 08:05 534738                     /lib/x86_64-linux-gnu/libuuid.so.1.3.0
7f7dede90000-7f7dede91000 rwxp 00004000 08:05 534738                     /lib/x86_64-linux-gnu/libuuid.so.1.3.0
7f7dede91000-7f7deded3000 r-xp 00000000 08:05 525819                     /lib/x86_64-linux-gnu/libdbus-1.so.3.5.4
7f7deded3000-7f7dee0d3000 ---p 00042000 08:05 525819                     /lib/x86_64-linux-gnu/libdbus-1.so.3.5.4
7f7dee0d3000-7f7dee0d4000 r-xp 00042000 08:05 525819                     /lib/x86_64-linux-gnu/libdbus-1.so.3.5.4
7f7dee0d4000-7f7dee0d5000 rwxp 00043000 08:05 525819                     /lib/x86_64-linux-gnu/libdbus-1.so.3.5.4
7f7dee0d5000-7f7dee120000 r-xp 00000000 08:05 1580900                    /usr/lib/libpulsecommon-0.9.22.so
7f7dee120000-7f7dee31f000 ---p 0004b000 08:05 1580900                    /usr/lib/libpulsecommon-0.9.22.so
7f7dee31f000-7f7dee320000 r-xp 0004a000 08:05 1580900                    /usr/lib/libpulsecommon-0.9.22.so
7f7dee320000-7f7dee321000 rwxp 0004b000 08:05 1580900                    /usr/lib/libpulsecommon-0.9.22.so
7f7dee321000-7f7dee324000 r-xp 00000000 08:05 1573582                    /usr/lib/libxcb-atom.so.1.0.0
7f7dee324000-7f7dee524000 ---p 00003000 08:05 1573582                    /usr/lib/libxcb-atom.so.1.0.0
7f7dee524000-7f7dee525000 r-xp 00003000 08:05 1573582                    /usr/lib/libxcb-atom.so.1.0.0
7f7dee525000-7f7dee526000 rwxp 00004000 08:05 1573582                    /usr/lib/libxcb-atom.so.1.0.0
7f7dee526000-7f7dee52d000 r-xp 00000000 08:05 1578963                    /usr/lib/x86_64-linux-gnu/libSM.so.6.0.1
7f7dee52d000-7f7dee72c000 ---p 00007000 08:05 1578963                    /usr/lib/x86_64-linux-gnu/libSM.so.6.0.1
7f7dee72c000-7f7dee72d000 r-xp 00006000 08:05 1578963                    /usr/lib/x86_64-linux-gnu/libSM.so.6.0.1
7f7dee72d000-7f7dee72e000 rwxp 00007000 08:05 1578963                    /usr/lib/x86_64-linux-gnu/libSM.so.6.0.1
7f7dee72e000-7f7dee744000 r-xp 00000000 08:05 1571606                    /usr/lib/x86_64-linux-gnu/libICE.so.6.3.0
7f7dee744000-7f7dee944000 ---p 00016000 08:05 1571606                    /usr/lib/x86_64-linux-gnu/libICE.so.6.3.0
7f7dee944000-7f7dee945000 r-xp 00016000 08:05 1571606                    /usr/lib/x86_64-linux-gnu/libICE.so.6.3.0
7f7dee945000-7f7dee946000 rwxp 00017000 08:05 1571606                    /usr/lib/x86_64-linux-gnu/libICE.so.6.3.0
7f7dee946000-7f7dee949000 rwxp 00000000 00:00 0 
7f7dee949000-7f7dee94a000 r-xp 00000000 08:05 1570508                    /usr/lib/x86_64-linux-gnu/libX11-xcb.so.1.0.0
7f7dee94a000-7f7deeb49000 ---p 00001000 08:05 1570508                    /usr/lib/x86_64-linux-gnu/libX11-xcb.so.1.0.0
7f7deeb49000-7f7deeb4a000 r-xp 00000000 08:05 1570508                    /usr/lib/x86_64-linux-gnu/libX11-xcb.so.1.0.0
7f7deeb4a000-7f7deeb4b000 rwxp 00001000 08:05 1570508                    /usr/lib/x86_64-linux-gnu/libX11-xcb.so.1.0.0
7f7deeb4b000-7f7deeb8b000 r-xp 00000000 08:05 1573921                    /usr/lib/libpulse.so.0.12.3
7f7deeb8b000-7f7deed8a000 ---p 00040000 08:05 1573921                    /usr/lib/libpulse.so.0.12.3
7f7deed8a000-7f7deed8b000 r-xp 0003f000 08:05 1573921                    /usr/lib/libpulse.so.0.12.3
7f7deed8b000-7f7deed8c000 rwxp 00040000 08:05 1573921                    /usr/lib/libpulse.so.0.12.3
7f7deed8c000-7f7deedd8000 r-xp 00000000 08:05 525030                     /tmp/libgdx/2370704169/libopenal64.so
7f7deedd8000-7f7deefd7000 ---p 0004c000 08:05 525030                     /tmp/libgdx/2370704169/libopenal64.so
7f7deefd7000-7f7deefd9000 r-xp 0004b000 08:05 525030                     /tmp/libgdx/2370704169/libopenal64.so
7f7deefd9000-7f7deefda000 rwxp 0004d000 08:05 525030                     /tmp/libgdx/2370704169/libopenal64.so
7f7deefda000-7f7deefdb000 rwxp 00000000 00:00 0 
7f7deefdb000-7f7def054000 r-xp 00000000 08:05 525382                     /tmp/libgdx/2370704169/liblwjgl64.so
7f7def054000-7f7def254000 ---p 00079000 08:05 525382                     /tmp/libgdx/2370704169/liblwjgl64.so
7f7def254000-7f7def256000 r-xp 00079000 08:05 525382                     /tmp/libgdx/2370704169/liblwjgl64.so
7f7def256000-7f7def257000 rwxp 0007b000 08:05 525382                     /tmp/libgdx/2370704169/liblwjgl64.so
7f7def257000-7f7def25f000 r-xp 00000000 08:05 1581969                    /usr/lib/x86_64-linux-gnu/libXrandr.so.2.2.0
7f7def25f000-7f7def45e000 ---p 00008000 08:05 1581969                    /usr/lib/x86_64-linux-gnu/libXrandr.so.2.2.0
7f7def45e000-7f7def45f000 r-xp 00007000 08:05 1581969                    /usr/lib/x86_64-linux-gnu/libXrandr.so.2.2.0
7f7def45f000-7f7def460000 rwxp 00008000 08:05 1581969                    /usr/lib/x86_64-linux-gnu/libXrandr.so.2.2.0
7f7def48d000-7f7def57c000 r-xp 00000000 08:05 524903                     /tmp/libgdx/2370704169/libjogl-linux64.so
7f7def57c000-7f7def67c000 ---p 000ef000 08:05 524903                     /tmp/libgdx/2370704169/libjogl-linux64.so
7f7def67c000-7f7def67d000 rwxp 000ef000 08:05 524903                     /tmp/libgdx/2370704169/libjogl-linux64.so
7f7def67d000-7f7df0acb000 r-xp 00000000 08:05 723                        /usr/lib/nvidia-current/libnvidia-glcore.so.270.41.19
7f7df0acb000-7f7df0ccb000 ---p 0144e000 08:05 723                        /usr/lib/nvidia-current/libnvidia-glcore.so.270.41.19
7f7df0ccb000-7f7df12b3000 rwxp 0144e000 08:05 723                        /usr/lib/nvidia-current/libnvidia-glcore.so.270.41.19
7f7df12b3000-7f7df12ca000 rwxp 00000000 00:00 0 
7f7df12ca000-7f7df12cb000 r-xp 00000000 08:05 716                        /usr/lib/nvidia-current/tls/libnvidia-tls.so.270.41.19
7f7df12cb000-7f7df14cb000 ---p 00001000 08:05 716                        /usr/lib/nvidia-current/tls/libnvidia-tls.so.270.41.19
7f7df14cb000-7f7df14cc000 rwxp 00001000 08:05 716                        /usr/lib/nvidia-current/tls/libnvidia-tls.so.270.41.19
7f7df14cc000-7f7df14cd000 r-xp 00000000 08:05 1734853                    /usr/lib/jvm/java-6-sun-1.6.0.24/jre/lib/amd64/libjawt.so
7f7df14cd000-7f7df15cc000 ---p 00001000 08:05 1734853                    /usr/lib/jvm/java-6-sun-1.6.0.24/jre/lib/amd64/libjawt.so
7f7df15cc000-7f7df15cd000 rwxp 00000000 08:05 1734853                    /usr/lib/jvm/java-6-sun-1.6.0.24/jre/lib/amd64/libjawt.so
7f7df15cd000-7f7df15d2000 r-xp 00000000 08:05 1581972                    /usr/lib/x86_64-linux-gnu/libXxf86vm.so.1.0.0
7f7df15d2000-7f7df17d1000 ---p 00005000 08:05 1581972                    /usr/lib/x86_64-linux-gnu/libXxf86vm.so.1.0.0
7f7df17d1000-7f7df17d2000 r-xp 00004000 08:05 1581972                    /usr/lib/x86_64-linux-gnu/libXxf86vm.so.1.0.0
7f7df17d2000-7f7df17d3000 rwxp 00005000 08:05 1581972                    /usr/lib/x86_64-linux-gnu/libXxf86vm.so.1.0.0
7f7df17d3000-7f7df1890000 r-xp 00000000 08:05 928                        /usr/lib/nvidia-current/libGL.so.270.41.19
7f7df1890000-7f7df1a90000 ---p 000bd000 08:05 928                        /usr/lib/nvidia-current/libGL.so.270.41.19
7f7df1a90000-7f7df1ac9000 rwxp 000bd000 08:05 928                        /usr/lib/nvidia-current/libGL.so.270.41.19
7f7df1ac9000-7f7df1adf000 rwxp 00000000 00:00 0 
7f7df1adf000-7f7df1ae1000 r-xp 00000000 08:05 524774                     /tmp/libgdx/2370704169/libjogl_awt-linux64.so
7f7df1ae1000-7f7df1be0000 ---p 00002000 08:05 524774                     /tmp/libgdx/2370704169/libjogl_awt-linux64.so
7f7df1be0000-7f7df1be1000 rwxp 00001000 08:05 524774                     /tmp/libgdx/2370704169/libjogl_awt-linux64.so
7f7df1be1000-7f7df1be2000 r-xp 00000000 08:05 524747                     /tmp/libgdx/2370704169/libgluegen-rt-linux64.so
7f7df1be2000-7f7df1ce1000 ---p 00001000 08:05 524747                     /tmp/libgdx/2370704169/libgluegen-rt-linux64.so
7f7df1ce1000-7f7df1ce2000 rwxp 00000000 08:05 524747                     /tmp/libgdx/2370704169/libgluegen-rt-linux64.so
7f7df1ce2000-7f7df1cf7000 r-xp 00000000 08:05 528127                     /lib/x86_64-linux-gnu/libgcc_s.so.1
7f7df1cf7000-7f7df1ef6000 ---p 00015000 08:05 528127                     /lib/x86_64-linux-gnu/libgcc_s.so.1
7f7df1ef6000-7f7df1ef7000 r-xp 00014000 08:05 528127                     /lib/x86_64-linux-gnu/libgcc_s.so.1
7f7df1ef7000-7f7df1ef8000 rwxp 00015000 08:05 528127                     /lib/x86_64-linux-gnu/libgcc_s.so.1
7f7df1ef8000-7f7df1fe0000 r-xp 00000000 08:05 1571250                    /usr/lib/x86_64-linux-gnu/libstdc++.so.6.0.14
7f7df1fe0000-7f7df21df000 ---p 000e8000 08:05 1571250                    /usr/lib/x86_64-linux-gnu/libstdc++.so.6.0.14
7f7df21df000-7f7df21e7000 r-xp 000e7000 08:05 1571250                    /usr/lib/x86_64-linux-gnu/libstdc++.so.6.0.14
7f7df21e7000-7f7df21e9000 rwxp 000ef000 08:05 1571250                    /usr/lib/x86_64-linux-gnu/libstdc++.so.6.0.14
7f7df21e9000-7f7df21fe000 rwxp 00000000 00:00 0 
7f7df21fe000-7f7df228a000 r-xp 00000000 08:05 524745                     /tmp/libgdx/2370704169/libgdx-64.so
7f7df228a000-7f7df248a000 ---p 0008c000 08:05 524745                     /tmp/libgdx/2370704169/libgdx-64.so
7f7df248a000-7f7df248b000 r-xp 0008c000 08:05 524745                     /tmp/libgdx/2370704169/libgdx-64.so
7f7df248b000-7f7df248c000 rwxp 0008d000 08:05 524745                     /tmp/libgdx/2370704169/libgdx-64.so
7f7df248c000-7f7df248f000 rwxp 00000000 00:00 0 
7f7df248f000-7f7df2492000 ---p 00000000 00:00 0 
7f7df2492000-7f7df2590000 rwxp 00000000 00:00 0 
7f7df2590000-7f7df2593000 ---p 00000000 00:00 0 
7f7df2593000-7f7df2691000 rwxp 00000000 00:00 0 
7f7df2691000-7f7df2694000 ---p 00000000 00:00 0 
7f7df2694000-7f7df2792000 rwxp 00000000 00:00 0 
7f7df2792000-7f7df2797000 r-xp 00000000 08:05 1570859                    /usr/lib/x86_64-linux-gnu/libXfixes.so.3.1.0
7f7df2797000-7f7df2996000 ---p 00005000 08:05 1570859                    /usr/lib/x86_64-linux-gnu/libXfixes.so.3.1.0
7f7df2996000-7f7df2997000 r-xp 00004000 08:05 1570859                    /usr/lib/x86_64-linux-gnu/libXfixes.so.3.1.0
7f7df2997000-7f7df2998000 rwxp 00005000 08:05 1570859                    /usr/lib/x86_64-linux-gnu/libXfixes.so.3.1.0
7f7df2998000-7f7df29a1000 r-xp 00000000 08:05 1570620                    /usr/lib/x86_64-linux-gnu/libXrender.so.1.3.0
7f7df29a1000-7f7df2ba1000 ---p 00009000 08:05 1570620                    /usr/lib/x86_64-linux-gnu/libXrender.so.1.3.0
7f7df2ba1000-7f7df2ba2000 r-xp 00009000 08:05 1570620                    /usr/lib/x86_64-linux-gnu/libXrender.so.1.3.0
7f7df2ba2000-7f7df2ba3000 rwxp 0000a000 08:05 1570620                    /usr/lib/x86_64-linux-gnu/libXrender.so.1.3.0
7f7df2ba3000-7f7df2bac000 r-xp 00000000 08:05 1573929                    /usr/lib/x86_64-linux-gnu/libXcursor.so.1.0.2
7f7df2bac000-7f7df2dab000 ---p 00009000 08:05 1573929                    /usr/lib/x86_64-linux-gnu/libXcursor.so.1.0.2
7f7df2dab000-7f7df2dac000 r-xp 00008000 08:05 1573929                    /usr/lib/x86_64-linux-gnu/libXcursor.so.1.0.2
7f7df2dac000-7f7df2dad000 rwxp 00009000 08:05 1573929                    /usr/lib/x86_64-linux-gnu/libXcursor.so.1.0.2
7f7df2dbf000-7f7df2dda000 rwxs 110c00000 00:05 6740                      /dev/nvidia0
7f7df2dda000-7f7df2ddd000 ---p 00000000 00:00 0 
7f7df2ddd000-7f7df2edb000 rwxp 00000000 00:00 0 
7f7df2edb000-7f7df2f54000 r-xp 00000000 08:05 1734841                    /usr/lib/jvm/java-6-sun-1.6.0.24/jre/lib/amd64/libfontmanager.so
7f7df2f54000-7f7df3053000 ---p 00079000 08:05 1734841                    /usr/lib/jvm/java-6-sun-1.6.0.24/jre/lib/amd64/libfontmanager.so
7f7df3053000-7f7df3068000 rwxp 00078000 08:05 1734841                    /usr/lib/jvm/java-6-sun-1.6.0.24/jre/lib/amd64/libfontmanager.so
7f7df3068000-7f7df3079000 rwxp 00000000 00:00 0 
7f7df3079000-7f7df307e000 r-xp 00000000 08:05 1573561                    /usr/lib/x86_64-linux-gnu/libXdmcp.so.6.0.0
7f7df307e000-7f7df327d000 ---p 00005000 08:05 1573561                    /usr/lib/x86_64-linux-gnu/libXdmcp.so.6.0.0
7f7df327d000-7f7df327e000 r-xp 00004000 08:05 1573561                    /usr/lib/x86_64-linux-gnu/libXdmcp.so.6.0.0
7f7df327e000-7f7df327f000 rwxp 00005000 08:05 1573561                    /usr/lib/x86_64-linux-gnu/libXdmcp.so.6.0.0
7f7df327f000-7f7df3281000 r-xp 00000000 08:05 1570542                    /usr/lib/x86_64-linux-gnu/libXau.so.6.0.0
7f7df3281000-7f7df3480000 ---p 00002000 08:05 1570542                    /usr/lib/x86_64-linux-gnu/libXau.so.6.0.0
7f7df3480000-7f7df3481000 r-xp 00001000 08:05 1570542                    /usr/lib/x86_64-linux-gnu/libXau.so.6.0.0
7f7df3481000-7f7df3482000 rwxp 00002000 08:05 1570542                    /usr/lib/x86_64-linux-gnu/libXau.so.6.0.0
7f7df3482000-7f7df349d000 r-xp 00000000 08:05 1572615                    /usr/lib/x86_64-linux-gnu/libxcb.so.1.1.0
7f7df349d000-7f7df369c000 ---p 0001b000 08:05 1572615                    /usr/lib/x86_64-linux-gnu/libxcb.so.1.1.0
7f7df369c000-7f7df369d000 r-xp 0001a000 08:05 1572615                    /usr/lib/x86_64-linux-gnu/libxcb.so.1.1.0
7f7df369d000-7f7df369e000 rwxp 0001b000 08:05 1572615                    /usr/lib/x86_64-linux-gnu/libxcb.so.1.1.0
7f7df369e000-7f7df36ad000 r-xp 00000000 08:05 1613065                    /usr/lib/x86_64-linux-gnu/libXi.so.6.1.0
7f7df36ad000-7f7df38ac000 ---p 0000f000 08:05 1613065                    /usr/lib/x86_64-linux-gnu/libXi.so.6.1.0
7f7df38ac000-7f7df38ad000 r-xp 0000e000 08:05 1613065                    /usr/lib/x86_64-linux-gnu/libXi.so.6.1.0
7f7df38ad000-7f7df38ae000 rwxp 0000f000 08:05 1613065                    /usr/lib/x86_64-linux-gnu/libXi.so.6.1.0
7f7df38ae000-7f7df38b3000 r-xp 00000000 08:05 1572606                    /usr/lib/libXtst.so.6.1.0
7f7df38b3000-7f7df3ab2000 ---p 00005000 08:05 1572606                    /usr/lib/libXtst.so.6.1.0
7f7df3ab2000-7f7df3ab3000 r-xp 00004000 08:05 1572606                    /usr/lib/libXtst.so.6.1.0
7f7df3ab3000-7f7df3ab4000 rwxp 00005000 08:05 1572606                    /usr/lib/libXtst.so.6.1.0
7f7df3ab4000-7f7df3be9000 r-xp 00000000 08:05 1573591                    /usr/lib/x86_64-linux-gnu/libX11.so.6.3.0
7f7df3be9000-7f7df3de9000 ---p 00135000 08:05 1573591                    /usr/lib/x86_64-linux-gnu/libX11.so.6.3.0
7f7df3de9000-7f7df3dea000 r-xp 00135000 08:05 1573591                    /usr/lib/x86_64-linux-gnu/libX11.so.6.3.0
7f7df3dea000-7f7df3dee000 rwxp 00136000 08:05 1573591                    /usr/lib/x86_64-linux-gnu/libX11.so.6.3.0
7f7df3dee000-7f7df3dff000 r-xp 00000000 08:05 1571673                    /usr/lib/x86_64-linux-gnu/libXext.so.6.4.0
7f7df3dff000-7f7df3ffe000 ---p 00011000 08:05 1571673                    /usr/lib/x86_64-linux-gnu/libXext.so.6.4.0
7f7df3ffe000-7f7df3fff000 r-xp 00010000 08:05 1571673                    /usr/lib/x86_64-linux-gnu/libXext.so.6.4.0
7f7df3fff000-7f7df4000000 rwxp 00011000 08:05 1571673                    /usr/lib/x86_64-linux-gnu/libXext.so.6.4.0
7f7df4000000-7f7df78b4000 rwxp 00000000 00:00 0 
7f7df78b4000-7f7df8000000 ---p 00000000 00:00 0 
7f7df8002000-7f7df8004000 rwxs 00000000 08:05 525596                     /tmp/gl4lmjyC (deleted)
7f7df8004000-7f7df8008000 rwxs c07e0000 00:05 6740                       /dev/nvidia0
7f7df8008000-7f7df800c000 rwxs b61ec000 00:05 6740                       /dev/nvidia0
7f7df800c000-7f7df800d000 rwxs d0008000 00:05 6740                       /dev/nvidia0
7f7df800d000-7f7df800e000 rwxs 42a80000 00:05 6740                       /dev/nvidia0
7f7df800e000-7f7df8012000 rwxs ad791000 00:05 6740                       /dev/nvidia0
7f7df8012000-7f7df8013000 rwxs fbc0a000 00:05 6740                       /dev/nvidia0
7f7df8013000-7f7df8014000 r-xs 00000000 08:05 532633                     /var/cache/fontconfig/26de28bc8622bbc1fb67fd234c21975f-le64.cache-3
7f7df8014000-7f7df8015000 r-xs 00000000 08:05 554485                     /var/cache/fontconfig/c05880de57d1f5e948fdfacc138775d9-le64.cache-3
7f7df8015000-7f7df801e000 r-xs 00000000 08:05 527845                     /var/cache/fontconfig/945677eb7aeaf62f1d50efc3fb3ec7d8-le64.cache-3
7f7df801e000-7f7df8020000 r-xs 00000000 08:05 554480                     /var/cache/fontconfig/99e8ed0e538f840c565b6ed5dad60d56-le64.cache-3
7f7df8020000-7f7df8023000 r-xs 00000000 08:05 554411                     /var/cache/fontconfig/f24b2111ab8703b4e963115a8cf14259-le64.cache-3
7f7df8023000-7f7df8026000 r-xs 00000000 08:05 554479                     /var/cache/fontconfig/e383d7ea5fbe662a33d9b44caf393297-le64.cache-3
7f7df8026000-7f7df8029000 r-xs 00000000 08:05 554477                     /var/cache/fontconfig/2cd17615ca594fa2959ae173292e504c-le64.cache-3
7f7df8029000-7f7df802a000 r-xs 00000000 08:05 554471                     /var/cache/fontconfig/e7071f4a29fa870f4323321c154eba04-le64.cache-3
7f7df802a000-7f7df802e000 r-xs 00000000 08:05 554470                     /var/cache/fontconfig/6eb3985aa4124903f6ff08ba781cd364-le64.cache-3
7f7df802e000-7f7df802f000 r-xs 00000000 08:05 554466                     /var/cache/fontconfig/4c73fe0c47614734b17d736dbde7580a-le64.cache-3
7f7df802f000-7f7df8030000 r-xs 00000000 08:05 554459                     /var/cache/fontconfig/0d8c3b2ac0904cb8a57a757ad11a4a08-le64.cache-3
7f7df8030000-7f7df8031000 r-xs 00000000 08:05 554454                     /var/cache/fontconfig/6a53c69dea097a2d716e069445527da8-le64.cache-3
7f7df8031000-7f7df8036000 r-xs 00000000 08:05 554453                     /var/cache/fontconfig/062808c12e6e608270f93bb230aed730-le64.cache-3
7f7df8036000-7f7df803c000 r-xs 00000000 08:05 554429                     /var/cache/fontconfig/a755afe4a08bf5b97852ceb7400b47bc-le64.cache-3
7f7df803c000-7f7df8041000 r-xs 00000000 08:05 554452                     /var/cache/fontconfig/515ca1ebc4b18308bea979be5704f9db-le64.cache-3
7f7df8041000-7f7df804a000 r-xs 00000000 08:05 554448                     /var/cache/fontconfig/6d41288fd70b0be22e8c3a91e032eec0-le64.cache-3
7f7df804a000-7f7df805a000 r-xs 00000000 08:05 554447                     /var/cache/fontconfig/0f34bcd4b6ee430af32735b75db7f02b-le64.cache-3
7f7df805a000-7f7df805d000 r-xs 00000000 08:05 554441                     /var/cache/fontconfig/d60319d88cac85ba9e1a07bd06cfbb8c-le64.cache-3
7f7df805d000-7f7df805e000 r-xs 00000000 08:05 530935                     /var/cache/fontconfig/4794a0821666d79190d59a36cb4f44b5-le64.cache-3
7f7df805e000-7f7df808c000 r-xs 00000000 08:05 554435                     /var/cache/fontconfig/365b55f210c0a22e9a19e35191240f32-le64.cache-3
7f7df808c000-7f7df8096000 r-xs 00000000 08:05 554433                     /var/cache/fontconfig/d52a8644073d54c13679302ca1180695-le64.cache-3
7f7df8096000-7f7df8097000 r-xs 00000000 08:05 554418                     /var/cache/fontconfig/ec648e9a1aea82bddd4bd6050028158d-le64.cache-3
7f7df8097000-7f7df80aa000 r-xs 00000000 08:05 538224                     /var/cache/fontconfig/e13b20fdb08344e0e664864cc2ede53d-le64.cache-3
7f7df80aa000-7f7df80ae000 r-xs 00000000 08:05 538228                     /var/cache/fontconfig/7ef2298fde41cc6eeb7af42e48b7d293-le64.cache-3
7f7df80ae000-7f7df80c2000 r-xs 00000000 08:05 527842                     /var/cache/fontconfig/865f88548240fee46819705c6468c165-le64.cache-3
7f7df80c2000-7f7df8104000 r-xp 00000000 08:05 1734831                    /usr/lib/jvm/java-6-sun-1.6.0.24/jre/lib/amd64/xawt/libmawt.so
7f7df8104000-7f7df8203000 ---p 00042000 08:05 1734831                    /usr/lib/jvm/java-6-sun-1.6.0.24/jre/lib/amd64/xawt/libmawt.so
7f7df8203000-7f7df820f000 rwxp 00041000 08:05 1734831                    /usr/lib/jvm/java-6-sun-1.6.0.24/jre/lib/amd64/xawt/libmawt.so
7f7df820f000-7f7df8210000 rwxp 00000000 00:00 0 
7f7df8210000-7f7df82a2000 r-xp 00000000 08:05 1734852                    /usr/lib/jvm/java-6-sun-1.6.0.24/jre/lib/amd64/libawt.so
7f7df82a2000-7f7df83a1000 ---p 00092000 08:05 1734852                    /usr/lib/jvm/java-6-sun-1.6.0.24/jre/lib/amd64/libawt.so
7f7df83a1000-7f7df83ba000 rwxp 00091000 08:05 1734852                    /usr/lib/jvm/java-6-sun-1.6.0.24/jre/lib/amd64/libawt.so
7f7df83ba000-7f7df83df000 rwxp 00000000 00:00 0 
7f7df83df000-7f7df83ea000 r-xs 00092000 08:05 1330406                    /home/bompo/git/mgcube/libs/gdx.jar
7f7df83ea000-7f7df83f1000 r-xs 00074000 08:05 1330357                    /home/bompo/git/mgcube/libs/gdx-sources.jar
7f7df83f1000-7f7df83f2000 ---p 00000000 00:00 0 
7f7df83f2000-7f7df84f2000 rwxp 00000000 00:00 0 
7f7df84f2000-7f7df84f5000 ---p 00000000 00:00 0 
7f7df84f5000-7f7df85f3000 rwxp 00000000 00:00 0 
7f7df85f3000-7f7df85f6000 ---p 00000000 00:00 0 
7f7df85f6000-7f7df86f4000 rwxp 00000000 00:00 0 
7f7df86f4000-7f7df86f7000 ---p 00000000 00:00 0 
7f7df86f7000-7f7df87f5000 rwxp 00000000 00:00 0 
7f7df87f5000-7f7df87f8000 ---p 00000000 00:00 0 
7f7df87f8000-7f7df88f6000 rwxp 00000000 00:00 0 
7f7df88f6000-7f7df88f9000 ---p 00000000 00:00 0 
7f7df88f9000-7f7df89f7000 rwxp 00000000 00:00 0 
7f7df89f7000-7f7df89fa000 ---p 00000000 00:00 0 
7f7df89fa000-7f7df8af8000 rwxp 00000000 00:00 0 
7f7df8af8000-7f7df8afb000 r-xp 00000000 08:05 1726634                    /usr/lib/jvm/java-6-sun-1.6.0.24/jre/lib/amd64/libdt_socket.so
7f7df8afb000-7f7df8bfa000 ---p 00003000 08:05 1726634                    /usr/lib/jvm/java-6-sun-1.6.0.24/jre/lib/amd64/libdt_socket.so
7f7df8bfa000-7f7df8bfc000 rwxp 00002000 08:05 1726634                    /usr/lib/jvm/java-6-sun-1.6.0.24/jre/lib/amd64/libdt_socket.so
7f7df8bfc000-7f7df8bff000 ---p 00000000 00:00 0 
7f7df8bff000-7f7df8cfd000 rwxp 00000000 00:00 0 
7f7df8cfd000-7f7df8d00000 ---p 00000000 00:00 0 
7f7df8d00000-7f7df8dfe000 rwxp 00000000 00:00 0 
7f7df8dfe000-7f7df8e01000 ---p 00000000 00:00 0 
7f7df8e01000-7f7df8eff000 rwxp 00000000 00:00 0 
7f7df8eff000-7f7df8f00000 ---p 00000000 00:00 0 
7f7df8f00000-7f7df9539000 rwxp 00000000 00:00 0 
7f7df9539000-7f7df96d1000 r-xs 03027000 08:05 1662454                    /usr/lib/jvm/java-6-sun-1.6.0.24/jre/lib/rt.jar
7f7df96d1000-7f7df96f9000 rwxp 00000000 00:00 0 
7f7df96f9000-7f7df96fa000 ---p 00000000 00:00 0 
7f7df96fa000-7f7df97fa000 rwxp 00000000 00:00 0 
7f7df97fa000-7f7df97fb000 ---p 00000000 00:00 0 
7f7df97fb000-7f7df98fb000 rwxp 00000000 00:00 0 
7f7df98fb000-7f7df98fc000 ---p 00000000 00:00 0 
7f7df98fc000-7f7df99fc000 rwxp 00000000 00:00 0 
7f7df99fc000-7f7df99fd000 ---p 00000000 00:00 0 
7f7df99fd000-7f7df9b08000 rwxp 00000000 00:00 0 
7f7df9b08000-7f7df9b26000 rwxp 00000000 00:00 0 
7f7df9b26000-7f7df9b3b000 rwxp 00000000 00:00 0 
7f7df9b3b000-7f7df9c70000 rwxp 00000000 00:00 0 
7f7df9c70000-7f7df9c7b000 rwxp 00000000 00:00 0 
7f7df9c7b000-7f7df9c99000 rwxp 00000000 00:00 0 
7f7df9c99000-7f7df9cae000 rwxp 00000000 00:00 0 
7f7df9cae000-7f7df9de3000 rwxp 00000000 00:00 0 
7f7df9de3000-7f7df9dee000 rwxp 00000000 00:00 0 
7f7df9dee000-7f7df9e88000 rwxp 00000000 00:00 0 
7f7df9e88000-7f7dfa0f9000 rwxp 00000000 00:00 0 
7f7dfa0f9000-7f7dfce89000 rwxp 00000000 00:00 0 
7f7dfce89000-7f7dfce97000 r-xp 00000000 08:05 1734847                    /usr/lib/jvm/java-6-sun-1.6.0.24/jre/lib/amd64/libzip.so
7f7dfce97000-7f7dfcf99000 ---p 0000e000 08:05 1734847                    /usr/lib/jvm/java-6-sun-1.6.0.24/jre/lib/amd64/libzip.so
7f7dfcf99000-7f7dfcf9c000 rwxp 00010000 08:05 1734847                    /usr/lib/jvm/java-6-sun-1.6.0.24/jre/lib/amd64/libzip.so
7f7dfcf9c000-7f7dfcf9d000 rwxp 00000000 00:00 0 
7f7dfcf9d000-7f7dfcfa9000 r-xp 00000000 08:05 535712                     /lib/x86_64-linux-gnu/libnss_files-2.13.so
7f7dfcfa9000-7f7dfd1a8000 ---p 0000c000 08:05 535712                     /lib/x86_64-linux-gnu/libnss_files-2.13.so
7f7dfd1a8000-7f7dfd1a9000 r-xp 0000b000 08:05 535712                     /lib/x86_64-linux-gnu/libnss_files-2.13.so
7f7dfd1a9000-7f7dfd1aa000 rwxp 0000c000 08:05 535712                     /lib/x86_64-linux-gnu/libnss_files-2.13.so
7f7dfd1aa000-7f7dfd1b5000 r-xp 00000000 08:05 535714                     /lib/x86_64-linux-gnu/libnss_nis-2.13.so
7f7dfd1b5000-7f7dfd3b4000 ---p 0000b000 08:05 535714                     /lib/x86_64-linux-gnu/libnss_nis-2.13.so
7f7dfd3b4000-7f7dfd3b5000 r-xp 0000a000 08:05 535714                     /lib/x86_64-linux-gnu/libnss_nis-2.13.so
7f7dfd3b5000-7f7dfd3b6000 rwxp 0000b000 08:05 535714                     /lib/x86_64-linux-gnu/libnss_nis-2.13.so
7f7dfd3b6000-7f7dfd3be000 r-xp 00000000 08:05 535710                     /lib/x86_64-linux-gnu/libnss_compat-2.13.so
7f7dfd3be000-7f7dfd5bd000 ---p 00008000 08:05 535710                     /lib/x86_64-linux-gnu/libnss_compat-2.13.so
7f7dfd5bd000-7f7dfd5be000 r-xp 00007000 08:05 535710                     /lib/x86_64-linux-gnu/libnss_compat-2.13.so
7f7dfd5be000-7f7dfd5bf000 rwxp 00008000 08:05 535710                     /lib/x86_64-linux-gnu/libnss_compat-2.13.so
7f7dfd5bf000-7f7dfd9c7000 r-xp 00000000 08:05 1570348                    /usr/lib/locale/locale-archive
7f7dfd9c7000-7f7dfd9ca000 r-xp 00000000 08:05 1734836                    /usr/lib/jvm/java-6-sun-1.6.0.24/jre/lib/amd64/libnpt.so
7f7dfd9ca000-7f7dfdac9000 ---p 00003000 08:05 1734836                    /usr/lib/jvm/java-6-sun-1.6.0.24/jre/lib/amd64/libnpt.so
7f7dfdac9000-7f7dfdaca000 rwxp 00002000 08:05 1734836                    /usr/lib/jvm/java-6-sun-1.6.0.24/jre/lib/amd64/libnpt.so
7f7dfdaca000-7f7dfdb00000 r-xp 00000000 08:05 1734835                    /usr/lib/jvm/java-6-sun-1.6.0.24/jre/lib/amd64/libjdwp.so
7f7dfdb00000-7f7dfdbff000 ---p 00036000 08:05 1734835                    /usr/lib/jvm/java-6-sun-1.6.0.24/jre/lib/amd64/libjdwp.so
7f7dfdbff000-7f7dfdc09000 rwxp 00035000 08:05 1734835                    /usr/lib/jvm/java-6-sun-1.6.0.24/jre/lib/amd64/libjdwp.so
7f7dfdc09000-7f7dfdc10000 r-xp 00000000 08:05 1734857                    /usr/lib/jvm/java-6-sun-1.6.0.24/jre/lib/amd64/native_threads/libhpi.so
7f7dfdc10000-7f7dfdd11000 ---p 00007000 08:05 1734857                    /usr/lib/jvm/java-6-sun-1.6.0.24/jre/lib/amd64/native_threads/libhpi.so
7f7dfdd11000-7f7dfdd13000 rwxp 00008000 08:05 1734857                    /usr/lib/jvm/java-6-sun-1.6.0.24/jre/lib/amd64/native_threads/libhpi.so
7f7dfdd13000-7f7dfdd14000 rwxp 00000000 00:00 0 
7f7dfdd14000-7f7dfdd2b000 r-xp 00000000 08:05 535709                     /lib/x86_64-linux-gnu/libnsl-2.13.so
7f7dfdd2b000-7f7dfdf2a000 ---p 00017000 08:05 535709                     /lib/x86_64-linux-gnu/libnsl-2.13.so
7f7dfdf2a000-7f7dfdf2b000 r-xp 00016000 08:05 535709                     /lib/x86_64-linux-gnu/libnsl-2.13.so
7f7dfdf2b000-7f7dfdf2c000 rwxp 00017000 08:05 535709                     /lib/x86_64-linux-gnu/libnsl-2.13.so
7f7dfdf2c000-7f7dfdf2e000 rwxp 00000000 00:00 0 
7f7dfdf2e000-7f7dfdf57000 r-xp 00000000 08:05 1734846                    /usr/lib/jvm/java-6-sun-1.6.0.24/jre/lib/amd64/libjava.so
7f7dfdf57000-7f7dfe056000 ---p 00029000 08:05 1734846                    /usr/lib/jvm/java-6-sun-1.6.0.24/jre/lib/amd64/libjava.so
7f7dfe056000-7f7dfe05d000 rwxp 00028000 08:05 1734846                    /usr/lib/jvm/java-6-sun-1.6.0.24/jre/lib/amd64/libjava.so
7f7dfe05d000-7f7dfe06a000 r-xp 00000000 08:05 1731420                    /usr/lib/jvm/java-6-sun-1.6.0.24/jre/lib/amd64/libverify.so
7f7dfe06a000-7f7dfe169000 ---p 0000d000 08:05 1731420                    /usr/lib/jvm/java-6-sun-1.6.0.24/jre/lib/amd64/libverify.so
7f7dfe169000-7f7dfe16c000 rwxp 0000c000 08:05 1731420                    /usr/lib/jvm/java-6-sun-1.6.0.24/jre/lib/amd64/libverify.so
7f7dfe16c000-7f7dfe173000 r-xp 00000000 08:05 535724                     /lib/x86_64-linux-gnu/librt-2.13.so
7f7dfe173000-7f7dfe372000 ---p 00007000 08:05 535724                     /lib/x86_64-linux-gnu/librt-2.13.so
7f7dfe372000-7f7dfe373000 r-xp 00006000 08:05 535724                     /lib/x86_64-linux-gnu/librt-2.13.so
7f7dfe373000-7f7dfe374000 rwxp 00007000 08:05 535724                     /lib/x86_64-linux-gnu/librt-2.13.so
7f7dfe374000-7f7dfe377000 ---p 00000000 00:00 0 
7f7dfe377000-7f7dfe475000 rwxp 00000000 00:00 0 
7f7dfe475000-7f7dfe4f9000 r-xp 00000000 08:05 535703                     /lib/x86_64-linux-gnu/libm-2.13.so
7f7dfe4f9000-7f7dfe6f8000 ---p 00084000 08:05 535703                     /lib/x86_64-linux-gnu/libm-2.13.so
7f7dfe6f8000-7f7dfe6f9000 r-xp 00083000 08:05 535703                     /lib/x86_64-linux-gnu/libm-2.13.so
7f7dfe6f9000-7f7dfe6fa000 rwxp 00084000 08:05 535703                     /lib/x86_64-linux-gnu/libm-2.13.so
7f7dfe6fa000-7f7dfef38000 r-xp 00000000 08:05 1734849                    /usr/lib/jvm/java-6-sun-1.6.0.24/jre/lib/amd64/server/libjvm.so
7f7dfef38000-7f7dff037000 ---p 0083e000 08:05 1734849                    /usr/lib/jvm/java-6-sun-1.6.0.24/jre/lib/amd64/server/libjvm.so
7f7dff037000-7f7dff1cb000 rwxp 0083d000 08:05 1734849                    /usr/lib/jvm/java-6-sun-1.6.0.24/jre/lib/amd64/server/libjvm.so
7f7dff1cb000-7f7dff204000 rwxp 00000000 00:00 0 
7f7dff204000-7f7dff38e000 r-xp 00000000 08:05 535697                     /lib/x86_64-linux-gnu/libc-2.13.so
7f7dff38e000-7f7dff58d000 ---p 0018a000 08:05 535697                     /lib/x86_64-linux-gnu/libc-2.13.so
7f7dff58d000-7f7dff591000 r-xp 00189000 08:05 535697                     /lib/x86_64-linux-gnu/libc-2.13.so
7f7dff591000-7f7dff592000 rwxp 0018d000 08:05 535697                     /lib/x86_64-linux-gnu/libc-2.13.so
7f7dff592000-7f7dff598000 rwxp 00000000 00:00 0 
7f7dff598000-7f7dff59a000 r-xp 00000000 08:05 535702                     /lib/x86_64-linux-gnu/libdl-2.13.so
7f7dff59a000-7f7dff79a000 ---p 00002000 08:05 535702                     /lib/x86_64-linux-gnu/libdl-2.13.so
7f7dff79a000-7f7dff79b000 r-xp 00002000 08:05 535702                     /lib/x86_64-linux-gnu/libdl-2.13.so
7f7dff79b000-7f7dff79c000 rwxp 00003000 08:05 535702                     /lib/x86_64-linux-gnu/libdl-2.13.so
7f7dff79c000-7f7dff7b4000 r-xp 00000000 08:05 535718                     /lib/x86_64-linux-gnu/libpthread-2.13.so
7f7dff7b4000-7f7dff9b4000 ---p 00018000 08:05 535718                     /lib/x86_64-linux-gnu/libpthread-2.13.so
7f7dff9b4000-7f7dff9b5000 r-xp 00018000 08:05 535718                     /lib/x86_64-linux-gnu/libpthread-2.13.so
7f7dff9b5000-7f7dff9b6000 rwxp 00019000 08:05 535718                     /lib/x86_64-linux-gnu/libpthread-2.13.so
7f7dff9b6000-7f7dff9ba000 rwxp 00000000 00:00 0 
7f7dff9ba000-7f7dff9db000 r-xp 00000000 08:05 535673                     /lib/x86_64-linux-gnu/ld-2.13.so
7f7dff9db000-7f7dff9dc000 rwxs fb641000 00:05 6740                       /dev/nvidia0
7f7dff9dc000-7f7dff9dd000 rwxs 116c5f000 00:05 6740                      /dev/nvidia0
7f7dff9dd000-7f7dff9e7000 rwxp 00000000 00:00 0 
7f7dff9e7000-7f7dffa9d000 rwxp 00000000 00:00 0 
7f7dffa9d000-7f7dffaa0000 rwxp 00000000 00:00 0 
7f7dffaa0000-7f7dffaa7000 r-xp 00000000 08:05 1731410                    /usr/lib/jvm/java-6-sun-1.6.0.24/jre/lib/amd64/jli/libjli.so
7f7dffaa7000-7f7dffba8000 ---p 00007000 08:05 1731410                    /usr/lib/jvm/java-6-sun-1.6.0.24/jre/lib/amd64/jli/libjli.so
7f7dffba8000-7f7dffbaa000 rwxp 00008000 08:05 1731410                    /usr/lib/jvm/java-6-sun-1.6.0.24/jre/lib/amd64/jli/libjli.so
7f7dffbaa000-7f7dffbab000 rwxp 00000000 00:00 0 
7f7dffbab000-7f7dffbac000 rwxs af396000 00:05 6740                       /dev/nvidia0
7f7dffbac000-7f7dffbad000 rwxs fb060000 00:05 6740                       /dev/nvidia0
7f7dffbad000-7f7dffbae000 r-xs 00000000 08:05 1340105                    /home/bompo/.fontconfig/aa7e4f27e681240d22a1f116cf7520f0-le64.cache-3
7f7dffbae000-7f7dffbaf000 r-xs 001a1000 08:05 1339854                    /home/bompo/git/mgcube/libs/gdx-natives.jar
7f7dffbaf000-7f7dffbc9000 r-xs 00206000 08:05 1339556                    /home/bompo/git/mgcube/libs/gdx-backend-jogl.jar
7f7dffbc9000-7f7dffbca000 r-xs 00007000 08:05 1330241                    /home/bompo/git/mgcube/libs/gdx-backend-jogl-sources.jar
7f7dffbca000-7f7dffbcb000 r-xs 00203000 08:05 1339177                    /home/bompo/git/mgcube/libs/gdx-backend-jogl-natives.jar
7f7dffbcb000-7f7dffbce000 r-xs 0000f000 08:05 1622792                    /usr/lib/jvm/java-6-sun-1.6.0.24/jre/lib/ext/pulse-java.jar
7f7dffbce000-7f7dffbd6000 rwxs 00000000 08:05 524710                     /tmp/hsperfdata_bompo/11492
7f7dffbd6000-7f7dffbd7000 rwxp 00000000 00:00 0 
7f7dffbd7000-7f7dffbd8000 r-xp 00000000 00:00 0 
7f7dffbd8000-7f7dffbda000 rwxp 00000000 00:00 0 
7f7dffbda000-7f7dffbdb000 r-xp 00020000 08:05 535673                     /lib/x86_64-linux-gnu/ld-2.13.so
7f7dffbdb000-7f7dffbdd000 rwxp 00021000 08:05 535673                     /lib/x86_64-linux-gnu/ld-2.13.so
7fff9b9ea000-7fff9ba0b000 rwxp 00000000 00:00 0                          [stack]
7fff9ba71000-7fff9ba72000 r-xp 00000000 00:00 0                          [vdso]
ffffffffff600000-ffffffffff601000 r-xp 00000000 00:00 0                  [vsyscall]

VM Arguments:
jvm_args: -agentlib:jdwp=transport=dt_socket,suspend=y,address=localhost:45153 -Dfile.encoding=UTF-8 
java_command: de.swagner.mgcube.DesktopStarter
Launcher Type: SUN_STANDARD

Environment Variables:
PATH=/usr/local/sbin:/usr/local/bin:/usr/sbin:/usr/bin:/sbin:/bin:/usr/games
USERNAME=bompo
LD_LIBRARY_PATH=/usr/lib/jvm/java-6-sun-1.6.0.24/jre/lib/amd64/server:/usr/lib/jvm/java-6-sun-1.6.0.24/jre/lib/amd64:/usr/lib/jvm/java-6-sun-1.6.0.24/jre/../lib/amd64:/usr/lib/jvm/java-6-openjdk/jre/lib/amd64/server:/usr/lib/jvm/java-6-openjdk/jre/lib/amd64:/usr/lib/jvm/java-6-openjdk/jre/../lib/amd64:/usr/lib64/xulrunner-addons
SHELL=/bin/bash
DISPLAY=:0.0

Signal Handlers:
SIGSEGV: [libjvm.so+0x791b30], sa_mask[0]=0x7ffbfeff, sa_flags=0x10000004
SIGBUS: [libjvm.so+0x791b30], sa_mask[0]=0x7ffbfeff, sa_flags=0x10000004
SIGFPE: [libjvm.so+0x640ba0], sa_mask[0]=0x7ffbfeff, sa_flags=0x10000004
SIGPIPE: [libjvm.so+0x640ba0], sa_mask[0]=0x7ffbfeff, sa_flags=0x10000004
SIGXFSZ: [libjvm.so+0x640ba0], sa_mask[0]=0x7ffbfeff, sa_flags=0x10000004
SIGILL: [libjvm.so+0x640ba0], sa_mask[0]=0x7ffbfeff, sa_flags=0x10000004
SIGUSR1: SIG_DFL, sa_mask[0]=0x00000000, sa_flags=0x00000000
SIGUSR2: [libjvm.so+0x643780], sa_mask[0]=0x00000004, sa_flags=0x10000004
SIGHUP: [libjvm.so+0x643380], sa_mask[0]=0x7ffbfeff, sa_flags=0x10000004
SIGINT: [libjvm.so+0x643380], sa_mask[0]=0x7ffbfeff, sa_flags=0x10000004
SIGTERM: [libjvm.so+0x643380], sa_mask[0]=0x7ffbfeff, sa_flags=0x10000004
SIGQUIT: [libjvm.so+0x643380], sa_mask[0]=0x7ffbfeff, sa_flags=0x10000004


---------------  S Y S T E M  ---------------

OS:squeeze/sid

uname:Linux 2.6.38-10-generic #44-Ubuntu SMP Thu Jun 2 21:32:22 UTC 2011 x86_64
libc:glibc 2.13 NPTL 2.13 
rlimit: STACK 8192k, CORE 0k, NPROC infinity, NOFILE 4096, AS infinity
load average:0.17 0.16 0.14

/proc/meminfo:
MemTotal:        4047872 kB
MemFree:          853304 kB
Buffers:          227056 kB
Cached:          1080540 kB
SwapCached:            0 kB
Active:          2099040 kB
Inactive:         751252 kB
Active(anon):    1543436 kB
Inactive(anon):    10564 kB
Active(file):     555604 kB
Inactive(file):   740688 kB
Unevictable:         132 kB
Mlocked:             132 kB
SwapTotal:      19529724 kB
SwapFree:       19529724 kB
Dirty:              4296 kB
Writeback:           660 kB
AnonPages:       1542988 kB
Mapped:           181356 kB
Shmem:             11308 kB
Slab:             144764 kB
SReclaimable:     117172 kB
SUnreclaim:        27592 kB
KernelStack:        3704 kB
PageTables:        31248 kB
NFS_Unstable:          0 kB
Bounce:                0 kB
WritebackTmp:          0 kB
CommitLimit:    21553660 kB
Committed_AS:    4746188 kB
VmallocTotal:   34359738367 kB
VmallocUsed:      340628 kB
VmallocChunk:   34359383832 kB
HardwareCorrupted:     0 kB
HugePages_Total:       0
HugePages_Free:        0
HugePages_Rsvd:        0
HugePages_Surp:        0
Hugepagesize:       2048 kB
DirectMap4k:      200128 kB
DirectMap2M:     3985408 kB


CPU:total 4 (4 cores per cpu, 1 threads per core) family 6 model 30 stepping 5, cmov, cx8, fxsr, mmx, sse, sse2, sse3, ssse3, sse4.1, sse4.2, popcnt

Memory: 4k page, physical 4047872k(853304k free), swap 19529724k(19529724k free)

vm_info: Java HotSpot(TM) 64-Bit Server VM (19.1-b02) for linux-amd64 JRE (1.6.0_24-b07), built on Feb  2 2011 16:55:54 by "java_re" with gcc 3.2.2 (SuSE Linux)

time: Thu Jun 30 23:17:10 2011
elapsed time: 403 seconds

