#
# A fatal error has been detected by the Java Runtime Environment:
#
#  SIGSEGV (0xb) at pc=0x0000000000019b7e, pid=7709, tid=140055106721536
#
# JRE version: 6.0_24-b07
# Java VM: Java HotSpot(TM) 64-Bit Server VM (19.1-b02 mixed mode linux-amd64 compressed oops)
# Problematic frame:
# C  0x0000000000019b7e
#
# If you would like to submit a bug report, please visit:
#   http://java.sun.com/webapps/bugreport/crash.jsp
# The crash happened outside the Java Virtual Machine in native code.
# See problematic frame for where to report the bug.
#

---------------  T H R E A D  ---------------

Current thread (0x00007f6120254000):  JavaThread "AWT-EventQueue-0" [_thread_in_native, id=7732, stack(0x00007f611ed29000,0x00007f611ee2a000)]

siginfo:si_signo=SIGSEGV: si_errno=0, si_code=1 (SEGV_MAPERR), si_addr=0x0000000000019b7e

Registers:
RAX=0x00000000ec814830, RBX=0x00007f61202541c8, RCX=0x0000000040c5fc60, RDX=0x0000000000000040
RSP=0x00007f611ee27848, RBP=0x00007f611ee27890, RSI=0x00000000ec814830, RDI=0x00007f61209f4000
R8 =0x00007f612b5b11a8, R9 =0x00007f612b5b4f78, R10=0x0000000040c60048, R11=0x0000000040c5fca8
R12=0x00000000ec814830, R13=0x0000000000000040, R14=0x00007f61209f4000, R15=0x0000000000000000
RIP=0x0000000000019b7e, EFL=0x0000000000010202, CSGSFS=0x0000000000000033, ERR=0x0000000000000014
  TRAPNO=0x000000000000000e

Register to memory mapping:

RAX=0x00000000ec814830

[error occurred during error reporting (printing registers, top of stack, instructions near pc), id 0xe0000000]

Stack: [0x00007f611ed29000,0x00007f611ee2a000],  sp=0x00007f611ee27848,  free space=1018k
Native frames: (J=compiled Java code, j=interpreted, Vv=VM code, C=native code)
C  0x0000000000019b7e

Java frames: (J=compiled Java code, j=interpreted, Vv=VM code)
J  com.badlogic.gdx.utils.BufferUtils.copyJni([FLjava/nio/Buffer;II)V
J  com.badlogic.gdx.graphics.glutils.ShaderProgram.setUniformMatrix(Ljava/lang/String;Lcom/badlogic/gdx/math/Matrix4;)V
J  de.swagner.mgcube.GameScreen.renderScene()V
j  de.swagner.mgcube.GameScreen.render(F)V+292
j  com.badlogic.gdx.Game.render()V+19
j  com.badlogic.gdx.backends.jogl.JoglGraphics.display(Ljavax/media/opengl/GLAutoDrawable;)V+114
j  com.sun.opengl.impl.GLDrawableHelper.display(Ljavax/media/opengl/GLAutoDrawable;)V+29
j  javax.media.opengl.GLCanvas$DisplayAction.run()V+80
j  com.sun.opengl.impl.GLDrawableHelper.invokeGL(Ljavax/media/opengl/GLDrawable;Ljavax/media/opengl/GLContext;Ljava/lang/Runnable;Ljava/lang/Runnable;)V+418
j  javax.media.opengl.GLCanvas$DisplayOnEventDispatchThreadAction.run()V+35
j  java.awt.event.InvocationEvent.dispatch()V+11
j  java.awt.EventQueue.dispatchEventImpl(Ljava/awt/AWTEvent;Ljava/lang/Object;)V+21
j  java.awt.EventQueue.access$000(Ljava/awt/EventQueue;Ljava/awt/AWTEvent;Ljava/lang/Object;)V+3
j  java.awt.EventQueue$1.run()Ljava/lang/Void;+12
j  java.awt.EventQueue$1.run()Ljava/lang/Object;+1
v  ~StubRoutines::call_stub
j  java.security.AccessController.doPrivileged(Ljava/security/PrivilegedAction;Ljava/security/AccessControlContext;)Ljava/lang/Object;+0
j  java.security.AccessControlContext$1.doIntersectionPrivilege(Ljava/security/PrivilegedAction;Ljava/security/AccessControlContext;Ljava/security/AccessControlContext;)Ljava/lang/Object;+28
j  java.awt.EventQueue.dispatchEvent(Ljava/awt/AWTEvent;)V+46
j  java.awt.EventDispatchThread.pumpOneEventForFilters(I)Z+204
j  java.awt.EventDispatchThread.pumpEventsForFilter(ILjava/awt/Conditional;Ljava/awt/EventFilter;)V+30
j  java.awt.EventDispatchThread.pumpEventsForHierarchy(ILjava/awt/Conditional;Ljava/awt/Component;)V+11
j  java.awt.EventDispatchThread.pumpEvents(ILjava/awt/Conditional;)V+4
j  java.awt.EventDispatchThread.pumpEvents(Ljava/awt/Conditional;)V+3
j  java.awt.EventDispatchThread.run()V+9
v  ~StubRoutines::call_stub

---------------  P R O C E S S  ---------------

Java Threads: ( => current thread )
  0x00007f61203e0800 JavaThread "DestroyJavaVM" [_thread_blocked, id=7714, stack(0x00007f612a87a000,0x00007f612a97b000)]
  0x00007f61203df800 JavaThread "Thread-1" [_thread_blocked, id=7736, stack(0x00007f6114699000,0x00007f611479a000)]
=>0x00007f6120254000 JavaThread "AWT-EventQueue-0" [_thread_in_native, id=7732, stack(0x00007f611ed29000,0x00007f611ee2a000)]
  0x00007f6120252800 JavaThread "AWT-Shutdown" [_thread_blocked, id=7731, stack(0x00007f611ee2a000,0x00007f611ef2b000)]
  0x00007f61202cb800 JavaThread "AWT-XAWT" daemon [_thread_blocked, id=7730, stack(0x00007f611ef2b000,0x00007f611f02c000)]
  0x00007f61200a1000 JavaThread "Java2D Disposer" daemon [_thread_blocked, id=7729, stack(0x00007f611f958000,0x00007f611fa59000)]
  0x00007f6120006800 JavaThread "Low Memory Detector" daemon [_thread_blocked, id=7727, stack(0x00007f6125041000,0x00007f6125142000)]
  0x00007f6120004000 JavaThread "CompilerThread1" daemon [_thread_blocked, id=7726, stack(0x00007f6125142000,0x00007f6125243000)]
  0x00007f6120001000 JavaThread "CompilerThread0" daemon [_thread_blocked, id=7725, stack(0x00007f6125243000,0x00007f6125344000)]
  0x0000000040c5b800 JavaThread "Signal Dispatcher" daemon [_thread_blocked, id=7724, stack(0x00007f6125344000,0x00007f6125445000)]
  0x0000000040c39800 JavaThread "Finalizer" daemon [_thread_blocked, id=7723, stack(0x00007f612584d000,0x00007f612594e000)]
  0x0000000040c37800 JavaThread "Reference Handler" daemon [_thread_blocked, id=7722, stack(0x00007f612594e000,0x00007f6125a4f000)]

Other Threads:
  0x0000000040c30800 VMThread [stack: 0x00007f6125a4f000,0x00007f6125b50000] [id=7720]
  0x00007f6120011800 WatcherThread [stack: 0x00007f6124f40000,0x00007f6125041000] [id=7728]

VM state:not at safepoint (normal execution)

VM Mutex/Monitor currently owned by a thread: None

Heap
 PSYoungGen      total 18432K, used 8710K [0x00000000eb600000, 0x00000000eca90000, 0x0000000100000000)
  eden space 15808K, 41% used [0x00000000eb600000,0x00000000ebc68658,0x00000000ec570000)
  from space 2624K, 81% used [0x00000000ec800000,0x00000000eca19220,0x00000000eca90000)
  to   space 2624K, 0% used [0x00000000ec570000,0x00000000ec570000,0x00000000ec800000)
 PSOldGen        total 42240K, used 0K [0x00000000c2200000, 0x00000000c4b40000, 0x00000000eb600000)
  object space 42240K, 0% used [0x00000000c2200000,0x00000000c2200000,0x00000000c4b40000)
 PSPermGen       total 21248K, used 16776K [0x00000000bd000000, 0x00000000be4c0000, 0x00000000c2200000)
  object space 21248K, 78% used [0x00000000bd000000,0x00000000be0621d8,0x00000000be4c0000)

Dynamic libraries:
40000000-40009000 r-xp 00000000 08:05 1662394                            /usr/lib/jvm/java-6-sun-1.6.0.24/jre/bin/java
40108000-4010a000 rwxp 00008000 08:05 1662394                            /usr/lib/jvm/java-6-sun-1.6.0.24/jre/bin/java
4032f000-40331000 r-xs 00000000 08:05 525603                             /tmp/glxdYji6 (deleted)
40bca000-41323000 rwxp 00000000 00:00 0                                  [heap]
4132d000-413a4000 rwxp 00000000 00:00 0 
bd000000-be4c0000 rwxp 00000000 00:00 0 
be4c0000-c2200000 rwxp 00000000 00:00 0 
c2200000-c4b40000 rwxp 00000000 00:00 0 
c4b40000-eb600000 rwxp 00000000 00:00 0 
eb600000-eca90000 rwxp 00000000 00:00 0 
eca90000-100000000 rwxp 00000000 00:00 0 
7f61127dd000-7f6113d15000 rwxp 00000000 00:00 0 
7f6113d15000-7f6113d95000 rwxs 75a6c000 00:05 7122                       /dev/nvidia0
7f6113d95000-7f6114395000 rwxp 00000000 00:00 0 
7f6114395000-7f6114595000 rwxs bfe99000 00:05 7122                       /dev/nvidia0
7f6114595000-7f6114599000 rwxs ba1a1000 00:05 7122                       /dev/nvidia0
7f6114599000-7f6114699000 rwxs ba137000 00:05 7122                       /dev/nvidia0
7f6114699000-7f611469c000 ---p 00000000 00:00 0 
7f611469c000-7f611479a000 rwxp 00000000 00:00 0 
7f611479a000-7f611479b000 ---p 00000000 00:00 0 
7f611479b000-7f6114f9b000 rwxp 00000000 00:00 0 
7f6114f9b000-7f6118f9c000 rwxs 00000000 00:10 108792                     /dev/shm/pulse-shm-354008073
7f6118f9c000-7f6118f9d000 ---p 00000000 00:00 0 
7f6118f9d000-7f611979d000 rwxp 00000000 00:00 0 
7f611979d000-7f61197a3000 r-xp 00000000 08:05 1573092                    /usr/lib/libogg.so.0.7.0
7f61197a3000-7f61199a2000 ---p 00006000 08:05 1573092                    /usr/lib/libogg.so.0.7.0
7f61199a2000-7f61199a3000 r-xp 00005000 08:05 1573092                    /usr/lib/libogg.so.0.7.0
7f61199a3000-7f61199a4000 rwxp 00006000 08:05 1573092                    /usr/lib/libogg.so.0.7.0
7f61199a4000-7f61199cf000 r-xp 00000000 08:05 1582648                    /usr/lib/libvorbis.so.0.4.5
7f61199cf000-7f6119bce000 ---p 0002b000 08:05 1582648                    /usr/lib/libvorbis.so.0.4.5
7f6119bce000-7f6119bcf000 r-xp 0002a000 08:05 1582648                    /usr/lib/libvorbis.so.0.4.5
7f6119bcf000-7f6119bd0000 rwxp 0002b000 08:05 1582648                    /usr/lib/libvorbis.so.0.4.5
7f6119bd0000-7f6119e83000 r-xp 00000000 08:05 1573212                    /usr/lib/libvorbisenc.so.2.0.8
7f6119e83000-7f611a082000 ---p 002b3000 08:05 1573212                    /usr/lib/libvorbisenc.so.2.0.8
7f611a082000-7f611a09e000 r-xp 002b2000 08:05 1573212                    /usr/lib/libvorbisenc.so.2.0.8
7f611a09e000-7f611a09f000 rwxp 002ce000 08:05 1573212                    /usr/lib/libvorbisenc.so.2.0.8
7f611a09f000-7f611a0e7000 r-xp 00000000 08:05 1570101                    /usr/lib/libFLAC.so.8.2.0
7f611a0e7000-7f611a2e7000 ---p 00048000 08:05 1570101                    /usr/lib/libFLAC.so.8.2.0
7f611a2e7000-7f611a2e8000 r-xp 00048000 08:05 1570101                    /usr/lib/libFLAC.so.8.2.0
7f611a2e8000-7f611a2e9000 rwxp 00049000 08:05 1570101                    /usr/lib/libFLAC.so.8.2.0
7f611a2e9000-7f611a34a000 r-xp 00000000 08:05 1570821                    /usr/lib/libsndfile.so.1.0.23
7f611a34a000-7f611a54a000 ---p 00061000 08:05 1570821                    /usr/lib/libsndfile.so.1.0.23
7f611a54a000-7f611a54c000 r-xp 00061000 08:05 1570821                    /usr/lib/libsndfile.so.1.0.23
7f611a54c000-7f611a54d000 rwxp 00063000 08:05 1570821                    /usr/lib/libsndfile.so.1.0.23
7f611a54d000-7f611a551000 rwxp 00000000 00:00 0 
7f611a551000-7f611a559000 r-xp 00000000 08:05 538930                     /lib/libwrap.so.0.7.6
7f611a559000-7f611a759000 ---p 00008000 08:05 538930                     /lib/libwrap.so.0.7.6
7f611a759000-7f611a75a000 r-xp 00008000 08:05 538930                     /lib/libwrap.so.0.7.6
7f611a75a000-7f611a75b000 rwxp 00009000 08:05 538930                     /lib/libwrap.so.0.7.6
7f611a75b000-7f611a75c000 rwxp 00000000 00:00 0 
7f611a75c000-7f611a760000 r-xp 00000000 08:05 534738                     /lib/x86_64-linux-gnu/libuuid.so.1.3.0
7f611a760000-7f611a95f000 ---p 00004000 08:05 534738                     /lib/x86_64-linux-gnu/libuuid.so.1.3.0
7f611a95f000-7f611a960000 r-xp 00003000 08:05 534738                     /lib/x86_64-linux-gnu/libuuid.so.1.3.0
7f611a960000-7f611a961000 rwxp 00004000 08:05 534738                     /lib/x86_64-linux-gnu/libuuid.so.1.3.0
7f611a961000-7f611a9a3000 r-xp 00000000 08:05 525819                     /lib/x86_64-linux-gnu/libdbus-1.so.3.5.4
7f611a9a3000-7f611aba3000 ---p 00042000 08:05 525819                     /lib/x86_64-linux-gnu/libdbus-1.so.3.5.4
7f611aba3000-7f611aba4000 r-xp 00042000 08:05 525819                     /lib/x86_64-linux-gnu/libdbus-1.so.3.5.4
7f611aba4000-7f611aba5000 rwxp 00043000 08:05 525819                     /lib/x86_64-linux-gnu/libdbus-1.so.3.5.4
7f611aba5000-7f611abf0000 r-xp 00000000 08:05 1580900                    /usr/lib/libpulsecommon-0.9.22.so
7f611abf0000-7f611adef000 ---p 0004b000 08:05 1580900                    /usr/lib/libpulsecommon-0.9.22.so
7f611adef000-7f611adf0000 r-xp 0004a000 08:05 1580900                    /usr/lib/libpulsecommon-0.9.22.so
7f611adf0000-7f611adf1000 rwxp 0004b000 08:05 1580900                    /usr/lib/libpulsecommon-0.9.22.so
7f611adf1000-7f611adf4000 r-xp 00000000 08:05 1573582                    /usr/lib/libxcb-atom.so.1.0.0
7f611adf4000-7f611aff4000 ---p 00003000 08:05 1573582                    /usr/lib/libxcb-atom.so.1.0.0
7f611aff4000-7f611aff5000 r-xp 00003000 08:05 1573582                    /usr/lib/libxcb-atom.so.1.0.0
7f611aff5000-7f611aff6000 rwxp 00004000 08:05 1573582                    /usr/lib/libxcb-atom.so.1.0.0
7f611aff6000-7f611affd000 r-xp 00000000 08:05 1578963                    /usr/lib/x86_64-linux-gnu/libSM.so.6.0.1
7f611affd000-7f611b1fc000 ---p 00007000 08:05 1578963                    /usr/lib/x86_64-linux-gnu/libSM.so.6.0.1
7f611b1fc000-7f611b1fd000 r-xp 00006000 08:05 1578963                    /usr/lib/x86_64-linux-gnu/libSM.so.6.0.1
7f611b1fd000-7f611b1fe000 rwxp 00007000 08:05 1578963                    /usr/lib/x86_64-linux-gnu/libSM.so.6.0.1
7f611b1fe000-7f611b214000 r-xp 00000000 08:05 1571606                    /usr/lib/x86_64-linux-gnu/libICE.so.6.3.0
7f611b214000-7f611b414000 ---p 00016000 08:05 1571606                    /usr/lib/x86_64-linux-gnu/libICE.so.6.3.0
7f611b414000-7f611b415000 r-xp 00016000 08:05 1571606                    /usr/lib/x86_64-linux-gnu/libICE.so.6.3.0
7f611b415000-7f611b416000 rwxp 00017000 08:05 1571606                    /usr/lib/x86_64-linux-gnu/libICE.so.6.3.0
7f611b416000-7f611b419000 rwxp 00000000 00:00 0 
7f611b419000-7f611b41a000 r-xp 00000000 08:05 1570508                    /usr/lib/x86_64-linux-gnu/libX11-xcb.so.1.0.0
7f611b41a000-7f611b619000 ---p 00001000 08:05 1570508                    /usr/lib/x86_64-linux-gnu/libX11-xcb.so.1.0.0
7f611b619000-7f611b61a000 r-xp 00000000 08:05 1570508                    /usr/lib/x86_64-linux-gnu/libX11-xcb.so.1.0.0
7f611b61a000-7f611b61b000 rwxp 00001000 08:05 1570508                    /usr/lib/x86_64-linux-gnu/libX11-xcb.so.1.0.0
7f611b61b000-7f611b65b000 r-xp 00000000 08:05 1573921                    /usr/lib/libpulse.so.0.12.3
7f611b65b000-7f611b85a000 ---p 00040000 08:05 1573921                    /usr/lib/libpulse.so.0.12.3
7f611b85a000-7f611b85b000 r-xp 0003f000 08:05 1573921                    /usr/lib/libpulse.so.0.12.3
7f611b85b000-7f611b85c000 rwxp 00040000 08:05 1573921                    /usr/lib/libpulse.so.0.12.3
7f611b85c000-7f611b8a8000 r-xp 00000000 08:05 524710                     /tmp/libgdx/2370704169/libopenal64.so
7f611b8a8000-7f611baa7000 ---p 0004c000 08:05 524710                     /tmp/libgdx/2370704169/libopenal64.so
7f611baa7000-7f611baa9000 r-xp 0004b000 08:05 524710                     /tmp/libgdx/2370704169/libopenal64.so
7f611baa9000-7f611baaa000 rwxp 0004d000 08:05 524710                     /tmp/libgdx/2370704169/libopenal64.so
7f611baaa000-7f611baab000 rwxp 00000000 00:00 0 
7f611baab000-7f611bb24000 r-xp 00000000 08:05 524745                     /tmp/libgdx/2370704169/liblwjgl64.so
7f611bb24000-7f611bd24000 ---p 00079000 08:05 524745                     /tmp/libgdx/2370704169/liblwjgl64.so
7f611bd24000-7f611bd26000 r-xp 00079000 08:05 524745                     /tmp/libgdx/2370704169/liblwjgl64.so
7f611bd26000-7f611bd27000 rwxp 0007b000 08:05 524745                     /tmp/libgdx/2370704169/liblwjgl64.so
7f611bd27000-7f611be16000 r-xp 00000000 08:05 524709                     /tmp/libgdx/2370704169/libjogl-linux64.so
7f611be16000-7f611bf16000 ---p 000ef000 08:05 524709                     /tmp/libgdx/2370704169/libjogl-linux64.so
7f611bf16000-7f611bf17000 rwxp 000ef000 08:05 524709                     /tmp/libgdx/2370704169/libjogl-linux64.so
7f611bf17000-7f611d365000 r-xp 00000000 08:05 723                        /usr/lib/nvidia-current/libnvidia-glcore.so.270.41.19
7f611d365000-7f611d565000 ---p 0144e000 08:05 723                        /usr/lib/nvidia-current/libnvidia-glcore.so.270.41.19
7f611d565000-7f611db4d000 rwxp 0144e000 08:05 723                        /usr/lib/nvidia-current/libnvidia-glcore.so.270.41.19
7f611db4d000-7f611db64000 rwxp 00000000 00:00 0 
7f611db64000-7f611db65000 r-xp 00000000 08:05 716                        /usr/lib/nvidia-current/tls/libnvidia-tls.so.270.41.19
7f611db65000-7f611dd65000 ---p 00001000 08:05 716                        /usr/lib/nvidia-current/tls/libnvidia-tls.so.270.41.19
7f611dd65000-7f611dd66000 rwxp 00001000 08:05 716                        /usr/lib/nvidia-current/tls/libnvidia-tls.so.270.41.19
7f611dd66000-7f611dd67000 r-xp 00000000 08:05 1734853                    /usr/lib/jvm/java-6-sun-1.6.0.24/jre/lib/amd64/libjawt.so
7f611dd67000-7f611de66000 ---p 00001000 08:05 1734853                    /usr/lib/jvm/java-6-sun-1.6.0.24/jre/lib/amd64/libjawt.so
7f611de66000-7f611de67000 rwxp 00000000 08:05 1734853                    /usr/lib/jvm/java-6-sun-1.6.0.24/jre/lib/amd64/libjawt.so
7f611de67000-7f611de6c000 r-xp 00000000 08:05 1581972                    /usr/lib/x86_64-linux-gnu/libXxf86vm.so.1.0.0
7f611de6c000-7f611e06b000 ---p 00005000 08:05 1581972                    /usr/lib/x86_64-linux-gnu/libXxf86vm.so.1.0.0
7f611e06b000-7f611e06c000 r-xp 00004000 08:05 1581972                    /usr/lib/x86_64-linux-gnu/libXxf86vm.so.1.0.0
7f611e06c000-7f611e06d000 rwxp 00005000 08:05 1581972                    /usr/lib/x86_64-linux-gnu/libXxf86vm.so.1.0.0
7f611e06d000-7f611e12a000 r-xp 00000000 08:05 928                        /usr/lib/nvidia-current/libGL.so.270.41.19
7f611e12a000-7f611e32a000 ---p 000bd000 08:05 928                        /usr/lib/nvidia-current/libGL.so.270.41.19
7f611e32a000-7f611e363000 rwxp 000bd000 08:05 928                        /usr/lib/nvidia-current/libGL.so.270.41.19
7f611e363000-7f611e379000 rwxp 00000000 00:00 0 
7f611e379000-7f611e37b000 r-xp 00000000 08:05 524696                     /tmp/libgdx/2370704169/libjogl_awt-linux64.so
7f611e37b000-7f611e47a000 ---p 00002000 08:05 524696                     /tmp/libgdx/2370704169/libjogl_awt-linux64.so
7f611e47a000-7f611e47b000 rwxp 00001000 08:05 524696                     /tmp/libgdx/2370704169/libjogl_awt-linux64.so
7f611e47b000-7f611e47c000 r-xp 00000000 08:05 524693                     /tmp/libgdx/2370704169/libgluegen-rt-linux64.so
7f611e47c000-7f611e57b000 ---p 00001000 08:05 524693                     /tmp/libgdx/2370704169/libgluegen-rt-linux64.so
7f611e57b000-7f611e57c000 rwxp 00000000 08:05 524693                     /tmp/libgdx/2370704169/libgluegen-rt-linux64.so
7f611e57c000-7f611e591000 r-xp 00000000 08:05 528127                     /lib/x86_64-linux-gnu/libgcc_s.so.1
7f611e591000-7f611e790000 ---p 00015000 08:05 528127                     /lib/x86_64-linux-gnu/libgcc_s.so.1
7f611e790000-7f611e791000 r-xp 00014000 08:05 528127                     /lib/x86_64-linux-gnu/libgcc_s.so.1
7f611e791000-7f611e792000 rwxp 00015000 08:05 528127                     /lib/x86_64-linux-gnu/libgcc_s.so.1
7f611e792000-7f611e87a000 r-xp 00000000 08:05 1571250                    /usr/lib/x86_64-linux-gnu/libstdc++.so.6.0.14
7f611e87a000-7f611ea79000 ---p 000e8000 08:05 1571250                    /usr/lib/x86_64-linux-gnu/libstdc++.so.6.0.14
7f611ea79000-7f611ea81000 r-xp 000e7000 08:05 1571250                    /usr/lib/x86_64-linux-gnu/libstdc++.so.6.0.14
7f611ea81000-7f611ea83000 rwxp 000ef000 08:05 1571250                    /usr/lib/x86_64-linux-gnu/libstdc++.so.6.0.14
7f611ea83000-7f611ea98000 rwxp 00000000 00:00 0 
7f611ea98000-7f611eb24000 r-xp 00000000 08:05 524682                     /tmp/libgdx/2370704169/libgdx-64.so
7f611eb24000-7f611ed24000 ---p 0008c000 08:05 524682                     /tmp/libgdx/2370704169/libgdx-64.so
7f611ed24000-7f611ed25000 r-xp 0008c000 08:05 524682                     /tmp/libgdx/2370704169/libgdx-64.so
7f611ed25000-7f611ed26000 rwxp 0008d000 08:05 524682                     /tmp/libgdx/2370704169/libgdx-64.so
7f611ed26000-7f611ed29000 rwxp 00000000 00:00 0 
7f611ed29000-7f611ed2c000 ---p 00000000 00:00 0 
7f611ed2c000-7f611ee2a000 rwxp 00000000 00:00 0 
7f611ee2a000-7f611ee2d000 ---p 00000000 00:00 0 
7f611ee2d000-7f611ef2b000 rwxp 00000000 00:00 0 
7f611ef2b000-7f611ef2e000 ---p 00000000 00:00 0 
7f611ef2e000-7f611f02c000 rwxp 00000000 00:00 0 
7f611f02c000-7f611f02d000 r-xs 00000000 08:05 532633                     /var/cache/fontconfig/26de28bc8622bbc1fb67fd234c21975f-le64.cache-3
7f611f02d000-7f611f02e000 r-xs 00000000 08:05 554485                     /var/cache/fontconfig/c05880de57d1f5e948fdfacc138775d9-le64.cache-3
7f611f02e000-7f611f037000 r-xs 00000000 08:05 527845                     /var/cache/fontconfig/945677eb7aeaf62f1d50efc3fb3ec7d8-le64.cache-3
7f611f037000-7f611f039000 r-xs 00000000 08:05 554480                     /var/cache/fontconfig/99e8ed0e538f840c565b6ed5dad60d56-le64.cache-3
7f611f039000-7f611f03c000 r-xs 00000000 08:05 554411                     /var/cache/fontconfig/f24b2111ab8703b4e963115a8cf14259-le64.cache-3
7f611f03c000-7f611f03f000 r-xs 00000000 08:05 554479                     /var/cache/fontconfig/e383d7ea5fbe662a33d9b44caf393297-le64.cache-3
7f611f03f000-7f611f042000 r-xs 00000000 08:05 554477                     /var/cache/fontconfig/2cd17615ca594fa2959ae173292e504c-le64.cache-3
7f611f042000-7f611f043000 r-xs 00000000 08:05 554471                     /var/cache/fontconfig/e7071f4a29fa870f4323321c154eba04-le64.cache-3
7f611f043000-7f611f047000 r-xs 00000000 08:05 554470                     /var/cache/fontconfig/6eb3985aa4124903f6ff08ba781cd364-le64.cache-3
7f611f09f000-7f611f0a7000 r-xs 0003d000 08:05 1311180                    /home/bompo/git/mgcube/libs/scoreloop-core.jar
7f611f0a7000-7f611f0e7000 rwxs 606b1000 00:05 7122                       /dev/nvidia0
7f611f107000-7f611f10c000 r-xp 00000000 08:05 1570859                    /usr/lib/x86_64-linux-gnu/libXfixes.so.3.1.0
7f611f10c000-7f611f30b000 ---p 00005000 08:05 1570859                    /usr/lib/x86_64-linux-gnu/libXfixes.so.3.1.0
7f611f30b000-7f611f30c000 r-xp 00004000 08:05 1570859                    /usr/lib/x86_64-linux-gnu/libXfixes.so.3.1.0
7f611f30c000-7f611f30d000 rwxp 00005000 08:05 1570859                    /usr/lib/x86_64-linux-gnu/libXfixes.so.3.1.0
7f611f30d000-7f611f316000 r-xp 00000000 08:05 1573929                    /usr/lib/x86_64-linux-gnu/libXcursor.so.1.0.2
7f611f316000-7f611f515000 ---p 00009000 08:05 1573929                    /usr/lib/x86_64-linux-gnu/libXcursor.so.1.0.2
7f611f515000-7f611f516000 r-xp 00008000 08:05 1573929                    /usr/lib/x86_64-linux-gnu/libXcursor.so.1.0.2
7f611f516000-7f611f517000 rwxp 00009000 08:05 1573929                    /usr/lib/x86_64-linux-gnu/libXcursor.so.1.0.2
7f611f517000-7f611f520000 r-xp 00000000 08:05 1570620                    /usr/lib/x86_64-linux-gnu/libXrender.so.1.3.0
7f611f520000-7f611f720000 ---p 00009000 08:05 1570620                    /usr/lib/x86_64-linux-gnu/libXrender.so.1.3.0
7f611f720000-7f611f721000 r-xp 00009000 08:05 1570620                    /usr/lib/x86_64-linux-gnu/libXrender.so.1.3.0
7f611f721000-7f611f722000 rwxp 0000a000 08:05 1570620                    /usr/lib/x86_64-linux-gnu/libXrender.so.1.3.0
7f611f722000-7f611f72a000 r-xp 00000000 08:05 1581969                    /usr/lib/x86_64-linux-gnu/libXrandr.so.2.2.0
7f611f72a000-7f611f929000 ---p 00008000 08:05 1581969                    /usr/lib/x86_64-linux-gnu/libXrandr.so.2.2.0
7f611f929000-7f611f92a000 r-xp 00007000 08:05 1581969                    /usr/lib/x86_64-linux-gnu/libXrandr.so.2.2.0
7f611f92a000-7f611f92b000 rwxp 00008000 08:05 1581969                    /usr/lib/x86_64-linux-gnu/libXrandr.so.2.2.0
7f611f92f000-7f611f931000 rwxs 00000000 08:05 525603                     /tmp/glxdYji6 (deleted)
7f611f931000-7f611f935000 rwxs 3787e000 00:05 7122                       /dev/nvidia0
7f611f935000-7f611f936000 rwxs d0008000 00:05 7122                       /dev/nvidia0
7f611f936000-7f611f937000 rwxs bce69000 00:05 7122                       /dev/nvidia0
7f611f937000-7f611f93b000 rwxs 42a5f000 00:05 7122                       /dev/nvidia0
7f611f93b000-7f611f93c000 rwxs fbc0a000 00:05 7122                       /dev/nvidia0
7f611f93c000-7f611f93d000 rwxs fb641000 00:05 7122                       /dev/nvidia0
7f611f93d000-7f611f958000 rwxs 12e0c0000 00:05 7122                      /dev/nvidia0
7f611f958000-7f611f95b000 ---p 00000000 00:00 0 
7f611f95b000-7f611fa59000 rwxp 00000000 00:00 0 
7f611fa59000-7f611fad2000 r-xp 00000000 08:05 1734841                    /usr/lib/jvm/java-6-sun-1.6.0.24/jre/lib/amd64/libfontmanager.so
7f611fad2000-7f611fbd1000 ---p 00079000 08:05 1734841                    /usr/lib/jvm/java-6-sun-1.6.0.24/jre/lib/amd64/libfontmanager.so
7f611fbd1000-7f611fbe6000 rwxp 00078000 08:05 1734841                    /usr/lib/jvm/java-6-sun-1.6.0.24/jre/lib/amd64/libfontmanager.so
7f611fbe6000-7f611fbf7000 rwxp 00000000 00:00 0 
7f611fbf7000-7f611fbfc000 r-xp 00000000 08:05 1573561                    /usr/lib/x86_64-linux-gnu/libXdmcp.so.6.0.0
7f611fbfc000-7f611fdfb000 ---p 00005000 08:05 1573561                    /usr/lib/x86_64-linux-gnu/libXdmcp.so.6.0.0
7f611fdfb000-7f611fdfc000 r-xp 00004000 08:05 1573561                    /usr/lib/x86_64-linux-gnu/libXdmcp.so.6.0.0
7f611fdfc000-7f611fdfd000 rwxp 00005000 08:05 1573561                    /usr/lib/x86_64-linux-gnu/libXdmcp.so.6.0.0
7f611fdfd000-7f611fdff000 r-xp 00000000 08:05 1570542                    /usr/lib/x86_64-linux-gnu/libXau.so.6.0.0
7f611fdff000-7f611fffe000 ---p 00002000 08:05 1570542                    /usr/lib/x86_64-linux-gnu/libXau.so.6.0.0
7f611fffe000-7f611ffff000 r-xp 00001000 08:05 1570542                    /usr/lib/x86_64-linux-gnu/libXau.so.6.0.0
7f611ffff000-7f6120000000 rwxp 00002000 08:05 1570542                    /usr/lib/x86_64-linux-gnu/libXau.so.6.0.0
7f6120000000-7f61212f4000 rwxp 00000000 00:00 0 
7f61212f4000-7f6124000000 ---p 00000000 00:00 0 
7f6124000000-7f6124001000 rwxs 127f98000 00:05 7122                      /dev/nvidia0
7f6124001000-7f6124002000 rwxs ba180000 00:05 7122                       /dev/nvidia0
7f6124002000-7f6124003000 rwxs fb060000 00:05 7122                       /dev/nvidia0
7f6124003000-7f6124008000 r-xs 00000000 08:05 554453                     /var/cache/fontconfig/062808c12e6e608270f93bb230aed730-le64.cache-3
7f6124008000-7f6124018000 r-xs 00000000 08:05 554447                     /var/cache/fontconfig/0f34bcd4b6ee430af32735b75db7f02b-le64.cache-3
7f6124018000-7f6124046000 r-xs 00000000 08:05 554435                     /var/cache/fontconfig/365b55f210c0a22e9a19e35191240f32-le64.cache-3
7f6124046000-7f6124061000 r-xp 00000000 08:05 1572615                    /usr/lib/x86_64-linux-gnu/libxcb.so.1.1.0
7f6124061000-7f6124260000 ---p 0001b000 08:05 1572615                    /usr/lib/x86_64-linux-gnu/libxcb.so.1.1.0
7f6124260000-7f6124261000 r-xp 0001a000 08:05 1572615                    /usr/lib/x86_64-linux-gnu/libxcb.so.1.1.0
7f6124261000-7f6124262000 rwxp 0001b000 08:05 1572615                    /usr/lib/x86_64-linux-gnu/libxcb.so.1.1.0
7f6124262000-7f6124271000 r-xp 00000000 08:05 1613065                    /usr/lib/x86_64-linux-gnu/libXi.so.6.1.0
7f6124271000-7f6124470000 ---p 0000f000 08:05 1613065                    /usr/lib/x86_64-linux-gnu/libXi.so.6.1.0
7f6124470000-7f6124471000 r-xp 0000e000 08:05 1613065                    /usr/lib/x86_64-linux-gnu/libXi.so.6.1.0
7f6124471000-7f6124472000 rwxp 0000f000 08:05 1613065                    /usr/lib/x86_64-linux-gnu/libXi.so.6.1.0
7f6124472000-7f6124477000 r-xp 00000000 08:05 1572606                    /usr/lib/libXtst.so.6.1.0
7f6124477000-7f6124676000 ---p 00005000 08:05 1572606                    /usr/lib/libXtst.so.6.1.0
7f6124676000-7f6124677000 r-xp 00004000 08:05 1572606                    /usr/lib/libXtst.so.6.1.0
7f6124677000-7f6124678000 rwxp 00005000 08:05 1572606                    /usr/lib/libXtst.so.6.1.0
7f6124678000-7f61247ad000 r-xp 00000000 08:05 1573591                    /usr/lib/x86_64-linux-gnu/libX11.so.6.3.0
7f61247ad000-7f61249ad000 ---p 00135000 08:05 1573591                    /usr/lib/x86_64-linux-gnu/libX11.so.6.3.0
7f61249ad000-7f61249ae000 r-xp 00135000 08:05 1573591                    /usr/lib/x86_64-linux-gnu/libX11.so.6.3.0
7f61249ae000-7f61249b2000 rwxp 00136000 08:05 1573591                    /usr/lib/x86_64-linux-gnu/libX11.so.6.3.0
7f61249b2000-7f61249c3000 r-xp 00000000 08:05 1571673                    /usr/lib/x86_64-linux-gnu/libXext.so.6.4.0
7f61249c3000-7f6124bc2000 ---p 00011000 08:05 1571673                    /usr/lib/x86_64-linux-gnu/libXext.so.6.4.0
7f6124bc2000-7f6124bc3000 r-xp 00010000 08:05 1571673                    /usr/lib/x86_64-linux-gnu/libXext.so.6.4.0
7f6124bc3000-7f6124bc4000 rwxp 00011000 08:05 1571673                    /usr/lib/x86_64-linux-gnu/libXext.so.6.4.0
7f6124bc4000-7f6124bca000 r-xs 00000000 08:05 554429                     /var/cache/fontconfig/a755afe4a08bf5b97852ceb7400b47bc-le64.cache-3
7f6124bca000-7f6124bd3000 r-xs 00000000 08:05 554448                     /var/cache/fontconfig/6d41288fd70b0be22e8c3a91e032eec0-le64.cache-3
7f6124bd3000-7f6124bdd000 r-xs 00000000 08:05 554433                     /var/cache/fontconfig/d52a8644073d54c13679302ca1180695-le64.cache-3
7f6124bdd000-7f6124bde000 r-xs 00000000 08:05 554418                     /var/cache/fontconfig/ec648e9a1aea82bddd4bd6050028158d-le64.cache-3
7f6124bde000-7f6124bf1000 r-xs 00000000 08:05 538224                     /var/cache/fontconfig/e13b20fdb08344e0e664864cc2ede53d-le64.cache-3
7f6124bf1000-7f6124c33000 r-xp 00000000 08:05 1734831                    /usr/lib/jvm/java-6-sun-1.6.0.24/jre/lib/amd64/xawt/libmawt.so
7f6124c33000-7f6124d32000 ---p 00042000 08:05 1734831                    /usr/lib/jvm/java-6-sun-1.6.0.24/jre/lib/amd64/xawt/libmawt.so
7f6124d32000-7f6124d3e000 rwxp 00041000 08:05 1734831                    /usr/lib/jvm/java-6-sun-1.6.0.24/jre/lib/amd64/xawt/libmawt.so
7f6124d3e000-7f6124d3f000 rwxp 00000000 00:00 0 
7f6124d3f000-7f6124dd1000 r-xp 00000000 08:05 1734852                    /usr/lib/jvm/java-6-sun-1.6.0.24/jre/lib/amd64/libawt.so
7f6124dd1000-7f6124ed0000 ---p 00092000 08:05 1734852                    /usr/lib/jvm/java-6-sun-1.6.0.24/jre/lib/amd64/libawt.so
7f6124ed0000-7f6124ee9000 rwxp 00091000 08:05 1734852                    /usr/lib/jvm/java-6-sun-1.6.0.24/jre/lib/amd64/libawt.so
7f6124ee9000-7f6124f0e000 rwxp 00000000 00:00 0 
7f6124f0e000-7f6124f19000 r-xs 00092000 08:05 1330406                    /home/bompo/git/mgcube/libs/gdx.jar
7f6124f19000-7f6124f20000 r-xs 00074000 08:05 1330357                    /home/bompo/git/mgcube/libs/gdx-sources.jar
7f6124f20000-7f6124f21000 r-xs 001a1000 08:05 1339854                    /home/bompo/git/mgcube/libs/gdx-natives.jar
7f6124f21000-7f6124f3b000 r-xs 00206000 08:05 1339556                    /home/bompo/git/mgcube/libs/gdx-backend-jogl.jar
7f6124f3b000-7f6124f3c000 r-xs 00007000 08:05 1330241                    /home/bompo/git/mgcube/libs/gdx-backend-jogl-sources.jar
7f6124f3c000-7f6124f3d000 r-xs 00203000 08:05 1339177                    /home/bompo/git/mgcube/libs/gdx-backend-jogl-natives.jar
7f6124f3d000-7f6124f40000 r-xs 0000f000 08:05 1622792                    /usr/lib/jvm/java-6-sun-1.6.0.24/jre/lib/ext/pulse-java.jar
7f6124f40000-7f6124f41000 ---p 00000000 00:00 0 
7f6124f41000-7f6125041000 rwxp 00000000 00:00 0 
7f6125041000-7f6125044000 ---p 00000000 00:00 0 
7f6125044000-7f6125142000 rwxp 00000000 00:00 0 
7f6125142000-7f6125145000 ---p 00000000 00:00 0 
7f6125145000-7f6125243000 rwxp 00000000 00:00 0 
7f6125243000-7f6125246000 ---p 00000000 00:00 0 
7f6125246000-7f6125344000 rwxp 00000000 00:00 0 
7f6125344000-7f6125347000 ---p 00000000 00:00 0 
7f6125347000-7f6125445000 rwxp 00000000 00:00 0 
7f6125445000-7f612584d000 r-xp 00000000 08:05 1570348                    /usr/lib/locale/locale-archive
7f612584d000-7f6125850000 ---p 00000000 00:00 0 
7f6125850000-7f612594e000 rwxp 00000000 00:00 0 
7f612594e000-7f6125951000 ---p 00000000 00:00 0 
7f6125951000-7f6125a4f000 rwxp 00000000 00:00 0 
7f6125a4f000-7f6125a50000 ---p 00000000 00:00 0 
7f6125a50000-7f6126089000 rwxp 00000000 00:00 0 
7f6126089000-7f6126221000 r-xs 03027000 08:05 1662454                    /usr/lib/jvm/java-6-sun-1.6.0.24/jre/lib/rt.jar
7f6126221000-7f6126249000 rwxp 00000000 00:00 0 
7f6126249000-7f612624a000 ---p 00000000 00:00 0 
7f612624a000-7f612634a000 rwxp 00000000 00:00 0 
7f612634a000-7f612634b000 ---p 00000000 00:00 0 
7f612634b000-7f612644b000 rwxp 00000000 00:00 0 
7f612644b000-7f612644c000 ---p 00000000 00:00 0 
7f612644c000-7f612654c000 rwxp 00000000 00:00 0 
7f612654c000-7f612654d000 ---p 00000000 00:00 0 
7f612654d000-7f6126658000 rwxp 00000000 00:00 0 
7f6126658000-7f6126676000 rwxp 00000000 00:00 0 
7f6126676000-7f612668b000 rwxp 00000000 00:00 0 
7f612668b000-7f61267c0000 rwxp 00000000 00:00 0 
7f61267c0000-7f61267cb000 rwxp 00000000 00:00 0 
7f61267cb000-7f61267e9000 rwxp 00000000 00:00 0 
7f61267e9000-7f61267fe000 rwxp 00000000 00:00 0 
7f61267fe000-7f6126933000 rwxp 00000000 00:00 0 
7f6126933000-7f612693e000 rwxp 00000000 00:00 0 
7f612693e000-7f61269d8000 rwxp 00000000 00:00 0 
7f61269d8000-7f6126c49000 rwxp 00000000 00:00 0 
7f6126c49000-7f61299d9000 rwxp 00000000 00:00 0 
7f61299d9000-7f61299e7000 r-xp 00000000 08:05 1734847                    /usr/lib/jvm/java-6-sun-1.6.0.24/jre/lib/amd64/libzip.so
7f61299e7000-7f6129ae9000 ---p 0000e000 08:05 1734847                    /usr/lib/jvm/java-6-sun-1.6.0.24/jre/lib/amd64/libzip.so
7f6129ae9000-7f6129aec000 rwxp 00010000 08:05 1734847                    /usr/lib/jvm/java-6-sun-1.6.0.24/jre/lib/amd64/libzip.so
7f6129aec000-7f6129aed000 rwxp 00000000 00:00 0 
7f6129aed000-7f6129af9000 r-xp 00000000 08:05 535712                     /lib/x86_64-linux-gnu/libnss_files-2.13.so
7f6129af9000-7f6129cf8000 ---p 0000c000 08:05 535712                     /lib/x86_64-linux-gnu/libnss_files-2.13.so
7f6129cf8000-7f6129cf9000 r-xp 0000b000 08:05 535712                     /lib/x86_64-linux-gnu/libnss_files-2.13.so
7f6129cf9000-7f6129cfa000 rwxp 0000c000 08:05 535712                     /lib/x86_64-linux-gnu/libnss_files-2.13.so
7f6129cfa000-7f6129d05000 r-xp 00000000 08:05 535714                     /lib/x86_64-linux-gnu/libnss_nis-2.13.so
7f6129d05000-7f6129f04000 ---p 0000b000 08:05 535714                     /lib/x86_64-linux-gnu/libnss_nis-2.13.so
7f6129f04000-7f6129f05000 r-xp 0000a000 08:05 535714                     /lib/x86_64-linux-gnu/libnss_nis-2.13.so
7f6129f05000-7f6129f06000 rwxp 0000b000 08:05 535714                     /lib/x86_64-linux-gnu/libnss_nis-2.13.so
7f6129f06000-7f6129f0e000 r-xp 00000000 08:05 535710                     /lib/x86_64-linux-gnu/libnss_compat-2.13.so
7f6129f0e000-7f612a10d000 ---p 00008000 08:05 535710                     /lib/x86_64-linux-gnu/libnss_compat-2.13.so
7f612a10d000-7f612a10e000 r-xp 00007000 08:05 535710                     /lib/x86_64-linux-gnu/libnss_compat-2.13.so
7f612a10e000-7f612a10f000 rwxp 00008000 08:05 535710                     /lib/x86_64-linux-gnu/libnss_compat-2.13.so
7f612a10f000-7f612a116000 r-xp 00000000 08:05 1734857                    /usr/lib/jvm/java-6-sun-1.6.0.24/jre/lib/amd64/native_threads/libhpi.so
7f612a116000-7f612a217000 ---p 00007000 08:05 1734857                    /usr/lib/jvm/java-6-sun-1.6.0.24/jre/lib/amd64/native_threads/libhpi.so
7f612a217000-7f612a219000 rwxp 00008000 08:05 1734857                    /usr/lib/jvm/java-6-sun-1.6.0.24/jre/lib/amd64/native_threads/libhpi.so
7f612a219000-7f612a21a000 rwxp 00000000 00:00 0 
7f612a21a000-7f612a231000 r-xp 00000000 08:05 535709                     /lib/x86_64-linux-gnu/libnsl-2.13.so
7f612a231000-7f612a430000 ---p 00017000 08:05 535709                     /lib/x86_64-linux-gnu/libnsl-2.13.so
7f612a430000-7f612a431000 r-xp 00016000 08:05 535709                     /lib/x86_64-linux-gnu/libnsl-2.13.so
7f612a431000-7f612a432000 rwxp 00017000 08:05 535709                     /lib/x86_64-linux-gnu/libnsl-2.13.so
7f612a432000-7f612a434000 rwxp 00000000 00:00 0 
7f612a434000-7f612a45d000 r-xp 00000000 08:05 1734846                    /usr/lib/jvm/java-6-sun-1.6.0.24/jre/lib/amd64/libjava.so
7f612a45d000-7f612a55c000 ---p 00029000 08:05 1734846                    /usr/lib/jvm/java-6-sun-1.6.0.24/jre/lib/amd64/libjava.so
7f612a55c000-7f612a563000 rwxp 00028000 08:05 1734846                    /usr/lib/jvm/java-6-sun-1.6.0.24/jre/lib/amd64/libjava.so
7f612a563000-7f612a570000 r-xp 00000000 08:05 1731420                    /usr/lib/jvm/java-6-sun-1.6.0.24/jre/lib/amd64/libverify.so
7f612a570000-7f612a66f000 ---p 0000d000 08:05 1731420                    /usr/lib/jvm/java-6-sun-1.6.0.24/jre/lib/amd64/libverify.so
7f612a66f000-7f612a672000 rwxp 0000c000 08:05 1731420                    /usr/lib/jvm/java-6-sun-1.6.0.24/jre/lib/amd64/libverify.so
7f612a672000-7f612a679000 r-xp 00000000 08:05 535724                     /lib/x86_64-linux-gnu/librt-2.13.so
7f612a679000-7f612a878000 ---p 00007000 08:05 535724                     /lib/x86_64-linux-gnu/librt-2.13.so
7f612a878000-7f612a879000 r-xp 00006000 08:05 535724                     /lib/x86_64-linux-gnu/librt-2.13.so
7f612a879000-7f612a87a000 rwxp 00007000 08:05 535724                     /lib/x86_64-linux-gnu/librt-2.13.so
7f612a87a000-7f612a87d000 ---p 00000000 00:00 0 
7f612a87d000-7f612a97b000 rwxp 00000000 00:00 0 
7f612a97b000-7f612a9ff000 r-xp 00000000 08:05 535703                     /lib/x86_64-linux-gnu/libm-2.13.so
7f612a9ff000-7f612abfe000 ---p 00084000 08:05 535703                     /lib/x86_64-linux-gnu/libm-2.13.so
7f612abfe000-7f612abff000 r-xp 00083000 08:05 535703                     /lib/x86_64-linux-gnu/libm-2.13.so
7f612abff000-7f612ac00000 rwxp 00084000 08:05 535703                     /lib/x86_64-linux-gnu/libm-2.13.so
7f612ac00000-7f612b43e000 r-xp 00000000 08:05 1734849                    /usr/lib/jvm/java-6-sun-1.6.0.24/jre/lib/amd64/server/libjvm.so
7f612b43e000-7f612b53d000 ---p 0083e000 08:05 1734849                    /usr/lib/jvm/java-6-sun-1.6.0.24/jre/lib/amd64/server/libjvm.so
7f612b53d000-7f612b6d1000 rwxp 0083d000 08:05 1734849                    /usr/lib/jvm/java-6-sun-1.6.0.24/jre/lib/amd64/server/libjvm.so
7f612b6d1000-7f612b70a000 rwxp 00000000 00:00 0 
7f612b70a000-7f612b894000 r-xp 00000000 08:05 535697                     /lib/x86_64-linux-gnu/libc-2.13.so
7f612b894000-7f612ba93000 ---p 0018a000 08:05 535697                     /lib/x86_64-linux-gnu/libc-2.13.so
7f612ba93000-7f612ba97000 r-xp 00189000 08:05 535697                     /lib/x86_64-linux-gnu/libc-2.13.so
7f612ba97000-7f612ba98000 rwxp 0018d000 08:05 535697                     /lib/x86_64-linux-gnu/libc-2.13.so
7f612ba98000-7f612ba9e000 rwxp 00000000 00:00 0 
7f612ba9e000-7f612baa0000 r-xp 00000000 08:05 535702                     /lib/x86_64-linux-gnu/libdl-2.13.so
7f612baa0000-7f612bca0000 ---p 00002000 08:05 535702                     /lib/x86_64-linux-gnu/libdl-2.13.so
7f612bca0000-7f612bca1000 r-xp 00002000 08:05 535702                     /lib/x86_64-linux-gnu/libdl-2.13.so
7f612bca1000-7f612bca2000 rwxp 00003000 08:05 535702                     /lib/x86_64-linux-gnu/libdl-2.13.so
7f612bca2000-7f612bcba000 r-xp 00000000 08:05 535718                     /lib/x86_64-linux-gnu/libpthread-2.13.so
7f612bcba000-7f612beba000 ---p 00018000 08:05 535718                     /lib/x86_64-linux-gnu/libpthread-2.13.so
7f612beba000-7f612bebb000 r-xp 00018000 08:05 535718                     /lib/x86_64-linux-gnu/libpthread-2.13.so
7f612bebb000-7f612bebc000 rwxp 00019000 08:05 535718                     /lib/x86_64-linux-gnu/libpthread-2.13.so
7f612bebc000-7f612bec0000 rwxp 00000000 00:00 0 
7f612bec0000-7f612bee1000 r-xp 00000000 08:05 535673                     /lib/x86_64-linux-gnu/ld-2.13.so
7f612bee1000-7f612bee2000 r-xs 00000000 08:05 554466                     /var/cache/fontconfig/4c73fe0c47614734b17d736dbde7580a-le64.cache-3
7f612bee2000-7f612bee3000 r-xs 00000000 08:05 554459                     /var/cache/fontconfig/0d8c3b2ac0904cb8a57a757ad11a4a08-le64.cache-3
7f612bee3000-7f612beed000 rwxp 00000000 00:00 0 
7f612beed000-7f612bfa3000 rwxp 00000000 00:00 0 
7f612bfa3000-7f612bfa6000 rwxp 00000000 00:00 0 
7f612bfa6000-7f612bfad000 r-xp 00000000 08:05 1731410                    /usr/lib/jvm/java-6-sun-1.6.0.24/jre/lib/amd64/jli/libjli.so
7f612bfad000-7f612c0ae000 ---p 00007000 08:05 1731410                    /usr/lib/jvm/java-6-sun-1.6.0.24/jre/lib/amd64/jli/libjli.so
7f612c0ae000-7f612c0b0000 rwxp 00008000 08:05 1731410                    /usr/lib/jvm/java-6-sun-1.6.0.24/jre/lib/amd64/jli/libjli.so
7f612c0b0000-7f612c0b1000 rwxp 00000000 00:00 0 
7f612c0b1000-7f612c0b2000 r-xs 00000000 08:05 554454                     /var/cache/fontconfig/6a53c69dea097a2d716e069445527da8-le64.cache-3
7f612c0b2000-7f612c0b7000 r-xs 00000000 08:05 554452                     /var/cache/fontconfig/515ca1ebc4b18308bea979be5704f9db-le64.cache-3
7f612c0b7000-7f612c0ba000 r-xs 00000000 08:05 554441                     /var/cache/fontconfig/d60319d88cac85ba9e1a07bd06cfbb8c-le64.cache-3
7f612c0ba000-7f612c0bb000 r-xs 00000000 08:05 530935                     /var/cache/fontconfig/4794a0821666d79190d59a36cb4f44b5-le64.cache-3
7f612c0bb000-7f612c0bf000 r-xs 00000000 08:05 538228                     /var/cache/fontconfig/7ef2298fde41cc6eeb7af42e48b7d293-le64.cache-3
7f612c0bf000-7f612c0d3000 r-xs 00000000 08:05 527842                     /var/cache/fontconfig/865f88548240fee46819705c6468c165-le64.cache-3
7f612c0d3000-7f612c0d4000 r-xs 00000000 08:05 1340105                    /home/bompo/.fontconfig/aa7e4f27e681240d22a1f116cf7520f0-le64.cache-3
7f612c0d4000-7f612c0dc000 rwxs 00000000 08:05 524747                     /tmp/hsperfdata_bompo/7709
7f612c0dc000-7f612c0dd000 rwxp 00000000 00:00 0 
7f612c0dd000-7f612c0de000 r-xp 00000000 00:00 0 
7f612c0de000-7f612c0e0000 rwxp 00000000 00:00 0 
7f612c0e0000-7f612c0e1000 r-xp 00020000 08:05 535673                     /lib/x86_64-linux-gnu/ld-2.13.so
7f612c0e1000-7f612c0e3000 rwxp 00021000 08:05 535673                     /lib/x86_64-linux-gnu/ld-2.13.so
7fffff592000-7fffff5b3000 rwxp 00000000 00:00 0                          [stack]
7fffff5ff000-7fffff600000 r-xp 00000000 00:00 0                          [vdso]
ffffffffff600000-ffffffffff601000 r-xp 00000000 00:00 0                  [vsyscall]

VM Arguments:
jvm_args: -Dfile.encoding=UTF-8 
java_command: de.swagner.mgcube.DesktopStarter
Launcher Type: SUN_STANDARD

Environment Variables:
PATH=/usr/local/sbin:/usr/local/bin:/usr/sbin:/usr/bin:/sbin:/bin:/usr/games
USERNAME=bompo
LD_LIBRARY_PATH=/usr/lib/jvm/java-6-sun-1.6.0.24/jre/lib/amd64/server:/usr/lib/jvm/java-6-sun-1.6.0.24/jre/lib/amd64:/usr/lib/jvm/java-6-sun-1.6.0.24/jre/../lib/amd64:/usr/lib/jvm/java-6-openjdk/jre/lib/amd64/server:/usr/lib/jvm/java-6-openjdk/jre/lib/amd64:/usr/lib/jvm/java-6-openjdk/jre/../lib/amd64:/usr/lib64/xulrunner-addons
SHELL=/bin/bash
DISPLAY=:0.0

Signal Handlers:
SIGSEGV: [libjvm.so+0x791b30], sa_mask[0]=0x7ffbfeff, sa_flags=0x10000004
SIGBUS: [libjvm.so+0x791b30], sa_mask[0]=0x7ffbfeff, sa_flags=0x10000004
SIGFPE: [libjvm.so+0x640ba0], sa_mask[0]=0x7ffbfeff, sa_flags=0x10000004
SIGPIPE: [libjvm.so+0x640ba0], sa_mask[0]=0x7ffbfeff, sa_flags=0x10000004
SIGXFSZ: [libjvm.so+0x640ba0], sa_mask[0]=0x7ffbfeff, sa_flags=0x10000004
SIGILL: [libjvm.so+0x640ba0], sa_mask[0]=0x7ffbfeff, sa_flags=0x10000004
SIGUSR1: SIG_DFL, sa_mask[0]=0x00000000, sa_flags=0x00000000
SIGUSR2: [libjvm.so+0x643780], sa_mask[0]=0x00000004, sa_flags=0x10000004
SIGHUP: [libjvm.so+0x643380], sa_mask[0]=0x7ffbfeff, sa_flags=0x10000004
SIGINT: [libjvm.so+0x643380], sa_mask[0]=0x7ffbfeff, sa_flags=0x10000004
SIGTERM: [libjvm.so+0x643380], sa_mask[0]=0x7ffbfeff, sa_flags=0x10000004
SIGQUIT: [libjvm.so+0x643380], sa_mask[0]=0x7ffbfeff, sa_flags=0x10000004


---------------  S Y S T E M  ---------------

OS:squeeze/sid

uname:Linux 2.6.38-10-generic #46-Ubuntu SMP Tue Jun 28 15:07:17 UTC 2011 x86_64
libc:glibc 2.13 NPTL 2.13 
rlimit: STACK 8192k, CORE 0k, NPROC infinity, NOFILE 4096, AS infinity
load average:0.07 0.08 0.12

/proc/meminfo:
MemTotal:        4047872 kB
MemFree:         1086736 kB
Buffers:          142660 kB
Cached:           893528 kB
SwapCached:            0 kB
Active:          1987688 kB
Inactive:         649524 kB
Active(anon):    1602016 kB
Inactive(anon):    10008 kB
Active(file):     385672 kB
Inactive(file):   639516 kB
Unevictable:         148 kB
Mlocked:             148 kB
SwapTotal:      19529724 kB
SwapFree:       19529724 kB
Dirty:              3988 kB
Writeback:           660 kB
AnonPages:       1601608 kB
Mapped:           207900 kB
Shmem:             10816 kB
Slab:             111940 kB
SReclaimable:      84000 kB
SUnreclaim:        27940 kB
KernelStack:        4056 kB
PageTables:        35956 kB
NFS_Unstable:          0 kB
Bounce:                0 kB
WritebackTmp:          0 kB
CommitLimit:    21553660 kB
Committed_AS:    4154308 kB
VmallocTotal:   34359738367 kB
VmallocUsed:      341768 kB
VmallocChunk:   34359375356 kB
HardwareCorrupted:     0 kB
HugePages_Total:       0
HugePages_Free:        0
HugePages_Rsvd:        0
HugePages_Surp:        0
Hugepagesize:       2048 kB
DirectMap4k:      144832 kB
DirectMap2M:     4040704 kB


CPU:total 4 (4 cores per cpu, 1 threads per core) family 6 model 30 stepping 5, cmov, cx8, fxsr, mmx, sse, sse2, sse3, ssse3, sse4.1, sse4.2, popcnt

Memory: 4k page, physical 4047872k(1086736k free), swap 19529724k(19529724k free)

vm_info: Java HotSpot(TM) 64-Bit Server VM (19.1-b02) for linux-amd64 JRE (1.6.0_24-b07), built on Feb  2 2011 16:55:54 by "java_re" with gcc 3.2.2 (SuSE Linux)

time: Sun Jul  3 01:46:27 2011
elapsed time: 42 seconds

