#
# A fatal error has been detected by the Java Runtime Environment:
#
#  SIGSEGV (0xb) at pc=0x00007f6e0f9c0a09, pid=10289, tid=140110893819648
#
# JRE version: 6.0_24-b07
# Java VM: Java HotSpot(TM) 64-Bit Server VM (19.1-b02 mixed mode linux-amd64 compressed oops)
# Problematic frame:
# C  [libGL.so.1+0x2eaa09]
#
# If you would like to submit a bug report, please visit:
#   http://java.sun.com/webapps/bugreport/crash.jsp
# The crash happened outside the Java Virtual Machine in native code.
# See problematic frame for where to report the bug.
#

---------------  T H R E A D  ---------------

Current thread (0x0000000040568000):  JavaThread "main" [_thread_in_native, id=10294, stack(0x00007f6e1bfe2000,0x00007f6e1c0e3000)]

siginfo:si_signo=SIGSEGV: si_errno=0, si_code=1 (SEGV_MAPERR), si_addr=0x0000000000000ee8

Registers:
RAX=0x0000000000000000, RBX=0x00000000bd83e590, RCX=0x00007f6e1cd050f0, RDX=0x00007f6e100a1000
RSP=0x00007f6e1c0e1298, RBP=0x00007f6e1c0e12e0, RSI=0x00007f6e100a1000, RDI=0x0000000000000001
R8 =0x0000000000000ffc, R9 =0x00000000eb7cd680, R10=0x0000000000000006, R11=0x00007f6e1cd1cf80
R12=0x0000000000000000, R13=0x00000000bd83e590, R14=0x00007f6e1c0e13a8, R15=0x0000000040568000
RIP=0x00007f6e0f9c0a09, EFL=0x0000000000010206, CSGSFS=0x0000000000000033, ERR=0x0000000000000004
  TRAPNO=0x000000000000000e

Register to memory mapping:

RAX=0x0000000000000000
0x0000000000000000 is pointing to unknown location

RBX=0x00000000bd83e590
{method} 
 - klass: {other class}

RCX=0x00007f6e1cd050f0
0x00007f6e1cd050f0: <offset 0x99d0f0> in /usr/lib/jvm/java-6-sun-1.6.0.24/jre/lib/amd64/server/libjvm.so at 0x00007f6e1c368000

RDX=0x00007f6e100a1000
0x00007f6e100a1000 is pointing to unknown location

RSP=0x00007f6e1c0e1298
0x00007f6e1c0e1298 is pointing into the stack for thread: 0x0000000040568000
"main" prio=10 tid=0x0000000040568000 nid=0x2836 runnable [0x00007f6e1c0e1000]
   java.lang.Thread.State: RUNNABLE

RBP=0x00007f6e1c0e12e0
0x00007f6e1c0e12e0 is pointing into the stack for thread: 0x0000000040568000
"main" prio=10 tid=0x0000000040568000 nid=0x2836 runnable [0x00007f6e1c0e1000]
   java.lang.Thread.State: RUNNABLE

RSI=0x00007f6e100a1000
0x00007f6e100a1000 is pointing to unknown location

RDI=0x0000000000000001
0x0000000000000001 is pointing to unknown location

R8 =0x0000000000000ffc
0x0000000000000ffc is pointing to unknown location

R9 =0x00000000eb7cd680

[error occurred during error reporting (printing registers, top of stack, instructions near pc), id 0xe0000000]

Stack: [0x00007f6e1bfe2000,0x00007f6e1c0e3000],  sp=0x00007f6e1c0e1298,  free space=1020k
Native frames: (J=compiled Java code, j=interpreted, Vv=VM code, C=native code)
C  [libGL.so.1+0x2eaa09]
j  com.sun.opengl.impl.GLImpl.dispatch_glGenBuffers0(ILjava/lang/Object;IJ)V+0
j  com.sun.opengl.impl.GLImpl.glGenBuffers(ILjava/nio/IntBuffer;)V+53
j  com.badlogic.gdx.backends.jogl.JoglGL20.glGenBuffers(ILjava/nio/IntBuffer;)V+6
j  com.badlogic.gdx.graphics.glutils.VertexBufferObject.createBufferObject()I+13
j  com.badlogic.gdx.graphics.glutils.VertexBufferObject.<init>(ZILcom/badlogic/gdx/graphics/VertexAttributes;)V+85
j  com.badlogic.gdx.graphics.glutils.VertexBufferObject.<init>(ZI[Lcom/badlogic/gdx/graphics/VertexAttribute;)V+11
j  com.badlogic.gdx.graphics.Mesh.<init>(ZII[Lcom/badlogic/gdx/graphics/VertexAttribute;)V+36
j  com.badlogic.gdx.graphics.g3d.loaders.obj.ObjLoader.loadObjFromString(Ljava/lang/String;Z)Lcom/badlogic/gdx/graphics/Mesh;+838
j  com.badlogic.gdx.graphics.g3d.loaders.obj.ObjLoader.loadObj(Ljava/io/InputStream;Z)Lcom/badlogic/gdx/graphics/Mesh;+82
j  com.badlogic.gdx.graphics.g3d.loaders.obj.ObjLoader.loadObj(Ljava/io/InputStream;)Lcom/badlogic/gdx/graphics/Mesh;+2
j  de.swagner.mgcube.Resources.reInit()V+84
j  de.swagner.mgcube.Resources.<init>()V+15044
j  de.swagner.mgcube.Resources.getInstance()Lde/swagner/mgcube/Resources;+10
j  de.swagner.mgcube.DesktopStarter.main([Ljava/lang/String;)V+71
v  ~StubRoutines::call_stub
V  [libjvm.so+0x41de3f]
V  [libjvm.so+0x641eb9]
V  [libjvm.so+0x41dc55]
V  [libjvm.so+0x458327]
V  [libjvm.so+0x446290]

Java frames: (J=compiled Java code, j=interpreted, Vv=VM code)
j  com.sun.opengl.impl.GLImpl.dispatch_glGenBuffers0(ILjava/lang/Object;IJ)V+0
j  com.sun.opengl.impl.GLImpl.glGenBuffers(ILjava/nio/IntBuffer;)V+53
j  com.badlogic.gdx.backends.jogl.JoglGL20.glGenBuffers(ILjava/nio/IntBuffer;)V+6
j  com.badlogic.gdx.graphics.glutils.VertexBufferObject.createBufferObject()I+13
j  com.badlogic.gdx.graphics.glutils.VertexBufferObject.<init>(ZILcom/badlogic/gdx/graphics/VertexAttributes;)V+85
j  com.badlogic.gdx.graphics.glutils.VertexBufferObject.<init>(ZI[Lcom/badlogic/gdx/graphics/VertexAttribute;)V+11
j  com.badlogic.gdx.graphics.Mesh.<init>(ZII[Lcom/badlogic/gdx/graphics/VertexAttribute;)V+36
j  com.badlogic.gdx.graphics.g3d.loaders.obj.ObjLoader.loadObjFromString(Ljava/lang/String;Z)Lcom/badlogic/gdx/graphics/Mesh;+838
j  com.badlogic.gdx.graphics.g3d.loaders.obj.ObjLoader.loadObj(Ljava/io/InputStream;Z)Lcom/badlogic/gdx/graphics/Mesh;+82
j  com.badlogic.gdx.graphics.g3d.loaders.obj.ObjLoader.loadObj(Ljava/io/InputStream;)Lcom/badlogic/gdx/graphics/Mesh;+2
j  de.swagner.mgcube.Resources.reInit()V+84
j  de.swagner.mgcube.Resources.<init>()V+15044
j  de.swagner.mgcube.Resources.getInstance()Lde/swagner/mgcube/Resources;+10
j  de.swagner.mgcube.DesktopStarter.main([Ljava/lang/String;)V+71
v  ~StubRoutines::call_stub

---------------  P R O C E S S  ---------------

Java Threads: ( => current thread )
  0x00007f6e100ed800 JavaThread "Thread-1" [_thread_blocked, id=10314, stack(0x00007f6e05d02000,0x00007f6e05e03000)]
  0x0000000040b57000 JavaThread "AWT-EventQueue-0" [_thread_in_vm, id=10310, stack(0x00007f6e1448f000,0x00007f6e14590000)]
  0x0000000040b0a000 JavaThread "AWT-Shutdown" [_thread_blocked, id=10309, stack(0x00007f6e14590000,0x00007f6e14691000)]
  0x0000000040b09000 JavaThread "AWT-XAWT" daemon [_thread_blocked, id=10308, stack(0x00007f6e14691000,0x00007f6e14792000)]
  0x00000000406c9000 JavaThread "Java2D Disposer" daemon [_thread_blocked, id=10307, stack(0x00007f6e15126000,0x00007f6e15227000)]
  0x00000000405fa800 JavaThread "Low Memory Detector" daemon [_thread_blocked, id=10305, stack(0x00007f6e167a9000,0x00007f6e168aa000)]
  0x00000000405f7800 JavaThread "CompilerThread1" daemon [_thread_in_native, id=10304, stack(0x00007f6e168aa000,0x00007f6e169ab000)]
  0x00000000405f2800 JavaThread "CompilerThread0" daemon [_thread_in_native, id=10303, stack(0x00007f6e169ab000,0x00007f6e16aac000)]
  0x00000000405f0800 JavaThread "Signal Dispatcher" daemon [_thread_blocked, id=10302, stack(0x00007f6e16aac000,0x00007f6e16bad000)]
  0x00000000405d4000 JavaThread "Finalizer" daemon [_thread_blocked, id=10301, stack(0x00007f6e16fb5000,0x00007f6e170b6000)]
  0x00000000405cc800 JavaThread "Reference Handler" daemon [_thread_blocked, id=10300, stack(0x00007f6e170b6000,0x00007f6e171b7000)]
=>0x0000000040568000 JavaThread "main" [_thread_in_native, id=10294, stack(0x00007f6e1bfe2000,0x00007f6e1c0e3000)]

Other Threads:
  0x00000000405c5800 VMThread [stack: 0x00007f6e171b7000,0x00007f6e172b8000] [id=10299]
  0x0000000040605800 WatcherThread [stack: 0x00007f6e166a8000,0x00007f6e167a9000] [id=10306]

VM state:not at safepoint (normal execution)

VM Mutex/Monitor currently owned by a thread: None

Heap
 PSYoungGen      total 18432K, used 4733K [0x00000000eb600000, 0x00000000eca90000, 0x0000000100000000)
  eden space 15808K, 15% used [0x00000000eb600000,0x00000000eb86aae0,0x00000000ec570000)
  from space 2624K, 86% used [0x00000000ec570000,0x00000000ec7a4cf8,0x00000000ec800000)
  to   space 2624K, 0% used [0x00000000ec800000,0x00000000ec800000,0x00000000eca90000)
 PSOldGen        total 42240K, used 0K [0x00000000c2200000, 0x00000000c4b40000, 0x00000000eb600000)
  object space 42240K, 0% used [0x00000000c2200000,0x00000000c2200020,0x00000000c4b40000)
 PSPermGen       total 21248K, used 16001K [0x00000000bd000000, 0x00000000be4c0000, 0x00000000c2200000)
  object space 21248K, 75% used [0x00000000bd000000,0x00000000bdfa04b8,0x00000000be4c0000)

Dynamic libraries:
40000000-40009000 r-xp 00000000 08:05 1662394                            /usr/lib/jvm/java-6-sun-1.6.0.24/jre/bin/java
4009b000-4009d000 r-xs 00000000 08:05 527063                             /tmp/gl7i4w1U (deleted)
40108000-4010a000 rwxp 00008000 08:05 1662394                            /usr/lib/jvm/java-6-sun-1.6.0.24/jre/bin/java
4055f000-41512000 rwxp 00000000 00:00 0                                  [heap]
41610000-41687000 rwxp 00000000 00:00 0 
bd000000-be4c0000 rwxp 00000000 00:00 0 
be4c0000-c2200000 rwxp 00000000 00:00 0 
c2200000-c4b40000 rwxp 00000000 00:00 0 
c4b40000-eb600000 rwxp 00000000 00:00 0 
eb600000-eca90000 rwxp 00000000 00:00 0 
eca90000-100000000 rwxp 00000000 00:00 0 
7f6e059fe000-7f6e05bfe000 rwxs a5ad0000 00:05 9702                       /dev/nvidia0
7f6e05bfe000-7f6e05c02000 rwxs b971f000 00:05 9702                       /dev/nvidia0
7f6e05c02000-7f6e05d02000 rwxs adfc8000 00:05 9702                       /dev/nvidia0
7f6e05d02000-7f6e05d05000 ---p 00000000 00:00 0 
7f6e05d05000-7f6e05e03000 rwxp 00000000 00:00 0 
7f6e05e03000-7f6e05e04000 ---p 00000000 00:00 0 
7f6e05e04000-7f6e06604000 rwxp 00000000 00:00 0 
7f6e06604000-7f6e0a605000 rwxs 00000000 00:10 290296                     /dev/shm/pulse-shm-1861054838
7f6e0a605000-7f6e0a606000 ---p 00000000 00:00 0 
7f6e0a606000-7f6e0ae06000 rwxp 00000000 00:00 0 
7f6e0ae06000-7f6e0ae0c000 r-xp 00000000 08:05 1573092                    /usr/lib/libogg.so.0.7.0
7f6e0ae0c000-7f6e0b00b000 ---p 00006000 08:05 1573092                    /usr/lib/libogg.so.0.7.0
7f6e0b00b000-7f6e0b00c000 r-xp 00005000 08:05 1573092                    /usr/lib/libogg.so.0.7.0
7f6e0b00c000-7f6e0b00d000 rwxp 00006000 08:05 1573092                    /usr/lib/libogg.so.0.7.0
7f6e0b00d000-7f6e0b038000 r-xp 00000000 08:05 1582648                    /usr/lib/libvorbis.so.0.4.5
7f6e0b038000-7f6e0b237000 ---p 0002b000 08:05 1582648                    /usr/lib/libvorbis.so.0.4.5
7f6e0b237000-7f6e0b238000 r-xp 0002a000 08:05 1582648                    /usr/lib/libvorbis.so.0.4.5
7f6e0b238000-7f6e0b239000 rwxp 0002b000 08:05 1582648                    /usr/lib/libvorbis.so.0.4.5
7f6e0b239000-7f6e0b4ec000 r-xp 00000000 08:05 1573212                    /usr/lib/libvorbisenc.so.2.0.8
7f6e0b4ec000-7f6e0b6eb000 ---p 002b3000 08:05 1573212                    /usr/lib/libvorbisenc.so.2.0.8
7f6e0b6eb000-7f6e0b707000 r-xp 002b2000 08:05 1573212                    /usr/lib/libvorbisenc.so.2.0.8
7f6e0b707000-7f6e0b708000 rwxp 002ce000 08:05 1573212                    /usr/lib/libvorbisenc.so.2.0.8
7f6e0b708000-7f6e0b750000 r-xp 00000000 08:05 1570101                    /usr/lib/libFLAC.so.8.2.0
7f6e0b750000-7f6e0b950000 ---p 00048000 08:05 1570101                    /usr/lib/libFLAC.so.8.2.0
7f6e0b950000-7f6e0b951000 r-xp 00048000 08:05 1570101                    /usr/lib/libFLAC.so.8.2.0
7f6e0b951000-7f6e0b952000 rwxp 00049000 08:05 1570101                    /usr/lib/libFLAC.so.8.2.0
7f6e0b952000-7f6e0b9b3000 r-xp 00000000 08:05 1570821                    /usr/lib/libsndfile.so.1.0.23
7f6e0b9b3000-7f6e0bbb3000 ---p 00061000 08:05 1570821                    /usr/lib/libsndfile.so.1.0.23
7f6e0bbb3000-7f6e0bbb5000 r-xp 00061000 08:05 1570821                    /usr/lib/libsndfile.so.1.0.23
7f6e0bbb5000-7f6e0bbb6000 rwxp 00063000 08:05 1570821                    /usr/lib/libsndfile.so.1.0.23
7f6e0bbb6000-7f6e0bbba000 rwxp 00000000 00:00 0 
7f6e0bbba000-7f6e0bbc2000 r-xp 00000000 08:05 538930                     /lib/libwrap.so.0.7.6
7f6e0bbc2000-7f6e0bdc2000 ---p 00008000 08:05 538930                     /lib/libwrap.so.0.7.6
7f6e0bdc2000-7f6e0bdc3000 r-xp 00008000 08:05 538930                     /lib/libwrap.so.0.7.6
7f6e0bdc3000-7f6e0bdc4000 rwxp 00009000 08:05 538930                     /lib/libwrap.so.0.7.6
7f6e0bdc4000-7f6e0bdc5000 rwxp 00000000 00:00 0 
7f6e0bdc5000-7f6e0bdc9000 r-xp 00000000 08:05 534738                     /lib/x86_64-linux-gnu/libuuid.so.1.3.0
7f6e0bdc9000-7f6e0bfc8000 ---p 00004000 08:05 534738                     /lib/x86_64-linux-gnu/libuuid.so.1.3.0
7f6e0bfc8000-7f6e0bfc9000 r-xp 00003000 08:05 534738                     /lib/x86_64-linux-gnu/libuuid.so.1.3.0
7f6e0bfc9000-7f6e0bfca000 rwxp 00004000 08:05 534738                     /lib/x86_64-linux-gnu/libuuid.so.1.3.0
7f6e0bfca000-7f6e0c00c000 r-xp 00000000 08:05 525819                     /lib/x86_64-linux-gnu/libdbus-1.so.3.5.4
7f6e0c00c000-7f6e0c20c000 ---p 00042000 08:05 525819                     /lib/x86_64-linux-gnu/libdbus-1.so.3.5.4
7f6e0c20c000-7f6e0c20d000 r-xp 00042000 08:05 525819                     /lib/x86_64-linux-gnu/libdbus-1.so.3.5.4
7f6e0c20d000-7f6e0c20e000 rwxp 00043000 08:05 525819                     /lib/x86_64-linux-gnu/libdbus-1.so.3.5.4
7f6e0c20e000-7f6e0c259000 r-xp 00000000 08:05 1580900                    /usr/lib/libpulsecommon-0.9.22.so
7f6e0c259000-7f6e0c458000 ---p 0004b000 08:05 1580900                    /usr/lib/libpulsecommon-0.9.22.so
7f6e0c458000-7f6e0c459000 r-xp 0004a000 08:05 1580900                    /usr/lib/libpulsecommon-0.9.22.so
7f6e0c459000-7f6e0c45a000 rwxp 0004b000 08:05 1580900                    /usr/lib/libpulsecommon-0.9.22.so
7f6e0c45a000-7f6e0c45d000 r-xp 00000000 08:05 1573582                    /usr/lib/libxcb-atom.so.1.0.0
7f6e0c45d000-7f6e0c65d000 ---p 00003000 08:05 1573582                    /usr/lib/libxcb-atom.so.1.0.0
7f6e0c65d000-7f6e0c65e000 r-xp 00003000 08:05 1573582                    /usr/lib/libxcb-atom.so.1.0.0
7f6e0c65e000-7f6e0c65f000 rwxp 00004000 08:05 1573582                    /usr/lib/libxcb-atom.so.1.0.0
7f6e0c65f000-7f6e0c666000 r-xp 00000000 08:05 1578963                    /usr/lib/x86_64-linux-gnu/libSM.so.6.0.1
7f6e0c666000-7f6e0c865000 ---p 00007000 08:05 1578963                    /usr/lib/x86_64-linux-gnu/libSM.so.6.0.1
7f6e0c865000-7f6e0c866000 r-xp 00006000 08:05 1578963                    /usr/lib/x86_64-linux-gnu/libSM.so.6.0.1
7f6e0c866000-7f6e0c867000 rwxp 00007000 08:05 1578963                    /usr/lib/x86_64-linux-gnu/libSM.so.6.0.1
7f6e0c867000-7f6e0c87d000 r-xp 00000000 08:05 1571606                    /usr/lib/x86_64-linux-gnu/libICE.so.6.3.0
7f6e0c87d000-7f6e0ca7d000 ---p 00016000 08:05 1571606                    /usr/lib/x86_64-linux-gnu/libICE.so.6.3.0
7f6e0ca7d000-7f6e0ca7e000 r-xp 00016000 08:05 1571606                    /usr/lib/x86_64-linux-gnu/libICE.so.6.3.0
7f6e0ca7e000-7f6e0ca7f000 rwxp 00017000 08:05 1571606                    /usr/lib/x86_64-linux-gnu/libICE.so.6.3.0
7f6e0ca7f000-7f6e0ca82000 rwxp 00000000 00:00 0 
7f6e0ca82000-7f6e0ca83000 r-xp 00000000 08:05 1570508                    /usr/lib/x86_64-linux-gnu/libX11-xcb.so.1.0.0
7f6e0ca83000-7f6e0cc82000 ---p 00001000 08:05 1570508                    /usr/lib/x86_64-linux-gnu/libX11-xcb.so.1.0.0
7f6e0cc82000-7f6e0cc83000 r-xp 00000000 08:05 1570508                    /usr/lib/x86_64-linux-gnu/libX11-xcb.so.1.0.0
7f6e0cc83000-7f6e0cc84000 rwxp 00001000 08:05 1570508                    /usr/lib/x86_64-linux-gnu/libX11-xcb.so.1.0.0
7f6e0cc84000-7f6e0ccc4000 r-xp 00000000 08:05 1573921                    /usr/lib/libpulse.so.0.12.3
7f6e0ccc4000-7f6e0cec3000 ---p 00040000 08:05 1573921                    /usr/lib/libpulse.so.0.12.3
7f6e0cec3000-7f6e0cec4000 r-xp 0003f000 08:05 1573921                    /usr/lib/libpulse.so.0.12.3
7f6e0cec4000-7f6e0cec5000 rwxp 00040000 08:05 1573921                    /usr/lib/libpulse.so.0.12.3
7f6e0cec5000-7f6e0cf11000 r-xp 00000000 08:05 525038                     /tmp/libgdx/2370704169/libopenal64.so
7f6e0cf11000-7f6e0d110000 ---p 0004c000 08:05 525038                     /tmp/libgdx/2370704169/libopenal64.so
7f6e0d110000-7f6e0d112000 r-xp 0004b000 08:05 525038                     /tmp/libgdx/2370704169/libopenal64.so
7f6e0d112000-7f6e0d113000 rwxp 0004d000 08:05 525038                     /tmp/libgdx/2370704169/libopenal64.so
7f6e0d113000-7f6e0d114000 rwxp 00000000 00:00 0 
7f6e0d114000-7f6e0d18d000 r-xp 00000000 08:05 525065                     /tmp/libgdx/2370704169/liblwjgl64.so
7f6e0d18d000-7f6e0d38d000 ---p 00079000 08:05 525065                     /tmp/libgdx/2370704169/liblwjgl64.so
7f6e0d38d000-7f6e0d38f000 r-xp 00079000 08:05 525065                     /tmp/libgdx/2370704169/liblwjgl64.so
7f6e0d38f000-7f6e0d390000 rwxp 0007b000 08:05 525065                     /tmp/libgdx/2370704169/liblwjgl64.so
7f6e0d390000-7f6e0d47f000 r-xp 00000000 08:05 524903                     /tmp/libgdx/2370704169/libjogl-linux64.so
7f6e0d47f000-7f6e0d57f000 ---p 000ef000 08:05 524903                     /tmp/libgdx/2370704169/libjogl-linux64.so
7f6e0d57f000-7f6e0d580000 rwxp 000ef000 08:05 524903                     /tmp/libgdx/2370704169/libjogl-linux64.so
7f6e0d580000-7f6e0e9ce000 r-xp 00000000 08:05 723                        /usr/lib/nvidia-current/libnvidia-glcore.so.270.41.19
7f6e0e9ce000-7f6e0ebce000 ---p 0144e000 08:05 723                        /usr/lib/nvidia-current/libnvidia-glcore.so.270.41.19
7f6e0ebce000-7f6e0f1b6000 rwxp 0144e000 08:05 723                        /usr/lib/nvidia-current/libnvidia-glcore.so.270.41.19
7f6e0f1b6000-7f6e0f1cd000 rwxp 00000000 00:00 0 
7f6e0f1cd000-7f6e0f1ce000 r-xp 00000000 08:05 716                        /usr/lib/nvidia-current/tls/libnvidia-tls.so.270.41.19
7f6e0f1ce000-7f6e0f3ce000 ---p 00001000 08:05 716                        /usr/lib/nvidia-current/tls/libnvidia-tls.so.270.41.19
7f6e0f3ce000-7f6e0f3cf000 rwxp 00001000 08:05 716                        /usr/lib/nvidia-current/tls/libnvidia-tls.so.270.41.19
7f6e0f3cf000-7f6e0f3d0000 r-xp 00000000 08:05 1734853                    /usr/lib/jvm/java-6-sun-1.6.0.24/jre/lib/amd64/libjawt.so
7f6e0f3d0000-7f6e0f4cf000 ---p 00001000 08:05 1734853                    /usr/lib/jvm/java-6-sun-1.6.0.24/jre/lib/amd64/libjawt.so
7f6e0f4cf000-7f6e0f4d0000 rwxp 00000000 08:05 1734853                    /usr/lib/jvm/java-6-sun-1.6.0.24/jre/lib/amd64/libjawt.so
7f6e0f4d0000-7f6e0f4d5000 r-xp 00000000 08:05 1581972                    /usr/lib/x86_64-linux-gnu/libXxf86vm.so.1.0.0
7f6e0f4d5000-7f6e0f6d4000 ---p 00005000 08:05 1581972                    /usr/lib/x86_64-linux-gnu/libXxf86vm.so.1.0.0
7f6e0f6d4000-7f6e0f6d5000 r-xp 00004000 08:05 1581972                    /usr/lib/x86_64-linux-gnu/libXxf86vm.so.1.0.0
7f6e0f6d5000-7f6e0f6d6000 rwxp 00005000 08:05 1581972                    /usr/lib/x86_64-linux-gnu/libXxf86vm.so.1.0.0
7f6e0f6d6000-7f6e0f793000 r-xp 00000000 08:05 928                        /usr/lib/nvidia-current/libGL.so.270.41.19
7f6e0f793000-7f6e0f993000 ---p 000bd000 08:05 928                        /usr/lib/nvidia-current/libGL.so.270.41.19
7f6e0f993000-7f6e0f9cc000 rwxp 000bd000 08:05 928                        /usr/lib/nvidia-current/libGL.so.270.41.19
7f6e0f9cc000-7f6e0f9e2000 rwxp 00000000 00:00 0 
7f6e0f9e2000-7f6e0f9e4000 r-xp 00000000 08:05 524893                     /tmp/libgdx/2370704169/libjogl_awt-linux64.so
7f6e0f9e4000-7f6e0fae3000 ---p 00002000 08:05 524893                     /tmp/libgdx/2370704169/libjogl_awt-linux64.so
7f6e0fae3000-7f6e0fae4000 rwxp 00001000 08:05 524893                     /tmp/libgdx/2370704169/libjogl_awt-linux64.so
7f6e0fae4000-7f6e0faf9000 r-xp 00000000 08:05 528127                     /lib/x86_64-linux-gnu/libgcc_s.so.1
7f6e0faf9000-7f6e0fcf8000 ---p 00015000 08:05 528127                     /lib/x86_64-linux-gnu/libgcc_s.so.1
7f6e0fcf8000-7f6e0fcf9000 r-xp 00014000 08:05 528127                     /lib/x86_64-linux-gnu/libgcc_s.so.1
7f6e0fcf9000-7f6e0fcfa000 rwxp 00015000 08:05 528127                     /lib/x86_64-linux-gnu/libgcc_s.so.1
7f6e0fcfa000-7f6e0fde2000 r-xp 00000000 08:05 1571250                    /usr/lib/x86_64-linux-gnu/libstdc++.so.6.0.14
7f6e0fde2000-7f6e0ffe1000 ---p 000e8000 08:05 1571250                    /usr/lib/x86_64-linux-gnu/libstdc++.so.6.0.14
7f6e0ffe1000-7f6e0ffe9000 r-xp 000e7000 08:05 1571250                    /usr/lib/x86_64-linux-gnu/libstdc++.so.6.0.14
7f6e0ffe9000-7f6e0ffeb000 rwxp 000ef000 08:05 1571250                    /usr/lib/x86_64-linux-gnu/libstdc++.so.6.0.14
7f6e0ffeb000-7f6e10000000 rwxp 00000000 00:00 0 
7f6e10000000-7f6e10622000 rwxp 00000000 00:00 0 
7f6e10622000-7f6e14000000 ---p 00000000 00:00 0 
7f6e140fd000-7f6e140fe000 r-xp 00000000 08:05 524774                     /tmp/libgdx/2370704169/libgluegen-rt-linux64.so
7f6e140fe000-7f6e141fd000 ---p 00001000 08:05 524774                     /tmp/libgdx/2370704169/libgluegen-rt-linux64.so
7f6e141fd000-7f6e141fe000 rwxp 00000000 08:05 524774                     /tmp/libgdx/2370704169/libgluegen-rt-linux64.so
7f6e141fe000-7f6e1428a000 r-xp 00000000 08:05 524747                     /tmp/libgdx/2370704169/libgdx-64.so
7f6e1428a000-7f6e1448a000 ---p 0008c000 08:05 524747                     /tmp/libgdx/2370704169/libgdx-64.so
7f6e1448a000-7f6e1448b000 r-xp 0008c000 08:05 524747                     /tmp/libgdx/2370704169/libgdx-64.so
7f6e1448b000-7f6e1448c000 rwxp 0008d000 08:05 524747                     /tmp/libgdx/2370704169/libgdx-64.so
7f6e1448c000-7f6e1448f000 rwxp 00000000 00:00 0 
7f6e1448f000-7f6e14492000 ---p 00000000 00:00 0 
7f6e14492000-7f6e14590000 rwxp 00000000 00:00 0 
7f6e14590000-7f6e14593000 ---p 00000000 00:00 0 
7f6e14593000-7f6e14691000 rwxp 00000000 00:00 0 
7f6e14691000-7f6e14694000 ---p 00000000 00:00 0 
7f6e14694000-7f6e14792000 rwxp 00000000 00:00 0 
7f6e14792000-7f6e14793000 r-xs 00000000 08:05 532633                     /var/cache/fontconfig/26de28bc8622bbc1fb67fd234c21975f-le64.cache-3
7f6e14793000-7f6e14794000 r-xs 00000000 08:05 554485                     /var/cache/fontconfig/c05880de57d1f5e948fdfacc138775d9-le64.cache-3
7f6e14794000-7f6e1479d000 r-xs 00000000 08:05 527845                     /var/cache/fontconfig/945677eb7aeaf62f1d50efc3fb3ec7d8-le64.cache-3
7f6e1479d000-7f6e1479f000 r-xs 00000000 08:05 554480                     /var/cache/fontconfig/99e8ed0e538f840c565b6ed5dad60d56-le64.cache-3
7f6e1479f000-7f6e147a2000 r-xs 00000000 08:05 554411                     /var/cache/fontconfig/f24b2111ab8703b4e963115a8cf14259-le64.cache-3
7f6e147a2000-7f6e147a5000 r-xs 00000000 08:05 554479                     /var/cache/fontconfig/e383d7ea5fbe662a33d9b44caf393297-le64.cache-3
7f6e147a5000-7f6e147a8000 r-xs 00000000 08:05 554477                     /var/cache/fontconfig/2cd17615ca594fa2959ae173292e504c-le64.cache-3
7f6e147a8000-7f6e147a9000 r-xs 00000000 08:05 554471                     /var/cache/fontconfig/e7071f4a29fa870f4323321c154eba04-le64.cache-3
7f6e147a9000-7f6e147ad000 r-xs 00000000 08:05 554470                     /var/cache/fontconfig/6eb3985aa4124903f6ff08ba781cd364-le64.cache-3
7f6e147ad000-7f6e147ae000 r-xs 00000000 08:05 554466                     /var/cache/fontconfig/4c73fe0c47614734b17d736dbde7580a-le64.cache-3
7f6e147ae000-7f6e147af000 r-xs 00000000 08:05 554459                     /var/cache/fontconfig/0d8c3b2ac0904cb8a57a757ad11a4a08-le64.cache-3
7f6e147af000-7f6e147b0000 r-xs 00000000 08:05 554454                     /var/cache/fontconfig/6a53c69dea097a2d716e069445527da8-le64.cache-3
7f6e147b0000-7f6e147b5000 r-xs 00000000 08:05 554453                     /var/cache/fontconfig/062808c12e6e608270f93bb230aed730-le64.cache-3
7f6e147b5000-7f6e147bb000 r-xs 00000000 08:05 554429                     /var/cache/fontconfig/a755afe4a08bf5b97852ceb7400b47bc-le64.cache-3
7f6e147bb000-7f6e147c0000 r-xs 00000000 08:05 554452                     /var/cache/fontconfig/515ca1ebc4b18308bea979be5704f9db-le64.cache-3
7f6e147c0000-7f6e147c9000 r-xs 00000000 08:05 554448                     /var/cache/fontconfig/6d41288fd70b0be22e8c3a91e032eec0-le64.cache-3
7f6e147c9000-7f6e147d9000 r-xs 00000000 08:05 554447                     /var/cache/fontconfig/0f34bcd4b6ee430af32735b75db7f02b-le64.cache-3
7f6e147d9000-7f6e147dc000 r-xs 00000000 08:05 554441                     /var/cache/fontconfig/d60319d88cac85ba9e1a07bd06cfbb8c-le64.cache-3
7f6e147dc000-7f6e147dd000 r-xs 00000000 08:05 530935                     /var/cache/fontconfig/4794a0821666d79190d59a36cb4f44b5-le64.cache-3
7f6e147dd000-7f6e1480b000 r-xs 00000000 08:05 554435                     /var/cache/fontconfig/365b55f210c0a22e9a19e35191240f32-le64.cache-3
7f6e1480b000-7f6e14815000 r-xs 00000000 08:05 554433                     /var/cache/fontconfig/d52a8644073d54c13679302ca1180695-le64.cache-3
7f6e14873000-7f6e14875000 rwxs 00000000 08:05 527063                     /tmp/gl7i4w1U (deleted)
7f6e14875000-7f6e148b5000 rwxs a585d000 00:05 9702                       /dev/nvidia0
7f6e148b5000-7f6e148d5000 rwxs 65478000 00:05 9702                       /dev/nvidia0
7f6e148d5000-7f6e148da000 r-xp 00000000 08:05 1570859                    /usr/lib/x86_64-linux-gnu/libXfixes.so.3.1.0
7f6e148da000-7f6e14ad9000 ---p 00005000 08:05 1570859                    /usr/lib/x86_64-linux-gnu/libXfixes.so.3.1.0
7f6e14ad9000-7f6e14ada000 r-xp 00004000 08:05 1570859                    /usr/lib/x86_64-linux-gnu/libXfixes.so.3.1.0
7f6e14ada000-7f6e14adb000 rwxp 00005000 08:05 1570859                    /usr/lib/x86_64-linux-gnu/libXfixes.so.3.1.0
7f6e14adb000-7f6e14ae4000 r-xp 00000000 08:05 1573929                    /usr/lib/x86_64-linux-gnu/libXcursor.so.1.0.2
7f6e14ae4000-7f6e14ce3000 ---p 00009000 08:05 1573929                    /usr/lib/x86_64-linux-gnu/libXcursor.so.1.0.2
7f6e14ce3000-7f6e14ce4000 r-xp 00008000 08:05 1573929                    /usr/lib/x86_64-linux-gnu/libXcursor.so.1.0.2
7f6e14ce4000-7f6e14ce5000 rwxp 00009000 08:05 1573929                    /usr/lib/x86_64-linux-gnu/libXcursor.so.1.0.2
7f6e14ce5000-7f6e14cee000 r-xp 00000000 08:05 1570620                    /usr/lib/x86_64-linux-gnu/libXrender.so.1.3.0
7f6e14cee000-7f6e14eee000 ---p 00009000 08:05 1570620                    /usr/lib/x86_64-linux-gnu/libXrender.so.1.3.0
7f6e14eee000-7f6e14eef000 r-xp 00009000 08:05 1570620                    /usr/lib/x86_64-linux-gnu/libXrender.so.1.3.0
7f6e14eef000-7f6e14ef0000 rwxp 0000a000 08:05 1570620                    /usr/lib/x86_64-linux-gnu/libXrender.so.1.3.0
7f6e14ef0000-7f6e14ef8000 r-xp 00000000 08:05 1581969                    /usr/lib/x86_64-linux-gnu/libXrandr.so.2.2.0
7f6e14ef8000-7f6e150f7000 ---p 00008000 08:05 1581969                    /usr/lib/x86_64-linux-gnu/libXrandr.so.2.2.0
7f6e150f7000-7f6e150f8000 r-xp 00007000 08:05 1581969                    /usr/lib/x86_64-linux-gnu/libXrandr.so.2.2.0
7f6e150f8000-7f6e150f9000 rwxp 00008000 08:05 1581969                    /usr/lib/x86_64-linux-gnu/libXrandr.so.2.2.0
7f6e150f9000-7f6e150fd000 rwxs a5a93000 00:05 9702                       /dev/nvidia0
7f6e150fd000-7f6e150fe000 rwxs d0008000 00:05 9702                       /dev/nvidia0
7f6e150fe000-7f6e150ff000 rwxs ade27000 00:05 9702                       /dev/nvidia0
7f6e150ff000-7f6e15103000 rwxs b96ec000 00:05 9702                       /dev/nvidia0
7f6e15103000-7f6e1511e000 rwxs 115f40000 00:05 9702                      /dev/nvidia0
7f6e1511e000-7f6e15126000 r-xs 0003d000 08:05 1311180                    /home/bompo/git/mgcube/libs/scoreloop-core.jar
7f6e15126000-7f6e15129000 ---p 00000000 00:00 0 
7f6e15129000-7f6e15227000 rwxp 00000000 00:00 0 
7f6e15227000-7f6e152a0000 r-xp 00000000 08:05 1734841                    /usr/lib/jvm/java-6-sun-1.6.0.24/jre/lib/amd64/libfontmanager.so
7f6e152a0000-7f6e1539f000 ---p 00079000 08:05 1734841                    /usr/lib/jvm/java-6-sun-1.6.0.24/jre/lib/amd64/libfontmanager.so
7f6e1539f000-7f6e153b4000 rwxp 00078000 08:05 1734841                    /usr/lib/jvm/java-6-sun-1.6.0.24/jre/lib/amd64/libfontmanager.so
7f6e153b4000-7f6e153c5000 rwxp 00000000 00:00 0 
7f6e153c5000-7f6e153ca000 r-xp 00000000 08:05 1573561                    /usr/lib/x86_64-linux-gnu/libXdmcp.so.6.0.0
7f6e153ca000-7f6e155c9000 ---p 00005000 08:05 1573561                    /usr/lib/x86_64-linux-gnu/libXdmcp.so.6.0.0
7f6e155c9000-7f6e155ca000 r-xp 00004000 08:05 1573561                    /usr/lib/x86_64-linux-gnu/libXdmcp.so.6.0.0
7f6e155ca000-7f6e155cb000 rwxp 00005000 08:05 1573561                    /usr/lib/x86_64-linux-gnu/libXdmcp.so.6.0.0
7f6e155cb000-7f6e155cd000 r-xp 00000000 08:05 1570542                    /usr/lib/x86_64-linux-gnu/libXau.so.6.0.0
7f6e155cd000-7f6e157cc000 ---p 00002000 08:05 1570542                    /usr/lib/x86_64-linux-gnu/libXau.so.6.0.0
7f6e157cc000-7f6e157cd000 r-xp 00001000 08:05 1570542                    /usr/lib/x86_64-linux-gnu/libXau.so.6.0.0
7f6e157cd000-7f6e157ce000 rwxp 00002000 08:05 1570542                    /usr/lib/x86_64-linux-gnu/libXau.so.6.0.0
7f6e157ce000-7f6e157e9000 r-xp 00000000 08:05 1572615                    /usr/lib/x86_64-linux-gnu/libxcb.so.1.1.0
7f6e157e9000-7f6e159e8000 ---p 0001b000 08:05 1572615                    /usr/lib/x86_64-linux-gnu/libxcb.so.1.1.0
7f6e159e8000-7f6e159e9000 r-xp 0001a000 08:05 1572615                    /usr/lib/x86_64-linux-gnu/libxcb.so.1.1.0
7f6e159e9000-7f6e159ea000 rwxp 0001b000 08:05 1572615                    /usr/lib/x86_64-linux-gnu/libxcb.so.1.1.0
7f6e159ea000-7f6e159f9000 r-xp 00000000 08:05 1613065                    /usr/lib/x86_64-linux-gnu/libXi.so.6.1.0
7f6e159f9000-7f6e15bf8000 ---p 0000f000 08:05 1613065                    /usr/lib/x86_64-linux-gnu/libXi.so.6.1.0
7f6e15bf8000-7f6e15bf9000 r-xp 0000e000 08:05 1613065                    /usr/lib/x86_64-linux-gnu/libXi.so.6.1.0
7f6e15bf9000-7f6e15bfa000 rwxp 0000f000 08:05 1613065                    /usr/lib/x86_64-linux-gnu/libXi.so.6.1.0
7f6e15bfa000-7f6e15bff000 r-xp 00000000 08:05 1572606                    /usr/lib/libXtst.so.6.1.0
7f6e15bff000-7f6e15dfe000 ---p 00005000 08:05 1572606                    /usr/lib/libXtst.so.6.1.0
7f6e15dfe000-7f6e15dff000 r-xp 00004000 08:05 1572606                    /usr/lib/libXtst.so.6.1.0
7f6e15dff000-7f6e15e00000 rwxp 00005000 08:05 1572606                    /usr/lib/libXtst.so.6.1.0
7f6e15e00000-7f6e15f35000 r-xp 00000000 08:05 1573591                    /usr/lib/x86_64-linux-gnu/libX11.so.6.3.0
7f6e15f35000-7f6e16135000 ---p 00135000 08:05 1573591                    /usr/lib/x86_64-linux-gnu/libX11.so.6.3.0
7f6e16135000-7f6e16136000 r-xp 00135000 08:05 1573591                    /usr/lib/x86_64-linux-gnu/libX11.so.6.3.0
7f6e16136000-7f6e1613a000 rwxp 00136000 08:05 1573591                    /usr/lib/x86_64-linux-gnu/libX11.so.6.3.0
7f6e1613a000-7f6e1614b000 r-xp 00000000 08:05 1571673                    /usr/lib/x86_64-linux-gnu/libXext.so.6.4.0
7f6e1614b000-7f6e1634a000 ---p 00011000 08:05 1571673                    /usr/lib/x86_64-linux-gnu/libXext.so.6.4.0
7f6e1634a000-7f6e1634b000 r-xp 00010000 08:05 1571673                    /usr/lib/x86_64-linux-gnu/libXext.so.6.4.0
7f6e1634b000-7f6e1634c000 rwxp 00011000 08:05 1571673                    /usr/lib/x86_64-linux-gnu/libXext.so.6.4.0
7f6e1634c000-7f6e1634d000 rwxs fbc0a000 00:05 9702                       /dev/nvidia0
7f6e1634d000-7f6e1634e000 r-xs 00000000 08:05 554418                     /var/cache/fontconfig/ec648e9a1aea82bddd4bd6050028158d-le64.cache-3
7f6e1634e000-7f6e16361000 r-xs 00000000 08:05 538224                     /var/cache/fontconfig/e13b20fdb08344e0e664864cc2ede53d-le64.cache-3
7f6e16361000-7f6e16365000 r-xs 00000000 08:05 538228                     /var/cache/fontconfig/7ef2298fde41cc6eeb7af42e48b7d293-le64.cache-3
7f6e16365000-7f6e16379000 r-xs 00000000 08:05 527842                     /var/cache/fontconfig/865f88548240fee46819705c6468c165-le64.cache-3
7f6e16379000-7f6e163bb000 r-xp 00000000 08:05 1734831                    /usr/lib/jvm/java-6-sun-1.6.0.24/jre/lib/amd64/xawt/libmawt.so
7f6e163bb000-7f6e164ba000 ---p 00042000 08:05 1734831                    /usr/lib/jvm/java-6-sun-1.6.0.24/jre/lib/amd64/xawt/libmawt.so
7f6e164ba000-7f6e164c6000 rwxp 00041000 08:05 1734831                    /usr/lib/jvm/java-6-sun-1.6.0.24/jre/lib/amd64/xawt/libmawt.so
7f6e164c6000-7f6e164c7000 rwxp 00000000 00:00 0 
7f6e164c7000-7f6e16559000 r-xp 00000000 08:05 1734852                    /usr/lib/jvm/java-6-sun-1.6.0.24/jre/lib/amd64/libawt.so
7f6e16559000-7f6e16658000 ---p 00092000 08:05 1734852                    /usr/lib/jvm/java-6-sun-1.6.0.24/jre/lib/amd64/libawt.so
7f6e16658000-7f6e16671000 rwxp 00091000 08:05 1734852                    /usr/lib/jvm/java-6-sun-1.6.0.24/jre/lib/amd64/libawt.so
7f6e16671000-7f6e16696000 rwxp 00000000 00:00 0 
7f6e16696000-7f6e166a1000 r-xs 00092000 08:05 1330406                    /home/bompo/git/mgcube/libs/gdx.jar
7f6e166a1000-7f6e166a8000 r-xs 00074000 08:05 1330357                    /home/bompo/git/mgcube/libs/gdx-sources.jar
7f6e166a8000-7f6e166a9000 ---p 00000000 00:00 0 
7f6e166a9000-7f6e167a9000 rwxp 00000000 00:00 0 
7f6e167a9000-7f6e167ac000 ---p 00000000 00:00 0 
7f6e167ac000-7f6e168aa000 rwxp 00000000 00:00 0 
7f6e168aa000-7f6e168ad000 ---p 00000000 00:00 0 
7f6e168ad000-7f6e169ab000 rwxp 00000000 00:00 0 
7f6e169ab000-7f6e169ae000 ---p 00000000 00:00 0 
7f6e169ae000-7f6e16aac000 rwxp 00000000 00:00 0 
7f6e16aac000-7f6e16aaf000 ---p 00000000 00:00 0 
7f6e16aaf000-7f6e16bad000 rwxp 00000000 00:00 0 
7f6e16bad000-7f6e16fb5000 r-xp 00000000 08:05 1570348                    /usr/lib/locale/locale-archive
7f6e16fb5000-7f6e16fb8000 ---p 00000000 00:00 0 
7f6e16fb8000-7f6e170b6000 rwxp 00000000 00:00 0 
7f6e170b6000-7f6e170b9000 ---p 00000000 00:00 0 
7f6e170b9000-7f6e171b7000 rwxp 00000000 00:00 0 
7f6e171b7000-7f6e171b8000 ---p 00000000 00:00 0 
7f6e171b8000-7f6e177f1000 rwxp 00000000 00:00 0 
7f6e177f1000-7f6e17989000 r-xs 03027000 08:05 1662454                    /usr/lib/jvm/java-6-sun-1.6.0.24/jre/lib/rt.jar
7f6e17989000-7f6e179b1000 rwxp 00000000 00:00 0 
7f6e179b1000-7f6e179b2000 ---p 00000000 00:00 0 
7f6e179b2000-7f6e17ab2000 rwxp 00000000 00:00 0 
7f6e17ab2000-7f6e17ab3000 ---p 00000000 00:00 0 
7f6e17ab3000-7f6e17bb3000 rwxp 00000000 00:00 0 
7f6e17bb3000-7f6e17bb4000 ---p 00000000 00:00 0 
7f6e17bb4000-7f6e17cb4000 rwxp 00000000 00:00 0 
7f6e17cb4000-7f6e17cb5000 ---p 00000000 00:00 0 
7f6e17cb5000-7f6e17dc0000 rwxp 00000000 00:00 0 
7f6e17dc0000-7f6e17dde000 rwxp 00000000 00:00 0 
7f6e17dde000-7f6e17df3000 rwxp 00000000 00:00 0 
7f6e17df3000-7f6e17f28000 rwxp 00000000 00:00 0 
7f6e17f28000-7f6e17f33000 rwxp 00000000 00:00 0 
7f6e17f33000-7f6e17f51000 rwxp 00000000 00:00 0 
7f6e17f51000-7f6e17f66000 rwxp 00000000 00:00 0 
7f6e17f66000-7f6e1809b000 rwxp 00000000 00:00 0 
7f6e1809b000-7f6e180a6000 rwxp 00000000 00:00 0 
7f6e180a6000-7f6e18140000 rwxp 00000000 00:00 0 
7f6e18140000-7f6e183b1000 rwxp 00000000 00:00 0 
7f6e183b1000-7f6e1b141000 rwxp 00000000 00:00 0 
7f6e1b141000-7f6e1b14f000 r-xp 00000000 08:05 1734847                    /usr/lib/jvm/java-6-sun-1.6.0.24/jre/lib/amd64/libzip.so
7f6e1b14f000-7f6e1b251000 ---p 0000e000 08:05 1734847                    /usr/lib/jvm/java-6-sun-1.6.0.24/jre/lib/amd64/libzip.so
7f6e1b251000-7f6e1b254000 rwxp 00010000 08:05 1734847                    /usr/lib/jvm/java-6-sun-1.6.0.24/jre/lib/amd64/libzip.so
7f6e1b254000-7f6e1b255000 rwxp 00000000 00:00 0 
7f6e1b255000-7f6e1b261000 r-xp 00000000 08:05 535712                     /lib/x86_64-linux-gnu/libnss_files-2.13.so
7f6e1b261000-7f6e1b460000 ---p 0000c000 08:05 535712                     /lib/x86_64-linux-gnu/libnss_files-2.13.so
7f6e1b460000-7f6e1b461000 r-xp 0000b000 08:05 535712                     /lib/x86_64-linux-gnu/libnss_files-2.13.so
7f6e1b461000-7f6e1b462000 rwxp 0000c000 08:05 535712                     /lib/x86_64-linux-gnu/libnss_files-2.13.so
7f6e1b462000-7f6e1b46d000 r-xp 00000000 08:05 535714                     /lib/x86_64-linux-gnu/libnss_nis-2.13.so
7f6e1b46d000-7f6e1b66c000 ---p 0000b000 08:05 535714                     /lib/x86_64-linux-gnu/libnss_nis-2.13.so
7f6e1b66c000-7f6e1b66d000 r-xp 0000a000 08:05 535714                     /lib/x86_64-linux-gnu/libnss_nis-2.13.so
7f6e1b66d000-7f6e1b66e000 rwxp 0000b000 08:05 535714                     /lib/x86_64-linux-gnu/libnss_nis-2.13.so
7f6e1b66e000-7f6e1b676000 r-xp 00000000 08:05 535710                     /lib/x86_64-linux-gnu/libnss_compat-2.13.so
7f6e1b676000-7f6e1b875000 ---p 00008000 08:05 535710                     /lib/x86_64-linux-gnu/libnss_compat-2.13.so
7f6e1b875000-7f6e1b876000 r-xp 00007000 08:05 535710                     /lib/x86_64-linux-gnu/libnss_compat-2.13.so
7f6e1b876000-7f6e1b877000 rwxp 00008000 08:05 535710                     /lib/x86_64-linux-gnu/libnss_compat-2.13.so
7f6e1b877000-7f6e1b87e000 r-xp 00000000 08:05 1734857                    /usr/lib/jvm/java-6-sun-1.6.0.24/jre/lib/amd64/native_threads/libhpi.so
7f6e1b87e000-7f6e1b97f000 ---p 00007000 08:05 1734857                    /usr/lib/jvm/java-6-sun-1.6.0.24/jre/lib/amd64/native_threads/libhpi.so
7f6e1b97f000-7f6e1b981000 rwxp 00008000 08:05 1734857                    /usr/lib/jvm/java-6-sun-1.6.0.24/jre/lib/amd64/native_threads/libhpi.so
7f6e1b981000-7f6e1b982000 rwxp 00000000 00:00 0 
7f6e1b982000-7f6e1b999000 r-xp 00000000 08:05 535709                     /lib/x86_64-linux-gnu/libnsl-2.13.so
7f6e1b999000-7f6e1bb98000 ---p 00017000 08:05 535709                     /lib/x86_64-linux-gnu/libnsl-2.13.so
7f6e1bb98000-7f6e1bb99000 r-xp 00016000 08:05 535709                     /lib/x86_64-linux-gnu/libnsl-2.13.so
7f6e1bb99000-7f6e1bb9a000 rwxp 00017000 08:05 535709                     /lib/x86_64-linux-gnu/libnsl-2.13.so
7f6e1bb9a000-7f6e1bb9c000 rwxp 00000000 00:00 0 
7f6e1bb9c000-7f6e1bbc5000 r-xp 00000000 08:05 1734846                    /usr/lib/jvm/java-6-sun-1.6.0.24/jre/lib/amd64/libjava.so
7f6e1bbc5000-7f6e1bcc4000 ---p 00029000 08:05 1734846                    /usr/lib/jvm/java-6-sun-1.6.0.24/jre/lib/amd64/libjava.so
7f6e1bcc4000-7f6e1bccb000 rwxp 00028000 08:05 1734846                    /usr/lib/jvm/java-6-sun-1.6.0.24/jre/lib/amd64/libjava.so
7f6e1bccb000-7f6e1bcd8000 r-xp 00000000 08:05 1731420                    /usr/lib/jvm/java-6-sun-1.6.0.24/jre/lib/amd64/libverify.so
7f6e1bcd8000-7f6e1bdd7000 ---p 0000d000 08:05 1731420                    /usr/lib/jvm/java-6-sun-1.6.0.24/jre/lib/amd64/libverify.so
7f6e1bdd7000-7f6e1bdda000 rwxp 0000c000 08:05 1731420                    /usr/lib/jvm/java-6-sun-1.6.0.24/jre/lib/amd64/libverify.so
7f6e1bdda000-7f6e1bde1000 r-xp 00000000 08:05 535724                     /lib/x86_64-linux-gnu/librt-2.13.so
7f6e1bde1000-7f6e1bfe0000 ---p 00007000 08:05 535724                     /lib/x86_64-linux-gnu/librt-2.13.so
7f6e1bfe0000-7f6e1bfe1000 r-xp 00006000 08:05 535724                     /lib/x86_64-linux-gnu/librt-2.13.so
7f6e1bfe1000-7f6e1bfe2000 rwxp 00007000 08:05 535724                     /lib/x86_64-linux-gnu/librt-2.13.so
7f6e1bfe2000-7f6e1bfe5000 ---p 00000000 00:00 0 
7f6e1bfe5000-7f6e1c0e3000 rwxp 00000000 00:00 0 
7f6e1c0e3000-7f6e1c167000 r-xp 00000000 08:05 535703                     /lib/x86_64-linux-gnu/libm-2.13.so
7f6e1c167000-7f6e1c366000 ---p 00084000 08:05 535703                     /lib/x86_64-linux-gnu/libm-2.13.so
7f6e1c366000-7f6e1c367000 r-xp 00083000 08:05 535703                     /lib/x86_64-linux-gnu/libm-2.13.so
7f6e1c367000-7f6e1c368000 rwxp 00084000 08:05 535703                     /lib/x86_64-linux-gnu/libm-2.13.so
7f6e1c368000-7f6e1cba6000 r-xp 00000000 08:05 1734849                    /usr/lib/jvm/java-6-sun-1.6.0.24/jre/lib/amd64/server/libjvm.so
7f6e1cba6000-7f6e1cca5000 ---p 0083e000 08:05 1734849                    /usr/lib/jvm/java-6-sun-1.6.0.24/jre/lib/amd64/server/libjvm.so
7f6e1cca5000-7f6e1ce39000 rwxp 0083d000 08:05 1734849                    /usr/lib/jvm/java-6-sun-1.6.0.24/jre/lib/amd64/server/libjvm.so
7f6e1ce39000-7f6e1ce72000 rwxp 00000000 00:00 0 
7f6e1ce72000-7f6e1cffc000 r-xp 00000000 08:05 535697                     /lib/x86_64-linux-gnu/libc-2.13.so
7f6e1cffc000-7f6e1d1fb000 ---p 0018a000 08:05 535697                     /lib/x86_64-linux-gnu/libc-2.13.so
7f6e1d1fb000-7f6e1d1ff000 r-xp 00189000 08:05 535697                     /lib/x86_64-linux-gnu/libc-2.13.so
7f6e1d1ff000-7f6e1d200000 rwxp 0018d000 08:05 535697                     /lib/x86_64-linux-gnu/libc-2.13.so
7f6e1d200000-7f6e1d206000 rwxp 00000000 00:00 0 
7f6e1d206000-7f6e1d208000 r-xp 00000000 08:05 535702                     /lib/x86_64-linux-gnu/libdl-2.13.so
7f6e1d208000-7f6e1d408000 ---p 00002000 08:05 535702                     /lib/x86_64-linux-gnu/libdl-2.13.so
7f6e1d408000-7f6e1d409000 r-xp 00002000 08:05 535702                     /lib/x86_64-linux-gnu/libdl-2.13.so
7f6e1d409000-7f6e1d40a000 rwxp 00003000 08:05 535702                     /lib/x86_64-linux-gnu/libdl-2.13.so
7f6e1d40a000-7f6e1d422000 r-xp 00000000 08:05 535718                     /lib/x86_64-linux-gnu/libpthread-2.13.so
7f6e1d422000-7f6e1d622000 ---p 00018000 08:05 535718                     /lib/x86_64-linux-gnu/libpthread-2.13.so
7f6e1d622000-7f6e1d623000 r-xp 00018000 08:05 535718                     /lib/x86_64-linux-gnu/libpthread-2.13.so
7f6e1d623000-7f6e1d624000 rwxp 00019000 08:05 535718                     /lib/x86_64-linux-gnu/libpthread-2.13.so
7f6e1d624000-7f6e1d628000 rwxp 00000000 00:00 0 
7f6e1d628000-7f6e1d649000 r-xp 00000000 08:05 535673                     /lib/x86_64-linux-gnu/ld-2.13.so
7f6e1d649000-7f6e1d64a000 rwxs fb641000 00:05 9702                       /dev/nvidia0
7f6e1d64a000-7f6e1d64b000 rwxs 115cf6000 00:05 9702                      /dev/nvidia0
7f6e1d64b000-7f6e1d655000 rwxp 00000000 00:00 0 
7f6e1d655000-7f6e1d70b000 rwxp 00000000 00:00 0 
7f6e1d70b000-7f6e1d70e000 rwxp 00000000 00:00 0 
7f6e1d70e000-7f6e1d715000 r-xp 00000000 08:05 1731410                    /usr/lib/jvm/java-6-sun-1.6.0.24/jre/lib/amd64/jli/libjli.so
7f6e1d715000-7f6e1d816000 ---p 00007000 08:05 1731410                    /usr/lib/jvm/java-6-sun-1.6.0.24/jre/lib/amd64/jli/libjli.so
7f6e1d816000-7f6e1d818000 rwxp 00008000 08:05 1731410                    /usr/lib/jvm/java-6-sun-1.6.0.24/jre/lib/amd64/jli/libjli.so
7f6e1d818000-7f6e1d819000 rwxp 00000000 00:00 0 
7f6e1d819000-7f6e1d81a000 rwxs 6547a000 00:05 9702                       /dev/nvidia0
7f6e1d81a000-7f6e1d81b000 rwxs fb060000 00:05 9702                       /dev/nvidia0
7f6e1d81b000-7f6e1d81c000 r-xs 00000000 08:05 1340105                    /home/bompo/.fontconfig/aa7e4f27e681240d22a1f116cf7520f0-le64.cache-3
7f6e1d81c000-7f6e1d81d000 r-xs 001a1000 08:05 1339854                    /home/bompo/git/mgcube/libs/gdx-natives.jar
7f6e1d81d000-7f6e1d837000 r-xs 00206000 08:05 1339556                    /home/bompo/git/mgcube/libs/gdx-backend-jogl.jar
7f6e1d837000-7f6e1d838000 r-xs 00007000 08:05 1330241                    /home/bompo/git/mgcube/libs/gdx-backend-jogl-sources.jar
7f6e1d838000-7f6e1d839000 r-xs 00203000 08:05 1339177                    /home/bompo/git/mgcube/libs/gdx-backend-jogl-natives.jar
7f6e1d839000-7f6e1d83c000 r-xs 0000f000 08:05 1622792                    /usr/lib/jvm/java-6-sun-1.6.0.24/jre/lib/ext/pulse-java.jar
7f6e1d83c000-7f6e1d844000 rwxs 00000000 08:05 528540                     /tmp/hsperfdata_bompo/10289
7f6e1d844000-7f6e1d845000 rwxp 00000000 00:00 0 
7f6e1d845000-7f6e1d846000 r-xp 00000000 00:00 0 
7f6e1d846000-7f6e1d848000 rwxp 00000000 00:00 0 
7f6e1d848000-7f6e1d849000 r-xp 00020000 08:05 535673                     /lib/x86_64-linux-gnu/ld-2.13.so
7f6e1d849000-7f6e1d84b000 rwxp 00021000 08:05 535673                     /lib/x86_64-linux-gnu/ld-2.13.so
7fffddc4c000-7fffddc6d000 rwxp 00000000 00:00 0                          [stack]
7fffdddff000-7fffdde00000 r-xp 00000000 00:00 0                          [vdso]
ffffffffff600000-ffffffffff601000 r-xp 00000000 00:00 0                  [vsyscall]

VM Arguments:
jvm_args: -Dfile.encoding=UTF-8 
java_command: de.swagner.mgcube.DesktopStarter
Launcher Type: SUN_STANDARD

Environment Variables:
PATH=/usr/local/sbin:/usr/local/bin:/usr/sbin:/usr/bin:/sbin:/bin:/usr/games
USERNAME=bompo
LD_LIBRARY_PATH=/usr/lib/jvm/java-6-sun-1.6.0.24/jre/lib/amd64/server:/usr/lib/jvm/java-6-sun-1.6.0.24/jre/lib/amd64:/usr/lib/jvm/java-6-sun-1.6.0.24/jre/../lib/amd64:/usr/lib/jvm/java-6-openjdk/jre/lib/amd64/server:/usr/lib/jvm/java-6-openjdk/jre/lib/amd64:/usr/lib/jvm/java-6-openjdk/jre/../lib/amd64:/usr/lib64/xulrunner-addons
SHELL=/bin/bash
DISPLAY=:0.0

Signal Handlers:
SIGSEGV: [libjvm.so+0x791b30], sa_mask[0]=0x7ffbfeff, sa_flags=0x10000004
SIGBUS: [libjvm.so+0x791b30], sa_mask[0]=0x7ffbfeff, sa_flags=0x10000004
SIGFPE: [libjvm.so+0x640ba0], sa_mask[0]=0x7ffbfeff, sa_flags=0x10000004
SIGPIPE: [libjvm.so+0x640ba0], sa_mask[0]=0x7ffbfeff, sa_flags=0x10000004
SIGXFSZ: [libjvm.so+0x640ba0], sa_mask[0]=0x7ffbfeff, sa_flags=0x10000004
SIGILL: [libjvm.so+0x640ba0], sa_mask[0]=0x7ffbfeff, sa_flags=0x10000004
SIGUSR1: SIG_DFL, sa_mask[0]=0x00000000, sa_flags=0x00000000
SIGUSR2: [libjvm.so+0x643780], sa_mask[0]=0x00000004, sa_flags=0x10000004
SIGHUP: [libjvm.so+0x643380], sa_mask[0]=0x7ffbfeff, sa_flags=0x10000004
SIGINT: [libjvm.so+0x643380], sa_mask[0]=0x7ffbfeff, sa_flags=0x10000004
SIGTERM: [libjvm.so+0x643380], sa_mask[0]=0x7ffbfeff, sa_flags=0x10000004
SIGQUIT: [libjvm.so+0x643380], sa_mask[0]=0x7ffbfeff, sa_flags=0x10000004


---------------  S Y S T E M  ---------------

OS:squeeze/sid

uname:Linux 2.6.38-10-generic #44-Ubuntu SMP Thu Jun 2 21:32:22 UTC 2011 x86_64
libc:glibc 2.13 NPTL 2.13 
rlimit: STACK 8192k, CORE 0k, NPROC infinity, NOFILE 4096, AS infinity
load average:0.32 0.14 0.14

/proc/meminfo:
MemTotal:        4047872 kB
MemFree:          837268 kB
Buffers:          299640 kB
Cached:           985236 kB
SwapCached:            0 kB
Active:          1986476 kB
Inactive:         774624 kB
Active(anon):    1477040 kB
Inactive(anon):     5660 kB
Active(file):     509436 kB
Inactive(file):   768964 kB
Unevictable:         132 kB
Mlocked:             132 kB
SwapTotal:      19529724 kB
SwapFree:       19529724 kB
Dirty:              4048 kB
Writeback:            12 kB
AnonPages:       1476764 kB
Mapped:           205028 kB
Shmem:              6480 kB
Slab:             242868 kB
SReclaimable:     212916 kB
SUnreclaim:        29952 kB
KernelStack:        5336 kB
PageTables:        36292 kB
NFS_Unstable:          0 kB
Bounce:                0 kB
WritebackTmp:          0 kB
CommitLimit:    21553660 kB
Committed_AS:    5381728 kB
VmallocTotal:   34359738367 kB
VmallocUsed:      341768 kB
VmallocChunk:   34359382740 kB
HardwareCorrupted:     0 kB
HugePages_Total:       0
HugePages_Free:        0
HugePages_Rsvd:        0
HugePages_Surp:        0
Hugepagesize:       2048 kB
DirectMap4k:      157120 kB
DirectMap2M:     4028416 kB


CPU:total 4 (4 cores per cpu, 1 threads per core) family 6 model 30 stepping 5, cmov, cx8, fxsr, mmx, sse, sse2, sse3, ssse3, sse4.1, sse4.2, popcnt

Memory: 4k page, physical 4047872k(837268k free), swap 19529724k(19529724k free)

vm_info: Java HotSpot(TM) 64-Bit Server VM (19.1-b02) for linux-amd64 JRE (1.6.0_24-b07), built on Feb  2 2011 16:55:54 by "java_re" with gcc 3.2.2 (SuSE Linux)

time: Sat Jul  2 14:40:47 2011
elapsed time: 0 seconds

