#
# A fatal error has been detected by the Java Runtime Environment:
#
#  SIGSEGV (0xb) at pc=0x0000000000019b7e, pid=9703, tid=139884202526464
#
# JRE version: 6.0_24-b07
# Java VM: Java HotSpot(TM) 64-Bit Server VM (19.1-b02 mixed mode linux-amd64 compressed oops)
# Problematic frame:
# C  0x0000000000019b7e
#
# If you would like to submit a bug report, please visit:
#   http://java.sun.com/webapps/bugreport/crash.jsp
# The crash happened outside the Java Virtual Machine in native code.
# See problematic frame for where to report the bug.
#

---------------  T H R E A D  ---------------

Current thread (0x00007f3950136000):  JavaThread "AWT-EventQueue-0" [_thread_in_native, id=9724, stack(0x00007f3954238000,0x00007f3954339000)]

siginfo:si_signo=SIGSEGV: si_errno=0, si_code=1 (SEGV_MAPERR), si_addr=0x0000000000019b7e

Registers:
RAX=0x00000000ec586d10, RBX=0x00007f39501361c8, RCX=0x0000000040939920, RDX=0x0000000000000040
RSP=0x00007f3954336ad8, RBP=0x00007f3954336b20, RSI=0x00000000ec586d10, RDI=0x00000000412dc000
R8 =0x00007f395cabd1a8, R9 =0x00007f395cac0f78, R10=0x0000000040939d08, R11=0x0000000040939968
R12=0x00000000ec586d10, R13=0x0000000000000040, R14=0x00000000412dc000, R15=0x0000000000000000
RIP=0x0000000000019b7e, EFL=0x0000000000010202, CSGSFS=0x0000000000000033, ERR=0x0000000000000014
  TRAPNO=0x000000000000000e

Register to memory mapping:

RAX=0x00000000ec586d10

[error occurred during error reporting (printing registers, top of stack, instructions near pc), id 0xe0000000]

Stack: [0x00007f3954238000,0x00007f3954339000],  sp=0x00007f3954336ad8,  free space=1018k
Native frames: (J=compiled Java code, j=interpreted, Vv=VM code, C=native code)
C  0x0000000000019b7e

Java frames: (J=compiled Java code, j=interpreted, Vv=VM code)
J  com.badlogic.gdx.utils.BufferUtils.copyJni([FLjava/nio/Buffer;II)V
J  com.badlogic.gdx.graphics.glutils.ShaderProgram.setUniformMatrix(Ljava/lang/String;Lcom/badlogic/gdx/math/Matrix4;)V
J  de.swagner.mgcube.MainMenuScreen.renderScene()V
J  de.swagner.mgcube.MainMenuScreen.render(F)V
j  com.badlogic.gdx.Game.render()V+19
J  com.sun.opengl.impl.GLDrawableHelper.display(Ljavax/media/opengl/GLAutoDrawable;)V
j  javax.media.opengl.GLCanvas$DisplayAction.run()V+80
j  com.sun.opengl.impl.GLDrawableHelper.invokeGL(Ljavax/media/opengl/GLDrawable;Ljavax/media/opengl/GLContext;Ljava/lang/Runnable;Ljava/lang/Runnable;)V+418
j  javax.media.opengl.GLCanvas$DisplayOnEventDispatchThreadAction.run()V+35
j  java.awt.event.InvocationEvent.dispatch()V+11
j  java.awt.EventQueue.dispatchEventImpl(Ljava/awt/AWTEvent;Ljava/lang/Object;)V+21
j  java.awt.EventQueue.access$000(Ljava/awt/EventQueue;Ljava/awt/AWTEvent;Ljava/lang/Object;)V+3
j  java.awt.EventQueue$1.run()Ljava/lang/Void;+12
j  java.awt.EventQueue$1.run()Ljava/lang/Object;+1
v  ~StubRoutines::call_stub
j  java.security.AccessController.doPrivileged(Ljava/security/PrivilegedAction;Ljava/security/AccessControlContext;)Ljava/lang/Object;+0
J  java.awt.EventDispatchThread.pumpOneEventForFilters(I)Z
j  java.awt.EventDispatchThread.pumpEventsForFilter(ILjava/awt/Conditional;Ljava/awt/EventFilter;)V+30
j  java.awt.EventDispatchThread.pumpEventsForHierarchy(ILjava/awt/Conditional;Ljava/awt/Component;)V+11
j  java.awt.EventDispatchThread.pumpEvents(ILjava/awt/Conditional;)V+4
j  java.awt.EventDispatchThread.pumpEvents(Ljava/awt/Conditional;)V+3
j  java.awt.EventDispatchThread.run()V+9
v  ~StubRoutines::call_stub

---------------  P R O C E S S  ---------------

Java Threads: ( => current thread )
  0x00007f39501a4000 JavaThread "DestroyJavaVM" [_thread_blocked, id=9708, stack(0x00007f395bd86000,0x00007f395be87000)]
  0x00007f39501a3000 JavaThread "Thread-1" [_thread_blocked, id=9729, stack(0x00007f3945b86000,0x00007f3945c87000)]
=>0x00007f3950136000 JavaThread "AWT-EventQueue-0" [_thread_in_native, id=9724, stack(0x00007f3954238000,0x00007f3954339000)]
  0x00007f3950134800 JavaThread "AWT-Shutdown" [_thread_blocked, id=9723, stack(0x00007f3954339000,0x00007f395443a000)]
  0x00007f3950133000 JavaThread "AWT-XAWT" daemon [_thread_blocked, id=9722, stack(0x00007f395443a000,0x00007f395453b000)]
  0x00007f39500ce000 JavaThread "Java2D Disposer" daemon [_thread_blocked, id=9721, stack(0x00007f3954eaa000,0x00007f3954fab000)]
  0x00007f3950024000 JavaThread "Low Memory Detector" daemon [_thread_blocked, id=9719, stack(0x00007f395654d000,0x00007f395664e000)]
  0x00007f3950021800 JavaThread "CompilerThread1" daemon [_thread_blocked, id=9718, stack(0x00007f395664e000,0x00007f395674f000)]
  0x00007f395001e800 JavaThread "CompilerThread0" daemon [_thread_blocked, id=9717, stack(0x00007f395674f000,0x00007f3956850000)]
  0x00007f395001c000 JavaThread "Signal Dispatcher" daemon [_thread_blocked, id=9716, stack(0x00007f3956850000,0x00007f3956951000)]
  0x0000000040935000 JavaThread "Finalizer" daemon [_thread_blocked, id=9715, stack(0x00007f3956d59000,0x00007f3956e5a000)]
  0x000000004092d800 JavaThread "Reference Handler" daemon [_thread_blocked, id=9714, stack(0x00007f3956e5a000,0x00007f3956f5b000)]

Other Threads:
  0x0000000040926800 VMThread [stack: 0x00007f3956f5b000,0x00007f395705c000] [id=9713]
  0x00007f3950036800 WatcherThread [stack: 0x00007f395644c000,0x00007f395654d000] [id=9720]

VM state:not at safepoint (normal execution)

VM Mutex/Monitor currently owned by a thread: None

Heap
 PSYoungGen      total 18432K, used 4568K [0x00000000eb600000, 0x00000000eca90000, 0x0000000100000000)
  eden space 15808K, 16% used [0x00000000eb600000,0x00000000eb880670,0x00000000ec570000)
  from space 2624K, 76% used [0x00000000ec570000,0x00000000ec7659b0,0x00000000ec800000)
  to   space 2624K, 0% used [0x00000000ec800000,0x00000000ec800000,0x00000000eca90000)
 PSOldGen        total 42240K, used 0K [0x00000000c2200000, 0x00000000c4b40000, 0x00000000eb600000)
  object space 42240K, 0% used [0x00000000c2200000,0x00000000c2200000,0x00000000c4b40000)
 PSPermGen       total 21248K, used 16751K [0x00000000bd000000, 0x00000000be4c0000, 0x00000000c2200000)
  object space 21248K, 78% used [0x00000000bd000000,0x00000000be05be58,0x00000000be4c0000)

Dynamic libraries:
40000000-40009000 r-xp 00000000 08:05 1662394                            /usr/lib/jvm/java-6-sun-1.6.0.24/jre/bin/java
40108000-4010a000 rwxp 00008000 08:05 1662394                            /usr/lib/jvm/java-6-sun-1.6.0.24/jre/bin/java
40312000-40314000 r-xs 00000000 08:05 527180                             /tmp/glnfnBI4 (deleted)
407bf000-40836000 rwxp 00000000 00:00 0 
408c0000-41828000 rwxp 00000000 00:00 0                                  [heap]
bd000000-be4c0000 rwxp 00000000 00:00 0 
be4c0000-c2200000 rwxp 00000000 00:00 0 
c2200000-c4b40000 rwxp 00000000 00:00 0 
c4b40000-eb600000 rwxp 00000000 00:00 0 
eb600000-eca90000 rwxp 00000000 00:00 0 
eca90000-100000000 rwxp 00000000 00:00 0 
7f3945802000-7f3945882000 rwxs 8e8f8000 00:05 9702                       /dev/nvidia0
7f3945882000-7f3945a82000 rwxs b5d5e000 00:05 9702                       /dev/nvidia0
7f3945a82000-7f3945a86000 rwxs 8e87c000 00:05 9702                       /dev/nvidia0
7f3945a86000-7f3945b86000 rwxs 99899000 00:05 9702                       /dev/nvidia0
7f3945b86000-7f3945b89000 ---p 00000000 00:00 0 
7f3945b89000-7f3945c87000 rwxp 00000000 00:00 0 
7f3945c87000-7f3945c88000 ---p 00000000 00:00 0 
7f3945c88000-7f3946488000 rwxp 00000000 00:00 0 
7f3946488000-7f394a489000 rwxs 00000000 00:10 289427                     /dev/shm/pulse-shm-808416620
7f394a489000-7f394a48a000 ---p 00000000 00:00 0 
7f394a48a000-7f394ac8a000 rwxp 00000000 00:00 0 
7f394ac8a000-7f394ac90000 r-xp 00000000 08:05 1573092                    /usr/lib/libogg.so.0.7.0
7f394ac90000-7f394ae8f000 ---p 00006000 08:05 1573092                    /usr/lib/libogg.so.0.7.0
7f394ae8f000-7f394ae90000 r-xp 00005000 08:05 1573092                    /usr/lib/libogg.so.0.7.0
7f394ae90000-7f394ae91000 rwxp 00006000 08:05 1573092                    /usr/lib/libogg.so.0.7.0
7f394ae91000-7f394aebc000 r-xp 00000000 08:05 1582648                    /usr/lib/libvorbis.so.0.4.5
7f394aebc000-7f394b0bb000 ---p 0002b000 08:05 1582648                    /usr/lib/libvorbis.so.0.4.5
7f394b0bb000-7f394b0bc000 r-xp 0002a000 08:05 1582648                    /usr/lib/libvorbis.so.0.4.5
7f394b0bc000-7f394b0bd000 rwxp 0002b000 08:05 1582648                    /usr/lib/libvorbis.so.0.4.5
7f394b0bd000-7f394b370000 r-xp 00000000 08:05 1573212                    /usr/lib/libvorbisenc.so.2.0.8
7f394b370000-7f394b56f000 ---p 002b3000 08:05 1573212                    /usr/lib/libvorbisenc.so.2.0.8
7f394b56f000-7f394b58b000 r-xp 002b2000 08:05 1573212                    /usr/lib/libvorbisenc.so.2.0.8
7f394b58b000-7f394b58c000 rwxp 002ce000 08:05 1573212                    /usr/lib/libvorbisenc.so.2.0.8
7f394b58c000-7f394b5d4000 r-xp 00000000 08:05 1570101                    /usr/lib/libFLAC.so.8.2.0
7f394b5d4000-7f394b7d4000 ---p 00048000 08:05 1570101                    /usr/lib/libFLAC.so.8.2.0
7f394b7d4000-7f394b7d5000 r-xp 00048000 08:05 1570101                    /usr/lib/libFLAC.so.8.2.0
7f394b7d5000-7f394b7d6000 rwxp 00049000 08:05 1570101                    /usr/lib/libFLAC.so.8.2.0
7f394b7d6000-7f394b837000 r-xp 00000000 08:05 1570821                    /usr/lib/libsndfile.so.1.0.23
7f394b837000-7f394ba37000 ---p 00061000 08:05 1570821                    /usr/lib/libsndfile.so.1.0.23
7f394ba37000-7f394ba39000 r-xp 00061000 08:05 1570821                    /usr/lib/libsndfile.so.1.0.23
7f394ba39000-7f394ba3a000 rwxp 00063000 08:05 1570821                    /usr/lib/libsndfile.so.1.0.23
7f394ba3a000-7f394ba3e000 rwxp 00000000 00:00 0 
7f394ba3e000-7f394ba46000 r-xp 00000000 08:05 538930                     /lib/libwrap.so.0.7.6
7f394ba46000-7f394bc46000 ---p 00008000 08:05 538930                     /lib/libwrap.so.0.7.6
7f394bc46000-7f394bc47000 r-xp 00008000 08:05 538930                     /lib/libwrap.so.0.7.6
7f394bc47000-7f394bc48000 rwxp 00009000 08:05 538930                     /lib/libwrap.so.0.7.6
7f394bc48000-7f394bc49000 rwxp 00000000 00:00 0 
7f394bc49000-7f394bc4d000 r-xp 00000000 08:05 534738                     /lib/x86_64-linux-gnu/libuuid.so.1.3.0
7f394bc4d000-7f394be4c000 ---p 00004000 08:05 534738                     /lib/x86_64-linux-gnu/libuuid.so.1.3.0
7f394be4c000-7f394be4d000 r-xp 00003000 08:05 534738                     /lib/x86_64-linux-gnu/libuuid.so.1.3.0
7f394be4d000-7f394be4e000 rwxp 00004000 08:05 534738                     /lib/x86_64-linux-gnu/libuuid.so.1.3.0
7f394be4e000-7f394be90000 r-xp 00000000 08:05 525819                     /lib/x86_64-linux-gnu/libdbus-1.so.3.5.4
7f394be90000-7f394c090000 ---p 00042000 08:05 525819                     /lib/x86_64-linux-gnu/libdbus-1.so.3.5.4
7f394c090000-7f394c091000 r-xp 00042000 08:05 525819                     /lib/x86_64-linux-gnu/libdbus-1.so.3.5.4
7f394c091000-7f394c092000 rwxp 00043000 08:05 525819                     /lib/x86_64-linux-gnu/libdbus-1.so.3.5.4
7f394c092000-7f394c0dd000 r-xp 00000000 08:05 1580900                    /usr/lib/libpulsecommon-0.9.22.so
7f394c0dd000-7f394c2dc000 ---p 0004b000 08:05 1580900                    /usr/lib/libpulsecommon-0.9.22.so
7f394c2dc000-7f394c2dd000 r-xp 0004a000 08:05 1580900                    /usr/lib/libpulsecommon-0.9.22.so
7f394c2dd000-7f394c2de000 rwxp 0004b000 08:05 1580900                    /usr/lib/libpulsecommon-0.9.22.so
7f394c2de000-7f394c2e1000 r-xp 00000000 08:05 1573582                    /usr/lib/libxcb-atom.so.1.0.0
7f394c2e1000-7f394c4e1000 ---p 00003000 08:05 1573582                    /usr/lib/libxcb-atom.so.1.0.0
7f394c4e1000-7f394c4e2000 r-xp 00003000 08:05 1573582                    /usr/lib/libxcb-atom.so.1.0.0
7f394c4e2000-7f394c4e3000 rwxp 00004000 08:05 1573582                    /usr/lib/libxcb-atom.so.1.0.0
7f394c4e3000-7f394c4ea000 r-xp 00000000 08:05 1578963                    /usr/lib/x86_64-linux-gnu/libSM.so.6.0.1
7f394c4ea000-7f394c6e9000 ---p 00007000 08:05 1578963                    /usr/lib/x86_64-linux-gnu/libSM.so.6.0.1
7f394c6e9000-7f394c6ea000 r-xp 00006000 08:05 1578963                    /usr/lib/x86_64-linux-gnu/libSM.so.6.0.1
7f394c6ea000-7f394c6eb000 rwxp 00007000 08:05 1578963                    /usr/lib/x86_64-linux-gnu/libSM.so.6.0.1
7f394c6eb000-7f394c701000 r-xp 00000000 08:05 1571606                    /usr/lib/x86_64-linux-gnu/libICE.so.6.3.0
7f394c701000-7f394c901000 ---p 00016000 08:05 1571606                    /usr/lib/x86_64-linux-gnu/libICE.so.6.3.0
7f394c901000-7f394c902000 r-xp 00016000 08:05 1571606                    /usr/lib/x86_64-linux-gnu/libICE.so.6.3.0
7f394c902000-7f394c903000 rwxp 00017000 08:05 1571606                    /usr/lib/x86_64-linux-gnu/libICE.so.6.3.0
7f394c903000-7f394c906000 rwxp 00000000 00:00 0 
7f394c906000-7f394c907000 r-xp 00000000 08:05 1570508                    /usr/lib/x86_64-linux-gnu/libX11-xcb.so.1.0.0
7f394c907000-7f394cb06000 ---p 00001000 08:05 1570508                    /usr/lib/x86_64-linux-gnu/libX11-xcb.so.1.0.0
7f394cb06000-7f394cb07000 r-xp 00000000 08:05 1570508                    /usr/lib/x86_64-linux-gnu/libX11-xcb.so.1.0.0
7f394cb07000-7f394cb08000 rwxp 00001000 08:05 1570508                    /usr/lib/x86_64-linux-gnu/libX11-xcb.so.1.0.0
7f394cb08000-7f394cb48000 r-xp 00000000 08:05 1573921                    /usr/lib/libpulse.so.0.12.3
7f394cb48000-7f394cd47000 ---p 00040000 08:05 1573921                    /usr/lib/libpulse.so.0.12.3
7f394cd47000-7f394cd48000 r-xp 0003f000 08:05 1573921                    /usr/lib/libpulse.so.0.12.3
7f394cd48000-7f394cd49000 rwxp 00040000 08:05 1573921                    /usr/lib/libpulse.so.0.12.3
7f394cd49000-7f394cd95000 r-xp 00000000 08:05 525038                     /tmp/libgdx/2370704169/libopenal64.so
7f394cd95000-7f394cf94000 ---p 0004c000 08:05 525038                     /tmp/libgdx/2370704169/libopenal64.so
7f394cf94000-7f394cf96000 r-xp 0004b000 08:05 525038                     /tmp/libgdx/2370704169/libopenal64.so
7f394cf96000-7f394cf97000 rwxp 0004d000 08:05 525038                     /tmp/libgdx/2370704169/libopenal64.so
7f394cf97000-7f394cf98000 rwxp 00000000 00:00 0 
7f394cf98000-7f394d011000 r-xp 00000000 08:05 525065                     /tmp/libgdx/2370704169/liblwjgl64.so
7f394d011000-7f394d211000 ---p 00079000 08:05 525065                     /tmp/libgdx/2370704169/liblwjgl64.so
7f394d211000-7f394d213000 r-xp 00079000 08:05 525065                     /tmp/libgdx/2370704169/liblwjgl64.so
7f394d213000-7f394d214000 rwxp 0007b000 08:05 525065                     /tmp/libgdx/2370704169/liblwjgl64.so
7f394d214000-7f394d303000 r-xp 00000000 08:05 524903                     /tmp/libgdx/2370704169/libjogl-linux64.so
7f394d303000-7f394d403000 ---p 000ef000 08:05 524903                     /tmp/libgdx/2370704169/libjogl-linux64.so
7f394d403000-7f394d404000 rwxp 000ef000 08:05 524903                     /tmp/libgdx/2370704169/libjogl-linux64.so
7f394d404000-7f394e852000 r-xp 00000000 08:05 723                        /usr/lib/nvidia-current/libnvidia-glcore.so.270.41.19
7f394e852000-7f394ea52000 ---p 0144e000 08:05 723                        /usr/lib/nvidia-current/libnvidia-glcore.so.270.41.19
7f394ea52000-7f394f03a000 rwxp 0144e000 08:05 723                        /usr/lib/nvidia-current/libnvidia-glcore.so.270.41.19
7f394f03a000-7f394f051000 rwxp 00000000 00:00 0 
7f394f051000-7f394f052000 r-xp 00000000 08:05 716                        /usr/lib/nvidia-current/tls/libnvidia-tls.so.270.41.19
7f394f052000-7f394f252000 ---p 00001000 08:05 716                        /usr/lib/nvidia-current/tls/libnvidia-tls.so.270.41.19
7f394f252000-7f394f253000 rwxp 00001000 08:05 716                        /usr/lib/nvidia-current/tls/libnvidia-tls.so.270.41.19
7f394f253000-7f394f254000 r-xp 00000000 08:05 1734853                    /usr/lib/jvm/java-6-sun-1.6.0.24/jre/lib/amd64/libjawt.so
7f394f254000-7f394f353000 ---p 00001000 08:05 1734853                    /usr/lib/jvm/java-6-sun-1.6.0.24/jre/lib/amd64/libjawt.so
7f394f353000-7f394f354000 rwxp 00000000 08:05 1734853                    /usr/lib/jvm/java-6-sun-1.6.0.24/jre/lib/amd64/libjawt.so
7f394f354000-7f394f359000 r-xp 00000000 08:05 1581972                    /usr/lib/x86_64-linux-gnu/libXxf86vm.so.1.0.0
7f394f359000-7f394f558000 ---p 00005000 08:05 1581972                    /usr/lib/x86_64-linux-gnu/libXxf86vm.so.1.0.0
7f394f558000-7f394f559000 r-xp 00004000 08:05 1581972                    /usr/lib/x86_64-linux-gnu/libXxf86vm.so.1.0.0
7f394f559000-7f394f55a000 rwxp 00005000 08:05 1581972                    /usr/lib/x86_64-linux-gnu/libXxf86vm.so.1.0.0
7f394f55a000-7f394f617000 r-xp 00000000 08:05 928                        /usr/lib/nvidia-current/libGL.so.270.41.19
7f394f617000-7f394f817000 ---p 000bd000 08:05 928                        /usr/lib/nvidia-current/libGL.so.270.41.19
7f394f817000-7f394f850000 rwxp 000bd000 08:05 928                        /usr/lib/nvidia-current/libGL.so.270.41.19
7f394f850000-7f394f866000 rwxp 00000000 00:00 0 
7f394f866000-7f394f868000 r-xp 00000000 08:05 524893                     /tmp/libgdx/2370704169/libjogl_awt-linux64.so
7f394f868000-7f394f967000 ---p 00002000 08:05 524893                     /tmp/libgdx/2370704169/libjogl_awt-linux64.so
7f394f967000-7f394f968000 rwxp 00001000 08:05 524893                     /tmp/libgdx/2370704169/libjogl_awt-linux64.so
7f394f968000-7f394f969000 r-xp 00000000 08:05 524774                     /tmp/libgdx/2370704169/libgluegen-rt-linux64.so
7f394f969000-7f394fa68000 ---p 00001000 08:05 524774                     /tmp/libgdx/2370704169/libgluegen-rt-linux64.so
7f394fa68000-7f394fa69000 rwxp 00000000 08:05 524774                     /tmp/libgdx/2370704169/libgluegen-rt-linux64.so
7f394fa69000-7f394fb51000 r-xp 00000000 08:05 1571250                    /usr/lib/x86_64-linux-gnu/libstdc++.so.6.0.14
7f394fb51000-7f394fd50000 ---p 000e8000 08:05 1571250                    /usr/lib/x86_64-linux-gnu/libstdc++.so.6.0.14
7f394fd50000-7f394fd58000 r-xp 000e7000 08:05 1571250                    /usr/lib/x86_64-linux-gnu/libstdc++.so.6.0.14
7f394fd58000-7f394fd5a000 rwxp 000ef000 08:05 1571250                    /usr/lib/x86_64-linux-gnu/libstdc++.so.6.0.14
7f394fd5a000-7f394fd6f000 rwxp 00000000 00:00 0 
7f394fd6f000-7f394fdfb000 r-xp 00000000 08:05 524747                     /tmp/libgdx/2370704169/libgdx-64.so
7f394fdfb000-7f394fffb000 ---p 0008c000 08:05 524747                     /tmp/libgdx/2370704169/libgdx-64.so
7f394fffb000-7f394fffc000 r-xp 0008c000 08:05 524747                     /tmp/libgdx/2370704169/libgdx-64.so
7f394fffc000-7f394fffd000 rwxp 0008d000 08:05 524747                     /tmp/libgdx/2370704169/libgdx-64.so
7f394fffd000-7f3950000000 rwxp 00000000 00:00 0 
7f3950000000-7f3951904000 rwxp 00000000 00:00 0 
7f3951904000-7f3954000000 ---p 00000000 00:00 0 
7f3954022000-7f3954037000 r-xp 00000000 08:05 528127                     /lib/x86_64-linux-gnu/libgcc_s.so.1
7f3954037000-7f3954236000 ---p 00015000 08:05 528127                     /lib/x86_64-linux-gnu/libgcc_s.so.1
7f3954236000-7f3954237000 r-xp 00014000 08:05 528127                     /lib/x86_64-linux-gnu/libgcc_s.so.1
7f3954237000-7f3954238000 rwxp 00015000 08:05 528127                     /lib/x86_64-linux-gnu/libgcc_s.so.1
7f3954238000-7f395423b000 ---p 00000000 00:00 0 
7f395423b000-7f3954339000 rwxp 00000000 00:00 0 
7f3954339000-7f395433c000 ---p 00000000 00:00 0 
7f395433c000-7f395443a000 rwxp 00000000 00:00 0 
7f395443a000-7f395443d000 ---p 00000000 00:00 0 
7f395443d000-7f395453b000 rwxp 00000000 00:00 0 
7f395453b000-7f395453c000 r-xs 00000000 08:05 532633                     /var/cache/fontconfig/26de28bc8622bbc1fb67fd234c21975f-le64.cache-3
7f395453c000-7f395453d000 r-xs 00000000 08:05 554485                     /var/cache/fontconfig/c05880de57d1f5e948fdfacc138775d9-le64.cache-3
7f395453d000-7f3954546000 r-xs 00000000 08:05 527845                     /var/cache/fontconfig/945677eb7aeaf62f1d50efc3fb3ec7d8-le64.cache-3
7f3954546000-7f3954548000 r-xs 00000000 08:05 554480                     /var/cache/fontconfig/99e8ed0e538f840c565b6ed5dad60d56-le64.cache-3
7f3954548000-7f395454b000 r-xs 00000000 08:05 554411                     /var/cache/fontconfig/f24b2111ab8703b4e963115a8cf14259-le64.cache-3
7f395454b000-7f395454e000 r-xs 00000000 08:05 554479                     /var/cache/fontconfig/e383d7ea5fbe662a33d9b44caf393297-le64.cache-3
7f395454e000-7f3954551000 r-xs 00000000 08:05 554477                     /var/cache/fontconfig/2cd17615ca594fa2959ae173292e504c-le64.cache-3
7f3954551000-7f3954552000 r-xs 00000000 08:05 554471                     /var/cache/fontconfig/e7071f4a29fa870f4323321c154eba04-le64.cache-3
7f3954552000-7f395455b000 r-xs 00000000 08:05 554448                     /var/cache/fontconfig/6d41288fd70b0be22e8c3a91e032eec0-le64.cache-3
7f395455b000-7f395456b000 r-xs 00000000 08:05 554447                     /var/cache/fontconfig/0f34bcd4b6ee430af32735b75db7f02b-le64.cache-3
7f395456b000-7f3954599000 r-xs 00000000 08:05 554435                     /var/cache/fontconfig/365b55f210c0a22e9a19e35191240f32-le64.cache-3
7f39545f1000-7f39545f9000 r-xs 0003d000 08:05 1311180                    /home/bompo/git/mgcube/libs/scoreloop-core.jar
7f39545f9000-7f3954639000 rwxs b97b0000 00:05 9702                       /dev/nvidia0
7f3954659000-7f395465e000 r-xp 00000000 08:05 1570859                    /usr/lib/x86_64-linux-gnu/libXfixes.so.3.1.0
7f395465e000-7f395485d000 ---p 00005000 08:05 1570859                    /usr/lib/x86_64-linux-gnu/libXfixes.so.3.1.0
7f395485d000-7f395485e000 r-xp 00004000 08:05 1570859                    /usr/lib/x86_64-linux-gnu/libXfixes.so.3.1.0
7f395485e000-7f395485f000 rwxp 00005000 08:05 1570859                    /usr/lib/x86_64-linux-gnu/libXfixes.so.3.1.0
7f395485f000-7f3954868000 r-xp 00000000 08:05 1573929                    /usr/lib/x86_64-linux-gnu/libXcursor.so.1.0.2
7f3954868000-7f3954a67000 ---p 00009000 08:05 1573929                    /usr/lib/x86_64-linux-gnu/libXcursor.so.1.0.2
7f3954a67000-7f3954a68000 r-xp 00008000 08:05 1573929                    /usr/lib/x86_64-linux-gnu/libXcursor.so.1.0.2
7f3954a68000-7f3954a69000 rwxp 00009000 08:05 1573929                    /usr/lib/x86_64-linux-gnu/libXcursor.so.1.0.2
7f3954a69000-7f3954a72000 r-xp 00000000 08:05 1570620                    /usr/lib/x86_64-linux-gnu/libXrender.so.1.3.0
7f3954a72000-7f3954c72000 ---p 00009000 08:05 1570620                    /usr/lib/x86_64-linux-gnu/libXrender.so.1.3.0
7f3954c72000-7f3954c73000 r-xp 00009000 08:05 1570620                    /usr/lib/x86_64-linux-gnu/libXrender.so.1.3.0
7f3954c73000-7f3954c74000 rwxp 0000a000 08:05 1570620                    /usr/lib/x86_64-linux-gnu/libXrender.so.1.3.0
7f3954c74000-7f3954c7c000 r-xp 00000000 08:05 1581969                    /usr/lib/x86_64-linux-gnu/libXrandr.so.2.2.0
7f3954c7c000-7f3954e7b000 ---p 00008000 08:05 1581969                    /usr/lib/x86_64-linux-gnu/libXrandr.so.2.2.0
7f3954e7b000-7f3954e7c000 r-xp 00007000 08:05 1581969                    /usr/lib/x86_64-linux-gnu/libXrandr.so.2.2.0
7f3954e7c000-7f3954e7d000 rwxp 00008000 08:05 1581969                    /usr/lib/x86_64-linux-gnu/libXrandr.so.2.2.0
7f3954e7e000-7f3954e80000 rwxs 00000000 08:05 527180                     /tmp/glnfnBI4 (deleted)
7f3954e80000-7f3954e84000 rwxs a5ab0000 00:05 9702                       /dev/nvidia0
7f3954e84000-7f3954e85000 rwxs d0008000 00:05 9702                       /dev/nvidia0
7f3954e85000-7f3954e86000 rwxs b5cd6000 00:05 9702                       /dev/nvidia0
7f3954e86000-7f3954e8a000 rwxs addf4000 00:05 9702                       /dev/nvidia0
7f3954e8a000-7f3954e8b000 rwxs fbc0a000 00:05 9702                       /dev/nvidia0
7f3954e8b000-7f3954e8c000 rwxs fb641000 00:05 9702                       /dev/nvidia0
7f3954e8c000-7f3954e8d000 rwxs 115cf6000 00:05 9702                      /dev/nvidia0
7f3954e8d000-7f3954e8e000 rwxs 8e813000 00:05 9702                       /dev/nvidia0
7f3954e8e000-7f3954e8f000 rwxs fb060000 00:05 9702                       /dev/nvidia0
7f3954e8f000-7f3954eaa000 rwxs 115f40000 00:05 9702                      /dev/nvidia0
7f3954eaa000-7f3954ead000 ---p 00000000 00:00 0 
7f3954ead000-7f3954fab000 rwxp 00000000 00:00 0 
7f3954fab000-7f3955024000 r-xp 00000000 08:05 1734841                    /usr/lib/jvm/java-6-sun-1.6.0.24/jre/lib/amd64/libfontmanager.so
7f3955024000-7f3955123000 ---p 00079000 08:05 1734841                    /usr/lib/jvm/java-6-sun-1.6.0.24/jre/lib/amd64/libfontmanager.so
7f3955123000-7f3955138000 rwxp 00078000 08:05 1734841                    /usr/lib/jvm/java-6-sun-1.6.0.24/jre/lib/amd64/libfontmanager.so
7f3955138000-7f3955149000 rwxp 00000000 00:00 0 
7f3955149000-7f395514e000 r-xp 00000000 08:05 1573561                    /usr/lib/x86_64-linux-gnu/libXdmcp.so.6.0.0
7f395514e000-7f395534d000 ---p 00005000 08:05 1573561                    /usr/lib/x86_64-linux-gnu/libXdmcp.so.6.0.0
7f395534d000-7f395534e000 r-xp 00004000 08:05 1573561                    /usr/lib/x86_64-linux-gnu/libXdmcp.so.6.0.0
7f395534e000-7f395534f000 rwxp 00005000 08:05 1573561                    /usr/lib/x86_64-linux-gnu/libXdmcp.so.6.0.0
7f395534f000-7f3955351000 r-xp 00000000 08:05 1570542                    /usr/lib/x86_64-linux-gnu/libXau.so.6.0.0
7f3955351000-7f3955550000 ---p 00002000 08:05 1570542                    /usr/lib/x86_64-linux-gnu/libXau.so.6.0.0
7f3955550000-7f3955551000 r-xp 00001000 08:05 1570542                    /usr/lib/x86_64-linux-gnu/libXau.so.6.0.0
7f3955551000-7f3955552000 rwxp 00002000 08:05 1570542                    /usr/lib/x86_64-linux-gnu/libXau.so.6.0.0
7f3955552000-7f395556d000 r-xp 00000000 08:05 1572615                    /usr/lib/x86_64-linux-gnu/libxcb.so.1.1.0
7f395556d000-7f395576c000 ---p 0001b000 08:05 1572615                    /usr/lib/x86_64-linux-gnu/libxcb.so.1.1.0
7f395576c000-7f395576d000 r-xp 0001a000 08:05 1572615                    /usr/lib/x86_64-linux-gnu/libxcb.so.1.1.0
7f395576d000-7f395576e000 rwxp 0001b000 08:05 1572615                    /usr/lib/x86_64-linux-gnu/libxcb.so.1.1.0
7f395576e000-7f395577d000 r-xp 00000000 08:05 1613065                    /usr/lib/x86_64-linux-gnu/libXi.so.6.1.0
7f395577d000-7f395597c000 ---p 0000f000 08:05 1613065                    /usr/lib/x86_64-linux-gnu/libXi.so.6.1.0
7f395597c000-7f395597d000 r-xp 0000e000 08:05 1613065                    /usr/lib/x86_64-linux-gnu/libXi.so.6.1.0
7f395597d000-7f395597e000 rwxp 0000f000 08:05 1613065                    /usr/lib/x86_64-linux-gnu/libXi.so.6.1.0
7f395597e000-7f3955983000 r-xp 00000000 08:05 1572606                    /usr/lib/libXtst.so.6.1.0
7f3955983000-7f3955b82000 ---p 00005000 08:05 1572606                    /usr/lib/libXtst.so.6.1.0
7f3955b82000-7f3955b83000 r-xp 00004000 08:05 1572606                    /usr/lib/libXtst.so.6.1.0
7f3955b83000-7f3955b84000 rwxp 00005000 08:05 1572606                    /usr/lib/libXtst.so.6.1.0
7f3955b84000-7f3955cb9000 r-xp 00000000 08:05 1573591                    /usr/lib/x86_64-linux-gnu/libX11.so.6.3.0
7f3955cb9000-7f3955eb9000 ---p 00135000 08:05 1573591                    /usr/lib/x86_64-linux-gnu/libX11.so.6.3.0
7f3955eb9000-7f3955eba000 r-xp 00135000 08:05 1573591                    /usr/lib/x86_64-linux-gnu/libX11.so.6.3.0
7f3955eba000-7f3955ebe000 rwxp 00136000 08:05 1573591                    /usr/lib/x86_64-linux-gnu/libX11.so.6.3.0
7f3955ebe000-7f3955ecf000 r-xp 00000000 08:05 1571673                    /usr/lib/x86_64-linux-gnu/libXext.so.6.4.0
7f3955ecf000-7f39560ce000 ---p 00011000 08:05 1571673                    /usr/lib/x86_64-linux-gnu/libXext.so.6.4.0
7f39560ce000-7f39560cf000 r-xp 00010000 08:05 1571673                    /usr/lib/x86_64-linux-gnu/libXext.so.6.4.0
7f39560cf000-7f39560d0000 rwxp 00011000 08:05 1571673                    /usr/lib/x86_64-linux-gnu/libXext.so.6.4.0
7f39560d0000-7f39560d4000 r-xs 00000000 08:05 554470                     /var/cache/fontconfig/6eb3985aa4124903f6ff08ba781cd364-le64.cache-3
7f39560d4000-7f39560d9000 r-xs 00000000 08:05 554453                     /var/cache/fontconfig/062808c12e6e608270f93bb230aed730-le64.cache-3
7f39560d9000-7f39560df000 r-xs 00000000 08:05 554429                     /var/cache/fontconfig/a755afe4a08bf5b97852ceb7400b47bc-le64.cache-3
7f39560df000-7f39560e9000 r-xs 00000000 08:05 554433                     /var/cache/fontconfig/d52a8644073d54c13679302ca1180695-le64.cache-3
7f39560e9000-7f39560ea000 r-xs 00000000 08:05 554418                     /var/cache/fontconfig/ec648e9a1aea82bddd4bd6050028158d-le64.cache-3
7f39560ea000-7f39560fd000 r-xs 00000000 08:05 538224                     /var/cache/fontconfig/e13b20fdb08344e0e664864cc2ede53d-le64.cache-3
7f39560fd000-7f395613f000 r-xp 00000000 08:05 1734831                    /usr/lib/jvm/java-6-sun-1.6.0.24/jre/lib/amd64/xawt/libmawt.so
7f395613f000-7f395623e000 ---p 00042000 08:05 1734831                    /usr/lib/jvm/java-6-sun-1.6.0.24/jre/lib/amd64/xawt/libmawt.so
7f395623e000-7f395624a000 rwxp 00041000 08:05 1734831                    /usr/lib/jvm/java-6-sun-1.6.0.24/jre/lib/amd64/xawt/libmawt.so
7f395624a000-7f395624b000 rwxp 00000000 00:00 0 
7f395624b000-7f39562dd000 r-xp 00000000 08:05 1734852                    /usr/lib/jvm/java-6-sun-1.6.0.24/jre/lib/amd64/libawt.so
7f39562dd000-7f39563dc000 ---p 00092000 08:05 1734852                    /usr/lib/jvm/java-6-sun-1.6.0.24/jre/lib/amd64/libawt.so
7f39563dc000-7f39563f5000 rwxp 00091000 08:05 1734852                    /usr/lib/jvm/java-6-sun-1.6.0.24/jre/lib/amd64/libawt.so
7f39563f5000-7f395641a000 rwxp 00000000 00:00 0 
7f395641a000-7f3956425000 r-xs 00092000 08:05 1330406                    /home/bompo/git/mgcube/libs/gdx.jar
7f3956425000-7f395642c000 r-xs 00074000 08:05 1330357                    /home/bompo/git/mgcube/libs/gdx-sources.jar
7f395642c000-7f395642d000 r-xs 001a1000 08:05 1339854                    /home/bompo/git/mgcube/libs/gdx-natives.jar
7f395642d000-7f3956447000 r-xs 00206000 08:05 1339556                    /home/bompo/git/mgcube/libs/gdx-backend-jogl.jar
7f3956447000-7f3956448000 r-xs 00007000 08:05 1330241                    /home/bompo/git/mgcube/libs/gdx-backend-jogl-sources.jar
7f3956448000-7f3956449000 r-xs 00203000 08:05 1339177                    /home/bompo/git/mgcube/libs/gdx-backend-jogl-natives.jar
7f3956449000-7f395644c000 r-xs 0000f000 08:05 1622792                    /usr/lib/jvm/java-6-sun-1.6.0.24/jre/lib/ext/pulse-java.jar
7f395644c000-7f395644d000 ---p 00000000 00:00 0 
7f395644d000-7f395654d000 rwxp 00000000 00:00 0 
7f395654d000-7f3956550000 ---p 00000000 00:00 0 
7f3956550000-7f395664e000 rwxp 00000000 00:00 0 
7f395664e000-7f3956651000 ---p 00000000 00:00 0 
7f3956651000-7f395674f000 rwxp 00000000 00:00 0 
7f395674f000-7f3956752000 ---p 00000000 00:00 0 
7f3956752000-7f3956850000 rwxp 00000000 00:00 0 
7f3956850000-7f3956853000 ---p 00000000 00:00 0 
7f3956853000-7f3956951000 rwxp 00000000 00:00 0 
7f3956951000-7f3956d59000 r-xp 00000000 08:05 1570348                    /usr/lib/locale/locale-archive
7f3956d59000-7f3956d5c000 ---p 00000000 00:00 0 
7f3956d5c000-7f3956e5a000 rwxp 00000000 00:00 0 
7f3956e5a000-7f3956e5d000 ---p 00000000 00:00 0 
7f3956e5d000-7f3956f5b000 rwxp 00000000 00:00 0 
7f3956f5b000-7f3956f5c000 ---p 00000000 00:00 0 
7f3956f5c000-7f3957595000 rwxp 00000000 00:00 0 
7f3957595000-7f395772d000 r-xs 03027000 08:05 1662454                    /usr/lib/jvm/java-6-sun-1.6.0.24/jre/lib/rt.jar
7f395772d000-7f3957755000 rwxp 00000000 00:00 0 
7f3957755000-7f3957756000 ---p 00000000 00:00 0 
7f3957756000-7f3957856000 rwxp 00000000 00:00 0 
7f3957856000-7f3957857000 ---p 00000000 00:00 0 
7f3957857000-7f3957957000 rwxp 00000000 00:00 0 
7f3957957000-7f3957958000 ---p 00000000 00:00 0 
7f3957958000-7f3957a58000 rwxp 00000000 00:00 0 
7f3957a58000-7f3957a59000 ---p 00000000 00:00 0 
7f3957a59000-7f3957b64000 rwxp 00000000 00:00 0 
7f3957b64000-7f3957b82000 rwxp 00000000 00:00 0 
7f3957b82000-7f3957b97000 rwxp 00000000 00:00 0 
7f3957b97000-7f3957ccc000 rwxp 00000000 00:00 0 
7f3957ccc000-7f3957cd7000 rwxp 00000000 00:00 0 
7f3957cd7000-7f3957cf5000 rwxp 00000000 00:00 0 
7f3957cf5000-7f3957d0a000 rwxp 00000000 00:00 0 
7f3957d0a000-7f3957e3f000 rwxp 00000000 00:00 0 
7f3957e3f000-7f3957e4a000 rwxp 00000000 00:00 0 
7f3957e4a000-7f3957ee4000 rwxp 00000000 00:00 0 
7f3957ee4000-7f3958155000 rwxp 00000000 00:00 0 
7f3958155000-7f395aee5000 rwxp 00000000 00:00 0 
7f395aee5000-7f395aef3000 r-xp 00000000 08:05 1734847                    /usr/lib/jvm/java-6-sun-1.6.0.24/jre/lib/amd64/libzip.so
7f395aef3000-7f395aff5000 ---p 0000e000 08:05 1734847                    /usr/lib/jvm/java-6-sun-1.6.0.24/jre/lib/amd64/libzip.so
7f395aff5000-7f395aff8000 rwxp 00010000 08:05 1734847                    /usr/lib/jvm/java-6-sun-1.6.0.24/jre/lib/amd64/libzip.so
7f395aff8000-7f395aff9000 rwxp 00000000 00:00 0 
7f395aff9000-7f395b005000 r-xp 00000000 08:05 535712                     /lib/x86_64-linux-gnu/libnss_files-2.13.so
7f395b005000-7f395b204000 ---p 0000c000 08:05 535712                     /lib/x86_64-linux-gnu/libnss_files-2.13.so
7f395b204000-7f395b205000 r-xp 0000b000 08:05 535712                     /lib/x86_64-linux-gnu/libnss_files-2.13.so
7f395b205000-7f395b206000 rwxp 0000c000 08:05 535712                     /lib/x86_64-linux-gnu/libnss_files-2.13.so
7f395b206000-7f395b211000 r-xp 00000000 08:05 535714                     /lib/x86_64-linux-gnu/libnss_nis-2.13.so
7f395b211000-7f395b410000 ---p 0000b000 08:05 535714                     /lib/x86_64-linux-gnu/libnss_nis-2.13.so
7f395b410000-7f395b411000 r-xp 0000a000 08:05 535714                     /lib/x86_64-linux-gnu/libnss_nis-2.13.so
7f395b411000-7f395b412000 rwxp 0000b000 08:05 535714                     /lib/x86_64-linux-gnu/libnss_nis-2.13.so
7f395b412000-7f395b41a000 r-xp 00000000 08:05 535710                     /lib/x86_64-linux-gnu/libnss_compat-2.13.so
7f395b41a000-7f395b619000 ---p 00008000 08:05 535710                     /lib/x86_64-linux-gnu/libnss_compat-2.13.so
7f395b619000-7f395b61a000 r-xp 00007000 08:05 535710                     /lib/x86_64-linux-gnu/libnss_compat-2.13.so
7f395b61a000-7f395b61b000 rwxp 00008000 08:05 535710                     /lib/x86_64-linux-gnu/libnss_compat-2.13.so
7f395b61b000-7f395b622000 r-xp 00000000 08:05 1734857                    /usr/lib/jvm/java-6-sun-1.6.0.24/jre/lib/amd64/native_threads/libhpi.so
7f395b622000-7f395b723000 ---p 00007000 08:05 1734857                    /usr/lib/jvm/java-6-sun-1.6.0.24/jre/lib/amd64/native_threads/libhpi.so
7f395b723000-7f395b725000 rwxp 00008000 08:05 1734857                    /usr/lib/jvm/java-6-sun-1.6.0.24/jre/lib/amd64/native_threads/libhpi.so
7f395b725000-7f395b726000 rwxp 00000000 00:00 0 
7f395b726000-7f395b73d000 r-xp 00000000 08:05 535709                     /lib/x86_64-linux-gnu/libnsl-2.13.so
7f395b73d000-7f395b93c000 ---p 00017000 08:05 535709                     /lib/x86_64-linux-gnu/libnsl-2.13.so
7f395b93c000-7f395b93d000 r-xp 00016000 08:05 535709                     /lib/x86_64-linux-gnu/libnsl-2.13.so
7f395b93d000-7f395b93e000 rwxp 00017000 08:05 535709                     /lib/x86_64-linux-gnu/libnsl-2.13.so
7f395b93e000-7f395b940000 rwxp 00000000 00:00 0 
7f395b940000-7f395b969000 r-xp 00000000 08:05 1734846                    /usr/lib/jvm/java-6-sun-1.6.0.24/jre/lib/amd64/libjava.so
7f395b969000-7f395ba68000 ---p 00029000 08:05 1734846                    /usr/lib/jvm/java-6-sun-1.6.0.24/jre/lib/amd64/libjava.so
7f395ba68000-7f395ba6f000 rwxp 00028000 08:05 1734846                    /usr/lib/jvm/java-6-sun-1.6.0.24/jre/lib/amd64/libjava.so
7f395ba6f000-7f395ba7c000 r-xp 00000000 08:05 1731420                    /usr/lib/jvm/java-6-sun-1.6.0.24/jre/lib/amd64/libverify.so
7f395ba7c000-7f395bb7b000 ---p 0000d000 08:05 1731420                    /usr/lib/jvm/java-6-sun-1.6.0.24/jre/lib/amd64/libverify.so
7f395bb7b000-7f395bb7e000 rwxp 0000c000 08:05 1731420                    /usr/lib/jvm/java-6-sun-1.6.0.24/jre/lib/amd64/libverify.so
7f395bb7e000-7f395bb85000 r-xp 00000000 08:05 535724                     /lib/x86_64-linux-gnu/librt-2.13.so
7f395bb85000-7f395bd84000 ---p 00007000 08:05 535724                     /lib/x86_64-linux-gnu/librt-2.13.so
7f395bd84000-7f395bd85000 r-xp 00006000 08:05 535724                     /lib/x86_64-linux-gnu/librt-2.13.so
7f395bd85000-7f395bd86000 rwxp 00007000 08:05 535724                     /lib/x86_64-linux-gnu/librt-2.13.so
7f395bd86000-7f395bd89000 ---p 00000000 00:00 0 
7f395bd89000-7f395be87000 rwxp 00000000 00:00 0 
7f395be87000-7f395bf0b000 r-xp 00000000 08:05 535703                     /lib/x86_64-linux-gnu/libm-2.13.so
7f395bf0b000-7f395c10a000 ---p 00084000 08:05 535703                     /lib/x86_64-linux-gnu/libm-2.13.so
7f395c10a000-7f395c10b000 r-xp 00083000 08:05 535703                     /lib/x86_64-linux-gnu/libm-2.13.so
7f395c10b000-7f395c10c000 rwxp 00084000 08:05 535703                     /lib/x86_64-linux-gnu/libm-2.13.so
7f395c10c000-7f395c94a000 r-xp 00000000 08:05 1734849                    /usr/lib/jvm/java-6-sun-1.6.0.24/jre/lib/amd64/server/libjvm.so
7f395c94a000-7f395ca49000 ---p 0083e000 08:05 1734849                    /usr/lib/jvm/java-6-sun-1.6.0.24/jre/lib/amd64/server/libjvm.so
7f395ca49000-7f395cbdd000 rwxp 0083d000 08:05 1734849                    /usr/lib/jvm/java-6-sun-1.6.0.24/jre/lib/amd64/server/libjvm.so
7f395cbdd000-7f395cc16000 rwxp 00000000 00:00 0 
7f395cc16000-7f395cda0000 r-xp 00000000 08:05 535697                     /lib/x86_64-linux-gnu/libc-2.13.so
7f395cda0000-7f395cf9f000 ---p 0018a000 08:05 535697                     /lib/x86_64-linux-gnu/libc-2.13.so
7f395cf9f000-7f395cfa3000 r-xp 00189000 08:05 535697                     /lib/x86_64-linux-gnu/libc-2.13.so
7f395cfa3000-7f395cfa4000 rwxp 0018d000 08:05 535697                     /lib/x86_64-linux-gnu/libc-2.13.so
7f395cfa4000-7f395cfaa000 rwxp 00000000 00:00 0 
7f395cfaa000-7f395cfac000 r-xp 00000000 08:05 535702                     /lib/x86_64-linux-gnu/libdl-2.13.so
7f395cfac000-7f395d1ac000 ---p 00002000 08:05 535702                     /lib/x86_64-linux-gnu/libdl-2.13.so
7f395d1ac000-7f395d1ad000 r-xp 00002000 08:05 535702                     /lib/x86_64-linux-gnu/libdl-2.13.so
7f395d1ad000-7f395d1ae000 rwxp 00003000 08:05 535702                     /lib/x86_64-linux-gnu/libdl-2.13.so
7f395d1ae000-7f395d1c6000 r-xp 00000000 08:05 535718                     /lib/x86_64-linux-gnu/libpthread-2.13.so
7f395d1c6000-7f395d3c6000 ---p 00018000 08:05 535718                     /lib/x86_64-linux-gnu/libpthread-2.13.so
7f395d3c6000-7f395d3c7000 r-xp 00018000 08:05 535718                     /lib/x86_64-linux-gnu/libpthread-2.13.so
7f395d3c7000-7f395d3c8000 rwxp 00019000 08:05 535718                     /lib/x86_64-linux-gnu/libpthread-2.13.so
7f395d3c8000-7f395d3cc000 rwxp 00000000 00:00 0 
7f395d3cc000-7f395d3ed000 r-xp 00000000 08:05 535673                     /lib/x86_64-linux-gnu/ld-2.13.so
7f395d3ed000-7f395d3ee000 r-xs 00000000 08:05 554466                     /var/cache/fontconfig/4c73fe0c47614734b17d736dbde7580a-le64.cache-3
7f395d3ee000-7f395d3ef000 r-xs 00000000 08:05 554459                     /var/cache/fontconfig/0d8c3b2ac0904cb8a57a757ad11a4a08-le64.cache-3
7f395d3ef000-7f395d3f9000 rwxp 00000000 00:00 0 
7f395d3f9000-7f395d4af000 rwxp 00000000 00:00 0 
7f395d4af000-7f395d4b2000 rwxp 00000000 00:00 0 
7f395d4b2000-7f395d4b9000 r-xp 00000000 08:05 1731410                    /usr/lib/jvm/java-6-sun-1.6.0.24/jre/lib/amd64/jli/libjli.so
7f395d4b9000-7f395d5ba000 ---p 00007000 08:05 1731410                    /usr/lib/jvm/java-6-sun-1.6.0.24/jre/lib/amd64/jli/libjli.so
7f395d5ba000-7f395d5bc000 rwxp 00008000 08:05 1731410                    /usr/lib/jvm/java-6-sun-1.6.0.24/jre/lib/amd64/jli/libjli.so
7f395d5bc000-7f395d5bd000 rwxp 00000000 00:00 0 
7f395d5bd000-7f395d5be000 r-xs 00000000 08:05 554454                     /var/cache/fontconfig/6a53c69dea097a2d716e069445527da8-le64.cache-3
7f395d5be000-7f395d5c3000 r-xs 00000000 08:05 554452                     /var/cache/fontconfig/515ca1ebc4b18308bea979be5704f9db-le64.cache-3
7f395d5c3000-7f395d5c6000 r-xs 00000000 08:05 554441                     /var/cache/fontconfig/d60319d88cac85ba9e1a07bd06cfbb8c-le64.cache-3
7f395d5c6000-7f395d5c7000 r-xs 00000000 08:05 530935                     /var/cache/fontconfig/4794a0821666d79190d59a36cb4f44b5-le64.cache-3
7f395d5c7000-7f395d5cb000 r-xs 00000000 08:05 538228                     /var/cache/fontconfig/7ef2298fde41cc6eeb7af42e48b7d293-le64.cache-3
7f395d5cb000-7f395d5df000 r-xs 00000000 08:05 527842                     /var/cache/fontconfig/865f88548240fee46819705c6468c165-le64.cache-3
7f395d5df000-7f395d5e0000 r-xs 00000000 08:05 1340105                    /home/bompo/.fontconfig/aa7e4f27e681240d22a1f116cf7520f0-le64.cache-3
7f395d5e0000-7f395d5e8000 rwxs 00000000 08:05 528540                     /tmp/hsperfdata_bompo/9703
7f395d5e8000-7f395d5e9000 rwxp 00000000 00:00 0 
7f395d5e9000-7f395d5ea000 r-xp 00000000 00:00 0 
7f395d5ea000-7f395d5ec000 rwxp 00000000 00:00 0 
7f395d5ec000-7f395d5ed000 r-xp 00020000 08:05 535673                     /lib/x86_64-linux-gnu/ld-2.13.so
7f395d5ed000-7f395d5ef000 rwxp 00021000 08:05 535673                     /lib/x86_64-linux-gnu/ld-2.13.so
7fff6350e000-7fff6352f000 rwxp 00000000 00:00 0                          [stack]
7fff635ff000-7fff63600000 r-xp 00000000 00:00 0                          [vdso]
ffffffffff600000-ffffffffff601000 r-xp 00000000 00:00 0                  [vsyscall]

VM Arguments:
jvm_args: -Dfile.encoding=UTF-8 
java_command: de.swagner.mgcube.DesktopStarter
Launcher Type: SUN_STANDARD

Environment Variables:
PATH=/usr/local/sbin:/usr/local/bin:/usr/sbin:/usr/bin:/sbin:/bin:/usr/games
USERNAME=bompo
LD_LIBRARY_PATH=/usr/lib/jvm/java-6-sun-1.6.0.24/jre/lib/amd64/server:/usr/lib/jvm/java-6-sun-1.6.0.24/jre/lib/amd64:/usr/lib/jvm/java-6-sun-1.6.0.24/jre/../lib/amd64:/usr/lib/jvm/java-6-openjdk/jre/lib/amd64/server:/usr/lib/jvm/java-6-openjdk/jre/lib/amd64:/usr/lib/jvm/java-6-openjdk/jre/../lib/amd64:/usr/lib64/xulrunner-addons
SHELL=/bin/bash
DISPLAY=:0.0

Signal Handlers:
SIGSEGV: [libjvm.so+0x791b30], sa_mask[0]=0x7ffbfeff, sa_flags=0x10000004
SIGBUS: [libjvm.so+0x791b30], sa_mask[0]=0x7ffbfeff, sa_flags=0x10000004
SIGFPE: [libjvm.so+0x640ba0], sa_mask[0]=0x7ffbfeff, sa_flags=0x10000004
SIGPIPE: [libjvm.so+0x640ba0], sa_mask[0]=0x7ffbfeff, sa_flags=0x10000004
SIGXFSZ: [libjvm.so+0x640ba0], sa_mask[0]=0x7ffbfeff, sa_flags=0x10000004
SIGILL: [libjvm.so+0x640ba0], sa_mask[0]=0x7ffbfeff, sa_flags=0x10000004
SIGUSR1: SIG_DFL, sa_mask[0]=0x00000000, sa_flags=0x00000000
SIGUSR2: [libjvm.so+0x643780], sa_mask[0]=0x00000004, sa_flags=0x10000004
SIGHUP: [libjvm.so+0x643380], sa_mask[0]=0x7ffbfeff, sa_flags=0x10000004
SIGINT: [libjvm.so+0x643380], sa_mask[0]=0x7ffbfeff, sa_flags=0x10000004
SIGTERM: [libjvm.so+0x643380], sa_mask[0]=0x7ffbfeff, sa_flags=0x10000004
SIGQUIT: [libjvm.so+0x643380], sa_mask[0]=0x7ffbfeff, sa_flags=0x10000004


---------------  S Y S T E M  ---------------

OS:squeeze/sid

uname:Linux 2.6.38-10-generic #44-Ubuntu SMP Thu Jun 2 21:32:22 UTC 2011 x86_64
libc:glibc 2.13 NPTL 2.13 
rlimit: STACK 8192k, CORE 0k, NPROC infinity, NOFILE 4096, AS infinity
load average:0.11 0.12 0.13

/proc/meminfo:
MemTotal:        4047872 kB
MemFree:          823392 kB
Buffers:          298588 kB
Cached:           974152 kB
SwapCached:            0 kB
Active:          2009600 kB
Inactive:         764260 kB
Active(anon):    1501704 kB
Inactive(anon):     6744 kB
Active(file):     507896 kB
Inactive(file):   757516 kB
Unevictable:         132 kB
Mlocked:             132 kB
SwapTotal:      19529724 kB
SwapFree:       19529724 kB
Dirty:               160 kB
Writeback:             0 kB
AnonPages:       1501464 kB
Mapped:           206168 kB
Shmem:              7508 kB
Slab:             242752 kB
SReclaimable:     212716 kB
SUnreclaim:        30036 kB
KernelStack:        5400 kB
PageTables:        36604 kB
NFS_Unstable:          0 kB
Bounce:                0 kB
WritebackTmp:          0 kB
CommitLimit:    21553660 kB
Committed_AS:    5483908 kB
VmallocTotal:   34359738367 kB
VmallocUsed:      341768 kB
VmallocChunk:   34359382740 kB
HardwareCorrupted:     0 kB
HugePages_Total:       0
HugePages_Free:        0
HugePages_Rsvd:        0
HugePages_Surp:        0
Hugepagesize:       2048 kB
DirectMap4k:      157120 kB
DirectMap2M:     4028416 kB


CPU:total 4 (4 cores per cpu, 1 threads per core) family 6 model 30 stepping 5, cmov, cx8, fxsr, mmx, sse, sse2, sse3, ssse3, sse4.1, sse4.2, popcnt

Memory: 4k page, physical 4047872k(823392k free), swap 19529724k(19529724k free)

vm_info: Java HotSpot(TM) 64-Bit Server VM (19.1-b02) for linux-amd64 JRE (1.6.0_24-b07), built on Feb  2 2011 16:55:54 by "java_re" with gcc 3.2.2 (SuSE Linux)

time: Sat Jul  2 14:29:29 2011
elapsed time: 122 seconds

