#
# A fatal error has been detected by the Java Runtime Environment:
#
#  SIGBUS (0x7) at pc=0x00007f31a57f33c0, pid=3136, tid=139851325204224
#
# JRE version: 6.0_24-b07
# Java VM: Java HotSpot(TM) 64-Bit Server VM (19.1-b02 mixed mode linux-amd64 compressed oops)
# Problematic frame:
# 
[error occurred during error reporting (printing problematic frame), id 0x7]

# If you would like to submit a bug report, please visit:
#   http://java.sun.com/webapps/bugreport/crash.jsp
# The crash happened outside the Java Virtual Machine in native code.
# See problematic frame for where to report the bug.
#

---------------  T H R E A D  ---------------

Current thread (0x00007f31a804c000):  JavaThread "AWT-EventQueue-0" [_thread_in_native, id=3157, stack(0x00007f31ac7f6000,0x00007f31ac8f7000)]

siginfo:si_signo=SIGBUS: si_errno=0, si_code=2 (BUS_ADRERR), si_addr=0x00007f31a599a630

Registers:
RAX=0x00000000bdd84720, RBX=0x00000000bd8ff688, RCX=0x0000000000000100, RDX=0x0000000000000100
RSP=0x00007f31ac8f45f8, RBP=0x00007f31ac8f4620, RSI=0x0000000000000000, RDI=0x0000000000000000
R8 =0x0000000000000100, R9 =0x0000000000000100, R10=0x00007f31b0598498, R11=0x00007f31b05b9450
R12=0x0000000000000000, R13=0x00007f31ac8f46c0, R14=0x00000000bdd849f8, R15=0x00007f31a804c000
RIP=0x00007f31a57f33c0, EFL=0x0000000000010206, CSGSFS=0x0000000000000033, ERR=0x0000000000000004
  TRAPNO=0x000000000000000e

Register to memory mapping:

RAX=0x00000000bdd84720
{method} 
 - klass: {other class}

RBX=0x00000000bd8ff688
{instance class} 
 - klass: {other class}

RCX=0x0000000000000100
0x0000000000000100 is pointing to unknown location

RDX=0x0000000000000100
0x0000000000000100 is pointing to unknown location

RSP=0x00007f31ac8f45f8
0x00007f31ac8f45f8 is pointing into the stack for thread: 0x00007f31a804c000
"AWT-EventQueue-0" prio=10 tid=0x00007f31a804c000 nid=0xc55 runnable [0x00007f31ac8f4000]
   java.lang.Thread.State: RUNNABLE

RBP=0x00007f31ac8f4620
0x00007f31ac8f4620 is pointing into the stack for thread: 0x00007f31a804c000
"AWT-EventQueue-0" prio=10 tid=0x00007f31a804c000 nid=0xc55 runnable [0x00007f31ac8f4000]
   java.lang.Thread.State: RUNNABLE

RSI=0x0000000000000000
0x0000000000000000 is pointing to unknown location

RDI=0x0000000000000000
0x0000000000000000 is pointing to unknown location

R8 =0x0000000000000100
0x0000000000000100 is pointing to unknown location

R9 =0x0000000000000100
0x0000000000000100 is pointing to unknown location

R10=0x00007f31b0598498
[CodeBlob (0x00007f31b05982d0)]
Framesize: 10

R11=0x00007f31b05b9450
[CodeBlob (0x00007f31b05b92d0)]
Framesize: 6

R12=0x0000000000000000
0x0000000000000000 is pointing to unknown location

R13=0x00007f31ac8f46c0
0x00007f31ac8f46c0 is pointing into the stack for thread: 0x00007f31a804c000
"AWT-EventQueue-0" prio=10 tid=0x00007f31a804c000 nid=0xc55 runnable [0x00007f31ac8f4000]
   java.lang.Thread.State: RUNNABLE

R14=0x00000000bdd849f8
{instance class} 
 - klass: {other class}

R15=0x00007f31a804c000
"AWT-EventQueue-0" prio=10 tid=0x00007f31a804c000 nid=0xc55 runnable [0x00007f31ac8f4000]
   java.lang.Thread.State: RUNNABLE


Top of Stack: (sp=0x00007f31ac8f45f8)
0x00007f31ac8f45f8:   00007f31a5845d0a 0000010000000100
0x00007f31ac8f4608:   0000000000000000 00007f31ac8f4630
0x00007f31ac8f4618:   00007f31a804c1c8 00007f31ac8f4670
0x00007f31ac8f4628:   00007f31b0598512 00000000ec815a00
0x00007f31ac8f4638:   0000000000000000 00000000ec816658
0x00007f31ac8f4648:   00007f31ac8f4648 00000000bdfde3ae
0x00007f31ac8f4658:   00007f31ac8f46d0 00000000bdfe0920
0x00007f31ac8f4668:   0000000000000000 00007f31ac8f4728
0x00007f31ac8f4678:   00007f31b05b9474 00007f31ac8f46e0
0x00007f31ac8f4688:   00000000ec816798 00007f31b059cc28
0x00007f31ac8f4698:   0000000000000000 00007f31ac8f4728
0x00007f31ac8f46a8:   00007f31b04acf5c 0000000000000015
0x00007f31ac8f46b8:   00007f31b04acf5c 0000000000000100
0x00007f31ac8f46c8:   0000000000000100 0000000000000000
0x00007f31ac8f46d8:   0000000000000000 00000000ec8102b8
0x00007f31ac8f46e8:   00007f31ac8f46e8 00000000bdfc55c0
0x00007f31ac8f46f8:   00007f31ac8f4738 00000000bdfc6320
0x00007f31ac8f4708:   00000000be053f50 00000000bdfc55f0
0x00007f31ac8f4718:   00007f31ac8f46c0 00007f31ac8f4738
0x00007f31ac8f4728:   00007f31ac8f4780 00007f31b04aca82
0x00007f31ac8f4738:   00000000ec88d220 00007f31ac8f4740
0x00007f31ac8f4748:   00000000be018478 00007f31ac8f47a8
0x00007f31ac8f4758:   00000000be01c148 0000000000000000
0x00007f31ac8f4768:   00000000be018978 00007f31ac8f4738
0x00007f31ac8f4778:   00007f31ac8f47a0 00007f31ac8f47f0
0x00007f31ac8f4788:   00007f31b04acf5c 00000000ec810470
0x00007f31ac8f4798:   0000000000000000 000000003cf6def8
0x00007f31ac8f47a8:   00000000ec810340 00007f31ac8f47b0
0x00007f31ac8f47b8:   00000000bd2aa2cb 00007f31ac8f4800
0x00007f31ac8f47c8:   00000000bd2aad50 0000000000000000
0x00007f31ac8f47d8:   00000000bd2aa2e8 00007f31ac8f47a0
0x00007f31ac8f47e8:   00007f31ac8f4800 00007f31ac8f4868 

Instructions: (pc=0x00007f31a57f33c0)
0x00007f31a57f33b0:   ff 25 72 72 1a 00 68 84 00 00 00 e9 a0 f7 ff ff
0x00007f31a57f33c0:   ff 25 6a 72 1a 00 68 85 00 00 00 e9 90 f7 ff ff 

Stack: [0x00007f31ac7f6000,0x00007f31ac8f7000],  sp=0x00007f31ac8f45f8,  free space=1017k
Native frames: (J=compiled Java code, j=interpreted, Vv=VM code, C=native code)

[error occurred during error reporting (printing native stack), id 0x7]

Java frames: (J=compiled Java code, j=interpreted, Vv=VM code)
J  com.sun.opengl.impl.GLImpl.glViewport(IIII)V
J  com.badlogic.gdx.backends.jogl.JoglGL20.glViewport(IIII)V
j  com.badlogic.gdx.graphics.glutils.FrameBuffer.begin()V+24
j  de.swagner.mgcube.GameScreen.render(F)V+288
j  com.badlogic.gdx.Game.render()V+19
j  com.badlogic.gdx.backends.jogl.JoglGraphics.display(Ljavax/media/opengl/GLAutoDrawable;)V+114
j  com.sun.opengl.impl.GLDrawableHelper.display(Ljavax/media/opengl/GLAutoDrawable;)V+29
j  javax.media.opengl.GLCanvas$DisplayAction.run()V+80
j  com.sun.opengl.impl.GLDrawableHelper.invokeGL(Ljavax/media/opengl/GLDrawable;Ljavax/media/opengl/GLContext;Ljava/lang/Runnable;Ljava/lang/Runnable;)V+418
j  javax.media.opengl.GLCanvas$DisplayOnEventDispatchThreadAction.run()V+35
j  java.awt.event.InvocationEvent.dispatch()V+11
j  java.awt.EventQueue.dispatchEventImpl(Ljava/awt/AWTEvent;Ljava/lang/Object;)V+21
j  java.awt.EventQueue.access$000(Ljava/awt/EventQueue;Ljava/awt/AWTEvent;Ljava/lang/Object;)V+3
j  java.awt.EventQueue$1.run()Ljava/lang/Void;+12
j  java.awt.EventQueue$1.run()Ljava/lang/Object;+1
v  ~StubRoutines::call_stub
j  java.security.AccessController.doPrivileged(Ljava/security/PrivilegedAction;Ljava/security/AccessControlContext;)Ljava/lang/Object;+0
j  java.security.AccessControlContext$1.doIntersectionPrivilege(Ljava/security/PrivilegedAction;Ljava/security/AccessControlContext;Ljava/security/AccessControlContext;)Ljava/lang/Object;+28
j  java.awt.EventQueue.dispatchEvent(Ljava/awt/AWTEvent;)V+46
j  java.awt.EventDispatchThread.pumpOneEventForFilters(I)Z+204
j  java.awt.EventDispatchThread.pumpEventsForFilter(ILjava/awt/Conditional;Ljava/awt/EventFilter;)V+30
j  java.awt.EventDispatchThread.pumpEventsForHierarchy(ILjava/awt/Conditional;Ljava/awt/Component;)V+11
j  java.awt.EventDispatchThread.pumpEvents(ILjava/awt/Conditional;)V+4
j  java.awt.EventDispatchThread.pumpEvents(Ljava/awt/Conditional;)V+3
j  java.awt.EventDispatchThread.run()V+9
v  ~StubRoutines::call_stub

---------------  P R O C E S S  ---------------

Java Threads: ( => current thread )
  0x00007f31a8103800 JavaThread "DestroyJavaVM" [_thread_blocked, id=3138, stack(0x00007f31b4348000,0x00007f31b4449000)]
  0x00007f31a80a9800 JavaThread "Thread-1" [_thread_blocked, id=3161, stack(0x00007f319e11d000,0x00007f319e21e000)]
=>0x00007f31a804c000 JavaThread "AWT-EventQueue-0" [_thread_in_native, id=3157, stack(0x00007f31ac7f6000,0x00007f31ac8f7000)]
  0x00007f31a804a800 JavaThread "AWT-Shutdown" [_thread_blocked, id=3156, stack(0x00007f31ac8f7000,0x00007f31ac9f8000)]
  0x00007f31a804a000 JavaThread "AWT-XAWT" daemon [_thread_blocked, id=3155, stack(0x00007f31ac9f8000,0x00007f31acaf9000)]
  0x000000004096a000 JavaThread "Java2D Disposer" daemon [_thread_blocked, id=3154, stack(0x00007f31ad48c000,0x00007f31ad58d000)]
  0x000000004085b800 JavaThread "Low Memory Detector" daemon [_thread_blocked, id=3152, stack(0x00007f31aeb0f000,0x00007f31aec10000)]
  0x0000000040856800 JavaThread "CompilerThread1" daemon [_thread_blocked, id=3151, stack(0x00007f31aec10000,0x00007f31aed11000)]
  0x0000000040853800 JavaThread "CompilerThread0" daemon [_thread_blocked, id=3150, stack(0x00007f31aed11000,0x00007f31aee12000)]
  0x0000000040851800 JavaThread "Signal Dispatcher" daemon [_thread_blocked, id=3149, stack(0x00007f31aee12000,0x00007f31aef13000)]
  0x000000004082f800 JavaThread "Finalizer" daemon [_thread_blocked, id=3148, stack(0x00007f31af31b000,0x00007f31af41c000)]
  0x000000004082d800 JavaThread "Reference Handler" daemon [_thread_blocked, id=3147, stack(0x00007f31af41c000,0x00007f31af51d000)]

Other Threads:
  0x0000000040826800 VMThread [stack: 0x00007f31af51d000,0x00007f31af61e000] [id=3146]
  0x0000000040866000 WatcherThread [stack: 0x00007f31aea0e000,0x00007f31aeb0f000] [id=3153]

VM state:not at safepoint (normal execution)

VM Mutex/Monitor currently owned by a thread: None

Heap
 PSYoungGen      total 18432K, used 2869K [0x00000000eb600000, 0x00000000eca90000, 0x0000000100000000)
  eden space 15808K, 4% used [0x00000000eb600000,0x00000000eb6bcca0,0x00000000ec570000)
  from space 2624K, 80% used [0x00000000ec800000,0x00000000eca10a30,0x00000000eca90000)
  to   space 2624K, 0% used [0x00000000ec570000,0x00000000ec570000,0x00000000ec800000)
 PSOldGen        total 42240K, used 0K [0x00000000c2200000, 0x00000000c4b40000, 0x00000000eb600000)
  object space 42240K, 0% used [0x00000000c2200000,0x00000000c2200000,0x00000000c4b40000)
 PSPermGen       total 21248K, used 16760K [0x00000000bd000000, 0x00000000be4c0000, 0x00000000c2200000)
  object space 21248K, 78% used [0x00000000bd000000,0x00000000be05e370,0x00000000be4c0000)

Dynamic libraries:
40000000-40009000 r-xp 00000000 08:05 1662394                            /usr/lib/jvm/java-6-sun-1.6.0.24/jre/bin/java
40108000-4010a000 rwxp 00008000 08:05 1662394                            /usr/lib/jvm/java-6-sun-1.6.0.24/jre/bin/java
407c0000-40f0d000 rwxp 00000000 00:00 0                                  [heap]
40f0d000-40f0f000 r-xs 00000000 08:05 523794                             /tmp/glltFXbI (deleted)
41d39000-41db0000 rwxp 00000000 00:00 0 
bd000000-be4c0000 rwxp 00000000 00:00 0 
be4c0000-c2200000 rwxp 00000000 00:00 0 
c2200000-c4b40000 rwxp 00000000 00:00 0 
c4b40000-eb600000 rwxp 00000000 00:00 0 
eb600000-eca90000 rwxp 00000000 00:00 0 
eca90000-100000000 rwxp 00000000 00:00 0 
7f319c35e000-7f319d357000 rwxp 00000000 00:00 0 
7f319d357000-7f319d3d7000 rwxs ba14c000 00:05 7122                       /dev/nvidia0
7f319d3d7000-7f319de19000 rwxp 00000000 00:00 0 
7f319de19000-7f319e019000 rwxs ba0f0000 00:05 7122                       /dev/nvidia0
7f319e019000-7f319e01d000 rwxs bfed8000 00:05 7122                       /dev/nvidia0
7f319e01d000-7f319e11d000 rwxs ba18f000 00:05 7122                       /dev/nvidia0
7f319e11d000-7f319e120000 ---p 00000000 00:00 0 
7f319e120000-7f319e21e000 rwxp 00000000 00:00 0 
7f319e21e000-7f319e21f000 ---p 00000000 00:00 0 
7f319e21f000-7f319ea1f000 rwxp 00000000 00:00 0 
7f319ea1f000-7f31a2a20000 rwxs 00000000 00:10 28533                      /dev/shm/pulse-shm-3402546590
7f31a2a20000-7f31a2a21000 ---p 00000000 00:00 0 
7f31a2a21000-7f31a3221000 rwxp 00000000 00:00 0 
7f31a3221000-7f31a3227000 r-xp 00000000 08:05 1573092                    /usr/lib/libogg.so.0.7.0
7f31a3227000-7f31a3426000 ---p 00006000 08:05 1573092                    /usr/lib/libogg.so.0.7.0
7f31a3426000-7f31a3427000 r-xp 00005000 08:05 1573092                    /usr/lib/libogg.so.0.7.0
7f31a3427000-7f31a3428000 rwxp 00006000 08:05 1573092                    /usr/lib/libogg.so.0.7.0
7f31a3428000-7f31a3453000 r-xp 00000000 08:05 1582648                    /usr/lib/libvorbis.so.0.4.5
7f31a3453000-7f31a3652000 ---p 0002b000 08:05 1582648                    /usr/lib/libvorbis.so.0.4.5
7f31a3652000-7f31a3653000 r-xp 0002a000 08:05 1582648                    /usr/lib/libvorbis.so.0.4.5
7f31a3653000-7f31a3654000 rwxp 0002b000 08:05 1582648                    /usr/lib/libvorbis.so.0.4.5
7f31a3654000-7f31a3907000 r-xp 00000000 08:05 1573212                    /usr/lib/libvorbisenc.so.2.0.8
7f31a3907000-7f31a3b06000 ---p 002b3000 08:05 1573212                    /usr/lib/libvorbisenc.so.2.0.8
7f31a3b06000-7f31a3b22000 r-xp 002b2000 08:05 1573212                    /usr/lib/libvorbisenc.so.2.0.8
7f31a3b22000-7f31a3b23000 rwxp 002ce000 08:05 1573212                    /usr/lib/libvorbisenc.so.2.0.8
7f31a3b23000-7f31a3b6b000 r-xp 00000000 08:05 1570101                    /usr/lib/libFLAC.so.8.2.0
7f31a3b6b000-7f31a3d6b000 ---p 00048000 08:05 1570101                    /usr/lib/libFLAC.so.8.2.0
7f31a3d6b000-7f31a3d6c000 r-xp 00048000 08:05 1570101                    /usr/lib/libFLAC.so.8.2.0
7f31a3d6c000-7f31a3d6d000 rwxp 00049000 08:05 1570101                    /usr/lib/libFLAC.so.8.2.0
7f31a3d6d000-7f31a3dce000 r-xp 00000000 08:05 1570821                    /usr/lib/libsndfile.so.1.0.23
7f31a3dce000-7f31a3fce000 ---p 00061000 08:05 1570821                    /usr/lib/libsndfile.so.1.0.23
7f31a3fce000-7f31a3fd0000 r-xp 00061000 08:05 1570821                    /usr/lib/libsndfile.so.1.0.23
7f31a3fd0000-7f31a3fd1000 rwxp 00063000 08:05 1570821                    /usr/lib/libsndfile.so.1.0.23
7f31a3fd1000-7f31a3fd5000 rwxp 00000000 00:00 0 
7f31a3fd5000-7f31a3fdd000 r-xp 00000000 08:05 538930                     /lib/libwrap.so.0.7.6
7f31a3fdd000-7f31a41dd000 ---p 00008000 08:05 538930                     /lib/libwrap.so.0.7.6
7f31a41dd000-7f31a41de000 r-xp 00008000 08:05 538930                     /lib/libwrap.so.0.7.6
7f31a41de000-7f31a41df000 rwxp 00009000 08:05 538930                     /lib/libwrap.so.0.7.6
7f31a41df000-7f31a41e0000 rwxp 00000000 00:00 0 
7f31a41e0000-7f31a41e4000 r-xp 00000000 08:05 534738                     /lib/x86_64-linux-gnu/libuuid.so.1.3.0
7f31a41e4000-7f31a43e3000 ---p 00004000 08:05 534738                     /lib/x86_64-linux-gnu/libuuid.so.1.3.0
7f31a43e3000-7f31a43e4000 r-xp 00003000 08:05 534738                     /lib/x86_64-linux-gnu/libuuid.so.1.3.0
7f31a43e4000-7f31a43e5000 rwxp 00004000 08:05 534738                     /lib/x86_64-linux-gnu/libuuid.so.1.3.0
7f31a43e5000-7f31a4427000 r-xp 00000000 08:05 525819                     /lib/x86_64-linux-gnu/libdbus-1.so.3.5.4
7f31a4427000-7f31a4627000 ---p 00042000 08:05 525819                     /lib/x86_64-linux-gnu/libdbus-1.so.3.5.4
7f31a4627000-7f31a4628000 r-xp 00042000 08:05 525819                     /lib/x86_64-linux-gnu/libdbus-1.so.3.5.4
7f31a4628000-7f31a4629000 rwxp 00043000 08:05 525819                     /lib/x86_64-linux-gnu/libdbus-1.so.3.5.4
7f31a4629000-7f31a4674000 r-xp 00000000 08:05 1580900                    /usr/lib/libpulsecommon-0.9.22.so
7f31a4674000-7f31a4873000 ---p 0004b000 08:05 1580900                    /usr/lib/libpulsecommon-0.9.22.so
7f31a4873000-7f31a4874000 r-xp 0004a000 08:05 1580900                    /usr/lib/libpulsecommon-0.9.22.so
7f31a4874000-7f31a4875000 rwxp 0004b000 08:05 1580900                    /usr/lib/libpulsecommon-0.9.22.so
7f31a4875000-7f31a4878000 r-xp 00000000 08:05 1573582                    /usr/lib/libxcb-atom.so.1.0.0
7f31a4878000-7f31a4a78000 ---p 00003000 08:05 1573582                    /usr/lib/libxcb-atom.so.1.0.0
7f31a4a78000-7f31a4a79000 r-xp 00003000 08:05 1573582                    /usr/lib/libxcb-atom.so.1.0.0
7f31a4a79000-7f31a4a7a000 rwxp 00004000 08:05 1573582                    /usr/lib/libxcb-atom.so.1.0.0
7f31a4a7a000-7f31a4a81000 r-xp 00000000 08:05 1578963                    /usr/lib/x86_64-linux-gnu/libSM.so.6.0.1
7f31a4a81000-7f31a4c80000 ---p 00007000 08:05 1578963                    /usr/lib/x86_64-linux-gnu/libSM.so.6.0.1
7f31a4c80000-7f31a4c81000 r-xp 00006000 08:05 1578963                    /usr/lib/x86_64-linux-gnu/libSM.so.6.0.1
7f31a4c81000-7f31a4c82000 rwxp 00007000 08:05 1578963                    /usr/lib/x86_64-linux-gnu/libSM.so.6.0.1
7f31a4c82000-7f31a4c98000 r-xp 00000000 08:05 1571606                    /usr/lib/x86_64-linux-gnu/libICE.so.6.3.0
7f31a4c98000-7f31a4e98000 ---p 00016000 08:05 1571606                    /usr/lib/x86_64-linux-gnu/libICE.so.6.3.0
7f31a4e98000-7f31a4e99000 r-xp 00016000 08:05 1571606                    /usr/lib/x86_64-linux-gnu/libICE.so.6.3.0
7f31a4e99000-7f31a4e9a000 rwxp 00017000 08:05 1571606                    /usr/lib/x86_64-linux-gnu/libICE.so.6.3.0
7f31a4e9a000-7f31a4e9d000 rwxp 00000000 00:00 0 
7f31a4e9d000-7f31a4e9e000 r-xp 00000000 08:05 1570508                    /usr/lib/x86_64-linux-gnu/libX11-xcb.so.1.0.0
7f31a4e9e000-7f31a509d000 ---p 00001000 08:05 1570508                    /usr/lib/x86_64-linux-gnu/libX11-xcb.so.1.0.0
7f31a509d000-7f31a509e000 r-xp 00000000 08:05 1570508                    /usr/lib/x86_64-linux-gnu/libX11-xcb.so.1.0.0
7f31a509e000-7f31a509f000 rwxp 00001000 08:05 1570508                    /usr/lib/x86_64-linux-gnu/libX11-xcb.so.1.0.0
7f31a509f000-7f31a50df000 r-xp 00000000 08:05 1573921                    /usr/lib/libpulse.so.0.12.3
7f31a50df000-7f31a52de000 ---p 00040000 08:05 1573921                    /usr/lib/libpulse.so.0.12.3
7f31a52de000-7f31a52df000 r-xp 0003f000 08:05 1573921                    /usr/lib/libpulse.so.0.12.3
7f31a52df000-7f31a52e0000 rwxp 00040000 08:05 1573921                    /usr/lib/libpulse.so.0.12.3
7f31a52e0000-7f31a532c000 r-xp 00000000 08:05 524710                     /tmp/libgdx/2370704169/libopenal64.so
7f31a532c000-7f31a552b000 ---p 0004c000 08:05 524710                     /tmp/libgdx/2370704169/libopenal64.so
7f31a552b000-7f31a552d000 r-xp 0004b000 08:05 524710                     /tmp/libgdx/2370704169/libopenal64.so
7f31a552d000-7f31a552e000 rwxp 0004d000 08:05 524710                     /tmp/libgdx/2370704169/libopenal64.so
7f31a552e000-7f31a552f000 rwxp 00000000 00:00 0 
7f31a552f000-7f31a55a8000 r-xp 00000000 08:05 524745                     /tmp/libgdx/2370704169/liblwjgl64.so
7f31a55a8000-7f31a57a8000 ---p 00079000 08:05 524745                     /tmp/libgdx/2370704169/liblwjgl64.so
7f31a57a8000-7f31a57aa000 r-xp 00079000 08:05 524745                     /tmp/libgdx/2370704169/liblwjgl64.so
7f31a57aa000-7f31a57ab000 rwxp 0007b000 08:05 524745                     /tmp/libgdx/2370704169/liblwjgl64.so
7f31a57ab000-7f31a589a000 r-xp 00000000 08:05 524709                     /tmp/libgdx/2370704169/libjogl-linux64.so
7f31a589a000-7f31a599a000 ---p 000ef000 08:05 524709                     /tmp/libgdx/2370704169/libjogl-linux64.so
7f31a599a000-7f31a599b000 rwxp 000ef000 08:05 524709                     /tmp/libgdx/2370704169/libjogl-linux64.so
7f31a599b000-7f31a6de9000 r-xp 00000000 08:05 723                        /usr/lib/nvidia-current/libnvidia-glcore.so.270.41.19
7f31a6de9000-7f31a6fe9000 ---p 0144e000 08:05 723                        /usr/lib/nvidia-current/libnvidia-glcore.so.270.41.19
7f31a6fe9000-7f31a75d1000 rwxp 0144e000 08:05 723                        /usr/lib/nvidia-current/libnvidia-glcore.so.270.41.19
7f31a75d1000-7f31a75e8000 rwxp 00000000 00:00 0 
7f31a75e8000-7f31a75e9000 r-xp 00000000 08:05 716                        /usr/lib/nvidia-current/tls/libnvidia-tls.so.270.41.19
7f31a75e9000-7f31a77e9000 ---p 00001000 08:05 716                        /usr/lib/nvidia-current/tls/libnvidia-tls.so.270.41.19
7f31a77e9000-7f31a77ea000 rwxp 00001000 08:05 716                        /usr/lib/nvidia-current/tls/libnvidia-tls.so.270.41.19
7f31a77ea000-7f31a77eb000 r-xp 00000000 08:05 1734853                    /usr/lib/jvm/java-6-sun-1.6.0.24/jre/lib/amd64/libjawt.so
7f31a77eb000-7f31a78ea000 ---p 00001000 08:05 1734853                    /usr/lib/jvm/java-6-sun-1.6.0.24/jre/lib/amd64/libjawt.so
7f31a78ea000-7f31a78eb000 rwxp 00000000 08:05 1734853                    /usr/lib/jvm/java-6-sun-1.6.0.24/jre/lib/amd64/libjawt.so
7f31a78eb000-7f31a78f0000 r-xp 00000000 08:05 1581972                    /usr/lib/x86_64-linux-gnu/libXxf86vm.so.1.0.0
7f31a78f0000-7f31a7aef000 ---p 00005000 08:05 1581972                    /usr/lib/x86_64-linux-gnu/libXxf86vm.so.1.0.0
7f31a7aef000-7f31a7af0000 r-xp 00004000 08:05 1581972                    /usr/lib/x86_64-linux-gnu/libXxf86vm.so.1.0.0
7f31a7af0000-7f31a7af1000 rwxp 00005000 08:05 1581972                    /usr/lib/x86_64-linux-gnu/libXxf86vm.so.1.0.0
7f31a7af1000-7f31a7bae000 r-xp 00000000 08:05 928                        /usr/lib/nvidia-current/libGL.so.270.41.19
7f31a7bae000-7f31a7dae000 ---p 000bd000 08:05 928                        /usr/lib/nvidia-current/libGL.so.270.41.19
7f31a7dae000-7f31a7de7000 rwxp 000bd000 08:05 928                        /usr/lib/nvidia-current/libGL.so.270.41.19
7f31a7de7000-7f31a7dfd000 rwxp 00000000 00:00 0 
7f31a7dfd000-7f31a7dff000 r-xp 00000000 08:05 524696                     /tmp/libgdx/2370704169/libjogl_awt-linux64.so
7f31a7dff000-7f31a7efe000 ---p 00002000 08:05 524696                     /tmp/libgdx/2370704169/libjogl_awt-linux64.so
7f31a7efe000-7f31a7eff000 rwxp 00001000 08:05 524696                     /tmp/libgdx/2370704169/libjogl_awt-linux64.so
7f31a7eff000-7f31a7f00000 r-xp 00000000 08:05 524693                     /tmp/libgdx/2370704169/libgluegen-rt-linux64.so
7f31a7f00000-7f31a7fff000 ---p 00001000 08:05 524693                     /tmp/libgdx/2370704169/libgluegen-rt-linux64.so
7f31a7fff000-7f31a8000000 rwxp 00000000 08:05 524693                     /tmp/libgdx/2370704169/libgluegen-rt-linux64.so
7f31a8000000-7f31a9041000 rwxp 00000000 00:00 0 
7f31a9041000-7f31ac000000 ---p 00000000 00:00 0 
7f31ac049000-7f31ac05e000 r-xp 00000000 08:05 528127                     /lib/x86_64-linux-gnu/libgcc_s.so.1
7f31ac05e000-7f31ac25d000 ---p 00015000 08:05 528127                     /lib/x86_64-linux-gnu/libgcc_s.so.1
7f31ac25d000-7f31ac25e000 r-xp 00014000 08:05 528127                     /lib/x86_64-linux-gnu/libgcc_s.so.1
7f31ac25e000-7f31ac25f000 rwxp 00015000 08:05 528127                     /lib/x86_64-linux-gnu/libgcc_s.so.1
7f31ac25f000-7f31ac347000 r-xp 00000000 08:05 1571250                    /usr/lib/x86_64-linux-gnu/libstdc++.so.6.0.14
7f31ac347000-7f31ac546000 ---p 000e8000 08:05 1571250                    /usr/lib/x86_64-linux-gnu/libstdc++.so.6.0.14
7f31ac546000-7f31ac54e000 r-xp 000e7000 08:05 1571250                    /usr/lib/x86_64-linux-gnu/libstdc++.so.6.0.14
7f31ac54e000-7f31ac550000 rwxp 000ef000 08:05 1571250                    /usr/lib/x86_64-linux-gnu/libstdc++.so.6.0.14
7f31ac550000-7f31ac565000 rwxp 00000000 00:00 0 
7f31ac565000-7f31ac5f1000 r-xp 00000000 08:05 524682                     /tmp/libgdx/2370704169/libgdx-64.so
7f31ac5f1000-7f31ac7f1000 ---p 0008c000 08:05 524682                     /tmp/libgdx/2370704169/libgdx-64.so
7f31ac7f1000-7f31ac7f2000 r-xp 0008c000 08:05 524682                     /tmp/libgdx/2370704169/libgdx-64.so
7f31ac7f2000-7f31ac7f3000 rwxp 0008d000 08:05 524682                     /tmp/libgdx/2370704169/libgdx-64.so
7f31ac7f3000-7f31ac7f6000 rwxp 00000000 00:00 0 
7f31ac7f6000-7f31ac7f9000 ---p 00000000 00:00 0 
7f31ac7f9000-7f31ac8f7000 rwxp 00000000 00:00 0 
7f31ac8f7000-7f31ac8fa000 ---p 00000000 00:00 0 
7f31ac8fa000-7f31ac9f8000 rwxp 00000000 00:00 0 
7f31ac9f8000-7f31ac9fb000 ---p 00000000 00:00 0 
7f31ac9fb000-7f31acaf9000 rwxp 00000000 00:00 0 
7f31acaf9000-7f31acafa000 r-xs 00000000 08:05 532633                     /var/cache/fontconfig/26de28bc8622bbc1fb67fd234c21975f-le64.cache-3
7f31acafa000-7f31acafb000 r-xs 00000000 08:05 554485                     /var/cache/fontconfig/c05880de57d1f5e948fdfacc138775d9-le64.cache-3
7f31acafb000-7f31acb04000 r-xs 00000000 08:05 527845                     /var/cache/fontconfig/945677eb7aeaf62f1d50efc3fb3ec7d8-le64.cache-3
7f31acb04000-7f31acb06000 r-xs 00000000 08:05 554480                     /var/cache/fontconfig/99e8ed0e538f840c565b6ed5dad60d56-le64.cache-3
7f31acb06000-7f31acb09000 r-xs 00000000 08:05 554411                     /var/cache/fontconfig/f24b2111ab8703b4e963115a8cf14259-le64.cache-3
7f31acb09000-7f31acb0c000 r-xs 00000000 08:05 554479                     /var/cache/fontconfig/e383d7ea5fbe662a33d9b44caf393297-le64.cache-3
7f31acb0c000-7f31acb0f000 r-xs 00000000 08:05 554477                     /var/cache/fontconfig/2cd17615ca594fa2959ae173292e504c-le64.cache-3
7f31acb0f000-7f31acb10000 r-xs 00000000 08:05 554471                     /var/cache/fontconfig/e7071f4a29fa870f4323321c154eba04-le64.cache-3
7f31acb10000-7f31acb14000 r-xs 00000000 08:05 554470                     /var/cache/fontconfig/6eb3985aa4124903f6ff08ba781cd364-le64.cache-3
7f31acb14000-7f31acb15000 r-xs 00000000 08:05 554466                     /var/cache/fontconfig/4c73fe0c47614734b17d736dbde7580a-le64.cache-3
7f31acb15000-7f31acb16000 r-xs 00000000 08:05 554459                     /var/cache/fontconfig/0d8c3b2ac0904cb8a57a757ad11a4a08-le64.cache-3
7f31acb16000-7f31acb17000 r-xs 00000000 08:05 554454                     /var/cache/fontconfig/6a53c69dea097a2d716e069445527da8-le64.cache-3
7f31acb17000-7f31acb1c000 r-xs 00000000 08:05 554453                     /var/cache/fontconfig/062808c12e6e608270f93bb230aed730-le64.cache-3
7f31acb1c000-7f31acb22000 r-xs 00000000 08:05 554429                     /var/cache/fontconfig/a755afe4a08bf5b97852ceb7400b47bc-le64.cache-3
7f31acb22000-7f31acb27000 r-xs 00000000 08:05 554452                     /var/cache/fontconfig/515ca1ebc4b18308bea979be5704f9db-le64.cache-3
7f31acb27000-7f31acb30000 r-xs 00000000 08:05 554448                     /var/cache/fontconfig/6d41288fd70b0be22e8c3a91e032eec0-le64.cache-3
7f31acb30000-7f31acb40000 r-xs 00000000 08:05 554447                     /var/cache/fontconfig/0f34bcd4b6ee430af32735b75db7f02b-le64.cache-3
7f31acb40000-7f31acb43000 r-xs 00000000 08:05 554441                     /var/cache/fontconfig/d60319d88cac85ba9e1a07bd06cfbb8c-le64.cache-3
7f31acb43000-7f31acb71000 r-xs 00000000 08:05 554435                     /var/cache/fontconfig/365b55f210c0a22e9a19e35191240f32-le64.cache-3
7f31acb71000-7f31acb7b000 r-xs 00000000 08:05 554433                     /var/cache/fontconfig/d52a8644073d54c13679302ca1180695-le64.cache-3
7f31acbd3000-7f31acbdb000 r-xs 0003d000 08:05 1311180                    /home/bompo/git/mgcube/libs/scoreloop-core.jar
7f31acbdb000-7f31acc1b000 rwxs 7f581000 00:05 7122                       /dev/nvidia0
7f31acc3b000-7f31acc40000 r-xp 00000000 08:05 1570859                    /usr/lib/x86_64-linux-gnu/libXfixes.so.3.1.0
7f31acc40000-7f31ace3f000 ---p 00005000 08:05 1570859                    /usr/lib/x86_64-linux-gnu/libXfixes.so.3.1.0
7f31ace3f000-7f31ace40000 r-xp 00004000 08:05 1570859                    /usr/lib/x86_64-linux-gnu/libXfixes.so.3.1.0
7f31ace40000-7f31ace41000 rwxp 00005000 08:05 1570859                    /usr/lib/x86_64-linux-gnu/libXfixes.so.3.1.0
7f31ace41000-7f31ace4a000 r-xp 00000000 08:05 1573929                    /usr/lib/x86_64-linux-gnu/libXcursor.so.1.0.2
7f31ace4a000-7f31ad049000 ---p 00009000 08:05 1573929                    /usr/lib/x86_64-linux-gnu/libXcursor.so.1.0.2
7f31ad049000-7f31ad04a000 r-xp 00008000 08:05 1573929                    /usr/lib/x86_64-linux-gnu/libXcursor.so.1.0.2
7f31ad04a000-7f31ad04b000 rwxp 00009000 08:05 1573929                    /usr/lib/x86_64-linux-gnu/libXcursor.so.1.0.2
7f31ad04b000-7f31ad054000 r-xp 00000000 08:05 1570620                    /usr/lib/x86_64-linux-gnu/libXrender.so.1.3.0
7f31ad054000-7f31ad254000 ---p 00009000 08:05 1570620                    /usr/lib/x86_64-linux-gnu/libXrender.so.1.3.0
7f31ad254000-7f31ad255000 r-xp 00009000 08:05 1570620                    /usr/lib/x86_64-linux-gnu/libXrender.so.1.3.0
7f31ad255000-7f31ad256000 rwxp 0000a000 08:05 1570620                    /usr/lib/x86_64-linux-gnu/libXrender.so.1.3.0
7f31ad256000-7f31ad25e000 r-xp 00000000 08:05 1581969                    /usr/lib/x86_64-linux-gnu/libXrandr.so.2.2.0
7f31ad25e000-7f31ad45d000 ---p 00008000 08:05 1581969                    /usr/lib/x86_64-linux-gnu/libXrandr.so.2.2.0
7f31ad45d000-7f31ad45e000 r-xp 00007000 08:05 1581969                    /usr/lib/x86_64-linux-gnu/libXrandr.so.2.2.0
7f31ad45e000-7f31ad45f000 rwxp 00008000 08:05 1581969                    /usr/lib/x86_64-linux-gnu/libXrandr.so.2.2.0
7f31ad464000-7f31ad466000 rwxs 00000000 08:05 523794                     /tmp/glltFXbI (deleted)
7f31ad466000-7f31ad46a000 rwxs 7f483000 00:05 7122                       /dev/nvidia0
7f31ad46a000-7f31ad46b000 rwxs d0008000 00:05 7122                       /dev/nvidia0
7f31ad46b000-7f31ad46c000 rwxs ba120000 00:05 7122                       /dev/nvidia0
7f31ad46c000-7f31ad470000 rwxs bcd0e000 00:05 7122                       /dev/nvidia0
7f31ad470000-7f31ad471000 rwxs fbc0a000 00:05 7122                       /dev/nvidia0
7f31ad471000-7f31ad48c000 rwxs 12e0c0000 00:05 7122                      /dev/nvidia0
7f31ad48c000-7f31ad48f000 ---p 00000000 00:00 0 
7f31ad48f000-7f31ad58d000 rwxp 00000000 00:00 0 
7f31ad58d000-7f31ad606000 r-xp 00000000 08:05 1734841                    /usr/lib/jvm/java-6-sun-1.6.0.24/jre/lib/amd64/libfontmanager.so
7f31ad606000-7f31ad705000 ---p 00079000 08:05 1734841                    /usr/lib/jvm/java-6-sun-1.6.0.24/jre/lib/amd64/libfontmanager.so
7f31ad705000-7f31ad71a000 rwxp 00078000 08:05 1734841                    /usr/lib/jvm/java-6-sun-1.6.0.24/jre/lib/amd64/libfontmanager.so
7f31ad71a000-7f31ad72b000 rwxp 00000000 00:00 0 
7f31ad72b000-7f31ad730000 r-xp 00000000 08:05 1573561                    /usr/lib/x86_64-linux-gnu/libXdmcp.so.6.0.0
7f31ad730000-7f31ad92f000 ---p 00005000 08:05 1573561                    /usr/lib/x86_64-linux-gnu/libXdmcp.so.6.0.0
7f31ad92f000-7f31ad930000 r-xp 00004000 08:05 1573561                    /usr/lib/x86_64-linux-gnu/libXdmcp.so.6.0.0
7f31ad930000-7f31ad931000 rwxp 00005000 08:05 1573561                    /usr/lib/x86_64-linux-gnu/libXdmcp.so.6.0.0
7f31ad931000-7f31ad933000 r-xp 00000000 08:05 1570542                    /usr/lib/x86_64-linux-gnu/libXau.so.6.0.0
7f31ad933000-7f31adb32000 ---p 00002000 08:05 1570542                    /usr/lib/x86_64-linux-gnu/libXau.so.6.0.0
7f31adb32000-7f31adb33000 r-xp 00001000 08:05 1570542                    /usr/lib/x86_64-linux-gnu/libXau.so.6.0.0
7f31adb33000-7f31adb34000 rwxp 00002000 08:05 1570542                    /usr/lib/x86_64-linux-gnu/libXau.so.6.0.0
7f31adb34000-7f31adb4f000 r-xp 00000000 08:05 1572615                    /usr/lib/x86_64-linux-gnu/libxcb.so.1.1.0
7f31adb4f000-7f31add4e000 ---p 0001b000 08:05 1572615                    /usr/lib/x86_64-linux-gnu/libxcb.so.1.1.0
7f31add4e000-7f31add4f000 r-xp 0001a000 08:05 1572615                    /usr/lib/x86_64-linux-gnu/libxcb.so.1.1.0
7f31add4f000-7f31add50000 rwxp 0001b000 08:05 1572615                    /usr/lib/x86_64-linux-gnu/libxcb.so.1.1.0
7f31add50000-7f31add5f000 r-xp 00000000 08:05 1613065                    /usr/lib/x86_64-linux-gnu/libXi.so.6.1.0
7f31add5f000-7f31adf5e000 ---p 0000f000 08:05 1613065                    /usr/lib/x86_64-linux-gnu/libXi.so.6.1.0
7f31adf5e000-7f31adf5f000 r-xp 0000e000 08:05 1613065                    /usr/lib/x86_64-linux-gnu/libXi.so.6.1.0
7f31adf5f000-7f31adf60000 rwxp 0000f000 08:05 1613065                    /usr/lib/x86_64-linux-gnu/libXi.so.6.1.0
7f31adf60000-7f31adf65000 r-xp 00000000 08:05 1572606                    /usr/lib/libXtst.so.6.1.0
7f31adf65000-7f31ae164000 ---p 00005000 08:05 1572606                    /usr/lib/libXtst.so.6.1.0
7f31ae164000-7f31ae165000 r-xp 00004000 08:05 1572606                    /usr/lib/libXtst.so.6.1.0
7f31ae165000-7f31ae166000 rwxp 00005000 08:05 1572606                    /usr/lib/libXtst.so.6.1.0
7f31ae166000-7f31ae29b000 r-xp 00000000 08:05 1573591                    /usr/lib/x86_64-linux-gnu/libX11.so.6.3.0
7f31ae29b000-7f31ae49b000 ---p 00135000 08:05 1573591                    /usr/lib/x86_64-linux-gnu/libX11.so.6.3.0
7f31ae49b000-7f31ae49c000 r-xp 00135000 08:05 1573591                    /usr/lib/x86_64-linux-gnu/libX11.so.6.3.0
7f31ae49c000-7f31ae4a0000 rwxp 00136000 08:05 1573591                    /usr/lib/x86_64-linux-gnu/libX11.so.6.3.0
7f31ae4a0000-7f31ae4b1000 r-xp 00000000 08:05 1571673                    /usr/lib/x86_64-linux-gnu/libXext.so.6.4.0
7f31ae4b1000-7f31ae6b0000 ---p 00011000 08:05 1571673                    /usr/lib/x86_64-linux-gnu/libXext.so.6.4.0
7f31ae6b0000-7f31ae6b1000 r-xp 00010000 08:05 1571673                    /usr/lib/x86_64-linux-gnu/libXext.so.6.4.0
7f31ae6b1000-7f31ae6b2000 rwxp 00011000 08:05 1571673                    /usr/lib/x86_64-linux-gnu/libXext.so.6.4.0
7f31ae6b2000-7f31ae6b3000 rwxs fb641000 00:05 7122                       /dev/nvidia0
7f31ae6b3000-7f31ae6b4000 r-xs 00000000 08:05 554418                     /var/cache/fontconfig/ec648e9a1aea82bddd4bd6050028158d-le64.cache-3
7f31ae6b4000-7f31ae6c7000 r-xs 00000000 08:05 538224                     /var/cache/fontconfig/e13b20fdb08344e0e664864cc2ede53d-le64.cache-3
7f31ae6c7000-7f31ae6cb000 r-xs 00000000 08:05 538228                     /var/cache/fontconfig/7ef2298fde41cc6eeb7af42e48b7d293-le64.cache-3
7f31ae6cb000-7f31ae6df000 r-xs 00000000 08:05 527842                     /var/cache/fontconfig/865f88548240fee46819705c6468c165-le64.cache-3
7f31ae6df000-7f31ae721000 r-xp 00000000 08:05 1734831                    /usr/lib/jvm/java-6-sun-1.6.0.24/jre/lib/amd64/xawt/libmawt.so
7f31ae721000-7f31ae820000 ---p 00042000 08:05 1734831                    /usr/lib/jvm/java-6-sun-1.6.0.24/jre/lib/amd64/xawt/libmawt.so
7f31ae820000-7f31ae82c000 rwxp 00041000 08:05 1734831                    /usr/lib/jvm/java-6-sun-1.6.0.24/jre/lib/amd64/xawt/libmawt.so
7f31ae82c000-7f31ae82d000 rwxp 00000000 00:00 0 
7f31ae82d000-7f31ae8bf000 r-xp 00000000 08:05 1734852                    /usr/lib/jvm/java-6-sun-1.6.0.24/jre/lib/amd64/libawt.so
7f31ae8bf000-7f31ae9be000 ---p 00092000 08:05 1734852                    /usr/lib/jvm/java-6-sun-1.6.0.24/jre/lib/amd64/libawt.so
7f31ae9be000-7f31ae9d7000 rwxp 00091000 08:05 1734852                    /usr/lib/jvm/java-6-sun-1.6.0.24/jre/lib/amd64/libawt.so
7f31ae9d7000-7f31ae9fc000 rwxp 00000000 00:00 0 
7f31ae9fc000-7f31aea07000 r-xs 00092000 08:05 1330406                    /home/bompo/git/mgcube/libs/gdx.jar
7f31aea07000-7f31aea0e000 r-xs 00074000 08:05 1330357                    /home/bompo/git/mgcube/libs/gdx-sources.jar
7f31aea0e000-7f31aea0f000 ---p 00000000 00:00 0 
7f31aea0f000-7f31aeb0f000 rwxp 00000000 00:00 0 
7f31aeb0f000-7f31aeb12000 ---p 00000000 00:00 0 
7f31aeb12000-7f31aec10000 rwxp 00000000 00:00 0 
7f31aec10000-7f31aec13000 ---p 00000000 00:00 0 
7f31aec13000-7f31aed11000 rwxp 00000000 00:00 0 
7f31aed11000-7f31aed14000 ---p 00000000 00:00 0 
7f31aed14000-7f31aee12000 rwxp 00000000 00:00 0 
7f31aee12000-7f31aee15000 ---p 00000000 00:00 0 
7f31aee15000-7f31aef13000 rwxp 00000000 00:00 0 
7f31aef13000-7f31af31b000 r-xp 00000000 08:05 1570348                    /usr/lib/locale/locale-archive
7f31af31b000-7f31af31e000 ---p 00000000 00:00 0 
7f31af31e000-7f31af41c000 rwxp 00000000 00:00 0 
7f31af41c000-7f31af41f000 ---p 00000000 00:00 0 
7f31af41f000-7f31af51d000 rwxp 00000000 00:00 0 
7f31af51d000-7f31af51e000 ---p 00000000 00:00 0 
7f31af51e000-7f31afb57000 rwxp 00000000 00:00 0 
7f31afb57000-7f31afcef000 r-xs 03027000 08:05 1662454                    /usr/lib/jvm/java-6-sun-1.6.0.24/jre/lib/rt.jar
7f31afcef000-7f31afd17000 rwxp 00000000 00:00 0 
7f31afd17000-7f31afd18000 ---p 00000000 00:00 0 
7f31afd18000-7f31afe18000 rwxp 00000000 00:00 0 
7f31afe18000-7f31afe19000 ---p 00000000 00:00 0 
7f31afe19000-7f31aff19000 rwxp 00000000 00:00 0 
7f31aff19000-7f31aff1a000 ---p 00000000 00:00 0 
7f31aff1a000-7f31b001a000 rwxp 00000000 00:00 0 
7f31b001a000-7f31b001b000 ---p 00000000 00:00 0 
7f31b001b000-7f31b0126000 rwxp 00000000 00:00 0 
7f31b0126000-7f31b0144000 rwxp 00000000 00:00 0 
7f31b0144000-7f31b0159000 rwxp 00000000 00:00 0 
7f31b0159000-7f31b028e000 rwxp 00000000 00:00 0 
7f31b028e000-7f31b0299000 rwxp 00000000 00:00 0 
7f31b0299000-7f31b02b7000 rwxp 00000000 00:00 0 
7f31b02b7000-7f31b02cc000 rwxp 00000000 00:00 0 
7f31b02cc000-7f31b0401000 rwxp 00000000 00:00 0 
7f31b0401000-7f31b040c000 rwxp 00000000 00:00 0 
7f31b040c000-7f31b04a6000 rwxp 00000000 00:00 0 
7f31b04a6000-7f31b0717000 rwxp 00000000 00:00 0 
7f31b0717000-7f31b34a7000 rwxp 00000000 00:00 0 
7f31b34a7000-7f31b34b5000 r-xp 00000000 08:05 1734847                    /usr/lib/jvm/java-6-sun-1.6.0.24/jre/lib/amd64/libzip.so
7f31b34b5000-7f31b35b7000 ---p 0000e000 08:05 1734847                    /usr/lib/jvm/java-6-sun-1.6.0.24/jre/lib/amd64/libzip.so
7f31b35b7000-7f31b35ba000 rwxp 00010000 08:05 1734847                    /usr/lib/jvm/java-6-sun-1.6.0.24/jre/lib/amd64/libzip.so
7f31b35ba000-7f31b35bb000 rwxp 00000000 00:00 0 
7f31b35bb000-7f31b35c7000 r-xp 00000000 08:05 535712                     /lib/x86_64-linux-gnu/libnss_files-2.13.so
7f31b35c7000-7f31b37c6000 ---p 0000c000 08:05 535712                     /lib/x86_64-linux-gnu/libnss_files-2.13.so
7f31b37c6000-7f31b37c7000 r-xp 0000b000 08:05 535712                     /lib/x86_64-linux-gnu/libnss_files-2.13.so
7f31b37c7000-7f31b37c8000 rwxp 0000c000 08:05 535712                     /lib/x86_64-linux-gnu/libnss_files-2.13.so
7f31b37c8000-7f31b37d3000 r-xp 00000000 08:05 535714                     /lib/x86_64-linux-gnu/libnss_nis-2.13.so
7f31b37d3000-7f31b39d2000 ---p 0000b000 08:05 535714                     /lib/x86_64-linux-gnu/libnss_nis-2.13.so
7f31b39d2000-7f31b39d3000 r-xp 0000a000 08:05 535714                     /lib/x86_64-linux-gnu/libnss_nis-2.13.so
7f31b39d3000-7f31b39d4000 rwxp 0000b000 08:05 535714                     /lib/x86_64-linux-gnu/libnss_nis-2.13.so
7f31b39d4000-7f31b39dc000 r-xp 00000000 08:05 535710                     /lib/x86_64-linux-gnu/libnss_compat-2.13.so
7f31b39dc000-7f31b3bdb000 ---p 00008000 08:05 535710                     /lib/x86_64-linux-gnu/libnss_compat-2.13.so
7f31b3bdb000-7f31b3bdc000 r-xp 00007000 08:05 535710                     /lib/x86_64-linux-gnu/libnss_compat-2.13.so
7f31b3bdc000-7f31b3bdd000 rwxp 00008000 08:05 535710                     /lib/x86_64-linux-gnu/libnss_compat-2.13.so
7f31b3bdd000-7f31b3be4000 r-xp 00000000 08:05 1734857                    /usr/lib/jvm/java-6-sun-1.6.0.24/jre/lib/amd64/native_threads/libhpi.so
7f31b3be4000-7f31b3ce5000 ---p 00007000 08:05 1734857                    /usr/lib/jvm/java-6-sun-1.6.0.24/jre/lib/amd64/native_threads/libhpi.so
7f31b3ce5000-7f31b3ce7000 rwxp 00008000 08:05 1734857                    /usr/lib/jvm/java-6-sun-1.6.0.24/jre/lib/amd64/native_threads/libhpi.so
7f31b3ce7000-7f31b3ce8000 rwxp 00000000 00:00 0 
7f31b3ce8000-7f31b3cff000 r-xp 00000000 08:05 535709                     /lib/x86_64-linux-gnu/libnsl-2.13.so
7f31b3cff000-7f31b3efe000 ---p 00017000 08:05 535709                     /lib/x86_64-linux-gnu/libnsl-2.13.so
7f31b3efe000-7f31b3eff000 r-xp 00016000 08:05 535709                     /lib/x86_64-linux-gnu/libnsl-2.13.so
7f31b3eff000-7f31b3f00000 rwxp 00017000 08:05 535709                     /lib/x86_64-linux-gnu/libnsl-2.13.so
7f31b3f00000-7f31b3f02000 rwxp 00000000 00:00 0 
7f31b3f02000-7f31b3f2b000 r-xp 00000000 08:05 1734846                    /usr/lib/jvm/java-6-sun-1.6.0.24/jre/lib/amd64/libjava.so
7f31b3f2b000-7f31b402a000 ---p 00029000 08:05 1734846                    /usr/lib/jvm/java-6-sun-1.6.0.24/jre/lib/amd64/libjava.so
7f31b402a000-7f31b4031000 rwxp 00028000 08:05 1734846                    /usr/lib/jvm/java-6-sun-1.6.0.24/jre/lib/amd64/libjava.so
7f31b4031000-7f31b403e000 r-xp 00000000 08:05 1731420                    /usr/lib/jvm/java-6-sun-1.6.0.24/jre/lib/amd64/libverify.so
7f31b403e000-7f31b413d000 ---p 0000d000 08:05 1731420                    /usr/lib/jvm/java-6-sun-1.6.0.24/jre/lib/amd64/libverify.so
7f31b413d000-7f31b4140000 rwxp 0000c000 08:05 1731420                    /usr/lib/jvm/java-6-sun-1.6.0.24/jre/lib/amd64/libverify.so
7f31b4140000-7f31b4147000 r-xp 00000000 08:05 535724                     /lib/x86_64-linux-gnu/librt-2.13.so
7f31b4147000-7f31b4346000 ---p 00007000 08:05 535724                     /lib/x86_64-linux-gnu/librt-2.13.so
7f31b4346000-7f31b4347000 r-xp 00006000 08:05 535724                     /lib/x86_64-linux-gnu/librt-2.13.so
7f31b4347000-7f31b4348000 rwxp 00007000 08:05 535724                     /lib/x86_64-linux-gnu/librt-2.13.so
7f31b4348000-7f31b434b000 ---p 00000000 00:00 0 
7f31b434b000-7f31b4449000 rwxp 00000000 00:00 0 
7f31b4449000-7f31b44cd000 r-xp 00000000 08:05 535703                     /lib/x86_64-linux-gnu/libm-2.13.so
7f31b44cd000-7f31b46cc000 ---p 00084000 08:05 535703                     /lib/x86_64-linux-gnu/libm-2.13.so
7f31b46cc000-7f31b46cd000 r-xp 00083000 08:05 535703                     /lib/x86_64-linux-gnu/libm-2.13.so
7f31b46cd000-7f31b46ce000 rwxp 00084000 08:05 535703                     /lib/x86_64-linux-gnu/libm-2.13.so
7f31b46ce000-7f31b4f0c000 r-xp 00000000 08:05 1734849                    /usr/lib/jvm/java-6-sun-1.6.0.24/jre/lib/amd64/server/libjvm.so
7f31b4f0c000-7f31b500b000 ---p 0083e000 08:05 1734849                    /usr/lib/jvm/java-6-sun-1.6.0.24/jre/lib/amd64/server/libjvm.so
7f31b500b000-7f31b519f000 rwxp 0083d000 08:05 1734849                    /usr/lib/jvm/java-6-sun-1.6.0.24/jre/lib/amd64/server/libjvm.so
7f31b519f000-7f31b51d8000 rwxp 00000000 00:00 0 
7f31b51d8000-7f31b5362000 r-xp 00000000 08:05 535697                     /lib/x86_64-linux-gnu/libc-2.13.so
7f31b5362000-7f31b5561000 ---p 0018a000 08:05 535697                     /lib/x86_64-linux-gnu/libc-2.13.so
7f31b5561000-7f31b5565000 r-xp 00189000 08:05 535697                     /lib/x86_64-linux-gnu/libc-2.13.so
7f31b5565000-7f31b5566000 rwxp 0018d000 08:05 535697                     /lib/x86_64-linux-gnu/libc-2.13.so
7f31b5566000-7f31b556c000 rwxp 00000000 00:00 0 
7f31b556c000-7f31b556e000 r-xp 00000000 08:05 535702                     /lib/x86_64-linux-gnu/libdl-2.13.so
7f31b556e000-7f31b576e000 ---p 00002000 08:05 535702                     /lib/x86_64-linux-gnu/libdl-2.13.so
7f31b576e000-7f31b576f000 r-xp 00002000 08:05 535702                     /lib/x86_64-linux-gnu/libdl-2.13.so
7f31b576f000-7f31b5770000 rwxp 00003000 08:05 535702                     /lib/x86_64-linux-gnu/libdl-2.13.so
7f31b5770000-7f31b5788000 r-xp 00000000 08:05 535718                     /lib/x86_64-linux-gnu/libpthread-2.13.so
7f31b5788000-7f31b5988000 ---p 00018000 08:05 535718                     /lib/x86_64-linux-gnu/libpthread-2.13.so
7f31b5988000-7f31b5989000 r-xp 00018000 08:05 535718                     /lib/x86_64-linux-gnu/libpthread-2.13.so
7f31b5989000-7f31b598a000 rwxp 00019000 08:05 535718                     /lib/x86_64-linux-gnu/libpthread-2.13.so
7f31b598a000-7f31b598e000 rwxp 00000000 00:00 0 
7f31b598e000-7f31b59af000 r-xp 00000000 08:05 535673                     /lib/x86_64-linux-gnu/ld-2.13.so
7f31b59af000-7f31b59b0000 rwxs 127f98000 00:05 7122                      /dev/nvidia0
7f31b59b0000-7f31b59b1000 rwxs ba3f0000 00:05 7122                       /dev/nvidia0
7f31b59b1000-7f31b59bb000 rwxp 00000000 00:00 0 
7f31b59bb000-7f31b5a71000 rwxp 00000000 00:00 0 
7f31b5a71000-7f31b5a74000 rwxp 00000000 00:00 0 
7f31b5a74000-7f31b5a7b000 r-xp 00000000 08:05 1731410                    /usr/lib/jvm/java-6-sun-1.6.0.24/jre/lib/amd64/jli/libjli.so
7f31b5a7b000-7f31b5b7c000 ---p 00007000 08:05 1731410                    /usr/lib/jvm/java-6-sun-1.6.0.24/jre/lib/amd64/jli/libjli.so
7f31b5b7c000-7f31b5b7e000 rwxp 00008000 08:05 1731410                    /usr/lib/jvm/java-6-sun-1.6.0.24/jre/lib/amd64/jli/libjli.so
7f31b5b7e000-7f31b5b7f000 rwxp 00000000 00:00 0 
7f31b5b7f000-7f31b5b80000 rwxs fb060000 00:05 7122                       /dev/nvidia0
7f31b5b80000-7f31b5b81000 r-xs 00000000 08:05 530935                     /var/cache/fontconfig/4794a0821666d79190d59a36cb4f44b5-le64.cache-3
7f31b5b81000-7f31b5b82000 r-xs 00000000 08:05 1340105                    /home/bompo/.fontconfig/aa7e4f27e681240d22a1f116cf7520f0-le64.cache-3
7f31b5b82000-7f31b5b83000 r-xs 001a1000 08:05 1339854                    /home/bompo/git/mgcube/libs/gdx-natives.jar
7f31b5b83000-7f31b5b9d000 r-xs 00206000 08:05 1339556                    /home/bompo/git/mgcube/libs/gdx-backend-jogl.jar
7f31b5b9d000-7f31b5b9e000 r-xs 00007000 08:05 1330241                    /home/bompo/git/mgcube/libs/gdx-backend-jogl-sources.jar
7f31b5b9e000-7f31b5b9f000 r-xs 00203000 08:05 1339177                    /home/bompo/git/mgcube/libs/gdx-backend-jogl-natives.jar
7f31b5b9f000-7f31b5ba2000 r-xs 0000f000 08:05 1622792                    /usr/lib/jvm/java-6-sun-1.6.0.24/jre/lib/ext/pulse-java.jar
7f31b5ba2000-7f31b5baa000 rwxs 00000000 08:05 524774                     /tmp/hsperfdata_bompo/3136
7f31b5baa000-7f31b5bab000 rwxp 00000000 00:00 0 
7f31b5bab000-7f31b5bac000 r-xp 00000000 00:00 0 
7f31b5bac000-7f31b5bae000 rwxp 00000000 00:00 0 
7f31b5bae000-7f31b5baf000 r-xp 00020000 08:05 535673                     /lib/x86_64-linux-gnu/ld-2.13.so
7f31b5baf000-7f31b5bb1000 rwxp 00021000 08:05 535673                     /lib/x86_64-linux-gnu/ld-2.13.so
7fff48f35000-7fff48f56000 rwxp 00000000 00:00 0                          [stack]
7fff48fff000-7fff49000000 r-xp 00000000 00:00 0                          [vdso]
ffffffffff600000-ffffffffff601000 r-xp 00000000 00:00 0                  [vsyscall]

VM Arguments:
jvm_args: -Dfile.encoding=UTF-8 
java_command: de.swagner.mgcube.DesktopStarter
Launcher Type: SUN_STANDARD

Environment Variables:
PATH=/usr/local/sbin:/usr/local/bin:/usr/sbin:/usr/bin:/sbin:/bin:/usr/games
USERNAME=bompo
LD_LIBRARY_PATH=/usr/lib/jvm/java-6-sun-1.6.0.24/jre/lib/amd64/server:/usr/lib/jvm/java-6-sun-1.6.0.24/jre/lib/amd64:/usr/lib/jvm/java-6-sun-1.6.0.24/jre/../lib/amd64:/usr/lib/jvm/java-6-openjdk/jre/lib/amd64/server:/usr/lib/jvm/java-6-openjdk/jre/lib/amd64:/usr/lib/jvm/java-6-openjdk/jre/../lib/amd64:/usr/lib64/xulrunner-addons
SHELL=/bin/bash
DISPLAY=:0.0

Signal Handlers:
SIGSEGV: [libjvm.so+0x791b30], sa_mask[0]=0x7ffbfeff, sa_flags=0x10000004
SIGBUS: [libjvm.so+0x791b30], sa_mask[0]=0x7ffbfeff, sa_flags=0x10000004
SIGFPE: [libjvm.so+0x640ba0], sa_mask[0]=0x7ffbfeff, sa_flags=0x10000004
SIGPIPE: [libjvm.so+0x640ba0], sa_mask[0]=0x7ffbfeff, sa_flags=0x10000004
SIGXFSZ: [libjvm.so+0x640ba0], sa_mask[0]=0x7ffbfeff, sa_flags=0x10000004
SIGILL: [libjvm.so+0x640ba0], sa_mask[0]=0x7ffbfeff, sa_flags=0x10000004
SIGUSR1: SIG_DFL, sa_mask[0]=0x00000000, sa_flags=0x00000000
SIGUSR2: [libjvm.so+0x643780], sa_mask[0]=0x00000004, sa_flags=0x10000004
SIGHUP: [libjvm.so+0x643380], sa_mask[0]=0x7ffbfeff, sa_flags=0x10000004
SIGINT: [libjvm.so+0x643380], sa_mask[0]=0x7ffbfeff, sa_flags=0x10000004
SIGTERM: [libjvm.so+0x643380], sa_mask[0]=0x7ffbfeff, sa_flags=0x10000004
SIGQUIT: [libjvm.so+0x643380], sa_mask[0]=0x7ffbfeff, sa_flags=0x10000004


---------------  S Y S T E M  ---------------

OS:squeeze/sid

uname:Linux 2.6.38-10-generic #46-Ubuntu SMP Tue Jun 28 15:07:17 UTC 2011 x86_64
libc:glibc 2.13 NPTL 2.13 
rlimit: STACK 8192k, CORE 0k, NPROC infinity, NOFILE 4096, AS infinity
load average:0.08 0.49 0.49

/proc/meminfo:
MemTotal:        4047872 kB
MemFree:         1833484 kB
Buffers:          122332 kB
Cached:           549484 kB
SwapCached:            0 kB
Active:          1478832 kB
Inactive:         448744 kB
Active(anon):    1256468 kB
Inactive(anon):     6164 kB
Active(file):     222364 kB
Inactive(file):   442580 kB
Unevictable:         132 kB
Mlocked:             132 kB
SwapTotal:      19529724 kB
SwapFree:       19529724 kB
Dirty:              5128 kB
Writeback:             0 kB
AnonPages:       1256300 kB
Mapped:           157452 kB
Shmem:              6924 kB
Slab:              85700 kB
SReclaimable:      60848 kB
SUnreclaim:        24852 kB
KernelStack:        3584 kB
PageTables:        28312 kB
NFS_Unstable:          0 kB
Bounce:                0 kB
WritebackTmp:          0 kB
CommitLimit:    21553660 kB
Committed_AS:    3213192 kB
VmallocTotal:   34359738367 kB
VmallocUsed:      341768 kB
VmallocChunk:   34359375356 kB
HardwareCorrupted:     0 kB
HugePages_Total:       0
HugePages_Free:        0
HugePages_Rsvd:        0
HugePages_Surp:        0
Hugepagesize:       2048 kB
DirectMap4k:      132544 kB
DirectMap2M:     4052992 kB


CPU:total 4 (4 cores per cpu, 1 threads per core) family 6 model 30 stepping 5, cmov, cx8, fxsr, mmx, sse, sse2, sse3, ssse3, sse4.1, sse4.2, popcnt

Memory: 4k page, physical 4047872k(1833484k free), swap 19529724k(19529724k free)

vm_info: Java HotSpot(TM) 64-Bit Server VM (19.1-b02) for linux-amd64 JRE (1.6.0_24-b07), built on Feb  2 2011 16:55:54 by "java_re" with gcc 3.2.2 (SuSE Linux)

time: Sat Jul  2 23:45:51 2011
elapsed time: 51 seconds

