#
# A fatal error has been detected by the Java Runtime Environment:
#
#  SIGBUS (0x7) at pc=0x00007f4f29bfb792, pid=22309, tid=139977983194880
#
# JRE version: 6.0_24-b07
# Java VM: Java HotSpot(TM) 64-Bit Server VM (19.1-b02 mixed mode linux-amd64 compressed oops)
# Problematic frame:
# 
[error occurred during error reporting (printing problematic frame), id 0x7]

# If you would like to submit a bug report, please visit:
#   http://java.sun.com/webapps/bugreport/crash.jsp
# The crash happened outside the Java Virtual Machine in native code.
# See problematic frame for where to report the bug.
#

---------------  T H R E A D  ---------------

Current thread (0x0000000041269800):  JavaThread "AWT-EventQueue-0" [_thread_in_native, id=22331, stack(0x00007f4f29e6f000,0x00007f4f29f70000)]

siginfo:si_signo=SIGBUS: si_errno=0, si_code=2 (BUS_ADRERR), si_addr=0x00007f4f29c5006c

Registers:
RAX=0x00000000ec715228, RBX=0x00000000412699c8, RCX=0x0000000040f64460, RDX=0x00007f4f36f78000
RSP=0x00007f4f29f6dbe0, RBP=0x00007f4f29f6dd18, RSI=0x00007f4f364390f0, RDI=0x0000000000000980
R8 =0x00007f4f3644d1a8, R9 =0x00007f4f36450f78, R10=0x0000000040f64848, R11=0x0000000040f644a8
R12=0x0000000000000000, R13=0x00000000bdde86a8, R14=0x00007f4f29f6dd18, R15=0x0000000041269800
RIP=0x00007f4f29bfb792, EFL=0x0000000000010202, CSGSFS=0x0000000000000033, ERR=0x0000000000000004
  TRAPNO=0x000000000000000e

Register to memory mapping:

RAX=0x00000000ec715228

[error occurred during error reporting (printing registers, top of stack, instructions near pc), id 0xe0000000]

Stack: [0x00007f4f29e6f000,0x00007f4f29f70000],  sp=0x00007f4f29f6dbe0,  free space=1018k
Native frames: (J=compiled Java code, j=interpreted, Vv=VM code, C=native code)

[error occurred during error reporting (printing native stack), id 0x7]

Java frames: (J=compiled Java code, j=interpreted, Vv=VM code)
j  com.badlogic.gdx.math.Matrix4.inv([F)Z+0
J  de.swagner.mgcube.GameScreen.render(F)V
j  com.badlogic.gdx.Game.render()V+19
J  com.sun.opengl.impl.GLDrawableHelper.display(Ljavax/media/opengl/GLAutoDrawable;)V
j  javax.media.opengl.GLCanvas$DisplayAction.run()V+80
j  com.sun.opengl.impl.GLDrawableHelper.invokeGL(Ljavax/media/opengl/GLDrawable;Ljavax/media/opengl/GLContext;Ljava/lang/Runnable;Ljava/lang/Runnable;)V+418
J  java.awt.EventQueue$1.run()Ljava/lang/Object;
v  ~StubRoutines::call_stub
J  java.security.AccessController.doPrivileged(Ljava/security/PrivilegedAction;Ljava/security/AccessControlContext;)Ljava/lang/Object;
J  java.awt.EventDispatchThread.pumpOneEventForFilters(I)Z
j  java.awt.EventDispatchThread.pumpEventsForFilter(ILjava/awt/Conditional;Ljava/awt/EventFilter;)V+30
j  java.awt.EventDispatchThread.pumpEventsForHierarchy(ILjava/awt/Conditional;Ljava/awt/Component;)V+11
j  java.awt.EventDispatchThread.pumpEvents(ILjava/awt/Conditional;)V+4
j  java.awt.EventDispatchThread.pumpEvents(Ljava/awt/Conditional;)V+3
j  java.awt.EventDispatchThread.run()V+9
v  ~StubRoutines::call_stub

---------------  P R O C E S S  ---------------

Java Threads: ( => current thread )
  0x0000000040e2f000 JavaThread "DestroyJavaVM" [_thread_blocked, id=22310, stack(0x00007f4f35716000,0x00007f4f35817000)]
  0x00000000413ad000 JavaThread "Thread-1" [_thread_blocked, id=22335, stack(0x00007f4f1f5d6000,0x00007f4f1f6d7000)]
=>0x0000000041269800 JavaThread "AWT-EventQueue-0" [_thread_in_native, id=22331, stack(0x00007f4f29e6f000,0x00007f4f29f70000)]
  0x0000000041268000 JavaThread "AWT-Shutdown" [_thread_blocked, id=22330, stack(0x00007f4f29f70000,0x00007f4f2a071000)]
  0x0000000041267800 JavaThread "AWT-XAWT" daemon [_thread_blocked, id=22329, stack(0x00007f4f2a071000,0x00007f4f2a172000)]
  0x0000000040fff800 JavaThread "Java2D Disposer" daemon [_thread_blocked, id=22328, stack(0x00007f4f2a7ba000,0x00007f4f2a8bb000)]
  0x0000000040ebf800 JavaThread "Low Memory Detector" daemon [_thread_blocked, id=22325, stack(0x00007f4f2bdfe000,0x00007f4f2beff000)]
  0x0000000040ebd000 JavaThread "CompilerThread1" daemon [_thread_blocked, id=22324, stack(0x00007f4f2beff000,0x00007f4f2c000000)]
  0x0000000040eb9800 JavaThread "CompilerThread0" daemon [_thread_blocked, id=22323, stack(0x00007f4f300df000,0x00007f4f301e0000)]
  0x0000000040eb7800 JavaThread "Signal Dispatcher" daemon [_thread_blocked, id=22322, stack(0x00007f4f301e0000,0x00007f4f302e1000)]
  0x0000000040e9b000 JavaThread "Finalizer" daemon [_thread_blocked, id=22321, stack(0x00007f4f306e9000,0x00007f4f307ea000)]
  0x0000000040e93800 JavaThread "Reference Handler" daemon [_thread_blocked, id=22320, stack(0x00007f4f307ea000,0x00007f4f308eb000)]

Other Threads:
  0x0000000040e8c800 VMThread [stack: 0x00007f4f308eb000,0x00007f4f309ec000] [id=22319]
  0x0000000040ed2800 WatcherThread [stack: 0x00007f4f2bcfd000,0x00007f4f2bdfe000] [id=22326]

VM state:not at safepoint (normal execution)

VM Mutex/Monitor currently owned by a thread: None

Heap
 PSYoungGen      total 18432K, used 8229K [0x00000000eb600000, 0x00000000eca90000, 0x0000000100000000)
  eden space 15808K, 35% used [0x00000000eb600000,0x00000000ebb7fac8,0x00000000ec570000)
  from space 2624K, 99% used [0x00000000ec570000,0x00000000ec7f99d0,0x00000000ec800000)
  to   space 2624K, 0% used [0x00000000ec800000,0x00000000ec800000,0x00000000eca90000)
 PSOldGen        total 42240K, used 1688K [0x00000000c2200000, 0x00000000c4b40000, 0x00000000eb600000)
  object space 42240K, 3% used [0x00000000c2200000,0x00000000c23a61f8,0x00000000c4b40000)
 PSPermGen       total 21248K, used 17476K [0x00000000bd000000, 0x00000000be4c0000, 0x00000000c2200000)
  object space 21248K, 82% used [0x00000000bd000000,0x00000000be1111f0,0x00000000be4c0000)

Dynamic libraries:
40000000-40009000 r-xp 00000000 08:05 1662394                            /usr/lib/jvm/java-6-sun-1.6.0.24/jre/bin/java
40108000-4010a000 rwxp 00008000 08:05 1662394                            /usr/lib/jvm/java-6-sun-1.6.0.24/jre/bin/java
40c24000-40c26000 r-xs 00000000 08:05 528727                             /tmp/glkMYZta (deleted)
40e26000-4186f000 rwxp 00000000 00:00 0                                  [heap]
41885000-418fc000 rwxp 00000000 00:00 0 
bd000000-be4c0000 rwxp 00000000 00:00 0 
be4c0000-c2200000 rwxp 00000000 00:00 0 
c2200000-c4b40000 rwxp 00000000 00:00 0 
c4b40000-eb600000 rwxp 00000000 00:00 0 
eb600000-eca90000 rwxp 00000000 00:00 0 
eca90000-100000000 rwxp 00000000 00:00 0 
7f4f19ac4000-7f4f1e642000 rwxp 00000000 00:00 0 
7f4f1e642000-7f4f1e6c2000 rwxs 756b9000 00:05 9918                       /dev/nvidia0
7f4f1e6c2000-7f4f1f104000 rwxp 00000000 00:00 0 
7f4f1f104000-7f4f1f304000 rwxs 750fe000 00:05 9918                       /dev/nvidia0
7f4f1f304000-7f4f1f404000 rwxs b8aa2000 00:05 9918                       /dev/nvidia0
7f4f1f404000-7f4f1f444000 rwxs ab079000 00:05 9918                       /dev/nvidia0
7f4f1f444000-7f4f1f45f000 rwxs 114a00000 00:05 9918                      /dev/nvidia0
7f4f1f45f000-7f4f1f5d6000 rwxs 00000000 00:04 85655563                   /SYSV00000000 (deleted)
7f4f1f5d6000-7f4f1f5d9000 ---p 00000000 00:00 0 
7f4f1f5d9000-7f4f1f6d7000 rwxp 00000000 00:00 0 
7f4f1f6d7000-7f4f1f6d8000 ---p 00000000 00:00 0 
7f4f1f6d8000-7f4f1fed8000 rwxp 00000000 00:00 0 
7f4f1fed8000-7f4f23ed9000 rwxs 00000000 00:10 725214                     /dev/shm/pulse-shm-29882355
7f4f23ed9000-7f4f23eda000 ---p 00000000 00:00 0 
7f4f23eda000-7f4f246da000 rwxp 00000000 00:00 0 
7f4f246da000-7f4f246e0000 r-xp 00000000 08:05 1573092                    /usr/lib/libogg.so.0.7.0
7f4f246e0000-7f4f248df000 ---p 00006000 08:05 1573092                    /usr/lib/libogg.so.0.7.0
7f4f248df000-7f4f248e0000 r-xp 00005000 08:05 1573092                    /usr/lib/libogg.so.0.7.0
7f4f248e0000-7f4f248e1000 rwxp 00006000 08:05 1573092                    /usr/lib/libogg.so.0.7.0
7f4f248e1000-7f4f2490c000 r-xp 00000000 08:05 1582648                    /usr/lib/libvorbis.so.0.4.5
7f4f2490c000-7f4f24b0b000 ---p 0002b000 08:05 1582648                    /usr/lib/libvorbis.so.0.4.5
7f4f24b0b000-7f4f24b0c000 r-xp 0002a000 08:05 1582648                    /usr/lib/libvorbis.so.0.4.5
7f4f24b0c000-7f4f24b0d000 rwxp 0002b000 08:05 1582648                    /usr/lib/libvorbis.so.0.4.5
7f4f24b0d000-7f4f24dc0000 r-xp 00000000 08:05 1573212                    /usr/lib/libvorbisenc.so.2.0.8
7f4f24dc0000-7f4f24fbf000 ---p 002b3000 08:05 1573212                    /usr/lib/libvorbisenc.so.2.0.8
7f4f24fbf000-7f4f24fdb000 r-xp 002b2000 08:05 1573212                    /usr/lib/libvorbisenc.so.2.0.8
7f4f24fdb000-7f4f24fdc000 rwxp 002ce000 08:05 1573212                    /usr/lib/libvorbisenc.so.2.0.8
7f4f24fdc000-7f4f25024000 r-xp 00000000 08:05 1570101                    /usr/lib/libFLAC.so.8.2.0
7f4f25024000-7f4f25224000 ---p 00048000 08:05 1570101                    /usr/lib/libFLAC.so.8.2.0
7f4f25224000-7f4f25225000 r-xp 00048000 08:05 1570101                    /usr/lib/libFLAC.so.8.2.0
7f4f25225000-7f4f25226000 rwxp 00049000 08:05 1570101                    /usr/lib/libFLAC.so.8.2.0
7f4f25226000-7f4f25287000 r-xp 00000000 08:05 1570821                    /usr/lib/libsndfile.so.1.0.23
7f4f25287000-7f4f25487000 ---p 00061000 08:05 1570821                    /usr/lib/libsndfile.so.1.0.23
7f4f25487000-7f4f25489000 r-xp 00061000 08:05 1570821                    /usr/lib/libsndfile.so.1.0.23
7f4f25489000-7f4f2548a000 rwxp 00063000 08:05 1570821                    /usr/lib/libsndfile.so.1.0.23
7f4f2548a000-7f4f2548e000 rwxp 00000000 00:00 0 
7f4f2548e000-7f4f25496000 r-xp 00000000 08:05 538930                     /lib/libwrap.so.0.7.6
7f4f25496000-7f4f25696000 ---p 00008000 08:05 538930                     /lib/libwrap.so.0.7.6
7f4f25696000-7f4f25697000 r-xp 00008000 08:05 538930                     /lib/libwrap.so.0.7.6
7f4f25697000-7f4f25698000 rwxp 00009000 08:05 538930                     /lib/libwrap.so.0.7.6
7f4f25698000-7f4f25699000 rwxp 00000000 00:00 0 
7f4f25699000-7f4f2569d000 r-xp 00000000 08:05 534738                     /lib/x86_64-linux-gnu/libuuid.so.1.3.0
7f4f2569d000-7f4f2589c000 ---p 00004000 08:05 534738                     /lib/x86_64-linux-gnu/libuuid.so.1.3.0
7f4f2589c000-7f4f2589d000 r-xp 00003000 08:05 534738                     /lib/x86_64-linux-gnu/libuuid.so.1.3.0
7f4f2589d000-7f4f2589e000 rwxp 00004000 08:05 534738                     /lib/x86_64-linux-gnu/libuuid.so.1.3.0
7f4f2589e000-7f4f258e0000 r-xp 00000000 08:05 525819                     /lib/x86_64-linux-gnu/libdbus-1.so.3.5.4
7f4f258e0000-7f4f25ae0000 ---p 00042000 08:05 525819                     /lib/x86_64-linux-gnu/libdbus-1.so.3.5.4
7f4f25ae0000-7f4f25ae1000 r-xp 00042000 08:05 525819                     /lib/x86_64-linux-gnu/libdbus-1.so.3.5.4
7f4f25ae1000-7f4f25ae2000 rwxp 00043000 08:05 525819                     /lib/x86_64-linux-gnu/libdbus-1.so.3.5.4
7f4f25ae2000-7f4f25b2d000 r-xp 00000000 08:05 1580900                    /usr/lib/libpulsecommon-0.9.22.so
7f4f25b2d000-7f4f25d2c000 ---p 0004b000 08:05 1580900                    /usr/lib/libpulsecommon-0.9.22.so
7f4f25d2c000-7f4f25d2d000 r-xp 0004a000 08:05 1580900                    /usr/lib/libpulsecommon-0.9.22.so
7f4f25d2d000-7f4f25d2e000 rwxp 0004b000 08:05 1580900                    /usr/lib/libpulsecommon-0.9.22.so
7f4f25d2e000-7f4f25d31000 r-xp 00000000 08:05 1573582                    /usr/lib/libxcb-atom.so.1.0.0
7f4f25d31000-7f4f25f31000 ---p 00003000 08:05 1573582                    /usr/lib/libxcb-atom.so.1.0.0
7f4f25f31000-7f4f25f32000 r-xp 00003000 08:05 1573582                    /usr/lib/libxcb-atom.so.1.0.0
7f4f25f32000-7f4f25f33000 rwxp 00004000 08:05 1573582                    /usr/lib/libxcb-atom.so.1.0.0
7f4f25f33000-7f4f25f3a000 r-xp 00000000 08:05 1578963                    /usr/lib/x86_64-linux-gnu/libSM.so.6.0.1
7f4f25f3a000-7f4f26139000 ---p 00007000 08:05 1578963                    /usr/lib/x86_64-linux-gnu/libSM.so.6.0.1
7f4f26139000-7f4f2613a000 r-xp 00006000 08:05 1578963                    /usr/lib/x86_64-linux-gnu/libSM.so.6.0.1
7f4f2613a000-7f4f2613b000 rwxp 00007000 08:05 1578963                    /usr/lib/x86_64-linux-gnu/libSM.so.6.0.1
7f4f2613b000-7f4f26151000 r-xp 00000000 08:05 1571606                    /usr/lib/x86_64-linux-gnu/libICE.so.6.3.0
7f4f26151000-7f4f26351000 ---p 00016000 08:05 1571606                    /usr/lib/x86_64-linux-gnu/libICE.so.6.3.0
7f4f26351000-7f4f26352000 r-xp 00016000 08:05 1571606                    /usr/lib/x86_64-linux-gnu/libICE.so.6.3.0
7f4f26352000-7f4f26353000 rwxp 00017000 08:05 1571606                    /usr/lib/x86_64-linux-gnu/libICE.so.6.3.0
7f4f26353000-7f4f26356000 rwxp 00000000 00:00 0 
7f4f26356000-7f4f26357000 r-xp 00000000 08:05 1570508                    /usr/lib/x86_64-linux-gnu/libX11-xcb.so.1.0.0
7f4f26357000-7f4f26556000 ---p 00001000 08:05 1570508                    /usr/lib/x86_64-linux-gnu/libX11-xcb.so.1.0.0
7f4f26556000-7f4f26557000 r-xp 00000000 08:05 1570508                    /usr/lib/x86_64-linux-gnu/libX11-xcb.so.1.0.0
7f4f26557000-7f4f26558000 rwxp 00001000 08:05 1570508                    /usr/lib/x86_64-linux-gnu/libX11-xcb.so.1.0.0
7f4f26558000-7f4f26598000 r-xp 00000000 08:05 1573921                    /usr/lib/libpulse.so.0.12.3
7f4f26598000-7f4f26797000 ---p 00040000 08:05 1573921                    /usr/lib/libpulse.so.0.12.3
7f4f26797000-7f4f26798000 r-xp 0003f000 08:05 1573921                    /usr/lib/libpulse.so.0.12.3
7f4f26798000-7f4f26799000 rwxp 00040000 08:05 1573921                    /usr/lib/libpulse.so.0.12.3
7f4f26799000-7f4f267e5000 r-xp 00000000 08:05 526323                     /tmp/libgdx/357511418/libopenal64.so
7f4f267e5000-7f4f269e4000 ---p 0004c000 08:05 526323                     /tmp/libgdx/357511418/libopenal64.so
7f4f269e4000-7f4f269e6000 r-xp 0004b000 08:05 526323                     /tmp/libgdx/357511418/libopenal64.so
7f4f269e6000-7f4f269e7000 rwxp 0004d000 08:05 526323                     /tmp/libgdx/357511418/libopenal64.so
7f4f269e7000-7f4f269e8000 rwxp 00000000 00:00 0 
7f4f269e8000-7f4f26a61000 r-xp 00000000 08:05 526338                     /tmp/libgdx/357511418/liblwjgl64.so
7f4f26a61000-7f4f26c61000 ---p 00079000 08:05 526338                     /tmp/libgdx/357511418/liblwjgl64.so
7f4f26c61000-7f4f26c63000 r-xp 00079000 08:05 526338                     /tmp/libgdx/357511418/liblwjgl64.so
7f4f26c63000-7f4f26c64000 rwxp 0007b000 08:05 526338                     /tmp/libgdx/357511418/liblwjgl64.so
7f4f26c64000-7f4f26c6c000 r-xp 00000000 08:05 1581969                    /usr/lib/x86_64-linux-gnu/libXrandr.so.2.2.0
7f4f26c6c000-7f4f26e6b000 ---p 00008000 08:05 1581969                    /usr/lib/x86_64-linux-gnu/libXrandr.so.2.2.0
7f4f26e6b000-7f4f26e6c000 r-xp 00007000 08:05 1581969                    /usr/lib/x86_64-linux-gnu/libXrandr.so.2.2.0
7f4f26e6c000-7f4f26e6d000 rwxp 00008000 08:05 1581969                    /usr/lib/x86_64-linux-gnu/libXrandr.so.2.2.0
7f4f26e6d000-7f4f26f5c000 r-xp 00000000 08:05 526320                     /tmp/libgdx/357511418/libjogl-linux64.so
7f4f26f5c000-7f4f2705c000 ---p 000ef000 08:05 526320                     /tmp/libgdx/357511418/libjogl-linux64.so
7f4f2705c000-7f4f2705d000 rwxp 000ef000 08:05 526320                     /tmp/libgdx/357511418/libjogl-linux64.so
7f4f2705d000-7f4f284ab000 r-xp 00000000 08:05 723                        /usr/lib/nvidia-current/libnvidia-glcore.so.270.41.19
7f4f284ab000-7f4f286ab000 ---p 0144e000 08:05 723                        /usr/lib/nvidia-current/libnvidia-glcore.so.270.41.19
7f4f286ab000-7f4f28c93000 rwxp 0144e000 08:05 723                        /usr/lib/nvidia-current/libnvidia-glcore.so.270.41.19
7f4f28c93000-7f4f28caa000 rwxp 00000000 00:00 0 
7f4f28caa000-7f4f28cab000 r-xp 00000000 08:05 716                        /usr/lib/nvidia-current/tls/libnvidia-tls.so.270.41.19
7f4f28cab000-7f4f28eab000 ---p 00001000 08:05 716                        /usr/lib/nvidia-current/tls/libnvidia-tls.so.270.41.19
7f4f28eab000-7f4f28eac000 rwxp 00001000 08:05 716                        /usr/lib/nvidia-current/tls/libnvidia-tls.so.270.41.19
7f4f28eac000-7f4f28ead000 r-xp 00000000 08:05 1734853                    /usr/lib/jvm/java-6-sun-1.6.0.24/jre/lib/amd64/libjawt.so
7f4f28ead000-7f4f28fac000 ---p 00001000 08:05 1734853                    /usr/lib/jvm/java-6-sun-1.6.0.24/jre/lib/amd64/libjawt.so
7f4f28fac000-7f4f28fad000 rwxp 00000000 08:05 1734853                    /usr/lib/jvm/java-6-sun-1.6.0.24/jre/lib/amd64/libjawt.so
7f4f28fad000-7f4f28fb2000 r-xp 00000000 08:05 1581972                    /usr/lib/x86_64-linux-gnu/libXxf86vm.so.1.0.0
7f4f28fb2000-7f4f291b1000 ---p 00005000 08:05 1581972                    /usr/lib/x86_64-linux-gnu/libXxf86vm.so.1.0.0
7f4f291b1000-7f4f291b2000 r-xp 00004000 08:05 1581972                    /usr/lib/x86_64-linux-gnu/libXxf86vm.so.1.0.0
7f4f291b2000-7f4f291b3000 rwxp 00005000 08:05 1581972                    /usr/lib/x86_64-linux-gnu/libXxf86vm.so.1.0.0
7f4f291b3000-7f4f29270000 r-xp 00000000 08:05 928                        /usr/lib/nvidia-current/libGL.so.270.41.19
7f4f29270000-7f4f29470000 ---p 000bd000 08:05 928                        /usr/lib/nvidia-current/libGL.so.270.41.19
7f4f29470000-7f4f294a9000 rwxp 000bd000 08:05 928                        /usr/lib/nvidia-current/libGL.so.270.41.19
7f4f294a9000-7f4f294bf000 rwxp 00000000 00:00 0 
7f4f294bf000-7f4f294c1000 r-xp 00000000 08:05 526281                     /tmp/libgdx/357511418/libjogl_awt-linux64.so
7f4f294c1000-7f4f295c0000 ---p 00002000 08:05 526281                     /tmp/libgdx/357511418/libjogl_awt-linux64.so
7f4f295c0000-7f4f295c1000 rwxp 00001000 08:05 526281                     /tmp/libgdx/357511418/libjogl_awt-linux64.so
7f4f295c1000-7f4f295c2000 r-xp 00000000 08:05 526078                     /tmp/libgdx/357511418/libgluegen-rt-linux64.so
7f4f295c2000-7f4f296c1000 ---p 00001000 08:05 526078                     /tmp/libgdx/357511418/libgluegen-rt-linux64.so
7f4f296c1000-7f4f296c2000 rwxp 00000000 08:05 526078                     /tmp/libgdx/357511418/libgluegen-rt-linux64.so
7f4f296c2000-7f4f296d7000 r-xp 00000000 08:05 528127                     /lib/x86_64-linux-gnu/libgcc_s.so.1
7f4f296d7000-7f4f298d6000 ---p 00015000 08:05 528127                     /lib/x86_64-linux-gnu/libgcc_s.so.1
7f4f298d6000-7f4f298d7000 r-xp 00014000 08:05 528127                     /lib/x86_64-linux-gnu/libgcc_s.so.1
7f4f298d7000-7f4f298d8000 rwxp 00015000 08:05 528127                     /lib/x86_64-linux-gnu/libgcc_s.so.1
7f4f298d8000-7f4f299c0000 r-xp 00000000 08:05 1571250                    /usr/lib/x86_64-linux-gnu/libstdc++.so.6.0.14
7f4f299c0000-7f4f29bbf000 ---p 000e8000 08:05 1571250                    /usr/lib/x86_64-linux-gnu/libstdc++.so.6.0.14
7f4f29bbf000-7f4f29bc7000 r-xp 000e7000 08:05 1571250                    /usr/lib/x86_64-linux-gnu/libstdc++.so.6.0.14
7f4f29bc7000-7f4f29bc9000 rwxp 000ef000 08:05 1571250                    /usr/lib/x86_64-linux-gnu/libstdc++.so.6.0.14
7f4f29bc9000-7f4f29bde000 rwxp 00000000 00:00 0 
7f4f29bde000-7f4f29c6a000 r-xp 00000000 08:05 526008                     /tmp/libgdx/357511418/libgdx-64.so
7f4f29c6a000-7f4f29e6a000 ---p 0008c000 08:05 526008                     /tmp/libgdx/357511418/libgdx-64.so
7f4f29e6a000-7f4f29e6b000 r-xp 0008c000 08:05 526008                     /tmp/libgdx/357511418/libgdx-64.so
7f4f29e6b000-7f4f29e6c000 rwxp 0008d000 08:05 526008                     /tmp/libgdx/357511418/libgdx-64.so
7f4f29e6c000-7f4f29e6f000 rwxp 00000000 00:00 0 
7f4f29e6f000-7f4f29e72000 ---p 00000000 00:00 0 
7f4f29e72000-7f4f29f70000 rwxp 00000000 00:00 0 
7f4f29f70000-7f4f29f73000 ---p 00000000 00:00 0 
7f4f29f73000-7f4f2a071000 rwxp 00000000 00:00 0 
7f4f2a071000-7f4f2a074000 ---p 00000000 00:00 0 
7f4f2a074000-7f4f2a172000 rwxp 00000000 00:00 0 
7f4f2a172000-7f4f2a177000 r-xp 00000000 08:05 1570859                    /usr/lib/x86_64-linux-gnu/libXfixes.so.3.1.0
7f4f2a177000-7f4f2a376000 ---p 00005000 08:05 1570859                    /usr/lib/x86_64-linux-gnu/libXfixes.so.3.1.0
7f4f2a376000-7f4f2a377000 r-xp 00004000 08:05 1570859                    /usr/lib/x86_64-linux-gnu/libXfixes.so.3.1.0
7f4f2a377000-7f4f2a378000 rwxp 00005000 08:05 1570859                    /usr/lib/x86_64-linux-gnu/libXfixes.so.3.1.0
7f4f2a378000-7f4f2a381000 r-xp 00000000 08:05 1570620                    /usr/lib/x86_64-linux-gnu/libXrender.so.1.3.0
7f4f2a381000-7f4f2a581000 ---p 00009000 08:05 1570620                    /usr/lib/x86_64-linux-gnu/libXrender.so.1.3.0
7f4f2a581000-7f4f2a582000 r-xp 00009000 08:05 1570620                    /usr/lib/x86_64-linux-gnu/libXrender.so.1.3.0
7f4f2a582000-7f4f2a583000 rwxp 0000a000 08:05 1570620                    /usr/lib/x86_64-linux-gnu/libXrender.so.1.3.0
7f4f2a583000-7f4f2a58c000 r-xp 00000000 08:05 1573929                    /usr/lib/x86_64-linux-gnu/libXcursor.so.1.0.2
7f4f2a58c000-7f4f2a78b000 ---p 00009000 08:05 1573929                    /usr/lib/x86_64-linux-gnu/libXcursor.so.1.0.2
7f4f2a78b000-7f4f2a78c000 r-xp 00008000 08:05 1573929                    /usr/lib/x86_64-linux-gnu/libXcursor.so.1.0.2
7f4f2a78c000-7f4f2a78d000 rwxp 00009000 08:05 1573929                    /usr/lib/x86_64-linux-gnu/libXcursor.so.1.0.2
7f4f2a7ba000-7f4f2a7bd000 ---p 00000000 00:00 0 
7f4f2a7bd000-7f4f2a8bb000 rwxp 00000000 00:00 0 
7f4f2a8bb000-7f4f2a934000 r-xp 00000000 08:05 1734841                    /usr/lib/jvm/java-6-sun-1.6.0.24/jre/lib/amd64/libfontmanager.so
7f4f2a934000-7f4f2aa33000 ---p 00079000 08:05 1734841                    /usr/lib/jvm/java-6-sun-1.6.0.24/jre/lib/amd64/libfontmanager.so
7f4f2aa33000-7f4f2aa48000 rwxp 00078000 08:05 1734841                    /usr/lib/jvm/java-6-sun-1.6.0.24/jre/lib/amd64/libfontmanager.so
7f4f2aa48000-7f4f2aa59000 rwxp 00000000 00:00 0 
7f4f2aa59000-7f4f2aa5e000 r-xp 00000000 08:05 1573561                    /usr/lib/x86_64-linux-gnu/libXdmcp.so.6.0.0
7f4f2aa5e000-7f4f2ac5d000 ---p 00005000 08:05 1573561                    /usr/lib/x86_64-linux-gnu/libXdmcp.so.6.0.0
7f4f2ac5d000-7f4f2ac5e000 r-xp 00004000 08:05 1573561                    /usr/lib/x86_64-linux-gnu/libXdmcp.so.6.0.0
7f4f2ac5e000-7f4f2ac5f000 rwxp 00005000 08:05 1573561                    /usr/lib/x86_64-linux-gnu/libXdmcp.so.6.0.0
7f4f2ac5f000-7f4f2ac61000 r-xp 00000000 08:05 1570542                    /usr/lib/x86_64-linux-gnu/libXau.so.6.0.0
7f4f2ac61000-7f4f2ae60000 ---p 00002000 08:05 1570542                    /usr/lib/x86_64-linux-gnu/libXau.so.6.0.0
7f4f2ae60000-7f4f2ae61000 r-xp 00001000 08:05 1570542                    /usr/lib/x86_64-linux-gnu/libXau.so.6.0.0
7f4f2ae61000-7f4f2ae62000 rwxp 00002000 08:05 1570542                    /usr/lib/x86_64-linux-gnu/libXau.so.6.0.0
7f4f2ae62000-7f4f2ae7d000 r-xp 00000000 08:05 1572615                    /usr/lib/x86_64-linux-gnu/libxcb.so.1.1.0
7f4f2ae7d000-7f4f2b07c000 ---p 0001b000 08:05 1572615                    /usr/lib/x86_64-linux-gnu/libxcb.so.1.1.0
7f4f2b07c000-7f4f2b07d000 r-xp 0001a000 08:05 1572615                    /usr/lib/x86_64-linux-gnu/libxcb.so.1.1.0
7f4f2b07d000-7f4f2b07e000 rwxp 0001b000 08:05 1572615                    /usr/lib/x86_64-linux-gnu/libxcb.so.1.1.0
7f4f2b07e000-7f4f2b08d000 r-xp 00000000 08:05 1613065                    /usr/lib/x86_64-linux-gnu/libXi.so.6.1.0
7f4f2b08d000-7f4f2b28c000 ---p 0000f000 08:05 1613065                    /usr/lib/x86_64-linux-gnu/libXi.so.6.1.0
7f4f2b28c000-7f4f2b28d000 r-xp 0000e000 08:05 1613065                    /usr/lib/x86_64-linux-gnu/libXi.so.6.1.0
7f4f2b28d000-7f4f2b28e000 rwxp 0000f000 08:05 1613065                    /usr/lib/x86_64-linux-gnu/libXi.so.6.1.0
7f4f2b28e000-7f4f2b293000 r-xp 00000000 08:05 1572606                    /usr/lib/libXtst.so.6.1.0
7f4f2b293000-7f4f2b492000 ---p 00005000 08:05 1572606                    /usr/lib/libXtst.so.6.1.0
7f4f2b492000-7f4f2b493000 r-xp 00004000 08:05 1572606                    /usr/lib/libXtst.so.6.1.0
7f4f2b493000-7f4f2b494000 rwxp 00005000 08:05 1572606                    /usr/lib/libXtst.so.6.1.0
7f4f2b494000-7f4f2b5c9000 r-xp 00000000 08:05 1573591                    /usr/lib/x86_64-linux-gnu/libX11.so.6.3.0
7f4f2b5c9000-7f4f2b7c9000 ---p 00135000 08:05 1573591                    /usr/lib/x86_64-linux-gnu/libX11.so.6.3.0
7f4f2b7c9000-7f4f2b7ca000 r-xp 00135000 08:05 1573591                    /usr/lib/x86_64-linux-gnu/libX11.so.6.3.0
7f4f2b7ca000-7f4f2b7ce000 rwxp 00136000 08:05 1573591                    /usr/lib/x86_64-linux-gnu/libX11.so.6.3.0
7f4f2b7ce000-7f4f2b7df000 r-xp 00000000 08:05 1571673                    /usr/lib/x86_64-linux-gnu/libXext.so.6.4.0
7f4f2b7df000-7f4f2b9de000 ---p 00011000 08:05 1571673                    /usr/lib/x86_64-linux-gnu/libXext.so.6.4.0
7f4f2b9de000-7f4f2b9df000 r-xp 00010000 08:05 1571673                    /usr/lib/x86_64-linux-gnu/libXext.so.6.4.0
7f4f2b9df000-7f4f2b9e0000 rwxp 00011000 08:05 1571673                    /usr/lib/x86_64-linux-gnu/libXext.so.6.4.0
7f4f2b9e0000-7f4f2ba22000 r-xp 00000000 08:05 1734831                    /usr/lib/jvm/java-6-sun-1.6.0.24/jre/lib/amd64/xawt/libmawt.so
7f4f2ba22000-7f4f2bb21000 ---p 00042000 08:05 1734831                    /usr/lib/jvm/java-6-sun-1.6.0.24/jre/lib/amd64/xawt/libmawt.so
7f4f2bb21000-7f4f2bb2d000 rwxp 00041000 08:05 1734831                    /usr/lib/jvm/java-6-sun-1.6.0.24/jre/lib/amd64/xawt/libmawt.so
7f4f2bb2d000-7f4f2bb2e000 rwxp 00000000 00:00 0 
7f4f2bb2e000-7f4f2bbc0000 r-xp 00000000 08:05 1734852                    /usr/lib/jvm/java-6-sun-1.6.0.24/jre/lib/amd64/libawt.so
7f4f2bbc0000-7f4f2bcbf000 ---p 00092000 08:05 1734852                    /usr/lib/jvm/java-6-sun-1.6.0.24/jre/lib/amd64/libawt.so
7f4f2bcbf000-7f4f2bcd8000 rwxp 00091000 08:05 1734852                    /usr/lib/jvm/java-6-sun-1.6.0.24/jre/lib/amd64/libawt.so
7f4f2bcd8000-7f4f2bcfd000 rwxp 00000000 00:00 0 
7f4f2bcfd000-7f4f2bcfe000 ---p 00000000 00:00 0 
7f4f2bcfe000-7f4f2bdfe000 rwxp 00000000 00:00 0 
7f4f2bdfe000-7f4f2be01000 ---p 00000000 00:00 0 
7f4f2be01000-7f4f2beff000 rwxp 00000000 00:00 0 
7f4f2beff000-7f4f2bf02000 ---p 00000000 00:00 0 
7f4f2bf02000-7f4f2c000000 rwxp 00000000 00:00 0 
7f4f2c000000-7f4f2e046000 rwxp 00000000 00:00 0 
7f4f2e046000-7f4f30000000 ---p 00000000 00:00 0 
7f4f3000c000-7f4f3000e000 rwxs 00000000 08:05 528727                     /tmp/glkMYZta (deleted)
7f4f3000e000-7f4f30012000 rwxs 752b7000 00:05 9918                       /dev/nvidia0
7f4f30012000-7f4f30016000 rwxs ab1cf000 00:05 9918                       /dev/nvidia0
7f4f30016000-7f4f30017000 rwxs d0008000 00:05 9918                       /dev/nvidia0
7f4f30017000-7f4f30018000 rwxs bf3a9000 00:05 9918                       /dev/nvidia0
7f4f30018000-7f4f3001c000 rwxs 7513f000 00:05 9918                       /dev/nvidia0
7f4f3001c000-7f4f3001d000 rwxs fbc0a000 00:05 9918                       /dev/nvidia0
7f4f3001d000-7f4f3001e000 r-xs 00000000 08:05 532633                     /var/cache/fontconfig/26de28bc8622bbc1fb67fd234c21975f-le64.cache-3
7f4f3001e000-7f4f3001f000 r-xs 00000000 08:05 554485                     /var/cache/fontconfig/c05880de57d1f5e948fdfacc138775d9-le64.cache-3
7f4f3001f000-7f4f30028000 r-xs 00000000 08:05 527845                     /var/cache/fontconfig/945677eb7aeaf62f1d50efc3fb3ec7d8-le64.cache-3
7f4f30028000-7f4f3002a000 r-xs 00000000 08:05 554480                     /var/cache/fontconfig/99e8ed0e538f840c565b6ed5dad60d56-le64.cache-3
7f4f3002a000-7f4f3002d000 r-xs 00000000 08:05 554411                     /var/cache/fontconfig/f24b2111ab8703b4e963115a8cf14259-le64.cache-3
7f4f3002d000-7f4f30030000 r-xs 00000000 08:05 554479                     /var/cache/fontconfig/e383d7ea5fbe662a33d9b44caf393297-le64.cache-3
7f4f30030000-7f4f30033000 r-xs 00000000 08:05 554477                     /var/cache/fontconfig/2cd17615ca594fa2959ae173292e504c-le64.cache-3
7f4f30033000-7f4f30034000 r-xs 00000000 08:05 554471                     /var/cache/fontconfig/e7071f4a29fa870f4323321c154eba04-le64.cache-3
7f4f30034000-7f4f30038000 r-xs 00000000 08:05 554470                     /var/cache/fontconfig/6eb3985aa4124903f6ff08ba781cd364-le64.cache-3
7f4f30038000-7f4f30039000 r-xs 00000000 08:05 554466                     /var/cache/fontconfig/4c73fe0c47614734b17d736dbde7580a-le64.cache-3
7f4f30039000-7f4f3003a000 r-xs 00000000 08:05 554459                     /var/cache/fontconfig/0d8c3b2ac0904cb8a57a757ad11a4a08-le64.cache-3
7f4f3003a000-7f4f3003b000 r-xs 00000000 08:05 554454                     /var/cache/fontconfig/6a53c69dea097a2d716e069445527da8-le64.cache-3
7f4f3003b000-7f4f30040000 r-xs 00000000 08:05 554453                     /var/cache/fontconfig/062808c12e6e608270f93bb230aed730-le64.cache-3
7f4f30040000-7f4f30046000 r-xs 00000000 08:05 554429                     /var/cache/fontconfig/a755afe4a08bf5b97852ceb7400b47bc-le64.cache-3
7f4f30046000-7f4f3004b000 r-xs 00000000 08:05 554452                     /var/cache/fontconfig/515ca1ebc4b18308bea979be5704f9db-le64.cache-3
7f4f3004b000-7f4f30054000 r-xs 00000000 08:05 554448                     /var/cache/fontconfig/6d41288fd70b0be22e8c3a91e032eec0-le64.cache-3
7f4f30054000-7f4f30064000 r-xs 00000000 08:05 554447                     /var/cache/fontconfig/0f34bcd4b6ee430af32735b75db7f02b-le64.cache-3
7f4f30064000-7f4f30067000 r-xs 00000000 08:05 554441                     /var/cache/fontconfig/d60319d88cac85ba9e1a07bd06cfbb8c-le64.cache-3
7f4f30067000-7f4f30068000 r-xs 00000000 08:05 530935                     /var/cache/fontconfig/4794a0821666d79190d59a36cb4f44b5-le64.cache-3
7f4f30068000-7f4f30096000 r-xs 00000000 08:05 554435                     /var/cache/fontconfig/365b55f210c0a22e9a19e35191240f32-le64.cache-3
7f4f30096000-7f4f300a0000 r-xs 00000000 08:05 554433                     /var/cache/fontconfig/d52a8644073d54c13679302ca1180695-le64.cache-3
7f4f300a0000-7f4f300a1000 r-xs 00000000 08:05 554418                     /var/cache/fontconfig/ec648e9a1aea82bddd4bd6050028158d-le64.cache-3
7f4f300a1000-7f4f300b4000 r-xs 00000000 08:05 538224                     /var/cache/fontconfig/e13b20fdb08344e0e664864cc2ede53d-le64.cache-3
7f4f300b4000-7f4f300b8000 r-xs 00000000 08:05 538228                     /var/cache/fontconfig/7ef2298fde41cc6eeb7af42e48b7d293-le64.cache-3
7f4f300b8000-7f4f300cc000 r-xs 00000000 08:05 527842                     /var/cache/fontconfig/865f88548240fee46819705c6468c165-le64.cache-3
7f4f300cc000-7f4f300d7000 r-xs 00092000 08:05 1334080                    /home/bompo/git/mgcube/libs/gdx.jar
7f4f300d7000-7f4f300df000 r-xs 00075000 08:05 1330241                    /home/bompo/git/mgcube/libs/gdx-sources.jar
7f4f300df000-7f4f300e2000 ---p 00000000 00:00 0 
7f4f300e2000-7f4f301e0000 rwxp 00000000 00:00 0 
7f4f301e0000-7f4f301e3000 ---p 00000000 00:00 0 
7f4f301e3000-7f4f302e1000 rwxp 00000000 00:00 0 
7f4f302e1000-7f4f306e9000 r-xp 00000000 08:05 1570348                    /usr/lib/locale/locale-archive
7f4f306e9000-7f4f306ec000 ---p 00000000 00:00 0 
7f4f306ec000-7f4f307ea000 rwxp 00000000 00:00 0 
7f4f307ea000-7f4f307ed000 ---p 00000000 00:00 0 
7f4f307ed000-7f4f308eb000 rwxp 00000000 00:00 0 
7f4f308eb000-7f4f308ec000 ---p 00000000 00:00 0 
7f4f308ec000-7f4f30f25000 rwxp 00000000 00:00 0 
7f4f30f25000-7f4f310bd000 r-xs 03027000 08:05 1662454                    /usr/lib/jvm/java-6-sun-1.6.0.24/jre/lib/rt.jar
7f4f310bd000-7f4f310e5000 rwxp 00000000 00:00 0 
7f4f310e5000-7f4f310e6000 ---p 00000000 00:00 0 
7f4f310e6000-7f4f311e6000 rwxp 00000000 00:00 0 
7f4f311e6000-7f4f311e7000 ---p 00000000 00:00 0 
7f4f311e7000-7f4f312e7000 rwxp 00000000 00:00 0 
7f4f312e7000-7f4f312e8000 ---p 00000000 00:00 0 
7f4f312e8000-7f4f313e8000 rwxp 00000000 00:00 0 
7f4f313e8000-7f4f313e9000 ---p 00000000 00:00 0 
7f4f313e9000-7f4f314f4000 rwxp 00000000 00:00 0 
7f4f314f4000-7f4f31512000 rwxp 00000000 00:00 0 
7f4f31512000-7f4f31527000 rwxp 00000000 00:00 0 
7f4f31527000-7f4f3165c000 rwxp 00000000 00:00 0 
7f4f3165c000-7f4f31667000 rwxp 00000000 00:00 0 
7f4f31667000-7f4f31685000 rwxp 00000000 00:00 0 
7f4f31685000-7f4f3169a000 rwxp 00000000 00:00 0 
7f4f3169a000-7f4f317cf000 rwxp 00000000 00:00 0 
7f4f317cf000-7f4f317da000 rwxp 00000000 00:00 0 
7f4f317da000-7f4f31874000 rwxp 00000000 00:00 0 
7f4f31874000-7f4f31ae5000 rwxp 00000000 00:00 0 
7f4f31ae5000-7f4f34875000 rwxp 00000000 00:00 0 
7f4f34875000-7f4f34883000 r-xp 00000000 08:05 1734847                    /usr/lib/jvm/java-6-sun-1.6.0.24/jre/lib/amd64/libzip.so
7f4f34883000-7f4f34985000 ---p 0000e000 08:05 1734847                    /usr/lib/jvm/java-6-sun-1.6.0.24/jre/lib/amd64/libzip.so
7f4f34985000-7f4f34988000 rwxp 00010000 08:05 1734847                    /usr/lib/jvm/java-6-sun-1.6.0.24/jre/lib/amd64/libzip.so
7f4f34988000-7f4f34989000 rwxp 00000000 00:00 0 
7f4f34989000-7f4f34995000 r-xp 00000000 08:05 535712                     /lib/x86_64-linux-gnu/libnss_files-2.13.so
7f4f34995000-7f4f34b94000 ---p 0000c000 08:05 535712                     /lib/x86_64-linux-gnu/libnss_files-2.13.so
7f4f34b94000-7f4f34b95000 r-xp 0000b000 08:05 535712                     /lib/x86_64-linux-gnu/libnss_files-2.13.so
7f4f34b95000-7f4f34b96000 rwxp 0000c000 08:05 535712                     /lib/x86_64-linux-gnu/libnss_files-2.13.so
7f4f34b96000-7f4f34ba1000 r-xp 00000000 08:05 535714                     /lib/x86_64-linux-gnu/libnss_nis-2.13.so
7f4f34ba1000-7f4f34da0000 ---p 0000b000 08:05 535714                     /lib/x86_64-linux-gnu/libnss_nis-2.13.so
7f4f34da0000-7f4f34da1000 r-xp 0000a000 08:05 535714                     /lib/x86_64-linux-gnu/libnss_nis-2.13.so
7f4f34da1000-7f4f34da2000 rwxp 0000b000 08:05 535714                     /lib/x86_64-linux-gnu/libnss_nis-2.13.so
7f4f34da2000-7f4f34daa000 r-xp 00000000 08:05 535710                     /lib/x86_64-linux-gnu/libnss_compat-2.13.so
7f4f34daa000-7f4f34fa9000 ---p 00008000 08:05 535710                     /lib/x86_64-linux-gnu/libnss_compat-2.13.so
7f4f34fa9000-7f4f34faa000 r-xp 00007000 08:05 535710                     /lib/x86_64-linux-gnu/libnss_compat-2.13.so
7f4f34faa000-7f4f34fab000 rwxp 00008000 08:05 535710                     /lib/x86_64-linux-gnu/libnss_compat-2.13.so
7f4f34fab000-7f4f34fb2000 r-xp 00000000 08:05 1734857                    /usr/lib/jvm/java-6-sun-1.6.0.24/jre/lib/amd64/native_threads/libhpi.so
7f4f34fb2000-7f4f350b3000 ---p 00007000 08:05 1734857                    /usr/lib/jvm/java-6-sun-1.6.0.24/jre/lib/amd64/native_threads/libhpi.so
7f4f350b3000-7f4f350b5000 rwxp 00008000 08:05 1734857                    /usr/lib/jvm/java-6-sun-1.6.0.24/jre/lib/amd64/native_threads/libhpi.so
7f4f350b5000-7f4f350b6000 rwxp 00000000 00:00 0 
7f4f350b6000-7f4f350cd000 r-xp 00000000 08:05 535709                     /lib/x86_64-linux-gnu/libnsl-2.13.so
7f4f350cd000-7f4f352cc000 ---p 00017000 08:05 535709                     /lib/x86_64-linux-gnu/libnsl-2.13.so
7f4f352cc000-7f4f352cd000 r-xp 00016000 08:05 535709                     /lib/x86_64-linux-gnu/libnsl-2.13.so
7f4f352cd000-7f4f352ce000 rwxp 00017000 08:05 535709                     /lib/x86_64-linux-gnu/libnsl-2.13.so
7f4f352ce000-7f4f352d0000 rwxp 00000000 00:00 0 
7f4f352d0000-7f4f352f9000 r-xp 00000000 08:05 1734846                    /usr/lib/jvm/java-6-sun-1.6.0.24/jre/lib/amd64/libjava.so
7f4f352f9000-7f4f353f8000 ---p 00029000 08:05 1734846                    /usr/lib/jvm/java-6-sun-1.6.0.24/jre/lib/amd64/libjava.so
7f4f353f8000-7f4f353ff000 rwxp 00028000 08:05 1734846                    /usr/lib/jvm/java-6-sun-1.6.0.24/jre/lib/amd64/libjava.so
7f4f353ff000-7f4f3540c000 r-xp 00000000 08:05 1731420                    /usr/lib/jvm/java-6-sun-1.6.0.24/jre/lib/amd64/libverify.so
7f4f3540c000-7f4f3550b000 ---p 0000d000 08:05 1731420                    /usr/lib/jvm/java-6-sun-1.6.0.24/jre/lib/amd64/libverify.so
7f4f3550b000-7f4f3550e000 rwxp 0000c000 08:05 1731420                    /usr/lib/jvm/java-6-sun-1.6.0.24/jre/lib/amd64/libverify.so
7f4f3550e000-7f4f35515000 r-xp 00000000 08:05 535724                     /lib/x86_64-linux-gnu/librt-2.13.so
7f4f35515000-7f4f35714000 ---p 00007000 08:05 535724                     /lib/x86_64-linux-gnu/librt-2.13.so
7f4f35714000-7f4f35715000 r-xp 00006000 08:05 535724                     /lib/x86_64-linux-gnu/librt-2.13.so
7f4f35715000-7f4f35716000 rwxp 00007000 08:05 535724                     /lib/x86_64-linux-gnu/librt-2.13.so
7f4f35716000-7f4f35719000 ---p 00000000 00:00 0 
7f4f35719000-7f4f35817000 rwxp 00000000 00:00 0 
7f4f35817000-7f4f3589b000 r-xp 00000000 08:05 535703                     /lib/x86_64-linux-gnu/libm-2.13.so
7f4f3589b000-7f4f35a9a000 ---p 00084000 08:05 535703                     /lib/x86_64-linux-gnu/libm-2.13.so
7f4f35a9a000-7f4f35a9b000 r-xp 00083000 08:05 535703                     /lib/x86_64-linux-gnu/libm-2.13.so
7f4f35a9b000-7f4f35a9c000 rwxp 00084000 08:05 535703                     /lib/x86_64-linux-gnu/libm-2.13.so
7f4f35a9c000-7f4f362da000 r-xp 00000000 08:05 1734849                    /usr/lib/jvm/java-6-sun-1.6.0.24/jre/lib/amd64/server/libjvm.so
7f4f362da000-7f4f363d9000 ---p 0083e000 08:05 1734849                    /usr/lib/jvm/java-6-sun-1.6.0.24/jre/lib/amd64/server/libjvm.so
7f4f363d9000-7f4f3656d000 rwxp 0083d000 08:05 1734849                    /usr/lib/jvm/java-6-sun-1.6.0.24/jre/lib/amd64/server/libjvm.so
7f4f3656d000-7f4f365a6000 rwxp 00000000 00:00 0 
7f4f365a6000-7f4f36730000 r-xp 00000000 08:05 535697                     /lib/x86_64-linux-gnu/libc-2.13.so
7f4f36730000-7f4f3692f000 ---p 0018a000 08:05 535697                     /lib/x86_64-linux-gnu/libc-2.13.so
7f4f3692f000-7f4f36933000 r-xp 00189000 08:05 535697                     /lib/x86_64-linux-gnu/libc-2.13.so
7f4f36933000-7f4f36934000 rwxp 0018d000 08:05 535697                     /lib/x86_64-linux-gnu/libc-2.13.so
7f4f36934000-7f4f3693a000 rwxp 00000000 00:00 0 
7f4f3693a000-7f4f3693c000 r-xp 00000000 08:05 535702                     /lib/x86_64-linux-gnu/libdl-2.13.so
7f4f3693c000-7f4f36b3c000 ---p 00002000 08:05 535702                     /lib/x86_64-linux-gnu/libdl-2.13.so
7f4f36b3c000-7f4f36b3d000 r-xp 00002000 08:05 535702                     /lib/x86_64-linux-gnu/libdl-2.13.so
7f4f36b3d000-7f4f36b3e000 rwxp 00003000 08:05 535702                     /lib/x86_64-linux-gnu/libdl-2.13.so
7f4f36b3e000-7f4f36b56000 r-xp 00000000 08:05 535718                     /lib/x86_64-linux-gnu/libpthread-2.13.so
7f4f36b56000-7f4f36d56000 ---p 00018000 08:05 535718                     /lib/x86_64-linux-gnu/libpthread-2.13.so
7f4f36d56000-7f4f36d57000 r-xp 00018000 08:05 535718                     /lib/x86_64-linux-gnu/libpthread-2.13.so
7f4f36d57000-7f4f36d58000 rwxp 00019000 08:05 535718                     /lib/x86_64-linux-gnu/libpthread-2.13.so
7f4f36d58000-7f4f36d5c000 rwxp 00000000 00:00 0 
7f4f36d5c000-7f4f36d7d000 r-xp 00000000 08:05 535673                     /lib/x86_64-linux-gnu/ld-2.13.so
7f4f36d7d000-7f4f36d7e000 rwxs fb641000 00:05 9918                       /dev/nvidia0
7f4f36d7e000-7f4f36d7f000 rwxs 127878000 00:05 9918                      /dev/nvidia0
7f4f36d7f000-7f4f36d89000 rwxp 00000000 00:00 0 
7f4f36d89000-7f4f36e3f000 rwxp 00000000 00:00 0 
7f4f36e3f000-7f4f36e42000 rwxp 00000000 00:00 0 
7f4f36e42000-7f4f36e49000 r-xp 00000000 08:05 1731410                    /usr/lib/jvm/java-6-sun-1.6.0.24/jre/lib/amd64/jli/libjli.so
7f4f36e49000-7f4f36f4a000 ---p 00007000 08:05 1731410                    /usr/lib/jvm/java-6-sun-1.6.0.24/jre/lib/amd64/jli/libjli.so
7f4f36f4a000-7f4f36f4c000 rwxp 00008000 08:05 1731410                    /usr/lib/jvm/java-6-sun-1.6.0.24/jre/lib/amd64/jli/libjli.so
7f4f36f4c000-7f4f36f4d000 rwxp 00000000 00:00 0 
7f4f36f4d000-7f4f36f4e000 rwxs 6d902000 00:05 9918                       /dev/nvidia0
7f4f36f4e000-7f4f36f4f000 rwxs fb060000 00:05 9918                       /dev/nvidia0
7f4f36f4f000-7f4f36f50000 r-xs 00000000 08:05 1340105                    /home/bompo/.fontconfig/aa7e4f27e681240d22a1f116cf7520f0-le64.cache-3
7f4f36f50000-7f4f36f51000 r-xs 001a1000 08:05 1339177                    /home/bompo/git/mgcube/libs/gdx-natives.jar
7f4f36f51000-7f4f36f6b000 r-xs 00206000 08:05 1359788                    /home/bompo/git/mgcube/libs/gdx-backend-jogl.jar
7f4f36f6b000-7f4f36f6c000 r-xs 00007000 08:05 1339556                    /home/bompo/git/mgcube/libs/gdx-backend-jogl-sources.jar
7f4f36f6c000-7f4f36f6d000 r-xs 00203000 08:05 1330406                    /home/bompo/git/mgcube/libs/gdx-backend-jogl-natives.jar
7f4f36f6d000-7f4f36f70000 r-xs 0000f000 08:05 1622792                    /usr/lib/jvm/java-6-sun-1.6.0.24/jre/lib/ext/pulse-java.jar
7f4f36f70000-7f4f36f78000 rwxs 00000000 08:05 525332                     /tmp/hsperfdata_bompo/22309
7f4f36f78000-7f4f36f79000 rwxp 00000000 00:00 0 
7f4f36f79000-7f4f36f7a000 r-xp 00000000 00:00 0 
7f4f36f7a000-7f4f36f7c000 rwxp 00000000 00:00 0 
7f4f36f7c000-7f4f36f7d000 r-xp 00020000 08:05 535673                     /lib/x86_64-linux-gnu/ld-2.13.so
7f4f36f7d000-7f4f36f7f000 rwxp 00021000 08:05 535673                     /lib/x86_64-linux-gnu/ld-2.13.so
7fffe680c000-7fffe682d000 rwxp 00000000 00:00 0                          [stack]
7fffe698a000-7fffe698b000 r-xp 00000000 00:00 0                          [vdso]
ffffffffff600000-ffffffffff601000 r-xp 00000000 00:00 0                  [vsyscall]

VM Arguments:
jvm_args: -Dfile.encoding=UTF-8 
java_command: de.swagner.mgcube.DesktopStarter
Launcher Type: SUN_STANDARD

Environment Variables:
PATH=/usr/local/sbin:/usr/local/bin:/usr/sbin:/usr/bin:/sbin:/bin:/usr/games
USERNAME=bompo
LD_LIBRARY_PATH=/usr/lib/jvm/java-6-sun-1.6.0.24/jre/lib/amd64/server:/usr/lib/jvm/java-6-sun-1.6.0.24/jre/lib/amd64:/usr/lib/jvm/java-6-sun-1.6.0.24/jre/../lib/amd64:/usr/lib/jvm/java-6-openjdk/jre/lib/amd64/server:/usr/lib/jvm/java-6-openjdk/jre/lib/amd64:/usr/lib/jvm/java-6-openjdk/jre/../lib/amd64:/usr/lib64/xulrunner-addons
SHELL=/bin/bash
DISPLAY=:0.0

Signal Handlers:
SIGSEGV: [libjvm.so+0x791b30], sa_mask[0]=0x7ffbfeff, sa_flags=0x10000004
SIGBUS: [libjvm.so+0x791b30], sa_mask[0]=0x7ffbfeff, sa_flags=0x10000004
SIGFPE: [libjvm.so+0x640ba0], sa_mask[0]=0x7ffbfeff, sa_flags=0x10000004
SIGPIPE: [libjvm.so+0x640ba0], sa_mask[0]=0x7ffbfeff, sa_flags=0x10000004
SIGXFSZ: [libjvm.so+0x640ba0], sa_mask[0]=0x7ffbfeff, sa_flags=0x10000004
SIGILL: [libjvm.so+0x640ba0], sa_mask[0]=0x7ffbfeff, sa_flags=0x10000004
SIGUSR1: SIG_DFL, sa_mask[0]=0x00000000, sa_flags=0x00000000
SIGUSR2: [libjvm.so+0x643780], sa_mask[0]=0x00000004, sa_flags=0x10000004
SIGHUP: [libjvm.so+0x643380], sa_mask[0]=0x7ffbfeff, sa_flags=0x10000004
SIGINT: [libjvm.so+0x643380], sa_mask[0]=0x7ffbfeff, sa_flags=0x10000004
SIGTERM: [libjvm.so+0x643380], sa_mask[0]=0x7ffbfeff, sa_flags=0x10000004
SIGQUIT: [libjvm.so+0x643380], sa_mask[0]=0x7ffbfeff, sa_flags=0x10000004


---------------  S Y S T E M  ---------------

OS:squeeze/sid

uname:Linux 2.6.38-10-generic #46-Ubuntu SMP Tue Jun 28 15:07:17 UTC 2011 x86_64
libc:glibc 2.13 NPTL 2.13 
rlimit: STACK 8192k, CORE 0k, NPROC infinity, NOFILE 4096, AS infinity
load average:0.06 0.20 0.19

/proc/meminfo:
MemTotal:        4047872 kB
MemFree:          897180 kB
Buffers:          133892 kB
Cached:           902016 kB
SwapCached:         1360 kB
Active:          1581428 kB
Inactive:        1174152 kB
Active(anon):    1050092 kB
Inactive(anon):   680512 kB
Active(file):     531336 kB
Inactive(file):   493640 kB
Unevictable:         132 kB
Mlocked:             132 kB
SwapTotal:      19529724 kB
SwapFree:       19516108 kB
Dirty:                52 kB
Writeback:           660 kB
AnonPages:       1718796 kB
Mapped:           154744 kB
Shmem:             10932 kB
Slab:             195284 kB
SReclaimable:     166720 kB
SUnreclaim:        28564 kB
KernelStack:        3752 kB
PageTables:        31044 kB
NFS_Unstable:          0 kB
Bounce:                0 kB
WritebackTmp:          0 kB
CommitLimit:    21553660 kB
Committed_AS:    3798576 kB
VmallocTotal:   34359738367 kB
VmallocUsed:      341848 kB
VmallocChunk:   34359382608 kB
HardwareCorrupted:     0 kB
HugePages_Total:       0
HugePages_Free:        0
HugePages_Rsvd:        0
HugePages_Surp:        0
Hugepagesize:       2048 kB
DirectMap4k:      218560 kB
DirectMap2M:     3966976 kB


CPU:total 4 (4 cores per cpu, 1 threads per core) family 6 model 30 stepping 5, cmov, cx8, fxsr, mmx, sse, sse2, sse3, ssse3, sse4.1, sse4.2, popcnt

Memory: 4k page, physical 4047872k(897180k free), swap 19529724k(19516108k free)

vm_info: Java HotSpot(TM) 64-Bit Server VM (19.1-b02) for linux-amd64 JRE (1.6.0_24-b07), built on Feb  2 2011 16:55:54 by "java_re" with gcc 3.2.2 (SuSE Linux)

time: Wed Jul  6 23:36:03 2011
elapsed time: 125 seconds

