#
# A fatal error has been detected by the Java Runtime Environment:
#
#  SIGSEGV (0xb) at pc=0x00007f35fdfeee0c, pid=14095, tid=139869885257472
#
# JRE version: 6.0_24-b07
# Java VM: Java HotSpot(TM) 64-Bit Server VM (19.1-b02 mixed mode linux-amd64 compressed oops)
# Problematic frame:
# C  [libGL.so.1+0x74e0c]
#
# If you would like to submit a bug report, please visit:
#   http://java.sun.com/webapps/bugreport/crash.jsp
# The crash happened outside the Java Virtual Machine in native code.
# See problematic frame for where to report the bug.
#

---------------  T H R E A D  ---------------

Current thread (0x00007f3600244800):  JavaThread "AWT-EventQueue-0" [_thread_in_native, id=14126, stack(0x00007f35fec35000,0x00007f35fed36000)]

siginfo:si_signo=SIGSEGV: si_errno=0, si_code=1 (SEGV_MAPERR), si_addr=0x00000000408ce068

Registers:
RAX=0x00000000408ce000, RBX=0x0000000040761008, RCX=0x0000000000000000, RDX=0x00007f360020fc50
RSP=0x00007f35fed338b0, RBP=0x0000000000000000, RSI=0x0000000000000000, RDI=0x0000000040761008
R8 =0x00007f35fe270c80, R9 =0x000000000000372e, R10=0x00007f360681bce7, R11=0x0000000000000206
R12=0x0000000040761008, R13=0x00007f3600132d60, R14=0x0000000040751990, R15=0x0000000000000000
RIP=0x00007f35fdfeee0c, EFL=0x0000000000010202, CSGSFS=0x0000000000000033, ERR=0x0000000000000004
  TRAPNO=0x000000000000000e

Register to memory mapping:

RAX=0x00000000408ce000
0x00000000408ce000 is pointing to unknown location

RBX=0x0000000040761008
0x0000000040761008 is pointing to unknown location

RCX=0x0000000000000000
0x0000000000000000 is pointing to unknown location

RDX=0x00007f360020fc50
0x00007f360020fc50 is pointing to unknown location

RSP=0x00007f35fed338b0
0x00007f35fed338b0 is pointing into the stack for thread: 0x00007f3600244800
"AWT-EventQueue-0" prio=10 tid=0x00007f3600244800 nid=0x372e runnable [0x00007f35fed33000]
   java.lang.Thread.State: RUNNABLE

RBP=0x0000000000000000
0x0000000000000000 is pointing to unknown location

RSI=0x0000000000000000
0x0000000000000000 is pointing to unknown location

RDI=0x0000000040761008
0x0000000040761008 is pointing to unknown location

R8 =0x00007f35fe270c80
0x00007f35fe270c80: <offset 0x2f6c80> in /usr/lib/nvidia-current/libGL.so.1 at 0x00007f35fdf7a000

R9 =0x000000000000372e
0x000000000000372e is pointing to unknown location

R10=0x00007f360681bce7
[CodeBlob (0x00007f360681bb10)]
Framesize: 10

R11=0x0000000000000206
0x0000000000000206 is pointing to unknown location

R12=0x0000000040761008
0x0000000040761008 is pointing to unknown location

R13=0x00007f3600132d60
0x00007f3600132d60 is pointing to unknown location

R14=0x0000000040751990
0x0000000040751990 is pointing to unknown location

R15=0x0000000000000000
0x0000000000000000 is pointing to unknown location


Top of Stack: (sp=0x00007f35fed338b0)
0x00007f35fed338b0:   0000000040761001 0000000000000000
0x00007f35fed338c0:   0000000040761008 00007f35fdff47f5
0x00007f35fed338d0:   00007f3600244800 00000000fe2709c0
0x00007f35fed338e0:   0000000000000000 00000000bd00eb80
0x00007f35fed338f0:   0000000000000000 00007f35fed339f8
0x00007f35fed33900:   00000000bdefcbe8 00007f3600244800
0x00007f35fed33910:   00007f35fed33960 00007f3604952904
0x00007f35fed33920:   00007f35fed33960 00007f35fe286ee8
0x00007f35fed33930:   00000000408ce000 00007f35fed33978
0x00007f35fed33940:   00007f35fed33970 00000000bd6fd9d8
0x00007f35fed33950:   00007f35fed339c0 0000000000000000
0x00007f35fed33960:   00007f35fed33a28 00007f35fed33a00
0x00007f35fed33970:   00007f3600244800 00007f35fbc843d7
0x00007f35fed33980:   00007f3600244800 0000000000000000
0x00007f35fed33990:   0000000000000000 00007f3600132d60
0x00007f35fed339a0:   00007f35fed33a00 00007f36002449c8
0x00007f35fed339b0:   00000000c2283320 00007f36067f3b14
0x00007f35fed339c0:   00007f35fed33a10 00007f360681bd5d
0x00007f35fed339d0:   00007f360b9051a8 00007f35fed339e8
0x00007f35fed339e0:   00007f35fed33a40 00007f360ba2fe00
0x00007f35fed339f0:   00007f360b8f10f0 00007f360b9051b0
0x00007f35fed33a00:   00000000bd702558 00007f36066e88da
0x00007f35fed33a10:   00007f35fed33a98 00007f36066e88da
0x00007f35fed33a20:   00007f36066e88da 0000000000000000
0x00007f35fed33a30:   0000000000000000 0000000000000000
0x00007f35fed33a40:   00007f35fed33a98 00007f3600132d60
0x00007f35fed33a50:   00000000ec9aa348 00007f35fed33a58
0x00007f35fed33a60:   00000000bd6dc302 00007f35fed33ab0
0x00007f35fed33a70:   00000000bd78ca80 00000000bdefff30
0x00007f35fed33a80:   00000000bd6dc338 00007f35fed33a28
0x00007f35fed33a90:   00007f35fed33ab0 00007f35fed33af8
0x00007f35fed33aa0:   00007f36066e8b02 0000000000000000 

Instructions: (pc=0x00007f35fdfeee0c)
0x00007f35fdfeedfc:   00 85 c0 74 61 48 8b 83 c8 08 00 00 48 8b 40 40
0x00007f35fdfeee0c:   48 8b 68 68 48 85 ed 74 60 4c 8b 25 1c ee 25 00 

Stack: [0x00007f35fec35000,0x00007f35fed36000],  sp=0x00007f35fed338b0,  free space=1018k
Native frames: (J=compiled Java code, j=interpreted, Vv=VM code, C=native code)
C  [libGL.so.1+0x74e0c]

[error occurred during error reporting (printing native stack), id 0xb]

Java frames: (J=compiled Java code, j=interpreted, Vv=VM code)
J  com.sun.opengl.impl.x11.GLX.glXMakeCurrent(JJJ)Z
j  com.sun.opengl.impl.x11.X11GLContext.releaseImpl()V+10
j  com.sun.opengl.impl.x11.X11OnscreenGLContext.releaseImpl()V+1
j  com.sun.opengl.impl.GLContextImpl.release()V+25
j  com.sun.opengl.impl.GLDrawableHelper.invokeGL(Ljavax/media/opengl/GLDrawable;Ljavax/media/opengl/GLContext;Ljava/lang/Runnable;Ljava/lang/Runnable;)V+462
j  javax.media.opengl.GLCanvas$DisplayOnEventDispatchThreadAction.run()V+35
j  java.awt.event.InvocationEvent.dispatch()V+11
j  java.awt.EventQueue.dispatchEventImpl(Ljava/awt/AWTEvent;Ljava/lang/Object;)V+21
j  java.awt.EventQueue.access$000(Ljava/awt/EventQueue;Ljava/awt/AWTEvent;Ljava/lang/Object;)V+3
j  java.awt.EventQueue$1.run()Ljava/lang/Void;+12
j  java.awt.EventQueue$1.run()Ljava/lang/Object;+1
v  ~StubRoutines::call_stub
j  java.security.AccessController.doPrivileged(Ljava/security/PrivilegedAction;Ljava/security/AccessControlContext;)Ljava/lang/Object;+0
J  java.awt.EventDispatchThread.pumpOneEventForFilters(I)Z
j  java.awt.EventDispatchThread.pumpEventsForFilter(ILjava/awt/Conditional;Ljava/awt/EventFilter;)V+30
j  java.awt.EventDispatchThread.pumpEventsForHierarchy(ILjava/awt/Conditional;Ljava/awt/Component;)V+11
j  java.awt.EventDispatchThread.pumpEvents(ILjava/awt/Conditional;)V+4
j  java.awt.EventDispatchThread.pumpEvents(Ljava/awt/Conditional;)V+3
j  java.awt.EventDispatchThread.run()V+9
v  ~StubRoutines::call_stub

---------------  P R O C E S S  ---------------

Java Threads: ( => current thread )
  0x00007f3600c05800 JavaThread "XToolkit-Shutdown-Thread" [_thread_blocked, id=14195, stack(0x00007f35f2756000,0x00007f35f2857000)]
  0x0000000040453800 JavaThread "SIGTERM handler" daemon [_thread_blocked, id=14193, stack(0x00007f360504f000,0x00007f3605150000)]
  0x00007f36003ec800 JavaThread "DestroyJavaVM" [_thread_blocked, id=14100, stack(0x00007f360abce000,0x00007f360accf000)]
  0x0000000040750000 JavaThread "Thread-1" [_thread_blocked, id=14130, stack(0x00007f35f439e000,0x00007f35f449f000)]
=>0x00007f3600244800 JavaThread "AWT-EventQueue-0" [_thread_in_native, id=14126, stack(0x00007f35fec35000,0x00007f35fed36000)]
  0x00007f36002ee800 JavaThread "AWT-Shutdown" [_thread_blocked, id=14125, stack(0x00007f35fee80000,0x00007f35fef81000)]
  0x00000000406c5000 JavaThread "AWT-XAWT" daemon [_thread_blocked, id=14124, stack(0x00007f35fef81000,0x00007f35ff082000)]
  0x0000000040512800 JavaThread "Java2D Disposer" daemon [_thread_blocked, id=14123, stack(0x00007f35ff6ca000,0x00007f35ff7cb000)]
  0x00007f3600093000 JavaThread "Low Memory Detector" daemon [_thread_blocked, id=14121, stack(0x00007f3604d4c000,0x00007f3604e4d000)]
  0x00007f3600090000 JavaThread "CompilerThread1" daemon [_thread_blocked, id=14120, stack(0x00007f3604e4d000,0x00007f3604f4e000)]
  0x00007f360008d000 JavaThread "CompilerThread0" daemon [_thread_blocked, id=14119, stack(0x00007f3604f4e000,0x00007f360504f000)]
  0x00007f3600077000 JavaThread "JDWP Event Helper Thread" daemon [_thread_blocked, id=14114, stack(0x00007f3605150000,0x00007f3605251000)]
  0x00007f3600073800 JavaThread "JDWP Transport Listener: dt_socket" daemon [_thread_in_native, id=14112, stack(0x00007f3605251000,0x00007f3605352000)]
  0x00007f3600067800 JavaThread "Signal Dispatcher" daemon [_thread_blocked, id=14110, stack(0x00007f3605456000,0x00007f3605557000)]
  0x00007f360004c000 JavaThread "Finalizer" daemon [_thread_blocked, id=14108, stack(0x00007f3605557000,0x00007f3605658000)]
  0x00007f360004a000 JavaThread "Reference Handler" daemon [_thread_blocked, id=14107, stack(0x00007f3605658000,0x00007f3605759000)]

Other Threads:
  0x00007f3600043800 VMThread [stack: 0x00007f3605759000,0x00007f360585a000] [id=14106]
  0x00007f36000a5800 WatcherThread [stack: 0x00007f3604c4b000,0x00007f3604d4c000] [id=14122]

VM state:not at safepoint (normal execution)

VM Mutex/Monitor currently owned by a thread: None

Heap
 PSYoungGen      total 18432K, used 12080K [0x00000000eb600000, 0x00000000eca90000, 0x0000000100000000)
  eden space 15808K, 61% used [0x00000000eb600000,0x00000000ebf79970,0x00000000ec570000)
  from space 2624K, 90% used [0x00000000ec800000,0x00000000eca52970,0x00000000eca90000)
  to   space 2624K, 0% used [0x00000000ec570000,0x00000000ec570000,0x00000000ec800000)
 PSOldGen        total 42240K, used 3984K [0x00000000c2200000, 0x00000000c4b40000, 0x00000000eb600000)
  object space 42240K, 9% used [0x00000000c2200000,0x00000000c25e4180,0x00000000c4b40000)
 PSPermGen       total 21248K, used 15511K [0x00000000bd000000, 0x00000000be4c0000, 0x00000000c2200000)
  object space 21248K, 73% used [0x00000000bd000000,0x00000000bdf25dd0,0x00000000be4c0000)

Dynamic libraries:
40000000-40009000 r-xp 00000000 08:05 1662394                            /usr/lib/jvm/java-6-sun-1.6.0.24/jre/bin/java
40108000-4010a000 rwxp 00008000 08:05 1662394                            /usr/lib/jvm/java-6-sun-1.6.0.24/jre/bin/java
40427000-408ce000 rwxp 00000000 00:00 0                                  [heap]
bd000000-be4c0000 rwxp 00000000 00:00 0 
be4c0000-c2200000 rwxp 00000000 00:00 0 
c2200000-c4b40000 rwxp 00000000 00:00 0 
c4b40000-eb600000 rwxp 00000000 00:00 0 
eb600000-eca90000 rwxp 00000000 00:00 0 
eca90000-100000000 rwxp 00000000 00:00 0 
7f35f2756000-7f35f2759000 ---p 00000000 00:00 0 
7f35f2759000-7f35f2857000 rwxp 00000000 00:00 0 
7f35f2857000-7f35f285a000 ---p 00000000 00:00 0 
7f35f285a000-7f35f3ca1000 rwxp 00000000 00:00 0 
7f35f3ca1000-7f35f3e18000 rwxs 00000000 00:04 20578317                   /SYSV00000000 (deleted)
7f35f3e9a000-7f35f409a000 rwxs 8f62a000 00:05 9808                       /dev/nvidia0
7f35f419e000-7f35f439e000 rwxp 00000000 00:00 0 
7f35f439e000-7f35f43a1000 ---p 00000000 00:00 0 
7f35f43a1000-7f35f449f000 rwxp 00000000 00:00 0 
7f35f449f000-7f35f44a0000 ---p 00000000 00:00 0 
7f35f44a0000-7f35f4ca0000 rwxp 00000000 00:00 0 
7f35f4ca0000-7f35f8ca1000 rwxs 00000000 00:10 175599                     /dev/shm/pulse-shm-1220711471
7f35f8ca1000-7f35f8ca2000 ---p 00000000 00:00 0 
7f35f8ca2000-7f35f94a2000 rwxp 00000000 00:00 0 
7f35f94a2000-7f35f94a8000 r-xp 00000000 08:05 1573092                    /usr/lib/libogg.so.0.7.0
7f35f94a8000-7f35f96a7000 ---p 00006000 08:05 1573092                    /usr/lib/libogg.so.0.7.0
7f35f96a7000-7f35f96a8000 r-xp 00005000 08:05 1573092                    /usr/lib/libogg.so.0.7.0
7f35f96a8000-7f35f96a9000 rwxp 00006000 08:05 1573092                    /usr/lib/libogg.so.0.7.0
7f35f96a9000-7f35f96d4000 r-xp 00000000 08:05 1582648                    /usr/lib/libvorbis.so.0.4.5
7f35f96d4000-7f35f98d3000 ---p 0002b000 08:05 1582648                    /usr/lib/libvorbis.so.0.4.5
7f35f98d3000-7f35f98d4000 r-xp 0002a000 08:05 1582648                    /usr/lib/libvorbis.so.0.4.5
7f35f98d4000-7f35f98d5000 rwxp 0002b000 08:05 1582648                    /usr/lib/libvorbis.so.0.4.5
7f35f98d5000-7f35f9b88000 r-xp 00000000 08:05 1573212                    /usr/lib/libvorbisenc.so.2.0.8
7f35f9b88000-7f35f9d87000 ---p 002b3000 08:05 1573212                    /usr/lib/libvorbisenc.so.2.0.8
7f35f9d87000-7f35f9da3000 r-xp 002b2000 08:05 1573212                    /usr/lib/libvorbisenc.so.2.0.8
7f35f9da3000-7f35f9da4000 rwxp 002ce000 08:05 1573212                    /usr/lib/libvorbisenc.so.2.0.8
7f35f9da4000-7f35f9dec000 r-xp 00000000 08:05 1570101                    /usr/lib/libFLAC.so.8.2.0
7f35f9dec000-7f35f9fec000 ---p 00048000 08:05 1570101                    /usr/lib/libFLAC.so.8.2.0
7f35f9fec000-7f35f9fed000 r-xp 00048000 08:05 1570101                    /usr/lib/libFLAC.so.8.2.0
7f35f9fed000-7f35f9fee000 rwxp 00049000 08:05 1570101                    /usr/lib/libFLAC.so.8.2.0
7f35f9fee000-7f35fa04f000 r-xp 00000000 08:05 1570821                    /usr/lib/libsndfile.so.1.0.23
7f35fa04f000-7f35fa24f000 ---p 00061000 08:05 1570821                    /usr/lib/libsndfile.so.1.0.23
7f35fa24f000-7f35fa251000 r-xp 00061000 08:05 1570821                    /usr/lib/libsndfile.so.1.0.23
7f35fa251000-7f35fa252000 rwxp 00063000 08:05 1570821                    /usr/lib/libsndfile.so.1.0.23
7f35fa252000-7f35fa256000 rwxp 00000000 00:00 0 
7f35fa256000-7f35fa25e000 r-xp 00000000 08:05 538930                     /lib/libwrap.so.0.7.6
7f35fa25e000-7f35fa45e000 ---p 00008000 08:05 538930                     /lib/libwrap.so.0.7.6
7f35fa45e000-7f35fa45f000 r-xp 00008000 08:05 538930                     /lib/libwrap.so.0.7.6
7f35fa45f000-7f35fa460000 rwxp 00009000 08:05 538930                     /lib/libwrap.so.0.7.6
7f35fa460000-7f35fa461000 rwxp 00000000 00:00 0 
7f35fa461000-7f35fa465000 r-xp 00000000 08:05 534738                     /lib/x86_64-linux-gnu/libuuid.so.1.3.0
7f35fa465000-7f35fa664000 ---p 00004000 08:05 534738                     /lib/x86_64-linux-gnu/libuuid.so.1.3.0
7f35fa664000-7f35fa665000 r-xp 00003000 08:05 534738                     /lib/x86_64-linux-gnu/libuuid.so.1.3.0
7f35fa665000-7f35fa666000 rwxp 00004000 08:05 534738                     /lib/x86_64-linux-gnu/libuuid.so.1.3.0
7f35fa666000-7f35fa6a8000 r-xp 00000000 08:05 525819                     /lib/x86_64-linux-gnu/libdbus-1.so.3.5.4
7f35fa6a8000-7f35fa8a8000 ---p 00042000 08:05 525819                     /lib/x86_64-linux-gnu/libdbus-1.so.3.5.4
7f35fa8a8000-7f35fa8a9000 r-xp 00042000 08:05 525819                     /lib/x86_64-linux-gnu/libdbus-1.so.3.5.4
7f35fa8a9000-7f35fa8aa000 rwxp 00043000 08:05 525819                     /lib/x86_64-linux-gnu/libdbus-1.so.3.5.4
7f35fa8aa000-7f35fa8f5000 r-xp 00000000 08:05 1580900                    /usr/lib/libpulsecommon-0.9.22.so
7f35fa8f5000-7f35faaf4000 ---p 0004b000 08:05 1580900                    /usr/lib/libpulsecommon-0.9.22.so
7f35faaf4000-7f35faaf5000 r-xp 0004a000 08:05 1580900                    /usr/lib/libpulsecommon-0.9.22.so
7f35faaf5000-7f35faaf6000 rwxp 0004b000 08:05 1580900                    /usr/lib/libpulsecommon-0.9.22.so
7f35faaf6000-7f35faaf9000 r-xp 00000000 08:05 1573582                    /usr/lib/libxcb-atom.so.1.0.0
7f35faaf9000-7f35facf9000 ---p 00003000 08:05 1573582                    /usr/lib/libxcb-atom.so.1.0.0
7f35facf9000-7f35facfa000 r-xp 00003000 08:05 1573582                    /usr/lib/libxcb-atom.so.1.0.0
7f35facfa000-7f35facfb000 rwxp 00004000 08:05 1573582                    /usr/lib/libxcb-atom.so.1.0.0
7f35facfb000-7f35fad02000 r-xp 00000000 08:05 1578963                    /usr/lib/x86_64-linux-gnu/libSM.so.6.0.1
7f35fad02000-7f35faf01000 ---p 00007000 08:05 1578963                    /usr/lib/x86_64-linux-gnu/libSM.so.6.0.1
7f35faf01000-7f35faf02000 r-xp 00006000 08:05 1578963                    /usr/lib/x86_64-linux-gnu/libSM.so.6.0.1
7f35faf02000-7f35faf03000 rwxp 00007000 08:05 1578963                    /usr/lib/x86_64-linux-gnu/libSM.so.6.0.1
7f35faf03000-7f35faf19000 r-xp 00000000 08:05 1571606                    /usr/lib/x86_64-linux-gnu/libICE.so.6.3.0
7f35faf19000-7f35fb119000 ---p 00016000 08:05 1571606                    /usr/lib/x86_64-linux-gnu/libICE.so.6.3.0
7f35fb119000-7f35fb11a000 r-xp 00016000 08:05 1571606                    /usr/lib/x86_64-linux-gnu/libICE.so.6.3.0
7f35fb11a000-7f35fb11b000 rwxp 00017000 08:05 1571606                    /usr/lib/x86_64-linux-gnu/libICE.so.6.3.0
7f35fb11b000-7f35fb11e000 rwxp 00000000 00:00 0 
7f35fb11e000-7f35fb11f000 r-xp 00000000 08:05 1570508                    /usr/lib/x86_64-linux-gnu/libX11-xcb.so.1.0.0
7f35fb11f000-7f35fb31e000 ---p 00001000 08:05 1570508                    /usr/lib/x86_64-linux-gnu/libX11-xcb.so.1.0.0
7f35fb31e000-7f35fb31f000 r-xp 00000000 08:05 1570508                    /usr/lib/x86_64-linux-gnu/libX11-xcb.so.1.0.0
7f35fb31f000-7f35fb320000 rwxp 00001000 08:05 1570508                    /usr/lib/x86_64-linux-gnu/libX11-xcb.so.1.0.0
7f35fb320000-7f35fb360000 r-xp 00000000 08:05 1573921                    /usr/lib/libpulse.so.0.12.3
7f35fb360000-7f35fb55f000 ---p 00040000 08:05 1573921                    /usr/lib/libpulse.so.0.12.3
7f35fb55f000-7f35fb560000 r-xp 0003f000 08:05 1573921                    /usr/lib/libpulse.so.0.12.3
7f35fb560000-7f35fb561000 rwxp 00040000 08:05 1573921                    /usr/lib/libpulse.so.0.12.3
7f35fb561000-7f35fb5ad000 r-xp 00000000 08:05 525382                     /tmp/libgdx/1799094955/libopenal64.so
7f35fb5ad000-7f35fb7ac000 ---p 0004c000 08:05 525382                     /tmp/libgdx/1799094955/libopenal64.so
7f35fb7ac000-7f35fb7ae000 r-xp 0004b000 08:05 525382                     /tmp/libgdx/1799094955/libopenal64.so
7f35fb7ae000-7f35fb7af000 rwxp 0004d000 08:05 525382                     /tmp/libgdx/1799094955/libopenal64.so
7f35fb7af000-7f35fb7b0000 rwxp 00000000 00:00 0 
7f35fb7b0000-7f35fb7b8000 r-xp 00000000 08:05 1581969                    /usr/lib/x86_64-linux-gnu/libXrandr.so.2.2.0
7f35fb7b8000-7f35fb9b7000 ---p 00008000 08:05 1581969                    /usr/lib/x86_64-linux-gnu/libXrandr.so.2.2.0
7f35fb9b7000-7f35fb9b8000 r-xp 00007000 08:05 1581969                    /usr/lib/x86_64-linux-gnu/libXrandr.so.2.2.0
7f35fb9b8000-7f35fb9b9000 rwxp 00008000 08:05 1581969                    /usr/lib/x86_64-linux-gnu/libXrandr.so.2.2.0
7f35fb9b9000-7f35fba32000 r-xp 00000000 08:05 525418                     /tmp/libgdx/1799094955/liblwjgl64.so
7f35fba32000-7f35fbc31000 ---p 00079000 08:05 525418                     /tmp/libgdx/1799094955/liblwjgl64.so
7f35fbc31000-7f35fbc33000 r-xp 00078000 08:05 525418                     /tmp/libgdx/1799094955/liblwjgl64.so
7f35fbc33000-7f35fbc34000 rwxp 0007a000 08:05 525418                     /tmp/libgdx/1799094955/liblwjgl64.so
7f35fbc34000-7f35fbd23000 r-xp 00000000 08:05 525304                     /tmp/libgdx/1799094955/libjogl-linux64.so
7f35fbd23000-7f35fbe23000 ---p 000ef000 08:05 525304                     /tmp/libgdx/1799094955/libjogl-linux64.so
7f35fbe23000-7f35fbe24000 rwxp 000ef000 08:05 525304                     /tmp/libgdx/1799094955/libjogl-linux64.so
7f35fbe24000-7f35fd272000 r-xp 00000000 08:05 723                        /usr/lib/nvidia-current/libnvidia-glcore.so.270.41.19
7f35fd272000-7f35fd472000 ---p 0144e000 08:05 723                        /usr/lib/nvidia-current/libnvidia-glcore.so.270.41.19
7f35fd472000-7f35fda5a000 rwxp 0144e000 08:05 723                        /usr/lib/nvidia-current/libnvidia-glcore.so.270.41.19
7f35fda5a000-7f35fda71000 rwxp 00000000 00:00 0 
7f35fda71000-7f35fda72000 r-xp 00000000 08:05 716                        /usr/lib/nvidia-current/tls/libnvidia-tls.so.270.41.19
7f35fda72000-7f35fdc72000 ---p 00001000 08:05 716                        /usr/lib/nvidia-current/tls/libnvidia-tls.so.270.41.19
7f35fdc72000-7f35fdc73000 rwxp 00001000 08:05 716                        /usr/lib/nvidia-current/tls/libnvidia-tls.so.270.41.19
7f35fdc73000-7f35fdc74000 r-xp 00000000 08:05 1734853                    /usr/lib/jvm/java-6-sun-1.6.0.24/jre/lib/amd64/libjawt.so
7f35fdc74000-7f35fdd73000 ---p 00001000 08:05 1734853                    /usr/lib/jvm/java-6-sun-1.6.0.24/jre/lib/amd64/libjawt.so
7f35fdd73000-7f35fdd74000 rwxp 00000000 08:05 1734853                    /usr/lib/jvm/java-6-sun-1.6.0.24/jre/lib/amd64/libjawt.so
7f35fdd74000-7f35fdd79000 r-xp 00000000 08:05 1581972                    /usr/lib/x86_64-linux-gnu/libXxf86vm.so.1.0.0
7f35fdd79000-7f35fdf78000 ---p 00005000 08:05 1581972                    /usr/lib/x86_64-linux-gnu/libXxf86vm.so.1.0.0
7f35fdf78000-7f35fdf79000 r-xp 00004000 08:05 1581972                    /usr/lib/x86_64-linux-gnu/libXxf86vm.so.1.0.0
7f35fdf79000-7f35fdf7a000 rwxp 00005000 08:05 1581972                    /usr/lib/x86_64-linux-gnu/libXxf86vm.so.1.0.0
7f35fdf7a000-7f35fe037000 r-xp 00000000 08:05 928                        /usr/lib/nvidia-current/libGL.so.270.41.19
7f35fe037000-7f35fe237000 ---p 000bd000 08:05 928                        /usr/lib/nvidia-current/libGL.so.270.41.19
7f35fe237000-7f35fe270000 rwxp 000bd000 08:05 928                        /usr/lib/nvidia-current/libGL.so.270.41.19
7f35fe270000-7f35fe286000 rwxp 00000000 00:00 0 
7f35fe286000-7f35fe288000 r-xp 00000000 08:05 525260                     /tmp/libgdx/1799094955/libjogl_awt-linux64.so
7f35fe288000-7f35fe387000 ---p 00002000 08:05 525260                     /tmp/libgdx/1799094955/libjogl_awt-linux64.so
7f35fe387000-7f35fe388000 rwxp 00001000 08:05 525260                     /tmp/libgdx/1799094955/libjogl_awt-linux64.so
7f35fe388000-7f35fe389000 r-xp 00000000 08:05 525116                     /tmp/libgdx/1799094955/libgluegen-rt-linux64.so
7f35fe389000-7f35fe488000 ---p 00001000 08:05 525116                     /tmp/libgdx/1799094955/libgluegen-rt-linux64.so
7f35fe488000-7f35fe489000 rwxp 00000000 08:05 525116                     /tmp/libgdx/1799094955/libgluegen-rt-linux64.so
7f35fe489000-7f35fe49e000 r-xp 00000000 08:05 528127                     /lib/x86_64-linux-gnu/libgcc_s.so.1
7f35fe49e000-7f35fe69d000 ---p 00015000 08:05 528127                     /lib/x86_64-linux-gnu/libgcc_s.so.1
7f35fe69d000-7f35fe69e000 r-xp 00014000 08:05 528127                     /lib/x86_64-linux-gnu/libgcc_s.so.1
7f35fe69e000-7f35fe69f000 rwxp 00015000 08:05 528127                     /lib/x86_64-linux-gnu/libgcc_s.so.1
7f35fe69f000-7f35fe787000 r-xp 00000000 08:05 1571250                    /usr/lib/x86_64-linux-gnu/libstdc++.so.6.0.14
7f35fe787000-7f35fe986000 ---p 000e8000 08:05 1571250                    /usr/lib/x86_64-linux-gnu/libstdc++.so.6.0.14
7f35fe986000-7f35fe98e000 r-xp 000e7000 08:05 1571250                    /usr/lib/x86_64-linux-gnu/libstdc++.so.6.0.14
7f35fe98e000-7f35fe990000 rwxp 000ef000 08:05 1571250                    /usr/lib/x86_64-linux-gnu/libstdc++.so.6.0.14
7f35fe990000-7f35fe9a5000 rwxp 00000000 00:00 0 
7f35fe9a5000-7f35fea30000 r-xp 00000000 08:05 525070                     /tmp/libgdx/1799094955/libgdx-64.so
7f35fea30000-7f35fec30000 ---p 0008b000 08:05 525070                     /tmp/libgdx/1799094955/libgdx-64.so
7f35fec30000-7f35fec31000 r-xp 0008b000 08:05 525070                     /tmp/libgdx/1799094955/libgdx-64.so
7f35fec31000-7f35fec32000 rwxp 0008c000 08:05 525070                     /tmp/libgdx/1799094955/libgdx-64.so
7f35fec32000-7f35fec35000 rwxp 00000000 00:00 0 
7f35fec35000-7f35fec38000 ---p 00000000 00:00 0 
7f35fec38000-7f35fed36000 rwxp 00000000 00:00 0 
7f35fed36000-7f35fed37000 r-xs 00000000 08:05 532633                     /var/cache/fontconfig/26de28bc8622bbc1fb67fd234c21975f-le64.cache-3
7f35fed37000-7f35fed38000 r-xs 00000000 08:05 554485                     /var/cache/fontconfig/c05880de57d1f5e948fdfacc138775d9-le64.cache-3
7f35fed38000-7f35fed41000 r-xs 00000000 08:05 527845                     /var/cache/fontconfig/945677eb7aeaf62f1d50efc3fb3ec7d8-le64.cache-3
7f35fed41000-7f35fed43000 r-xs 00000000 08:05 554480                     /var/cache/fontconfig/99e8ed0e538f840c565b6ed5dad60d56-le64.cache-3
7f35fed43000-7f35fed46000 r-xs 00000000 08:05 554411                     /var/cache/fontconfig/f24b2111ab8703b4e963115a8cf14259-le64.cache-3
7f35fed46000-7f35fed49000 r-xs 00000000 08:05 554479                     /var/cache/fontconfig/e383d7ea5fbe662a33d9b44caf393297-le64.cache-3
7f35fed49000-7f35fed4c000 r-xs 00000000 08:05 554477                     /var/cache/fontconfig/2cd17615ca594fa2959ae173292e504c-le64.cache-3
7f35fed4c000-7f35fed4d000 r-xs 00000000 08:05 554471                     /var/cache/fontconfig/e7071f4a29fa870f4323321c154eba04-le64.cache-3
7f35fed4d000-7f35fed51000 r-xs 00000000 08:05 554470                     /var/cache/fontconfig/6eb3985aa4124903f6ff08ba781cd364-le64.cache-3
7f35fed51000-7f35fed52000 r-xs 00000000 08:05 554466                     /var/cache/fontconfig/4c73fe0c47614734b17d736dbde7580a-le64.cache-3
7f35fed52000-7f35fed53000 r-xs 00000000 08:05 554459                     /var/cache/fontconfig/0d8c3b2ac0904cb8a57a757ad11a4a08-le64.cache-3
7f35fed53000-7f35fed54000 r-xs 00000000 08:05 554454                     /var/cache/fontconfig/6a53c69dea097a2d716e069445527da8-le64.cache-3
7f35fed54000-7f35fed59000 r-xs 00000000 08:05 554453                     /var/cache/fontconfig/062808c12e6e608270f93bb230aed730-le64.cache-3
7f35fed59000-7f35fed5f000 r-xs 00000000 08:05 554429                     /var/cache/fontconfig/a755afe4a08bf5b97852ceb7400b47bc-le64.cache-3
7f35fed5f000-7f35fed64000 r-xs 00000000 08:05 554452                     /var/cache/fontconfig/515ca1ebc4b18308bea979be5704f9db-le64.cache-3
7f35fed64000-7f35fed6d000 r-xs 00000000 08:05 554448                     /var/cache/fontconfig/6d41288fd70b0be22e8c3a91e032eec0-le64.cache-3
7f35fed6d000-7f35fed7d000 r-xs 00000000 08:05 554447                     /var/cache/fontconfig/0f34bcd4b6ee430af32735b75db7f02b-le64.cache-3
7f35fed7d000-7f35fed80000 r-xs 00000000 08:05 554441                     /var/cache/fontconfig/d60319d88cac85ba9e1a07bd06cfbb8c-le64.cache-3
7f35fed80000-7f35fed81000 r-xs 00000000 08:05 530935                     /var/cache/fontconfig/4794a0821666d79190d59a36cb4f44b5-le64.cache-3
7f35fed81000-7f35fedaf000 r-xs 00000000 08:05 554435                     /var/cache/fontconfig/365b55f210c0a22e9a19e35191240f32-le64.cache-3
7f35fedaf000-7f35fedb9000 r-xs 00000000 08:05 554433                     /var/cache/fontconfig/d52a8644073d54c13679302ca1180695-le64.cache-3
7f35fee80000-7f35fee83000 ---p 00000000 00:00 0 
7f35fee83000-7f35fef81000 rwxp 00000000 00:00 0 
7f35fef81000-7f35fef84000 ---p 00000000 00:00 0 
7f35fef84000-7f35ff082000 rwxp 00000000 00:00 0 
7f35ff082000-7f35ff087000 r-xp 00000000 08:05 1570859                    /usr/lib/x86_64-linux-gnu/libXfixes.so.3.1.0
7f35ff087000-7f35ff286000 ---p 00005000 08:05 1570859                    /usr/lib/x86_64-linux-gnu/libXfixes.so.3.1.0
7f35ff286000-7f35ff287000 r-xp 00004000 08:05 1570859                    /usr/lib/x86_64-linux-gnu/libXfixes.so.3.1.0
7f35ff287000-7f35ff288000 rwxp 00005000 08:05 1570859                    /usr/lib/x86_64-linux-gnu/libXfixes.so.3.1.0
7f35ff288000-7f35ff291000 r-xp 00000000 08:05 1570620                    /usr/lib/x86_64-linux-gnu/libXrender.so.1.3.0
7f35ff291000-7f35ff491000 ---p 00009000 08:05 1570620                    /usr/lib/x86_64-linux-gnu/libXrender.so.1.3.0
7f35ff491000-7f35ff492000 r-xp 00009000 08:05 1570620                    /usr/lib/x86_64-linux-gnu/libXrender.so.1.3.0
7f35ff492000-7f35ff493000 rwxp 0000a000 08:05 1570620                    /usr/lib/x86_64-linux-gnu/libXrender.so.1.3.0
7f35ff493000-7f35ff49c000 r-xp 00000000 08:05 1573929                    /usr/lib/x86_64-linux-gnu/libXcursor.so.1.0.2
7f35ff49c000-7f35ff69b000 ---p 00009000 08:05 1573929                    /usr/lib/x86_64-linux-gnu/libXcursor.so.1.0.2
7f35ff69b000-7f35ff69c000 r-xp 00008000 08:05 1573929                    /usr/lib/x86_64-linux-gnu/libXcursor.so.1.0.2
7f35ff69c000-7f35ff69d000 rwxp 00009000 08:05 1573929                    /usr/lib/x86_64-linux-gnu/libXcursor.so.1.0.2
7f35ff6ab000-7f35ff6af000 rwxs 707dd000 00:05 9808                       /dev/nvidia0
7f35ff6af000-7f35ff6ca000 rwxs 110ac0000 00:05 9808                      /dev/nvidia0
7f35ff6ca000-7f35ff6cd000 ---p 00000000 00:00 0 
7f35ff6cd000-7f35ff7cb000 rwxp 00000000 00:00 0 
7f35ff7cb000-7f35ff7d0000 r-xp 00000000 08:05 1573561                    /usr/lib/x86_64-linux-gnu/libXdmcp.so.6.0.0
7f35ff7d0000-7f35ff9cf000 ---p 00005000 08:05 1573561                    /usr/lib/x86_64-linux-gnu/libXdmcp.so.6.0.0
7f35ff9cf000-7f35ff9d0000 r-xp 00004000 08:05 1573561                    /usr/lib/x86_64-linux-gnu/libXdmcp.so.6.0.0
7f35ff9d0000-7f35ff9d1000 rwxp 00005000 08:05 1573561                    /usr/lib/x86_64-linux-gnu/libXdmcp.so.6.0.0
7f35ff9d1000-7f35ff9d3000 r-xp 00000000 08:05 1570542                    /usr/lib/x86_64-linux-gnu/libXau.so.6.0.0
7f35ff9d3000-7f35ffbd2000 ---p 00002000 08:05 1570542                    /usr/lib/x86_64-linux-gnu/libXau.so.6.0.0
7f35ffbd2000-7f35ffbd3000 r-xp 00001000 08:05 1570542                    /usr/lib/x86_64-linux-gnu/libXau.so.6.0.0
7f35ffbd3000-7f35ffbd4000 rwxp 00002000 08:05 1570542                    /usr/lib/x86_64-linux-gnu/libXau.so.6.0.0
7f35ffbd4000-7f35ffbef000 r-xp 00000000 08:05 1572615                    /usr/lib/x86_64-linux-gnu/libxcb.so.1.1.0
7f35ffbef000-7f35ffdee000 ---p 0001b000 08:05 1572615                    /usr/lib/x86_64-linux-gnu/libxcb.so.1.1.0
7f35ffdee000-7f35ffdef000 r-xp 0001a000 08:05 1572615                    /usr/lib/x86_64-linux-gnu/libxcb.so.1.1.0
7f35ffdef000-7f35ffdf0000 rwxp 0001b000 08:05 1572615                    /usr/lib/x86_64-linux-gnu/libxcb.so.1.1.0
7f35ffdf0000-7f35ffdff000 r-xp 00000000 08:05 1613065                    /usr/lib/x86_64-linux-gnu/libXi.so.6.1.0
7f35ffdff000-7f35ffffe000 ---p 0000f000 08:05 1613065                    /usr/lib/x86_64-linux-gnu/libXi.so.6.1.0
7f35ffffe000-7f35fffff000 r-xp 0000e000 08:05 1613065                    /usr/lib/x86_64-linux-gnu/libXi.so.6.1.0
7f35fffff000-7f3600000000 rwxp 0000f000 08:05 1613065                    /usr/lib/x86_64-linux-gnu/libXi.so.6.1.0
7f3600000000-7f36017c8000 rwxp 00000000 00:00 0 
7f36017c8000-7f3604000000 ---p 00000000 00:00 0 
7f3604002000-7f360407b000 r-xp 00000000 08:05 1734841                    /usr/lib/jvm/java-6-sun-1.6.0.24/jre/lib/amd64/libfontmanager.so
7f360407b000-7f360417a000 ---p 00079000 08:05 1734841                    /usr/lib/jvm/java-6-sun-1.6.0.24/jre/lib/amd64/libfontmanager.so
7f360417a000-7f360418f000 rwxp 00078000 08:05 1734841                    /usr/lib/jvm/java-6-sun-1.6.0.24/jre/lib/amd64/libfontmanager.so
7f360418f000-7f36041a0000 rwxp 00000000 00:00 0 
7f36041a0000-7f36041a5000 r-xp 00000000 08:05 1572606                    /usr/lib/libXtst.so.6.1.0
7f36041a5000-7f36043a4000 ---p 00005000 08:05 1572606                    /usr/lib/libXtst.so.6.1.0
7f36043a4000-7f36043a5000 r-xp 00004000 08:05 1572606                    /usr/lib/libXtst.so.6.1.0
7f36043a5000-7f36043a6000 rwxp 00005000 08:05 1572606                    /usr/lib/libXtst.so.6.1.0
7f36043a6000-7f36044db000 r-xp 00000000 08:05 1573591                    /usr/lib/x86_64-linux-gnu/libX11.so.6.3.0
7f36044db000-7f36046db000 ---p 00135000 08:05 1573591                    /usr/lib/x86_64-linux-gnu/libX11.so.6.3.0
7f36046db000-7f36046dc000 r-xp 00135000 08:05 1573591                    /usr/lib/x86_64-linux-gnu/libX11.so.6.3.0
7f36046dc000-7f36046e0000 rwxp 00136000 08:05 1573591                    /usr/lib/x86_64-linux-gnu/libX11.so.6.3.0
7f36046e0000-7f36046f1000 r-xp 00000000 08:05 1571673                    /usr/lib/x86_64-linux-gnu/libXext.so.6.4.0
7f36046f1000-7f36048f0000 ---p 00011000 08:05 1571673                    /usr/lib/x86_64-linux-gnu/libXext.so.6.4.0
7f36048f0000-7f36048f1000 r-xp 00010000 08:05 1571673                    /usr/lib/x86_64-linux-gnu/libXext.so.6.4.0
7f36048f1000-7f36048f2000 rwxp 00011000 08:05 1571673                    /usr/lib/x86_64-linux-gnu/libXext.so.6.4.0
7f36048f3000-7f36048f4000 r-xs 00000000 08:05 554418                     /var/cache/fontconfig/ec648e9a1aea82bddd4bd6050028158d-le64.cache-3
7f36048f4000-7f3604907000 r-xs 00000000 08:05 538224                     /var/cache/fontconfig/e13b20fdb08344e0e664864cc2ede53d-le64.cache-3
7f3604907000-7f360490b000 r-xs 00000000 08:05 538228                     /var/cache/fontconfig/7ef2298fde41cc6eeb7af42e48b7d293-le64.cache-3
7f360490b000-7f360491f000 r-xs 00000000 08:05 527842                     /var/cache/fontconfig/865f88548240fee46819705c6468c165-le64.cache-3
7f360491f000-7f3604961000 r-xp 00000000 08:05 1734831                    /usr/lib/jvm/java-6-sun-1.6.0.24/jre/lib/amd64/xawt/libmawt.so
7f3604961000-7f3604a60000 ---p 00042000 08:05 1734831                    /usr/lib/jvm/java-6-sun-1.6.0.24/jre/lib/amd64/xawt/libmawt.so
7f3604a60000-7f3604a6c000 rwxp 00041000 08:05 1734831                    /usr/lib/jvm/java-6-sun-1.6.0.24/jre/lib/amd64/xawt/libmawt.so
7f3604a6c000-7f3604a6d000 rwxp 00000000 00:00 0 
7f3604a6d000-7f3604aff000 r-xp 00000000 08:05 1734852                    /usr/lib/jvm/java-6-sun-1.6.0.24/jre/lib/amd64/libawt.so
7f3604aff000-7f3604bfe000 ---p 00092000 08:05 1734852                    /usr/lib/jvm/java-6-sun-1.6.0.24/jre/lib/amd64/libawt.so
7f3604bfe000-7f3604c17000 rwxp 00091000 08:05 1734852                    /usr/lib/jvm/java-6-sun-1.6.0.24/jre/lib/amd64/libawt.so
7f3604c17000-7f3604c3c000 rwxp 00000000 00:00 0 
7f3604c3c000-7f3604c45000 r-xs 00076000 08:05 1339556                    /home/bompo/git/mgcube/libs/gdx.jar
7f3604c45000-7f3604c4b000 r-xs 00064000 08:05 1339995                    /home/bompo/git/mgcube/libs/gdx-sources.jar
7f3604c4b000-7f3604c4c000 ---p 00000000 00:00 0 
7f3604c4c000-7f3604d4c000 rwxp 00000000 00:00 0 
7f3604d4c000-7f3604d4f000 ---p 00000000 00:00 0 
7f3604d4f000-7f3604e4d000 rwxp 00000000 00:00 0 
7f3604e4d000-7f3604e50000 ---p 00000000 00:00 0 
7f3604e50000-7f3604f4e000 rwxp 00000000 00:00 0 
7f3604f4e000-7f3604f51000 ---p 00000000 00:00 0 
7f3604f51000-7f360504f000 rwxp 00000000 00:00 0 
7f360504f000-7f3605052000 ---p 00000000 00:00 0 
7f3605052000-7f3605150000 rwxp 00000000 00:00 0 
7f3605150000-7f3605153000 ---p 00000000 00:00 0 
7f3605153000-7f3605251000 rwxp 00000000 00:00 0 
7f3605251000-7f3605254000 ---p 00000000 00:00 0 
7f3605254000-7f3605352000 rwxp 00000000 00:00 0 
7f3605352000-7f3605355000 r-xp 00000000 08:05 1726634                    /usr/lib/jvm/java-6-sun-1.6.0.24/jre/lib/amd64/libdt_socket.so
7f3605355000-7f3605454000 ---p 00003000 08:05 1726634                    /usr/lib/jvm/java-6-sun-1.6.0.24/jre/lib/amd64/libdt_socket.so
7f3605454000-7f3605456000 rwxp 00002000 08:05 1726634                    /usr/lib/jvm/java-6-sun-1.6.0.24/jre/lib/amd64/libdt_socket.so
7f3605456000-7f3605459000 ---p 00000000 00:00 0 
7f3605459000-7f3605557000 rwxp 00000000 00:00 0 
7f3605557000-7f360555a000 ---p 00000000 00:00 0 
7f360555a000-7f3605658000 rwxp 00000000 00:00 0 
7f3605658000-7f360565b000 ---p 00000000 00:00 0 
7f360565b000-7f3605759000 rwxp 00000000 00:00 0 
7f3605759000-7f360575a000 ---p 00000000 00:00 0 
7f360575a000-7f3605d93000 rwxp 00000000 00:00 0 
7f3605d93000-7f3605f2b000 r-xs 03027000 08:05 1662454                    /usr/lib/jvm/java-6-sun-1.6.0.24/jre/lib/rt.jar
7f3605f2b000-7f3605f53000 rwxp 00000000 00:00 0 
7f3605f53000-7f3605f54000 ---p 00000000 00:00 0 
7f3605f54000-7f3606054000 rwxp 00000000 00:00 0 
7f3606054000-7f3606055000 ---p 00000000 00:00 0 
7f3606055000-7f3606155000 rwxp 00000000 00:00 0 
7f3606155000-7f3606156000 ---p 00000000 00:00 0 
7f3606156000-7f3606256000 rwxp 00000000 00:00 0 
7f3606256000-7f3606257000 ---p 00000000 00:00 0 
7f3606257000-7f3606362000 rwxp 00000000 00:00 0 
7f3606362000-7f3606380000 rwxp 00000000 00:00 0 
7f3606380000-7f3606395000 rwxp 00000000 00:00 0 
7f3606395000-7f36064ca000 rwxp 00000000 00:00 0 
7f36064ca000-7f36064d5000 rwxp 00000000 00:00 0 
7f36064d5000-7f36064f3000 rwxp 00000000 00:00 0 
7f36064f3000-7f3606508000 rwxp 00000000 00:00 0 
7f3606508000-7f360663d000 rwxp 00000000 00:00 0 
7f360663d000-7f3606648000 rwxp 00000000 00:00 0 
7f3606648000-7f36066e2000 rwxp 00000000 00:00 0 
7f36066e2000-7f3606953000 rwxp 00000000 00:00 0 
7f3606953000-7f36096e3000 rwxp 00000000 00:00 0 
7f36096e3000-7f36096f1000 r-xp 00000000 08:05 1734847                    /usr/lib/jvm/java-6-sun-1.6.0.24/jre/lib/amd64/libzip.so
7f36096f1000-7f36097f3000 ---p 0000e000 08:05 1734847                    /usr/lib/jvm/java-6-sun-1.6.0.24/jre/lib/amd64/libzip.so
7f36097f3000-7f36097f6000 rwxp 00010000 08:05 1734847                    /usr/lib/jvm/java-6-sun-1.6.0.24/jre/lib/amd64/libzip.so
7f36097f6000-7f36097f7000 rwxp 00000000 00:00 0 
7f36097f7000-7f3609803000 r-xp 00000000 08:05 535712                     /lib/x86_64-linux-gnu/libnss_files-2.13.so
7f3609803000-7f3609a02000 ---p 0000c000 08:05 535712                     /lib/x86_64-linux-gnu/libnss_files-2.13.so
7f3609a02000-7f3609a03000 r-xp 0000b000 08:05 535712                     /lib/x86_64-linux-gnu/libnss_files-2.13.so
7f3609a03000-7f3609a04000 rwxp 0000c000 08:05 535712                     /lib/x86_64-linux-gnu/libnss_files-2.13.so
7f3609a04000-7f3609a0f000 r-xp 00000000 08:05 535714                     /lib/x86_64-linux-gnu/libnss_nis-2.13.so
7f3609a0f000-7f3609c0e000 ---p 0000b000 08:05 535714                     /lib/x86_64-linux-gnu/libnss_nis-2.13.so
7f3609c0e000-7f3609c0f000 r-xp 0000a000 08:05 535714                     /lib/x86_64-linux-gnu/libnss_nis-2.13.so
7f3609c0f000-7f3609c10000 rwxp 0000b000 08:05 535714                     /lib/x86_64-linux-gnu/libnss_nis-2.13.so
7f3609c10000-7f3609c18000 r-xp 00000000 08:05 535710                     /lib/x86_64-linux-gnu/libnss_compat-2.13.so
7f3609c18000-7f3609e17000 ---p 00008000 08:05 535710                     /lib/x86_64-linux-gnu/libnss_compat-2.13.so
7f3609e17000-7f3609e18000 r-xp 00007000 08:05 535710                     /lib/x86_64-linux-gnu/libnss_compat-2.13.so
7f3609e18000-7f3609e19000 rwxp 00008000 08:05 535710                     /lib/x86_64-linux-gnu/libnss_compat-2.13.so
7f3609e19000-7f360a221000 r-xp 00000000 08:05 1570348                    /usr/lib/locale/locale-archive
7f360a221000-7f360a224000 r-xp 00000000 08:05 1734836                    /usr/lib/jvm/java-6-sun-1.6.0.24/jre/lib/amd64/libnpt.so
7f360a224000-7f360a323000 ---p 00003000 08:05 1734836                    /usr/lib/jvm/java-6-sun-1.6.0.24/jre/lib/amd64/libnpt.so
7f360a323000-7f360a324000 rwxp 00002000 08:05 1734836                    /usr/lib/jvm/java-6-sun-1.6.0.24/jre/lib/amd64/libnpt.so
7f360a324000-7f360a35a000 r-xp 00000000 08:05 1734835                    /usr/lib/jvm/java-6-sun-1.6.0.24/jre/lib/amd64/libjdwp.so
7f360a35a000-7f360a459000 ---p 00036000 08:05 1734835                    /usr/lib/jvm/java-6-sun-1.6.0.24/jre/lib/amd64/libjdwp.so
7f360a459000-7f360a463000 rwxp 00035000 08:05 1734835                    /usr/lib/jvm/java-6-sun-1.6.0.24/jre/lib/amd64/libjdwp.so
7f360a463000-7f360a46a000 r-xp 00000000 08:05 1734857                    /usr/lib/jvm/java-6-sun-1.6.0.24/jre/lib/amd64/native_threads/libhpi.so
7f360a46a000-7f360a56b000 ---p 00007000 08:05 1734857                    /usr/lib/jvm/java-6-sun-1.6.0.24/jre/lib/amd64/native_threads/libhpi.so
7f360a56b000-7f360a56d000 rwxp 00008000 08:05 1734857                    /usr/lib/jvm/java-6-sun-1.6.0.24/jre/lib/amd64/native_threads/libhpi.so
7f360a56d000-7f360a56e000 rwxp 00000000 00:00 0 
7f360a56e000-7f360a585000 r-xp 00000000 08:05 535709                     /lib/x86_64-linux-gnu/libnsl-2.13.so
7f360a585000-7f360a784000 ---p 00017000 08:05 535709                     /lib/x86_64-linux-gnu/libnsl-2.13.so
7f360a784000-7f360a785000 r-xp 00016000 08:05 535709                     /lib/x86_64-linux-gnu/libnsl-2.13.so
7f360a785000-7f360a786000 rwxp 00017000 08:05 535709                     /lib/x86_64-linux-gnu/libnsl-2.13.so
7f360a786000-7f360a788000 rwxp 00000000 00:00 0 
7f360a788000-7f360a7b1000 r-xp 00000000 08:05 1734846                    /usr/lib/jvm/java-6-sun-1.6.0.24/jre/lib/amd64/libjava.so
7f360a7b1000-7f360a8b0000 ---p 00029000 08:05 1734846                    /usr/lib/jvm/java-6-sun-1.6.0.24/jre/lib/amd64/libjava.so
7f360a8b0000-7f360a8b7000 rwxp 00028000 08:05 1734846                    /usr/lib/jvm/java-6-sun-1.6.0.24/jre/lib/amd64/libjava.so
7f360a8b7000-7f360a8c4000 r-xp 00000000 08:05 1731420                    /usr/lib/jvm/java-6-sun-1.6.0.24/jre/lib/amd64/libverify.so
7f360a8c4000-7f360a9c3000 ---p 0000d000 08:05 1731420                    /usr/lib/jvm/java-6-sun-1.6.0.24/jre/lib/amd64/libverify.so
7f360a9c3000-7f360a9c6000 rwxp 0000c000 08:05 1731420                    /usr/lib/jvm/java-6-sun-1.6.0.24/jre/lib/amd64/libverify.so
7f360a9c6000-7f360a9cd000 r-xp 00000000 08:05 535724                     /lib/x86_64-linux-gnu/librt-2.13.so
7f360a9cd000-7f360abcc000 ---p 00007000 08:05 535724                     /lib/x86_64-linux-gnu/librt-2.13.so
7f360abcc000-7f360abcd000 r-xp 00006000 08:05 535724                     /lib/x86_64-linux-gnu/librt-2.13.so
7f360abcd000-7f360abce000 rwxp 00007000 08:05 535724                     /lib/x86_64-linux-gnu/librt-2.13.so
7f360abce000-7f360abd1000 ---p 00000000 00:00 0 
7f360abd1000-7f360accf000 rwxp 00000000 00:00 0 
7f360accf000-7f360ad53000 r-xp 00000000 08:05 535703                     /lib/x86_64-linux-gnu/libm-2.13.so
7f360ad53000-7f360af52000 ---p 00084000 08:05 535703                     /lib/x86_64-linux-gnu/libm-2.13.so
7f360af52000-7f360af53000 r-xp 00083000 08:05 535703                     /lib/x86_64-linux-gnu/libm-2.13.so
7f360af53000-7f360af54000 rwxp 00084000 08:05 535703                     /lib/x86_64-linux-gnu/libm-2.13.so
7f360af54000-7f360b792000 r-xp 00000000 08:05 1734849                    /usr/lib/jvm/java-6-sun-1.6.0.24/jre/lib/amd64/server/libjvm.so
7f360b792000-7f360b891000 ---p 0083e000 08:05 1734849                    /usr/lib/jvm/java-6-sun-1.6.0.24/jre/lib/amd64/server/libjvm.so
7f360b891000-7f360ba25000 rwxp 0083d000 08:05 1734849                    /usr/lib/jvm/java-6-sun-1.6.0.24/jre/lib/amd64/server/libjvm.so
7f360ba25000-7f360ba5e000 rwxp 00000000 00:00 0 
7f360ba5e000-7f360bbe8000 r-xp 00000000 08:05 535697                     /lib/x86_64-linux-gnu/libc-2.13.so
7f360bbe8000-7f360bde7000 ---p 0018a000 08:05 535697                     /lib/x86_64-linux-gnu/libc-2.13.so
7f360bde7000-7f360bdeb000 r-xp 00189000 08:05 535697                     /lib/x86_64-linux-gnu/libc-2.13.so
7f360bdeb000-7f360bdec000 rwxp 0018d000 08:05 535697                     /lib/x86_64-linux-gnu/libc-2.13.so
7f360bdec000-7f360bdf2000 rwxp 00000000 00:00 0 
7f360bdf2000-7f360bdf4000 r-xp 00000000 08:05 535702                     /lib/x86_64-linux-gnu/libdl-2.13.so
7f360bdf4000-7f360bff4000 ---p 00002000 08:05 535702                     /lib/x86_64-linux-gnu/libdl-2.13.so
7f360bff4000-7f360bff5000 r-xp 00002000 08:05 535702                     /lib/x86_64-linux-gnu/libdl-2.13.so
7f360bff5000-7f360bff6000 rwxp 00003000 08:05 535702                     /lib/x86_64-linux-gnu/libdl-2.13.so
7f360bff6000-7f360c00e000 r-xp 00000000 08:05 535718                     /lib/x86_64-linux-gnu/libpthread-2.13.so
7f360c00e000-7f360c20e000 ---p 00018000 08:05 535718                     /lib/x86_64-linux-gnu/libpthread-2.13.so
7f360c20e000-7f360c20f000 r-xp 00018000 08:05 535718                     /lib/x86_64-linux-gnu/libpthread-2.13.so
7f360c20f000-7f360c210000 rwxp 00019000 08:05 535718                     /lib/x86_64-linux-gnu/libpthread-2.13.so
7f360c210000-7f360c214000 rwxp 00000000 00:00 0 
7f360c214000-7f360c235000 r-xp 00000000 08:05 535673                     /lib/x86_64-linux-gnu/ld-2.13.so
7f360c237000-7f360c241000 rwxp 00000000 00:00 0 
7f360c241000-7f360c2f7000 rwxp 00000000 00:00 0 
7f360c2f7000-7f360c2fa000 rwxp 00000000 00:00 0 
7f360c2fa000-7f360c301000 r-xp 00000000 08:05 1731410                    /usr/lib/jvm/java-6-sun-1.6.0.24/jre/lib/amd64/jli/libjli.so
7f360c301000-7f360c402000 ---p 00007000 08:05 1731410                    /usr/lib/jvm/java-6-sun-1.6.0.24/jre/lib/amd64/jli/libjli.so
7f360c402000-7f360c404000 rwxp 00008000 08:05 1731410                    /usr/lib/jvm/java-6-sun-1.6.0.24/jre/lib/amd64/jli/libjli.so
7f360c404000-7f360c405000 rwxp 00000000 00:00 0 
7f360c406000-7f360c407000 rwxs fb060000 00:05 9808                       /dev/nvidia0
7f360c407000-7f360c408000 r-xs 00000000 08:05 1340105                    /home/bompo/.fontconfig/aa7e4f27e681240d22a1f116cf7520f0-le64.cache-3
7f360c408000-7f360c409000 r-xs 001d6000 08:05 1339734                    /home/bompo/git/mgcube/libs/gdx-natives.jar
7f360c409000-7f360c423000 r-xs 00205000 08:05 1330241                    /home/bompo/git/mgcube/libs/gdx-backend-jogl.jar
7f360c423000-7f360c424000 r-xs 00006000 08:05 1330357                    /home/bompo/git/mgcube/libs/gdx-backend-jogl-sources.jar
7f360c424000-7f360c425000 r-xs 001f3000 08:05 1339854                    /home/bompo/git/mgcube/libs/gdx-backend-jogl-natives.jar
7f360c425000-7f360c428000 r-xs 0000f000 08:05 1622792                    /usr/lib/jvm/java-6-sun-1.6.0.24/jre/lib/ext/pulse-java.jar
7f360c428000-7f360c430000 rwxs 00000000 08:05 525604                     /tmp/hsperfdata_bompo/14095
7f360c430000-7f360c431000 rwxp 00000000 00:00 0 
7f360c431000-7f360c432000 r-xp 00000000 00:00 0 
7f360c432000-7f360c434000 rwxp 00000000 00:00 0 
7f360c434000-7f360c435000 r-xp 00020000 08:05 535673                     /lib/x86_64-linux-gnu/ld-2.13.so
7f360c435000-7f360c437000 rwxp 00021000 08:05 535673                     /lib/x86_64-linux-gnu/ld-2.13.so
7fffbd47e000-7fffbd49f000 rwxp 00000000 00:00 0                          [stack]
7fffbd4c4000-7fffbd4c5000 r-xp 00000000 00:00 0                          [vdso]
ffffffffff600000-ffffffffff601000 r-xp 00000000 00:00 0                  [vsyscall]

VM Arguments:
jvm_args: -agentlib:jdwp=transport=dt_socket,suspend=y,address=localhost:54013 -Dfile.encoding=UTF-8 
java_command: de.swagner.mgcube.DesktopStarter
Launcher Type: SUN_STANDARD

Environment Variables:
PATH=/usr/local/sbin:/usr/local/bin:/usr/sbin:/usr/bin:/sbin:/bin:/usr/games
USERNAME=bompo
LD_LIBRARY_PATH=/usr/lib/jvm/java-6-sun-1.6.0.24/jre/lib/amd64/server:/usr/lib/jvm/java-6-sun-1.6.0.24/jre/lib/amd64:/usr/lib/jvm/java-6-sun-1.6.0.24/jre/../lib/amd64:/usr/lib/jvm/java-6-openjdk/jre/lib/amd64/server:/usr/lib/jvm/java-6-openjdk/jre/lib/amd64:/usr/lib/jvm/java-6-openjdk/jre/../lib/amd64:/usr/lib64/xulrunner-addons
SHELL=/bin/bash
DISPLAY=:0.0

Signal Handlers:
SIGSEGV: [libjvm.so+0x791b30], sa_mask[0]=0x7ffbfeff, sa_flags=0x10000004
SIGBUS: [libjvm.so+0x791b30], sa_mask[0]=0x7ffbfeff, sa_flags=0x10000004
SIGFPE: [libjvm.so+0x640ba0], sa_mask[0]=0x7ffbfeff, sa_flags=0x10000004
SIGPIPE: [libjvm.so+0x640ba0], sa_mask[0]=0x7ffbfeff, sa_flags=0x10000004
SIGXFSZ: [libjvm.so+0x640ba0], sa_mask[0]=0x7ffbfeff, sa_flags=0x10000004
SIGILL: [libjvm.so+0x640ba0], sa_mask[0]=0x7ffbfeff, sa_flags=0x10000004
SIGUSR1: SIG_DFL, sa_mask[0]=0x00000000, sa_flags=0x00000000
SIGUSR2: [libjvm.so+0x643780], sa_mask[0]=0x00000004, sa_flags=0x10000004
SIGHUP: [libjvm.so+0x643380], sa_mask[0]=0x7ffbfeff, sa_flags=0x10000004
SIGINT: [libjvm.so+0x643380], sa_mask[0]=0x7ffbfeff, sa_flags=0x10000004
SIGTERM: [libjvm.so+0x643380], sa_mask[0]=0x7ffbfeff, sa_flags=0x10000004
SIGQUIT: [libjvm.so+0x643380], sa_mask[0]=0x7ffbfeff, sa_flags=0x10000004


---------------  S Y S T E M  ---------------

OS:squeeze/sid

uname:Linux 2.6.38-10-generic #44-Ubuntu SMP Thu Jun 2 21:32:22 UTC 2011 x86_64
libc:glibc 2.13 NPTL 2.13 
rlimit: STACK 8192k, CORE 0k, NPROC infinity, NOFILE 4096, AS infinity
load average:0.33 0.26 0.23

/proc/meminfo:
MemTotal:        4047872 kB
MemFree:          813304 kB
Buffers:          299620 kB
Cached:          1145124 kB
SwapCached:            0 kB
Active:          1897688 kB
Inactive:         930152 kB
Active(anon):    1383896 kB
Inactive(anon):     9592 kB
Active(file):     513792 kB
Inactive(file):   920560 kB
Unevictable:         132 kB
Mlocked:             132 kB
SwapTotal:      19529724 kB
SwapFree:       19529724 kB
Dirty:              5184 kB
Writeback:             0 kB
AnonPages:       1383336 kB
Mapped:           171432 kB
Shmem:             10392 kB
Slab:             212108 kB
SReclaimable:     185004 kB
SUnreclaim:        27104 kB
KernelStack:        3720 kB
PageTables:        30284 kB
NFS_Unstable:          0 kB
Bounce:                0 kB
WritebackTmp:          0 kB
CommitLimit:    21553660 kB
Committed_AS:    3404372 kB
VmallocTotal:   34359738367 kB
VmallocUsed:      341832 kB
VmallocChunk:   34359382748 kB
HardwareCorrupted:     0 kB
HugePages_Total:       0
HugePages_Free:        0
HugePages_Rsvd:        0
HugePages_Surp:        0
Hugepagesize:       2048 kB
DirectMap4k:      155072 kB
DirectMap2M:     4030464 kB


CPU:total 4 (4 cores per cpu, 1 threads per core) family 6 model 30 stepping 5, cmov, cx8, fxsr, mmx, sse, sse2, sse3, ssse3, sse4.1, sse4.2, popcnt

Memory: 4k page, physical 4047872k(813304k free), swap 19529724k(19529724k free)

vm_info: Java HotSpot(TM) 64-Bit Server VM (19.1-b02) for linux-amd64 JRE (1.6.0_24-b07), built on Feb  2 2011 16:55:54 by "java_re" with gcc 3.2.2 (SuSE Linux)

time: Sun Jun 19 14:41:38 2011
elapsed time: 132 seconds

