#
# A fatal error has been detected by the Java Runtime Environment:
#
#  SIGSEGV (0xb) at pc=0x00007f1b7e77432b, pid=7022, tid=139755913058048
#
# JRE version: 6.0_24-b07
# Java VM: Java HotSpot(TM) 64-Bit Server VM (19.1-b02 mixed mode linux-amd64 compressed oops)
# Problematic frame:
# C  [ld-linux-x86-64.so.2+0x932b]
#
# If you would like to submit a bug report, please visit:
#   http://java.sun.com/webapps/bugreport/crash.jsp
# The crash happened outside the Java Virtual Machine in native code.
# See problematic frame for where to report the bug.
#

---------------  T H R E A D  ---------------

Current thread (0x0000000041679000):  JavaThread "AWT-EventQueue-0" [_thread_in_native, id=7043, stack(0x00007f1b757d9000,0x00007f1b758da000)]

siginfo:si_signo=SIGSEGV: si_errno=0, si_code=1 (SEGV_MAPERR), si_addr=0x00000000000003a4

Registers:
RAX=0x0000000000000010, RBX=0x00000000000003a0, RCX=0x0000000000000011, RDX=0x0000000000000004
RSP=0x00007f1b758d6880, RBP=0x0000000000000018, RSI=0x00007f1b701168a0, RDI=0x00000000000003a0
R8 =0x00000000016dad64, R9 =0x000000000000001c, R10=0x00007f1b758d6930, R11=0x00007f1b758d6ad0
R12=0x00007f1b700dd308, R13=0x000000005b6b591c, R14=0x0000000000000000, R15=0x00007f1b758d6ab0
RIP=0x00007f1b7e77432b, EFL=0x0000000000010202, CSGSFS=0x0000000000000033, ERR=0x0000000000000004
  TRAPNO=0x000000000000000e

Register to memory mapping:

RAX=0x0000000000000010
0x0000000000000010 is pointing to unknown location

RBX=0x00000000000003a0
0x00000000000003a0 is pointing to unknown location

RCX=0x0000000000000011
0x0000000000000011 is pointing to unknown location

RDX=0x0000000000000004
0x0000000000000004 is pointing to unknown location

RSP=0x00007f1b758d6880
0x00007f1b758d6880 is pointing into the stack for thread: 0x0000000041679000
"AWT-EventQueue-0" prio=10 tid=0x0000000041679000 nid=0x1b83 runnable [0x00007f1b758d6000]
   java.lang.Thread.State: RUNNABLE

RBP=0x0000000000000018
0x0000000000000018 is pointing to unknown location

RSI=0x00007f1b701168a0
0x00007f1b701168a0 is pointing to unknown location

RDI=0x00000000000003a0
0x00000000000003a0 is pointing to unknown location

R8 =0x00000000016dad64
0x00000000016dad64 is pointing to unknown location

R9 =0x000000000000001c
0x000000000000001c is pointing to unknown location

R10=0x00007f1b758d6930
0x00007f1b758d6930 is pointing into the stack for thread: 0x0000000041679000
"AWT-EventQueue-0" prio=10 tid=0x0000000041679000 nid=0x1b83 runnable [0x00007f1b758d6000]
   java.lang.Thread.State: RUNNABLE

R11=0x00007f1b758d6ad0
0x00007f1b758d6ad0 is pointing into the stack for thread: 0x0000000041679000
"AWT-EventQueue-0" prio=10 tid=0x0000000041679000 nid=0x1b83 runnable [0x00007f1b758d6000]
   java.lang.Thread.State: RUNNABLE

R12=0x00007f1b700dd308
0x00007f1b700dd308 is pointing to unknown location

R13=0x000000005b6b591c
0x000000005b6b591c is pointing to unknown location

R14=0x0000000000000000
0x0000000000000000 is pointing to unknown location

R15=0x00007f1b758d6ab0
0x00007f1b758d6ab0 is pointing into the stack for thread: 0x0000000041679000
"AWT-EventQueue-0" prio=10 tid=0x0000000041679000 nid=0x1b83 runnable [0x00007f1b758d6000]
   java.lang.Thread.State: RUNNABLE


Top of Stack: (sp=0x00007f1b758d6880)
0x00007f1b758d6880:   00000000bd008320 0000000000000000
0x00007f1b758d6890:   00007f1b758d6900 0000000000000000
0x00007f1b758d68a0:   0000000000000018 00007f1b700dd308
0x00007f1b758d68b0:   000000005b6b591c 00007f1b7e774db8
0x00007f1b758d68c0:   00007f1b758d68c0 00000000016dad64
0x00007f1b758d68d0:   00007f1b0000001c 00007f1b758d6ad0
0x00007f1b758d68e0:   00007f1b758d6920 0000000000000220
0x00007f1b758d68f0:   0000000000050860 00007f1b700e3430
0x00007f1b758d6900:   00007f1b758d6990 0000000000000000
0x00007f1b758d6910:   00007f1b7e7861e1 0000000000000004
0x00007f1b758d6920:   000000005b6b591c 00007f1b7e7796da
0x00007f1b758d6930:   00007f1b701168a0 0000000000000000
0x00007f1b758d6940:   0000000000000000 00007f1b701168a0
0x00007f1b758d6950:   00007f1b707aaf70 0000000000000508
0x00007f1b758d6960:   0000000000000000 0000000200000000
0x00007f1b758d6970:   0000000000000010 00007f1b758d7230
0x00007f1b758d6980:   00007f1b758d7160 00007f1b70116c28
0x00007f1b758d6990:   00007f1b758d6b10 0000000000000000
0x00007f1b758d69a0:   00007f1b758d6bd0 00007f1b701168a0
0x00007f1b758d69b0:   000000005b6b591c 00007f1b7e774fec
0x00007f1b758d69c0:   0000000000000000 0000000000000000
0x00007f1b758d69d0:   7372656600000002 0000000000000000
0x00007f1b758d69e0:   0000000000000000 00007f1b701168a0
0x00007f1b758d69f0:   00007f1b758d6a90 00007f1b79284438
0x00007f1b758d6a00:   0000000000000000 0000000000000000
0x00007f1b758d6a10:   0000000000000000 00000000eb648d20
0x00007f1b758d6a20:   0000000000000000 00007f1b70116c28
0x00007f1b758d6a30:   0000000000001fa0 00007f1b758d6ad0
0x00007f1b758d6a40:   00007f1b7de614f8 00007f1b707aaf70
0x00007f1b758d6a50:   00007f1b7e788d40 00007f1b707aaf70
0x00007f1b758d6a60:   00007f1b7e785cdb 00007f1b7e785cdb
0x00007f1b758d6a70:   0000000041679000 00007f1b758d6d20 

Instructions: (pc=0x00007f1b7e77432b)
0x00007f1b7e77431b:   89 fb 4c 89 64 24 f0 4c 89 6c 24 f8 48 83 ec 38
0x00007f1b7e77432b:   0f b6 47 04 83 e0 0f 83 f8 06 0f 85 3a 01 00 00 

Stack: [0x00007f1b757d9000,0x00007f1b758da000],  sp=0x00007f1b758d6880,  free space=1014k
Native frames: (J=compiled Java code, j=interpreted, Vv=VM code, C=native code)
C  [ld-linux-x86-64.so.2+0x932b]

[error occurred during error reporting (printing native stack), id 0xb]

Java frames: (J=compiled Java code, j=interpreted, Vv=VM code)
j  java.lang.ClassLoader$NativeLibrary.find(Ljava/lang/String;)J+0
j  java.lang.ClassLoader.findNative(Ljava/lang/ClassLoader;Ljava/lang/String;)J+49
v  ~StubRoutines::call_stub
j  com.sun.opengl.impl.GLImpl.dispatch_glGenBuffers0(ILjava/lang/Object;IJ)V+0
j  com.sun.opengl.impl.GLImpl.glGenBuffers(ILjava/nio/IntBuffer;)V+53
j  com.badlogic.gdx.backends.jogl.JoglGL20.glGenBuffers(ILjava/nio/IntBuffer;)V+6
j  com.badlogic.gdx.graphics.glutils.VertexBufferObject.createBufferObject()I+13
j  com.badlogic.gdx.graphics.glutils.VertexBufferObject.<init>(ZILcom/badlogic/gdx/graphics/VertexAttributes;)V+85
j  com.badlogic.gdx.graphics.glutils.VertexBufferObject.<init>(ZI[Lcom/badlogic/gdx/graphics/VertexAttribute;)V+11
j  com.badlogic.gdx.graphics.Mesh.<init>(ZII[Lcom/badlogic/gdx/graphics/VertexAttribute;)V+36
j  com.badlogic.gdx.graphics.g3d.loaders.obj.ObjLoader.loadObjFromString(Ljava/lang/String;Z)Lcom/badlogic/gdx/graphics/Mesh;+838
j  com.badlogic.gdx.graphics.g3d.loaders.obj.ObjLoader.loadObj(Ljava/io/InputStream;Z)Lcom/badlogic/gdx/graphics/Mesh;+82
j  com.badlogic.gdx.graphics.g3d.loaders.obj.ObjLoader.loadObj(Ljava/io/InputStream;)Lcom/badlogic/gdx/graphics/Mesh;+2
j  de.swagner.mgcube.Resources.reInit()V+15
j  de.swagner.mgcube.Resources.<init>()V+17038
j  de.swagner.mgcube.Resources.getInstance()Lde/swagner/mgcube/Resources;+10
j  de.swagner.mgcube.IntroScreen.<init>(Lcom/badlogic/gdx/Game;)V+152
j  de.swagner.mgcube.DesktopStarter.create()V+6
j  com.badlogic.gdx.backends.jogl.JoglGraphics.init(Ljavax/media/opengl/GLAutoDrawable;)V+27
j  com.sun.opengl.impl.GLDrawableHelper.init(Ljavax/media/opengl/GLAutoDrawable;)V+29
j  javax.media.opengl.GLCanvas$InitAction.run()V+11
j  com.sun.opengl.impl.GLDrawableHelper.invokeGL(Ljavax/media/opengl/GLDrawable;Ljavax/media/opengl/GLContext;Ljava/lang/Runnable;Ljava/lang/Runnable;)V+370
j  javax.media.opengl.GLCanvas$DisplayOnEventDispatchThreadAction.run()V+35
j  java.awt.event.InvocationEvent.dispatch()V+11
j  java.awt.EventQueue.dispatchEventImpl(Ljava/awt/AWTEvent;Ljava/lang/Object;)V+21
j  java.awt.EventQueue.access$000(Ljava/awt/EventQueue;Ljava/awt/AWTEvent;Ljava/lang/Object;)V+3
j  java.awt.EventQueue$1.run()Ljava/lang/Void;+12
j  java.awt.EventQueue$1.run()Ljava/lang/Object;+1
v  ~StubRoutines::call_stub
j  java.security.AccessController.doPrivileged(Ljava/security/PrivilegedAction;Ljava/security/AccessControlContext;)Ljava/lang/Object;+0
j  java.security.AccessControlContext$1.doIntersectionPrivilege(Ljava/security/PrivilegedAction;Ljava/security/AccessControlContext;Ljava/security/AccessControlContext;)Ljava/lang/Object;+28
j  java.awt.EventQueue.dispatchEvent(Ljava/awt/AWTEvent;)V+46
j  java.awt.EventDispatchThread.pumpOneEventForFilters(I)Z+204
j  java.awt.EventDispatchThread.pumpEventsForFilter(ILjava/awt/Conditional;Ljava/awt/EventFilter;)V+30
j  java.awt.EventDispatchThread.pumpEventsForHierarchy(ILjava/awt/Conditional;Ljava/awt/Component;)V+11
j  java.awt.EventDispatchThread.pumpEvents(ILjava/awt/Conditional;)V+4
j  java.awt.EventDispatchThread.pumpEvents(Ljava/awt/Conditional;)V+3
j  java.awt.EventDispatchThread.run()V+9
v  ~StubRoutines::call_stub

---------------  P R O C E S S  ---------------

Java Threads: ( => current thread )
  0x0000000041320000 JavaThread "DestroyJavaVM" [_thread_blocked, id=7027, stack(0x00007f1b7d125000,0x00007f1b7d226000)]
  0x00007f1b703d6800 JavaThread "Thread-1" [_thread_blocked, id=7048, stack(0x00007f1b66f27000,0x00007f1b67028000)]
=>0x0000000041679000 JavaThread "AWT-EventQueue-0" [_thread_in_native, id=7043, stack(0x00007f1b757d9000,0x00007f1b758da000)]
  0x0000000041677800 JavaThread "AWT-Shutdown" [_thread_blocked, id=7042, stack(0x00007f1b759ff000,0x00007f1b75b00000)]
  0x0000000041676000 JavaThread "AWT-XAWT" daemon [_thread_blocked, id=7041, stack(0x00007f1b75b00000,0x00007f1b75c01000)]
  0x00007f1b700ba000 JavaThread "Java2D Disposer" daemon [_thread_blocked, id=7040, stack(0x00007f1b76249000,0x00007f1b7634a000)]
  0x00007f1b70005800 JavaThread "Low Memory Detector" daemon [_thread_blocked, id=7038, stack(0x00007f1b778ec000,0x00007f1b779ed000)]
  0x00007f1b70003000 JavaThread "CompilerThread1" daemon [_thread_blocked, id=7037, stack(0x00007f1b779ed000,0x00007f1b77aee000)]
  0x00000000413aa800 JavaThread "CompilerThread0" daemon [_thread_blocked, id=7036, stack(0x00007f1b77aee000,0x00007f1b77bef000)]
  0x00000000413a8800 JavaThread "Signal Dispatcher" daemon [_thread_blocked, id=7035, stack(0x00007f1b77bef000,0x00007f1b77cf0000)]
  0x0000000041386800 JavaThread "Finalizer" daemon [_thread_blocked, id=7034, stack(0x00007f1b780f8000,0x00007f1b781f9000)]
  0x0000000041384800 JavaThread "Reference Handler" daemon [_thread_blocked, id=7033, stack(0x00007f1b781f9000,0x00007f1b782fa000)]

Other Threads:
  0x000000004137d800 VMThread [stack: 0x00007f1b782fa000,0x00007f1b783fb000] [id=7032]
  0x00007f1b70008800 WatcherThread [stack: 0x00007f1b777eb000,0x00007f1b778ec000] [id=7039]

VM state:not at safepoint (normal execution)

VM Mutex/Monitor currently owned by a thread: None

Heap
 PSYoungGen      total 18432K, used 11104K [0x00000000eb600000, 0x00000000eca90000, 0x0000000100000000)
  eden space 15808K, 70% used [0x00000000eb600000,0x00000000ec0d8210,0x00000000ec570000)
  from space 2624K, 0% used [0x00000000ec800000,0x00000000ec800000,0x00000000eca90000)
  to   space 2624K, 0% used [0x00000000ec570000,0x00000000ec570000,0x00000000ec800000)
 PSOldGen        total 42240K, used 0K [0x00000000c2200000, 0x00000000c4b40000, 0x00000000eb600000)
  object space 42240K, 0% used [0x00000000c2200000,0x00000000c2200000,0x00000000c4b40000)
 PSPermGen       total 21248K, used 15762K [0x00000000bd000000, 0x00000000be4c0000, 0x00000000c2200000)
  object space 21248K, 74% used [0x00000000bd000000,0x00000000bdf648a8,0x00000000be4c0000)

Dynamic libraries:
40000000-40009000 r-xp 00000000 08:05 1662394                            /usr/lib/jvm/java-6-sun-1.6.0.24/jre/bin/java
40108000-4010a000 rwxp 00008000 08:05 1662394                            /usr/lib/jvm/java-6-sun-1.6.0.24/jre/bin/java
406f4000-406f6000 r-xs 00000000 08:05 525436                             /tmp/glJy5AWP (deleted)
41317000-4179b000 rwxp 00000000 00:00 0                                  [heap]
bd000000-be4c0000 rwxp 00000000 00:00 0 
be4c0000-c2200000 rwxp 00000000 00:00 0 
c2200000-c4b40000 rwxp 00000000 00:00 0 
c4b40000-eb600000 rwxp 00000000 00:00 0 
eb600000-eca90000 rwxp 00000000 00:00 0 
eca90000-100000000 rwxp 00000000 00:00 0 
7f1b66c23000-7f1b66e23000 rwxs baef2000 00:05 9611                       /dev/nvidia0
7f1b66e23000-7f1b66e27000 rwxs baf24000 00:05 9611                       /dev/nvidia0
7f1b66e27000-7f1b66f27000 rwxs a0793000 00:05 9611                       /dev/nvidia0
7f1b66f27000-7f1b66f2a000 ---p 00000000 00:00 0 
7f1b66f2a000-7f1b67028000 rwxp 00000000 00:00 0 
7f1b67028000-7f1b67029000 ---p 00000000 00:00 0 
7f1b67029000-7f1b67829000 rwxp 00000000 00:00 0 
7f1b67829000-7f1b6b82a000 rwxs 00000000 00:10 194011                     /dev/shm/pulse-shm-1197253714
7f1b6b82a000-7f1b6b82b000 ---p 00000000 00:00 0 
7f1b6b82b000-7f1b6c02b000 rwxp 00000000 00:00 0 
7f1b6c02b000-7f1b6c031000 r-xp 00000000 08:05 1573092                    /usr/lib/libogg.so.0.7.0
7f1b6c031000-7f1b6c230000 ---p 00006000 08:05 1573092                    /usr/lib/libogg.so.0.7.0
7f1b6c230000-7f1b6c231000 r-xp 00005000 08:05 1573092                    /usr/lib/libogg.so.0.7.0
7f1b6c231000-7f1b6c232000 rwxp 00006000 08:05 1573092                    /usr/lib/libogg.so.0.7.0
7f1b6c232000-7f1b6c25d000 r-xp 00000000 08:05 1582648                    /usr/lib/libvorbis.so.0.4.5
7f1b6c25d000-7f1b6c45c000 ---p 0002b000 08:05 1582648                    /usr/lib/libvorbis.so.0.4.5
7f1b6c45c000-7f1b6c45d000 r-xp 0002a000 08:05 1582648                    /usr/lib/libvorbis.so.0.4.5
7f1b6c45d000-7f1b6c45e000 rwxp 0002b000 08:05 1582648                    /usr/lib/libvorbis.so.0.4.5
7f1b6c45e000-7f1b6c711000 r-xp 00000000 08:05 1573212                    /usr/lib/libvorbisenc.so.2.0.8
7f1b6c711000-7f1b6c910000 ---p 002b3000 08:05 1573212                    /usr/lib/libvorbisenc.so.2.0.8
7f1b6c910000-7f1b6c92c000 r-xp 002b2000 08:05 1573212                    /usr/lib/libvorbisenc.so.2.0.8
7f1b6c92c000-7f1b6c92d000 rwxp 002ce000 08:05 1573212                    /usr/lib/libvorbisenc.so.2.0.8
7f1b6c92d000-7f1b6c975000 r-xp 00000000 08:05 1570101                    /usr/lib/libFLAC.so.8.2.0
7f1b6c975000-7f1b6cb75000 ---p 00048000 08:05 1570101                    /usr/lib/libFLAC.so.8.2.0
7f1b6cb75000-7f1b6cb76000 r-xp 00048000 08:05 1570101                    /usr/lib/libFLAC.so.8.2.0
7f1b6cb76000-7f1b6cb77000 rwxp 00049000 08:05 1570101                    /usr/lib/libFLAC.so.8.2.0
7f1b6cb77000-7f1b6cbd8000 r-xp 00000000 08:05 1570821                    /usr/lib/libsndfile.so.1.0.23
7f1b6cbd8000-7f1b6cdd8000 ---p 00061000 08:05 1570821                    /usr/lib/libsndfile.so.1.0.23
7f1b6cdd8000-7f1b6cdda000 r-xp 00061000 08:05 1570821                    /usr/lib/libsndfile.so.1.0.23
7f1b6cdda000-7f1b6cddb000 rwxp 00063000 08:05 1570821                    /usr/lib/libsndfile.so.1.0.23
7f1b6cddb000-7f1b6cddf000 rwxp 00000000 00:00 0 
7f1b6cddf000-7f1b6cde7000 r-xp 00000000 08:05 538930                     /lib/libwrap.so.0.7.6
7f1b6cde7000-7f1b6cfe7000 ---p 00008000 08:05 538930                     /lib/libwrap.so.0.7.6
7f1b6cfe7000-7f1b6cfe8000 r-xp 00008000 08:05 538930                     /lib/libwrap.so.0.7.6
7f1b6cfe8000-7f1b6cfe9000 rwxp 00009000 08:05 538930                     /lib/libwrap.so.0.7.6
7f1b6cfe9000-7f1b6cfea000 rwxp 00000000 00:00 0 
7f1b6cfea000-7f1b6cfee000 r-xp 00000000 08:05 534738                     /lib/x86_64-linux-gnu/libuuid.so.1.3.0
7f1b6cfee000-7f1b6d1ed000 ---p 00004000 08:05 534738                     /lib/x86_64-linux-gnu/libuuid.so.1.3.0
7f1b6d1ed000-7f1b6d1ee000 r-xp 00003000 08:05 534738                     /lib/x86_64-linux-gnu/libuuid.so.1.3.0
7f1b6d1ee000-7f1b6d1ef000 rwxp 00004000 08:05 534738                     /lib/x86_64-linux-gnu/libuuid.so.1.3.0
7f1b6d1ef000-7f1b6d231000 r-xp 00000000 08:05 525819                     /lib/x86_64-linux-gnu/libdbus-1.so.3.5.4
7f1b6d231000-7f1b6d431000 ---p 00042000 08:05 525819                     /lib/x86_64-linux-gnu/libdbus-1.so.3.5.4
7f1b6d431000-7f1b6d432000 r-xp 00042000 08:05 525819                     /lib/x86_64-linux-gnu/libdbus-1.so.3.5.4
7f1b6d432000-7f1b6d433000 rwxp 00043000 08:05 525819                     /lib/x86_64-linux-gnu/libdbus-1.so.3.5.4
7f1b6d433000-7f1b6d47e000 r-xp 00000000 08:05 1580900                    /usr/lib/libpulsecommon-0.9.22.so
7f1b6d47e000-7f1b6d67d000 ---p 0004b000 08:05 1580900                    /usr/lib/libpulsecommon-0.9.22.so
7f1b6d67d000-7f1b6d67e000 r-xp 0004a000 08:05 1580900                    /usr/lib/libpulsecommon-0.9.22.so
7f1b6d67e000-7f1b6d67f000 rwxp 0004b000 08:05 1580900                    /usr/lib/libpulsecommon-0.9.22.so
7f1b6d67f000-7f1b6d682000 r-xp 00000000 08:05 1573582                    /usr/lib/libxcb-atom.so.1.0.0
7f1b6d682000-7f1b6d882000 ---p 00003000 08:05 1573582                    /usr/lib/libxcb-atom.so.1.0.0
7f1b6d882000-7f1b6d883000 r-xp 00003000 08:05 1573582                    /usr/lib/libxcb-atom.so.1.0.0
7f1b6d883000-7f1b6d884000 rwxp 00004000 08:05 1573582                    /usr/lib/libxcb-atom.so.1.0.0
7f1b6d884000-7f1b6d88b000 r-xp 00000000 08:05 1578963                    /usr/lib/x86_64-linux-gnu/libSM.so.6.0.1
7f1b6d88b000-7f1b6da8a000 ---p 00007000 08:05 1578963                    /usr/lib/x86_64-linux-gnu/libSM.so.6.0.1
7f1b6da8a000-7f1b6da8b000 r-xp 00006000 08:05 1578963                    /usr/lib/x86_64-linux-gnu/libSM.so.6.0.1
7f1b6da8b000-7f1b6da8c000 rwxp 00007000 08:05 1578963                    /usr/lib/x86_64-linux-gnu/libSM.so.6.0.1
7f1b6da8c000-7f1b6daa2000 r-xp 00000000 08:05 1571606                    /usr/lib/x86_64-linux-gnu/libICE.so.6.3.0
7f1b6daa2000-7f1b6dca2000 ---p 00016000 08:05 1571606                    /usr/lib/x86_64-linux-gnu/libICE.so.6.3.0
7f1b6dca2000-7f1b6dca3000 r-xp 00016000 08:05 1571606                    /usr/lib/x86_64-linux-gnu/libICE.so.6.3.0
7f1b6dca3000-7f1b6dca4000 rwxp 00017000 08:05 1571606                    /usr/lib/x86_64-linux-gnu/libICE.so.6.3.0
7f1b6dca4000-7f1b6dca7000 rwxp 00000000 00:00 0 
7f1b6dca7000-7f1b6dce7000 r-xp 00000000 08:05 1573921                    /usr/lib/libpulse.so.0.12.3
7f1b6dce7000-7f1b6dee6000 ---p 00040000 08:05 1573921                    /usr/lib/libpulse.so.0.12.3
7f1b6dee6000-7f1b6dee7000 r-xp 0003f000 08:05 1573921                    /usr/lib/libpulse.so.0.12.3
7f1b6dee7000-7f1b6dee8000 rwxp 00040000 08:05 1573921                    /usr/lib/libpulse.so.0.12.3
7f1b6dee8000-7f1b6df34000 r-xp 00000000 08:05 525414                     /tmp/libgdx/3154261069/libopenal64.so
7f1b6df34000-7f1b6e133000 ---p 0004c000 08:05 525414                     /tmp/libgdx/3154261069/libopenal64.so
7f1b6e133000-7f1b6e135000 r-xp 0004b000 08:05 525414                     /tmp/libgdx/3154261069/libopenal64.so
7f1b6e135000-7f1b6e136000 rwxp 0004d000 08:05 525414                     /tmp/libgdx/3154261069/libopenal64.so
7f1b6e136000-7f1b6e137000 rwxp 00000000 00:00 0 
7f1b6e137000-7f1b6e1b0000 r-xp 00000000 08:05 525415                     /tmp/libgdx/3154261069/liblwjgl64.so
7f1b6e1b0000-7f1b6e3b0000 ---p 00079000 08:05 525415                     /tmp/libgdx/3154261069/liblwjgl64.so
7f1b6e3b0000-7f1b6e3b2000 r-xp 00079000 08:05 525415                     /tmp/libgdx/3154261069/liblwjgl64.so
7f1b6e3b2000-7f1b6e3b3000 rwxp 0007b000 08:05 525415                     /tmp/libgdx/3154261069/liblwjgl64.so
7f1b6e3b3000-7f1b6f801000 r-xp 00000000 08:05 723                        /usr/lib/nvidia-current/libnvidia-glcore.so.270.41.19
7f1b6f801000-7f1b6fa01000 ---p 0144e000 08:05 723                        /usr/lib/nvidia-current/libnvidia-glcore.so.270.41.19
7f1b6fa01000-7f1b6ffe9000 rwxp 0144e000 08:05 723                        /usr/lib/nvidia-current/libnvidia-glcore.so.270.41.19
7f1b6ffe9000-7f1b70000000 rwxp 00000000 00:00 0 
7f1b70000000-7f1b7085a000 rwxp 00000000 00:00 0 
7f1b7085a000-7f1b74000000 ---p 00000000 00:00 0 
7f1b74019000-7f1b7401a000 r-xp 00000000 08:05 1570508                    /usr/lib/x86_64-linux-gnu/libX11-xcb.so.1.0.0
7f1b7401a000-7f1b74219000 ---p 00001000 08:05 1570508                    /usr/lib/x86_64-linux-gnu/libX11-xcb.so.1.0.0
7f1b74219000-7f1b7421a000 r-xp 00000000 08:05 1570508                    /usr/lib/x86_64-linux-gnu/libX11-xcb.so.1.0.0
7f1b7421a000-7f1b7421b000 rwxp 00001000 08:05 1570508                    /usr/lib/x86_64-linux-gnu/libX11-xcb.so.1.0.0
7f1b7421b000-7f1b74223000 r-xp 00000000 08:05 1581969                    /usr/lib/x86_64-linux-gnu/libXrandr.so.2.2.0
7f1b74223000-7f1b74422000 ---p 00008000 08:05 1581969                    /usr/lib/x86_64-linux-gnu/libXrandr.so.2.2.0
7f1b74422000-7f1b74423000 r-xp 00007000 08:05 1581969                    /usr/lib/x86_64-linux-gnu/libXrandr.so.2.2.0
7f1b74423000-7f1b74424000 rwxp 00008000 08:05 1581969                    /usr/lib/x86_64-linux-gnu/libXrandr.so.2.2.0
7f1b74424000-7f1b74513000 r-xp 00000000 08:05 525359                     /tmp/libgdx/3154261069/libjogl-linux64.so
7f1b74513000-7f1b74613000 ---p 000ef000 08:05 525359                     /tmp/libgdx/3154261069/libjogl-linux64.so
7f1b74613000-7f1b74614000 rwxp 000ef000 08:05 525359                     /tmp/libgdx/3154261069/libjogl-linux64.so
7f1b74614000-7f1b74615000 r-xp 00000000 08:05 716                        /usr/lib/nvidia-current/tls/libnvidia-tls.so.270.41.19
7f1b74615000-7f1b74815000 ---p 00001000 08:05 716                        /usr/lib/nvidia-current/tls/libnvidia-tls.so.270.41.19
7f1b74815000-7f1b74816000 rwxp 00001000 08:05 716                        /usr/lib/nvidia-current/tls/libnvidia-tls.so.270.41.19
7f1b74816000-7f1b74817000 r-xp 00000000 08:05 1734853                    /usr/lib/jvm/java-6-sun-1.6.0.24/jre/lib/amd64/libjawt.so
7f1b74817000-7f1b74916000 ---p 00001000 08:05 1734853                    /usr/lib/jvm/java-6-sun-1.6.0.24/jre/lib/amd64/libjawt.so
7f1b74916000-7f1b74917000 rwxp 00000000 08:05 1734853                    /usr/lib/jvm/java-6-sun-1.6.0.24/jre/lib/amd64/libjawt.so
7f1b74917000-7f1b7491c000 r-xp 00000000 08:05 1581972                    /usr/lib/x86_64-linux-gnu/libXxf86vm.so.1.0.0
7f1b7491c000-7f1b74b1b000 ---p 00005000 08:05 1581972                    /usr/lib/x86_64-linux-gnu/libXxf86vm.so.1.0.0
7f1b74b1b000-7f1b74b1c000 r-xp 00004000 08:05 1581972                    /usr/lib/x86_64-linux-gnu/libXxf86vm.so.1.0.0
7f1b74b1c000-7f1b74b1d000 rwxp 00005000 08:05 1581972                    /usr/lib/x86_64-linux-gnu/libXxf86vm.so.1.0.0
7f1b74b1d000-7f1b74bda000 r-xp 00000000 08:05 928                        /usr/lib/nvidia-current/libGL.so.270.41.19
7f1b74bda000-7f1b74dda000 ---p 000bd000 08:05 928                        /usr/lib/nvidia-current/libGL.so.270.41.19
7f1b74dda000-7f1b74e13000 rwxp 000bd000 08:05 928                        /usr/lib/nvidia-current/libGL.so.270.41.19
7f1b74e13000-7f1b74e29000 rwxp 00000000 00:00 0 
7f1b74e29000-7f1b74e2b000 r-xp 00000000 08:05 525279                     /tmp/libgdx/3154261069/libjogl_awt-linux64.so
7f1b74e2b000-7f1b74f2a000 ---p 00002000 08:05 525279                     /tmp/libgdx/3154261069/libjogl_awt-linux64.so
7f1b74f2a000-7f1b74f2b000 rwxp 00001000 08:05 525279                     /tmp/libgdx/3154261069/libjogl_awt-linux64.so
7f1b74f2b000-7f1b74f2c000 r-xp 00000000 08:05 525228                     /tmp/libgdx/3154261069/libgluegen-rt-linux64.so
7f1b74f2c000-7f1b7502b000 ---p 00001000 08:05 525228                     /tmp/libgdx/3154261069/libgluegen-rt-linux64.so
7f1b7502b000-7f1b7502c000 rwxp 00000000 08:05 525228                     /tmp/libgdx/3154261069/libgluegen-rt-linux64.so
7f1b7502c000-7f1b75041000 r-xp 00000000 08:05 528127                     /lib/x86_64-linux-gnu/libgcc_s.so.1
7f1b75041000-7f1b75240000 ---p 00015000 08:05 528127                     /lib/x86_64-linux-gnu/libgcc_s.so.1
7f1b75240000-7f1b75241000 r-xp 00014000 08:05 528127                     /lib/x86_64-linux-gnu/libgcc_s.so.1
7f1b75241000-7f1b75242000 rwxp 00015000 08:05 528127                     /lib/x86_64-linux-gnu/libgcc_s.so.1
7f1b75242000-7f1b7532a000 r-xp 00000000 08:05 1571250                    /usr/lib/x86_64-linux-gnu/libstdc++.so.6.0.14
7f1b7532a000-7f1b75529000 ---p 000e8000 08:05 1571250                    /usr/lib/x86_64-linux-gnu/libstdc++.so.6.0.14
7f1b75529000-7f1b75531000 r-xp 000e7000 08:05 1571250                    /usr/lib/x86_64-linux-gnu/libstdc++.so.6.0.14
7f1b75531000-7f1b75533000 rwxp 000ef000 08:05 1571250                    /usr/lib/x86_64-linux-gnu/libstdc++.so.6.0.14
7f1b75533000-7f1b75548000 rwxp 00000000 00:00 0 
7f1b75548000-7f1b755d4000 r-xp 00000000 08:05 525170                     /tmp/libgdx/3154261069/libgdx-64.so
7f1b755d4000-7f1b757d4000 ---p 0008c000 08:05 525170                     /tmp/libgdx/3154261069/libgdx-64.so
7f1b757d4000-7f1b757d5000 r-xp 0008c000 08:05 525170                     /tmp/libgdx/3154261069/libgdx-64.so
7f1b757d5000-7f1b757d6000 rwxp 0008d000 08:05 525170                     /tmp/libgdx/3154261069/libgdx-64.so
7f1b757d6000-7f1b757d9000 rwxp 00000000 00:00 0 
7f1b757d9000-7f1b757dc000 ---p 00000000 00:00 0 
7f1b757dc000-7f1b758da000 rwxp 00000000 00:00 0 
7f1b758da000-7f1b758db000 r-xs 00000000 08:05 532633                     /var/cache/fontconfig/26de28bc8622bbc1fb67fd234c21975f-le64.cache-3
7f1b758db000-7f1b758dc000 r-xs 00000000 08:05 554485                     /var/cache/fontconfig/c05880de57d1f5e948fdfacc138775d9-le64.cache-3
7f1b758dc000-7f1b758e5000 r-xs 00000000 08:05 527845                     /var/cache/fontconfig/945677eb7aeaf62f1d50efc3fb3ec7d8-le64.cache-3
7f1b758e5000-7f1b758e7000 r-xs 00000000 08:05 554480                     /var/cache/fontconfig/99e8ed0e538f840c565b6ed5dad60d56-le64.cache-3
7f1b758e7000-7f1b758ea000 r-xs 00000000 08:05 554411                     /var/cache/fontconfig/f24b2111ab8703b4e963115a8cf14259-le64.cache-3
7f1b758ea000-7f1b758ed000 r-xs 00000000 08:05 554479                     /var/cache/fontconfig/e383d7ea5fbe662a33d9b44caf393297-le64.cache-3
7f1b758ed000-7f1b758f0000 r-xs 00000000 08:05 554477                     /var/cache/fontconfig/2cd17615ca594fa2959ae173292e504c-le64.cache-3
7f1b758f0000-7f1b758f1000 r-xs 00000000 08:05 554471                     /var/cache/fontconfig/e7071f4a29fa870f4323321c154eba04-le64.cache-3
7f1b758f1000-7f1b758fa000 r-xs 00000000 08:05 554448                     /var/cache/fontconfig/6d41288fd70b0be22e8c3a91e032eec0-le64.cache-3
7f1b758fa000-7f1b7590a000 r-xs 00000000 08:05 554447                     /var/cache/fontconfig/0f34bcd4b6ee430af32735b75db7f02b-le64.cache-3
7f1b7590a000-7f1b75938000 r-xs 00000000 08:05 554435                     /var/cache/fontconfig/365b55f210c0a22e9a19e35191240f32-le64.cache-3
7f1b7599f000-7f1b759df000 rwxs 9c240000 00:05 9611                       /dev/nvidia0
7f1b759df000-7f1b759ff000 rwxs 6ddd1000 00:05 9611                       /dev/nvidia0
7f1b759ff000-7f1b75a02000 ---p 00000000 00:00 0 
7f1b75a02000-7f1b75b00000 rwxp 00000000 00:00 0 
7f1b75b00000-7f1b75b03000 ---p 00000000 00:00 0 
7f1b75b03000-7f1b75c01000 rwxp 00000000 00:00 0 
7f1b75c01000-7f1b75c06000 r-xp 00000000 08:05 1570859                    /usr/lib/x86_64-linux-gnu/libXfixes.so.3.1.0
7f1b75c06000-7f1b75e05000 ---p 00005000 08:05 1570859                    /usr/lib/x86_64-linux-gnu/libXfixes.so.3.1.0
7f1b75e05000-7f1b75e06000 r-xp 00004000 08:05 1570859                    /usr/lib/x86_64-linux-gnu/libXfixes.so.3.1.0
7f1b75e06000-7f1b75e07000 rwxp 00005000 08:05 1570859                    /usr/lib/x86_64-linux-gnu/libXfixes.so.3.1.0
7f1b75e07000-7f1b75e10000 r-xp 00000000 08:05 1570620                    /usr/lib/x86_64-linux-gnu/libXrender.so.1.3.0
7f1b75e10000-7f1b76010000 ---p 00009000 08:05 1570620                    /usr/lib/x86_64-linux-gnu/libXrender.so.1.3.0
7f1b76010000-7f1b76011000 r-xp 00009000 08:05 1570620                    /usr/lib/x86_64-linux-gnu/libXrender.so.1.3.0
7f1b76011000-7f1b76012000 rwxp 0000a000 08:05 1570620                    /usr/lib/x86_64-linux-gnu/libXrender.so.1.3.0
7f1b76012000-7f1b7601b000 r-xp 00000000 08:05 1573929                    /usr/lib/x86_64-linux-gnu/libXcursor.so.1.0.2
7f1b7601b000-7f1b7621a000 ---p 00009000 08:05 1573929                    /usr/lib/x86_64-linux-gnu/libXcursor.so.1.0.2
7f1b7621a000-7f1b7621b000 r-xp 00008000 08:05 1573929                    /usr/lib/x86_64-linux-gnu/libXcursor.so.1.0.2
7f1b7621b000-7f1b7621c000 rwxp 00009000 08:05 1573929                    /usr/lib/x86_64-linux-gnu/libXcursor.so.1.0.2
7f1b7621d000-7f1b7621f000 rwxs 00000000 08:05 525436                     /tmp/glJy5AWP (deleted)
7f1b7621f000-7f1b76223000 rwxs baf9c000 00:05 9611                       /dev/nvidia0
7f1b76223000-7f1b76224000 rwxs d0008000 00:05 9611                       /dev/nvidia0
7f1b76224000-7f1b76225000 rwxs a07f1000 00:05 9611                       /dev/nvidia0
7f1b76225000-7f1b76229000 rwxs 9c303000 00:05 9611                       /dev/nvidia0
7f1b76229000-7f1b7622a000 rwxs fbc0a000 00:05 9611                       /dev/nvidia0
7f1b7622a000-7f1b7622b000 rwxs fb641000 00:05 9611                       /dev/nvidia0
7f1b7622b000-7f1b7622c000 rwxs 11497b000 00:05 9611                      /dev/nvidia0
7f1b7622c000-7f1b7622d000 rwxs 9c0d8000 00:05 9611                       /dev/nvidia0
7f1b7622d000-7f1b7622e000 rwxs fb060000 00:05 9611                       /dev/nvidia0
7f1b7622e000-7f1b76249000 rwxs 1107c0000 00:05 9611                      /dev/nvidia0
7f1b76249000-7f1b7624c000 ---p 00000000 00:00 0 
7f1b7624c000-7f1b7634a000 rwxp 00000000 00:00 0 
7f1b7634a000-7f1b763c3000 r-xp 00000000 08:05 1734841                    /usr/lib/jvm/java-6-sun-1.6.0.24/jre/lib/amd64/libfontmanager.so
7f1b763c3000-7f1b764c2000 ---p 00079000 08:05 1734841                    /usr/lib/jvm/java-6-sun-1.6.0.24/jre/lib/amd64/libfontmanager.so
7f1b764c2000-7f1b764d7000 rwxp 00078000 08:05 1734841                    /usr/lib/jvm/java-6-sun-1.6.0.24/jre/lib/amd64/libfontmanager.so
7f1b764d7000-7f1b764e8000 rwxp 00000000 00:00 0 
7f1b764e8000-7f1b764ed000 r-xp 00000000 08:05 1573561                    /usr/lib/x86_64-linux-gnu/libXdmcp.so.6.0.0
7f1b764ed000-7f1b766ec000 ---p 00005000 08:05 1573561                    /usr/lib/x86_64-linux-gnu/libXdmcp.so.6.0.0
7f1b766ec000-7f1b766ed000 r-xp 00004000 08:05 1573561                    /usr/lib/x86_64-linux-gnu/libXdmcp.so.6.0.0
7f1b766ed000-7f1b766ee000 rwxp 00005000 08:05 1573561                    /usr/lib/x86_64-linux-gnu/libXdmcp.so.6.0.0
7f1b766ee000-7f1b766f0000 r-xp 00000000 08:05 1570542                    /usr/lib/x86_64-linux-gnu/libXau.so.6.0.0
7f1b766f0000-7f1b768ef000 ---p 00002000 08:05 1570542                    /usr/lib/x86_64-linux-gnu/libXau.so.6.0.0
7f1b768ef000-7f1b768f0000 r-xp 00001000 08:05 1570542                    /usr/lib/x86_64-linux-gnu/libXau.so.6.0.0
7f1b768f0000-7f1b768f1000 rwxp 00002000 08:05 1570542                    /usr/lib/x86_64-linux-gnu/libXau.so.6.0.0
7f1b768f1000-7f1b7690c000 r-xp 00000000 08:05 1572615                    /usr/lib/x86_64-linux-gnu/libxcb.so.1.1.0
7f1b7690c000-7f1b76b0b000 ---p 0001b000 08:05 1572615                    /usr/lib/x86_64-linux-gnu/libxcb.so.1.1.0
7f1b76b0b000-7f1b76b0c000 r-xp 0001a000 08:05 1572615                    /usr/lib/x86_64-linux-gnu/libxcb.so.1.1.0
7f1b76b0c000-7f1b76b0d000 rwxp 0001b000 08:05 1572615                    /usr/lib/x86_64-linux-gnu/libxcb.so.1.1.0
7f1b76b0d000-7f1b76b1c000 r-xp 00000000 08:05 1613065                    /usr/lib/x86_64-linux-gnu/libXi.so.6.1.0
7f1b76b1c000-7f1b76d1b000 ---p 0000f000 08:05 1613065                    /usr/lib/x86_64-linux-gnu/libXi.so.6.1.0
7f1b76d1b000-7f1b76d1c000 r-xp 0000e000 08:05 1613065                    /usr/lib/x86_64-linux-gnu/libXi.so.6.1.0
7f1b76d1c000-7f1b76d1d000 rwxp 0000f000 08:05 1613065                    /usr/lib/x86_64-linux-gnu/libXi.so.6.1.0
7f1b76d1d000-7f1b76d22000 r-xp 00000000 08:05 1572606                    /usr/lib/libXtst.so.6.1.0
7f1b76d22000-7f1b76f21000 ---p 00005000 08:05 1572606                    /usr/lib/libXtst.so.6.1.0
7f1b76f21000-7f1b76f22000 r-xp 00004000 08:05 1572606                    /usr/lib/libXtst.so.6.1.0
7f1b76f22000-7f1b76f23000 rwxp 00005000 08:05 1572606                    /usr/lib/libXtst.so.6.1.0
7f1b76f23000-7f1b77058000 r-xp 00000000 08:05 1573591                    /usr/lib/x86_64-linux-gnu/libX11.so.6.3.0
7f1b77058000-7f1b77258000 ---p 00135000 08:05 1573591                    /usr/lib/x86_64-linux-gnu/libX11.so.6.3.0
7f1b77258000-7f1b77259000 r-xp 00135000 08:05 1573591                    /usr/lib/x86_64-linux-gnu/libX11.so.6.3.0
7f1b77259000-7f1b7725d000 rwxp 00136000 08:05 1573591                    /usr/lib/x86_64-linux-gnu/libX11.so.6.3.0
7f1b7725d000-7f1b7726e000 r-xp 00000000 08:05 1571673                    /usr/lib/x86_64-linux-gnu/libXext.so.6.4.0
7f1b7726e000-7f1b7746d000 ---p 00011000 08:05 1571673                    /usr/lib/x86_64-linux-gnu/libXext.so.6.4.0
7f1b7746d000-7f1b7746e000 r-xp 00010000 08:05 1571673                    /usr/lib/x86_64-linux-gnu/libXext.so.6.4.0
7f1b7746e000-7f1b7746f000 rwxp 00011000 08:05 1571673                    /usr/lib/x86_64-linux-gnu/libXext.so.6.4.0
7f1b7746f000-7f1b77473000 r-xs 00000000 08:05 554470                     /var/cache/fontconfig/6eb3985aa4124903f6ff08ba781cd364-le64.cache-3
7f1b77473000-7f1b77478000 r-xs 00000000 08:05 554453                     /var/cache/fontconfig/062808c12e6e608270f93bb230aed730-le64.cache-3
7f1b77478000-7f1b7747e000 r-xs 00000000 08:05 554429                     /var/cache/fontconfig/a755afe4a08bf5b97852ceb7400b47bc-le64.cache-3
7f1b7747e000-7f1b77488000 r-xs 00000000 08:05 554433                     /var/cache/fontconfig/d52a8644073d54c13679302ca1180695-le64.cache-3
7f1b77488000-7f1b77489000 r-xs 00000000 08:05 554418                     /var/cache/fontconfig/ec648e9a1aea82bddd4bd6050028158d-le64.cache-3
7f1b77489000-7f1b7749c000 r-xs 00000000 08:05 538224                     /var/cache/fontconfig/e13b20fdb08344e0e664864cc2ede53d-le64.cache-3
7f1b7749c000-7f1b774de000 r-xp 00000000 08:05 1734831                    /usr/lib/jvm/java-6-sun-1.6.0.24/jre/lib/amd64/xawt/libmawt.so
7f1b774de000-7f1b775dd000 ---p 00042000 08:05 1734831                    /usr/lib/jvm/java-6-sun-1.6.0.24/jre/lib/amd64/xawt/libmawt.so
7f1b775dd000-7f1b775e9000 rwxp 00041000 08:05 1734831                    /usr/lib/jvm/java-6-sun-1.6.0.24/jre/lib/amd64/xawt/libmawt.so
7f1b775e9000-7f1b775ea000 rwxp 00000000 00:00 0 
7f1b775ea000-7f1b7767c000 r-xp 00000000 08:05 1734852                    /usr/lib/jvm/java-6-sun-1.6.0.24/jre/lib/amd64/libawt.so
7f1b7767c000-7f1b7777b000 ---p 00092000 08:05 1734852                    /usr/lib/jvm/java-6-sun-1.6.0.24/jre/lib/amd64/libawt.so
7f1b7777b000-7f1b77794000 rwxp 00091000 08:05 1734852                    /usr/lib/jvm/java-6-sun-1.6.0.24/jre/lib/amd64/libawt.so
7f1b77794000-7f1b777b9000 rwxp 00000000 00:00 0 
7f1b777b9000-7f1b777c4000 r-xs 00094000 08:05 1347413                    /home/bompo/git/mgcube/libs/gdx.jar
7f1b777c4000-7f1b777cb000 r-xs 0007a000 08:05 1339177                    /home/bompo/git/mgcube/libs/gdx-sources.jar
7f1b777cb000-7f1b777cc000 r-xs 001a1000 08:05 1339556                    /home/bompo/git/mgcube/libs/gdx-natives.jar
7f1b777cc000-7f1b777e6000 r-xs 00207000 08:05 1334080                    /home/bompo/git/mgcube/libs/gdx-backend-jogl.jar
7f1b777e6000-7f1b777e7000 r-xs 00007000 08:05 1330406                    /home/bompo/git/mgcube/libs/gdx-backend-jogl-sources.jar
7f1b777e7000-7f1b777e8000 r-xs 00203000 08:05 1350448                    /home/bompo/git/mgcube/libs/gdx-backend-jogl-natives.jar
7f1b777e8000-7f1b777eb000 r-xs 0000f000 08:05 1622792                    /usr/lib/jvm/java-6-sun-1.6.0.24/jre/lib/ext/pulse-java.jar
7f1b777eb000-7f1b777ec000 ---p 00000000 00:00 0 
7f1b777ec000-7f1b778ec000 rwxp 00000000 00:00 0 
7f1b778ec000-7f1b778ef000 ---p 00000000 00:00 0 
7f1b778ef000-7f1b779ed000 rwxp 00000000 00:00 0 
7f1b779ed000-7f1b779f0000 ---p 00000000 00:00 0 
7f1b779f0000-7f1b77aee000 rwxp 00000000 00:00 0 
7f1b77aee000-7f1b77af1000 ---p 00000000 00:00 0 
7f1b77af1000-7f1b77bef000 rwxp 00000000 00:00 0 
7f1b77bef000-7f1b77bf2000 ---p 00000000 00:00 0 
7f1b77bf2000-7f1b77cf0000 rwxp 00000000 00:00 0 
7f1b77cf0000-7f1b780f8000 r-xp 00000000 08:05 1570348                    /usr/lib/locale/locale-archive
7f1b780f8000-7f1b780fb000 ---p 00000000 00:00 0 
7f1b780fb000-7f1b781f9000 rwxp 00000000 00:00 0 
7f1b781f9000-7f1b781fc000 ---p 00000000 00:00 0 
7f1b781fc000-7f1b782fa000 rwxp 00000000 00:00 0 
7f1b782fa000-7f1b782fb000 ---p 00000000 00:00 0 
7f1b782fb000-7f1b78934000 rwxp 00000000 00:00 0 
7f1b78934000-7f1b78acc000 r-xs 03027000 08:05 1662454                    /usr/lib/jvm/java-6-sun-1.6.0.24/jre/lib/rt.jar
7f1b78acc000-7f1b78af4000 rwxp 00000000 00:00 0 
7f1b78af4000-7f1b78af5000 ---p 00000000 00:00 0 
7f1b78af5000-7f1b78bf5000 rwxp 00000000 00:00 0 
7f1b78bf5000-7f1b78bf6000 ---p 00000000 00:00 0 
7f1b78bf6000-7f1b78cf6000 rwxp 00000000 00:00 0 
7f1b78cf6000-7f1b78cf7000 ---p 00000000 00:00 0 
7f1b78cf7000-7f1b78df7000 rwxp 00000000 00:00 0 
7f1b78df7000-7f1b78df8000 ---p 00000000 00:00 0 
7f1b78df8000-7f1b78f03000 rwxp 00000000 00:00 0 
7f1b78f03000-7f1b78f21000 rwxp 00000000 00:00 0 
7f1b78f21000-7f1b78f36000 rwxp 00000000 00:00 0 
7f1b78f36000-7f1b7906b000 rwxp 00000000 00:00 0 
7f1b7906b000-7f1b79076000 rwxp 00000000 00:00 0 
7f1b79076000-7f1b79094000 rwxp 00000000 00:00 0 
7f1b79094000-7f1b790a9000 rwxp 00000000 00:00 0 
7f1b790a9000-7f1b791de000 rwxp 00000000 00:00 0 
7f1b791de000-7f1b791e9000 rwxp 00000000 00:00 0 
7f1b791e9000-7f1b79283000 rwxp 00000000 00:00 0 
7f1b79283000-7f1b794f4000 rwxp 00000000 00:00 0 
7f1b794f4000-7f1b7c284000 rwxp 00000000 00:00 0 
7f1b7c284000-7f1b7c292000 r-xp 00000000 08:05 1734847                    /usr/lib/jvm/java-6-sun-1.6.0.24/jre/lib/amd64/libzip.so
7f1b7c292000-7f1b7c394000 ---p 0000e000 08:05 1734847                    /usr/lib/jvm/java-6-sun-1.6.0.24/jre/lib/amd64/libzip.so
7f1b7c394000-7f1b7c397000 rwxp 00010000 08:05 1734847                    /usr/lib/jvm/java-6-sun-1.6.0.24/jre/lib/amd64/libzip.so
7f1b7c397000-7f1b7c398000 rwxp 00000000 00:00 0 
7f1b7c398000-7f1b7c3a4000 r-xp 00000000 08:05 535712                     /lib/x86_64-linux-gnu/libnss_files-2.13.so
7f1b7c3a4000-7f1b7c5a3000 ---p 0000c000 08:05 535712                     /lib/x86_64-linux-gnu/libnss_files-2.13.so
7f1b7c5a3000-7f1b7c5a4000 r-xp 0000b000 08:05 535712                     /lib/x86_64-linux-gnu/libnss_files-2.13.so
7f1b7c5a4000-7f1b7c5a5000 rwxp 0000c000 08:05 535712                     /lib/x86_64-linux-gnu/libnss_files-2.13.so
7f1b7c5a5000-7f1b7c5b0000 r-xp 00000000 08:05 535714                     /lib/x86_64-linux-gnu/libnss_nis-2.13.so
7f1b7c5b0000-7f1b7c7af000 ---p 0000b000 08:05 535714                     /lib/x86_64-linux-gnu/libnss_nis-2.13.so
7f1b7c7af000-7f1b7c7b0000 r-xp 0000a000 08:05 535714                     /lib/x86_64-linux-gnu/libnss_nis-2.13.so
7f1b7c7b0000-7f1b7c7b1000 rwxp 0000b000 08:05 535714                     /lib/x86_64-linux-gnu/libnss_nis-2.13.so
7f1b7c7b1000-7f1b7c7b9000 r-xp 00000000 08:05 535710                     /lib/x86_64-linux-gnu/libnss_compat-2.13.so
7f1b7c7b9000-7f1b7c9b8000 ---p 00008000 08:05 535710                     /lib/x86_64-linux-gnu/libnss_compat-2.13.so
7f1b7c9b8000-7f1b7c9b9000 r-xp 00007000 08:05 535710                     /lib/x86_64-linux-gnu/libnss_compat-2.13.so
7f1b7c9b9000-7f1b7c9ba000 rwxp 00008000 08:05 535710                     /lib/x86_64-linux-gnu/libnss_compat-2.13.so
7f1b7c9ba000-7f1b7c9c1000 r-xp 00000000 08:05 1734857                    /usr/lib/jvm/java-6-sun-1.6.0.24/jre/lib/amd64/native_threads/libhpi.so
7f1b7c9c1000-7f1b7cac2000 ---p 00007000 08:05 1734857                    /usr/lib/jvm/java-6-sun-1.6.0.24/jre/lib/amd64/native_threads/libhpi.so
7f1b7cac2000-7f1b7cac4000 rwxp 00008000 08:05 1734857                    /usr/lib/jvm/java-6-sun-1.6.0.24/jre/lib/amd64/native_threads/libhpi.so
7f1b7cac4000-7f1b7cac5000 rwxp 00000000 00:00 0 
7f1b7cac5000-7f1b7cadc000 r-xp 00000000 08:05 535709                     /lib/x86_64-linux-gnu/libnsl-2.13.so
7f1b7cadc000-7f1b7ccdb000 ---p 00017000 08:05 535709                     /lib/x86_64-linux-gnu/libnsl-2.13.so
7f1b7ccdb000-7f1b7ccdc000 r-xp 00016000 08:05 535709                     /lib/x86_64-linux-gnu/libnsl-2.13.so
7f1b7ccdc000-7f1b7ccdd000 rwxp 00017000 08:05 535709                     /lib/x86_64-linux-gnu/libnsl-2.13.so
7f1b7ccdd000-7f1b7ccdf000 rwxp 00000000 00:00 0 
7f1b7ccdf000-7f1b7cd08000 r-xp 00000000 08:05 1734846                    /usr/lib/jvm/java-6-sun-1.6.0.24/jre/lib/amd64/libjava.so
7f1b7cd08000-7f1b7ce07000 ---p 00029000 08:05 1734846                    /usr/lib/jvm/java-6-sun-1.6.0.24/jre/lib/amd64/libjava.so
7f1b7ce07000-7f1b7ce0e000 rwxp 00028000 08:05 1734846                    /usr/lib/jvm/java-6-sun-1.6.0.24/jre/lib/amd64/libjava.so
7f1b7ce0e000-7f1b7ce1b000 r-xp 00000000 08:05 1731420                    /usr/lib/jvm/java-6-sun-1.6.0.24/jre/lib/amd64/libverify.so
7f1b7ce1b000-7f1b7cf1a000 ---p 0000d000 08:05 1731420                    /usr/lib/jvm/java-6-sun-1.6.0.24/jre/lib/amd64/libverify.so
7f1b7cf1a000-7f1b7cf1d000 rwxp 0000c000 08:05 1731420                    /usr/lib/jvm/java-6-sun-1.6.0.24/jre/lib/amd64/libverify.so
7f1b7cf1d000-7f1b7cf24000 r-xp 00000000 08:05 535724                     /lib/x86_64-linux-gnu/librt-2.13.so
7f1b7cf24000-7f1b7d123000 ---p 00007000 08:05 535724                     /lib/x86_64-linux-gnu/librt-2.13.so
7f1b7d123000-7f1b7d124000 r-xp 00006000 08:05 535724                     /lib/x86_64-linux-gnu/librt-2.13.so
7f1b7d124000-7f1b7d125000 rwxp 00007000 08:05 535724                     /lib/x86_64-linux-gnu/librt-2.13.so
7f1b7d125000-7f1b7d128000 ---p 00000000 00:00 0 
7f1b7d128000-7f1b7d226000 rwxp 00000000 00:00 0 
7f1b7d226000-7f1b7d2aa000 r-xp 00000000 08:05 535703                     /lib/x86_64-linux-gnu/libm-2.13.so
7f1b7d2aa000-7f1b7d4a9000 ---p 00084000 08:05 535703                     /lib/x86_64-linux-gnu/libm-2.13.so
7f1b7d4a9000-7f1b7d4aa000 r-xp 00083000 08:05 535703                     /lib/x86_64-linux-gnu/libm-2.13.so
7f1b7d4aa000-7f1b7d4ab000 rwxp 00084000 08:05 535703                     /lib/x86_64-linux-gnu/libm-2.13.so
7f1b7d4ab000-7f1b7dce9000 r-xp 00000000 08:05 1734849                    /usr/lib/jvm/java-6-sun-1.6.0.24/jre/lib/amd64/server/libjvm.so
7f1b7dce9000-7f1b7dde8000 ---p 0083e000 08:05 1734849                    /usr/lib/jvm/java-6-sun-1.6.0.24/jre/lib/amd64/server/libjvm.so
7f1b7dde8000-7f1b7df7c000 rwxp 0083d000 08:05 1734849                    /usr/lib/jvm/java-6-sun-1.6.0.24/jre/lib/amd64/server/libjvm.so
7f1b7df7c000-7f1b7dfb5000 rwxp 00000000 00:00 0 
7f1b7dfb5000-7f1b7e13f000 r-xp 00000000 08:05 535697                     /lib/x86_64-linux-gnu/libc-2.13.so
7f1b7e13f000-7f1b7e33e000 ---p 0018a000 08:05 535697                     /lib/x86_64-linux-gnu/libc-2.13.so
7f1b7e33e000-7f1b7e342000 r-xp 00189000 08:05 535697                     /lib/x86_64-linux-gnu/libc-2.13.so
7f1b7e342000-7f1b7e343000 rwxp 0018d000 08:05 535697                     /lib/x86_64-linux-gnu/libc-2.13.so
7f1b7e343000-7f1b7e349000 rwxp 00000000 00:00 0 
7f1b7e349000-7f1b7e34b000 r-xp 00000000 08:05 535702                     /lib/x86_64-linux-gnu/libdl-2.13.so
7f1b7e34b000-7f1b7e54b000 ---p 00002000 08:05 535702                     /lib/x86_64-linux-gnu/libdl-2.13.so
7f1b7e54b000-7f1b7e54c000 r-xp 00002000 08:05 535702                     /lib/x86_64-linux-gnu/libdl-2.13.so
7f1b7e54c000-7f1b7e54d000 rwxp 00003000 08:05 535702                     /lib/x86_64-linux-gnu/libdl-2.13.so
7f1b7e54d000-7f1b7e565000 r-xp 00000000 08:05 535718                     /lib/x86_64-linux-gnu/libpthread-2.13.so
7f1b7e565000-7f1b7e765000 ---p 00018000 08:05 535718                     /lib/x86_64-linux-gnu/libpthread-2.13.so
7f1b7e765000-7f1b7e766000 r-xp 00018000 08:05 535718                     /lib/x86_64-linux-gnu/libpthread-2.13.so
7f1b7e766000-7f1b7e767000 rwxp 00019000 08:05 535718                     /lib/x86_64-linux-gnu/libpthread-2.13.so
7f1b7e767000-7f1b7e76b000 rwxp 00000000 00:00 0 
7f1b7e76b000-7f1b7e78c000 r-xp 00000000 08:05 535673                     /lib/x86_64-linux-gnu/ld-2.13.so
7f1b7e78c000-7f1b7e78d000 r-xs 00000000 08:05 554466                     /var/cache/fontconfig/4c73fe0c47614734b17d736dbde7580a-le64.cache-3
7f1b7e78d000-7f1b7e78e000 r-xs 00000000 08:05 554459                     /var/cache/fontconfig/0d8c3b2ac0904cb8a57a757ad11a4a08-le64.cache-3
7f1b7e78e000-7f1b7e798000 rwxp 00000000 00:00 0 
7f1b7e798000-7f1b7e84e000 rwxp 00000000 00:00 0 
7f1b7e84e000-7f1b7e851000 rwxp 00000000 00:00 0 
7f1b7e851000-7f1b7e858000 r-xp 00000000 08:05 1731410                    /usr/lib/jvm/java-6-sun-1.6.0.24/jre/lib/amd64/jli/libjli.so
7f1b7e858000-7f1b7e959000 ---p 00007000 08:05 1731410                    /usr/lib/jvm/java-6-sun-1.6.0.24/jre/lib/amd64/jli/libjli.so
7f1b7e959000-7f1b7e95b000 rwxp 00008000 08:05 1731410                    /usr/lib/jvm/java-6-sun-1.6.0.24/jre/lib/amd64/jli/libjli.so
7f1b7e95b000-7f1b7e95c000 rwxp 00000000 00:00 0 
7f1b7e95c000-7f1b7e95d000 r-xs 00000000 08:05 554454                     /var/cache/fontconfig/6a53c69dea097a2d716e069445527da8-le64.cache-3
7f1b7e95d000-7f1b7e962000 r-xs 00000000 08:05 554452                     /var/cache/fontconfig/515ca1ebc4b18308bea979be5704f9db-le64.cache-3
7f1b7e962000-7f1b7e965000 r-xs 00000000 08:05 554441                     /var/cache/fontconfig/d60319d88cac85ba9e1a07bd06cfbb8c-le64.cache-3
7f1b7e965000-7f1b7e966000 r-xs 00000000 08:05 530935                     /var/cache/fontconfig/4794a0821666d79190d59a36cb4f44b5-le64.cache-3
7f1b7e966000-7f1b7e96a000 r-xs 00000000 08:05 538228                     /var/cache/fontconfig/7ef2298fde41cc6eeb7af42e48b7d293-le64.cache-3
7f1b7e96a000-7f1b7e97e000 r-xs 00000000 08:05 527842                     /var/cache/fontconfig/865f88548240fee46819705c6468c165-le64.cache-3
7f1b7e97e000-7f1b7e97f000 r-xs 00000000 08:05 1340105                    /home/bompo/.fontconfig/aa7e4f27e681240d22a1f116cf7520f0-le64.cache-3
7f1b7e97f000-7f1b7e987000 rwxs 00000000 08:05 525082                     /tmp/hsperfdata_bompo/7022
7f1b7e987000-7f1b7e988000 rwxp 00000000 00:00 0 
7f1b7e988000-7f1b7e989000 r-xp 00000000 00:00 0 
7f1b7e989000-7f1b7e98b000 rwxp 00000000 00:00 0 
7f1b7e98b000-7f1b7e98c000 r-xp 00020000 08:05 535673                     /lib/x86_64-linux-gnu/ld-2.13.so
7f1b7e98c000-7f1b7e98e000 rwxp 00021000 08:05 535673                     /lib/x86_64-linux-gnu/ld-2.13.so
7ffffff07000-7ffffff28000 rwxp 00000000 00:00 0                          [stack]
7ffffff30000-7ffffff31000 r-xp 00000000 00:00 0                          [vdso]
ffffffffff600000-ffffffffff601000 r-xp 00000000 00:00 0                  [vsyscall]

VM Arguments:
jvm_args: -Dfile.encoding=UTF-8 
java_command: de.swagner.mgcube.DesktopStarter
Launcher Type: SUN_STANDARD

Environment Variables:
PATH=/usr/local/sbin:/usr/local/bin:/usr/sbin:/usr/bin:/sbin:/bin:/usr/games
USERNAME=bompo
LD_LIBRARY_PATH=/usr/lib/jvm/java-6-sun-1.6.0.24/jre/lib/amd64/server:/usr/lib/jvm/java-6-sun-1.6.0.24/jre/lib/amd64:/usr/lib/jvm/java-6-sun-1.6.0.24/jre/../lib/amd64:/usr/lib/jvm/java-6-openjdk/jre/lib/amd64/server:/usr/lib/jvm/java-6-openjdk/jre/lib/amd64:/usr/lib/jvm/java-6-openjdk/jre/../lib/amd64:/usr/lib64/xulrunner-addons
SHELL=/bin/bash
DISPLAY=:0.0

Signal Handlers:
SIGSEGV: [libjvm.so+0x791b30], sa_mask[0]=0x7ffbfeff, sa_flags=0x10000004
SIGBUS: [libjvm.so+0x791b30], sa_mask[0]=0x7ffbfeff, sa_flags=0x10000004
SIGFPE: [libjvm.so+0x640ba0], sa_mask[0]=0x7ffbfeff, sa_flags=0x10000004
SIGPIPE: [libjvm.so+0x640ba0], sa_mask[0]=0x7ffbfeff, sa_flags=0x10000004
SIGXFSZ: [libjvm.so+0x640ba0], sa_mask[0]=0x7ffbfeff, sa_flags=0x10000004
SIGILL: [libjvm.so+0x640ba0], sa_mask[0]=0x7ffbfeff, sa_flags=0x10000004
SIGUSR1: SIG_DFL, sa_mask[0]=0x00000000, sa_flags=0x00000000
SIGUSR2: [libjvm.so+0x643780], sa_mask[0]=0x00000004, sa_flags=0x10000004
SIGHUP: [libjvm.so+0x643380], sa_mask[0]=0x7ffbfeff, sa_flags=0x10000004
SIGINT: [libjvm.so+0x643380], sa_mask[0]=0x7ffbfeff, sa_flags=0x10000004
SIGTERM: [libjvm.so+0x643380], sa_mask[0]=0x7ffbfeff, sa_flags=0x10000004
SIGQUIT: [libjvm.so+0x643380], sa_mask[0]=0x7ffbfeff, sa_flags=0x10000004


---------------  S Y S T E M  ---------------

OS: