#
# A fatal error has been detected by the Java Runtime Environment:
#
#  SIGSEGV (0xb) at pc=0x00000000000484a6, pid=5889, tid=140688122525440
#
# JRE version: 6.0_24-b07
# Java VM: Java HotSpot(TM) 64-Bit Server VM (19.1-b02 mixed mode linux-amd64 compressed oops)
# Problematic frame:
# C  0x00000000000484a6
#
# If you would like to submit a bug report, please visit:
#   http://java.sun.com/webapps/bugreport/crash.jsp
# The crash happened outside the Java Virtual Machine in native code.
# See problematic frame for where to report the bug.
#

---------------  T H R E A D  ---------------

Current thread (0x00007ff47c109000):  JavaThread "AWT-EventQueue-0" [_thread_in_native, id=5910, stack(0x00007ff481813000,0x00007ff481914000)]

siginfo:si_signo=SIGSEGV: si_errno=0, si_code=1 (SEGV_MAPERR), si_addr=0x00000000000484a6

Registers:
RAX=0x00007ff4804ae3aa, RBX=0x00000000bd725938, RCX=0x0000000000000000, RDX=0x0000000000000000
RSP=0x00007ff4819117c8, RBP=0x00007ff481911810, RSI=0x0000000000000000, RDI=0x00007ff47c07b340
R8 =0x0000000000000000, R9 =0x00007ff48a0840f0, R10=0x00007ff4854d0c7b, R11=0x00007ff489da0a90
R12=0x0000000000000000, R13=0x00000000bd725938, R14=0x00007ff4819118e0, R15=0x00007ff47c109000
RIP=0x00000000000484a6, EFL=0x0000000000010202, CSGSFS=0x0000000000000033, ERR=0x0000000000000014
  TRAPNO=0x000000000000000e

Register to memory mapping:

RAX=0x00007ff4804ae3aa

[error occurred during error reporting (printing registers, top of stack, instructions near pc), id 0xb]

Stack: [0x00007ff481813000,0x00007ff481914000],  sp=0x00007ff4819117c8,  free space=1017k
Native frames: (J=compiled Java code, j=interpreted, Vv=VM code, C=native code)
C  0x00000000000484a6
j  com.sun.opengl.impl.x11.GLX.glXMakeCurrent(JJJ)Z+0
j  com.sun.opengl.impl.x11.X11GLContext.releaseImpl()V+10
j  com.sun.opengl.impl.x11.X11OnscreenGLContext.releaseImpl()V+1
j  com.sun.opengl.impl.GLContextImpl.release()V+25
j  com.sun.opengl.impl.GLDrawableHelper.invokeGL(Ljavax/media/opengl/GLDrawable;Ljavax/media/opengl/GLContext;Ljava/lang/Runnable;Ljava/lang/Runnable;)V+462
j  javax.media.opengl.GLCanvas$DisplayOnEventDispatchThreadAction.run()V+35
j  java.awt.event.InvocationEvent.dispatch()V+11
j  java.awt.EventQueue.dispatchEventImpl(Ljava/awt/AWTEvent;Ljava/lang/Object;)V+21
j  java.awt.EventQueue.access$000(Ljava/awt/EventQueue;Ljava/awt/AWTEvent;Ljava/lang/Object;)V+3
j  java.awt.EventQueue$1.run()Ljava/lang/Void;+12
j  java.awt.EventQueue$1.run()Ljava/lang/Object;+1
v  ~StubRoutines::call_stub
V  [libjvm.so+0x41de3f]
V  [libjvm.so+0x641eb9]
V  [libjvm.so+0x41dc55]
V  [libjvm.so+0x48e3f9]
C  [libjava.so+0x10dec]  Java_java_security_AccessController_doPrivileged__Ljava_security_PrivilegedAction_2Ljava_security_AccessControlContext_2+0xc
j  java.security.AccessControlContext$1.doIntersectionPrivilege(Ljava/security/PrivilegedAction;Ljava/security/AccessControlContext;Ljava/security/AccessControlContext;)Ljava/lang/Object;+28
j  java.awt.EventQueue.dispatchEvent(Ljava/awt/AWTEvent;)V+46
j  java.awt.EventDispatchThread.pumpOneEventForFilters(I)Z+204
j  java.awt.EventDispatchThread.pumpEventsForFilter(ILjava/awt/Conditional;Ljava/awt/EventFilter;)V+30
j  java.awt.EventDispatchThread.pumpEventsForHierarchy(ILjava/awt/Conditional;Ljava/awt/Component;)V+11
j  java.awt.EventDispatchThread.pumpEvents(ILjava/awt/Conditional;)V+4
j  java.awt.EventDispatchThread.pumpEvents(Ljava/awt/Conditional;)V+3
j  java.awt.EventDispatchThread.run()V+9
v  ~StubRoutines::call_stub
V  [libjvm.so+0x41de3f]
V  [libjvm.so+0x641eb9]
V  [libjvm.so+0x41d786]
V  [libjvm.so+0x41d837]
V  [libjvm.so+0x4af140]
V  [libjvm.so+0x74c0f1]
V  [libjvm.so+0x64314f]

Java frames: (J=compiled Java code, j=interpreted, Vv=VM code)
j  com.sun.opengl.impl.x11.GLX.glXMakeCurrent(JJJ)Z+0
j  com.sun.opengl.impl.x11.X11GLContext.releaseImpl()V+10
j  com.sun.opengl.impl.x11.X11OnscreenGLContext.releaseImpl()V+1
j  com.sun.opengl.impl.GLContextImpl.release()V+25
j  com.sun.opengl.impl.GLDrawableHelper.invokeGL(Ljavax/media/opengl/GLDrawable;Ljavax/media/opengl/GLContext;Ljava/lang/Runnable;Ljava/lang/Runnable;)V+462
j  javax.media.opengl.GLCanvas$DisplayOnEventDispatchThreadAction.run()V+35
j  java.awt.event.InvocationEvent.dispatch()V+11
j  java.awt.EventQueue.dispatchEventImpl(Ljava/awt/AWTEvent;Ljava/lang/Object;)V+21
j  java.awt.EventQueue.access$000(Ljava/awt/EventQueue;Ljava/awt/AWTEvent;Ljava/lang/Object;)V+3
j  java.awt.EventQueue$1.run()Ljava/lang/Void;+12
j  java.awt.EventQueue$1.run()Ljava/lang/Object;+1
v  ~StubRoutines::call_stub
j  java.security.AccessController.doPrivileged(Ljava/security/PrivilegedAction;Ljava/security/AccessControlContext;)Ljava/lang/Object;+0
j  java.security.AccessControlContext$1.doIntersectionPrivilege(Ljava/security/PrivilegedAction;Ljava/security/AccessControlContext;Ljava/security/AccessControlContext;)Ljava/lang/Object;+28
j  java.awt.EventQueue.dispatchEvent(Ljava/awt/AWTEvent;)V+46
j  java.awt.EventDispatchThread.pumpOneEventForFilters(I)Z+204
j  java.awt.EventDispatchThread.pumpEventsForFilter(ILjava/awt/Conditional;Ljava/awt/EventFilter;)V+30
j  java.awt.EventDispatchThread.pumpEventsForHierarchy(ILjava/awt/Conditional;Ljava/awt/Component;)V+11
j  java.awt.EventDispatchThread.pumpEvents(ILjava/awt/Conditional;)V+4
j  java.awt.EventDispatchThread.pumpEvents(Ljava/awt/Conditional;)V+3
j  java.awt.EventDispatchThread.run()V+9
v  ~StubRoutines::call_stub

---------------  P R O C E S S  ---------------

Java Threads: ( => current thread )
  0x00007ff47c314000 JavaThread "DestroyJavaVM" [_thread_blocked, id=5890, stack(0x00007ff489361000,0x00007ff489462000)]
  0x00007ff47c313000 JavaThread "Thread-1" [_thread_blocked, id=5914, stack(0x00007ff4800e1000,0x00007ff4801e2000)]
=>0x00007ff47c109000 JavaThread "AWT-EventQueue-0" [_thread_in_native, id=5910, stack(0x00007ff481813000,0x00007ff481914000)]
  0x00007ff47c108000 JavaThread "AWT-Shutdown" [_thread_blocked, id=5909, stack(0x00007ff481914000,0x00007ff481a15000)]
  0x00007ff47c107000 JavaThread "AWT-XAWT" daemon [_thread_blocked, id=5908, stack(0x00007ff481a15000,0x00007ff481b16000)]
  0x00007ff47c0b1000 JavaThread "Java2D Disposer" daemon [_thread_blocked, id=5907, stack(0x00007ff482485000,0x00007ff482586000)]
  0x00007ff47c006800 JavaThread "Low Memory Detector" daemon [_thread_blocked, id=5905, stack(0x00007ff483b28000,0x00007ff483c29000)]
  0x00007ff47c004000 JavaThread "CompilerThread1" daemon [_thread_blocked, id=5904, stack(0x00007ff483c29000,0x00007ff483d2a000)]
  0x00007ff47c001000 JavaThread "CompilerThread0" daemon [_thread_blocked, id=5903, stack(0x00007ff483d2a000,0x00007ff483e2b000)]
  0x000000004098f800 JavaThread "Signal Dispatcher" daemon [_thread_blocked, id=5902, stack(0x00007ff483e2b000,0x00007ff483f2c000)]
  0x0000000040973000 JavaThread "Finalizer" daemon [_thread_blocked, id=5901, stack(0x00007ff484334000,0x00007ff484435000)]
  0x000000004096b800 JavaThread "Reference Handler" daemon [_thread_blocked, id=5900, stack(0x00007ff484435000,0x00007ff484536000)]

Other Threads:
  0x0000000040964800 VMThread [stack: 0x00007ff484536000,0x00007ff484637000] [id=5899]
  0x00007ff47c019000 WatcherThread [stack: 0x00007ff483a27000,0x00007ff483b28000] [id=5906]

VM state:not at safepoint (normal execution)

VM Mutex/Monitor currently owned by a thread: None

Heap
 PSYoungGen      total 18432K, used 10846K [0x00000000eb600000, 0x00000000eca90000, 0x0000000100000000)
  eden space 15808K, 54% used [0x00000000eb600000,0x00000000ebe66c48,0x00000000ec570000)
  from space 2624K, 85% used [0x00000000ec570000,0x00000000ec7a0db0,0x00000000ec800000)
  to   space 2624K, 0% used [0x00000000ec800000,0x00000000ec800000,0x00000000eca90000)
 PSOldGen        total 42240K, used 0K [0x00000000c2200000, 0x00000000c4b40000, 0x00000000eb600000)
  object space 42240K, 0% used [0x00000000c2200000,0x00000000c2200000,0x00000000c4b40000)
 PSPermGen       total 21248K, used 16673K [0x00000000bd000000, 0x00000000be4c0000, 0x00000000c2200000)
  object space 21248K, 78% used [0x00000000bd000000,0x00000000be048538,0x00000000be4c0000)

Dynamic libraries:
40000000-40009000 r-xp 00000000 08:05 1662394                            /usr/lib/jvm/java-6-sun-1.6.0.24/jre/bin/java
40108000-4010a000 rwxp 00008000 08:05 1662394                            /usr/lib/jvm/java-6-sun-1.6.0.24/jre/bin/java
408fe000-410ab000 rwxp 00000000 00:00 0                                  [heap]
4122c000-412a3000 rwxp 00000000 00:00 0 
41690000-41692000 r-xs 00000000 08:05 524747                             /tmp/gl7McNb6 (deleted)
bd000000-be4c0000 rwxp 00000000 00:00 0 
be4c0000-c2200000 rwxp 00000000 00:00 0 
c2200000-c4b40000 rwxp 00000000 00:00 0 
c4b40000-eb600000 rwxp 00000000 00:00 0 
eb600000-eca90000 rwxp 00000000 00:00 0 
eca90000-100000000 rwxp 00000000 00:00 0 
7ff472da2000-7ff472fa2000 rwxs 75a92000 00:05 7122                       /dev/nvidia0
7ff472fa2000-7ff4730a2000 rwxs 7f4b3000 00:05 7122                       /dev/nvidia0
7ff4730a2000-7ff4730a3000 ---p 00000000 00:00 0 
7ff4730a3000-7ff4738a3000 rwxp 00000000 00:00 0 
7ff4738a3000-7ff4778a4000 rwxs 00000000 00:10 79728                      /dev/shm/pulse-shm-1321141939
7ff4778a4000-7ff4778a5000 ---p 00000000 00:00 0 
7ff4778a5000-7ff4780a5000 rwxp 00000000 00:00 0 
7ff4780a5000-7ff4780ab000 r-xp 00000000 08:05 1573092                    /usr/lib/libogg.so.0.7.0
7ff4780ab000-7ff4782aa000 ---p 00006000 08:05 1573092                    /usr/lib/libogg.so.0.7.0
7ff4782aa000-7ff4782ab000 r-xp 00005000 08:05 1573092                    /usr/lib/libogg.so.0.7.0
7ff4782ab000-7ff4782ac000 rwxp 00006000 08:05 1573092                    /usr/lib/libogg.so.0.7.0
7ff4782ac000-7ff4782d7000 r-xp 00000000 08:05 1582648                    /usr/lib/libvorbis.so.0.4.5
7ff4782d7000-7ff4784d6000 ---p 0002b000 08:05 1582648                    /usr/lib/libvorbis.so.0.4.5
7ff4784d6000-7ff4784d7000 r-xp 0002a000 08:05 1582648                    /usr/lib/libvorbis.so.0.4.5
7ff4784d7000-7ff4784d8000 rwxp 0002b000 08:05 1582648                    /usr/lib/libvorbis.so.0.4.5
7ff4784d8000-7ff47878b000 r-xp 00000000 08:05 1573212                    /usr/lib/libvorbisenc.so.2.0.8
7ff47878b000-7ff47898a000 ---p 002b3000 08:05 1573212                    /usr/lib/libvorbisenc.so.2.0.8
7ff47898a000-7ff4789a6000 r-xp 002b2000 08:05 1573212                    /usr/lib/libvorbisenc.so.2.0.8
7ff4789a6000-7ff4789a7000 rwxp 002ce000 08:05 1573212                    /usr/lib/libvorbisenc.so.2.0.8
7ff4789a7000-7ff4789ef000 r-xp 00000000 08:05 1570101                    /usr/lib/libFLAC.so.8.2.0
7ff4789ef000-7ff478bef000 ---p 00048000 08:05 1570101                    /usr/lib/libFLAC.so.8.2.0
7ff478bef000-7ff478bf0000 r-xp 00048000 08:05 1570101                    /usr/lib/libFLAC.so.8.2.0
7ff478bf0000-7ff478bf1000 rwxp 00049000 08:05 1570101                    /usr/lib/libFLAC.so.8.2.0
7ff478bf1000-7ff478c52000 r-xp 00000000 08:05 1570821                    /usr/lib/libsndfile.so.1.0.23
7ff478c52000-7ff478e52000 ---p 00061000 08:05 1570821                    /usr/lib/libsndfile.so.1.0.23
7ff478e52000-7ff478e54000 r-xp 00061000 08:05 1570821                    /usr/lib/libsndfile.so.1.0.23
7ff478e54000-7ff478e55000 rwxp 00063000 08:05 1570821                    /usr/lib/libsndfile.so.1.0.23
7ff478e55000-7ff478e59000 rwxp 00000000 00:00 0 
7ff478e59000-7ff478e61000 r-xp 00000000 08:05 538930                     /lib/libwrap.so.0.7.6
7ff478e61000-7ff479061000 ---p 00008000 08:05 538930                     /lib/libwrap.so.0.7.6
7ff479061000-7ff479062000 r-xp 00008000 08:05 538930                     /lib/libwrap.so.0.7.6
7ff479062000-7ff479063000 rwxp 00009000 08:05 538930                     /lib/libwrap.so.0.7.6
7ff479063000-7ff479064000 rwxp 00000000 00:00 0 
7ff479064000-7ff479068000 r-xp 00000000 08:05 534738                     /lib/x86_64-linux-gnu/libuuid.so.1.3.0
7ff479068000-7ff479267000 ---p 00004000 08:05 534738                     /lib/x86_64-linux-gnu/libuuid.so.1.3.0
7ff479267000-7ff479268000 r-xp 00003000 08:05 534738                     /lib/x86_64-linux-gnu/libuuid.so.1.3.0
7ff479268000-7ff479269000 rwxp 00004000 08:05 534738                     /lib/x86_64-linux-gnu/libuuid.so.1.3.0
7ff479269000-7ff4792ab000 r-xp 00000000 08:05 525819                     /lib/x86_64-linux-gnu/libdbus-1.so.3.5.4
7ff4792ab000-7ff4794ab000 ---p 00042000 08:05 525819                     /lib/x86_64-linux-gnu/libdbus-1.so.3.5.4
7ff4794ab000-7ff4794ac000 r-xp 00042000 08:05 525819                     /lib/x86_64-linux-gnu/libdbus-1.so.3.5.4
7ff4794ac000-7ff4794ad000 rwxp 00043000 08:05 525819                     /lib/x86_64-linux-gnu/libdbus-1.so.3.5.4
7ff4794ad000-7ff4794f8000 r-xp 00000000 08:05 1580900                    /usr/lib/libpulsecommon-0.9.22.so
7ff4794f8000-7ff4796f7000 ---p 0004b000 08:05 1580900                    /usr/lib/libpulsecommon-0.9.22.so
7ff4796f7000-7ff4796f8000 r-xp 0004a000 08:05 1580900                    /usr/lib/libpulsecommon-0.9.22.so
7ff4796f8000-7ff4796f9000 rwxp 0004b000 08:05 1580900                    /usr/lib/libpulsecommon-0.9.22.so
7ff4796f9000-7ff4796fc000 r-xp 00000000 08:05 1573582                    /usr/lib/libxcb-atom.so.1.0.0
7ff4796fc000-7ff4798fc000 ---p 00003000 08:05 1573582                    /usr/lib/libxcb-atom.so.1.0.0
7ff4798fc000-7ff4798fd000 r-xp 00003000 08:05 1573582                    /usr/lib/libxcb-atom.so.1.0.0
7ff4798fd000-7ff4798fe000 rwxp 00004000 08:05 1573582                    /usr/lib/libxcb-atom.so.1.0.0
7ff4798fe000-7ff479905000 r-xp 00000000 08:05 1578963                    /usr/lib/x86_64-linux-gnu/libSM.so.6.0.1
7ff479905000-7ff479b04000 ---p 00007000 08:05 1578963                    /usr/lib/x86_64-linux-gnu/libSM.so.6.0.1
7ff479b04000-7ff479b05000 r-xp 00006000 08:05 1578963                    /usr/lib/x86_64-linux-gnu/libSM.so.6.0.1
7ff479b05000-7ff479b06000 rwxp 00007000 08:05 1578963                    /usr/lib/x86_64-linux-gnu/libSM.so.6.0.1
7ff479b06000-7ff479b1c000 r-xp 00000000 08:05 1571606                    /usr/lib/x86_64-linux-gnu/libICE.so.6.3.0
7ff479b1c000-7ff479d1c000 ---p 00016000 08:05 1571606                    /usr/lib/x86_64-linux-gnu/libICE.so.6.3.0
7ff479d1c000-7ff479d1d000 r-xp 00016000 08:05 1571606                    /usr/lib/x86_64-linux-gnu/libICE.so.6.3.0
7ff479d1d000-7ff479d1e000 rwxp 00017000 08:05 1571606                    /usr/lib/x86_64-linux-gnu/libICE.so.6.3.0
7ff479d1e000-7ff479d21000 rwxp 00000000 00:00 0 
7ff479d21000-7ff479d22000 r-xp 00000000 08:05 1570508                    /usr/lib/x86_64-linux-gnu/libX11-xcb.so.1.0.0
7ff479d22000-7ff479f21000 ---p 00001000 08:05 1570508                    /usr/lib/x86_64-linux-gnu/libX11-xcb.so.1.0.0
7ff479f21000-7ff479f22000 r-xp 00000000 08:05 1570508                    /usr/lib/x86_64-linux-gnu/libX11-xcb.so.1.0.0
7ff479f22000-7ff479f23000 rwxp 00001000 08:05 1570508                    /usr/lib/x86_64-linux-gnu/libX11-xcb.so.1.0.0
7ff479f23000-7ff479f63000 r-xp 00000000 08:05 1573921                    /usr/lib/libpulse.so.0.12.3
7ff479f63000-7ff47a162000 ---p 00040000 08:05 1573921                    /usr/lib/libpulse.so.0.12.3
7ff47a162000-7ff47a163000 r-xp 0003f000 08:05 1573921                    /usr/lib/libpulse.so.0.12.3
7ff47a163000-7ff47a164000 rwxp 00040000 08:05 1573921                    /usr/lib/libpulse.so.0.12.3
7ff47a164000-7ff47a1b0000 r-xp 00000000 08:05 524710                     /tmp/libgdx/2370704169/libopenal64.so
7ff47a1b0000-7ff47a3af000 ---p 0004c000 08:05 524710                     /tmp/libgdx/2370704169/libopenal64.so
7ff47a3af000-7ff47a3b1000 r-xp 0004b000 08:05 524710                     /tmp/libgdx/2370704169/libopenal64.so
7ff47a3b1000-7ff47a3b2000 rwxp 0004d000 08:05 524710                     /tmp/libgdx/2370704169/libopenal64.so
7ff47a3b2000-7ff47a3b3000 rwxp 00000000 00:00 0 
7ff47a3b3000-7ff47b801000 r-xp 00000000 08:05 723                        /usr/lib/nvidia-current/libnvidia-glcore.so.270.41.19
7ff47b801000-7ff47ba01000 ---p 0144e000 08:05 723                        /usr/lib/nvidia-current/libnvidia-glcore.so.270.41.19
7ff47ba01000-7ff47bfe9000 rwxp 0144e000 08:05 723                        /usr/lib/nvidia-current/libnvidia-glcore.so.270.41.19
7ff47bfe9000-7ff47c000000 rwxp 00000000 00:00 0 
7ff47c000000-7ff47daad000 rwxp 00000000 00:00 0 
7ff47daad000-7ff480000000 ---p 00000000 00:00 0 
7ff480061000-7ff4800e1000 rwxs 605c9000 00:05 7122                       /dev/nvidia0
7ff4800e1000-7ff4800e4000 ---p 00000000 00:00 0 
7ff4800e4000-7ff4801e2000 rwxp 00000000 00:00 0 
7ff4801e2000-7ff48025b000 r-xp 00000000 08:05 524745                     /tmp/libgdx/2370704169/liblwjgl64.so
7ff48025b000-7ff48045b000 ---p 00079000 08:05 524745                     /tmp/libgdx/2370704169/liblwjgl64.so
7ff48045b000-7ff48045d000 r-xp 00079000 08:05 524745                     /tmp/libgdx/2370704169/liblwjgl64.so
7ff48045d000-7ff48045e000 rwxp 0007b000 08:05 524745                     /tmp/libgdx/2370704169/liblwjgl64.so
7ff48045e000-7ff48054d000 r-xp 00000000 08:05 524709                     /tmp/libgdx/2370704169/libjogl-linux64.so
7ff48054d000-7ff48064d000 ---p 000ef000 08:05 524709                     /tmp/libgdx/2370704169/libjogl-linux64.so
7ff48064d000-7ff48064e000 rwxp 000ef000 08:05 524709                     /tmp/libgdx/2370704169/libjogl-linux64.so
7ff48064e000-7ff48064f000 r-xp 00000000 08:05 716                        /usr/lib/nvidia-current/tls/libnvidia-tls.so.270.41.19
7ff48064f000-7ff48084f000 ---p 00001000 08:05 716                        /usr/lib/nvidia-current/tls/libnvidia-tls.so.270.41.19
7ff48084f000-7ff480850000 rwxp 00001000 08:05 716                        /usr/lib/nvidia-current/tls/libnvidia-tls.so.270.41.19
7ff480850000-7ff480851000 r-xp 00000000 08:05 1734853                    /usr/lib/jvm/java-6-sun-1.6.0.24/jre/lib/amd64/libjawt.so
7ff480851000-7ff480950000 ---p 00001000 08:05 1734853                    /usr/lib/jvm/java-6-sun-1.6.0.24/jre/lib/amd64/libjawt.so
7ff480950000-7ff480951000 rwxp 00000000 08:05 1734853                    /usr/lib/jvm/java-6-sun-1.6.0.24/jre/lib/amd64/libjawt.so
7ff480951000-7ff480956000 r-xp 00000000 08:05 1581972                    /usr/lib/x86_64-linux-gnu/libXxf86vm.so.1.0.0
7ff480956000-7ff480b55000 ---p 00005000 08:05 1581972                    /usr/lib/x86_64-linux-gnu/libXxf86vm.so.1.0.0
7ff480b55000-7ff480b56000 r-xp 00004000 08:05 1581972                    /usr/lib/x86_64-linux-gnu/libXxf86vm.so.1.0.0
7ff480b56000-7ff480b57000 rwxp 00005000 08:05 1581972                    /usr/lib/x86_64-linux-gnu/libXxf86vm.so.1.0.0
7ff480b57000-7ff480c14000 r-xp 00000000 08:05 928                        /usr/lib/nvidia-current/libGL.so.270.41.19
7ff480c14000-7ff480e14000 ---p 000bd000 08:05 928                        /usr/lib/nvidia-current/libGL.so.270.41.19
7ff480e14000-7ff480e4d000 rwxp 000bd000 08:05 928                        /usr/lib/nvidia-current/libGL.so.270.41.19
7ff480e4d000-7ff480e63000 rwxp 00000000 00:00 0 
7ff480e63000-7ff480e65000 r-xp 00000000 08:05 524696                     /tmp/libgdx/2370704169/libjogl_awt-linux64.so
7ff480e65000-7ff480f64000 ---p 00002000 08:05 524696                     /tmp/libgdx/2370704169/libjogl_awt-linux64.so
7ff480f64000-7ff480f65000 rwxp 00001000 08:05 524696                     /tmp/libgdx/2370704169/libjogl_awt-linux64.so
7ff480f65000-7ff480f66000 r-xp 00000000 08:05 524693                     /tmp/libgdx/2370704169/libgluegen-rt-linux64.so
7ff480f66000-7ff481065000 ---p 00001000 08:05 524693                     /tmp/libgdx/2370704169/libgluegen-rt-linux64.so
7ff481065000-7ff481066000 rwxp 00000000 08:05 524693                     /tmp/libgdx/2370704169/libgluegen-rt-linux64.so
7ff481066000-7ff48107b000 r-xp 00000000 08:05 528127                     /lib/x86_64-linux-gnu/libgcc_s.so.1
7ff48107b000-7ff48127a000 ---p 00015000 08:05 528127                     /lib/x86_64-linux-gnu/libgcc_s.so.1
7ff48127a000-7ff48127b000 r-xp 00014000 08:05 528127                     /lib/x86_64-linux-gnu/libgcc_s.so.1
7ff48127b000-7ff48127c000 rwxp 00015000 08:05 528127                     /lib/x86_64-linux-gnu/libgcc_s.so.1
7ff48127c000-7ff481364000 r-xp 00000000 08:05 1571250                    /usr/lib/x86_64-linux-gnu/libstdc++.so.6.0.14
7ff481364000-7ff481563000 ---p 000e8000 08:05 1571250                    /usr/lib/x86_64-linux-gnu/libstdc++.so.6.0.14
7ff481563000-7ff48156b000 r-xp 000e7000 08:05 1571250                    /usr/lib/x86_64-linux-gnu/libstdc++.so.6.0.14
7ff48156b000-7ff48156d000 rwxp 000ef000 08:05 1571250                    /usr/lib/x86_64-linux-gnu/libstdc++.so.6.0.14
7ff48156d000-7ff481582000 rwxp 00000000 00:00 0 
7ff481582000-7ff48160e000 r-xp 00000000 08:05 524682                     /tmp/libgdx/2370704169/libgdx-64.so
7ff48160e000-7ff48180e000 ---p 0008c000 08:05 524682                     /tmp/libgdx/2370704169/libgdx-64.so
7ff48180e000-7ff48180f000 r-xp 0008c000 08:05 524682                     /tmp/libgdx/2370704169/libgdx-64.so
7ff48180f000-7ff481810000 rwxp 0008d000 08:05 524682                     /tmp/libgdx/2370704169/libgdx-64.so
7ff481810000-7ff481813000 rwxp 00000000 00:00 0 
7ff481813000-7ff481816000 ---p 00000000 00:00 0 
7ff481816000-7ff481914000 rwxp 00000000 00:00 0 
7ff481914000-7ff481917000 ---p 00000000 00:00 0 
7ff481917000-7ff481a15000 rwxp 00000000 00:00 0 
7ff481a15000-7ff481a18000 ---p 00000000 00:00 0 
7ff481a18000-7ff481b16000 rwxp 00000000 00:00 0 
7ff481b16000-7ff481b17000 r-xs 00000000 08:05 532633                     /var/cache/fontconfig/26de28bc8622bbc1fb67fd234c21975f-le64.cache-3
7ff481b17000-7ff481b18000 r-xs 00000000 08:05 554485                     /var/cache/fontconfig/c05880de57d1f5e948fdfacc138775d9-le64.cache-3
7ff481b18000-7ff481b21000 r-xs 00000000 08:05 527845                     /var/cache/fontconfig/945677eb7aeaf62f1d50efc3fb3ec7d8-le64.cache-3
7ff481b21000-7ff481b23000 r-xs 00000000 08:05 554480                     /var/cache/fontconfig/99e8ed0e538f840c565b6ed5dad60d56-le64.cache-3
7ff481b23000-7ff481b26000 r-xs 00000000 08:05 554411                     /var/cache/fontconfig/f24b2111ab8703b4e963115a8cf14259-le64.cache-3
7ff481b26000-7ff481b29000 r-xs 00000000 08:05 554479                     /var/cache/fontconfig/e383d7ea5fbe662a33d9b44caf393297-le64.cache-3
7ff481b29000-7ff481b2c000 r-xs 00000000 08:05 554477                     /var/cache/fontconfig/2cd17615ca594fa2959ae173292e504c-le64.cache-3
7ff481b2c000-7ff481b2d000 r-xs 00000000 08:05 554471                     /var/cache/fontconfig/e7071f4a29fa870f4323321c154eba04-le64.cache-3
7ff481b2d000-7ff481b36000 r-xs 00000000 08:05 554448                     /var/cache/fontconfig/6d41288fd70b0be22e8c3a91e032eec0-le64.cache-3
7ff481b36000-7ff481b46000 r-xs 00000000 08:05 554447                     /var/cache/fontconfig/0f34bcd4b6ee430af32735b75db7f02b-le64.cache-3
7ff481b46000-7ff481b74000 r-xs 00000000 08:05 554435                     /var/cache/fontconfig/365b55f210c0a22e9a19e35191240f32-le64.cache-3
7ff481bc8000-7ff481bd0000 r-xs 0003d000 08:05 1311180                    /home/bompo/git/mgcube/libs/scoreloop-core.jar
7ff481bd0000-7ff481bd4000 rwxs bfed8000 00:05 7122                       /dev/nvidia0
7ff481bd4000-7ff481c14000 rwxs bcc6a000 00:05 7122                       /dev/nvidia0
7ff481c34000-7ff481c39000 r-xp 00000000 08:05 1570859                    /usr/lib/x86_64-linux-gnu/libXfixes.so.3.1.0
7ff481c39000-7ff481e38000 ---p 00005000 08:05 1570859                    /usr/lib/x86_64-linux-gnu/libXfixes.so.3.1.0
7ff481e38000-7ff481e39000 r-xp 00004000 08:05 1570859                    /usr/lib/x86_64-linux-gnu/libXfixes.so.3.1.0
7ff481e39000-7ff481e3a000 rwxp 00005000 08:05 1570859                    /usr/lib/x86_64-linux-gnu/libXfixes.so.3.1.0
7ff481e3a000-7ff481e43000 r-xp 00000000 08:05 1573929                    /usr/lib/x86_64-linux-gnu/libXcursor.so.1.0.2
7ff481e43000-7ff482042000 ---p 00009000 08:05 1573929                    /usr/lib/x86_64-linux-gnu/libXcursor.so.1.0.2
7ff482042000-7ff482043000 r-xp 00008000 08:05 1573929                    /usr/lib/x86_64-linux-gnu/libXcursor.so.1.0.2
7ff482043000-7ff482044000 rwxp 00009000 08:05 1573929                    /usr/lib/x86_64-linux-gnu/libXcursor.so.1.0.2
7ff482044000-7ff48204d000 r-xp 00000000 08:05 1570620                    /usr/lib/x86_64-linux-gnu/libXrender.so.1.3.0
7ff48204d000-7ff48224d000 ---p 00009000 08:05 1570620                    /usr/lib/x86_64-linux-gnu/libXrender.so.1.3.0
7ff48224d000-7ff48224e000 r-xp 00009000 08:05 1570620                    /usr/lib/x86_64-linux-gnu/libXrender.so.1.3.0
7ff48224e000-7ff48224f000 rwxp 0000a000 08:05 1570620                    /usr/lib/x86_64-linux-gnu/libXrender.so.1.3.0
7ff48224f000-7ff482257000 r-xp 00000000 08:05 1581969                    /usr/lib/x86_64-linux-gnu/libXrandr.so.2.2.0
7ff482257000-7ff482456000 ---p 00008000 08:05 1581969                    /usr/lib/x86_64-linux-gnu/libXrandr.so.2.2.0
7ff482456000-7ff482457000 r-xp 00007000 08:05 1581969                    /usr/lib/x86_64-linux-gnu/libXrandr.so.2.2.0
7ff482457000-7ff482458000 rwxp 00008000 08:05 1581969                    /usr/lib/x86_64-linux-gnu/libXrandr.so.2.2.0
7ff482459000-7ff48245b000 rwxs 00000000 08:05 524747                     /tmp/gl7McNb6 (deleted)
7ff48245b000-7ff48245f000 rwxs bcc4f000 00:05 7122                       /dev/nvidia0
7ff48245f000-7ff482460000 rwxs d0008000 00:05 7122                       /dev/nvidia0
7ff482460000-7ff482461000 rwxs ba1d8000 00:05 7122                       /dev/nvidia0
7ff482461000-7ff482465000 rwxs 7f5f4000 00:05 7122                       /dev/nvidia0
7ff482465000-7ff482466000 rwxs fbc0a000 00:05 7122                       /dev/nvidia0
7ff482466000-7ff482467000 rwxs fb641000 00:05 7122                       /dev/nvidia0
7ff482467000-7ff482468000 rwxs 127f98000 00:05 7122                      /dev/nvidia0
7ff482468000-7ff482469000 rwxs 7f691000 00:05 7122                       /dev/nvidia0
7ff482469000-7ff48246a000 rwxs fb060000 00:05 7122                       /dev/nvidia0
7ff48246a000-7ff482485000 rwxs 12e0c0000 00:05 7122                      /dev/nvidia0
7ff482485000-7ff482488000 ---p 00000000 00:00 0 
7ff482488000-7ff482586000 rwxp 00000000 00:00 0 
7ff482586000-7ff4825ff000 r-xp 00000000 08:05 1734841                    /usr/lib/jvm/java-6-sun-1.6.0.24/jre/lib/amd64/libfontmanager.so
7ff4825ff000-7ff4826fe000 ---p 00079000 08:05 1734841                    /usr/lib/jvm/java-6-sun-1.6.0.24/jre/lib/amd64/libfontmanager.so
7ff4826fe000-7ff482713000 rwxp 00078000 08:05 1734841                    /usr/lib/jvm/java-6-sun-1.6.0.24/jre/lib/amd64/libfontmanager.so
7ff482713000-7ff482724000 rwxp 00000000 00:00 0 
7ff482724000-7ff482729000 r-xp 00000000 08:05 1573561                    /usr/lib/x86_64-linux-gnu/libXdmcp.so.6.0.0
7ff482729000-7ff482928000 ---p 00005000 08:05 1573561                    /usr/lib/x86_64-linux-gnu/libXdmcp.so.6.0.0
7ff482928000-7ff482929000 r-xp 00004000 08:05 1573561                    /usr/lib/x86_64-linux-gnu/libXdmcp.so.6.0.0
7ff482929000-7ff48292a000 rwxp 00005000 08:05 1573561                    /usr/lib/x86_64-linux-gnu/libXdmcp.so.6.0.0
7ff48292a000-7ff48292c000 r-xp 00000000 08:05 1570542                    /usr/lib/x86_64-linux-gnu/libXau.so.6.0.0
7ff48292c000-7ff482b2b000 ---p 00002000 08:05 1570542                    /usr/lib/x86_64-linux-gnu/libXau.so.6.0.0
7ff482b2b000-7ff482b2c000 r-xp 00001000 08:05 1570542                    /usr/lib/x86_64-linux-gnu/libXau.so.6.0.0
7ff482b2c000-7ff482b2d000 rwxp 00002000 08:05 1570542                    /usr/lib/x86_64-linux-gnu/libXau.so.6.0.0
7ff482b2d000-7ff482b48000 r-xp 00000000 08:05 1572615                    /usr/lib/x86_64-linux-gnu/libxcb.so.1.1.0
7ff482b48000-7ff482d47000 ---p 0001b000 08:05 1572615                    /usr/lib/x86_64-linux-gnu/libxcb.so.1.1.0
7ff482d47000-7ff482d48000 r-xp 0001a000 08:05 1572615                    /usr/lib/x86_64-linux-gnu/libxcb.so.1.1.0
7ff482d48000-7ff482d49000 rwxp 0001b000 08:05 1572615                    /usr/lib/x86_64-linux-gnu/libxcb.so.1.1.0
7ff482d49000-7ff482d58000 r-xp 00000000 08:05 1613065                    /usr/lib/x86_64-linux-gnu/libXi.so.6.1.0
7ff482d58000-7ff482f57000 ---p 0000f000 08:05 1613065                    /usr/lib/x86_64-linux-gnu/libXi.so.6.1.0
7ff482f57000-7ff482f58000 r-xp 0000e000 08:05 1613065                    /usr/lib/x86_64-linux-gnu/libXi.so.6.1.0
7ff482f58000-7ff482f59000 rwxp 0000f000 08:05 1613065                    /usr/lib/x86_64-linux-gnu/libXi.so.6.1.0
7ff482f59000-7ff482f5e000 r-xp 00000000 08:05 1572606                    /usr/lib/libXtst.so.6.1.0
7ff482f5e000-7ff48315d000 ---p 00005000 08:05 1572606                    /usr/lib/libXtst.so.6.1.0
7ff48315d000-7ff48315e000 r-xp 00004000 08:05 1572606                    /usr/lib/libXtst.so.6.1.0
7ff48315e000-7ff48315f000 rwxp 00005000 08:05 1572606                    /usr/lib/libXtst.so.6.1.0
7ff48315f000-7ff483294000 r-xp 00000000 08:05 1573591                    /usr/lib/x86_64-linux-gnu/libX11.so.6.3.0
7ff483294000-7ff483494000 ---p 00135000 08:05 1573591                    /usr/lib/x86_64-linux-gnu/libX11.so.6.3.0
7ff483494000-7ff483495000 r-xp 00135000 08:05 1573591                    /usr/lib/x86_64-linux-gnu/libX11.so.6.3.0
7ff483495000-7ff483499000 rwxp 00136000 08:05 1573591                    /usr/lib/x86_64-linux-gnu/libX11.so.6.3.0
7ff483499000-7ff4834aa000 r-xp 00000000 08:05 1571673                    /usr/lib/x86_64-linux-gnu/libXext.so.6.4.0
7ff4834aa000-7ff4836a9000 ---p 00011000 08:05 1571673                    /usr/lib/x86_64-linux-gnu/libXext.so.6.4.0
7ff4836a9000-7ff4836aa000 r-xp 00010000 08:05 1571673                    /usr/lib/x86_64-linux-gnu/libXext.so.6.4.0
7ff4836aa000-7ff4836ab000 rwxp 00011000 08:05 1571673                    /usr/lib/x86_64-linux-gnu/libXext.so.6.4.0
7ff4836ab000-7ff4836af000 r-xs 00000000 08:05 554470                     /var/cache/fontconfig/6eb3985aa4124903f6ff08ba781cd364-le64.cache-3
7ff4836af000-7ff4836b4000 r-xs 00000000 08:05 554453                     /var/cache/fontconfig/062808c12e6e608270f93bb230aed730-le64.cache-3
7ff4836b4000-7ff4836ba000 r-xs 00000000 08:05 554429                     /var/cache/fontconfig/a755afe4a08bf5b97852ceb7400b47bc-le64.cache-3
7ff4836ba000-7ff4836c4000 r-xs 00000000 08:05 554433                     /var/cache/fontconfig/d52a8644073d54c13679302ca1180695-le64.cache-3
7ff4836c4000-7ff4836c5000 r-xs 00000000 08:05 554418                     /var/cache/fontconfig/ec648e9a1aea82bddd4bd6050028158d-le64.cache-3
7ff4836c5000-7ff4836d8000 r-xs 00000000 08:05 538224                     /var/cache/fontconfig/e13b20fdb08344e0e664864cc2ede53d-le64.cache-3
7ff4836d8000-7ff48371a000 r-xp 00000000 08:05 1734831                    /usr/lib/jvm/java-6-sun-1.6.0.24/jre/lib/amd64/xawt/libmawt.so
7ff48371a000-7ff483819000 ---p 00042000 08:05 1734831                    /usr/lib/jvm/java-6-sun-1.6.0.24/jre/lib/amd64/xawt/libmawt.so
7ff483819000-7ff483825000 rwxp 00041000 08:05 1734831                    /usr/lib/jvm/java-6-sun-1.6.0.24/jre/lib/amd64/xawt/libmawt.so
7ff483825000-7ff483826000 rwxp 00000000 00:00 0 
7ff483826000-7ff4838b8000 r-xp 00000000 08:05 1734852                    /usr/lib/jvm/java-6-sun-1.6.0.24/jre/lib/amd64/libawt.so
7ff4838b8000-7ff4839b7000 ---p 00092000 08:05 1734852                    /usr/lib/jvm/java-6-sun-1.6.0.24/jre/lib/amd64/libawt.so
7ff4839b7000-7ff4839d0000 rwxp 00091000 08:05 1734852                    /usr/lib/jvm/java-6-sun-1.6.0.24/jre/lib/amd64/libawt.so
7ff4839d0000-7ff4839f5000 rwxp 00000000 00:00 0 
7ff4839f5000-7ff483a00000 r-xs 00092000 08:05 1330406                    /home/bompo/git/mgcube/libs/gdx.jar
7ff483a00000-7ff483a07000 r-xs 00074000 08:05 1330357                    /home/bompo/git/mgcube/libs/gdx-sources.jar
7ff483a07000-7ff483a08000 r-xs 001a1000 08:05 1339854                    /home/bompo/git/mgcube/libs/gdx-natives.jar
7ff483a08000-7ff483a22000 r-xs 00206000 08:05 1339556                    /home/bompo/git/mgcube/libs/gdx-backend-jogl.jar
7ff483a22000-7ff483a23000 r-xs 00007000 08:05 1330241                    /home/bompo/git/mgcube/libs/gdx-backend-jogl-sources.jar
7ff483a23000-7ff483a24000 r-xs 00203000 08:05 1339177                    /home/bompo/git/mgcube/libs/gdx-backend-jogl-natives.jar
7ff483a24000-7ff483a27000 r-xs 0000f000 08:05 1622792                    /usr/lib/jvm/java-6-sun-1.6.0.24/jre/lib/ext/pulse-java.jar
7ff483a27000-7ff483a28000 ---p 00000000 00:00 0 
7ff483a28000-7ff483b28000 rwxp 00000000 00:00 0 
7ff483b28000-7ff483b2b000 ---p 00000000 00:00 0 
7ff483b2b000-7ff483c29000 rwxp 00000000 00:00 0 
7ff483c29000-7ff483c2c000 ---p 00000000 00:00 0 
7ff483c2c000-7ff483d2a000 rwxp 00000000 00:00 0 
7ff483d2a000-7ff483d2d000 ---p 00000000 00:00 0 
7ff483d2d000-7ff483e2b000 rwxp 00000000 00:00 0 
7ff483e2b000-7ff483e2e000 ---p 00000000 00:00 0 
7ff483e2e000-7ff483f2c000 rwxp 00000000 00:00 0 
7ff483f2c000-7ff484334000 r-xp 00000000 08:05 1570348                    /usr/lib/locale/locale-archive
7ff484334000-7ff484337000 ---p 00000000 00:00 0 
7ff484337000-7ff484435000 rwxp 00000000 00:00 0 
7ff484435000-7ff484438000 ---p 00000000 00:00 0 
7ff484438000-7ff484536000 rwxp 00000000 00:00 0 
7ff484536000-7ff484537000 ---p 00000000 00:00 0 
7ff484537000-7ff484b70000 rwxp 00000000 00:00 0 
7ff484b70000-7ff484d08000 r-xs 03027000 08:05 1662454                    /usr/lib/jvm/java-6-sun-1.6.0.24/jre/lib/rt.jar
7ff484d08000-7ff484d30000 rwxp 00000000 00:00 0 
7ff484d30000-7ff484d31000 ---p 00000000 00:00 0 
7ff484d31000-7ff484e31000 rwxp 00000000 00:00 0 
7ff484e31000-7ff484e32000 ---p 00000000 00:00 0 
7ff484e32000-7ff484f32000 rwxp 00000000 00:00 0 
7ff484f32000-7ff484f33000 ---p 00000000 00:00 0 
7ff484f33000-7ff485033000 rwxp 00000000 00:00 0 
7ff485033000-7ff485034000 ---p 00000000 00:00 0 
7ff485034000-7ff48513f000 rwxp 00000000 00:00 0 
7ff48513f000-7ff48515d000 rwxp 00000000 00:00 0 
7ff48515d000-7ff485172000 rwxp 00000000 00:00 0 
7ff485172000-7ff4852a7000 rwxp 00000000 00:00 0 
7ff4852a7000-7ff4852b2000 rwxp 00000000 00:00 0 
7ff4852b2000-7ff4852d0000 rwxp 00000000 00:00 0 
7ff4852d0000-7ff4852e5000 rwxp 00000000 00:00 0 
7ff4852e5000-7ff48541a000 rwxp 00000000 00:00 0 
7ff48541a000-7ff485425000 rwxp 00000000 00:00 0 
7ff485425000-7ff4854bf000 rwxp 00000000 00:00 0 
7ff4854bf000-7ff485730000 rwxp 00000000 00:00 0 
7ff485730000-7ff4884c0000 rwxp 00000000 00:00 0 
7ff4884c0000-7ff4884ce000 r-xp 00000000 08:05 1734847                    /usr/lib/jvm/java-6-sun-1.6.0.24/jre/lib/amd64/libzip.so
7ff4884ce000-7ff4885d0000 ---p 0000e000 08:05 1734847                    /usr/lib/jvm/java-6-sun-1.6.0.24/jre/lib/amd64/libzip.so
7ff4885d0000-7ff4885d3000 rwxp 00010000 08:05 1734847                    /usr/lib/jvm/java-6-sun-1.6.0.24/jre/lib/amd64/libzip.so
7ff4885d3000-7ff4885d4000 rwxp 00000000 00:00 0 
7ff4885d4000-7ff4885e0000 r-xp 00000000 08:05 535712                     /lib/x86_64-linux-gnu/libnss_files-2.13.so
7ff4885e0000-7ff4887df000 ---p 0000c000 08:05 535712                     /lib/x86_64-linux-gnu/libnss_files-2.13.so
7ff4887df000-7ff4887e0000 r-xp 0000b000 08:05 535712                     /lib/x86_64-linux-gnu/libnss_files-2.13.so
7ff4887e0000-7ff4887e1000 rwxp 0000c000 08:05 535712                     /lib/x86_64-linux-gnu/libnss_files-2.13.so
7ff4887e1000-7ff4887ec000 r-xp 00000000 08:05 535714                     /lib/x86_64-linux-gnu/libnss_nis-2.13.so
7ff4887ec000-7ff4889eb000 ---p 0000b000 08:05 535714                     /lib/x86_64-linux-gnu/libnss_nis-2.13.so
7ff4889eb000-7ff4889ec000 r-xp 0000a000 08:05 535714                     /lib/x86_64-linux-gnu/libnss_nis-2.13.so
7ff4889ec000-7ff4889ed000 rwxp 0000b000 08:05 535714                     /lib/x86_64-linux-gnu/libnss_nis-2.13.so
7ff4889ed000-7ff4889f5000 r-xp 00000000 08:05 535710                     /lib/x86_64-linux-gnu/libnss_compat-2.13.so
7ff4889f5000-7ff488bf4000 ---p 00008000 08:05 535710                     /lib/x86_64-linux-gnu/libnss_compat-2.13.so
7ff488bf4000-7ff488bf5000 r-xp 00007000 08:05 535710                     /lib/x86_64-linux-gnu/libnss_compat-2.13.so
7ff488bf5000-7ff488bf6000 rwxp 00008000 08:05 535710                     /lib/x86_64-linux-gnu/libnss_compat-2.13.so
7ff488bf6000-7ff488bfd000 r-xp 00000000 08:05 1734857                    /usr/lib/jvm/java-6-sun-1.6.0.24/jre/lib/amd64/native_threads/libhpi.so
7ff488bfd000-7ff488cfe000 ---p 00007000 08:05 1734857                    /usr/lib/jvm/java-6-sun-1.6.0.24/jre/lib/amd64/native_threads/libhpi.so
7ff488cfe000-7ff488d00000 rwxp 00008000 08:05 1734857                    /usr/lib/jvm/java-6-sun-1.6.0.24/jre/lib/amd64/native_threads/libhpi.so
7ff488d00000-7ff488d01000 rwxp 00000000 00:00 0 
7ff488d01000-7ff488d18000 r-xp 00000000 08:05 535709                     /lib/x86_64-linux-gnu/libnsl-2.13.so
7ff488d18000-7ff488f17000 ---p 00017000 08:05 535709                     /lib/x86_64-linux-gnu/libnsl-2.13.so
7ff488f17000-7ff488f18000 r-xp 00016000 08:05 535709                     /lib/x86_64-linux-gnu/libnsl-2.13.so
7ff488f18000-7ff488f19000 rwxp 00017000 08:05 535709                     /lib/x86_64-linux-gnu/libnsl-2.13.so
7ff488f19000-7ff488f1b000 rwxp 00000000 00:00 0 
7ff488f1b000-7ff488f44000 r-xp 00000000 08:05 1734846                    /usr/lib/jvm/java-6-sun-1.6.0.24/jre/lib/amd64/libjava.so
7ff488f44000-7ff489043000 ---p 00029000 08:05 1734846                    /usr/lib/jvm/java-6-sun-1.6.0.24/jre/lib/amd64/libjava.so
7ff489043000-7ff48904a000 rwxp 00028000 08:05 1734846                    /usr/lib/jvm/java-6-sun-1.6.0.24/jre/lib/amd64/libjava.so
7ff48904a000-7ff489057000 r-xp 00000000 08:05 1731420                    /usr/lib/jvm/java-6-sun-1.6.0.24/jre/lib/amd64/libverify.so
7ff489057000-7ff489156000 ---p 0000d000 08:05 1731420                    /usr/lib/jvm/java-6-sun-1.6.0.24/jre/lib/amd64/libverify.so
7ff489156000-7ff489159000 rwxp 0000c000 08:05 1731420                    /usr/lib/jvm/java-6-sun-1.6.0.24/jre/lib/amd64/libverify.so
7ff489159000-7ff489160000 r-xp 00000000 08:05 535724                     /lib/x86_64-linux-gnu/librt-2.13.so
7ff489160000-7ff48935f000 ---p 00007000 08:05 535724                     /lib/x86_64-linux-gnu/librt-2.13.so
7ff48935f000-7ff489360000 r-xp 00006000 08:05 535724                     /lib/x86_64-linux-gnu/librt-2.13.so
7ff489360000-7ff489361000 rwxp 00007000 08:05 535724                     /lib/x86_64-linux-gnu/librt-2.13.so
7ff489361000-7ff489364000 ---p 00000000 00:00 0 
7ff489364000-7ff489462000 rwxp 00000000 00:00 0 
7ff489462000-7ff4894e6000 r-xp 00000000 08:05 535703                     /lib/x86_64-linux-gnu/libm-2.13.so
7ff4894e6000-7ff4896e5000 ---p 00084000 08:05 535703                     /lib/x86_64-linux-gnu/libm-2.13.so
7ff4896e5000-7ff4896e6000 r-xp 00083000 08:05 535703                     /lib/x86_64-linux-gnu/libm-2.13.so
7ff4896e6000-7ff4896e7000 rwxp 00084000 08:05 535703                     /lib/x86_64-linux-gnu/libm-2.13.so
7ff4896e7000-7ff489f25000 r-xp 00000000 08:05 1734849                    /usr/lib/jvm/java-6-sun-1.6.0.24/jre/lib/amd64/server/libjvm.so
7ff489f25000-7ff48a024000 ---p 0083e000 08:05 1734849                    /usr/lib/jvm/java-6-sun-1.6.0.24/jre/lib/amd64/server/libjvm.so
7ff48a024000-7ff48a1b8000 rwxp 0083d000 08:05 1734849                    /usr/lib/jvm/java-6-sun-1.6.0.24/jre/lib/amd64/server/libjvm.so
7ff48a1b8000-7ff48a1f1000 rwxp 00000000 00:00 0 
7ff48a1f1000-7ff48a37b000 r-xp 00000000 08:05 535697                     /lib/x86_64-linux-gnu/libc-2.13.so
7ff48a37b000-7ff48a57a000 ---p 0018a000 08:05 535697                     /lib/x86_64-linux-gnu/libc-2.13.so
7ff48a57a000-7ff48a57e000 r-xp 00189000 08:05 535697                     /lib/x86_64-linux-gnu/libc-2.13.so
7ff48a57e000-7ff48a57f000 rwxp 0018d000 08:05 535697                     /lib/x86_64-linux-gnu/libc-2.13.so
7ff48a57f000-7ff48a585000 rwxp 00000000 00:00 0 
7ff48a585000-7ff48a587000 r-xp 00000000 08:05 535702                     /lib/x86_64-linux-gnu/libdl-2.13.so
7ff48a587000-7ff48a787000 ---p 00002000 08:05 535702                     /lib/x86_64-linux-gnu/libdl-2.13.so
7ff48a787000-7ff48a788000 r-xp 00002000 08:05 535702                     /lib/x86_64-linux-gnu/libdl-2.13.so
7ff48a788000-7ff48a789000 rwxp 00003000 08:05 535702                     /lib/x86_64-linux-gnu/libdl-2.13.so
7ff48a789000-7ff48a7a1000 r-xp 00000000 08:05 535718                     /lib/x86_64-linux-gnu/libpthread-2.13.so
7ff48a7a1000-7ff48a9a1000 ---p 00018000 08:05 535718                     /lib/x86_64-linux-gnu/libpthread-2.13.so
7ff48a9a1000-7ff48a9a2000 r-xp 00018000 08:05 535718                     /lib/x86_64-linux-gnu/libpthread-2.13.so
7ff48a9a2000-7ff48a9a3000 rwxp 00019000 08:05 535718                     /lib/x86_64-linux-gnu/libpthread-2.13.so
7ff48a9a3000-7ff48a9a7000 rwxp 00000000 00:00 0 
7ff48a9a7000-7ff48a9c8000 r-xp 00000000 08:05 535673                     /lib/x86_64-linux-gnu/ld-2.13.so
7ff48a9c8000-7ff48a9c9000 r-xs 00000000 08:05 554466                     /var/cache/fontconfig/4c73fe0c47614734b17d736dbde7580a-le64.cache-3
7ff48a9c9000-7ff48a9ca000 r-xs 00000000 08:05 554459                     /var/cache/fontconfig/0d8c3b2ac0904cb8a57a757ad11a4a08-le64.cache-3
7ff48a9ca000-7ff48a9d4000 rwxp 00000000 00:00 0 
7ff48a9d4000-7ff48aa8a000 rwxp 00000000 00:00 0 
7ff48aa8a000-7ff48aa8d000 rwxp 00000000 00:00 0 
7ff48aa8d000-7ff48aa94000 r-xp 00000000 08:05 1731410                    /usr/lib/jvm/java-6-sun-1.6.0.24/jre/lib/amd64/jli/libjli.so
7ff48aa94000-7ff48ab95000 ---p 00007000 08:05 1731410                    /usr/lib/jvm/java-6-sun-1.6.0.24/jre/lib/amd64/jli/libjli.so
7ff48ab95000-7ff48ab97000 rwxp 00008000 08:05 1731410                    /usr/lib/jvm/java-6-sun-1.6.0.24/jre/lib/amd64/jli/libjli.so
7ff48ab97000-7ff48ab98000 rwxp 00000000 00:00 0 
7ff48ab98000-7ff48ab99000 r-xs 00000000 08:05 554454                     /var/cache/fontconfig/6a53c69dea097a2d716e069445527da8-le64.cache-3
7ff48ab99000-7ff48ab9e000 r-xs 00000000 08:05 554452                     /var/cache/fontconfig/515ca1ebc4b18308bea979be5704f9db-le64.cache-3
7ff48ab9e000-7ff48aba1000 r-xs 00000000 08:05 554441                     /var/cache/fontconfig/d60319d88cac85ba9e1a07bd06cfbb8c-le64.cache-3
7ff48aba1000-7ff48aba2000 r-xs 00000000 08:05 530935                     /var/cache/fontconfig/4794a0821666d79190d59a36cb4f44b5-le64.cache-3
7ff48aba2000-7ff48aba6000 r-xs 00000000 08:05 538228                     /var/cache/fontconfig/7ef2298fde41cc6eeb7af42e48b7d293-le64.cache-3
7ff48aba6000-7ff48abba000 r-xs 00000000 08:05 527842                     /var/cache/fontconfig/865f88548240fee46819705c6468c165-le64.cache-3
7ff48abba000-7ff48abbb000 r-xs 00000000 08:05 1340105                    /home/bompo/.fontconfig/aa7e4f27e681240d22a1f116cf7520f0-le64.cache-3
7ff48abbb000-7ff48abc3000 rwxs 00000000 08:05 524874                     /tmp/hsperfdata_bompo/5889
7ff48abc3000-7ff48abc4000 rwxp 00000000 00:00 0 
7ff48abc4000-7ff48abc5000 r-xp 00000000 00:00 0 
7ff48abc5000-7ff48abc7000 rwxp 00000000 00:00 0 
7ff48abc7000-7ff48abc8000 r-xp 00020000 08:05 535673                     /lib/x86_64-linux-gnu/ld-2.13.so
7ff48abc8000-7ff48abca000 rwxp 00021000 08:05 535673                     /lib/x86_64-linux-gnu/ld-2.13.so
7fffb69fb000-7fffb6a1c000 rwxp 00000000 00:00 0                          [stack]
7fffb6b82000-7fffb6b83000 r-xp 00000000 00:00 0                          [vdso]
ffffffffff600000-ffffffffff601000 r-xp 00000000 00:00 0                  [vsyscall]

VM Arguments:
jvm_args: -Dfile.encoding=UTF-8 
java_command: de.swagner.mgcube.DesktopStarter
Launcher Type: SUN_STANDARD

Environment Variables:
PATH=/usr/local/sbin:/usr/local/bin:/usr/sbin:/usr/bin:/sbin:/bin:/usr/games
USERNAME=bompo
LD_LIBRARY_PATH=/usr/lib/jvm/java-6-sun-1.6.0.24/jre/lib/amd64/server:/usr/lib/jvm/java-6-sun-1.6.0.24/jre/lib/amd64:/usr/lib/jvm/java-6-sun-1.6.0.24/jre/../lib/amd64:/usr/lib/jvm/java-6-openjdk/jre/lib/amd64/server:/usr/lib/jvm/java-6-openjdk/jre/lib/amd64:/usr/lib/jvm/java-6-openjdk/jre/../lib/amd64:/usr/lib64/xulrunner-addons
SHELL=/bin/bash
DISPLAY=:0.0

Signal Handlers:
SIGSEGV: [libjvm.so+0x791b30], sa_mask[0]=0x7ffbfeff, sa_flags=0x10000004
SIGBUS: [libjvm.so+0x791b30], sa_mask[0]=0x7ffbfeff, sa_flags=0x10000004
SIGFPE: [libjvm.so+0x640ba0], sa_mask[0]=0x7ffbfeff, sa_flags=0x10000004
SIGPIPE: [libjvm.so+0x640ba0], sa_mask[0]=0x7ffbfeff, sa_flags=0x10000004
SIGXFSZ: [libjvm.so+0x640ba0], sa_mask[0]=0x7ffbfeff, sa_flags=0x10000004
SIGILL: [libjvm.so+0x640ba0], sa_mask[0]=0x7ffbfeff, sa_flags=0x10000004
SIGUSR1: SIG_DFL, sa_mask[0]=0x00000000, sa_flags=0x00000000
SIGUSR2: [libjvm.so+0x643780], sa_mask[0]=0x00000004, sa_flags=0x10000004
SIGHUP: [libjvm.so+0x643380], sa_mask[0]=0x7ffbfeff, sa_flags=0x10000004
SIGINT: [libjvm.so+0x643380], sa_mask[0]=0x7ffbfeff, sa_flags=0x10000004
SIGTERM: [libjvm.so+0x643380], sa_mask[0]=0x7ffbfeff, sa_flags=0x10000004
SIGQUIT: [libjvm.so+0x643380], sa_mask[0]=0x7ffbfeff, sa_flags=0x10000004


---------------  S Y S T E M  ---------------

OS:squeeze/sid

uname:Linux 2.6.38-10-generic #46-Ubuntu SMP Tue Jun 28 15:07:17 UTC 2011 x86_64
libc:glibc 2.13 NPTL 2.13 
rlimit: STACK 8192k, CORE 0k, NPROC infinity, NOFILE 4096, AS infinity
load average:0.04 0.11 0.13

/proc/meminfo:
MemTotal:        4047872 kB
MemFree:         1386052 kB
Buffers:          137704 kB
Cached:           878640 kB
SwapCached:            0 kB
Active:          1719324 kB
Inactive:         630964 kB
Active(anon):    1334704 kB
Inactive(anon):     8136 kB
Active(file):     384620 kB
Inactive(file):   622828 kB
Unevictable:         132 kB
Mlocked:             132 kB
SwapTotal:      19529724 kB
SwapFree:       19529724 kB
Dirty:              4008 kB
Writeback:           444 kB
AnonPages:       1334504 kB
Mapped:           168760 kB
Shmem:              8900 kB
Slab:             107544 kB
SReclaimable:      80852 kB
SUnreclaim:        26692 kB
KernelStack:        3816 kB
PageTables:        29836 kB
NFS_Unstable:          0 kB
Bounce:                0 kB
WritebackTmp:          0 kB
CommitLimit:    21553660 kB
Committed_AS:    3364492 kB
VmallocTotal:   34359738367 kB
VmallocUsed:      341768 kB
VmallocChunk:   34359375356 kB
HardwareCorrupted:     0 kB
HugePages_Total:       0
HugePages_Free:        0
HugePages_Rsvd:        0
HugePages_Surp:        0
Hugepagesize:       2048 kB
DirectMap4k:      140736 kB
DirectMap2M:     4044800 kB


CPU:total 4 (4 cores per cpu, 1 threads per core) family 6 model 30 stepping 5, cmov, cx8, fxsr, mmx, sse, sse2, sse3, ssse3, sse4.1, sse4.2, popcnt

Memory: 4k page, physical 4047872k(1386052k free), swap 19529724k(19529724k free)

vm_info: Java HotSpot(TM) 64-Bit Server VM (19.1-b02) for linux-amd64 JRE (1.6.0_24-b07), built on Feb  2 2011 16:55:54 by "java_re" with gcc 3.2.2 (SuSE Linux)

time: Sun Jul  3 00:55:36 2011
elapsed time: 23 seconds

