#
# A fatal error has been detected by the Java Runtime Environment:
#
#  SIGBUS (0x7) at pc=0x00007f83b37d29d0, pid=27989, tid=140203623343872
#
# JRE version: 6.0_22-b22
# Java VM: OpenJDK 64-Bit Server VM (20.0-b11 mixed mode linux-amd64 compressed oops)
# Derivative: IcedTea6 1.10.2
# Distribution: Ubuntu 11.04, package 6b22-1.10.2-0ubuntu1~11.04.1
# Problematic frame:
# 
[error occurred during error reporting (printing problematic frame), id 0x7]

# If you would like to submit a bug report, please include
# instructions how to reproduce the bug and visit:
#   https://bugs.launchpad.net/ubuntu/+source/openjdk-6/
# The crash happened outside the Java Virtual Machine in native code.
# See problematic frame for where to report the bug.
#

---------------  T H R E A D  ---------------

Current thread (0x00007f83b41dd800):  JavaThread "LWJGL Application" [_thread_in_native, id=28018, stack(0x00007f83b31a6000,0x00007f83b32a7000)]

siginfo:si_signo=SIGBUS: si_errno=0, si_code=2 (BUS_ADRERR), si_addr=0x00007f83b3a47790

Registers:
RAX=0x00000000ebe9d698, RBX=0x00007f83b41dd9d0, RCX=0x0000000000000020, RDX=0x0000000000000040
RSP=0x00007f83b32a55b8, RBP=0x00007f83b32a5600, RSI=0x00000000ebe9d698, RDI=0x00007f83b5394000
R8 =0x0000000000000010, R9 =0x00000000ebe71938, R10=0x0000000000000020, R11=0x00007f83c0b00ec0
R12=0x00000000ebe9d698, R13=0x0000000000000040, R14=0x00007f83b5394000, R15=0x0000000000000000
RIP=0x00007f83b37d29d0, EFLAGS=0x0000000000010202, CSGSFS=0x0000000000000033, ERR=0x0000000000000004
  TRAPNO=0x000000000000000e

Top of Stack: (sp=0x00007f83b32a55b8)
0x00007f83b32a55b8:   00007f83b37d47b7 00000000b8f7a430
0x00007f83b32a55c8:   0000000000000078 00007f83b32a5640
0x00007f83b32a55d8:   0000000000000000 000000000000001f
0x00007f83b32a55e8:   00007f83b32a5630 00007f83b41dd800
0x00007f83b32a55f8:   00007f83bb7e1803 00000000ebe9d688
0x00007f83b32a5608:   00000000ebe71938 00000000ebe710e8
0x00007f83b32a5618:   ebe711d800000025 00000000b9040578
0x00007f83b32a5628:   3c367673ebe71130 00000000b8f72c68
0x00007f83b32a5638:   3ff9c667000001f8 00000000ebe71938
0x00007f83b32a5648:   00007f83bb7ecdd8 00000000ebe71090
0x00007f83b32a5658:   0000000000000010 00000000ebe71090
0x00007f83b32a5668:   00000000b9040578 3f4ccccdec8726b8
0x00007f83b32a5678:   00007f83ec8726b8 00000000b8f9e828
0x00007f83b32a5688:   00000000ec87c800 00000000ebe9c718
0x00007f83b32a5698:   00007f83bb8989a4 00000000b903b210
0x00007f83b32a56a8:   00000000ebff32e0 00000000ebf4e540
0x00007f83b32a56b8:   00000000ebe9c718 3dcccccd3f800000
0x00007f83b32a56c8:   43fc00003dcccccd 0000000140000000
0x00007f83b32a56d8:   000000003f000000 00000000b8f9e828
0x00007f83b32a56e8:   00000000ec9db938 00000000ec820100
0x00007f83b32a56f8:   00007f83bb882b58 00007f83b32a5730
0x00007f83b32a5708:   ebe72000bf55c146 00000000ebe9c718
0x00007f83b32a5718:   00000000ebbaa878 00000000ebe72000
0x00007f83b32a5728:   00000000ebe72000 0000000000000009
0x00007f83b32a5738:   000000000ba74cc7 00000000ec872630
0x00007f83b32a5748:   00007f83bb87d27c 00000000ec872630
0x00007f83b32a5758:   000001e000000320 00000000ec878638
0x00007f83b32a5768:   00000000ec8733e8 00000000ebbab020
0x00007f83b32a5778:   0000000000000015 0000000000000007
0x00007f83b32a5788:   00007f83bb6da85a 0000000000000009
0x00007f83b32a5798:   0000000000000000 00007f83b32a5800
0x00007f83b32a57a8:   00007f83bb6da85a 0000000000000320 

Instructions: (pc=0x00007f83b37d29d0)
0x00007f83b37d29b0:   
[error occurred during error reporting (printing registers, top of stack, instructions near pc), id 0x7]

Register to memory mapping:

RAX=0x00000000ebe9d698 is an unknown value
RBX=0x00007f83b41dd9d0 is an unknown value
RCX=0x0000000000000020 is an unknown value
RDX=0x0000000000000040 is an unknown value
RSP=0x00007f83b32a55b8 is pointing into the stack for thread: 0x00007f83b41dd800
RBP=0x00007f83b32a5600 is pointing into the stack for thread: 0x00007f83b41dd800
RSI=0x00000000ebe9d698 is an unknown value
RDI=0x00007f83b5394000 is an unknown value
R8 =0x0000000000000010 is an unknown value
R9 =0x00000000ebe71938 is an oop
java.nio.DirectFloatBufferU 
 - klass: 'java/nio/DirectFloatBufferU'
R10=0x0000000000000020 is an unknown value
R11=0x00007f83c0b00ec0: <offset 0xbffec0> in /usr/lib/jvm/java-6-openjdk/jre/lib/amd64/server/libjvm.so at 0x00007f83bff01000
R12=0x00000000ebe9d698 is an unknown value
R13=0x0000000000000040 is an unknown value
R14=0x00007f83b5394000 is an unknown value
R15=0x0000000000000000 is an unknown value


Stack: [0x00007f83b31a6000,0x00007f83b32a7000],  sp=0x00007f83b32a55b8,  free space=1021k
Native frames: (J=compiled Java code, j=interpreted, Vv=VM code, C=native code)

[error occurred during error reporting (printing native stack), id 0x7]

Java frames: (J=compiled Java code, j=interpreted, Vv=VM code)
J  com.badlogic.gdx.utils.BufferUtils.copyJni([FLjava/nio/Buffer;II)V
J  com.badlogic.gdx.graphics.glutils.ShaderProgram.setUniformMatrix(Ljava/lang/String;Lcom/badlogic/gdx/math/Matrix4;)V
J  de.swagner.mgcube.EditorScreen.renderScene()V
J  de.swagner.mgcube.EditorScreen.render(F)V
J  com.badlogic.gdx.backends.lwjgl.LwjglApplication.mainLoop()V
j  com.badlogic.gdx.backends.lwjgl.LwjglApplication.access$000(Lcom/badlogic/gdx/backends/lwjgl/LwjglApplication;)V+1
j  com.badlogic.gdx.backends.lwjgl.LwjglApplication$1.run()V+27
v  ~StubRoutines::call_stub

---------------  P R O C E S S  ---------------

Java Threads: ( => current thread )
  0x00007f83b41da800 JavaThread "DestroyJavaVM" [_thread_blocked, id=27990, stack(0x00007f83c17d9000,0x00007f83c18da000)]
=>0x00007f83b41dd800 JavaThread "LWJGL Application" [_thread_in_native, id=28018, stack(0x00007f83b31a6000,0x00007f83b32a7000)]
  0x0000000002488000 JavaThread "AWT-XAWT" daemon [_thread_in_native, id=28009, stack(0x00007f83b3b19000,0x00007f83b3c1a000)]
  0x000000000231b800 JavaThread "Java2D Disposer" daemon [_thread_blocked, id=28008, stack(0x00007f83b3eff000,0x00007f83b4000000)]
  0x0000000002299800 JavaThread "Low Memory Detector" daemon [_thread_blocked, id=28005, stack(0x00007f83b9cf8000,0x00007f83b9df9000)]
  0x0000000002297000 JavaThread "C2 CompilerThread1" daemon [_thread_blocked, id=28004, stack(0x00007f83b9df9000,0x00007f83b9efa000)]
  0x0000000002293000 JavaThread "C2 CompilerThread0" daemon [_thread_blocked, id=28003, stack(0x00007f83b9efa000,0x00007f83b9ffb000)]
  0x0000000002292000 JavaThread "Signal Dispatcher" daemon [_thread_blocked, id=28002, stack(0x00007f83b9ffb000,0x00007f83ba0fc000)]
  0x0000000002272800 JavaThread "Finalizer" daemon [_thread_blocked, id=27997, stack(0x00007f83ba504000,0x00007f83ba605000)]
  0x000000000226b800 JavaThread "Reference Handler" daemon [_thread_blocked, id=27996, stack(0x00007f83ba605000,0x00007f83ba706000)]

Other Threads:
  0x0000000002264800 VMThread [stack: 0x00007f83ba706000,0x00007f83ba807000] [id=27995]
  0x000000000229c000 WatcherThread [stack: 0x00007f83b9bf7000,0x00007f83b9cf8000] [id=28006]

VM state:not at safepoint (normal execution)

VM Mutex/Monitor currently owned by a thread: None

Heap
 PSYoungGen      total 18368K, used 9688K [0x00000000eb8b0000, 0x00000000ecd20000, 0x0000000100000000)
  eden space 15808K, 49% used [0x00000000eb8b0000,0x00000000ec0412f8,0x00000000ec820000)
  from space 2560K, 75% used [0x00000000ec820000,0x00000000eca04d08,0x00000000ecaa0000)
  to   space 2560K, 0% used [0x00000000ecaa0000,0x00000000ecaa0000,0x00000000ecd20000)
 PSOldGen        total 41856K, used 0K [0x00000000c2a00000, 0x00000000c52e0000, 0x00000000eb8b0000)
  object space 41856K, 0% used [0x00000000c2a00000,0x00000000c2a00000,0x00000000c52e0000)
 PSPermGen       total 21248K, used 12876K [0x00000000b8400000, 0x00000000b98c0000, 0x00000000c2a00000)
  object space 21248K, 60% used [0x00000000b8400000,0x00000000b9093200,0x00000000b98c0000)

Code Cache  [0x00007f83bb6d5000, 0x00007f83bb945000, 0x00007f83be6d5000)
 total_blobs=924 nmethods=413 adapters=465 free_code_cache=48386816 largest_free_block=72704

Dynamic libraries:
00400000-00409000 r-xp 00000000 08:15 1597353                            /usr/lib/jvm/java-6-openjdk/jre/bin/java
00608000-00609000 r--p 00008000 08:15 1597353                            /usr/lib/jvm/java-6-openjdk/jre/bin/java
00609000-0060a000 rw-p 00009000 08:15 1597353                            /usr/lib/jvm/java-6-openjdk/jre/bin/java
021f2000-041b3000 rw-p 00000000 00:00 0                                  [heap]
4035a000-403d4000 rw-p 00000000 00:00 0 
403d4000-403d6000 r-xs 00000000 08:15 529641                             /tmp/glImeamo (deleted)
b8400000-b98c0000 rw-p 00000000 00:00 0 
b98c0000-c2a00000 rw-p 00000000 00:00 0 
c2a00000-c52e0000 rw-p 00000000 00:00 0 
c52e0000-eb8b0000 rw-p 00000000 00:00 0 
eb8b0000-ecd20000 rw-p 00000000 00:00 0 
ecd20000-100000000 rw-p 00000000 00:00 0 
7f83a8d0c000-7f83a8d8c000 rw-s c0861000 00:05 11786                      /dev/nvidia0
7f83a8d8c000-7f83a8e8c000 rw-s d87a7000 00:05 11786                      /dev/nvidia0
7f83a8e8c000-7f83a8f8c000 rw-s b3be5000 00:05 11786                      /dev/nvidia0
7f83a8f8c000-7f83a908c000 rw-s c0de1000 00:05 11786                      /dev/nvidia0
7f83a908c000-7f83a908e000 rw-s 00000000 08:15 529641                     /tmp/glImeamo (deleted)
7f83a908e000-7f83a928e000 rw-s b3960000 00:05 11786                      /dev/nvidia0
7f83a928e000-7f83a938e000 rw-s c0c37000 00:05 11786                      /dev/nvidia0
7f83a938e000-7f83a9459000 rw-p 00000000 00:00 0 
7f83a9495000-7f83a9496000 rw-s f8c08000 00:05 11786                      /dev/nvidia0
7f83a9496000-7f83a94d6000 rw-s aef9c000 00:05 11786                      /dev/nvidia0
7f83a94d6000-7f83aaaab000 r-xp 00000000 08:15 1569894                    /usr/lib/libnvidia-glcore.so.275.21
7f83aaaab000-7f83aacab000 ---p 015d5000 08:15 1569894                    /usr/lib/libnvidia-glcore.so.275.21
7f83aacab000-7f83ab2e6000 rwxp 015d5000 08:15 1569894                    /usr/lib/libnvidia-glcore.so.275.21
7f83ab2e6000-7f83ab2fe000 rwxp 00000000 00:00 0 
7f83ab2fe000-7f83ab301000 r-xp 00000000 08:15 1570342                    /usr/lib/tls/libnvidia-tls.so.275.21
7f83ab301000-7f83ab500000 ---p 00003000 08:15 1570342                    /usr/lib/tls/libnvidia-tls.so.275.21
7f83ab500000-7f83ab501000 rw-p 00002000 08:15 1570342                    /usr/lib/tls/libnvidia-tls.so.275.21
7f83ab501000-7f83ab5c1000 r-xp 00000000 08:15 1570075                    /usr/lib/libGL.so.275.21
7f83ab5c1000-7f83ab7c0000 ---p 000c0000 08:15 1570075                    /usr/lib/libGL.so.275.21
7f83ab7c0000-7f83ab7fb000 rwxp 000bf000 08:15 1570075                    /usr/lib/libGL.so.275.21
7f83ab7fb000-7f83ab811000 rwxp 00000000 00:00 0 
7f83ab811000-7f83ab812000 ---p 00000000 00:00 0 
7f83ab812000-7f83ac012000 rw-p 00000000 00:00 0 
7f83ac012000-7f83b0013000 rw-s 00000000 00:10 895463                     /dev/shm/pulse-shm-2291418575
7f83b0013000-7f83b0014000 ---p 00000000 00:00 0 
7f83b0014000-7f83b0814000 rw-p 00000000 00:00 0 
7f83b0814000-7f83b081a000 r-xp 00000000 08:15 1573092                    /usr/lib/libogg.so.0.7.0
7f83b081a000-7f83b0a19000 ---p 00006000 08:15 1573092                    /usr/lib/libogg.so.0.7.0
7f83b0a19000-7f83b0a1a000 r--p 00005000 08:15 1573092                    /usr/lib/libogg.so.0.7.0
7f83b0a1a000-7f83b0a1b000 rw-p 00006000 08:15 1573092                    /usr/lib/libogg.so.0.7.0
7f83b0a1b000-7f83b0a46000 r-xp 00000000 08:15 1582648                    /usr/lib/libvorbis.so.0.4.5
7f83b0a46000-7f83b0c45000 ---p 0002b000 08:15 1582648                    /usr/lib/libvorbis.so.0.4.5
7f83b0c45000-7f83b0c46000 r--p 0002a000 08:15 1582648                    /usr/lib/libvorbis.so.0.4.5
7f83b0c46000-7f83b0c47000 rw-p 0002b000 08:15 1582648                    /usr/lib/libvorbis.so.0.4.5
7f83b0c47000-7f83b0efa000 r-xp 00000000 08:15 1573212                    /usr/lib/libvorbisenc.so.2.0.8
7f83b0efa000-7f83b10f9000 ---p 002b3000 08:15 1573212                    /usr/lib/libvorbisenc.so.2.0.8
7f83b10f9000-7f83b1115000 r--p 002b2000 08:15 1573212                    /usr/lib/libvorbisenc.so.2.0.8
7f83b1115000-7f83b1116000 rw-p 002ce000 08:15 1573212                    /usr/lib/libvorbisenc.so.2.0.8
7f83b1116000-7f83b115e000 r-xp 00000000 08:15 1570101                    /usr/lib/libFLAC.so.8.2.0
7f83b115e000-7f83b135e000 ---p 00048000 08:15 1570101                    /usr/lib/libFLAC.so.8.2.0
7f83b135e000-7f83b135f000 r--p 00048000 08:15 1570101                    /usr/lib/libFLAC.so.8.2.0
7f83b135f000-7f83b1360000 rw-p 00049000 08:15 1570101                    /usr/lib/libFLAC.so.8.2.0
7f83b1360000-7f83b13c1000 r-xp 00000000 08:15 1574433                    /usr/lib/libsndfile.so.1.0.23
7f83b13c1000-7f83b15c1000 ---p 00061000 08:15 1574433                    /usr/lib/libsndfile.so.1.0.23
7f83b15c1000-7f83b15c3000 r--p 00061000 08:15 1574433                    /usr/lib/libsndfile.so.1.0.23
7f83b15c3000-7f83b15c4000 rw-p 00063000 08:15 1574433                    /usr/lib/libsndfile.so.1.0.23
7f83b15c4000-7f83b15c8000 rw-p 00000000 00:00 0 
7f83b15c8000-7f83b15d0000 r-xp 00000000 08:15 538930                     /lib/libwrap.so.0.7.6
7f83b15d0000-7f83b17d0000 ---p 00008000 08:15 538930                     /lib/libwrap.so.0.7.6
7f83b17d0000-7f83b17d1000 r--p 00008000 08:15 538930                     /lib/libwrap.so.0.7.6
7f83b17d1000-7f83b17d2000 rw-p 00009000 08:15 538930                     /lib/libwrap.so.0.7.6
7f83b17d2000-7f83b17d3000 rw-p 00000000 00:00 0 
7f83b17d3000-7f83b17d7000 r-xp 00000000 08:15 534738                     /lib/x86_64-linux-gnu/libuuid.so.1.3.0
7f83b17d7000-7f83b19d6000 ---p 00004000 08:15 534738                     /lib/x86_64-linux-gnu/libuuid.so.1.3.0
7f83b19d6000-7f83b19d7000 r--p 00003000 08:15 534738                     /lib/x86_64-linux-gnu/libuuid.so.1.3.0
7f83b19d7000-7f83b19d8000 rw-p 00004000 08:15 534738                     /lib/x86_64-linux-gnu/libuuid.so.1.3.0
7f83b19d8000-7f83b1a1a000 r-xp 00000000 08:15 526020                     /lib/x86_64-linux-gnu/libdbus-1.so.3.5.4
7f83b1a1a000-7f83b1c1a000 ---p 00042000 08:15 526020                     /lib/x86_64-linux-gnu/libdbus-1.so.3.5.4
7f83b1c1a000-7f83b1c1b000 r--p 00042000 08:15 526020                     /lib/x86_64-linux-gnu/libdbus-1.so.3.5.4
7f83b1c1b000-7f83b1c1c000 rw-p 00043000 08:15 526020                     /lib/x86_64-linux-gnu/libdbus-1.so.3.5.4
7f83b1c1c000-7f83b1c67000 r-xp 00000000 08:15 1580900                    /usr/lib/libpulsecommon-0.9.22.so
7f83b1c67000-7f83b1e66000 ---p 0004b000 08:15 1580900                    /usr/lib/libpulsecommon-0.9.22.so
7f83b1e66000-7f83b1e67000 r--p 0004a000 08:15 1580900                    /usr/lib/libpulsecommon-0.9.22.so
7f83b1e67000-7f83b1e68000 rw-p 0004b000 08:15 1580900                    /usr/lib/libpulsecommon-0.9.22.so
7f83b1e68000-7f83b1e6b000 r-xp 00000000 08:15 1573582                    /usr/lib/libxcb-atom.so.1.0.0
7f83b1e6b000-7f83b206b000 ---p 00003000 08:15 1573582                    /usr/lib/libxcb-atom.so.1.0.0
7f83b206b000-7f83b206c000 r--p 00003000 08:15 1573582                    /usr/lib/libxcb-atom.so.1.0.0
7f83b206c000-7f83b206d000 rw-p 00004000 08:15 1573582                    /usr/lib/libxcb-atom.so.1.0.0
7f83b206d000-7f83b2074000 r-xp 00000000 08:15 1578963                    /usr/lib/x86_64-linux-gnu/libSM.so.6.0.1
7f83b2074000-7f83b2273000 ---p 00007000 08:15 1578963                    /usr/lib/x86_64-linux-gnu/libSM.so.6.0.1
7f83b2273000-7f83b2274000 r--p 00006000 08:15 1578963                    /usr/lib/x86_64-linux-gnu/libSM.so.6.0.1
7f83b2274000-7f83b2275000 rw-p 00007000 08:15 1578963                    /usr/lib/x86_64-linux-gnu/libSM.so.6.0.1
7f83b2275000-7f83b228b000 r-xp 00000000 08:15 1571606                    /usr/lib/x86_64-linux-gnu/libICE.so.6.3.0
7f83b228b000-7f83b248b000 ---p 00016000 08:15 1571606                    /usr/lib/x86_64-linux-gnu/libICE.so.6.3.0
7f83b248b000-7f83b248c000 r--p 00016000 08:15 1571606                    /usr/lib/x86_64-linux-gnu/libICE.so.6.3.0
7f83b248c000-7f83b248d000 rw-p 00017000 08:15 1571606                    /usr/lib/x86_64-linux-gnu/libICE.so.6.3.0
7f83b248d000-7f83b2490000 rw-p 00000000 00:00 0 
7f83b2490000-7f83b2491000 r-xp 00000000 08:15 1570508                    /usr/lib/x86_64-linux-gnu/libX11-xcb.so.1.0.0
7f83b2491000-7f83b2690000 ---p 00001000 08:15 1570508                    /usr/lib/x86_64-linux-gnu/libX11-xcb.so.1.0.0
7f83b2690000-7f83b2691000 r--p 00000000 08:15 1570508                    /usr/lib/x86_64-linux-gnu/libX11-xcb.so.1.0.0
7f83b2691000-7f83b2692000 rw-p 00001000 08:15 1570508                    /usr/lib/x86_64-linux-gnu/libX11-xcb.so.1.0.0
7f83b2692000-7f83b26d2000 r-xp 00000000 08:15 1573921                    /usr/lib/libpulse.so.0.12.3
7f83b26d2000-7f83b28d1000 ---p 00040000 08:15 1573921                    /usr/lib/libpulse.so.0.12.3
7f83b28d1000-7f83b28d2000 r--p 0003f000 08:15 1573921                    /usr/lib/libpulse.so.0.12.3
7f83b28d2000-7f83b28d3000 rw-p 00040000 08:15 1573921                    /usr/lib/libpulse.so.0.12.3
7f83b28d3000-7f83b291f000 r-xp 00000000 08:15 525825                     /tmp/libgdx/3523710564/libopenal64.so
7f83b291f000-7f83b2b1e000 ---p 0004c000 08:15 525825                     /tmp/libgdx/3523710564/libopenal64.so
7f83b2b1e000-7f83b2b20000 r--p 0004b000 08:15 525825                     /tmp/libgdx/3523710564/libopenal64.so
7f83b2b20000-7f83b2b21000 rw-p 0004d000 08:15 525825                     /tmp/libgdx/3523710564/libopenal64.so
7f83b2b21000-7f83b2b22000 rw-p 00000000 00:00 0 
7f83b2b22000-7f83b2b23000 r-xp 00000000 08:15 1597389                    /usr/lib/jvm/java-6-openjdk/jre/lib/amd64/libjawt.so
7f83b2b23000-7f83b2d22000 ---p 00001000 08:15 1597389                    /usr/lib/jvm/java-6-openjdk/jre/lib/amd64/libjawt.so
7f83b2d22000-7f83b2d23000 r--p 00000000 08:15 1597389                    /usr/lib/jvm/java-6-openjdk/jre/lib/amd64/libjawt.so
7f83b2d23000-7f83b2d24000 rw-p 00001000 08:15 1597389                    /usr/lib/jvm/java-6-openjdk/jre/lib/amd64/libjawt.so
7f83b2d24000-7f83b2d29000 r-xp 00000000 08:15 1581972                    /usr/lib/x86_64-linux-gnu/libXxf86vm.so.1.0.0
7f83b2d29000-7f83b2f28000 ---p 00005000 08:15 1581972                    /usr/lib/x86_64-linux-gnu/libXxf86vm.so.1.0.0
7f83b2f28000-7f83b2f29000 r--p 00004000 08:15 1581972                    /usr/lib/x86_64-linux-gnu/libXxf86vm.so.1.0.0
7f83b2f29000-7f83b2f2a000 rw-p 00005000 08:15 1581972                    /usr/lib/x86_64-linux-gnu/libXxf86vm.so.1.0.0
7f83b2f2a000-7f83b2fa3000 r-xp 00000000 08:15 526683                     /tmp/libgdx/3523710564/liblwjgl64.so
7f83b2fa3000-7f83b31a3000 ---p 00079000 08:15 526683                     /tmp/libgdx/3523710564/liblwjgl64.so
7f83b31a3000-7f83b31a5000 r--p 00079000 08:15 526683                     /tmp/libgdx/3523710564/liblwjgl64.so
7f83b31a5000-7f83b31a6000 rw-p 0007b000 08:15 526683                     /tmp/libgdx/3523710564/liblwjgl64.so
7f83b31a6000-7f83b31a9000 ---p 00000000 00:00 0 
7f83b31a9000-7f83b32a7000 rw-p 00000000 00:00 0 
7f83b32a7000-7f83b32aa000 ---p 00000000 00:00 0 
7f83b32aa000-7f83b33a8000 rw-p 00000000 00:00 0 
7f83b33a8000-7f83b33ad000 r-xp 00000000 08:15 1570859                    /usr/lib/x86_64-linux-gnu/libXfixes.so.3.1.0
7f83b33ad000-7f83b35ac000 ---p 00005000 08:15 1570859                    /usr/lib/x86_64-linux-gnu/libXfixes.so.3.1.0
7f83b35ac000-7f83b35ad000 r--p 00004000 08:15 1570859                    /usr/lib/x86_64-linux-gnu/libXfixes.so.3.1.0
7f83b35ad000-7f83b35ae000 rw-p 00005000 08:15 1570859                    /usr/lib/x86_64-linux-gnu/libXfixes.so.3.1.0
7f83b35ae000-7f83b35b7000 r-xp 00000000 08:15 1573929                    /usr/lib/x86_64-linux-gnu/libXcursor.so.1.0.2
7f83b35b7000-7f83b37b6000 ---p 00009000 08:15 1573929                    /usr/lib/x86_64-linux-gnu/libXcursor.so.1.0.2
7f83b37b6000-7f83b37b7000 r--p 00008000 08:15 1573929                    /usr/lib/x86_64-linux-gnu/libXcursor.so.1.0.2
7f83b37b7000-7f83b37b8000 rw-p 00009000 08:15 1573929                    /usr/lib/x86_64-linux-gnu/libXcursor.so.1.0.2
7f83b37b8000-7f83b3846000 r-xp 00000000 08:15 525025                     /tmp/libgdx/3523710564/libgdx-64.so
7f83b3846000-7f83b3a46000 ---p 0008e000 08:15 525025                     /tmp/libgdx/3523710564/libgdx-64.so
7f83b3a46000-7f83b3a47000 r--p 0008e000 08:15 525025                     /tmp/libgdx/3523710564/libgdx-64.so
7f83b3a47000-7f83b3a48000 rw-p 0008f000 08:15 525025                     /tmp/libgdx/3523710564/libgdx-64.so
7f83b3a48000-7f83b3a4b000 rw-p 00000000 00:00 0 
7f83b3a4b000-7f83b3a4c000 r--s 00000000 08:15 532633                     /var/cache/fontconfig/26de28bc8622bbc1fb67fd234c21975f-le64.cache-3
7f83b3a4c000-7f83b3a4d000 r--s 00000000 08:15 554485                     /var/cache/fontconfig/c05880de57d1f5e948fdfacc138775d9-le64.cache-3
7f83b3a4d000-7f83b3a56000 r--s 00000000 08:15 527845                     /var/cache/fontconfig/945677eb7aeaf62f1d50efc3fb3ec7d8-le64.cache-3
7f83b3a56000-7f83b3a58000 r--s 00000000 08:15 554480                     /var/cache/fontconfig/99e8ed0e538f840c565b6ed5dad60d56-le64.cache-3
7f83b3a58000-7f83b3a5b000 r--s 00000000 08:15 554411                     /var/cache/fontconfig/f24b2111ab8703b4e963115a8cf14259-le64.cache-3
7f83b3a5b000-7f83b3a5e000 r--s 00000000 08:15 554479                     /var/cache/fontconfig/e383d7ea5fbe662a33d9b44caf393297-le64.cache-3
7f83b3a5e000-7f83b3a61000 r--s 00000000 08:15 554477                     /var/cache/fontconfig/2cd17615ca594fa2959ae173292e504c-le64.cache-3
7f83b3a61000-7f83b3a62000 r--s 00000000 08:15 554471                     /var/cache/fontconfig/e7071f4a29fa870f4323321c154eba04-le64.cache-3
7f83b3a62000-7f83b3a66000 r--s 00000000 08:15 554470                     /var/cache/fontconfig/6eb3985aa4124903f6ff08ba781cd364-le64.cache-3
7f83b3a66000-7f83b3a6b000 r--s 00000000 08:15 554453                     /var/cache/fontconfig/062808c12e6e608270f93bb230aed730-le64.cache-3
7f83b3a6b000-7f83b3a71000 r--s 00000000 08:15 554429                     /var/cache/fontconfig/a755afe4a08bf5b97852ceb7400b47bc-le64.cache-3
7f83b3a71000-7f83b3a9f000 r--s 00000000 08:15 554435                     /var/cache/fontconfig/365b55f210c0a22e9a19e35191240f32-le64.cache-3
7f83b3abc000-7f83b3ac0000 rw-s b3b56000 00:05 11786                      /dev/nvidia0
7f83b3ae0000-7f83b3b19000 rw-p 00000000 00:00 0 
7f83b3b19000-7f83b3b1c000 ---p 00000000 00:00 0 
7f83b3b1c000-7f83b3c1a000 rw-p 00000000 00:00 0 
7f83b3c1a000-7f83b3c1b000 r--s 00000000 08:15 532633                     /var/cache/fontconfig/26de28bc8622bbc1fb67fd234c21975f-le64.cache-3
7f83b3c1b000-7f83b3c1c000 r--s 00000000 08:15 554485                     /var/cache/fontconfig/c05880de57d1f5e948fdfacc138775d9-le64.cache-3
7f83b3c1c000-7f83b3c25000 r--s 00000000 08:15 527845                     /var/cache/fontconfig/945677eb7aeaf62f1d50efc3fb3ec7d8-le64.cache-3
7f83b3c25000-7f83b3c27000 r--s 00000000 08:15 554480                     /var/cache/fontconfig/99e8ed0e538f840c565b6ed5dad60d56-le64.cache-3
7f83b3c27000-7f83b3c2a000 r--s 00000000 08:15 554411                     /var/cache/fontconfig/f24b2111ab8703b4e963115a8cf14259-le64.cache-3
7f83b3c2a000-7f83b3c2d000 r--s 00000000 08:15 554479                     /var/cache/fontconfig/e383d7ea5fbe662a33d9b44caf393297-le64.cache-3
7f83b3c2d000-7f83b3c30000 r--s 00000000 08:15 554477                     /var/cache/fontconfig/2cd17615ca594fa2959ae173292e504c-le64.cache-3
7f83b3c30000-7f83b3c31000 r--s 00000000 08:15 554471                     /var/cache/fontconfig/e7071f4a29fa870f4323321c154eba04-le64.cache-3
7f83b3c31000-7f83b3c35000 r--s 00000000 08:15 554470                     /var/cache/fontconfig/6eb3985aa4124903f6ff08ba781cd364-le64.cache-3
7f83b3c35000-7f83b3c36000 r--s 00000000 08:15 554466                     /var/cache/fontconfig/4c73fe0c47614734b17d736dbde7580a-le64.cache-3
7f83b3c36000-7f83b3c37000 r--s 00000000 08:15 554459                     /var/cache/fontconfig/0d8c3b2ac0904cb8a57a757ad11a4a08-le64.cache-3
7f83b3c37000-7f83b3c38000 r--s 00000000 08:15 554454                     /var/cache/fontconfig/6a53c69dea097a2d716e069445527da8-le64.cache-3
7f83b3c38000-7f83b3c3d000 r--s 00000000 08:15 554453                     /var/cache/fontconfig/062808c12e6e608270f93bb230aed730-le64.cache-3
7f83b3c3d000-7f83b3c43000 r--s 00000000 08:15 554429                     /var/cache/fontconfig/a755afe4a08bf5b97852ceb7400b47bc-le64.cache-3
7f83b3c43000-7f83b3c48000 r--s 00000000 08:15 554452                     /var/cache/fontconfig/515ca1ebc4b18308bea979be5704f9db-le64.cache-3
7f83b3c48000-7f83b3c51000 r--s 00000000 08:15 554448                     /var/cache/fontconfig/6d41288fd70b0be22e8c3a91e032eec0-le64.cache-3
7f83b3c51000-7f83b3c61000 r--s 00000000 08:15 554447                     /var/cache/fontconfig/0f34bcd4b6ee430af32735b75db7f02b-le64.cache-3
7f83b3c61000-7f83b3c64000 r--s 00000000 08:15 554441                     /var/cache/fontconfig/d60319d88cac85ba9e1a07bd06cfbb8c-le64.cache-3
7f83b3c64000-7f83b3c65000 r--s 00000000 08:15 529070                     /var/cache/fontconfig/4794a0821666d79190d59a36cb4f44b5-le64.cache-3
7f83b3c65000-7f83b3c93000 r--s 00000000 08:15 554435                     /var/cache/fontconfig/365b55f210c0a22e9a19e35191240f32-le64.cache-3
7f83b3c93000-7f83b3c9d000 r--s 00000000 08:15 554433                     /var/cache/fontconfig/d52a8644073d54c13679302ca1180695-le64.cache-3
7f83b3c9e000-7f83b3ca6000 r-xp 00000000 08:15 1581969                    /usr/lib/x86_64-linux-gnu/libXrandr.so.2.2.0
7f83b3ca6000-7f83b3ea5000 ---p 00008000 08:15 1581969                    /usr/lib/x86_64-linux-gnu/libXrandr.so.2.2.0
7f83b3ea5000-7f83b3ea6000 r--p 00007000 08:15 1581969                    /usr/lib/x86_64-linux-gnu/libXrandr.so.2.2.0
7f83b3ea6000-7f83b3ea7000 rw-p 00008000 08:15 1581969                    /usr/lib/x86_64-linux-gnu/libXrandr.so.2.2.0
7f83b3ea7000-7f83b3ea8000 rw-s e0005000 00:05 11786                      /dev/nvidia0
7f83b3ea8000-7f83b3ea9000 rw-s b8be8000 00:05 11786                      /dev/nvidia0
7f83b3ea9000-7f83b3ead000 rw-s 93d78000 00:05 11786                      /dev/nvidia0
7f83b3ead000-7f83b3eae000 rw-s f8641000 00:05 11786                      /dev/nvidia0
7f83b3eae000-7f83b3eaf000 rw-s 3644b000 00:05 11786                      /dev/nvidia0
7f83b3eaf000-7f83b3eb0000 rw-s b3a1f000 00:05 11786                      /dev/nvidia0
7f83b3eb0000-7f83b3eb1000 rw-s f8060000 00:05 11786                      /dev/nvidia0
7f83b3eb1000-7f83b3ecc000 rw-s d2cc0000 00:05 11786                      /dev/nvidia0
7f83b3ecc000-7f83b3ed3000 r--s 000fb000 08:15 1597348                    /usr/lib/jvm/java-6-openjdk/jre/lib/resources.jar
7f83b3ed3000-7f83b3ed4000 r--s 00000000 08:15 554418                     /var/cache/fontconfig/ec648e9a1aea82bddd4bd6050028158d-le64.cache-3
7f83b3ed4000-7f83b3ee7000 r--s 00000000 08:15 538224                     /var/cache/fontconfig/e13b20fdb08344e0e664864cc2ede53d-le64.cache-3
7f83b3ee7000-7f83b3eeb000 r--s 00000000 08:15 538228                     /var/cache/fontconfig/7ef2298fde41cc6eeb7af42e48b7d293-le64.cache-3
7f83b3eeb000-7f83b3eff000 r--s 00000000 08:15 527842                     /var/cache/fontconfig/865f88548240fee46819705c6468c165-le64.cache-3
7f83b3eff000-7f83b3f02000 ---p 00000000 00:00 0 
7f83b3f02000-7f83b4000000 rw-p 00000000 00:00 0 
7f83b4000000-7f83b55fb000 rw-p 00000000 00:00 0 
7f83b55fb000-7f83b8000000 ---p 00000000 00:00 0 
7f83b8001000-7f83b8006000 r--s 00000000 08:15 554452                     /var/cache/fontconfig/515ca1ebc4b18308bea979be5704f9db-le64.cache-3
7f83b8006000-7f83b8099000 r-xp 00000000 08:15 1572891                    /usr/lib/x86_64-linux-gnu/libfreetype.so.6.6.2
7f83b8099000-7f83b8298000 ---p 00093000 08:15 1572891                    /usr/lib/x86_64-linux-gnu/libfreetype.so.6.6.2
7f83b8298000-7f83b829e000 r--p 00092000 08:15 1572891                    /usr/lib/x86_64-linux-gnu/libfreetype.so.6.6.2
7f83b829e000-7f83b829f000 rw-p 00098000 08:15 1572891                    /usr/lib/x86_64-linux-gnu/libfreetype.so.6.6.2
7f83b829f000-7f83b82d8000 r-xp 00000000 08:15 1597379                    /usr/lib/jvm/java-6-openjdk/jre/lib/amd64/libfontmanager.so
7f83b82d8000-7f83b84d7000 ---p 00039000 08:15 1597379                    /usr/lib/jvm/java-6-openjdk/jre/lib/amd64/libfontmanager.so
7f83b84d7000-7f83b84d9000 r--p 00038000 08:15 1597379                    /usr/lib/jvm/java-6-openjdk/jre/lib/amd64/libfontmanager.so
7f83b84d9000-7f83b84da000 rw-p 0003a000 08:15 1597379                    /usr/lib/jvm/java-6-openjdk/jre/lib/amd64/libfontmanager.so
7f83b84da000-7f83b84df000 r-xp 00000000 08:15 1573561                    /usr/lib/x86_64-linux-gnu/libXdmcp.so.6.0.0
7f83b84df000-7f83b86de000 ---p 00005000 08:15 1573561                    /usr/lib/x86_64-linux-gnu/libXdmcp.so.6.0.0
7f83b86de000-7f83b86df000 r--p 00004000 08:15 1573561                    /usr/lib/x86_64-linux-gnu/libXdmcp.so.6.0.0
7f83b86df000-7f83b86e0000 rw-p 00005000 08:15 1573561                    /usr/lib/x86_64-linux-gnu/libXdmcp.so.6.0.0
7f83b86e0000-7f83b86e2000 r-xp 00000000 08:15 1570542                    /usr/lib/x86_64-linux-gnu/libXau.so.6.0.0
7f83b86e2000-7f83b88e1000 ---p 00002000 08:15 1570542                    /usr/lib/x86_64-linux-gnu/libXau.so.6.0.0
7f83b88e1000-7f83b88e2000 r--p 00001000 08:15 1570542                    /usr/lib/x86_64-linux-gnu/libXau.so.6.0.0
7f83b88e2000-7f83b88e3000 rw-p 00002000 08:15 1570542                    /usr/lib/x86_64-linux-gnu/libXau.so.6.0.0
7f83b88e3000-7f83b88fe000 r-xp 00000000 08:15 1572615                    /usr/lib/x86_64-linux-gnu/libxcb.so.1.1.0
7f83b88fe000-7f83b8afd000 ---p 0001b000 08:15 1572615                    /usr/lib/x86_64-linux-gnu/libxcb.so.1.1.0
7f83b8afd000-7f83b8afe000 r--p 0001a000 08:15 1572615                    /usr/lib/x86_64-linux-gnu/libxcb.so.1.1.0
7f83b8afe000-7f83b8aff000 rw-p 0001b000 08:15 1572615                    /usr/lib/x86_64-linux-gnu/libxcb.so.1.1.0
7f83b8aff000-7f83b8b0e000 r-xp 00000000 08:15 1613065                    /usr/lib/x86_64-linux-gnu/libXi.so.6.1.0
7f83b8b0e000-7f83b8d0d000 ---p 0000f000 08:15 1613065                    /usr/lib/x86_64-linux-gnu/libXi.so.6.1.0
7f83b8d0d000-7f83b8d0e000 r--p 0000e000 08:15 1613065                    /usr/lib/x86_64-linux-gnu/libXi.so.6.1.0
7f83b8d0e000-7f83b8d0f000 rw-p 0000f000 08:15 1613065                    /usr/lib/x86_64-linux-gnu/libXi.so.6.1.0
7f83b8d0f000-7f83b8d14000 r-xp 00000000 08:15 1572606                    /usr/lib/libXtst.so.6.1.0
7f83b8d14000-7f83b8f13000 ---p 00005000 08:15 1572606                    /usr/lib/libXtst.so.6.1.0
7f83b8f13000-7f83b8f14000 r--p 00004000 08:15 1572606                    /usr/lib/libXtst.so.6.1.0
7f83b8f14000-7f83b8f15000 rw-p 00005000 08:15 1572606                    /usr/lib/libXtst.so.6.1.0
7f83b8f15000-7f83b8f1e000 r-xp 00000000 08:15 1570620                    /usr/lib/x86_64-linux-gnu/libXrender.so.1.3.0
7f83b8f1e000-7f83b911e000 ---p 00009000 08:15 1570620                    /usr/lib/x86_64-linux-gnu/libXrender.so.1.3.0
7f83b911e000-7f83b911f000 r--p 00009000 08:15 1570620                    /usr/lib/x86_64-linux-gnu/libXrender.so.1.3.0
7f83b911f000-7f83b9120000 rw-p 0000a000 08:15 1570620                    /usr/lib/x86_64-linux-gnu/libXrender.so.1.3.0
7f83b9120000-7f83b9255000 r-xp 00000000 08:15 1573591                    /usr/lib/x86_64-linux-gnu/libX11.so.6.3.0
7f83b9255000-7f83b9455000 ---p 00135000 08:15 1573591                    /usr/lib/x86_64-linux-gnu/libX11.so.6.3.0
7f83b9455000-7f83b9456000 r--p 00135000 08:15 1573591                    /usr/lib/x86_64-linux-gnu/libX11.so.6.3.0
7f83b9456000-7f83b945a000 rw-p 00136000 08:15 1573591                    /usr/lib/x86_64-linux-gnu/libX11.so.6.3.0
7f83b945a000-7f83b946b000 r-xp 00000000 08:15 1571673                    /usr/lib/x86_64-linux-gnu/libXext.so.6.4.0
7f83b946b000-7f83b966a000 ---p 00011000 08:15 1571673                    /usr/lib/x86_64-linux-gnu/libXext.so.6.4.0
7f83b966a000-7f83b966b000 r--p 00010000 08:15 1571673                    /usr/lib/x86_64-linux-gnu/libXext.so.6.4.0
7f83b966b000-7f83b966c000 rw-p 00011000 08:15 1571673                    /usr/lib/x86_64-linux-gnu/libXext.so.6.4.0
7f83b966c000-7f83b967f000 r--s 00000000 08:15 538224                     /var/cache/fontconfig/e13b20fdb08344e0e664864cc2ede53d-le64.cache-3
7f83b967f000-7f83b9683000 r--s 00000000 08:15 538228                     /var/cache/fontconfig/7ef2298fde41cc6eeb7af42e48b7d293-le64.cache-3
7f83b9683000-7f83b9697000 r--s 00000000 08:15 527842                     /var/cache/fontconfig/865f88548240fee46819705c6468c165-le64.cache-3
7f83b9697000-7f83b9698000 r--s 00000000 08:15 1340105                    /home/bompo/.fontconfig/aa7e4f27e681240d22a1f116cf7520f0-le64.cache-3
7f83b9698000-7f83b96e3000 r-xp 00000000 08:15 1597420                    /usr/lib/jvm/java-6-openjdk/jre/lib/amd64/xawt/libmawt.so
7f83b96e3000-7f83b98e3000 ---p 0004b000 08:15 1597420                    /usr/lib/jvm/java-6-openjdk/jre/lib/amd64/xawt/libmawt.so
7f83b98e3000-7f83b98e4000 r--p 0004b000 08:15 1597420                    /usr/lib/jvm/java-6-openjdk/jre/lib/amd64/xawt/libmawt.so
7f83b98e4000-7f83b98e7000 rw-p 0004c000 08:15 1597420                    /usr/lib/jvm/java-6-openjdk/jre/lib/amd64/xawt/libmawt.so
7f83b98e7000-7f83b98e8000 rw-p 00000000 00:00 0 
7f83b98e8000-7f83b9991000 r-xp 00000000 08:15 1597388                    /usr/lib/jvm/java-6-openjdk/jre/lib/amd64/libawt.so
7f83b9991000-7f83b9b90000 ---p 000a9000 08:15 1597388                    /usr/lib/jvm/java-6-openjdk/jre/lib/amd64/libawt.so
7f83b9b90000-7f83b9b91000 r--p 000a8000 08:15 1597388                    /usr/lib/jvm/java-6-openjdk/jre/lib/amd64/libawt.so
7f83b9b91000-7f83b9b9c000 rw-p 000a9000 08:15 1597388                    /usr/lib/jvm/java-6-openjdk/jre/lib/amd64/libawt.so
7f83b9b9c000-7f83b9bc1000 rw-p 00000000 00:00 0 
7f83b9bc1000-7f83b9bd2000 r--s 0011a000 08:15 1339891                    /home/bompo/git/mgcube/libs/gdx-backend-lwjgl.jar
7f83b9bd2000-7f83b9bd3000 r--s 00007000 08:15 1326708                    /home/bompo/git/mgcube/libs/gdx-backend-lwjgl-sources.jar
7f83b9bd3000-7f83b9bd4000 r--s 00127000 08:15 1315805                    /home/bompo/git/mgcube/libs/gdx-backend-lwjgl-natives.jar
7f83b9bd4000-7f83b9bd8000 r--s 0007c000 08:15 1597316                    /usr/lib/jvm/java-6-openjdk/jre/lib/jsse.jar
7f83b9bd8000-7f83b9be3000 r--s 00096000 08:15 1339890                    /home/bompo/git/mgcube/libs/gdx.jar
7f83b9be3000-7f83b9beb000 r--s 0007b000 08:15 1339556                    /home/bompo/git/mgcube/libs/gdx-sources.jar
7f83b9beb000-7f83b9bec000 r--s 001a8000 08:15 1328895                    /home/bompo/git/mgcube/libs/gdx-natives.jar
7f83b9bec000-7f83b9bf4000 r--s 00066000 08:15 1721290                    /usr/share/java/gnome-java-bridge.jar
7f83b9bf4000-7f83b9bf7000 r--s 0000f000 08:15 1597341                    /usr/lib/jvm/java-6-openjdk/jre/lib/ext/pulse-java.jar
7f83b9bf7000-7f83b9bf8000 ---p 00000000 00:00 0 
7f83b9bf8000-7f83b9cf8000 rw-p 00000000 00:00 0 
7f83b9cf8000-7f83b9cfb000 ---p 00000000 00:00 0 
7f83b9cfb000-7f83b9df9000 rw-p 00000000 00:00 0 
7f83b9df9000-7f83b9dfc000 ---p 00000000 00:00 0 
7f83b9dfc000-7f83b9efa000 rw-p 00000000 00:00 0 
7f83b9efa000-7f83b9efd000 ---p 00000000 00:00 0 
7f83b9efd000-7f83b9ffb000 rw-p 00000000 00:00 0 
7f83b9ffb000-7f83b9ffe000 ---p 00000000 00:00 0 
7f83b9ffe000-7f83ba0fc000 rw-p 00000000 00:00 0 
7f83ba0fc000-7f83ba504000 r--p 00000000 08:15 1570348                    /usr/lib/locale/locale-archive
7f83ba504000-7f83ba507000 ---p 00000000 00:00 0 
7f83ba507000-7f83ba605000 rw-p 00000000 00:00 0 
7f83ba605000-7f83ba608000 ---p 00000000 00:00 0 
7f83ba608000-7f83ba706000 rw-p 00000000 00:00 0 
7f83ba706000-7f83ba707000 ---p 00000000 00:00 0 
7f83ba707000-7f83bad3f000 rw-p 00000000 00:00 0 
7f83bad3f000-7f83baecf000 r--s 037af000 08:15 1597397                    /usr/lib/jvm/java-6-openjdk/jre/lib/rt.jar
7f83baecf000-7f83baef7000 rw-p 00000000 00:00 0 
7f83baef7000-7f83baef8000 ---p 00000000 00:00 0 
7f83baef8000-7f83baff8000 rw-p 00000000 00:00 0 
7f83baff8000-7f83baff9000 ---p 00000000 00:00 0 
7f83baff9000-7f83bb0f9000 rw-p 00000000 00:00 0 
7f83bb0f9000-7f83bb0fa000 ---p 00000000 00:00 0 
7f83bb0fa000-7f83bb1fa000 rw-p 00000000 00:00 0 
7f83bb1fa000-7f83bb1fb000 ---p 00000000 00:00 0 
7f83bb1fb000-7f83bb306000 rw-p 00000000 00:00 0 
7f83bb306000-7f83bb34e000 rw-p 00000000 00:00 0 
7f83bb34e000-7f83bb363000 rw-p 00000000 00:00 0 
7f83bb363000-7f83bb496000 rw-p 00000000 00:00 0 
7f83bb496000-7f83bb4a1000 rw-p 00000000 00:00 0 
7f83bb4a1000-7f83bb4e9000 rw-p 00000000 00:00 0 
7f83bb4e9000-7f83bb4fe000 rw-p 00000000 00:00 0 
7f83bb4fe000-7f83bb630000 rw-p 00000000 00:00 0 
7f83bb630000-7f83bb63b000 rw-p 00000000 00:00 0 
7f83bb63b000-7f83bb6d4000 rw-p 00000000 00:00 0 
7f83bb6d4000-7f83bb6d5000 rw-p 00000000 00:00 0 
7f83bb6d5000-7f83bb945000 rwxp 00000000 00:00 0 
7f83bb945000-7f83be6d5000 rw-p 00000000 00:00 0 
7f83be6d5000-7f83be6dc000 r-xp 00000000 08:15 1597383                    /usr/lib/jvm/java-6-openjdk/jre/lib/amd64/libzip.so
7f83be6dc000-7f83be8db000 ---p 00007000 08:15 1597383                    /usr/lib/jvm/java-6-openjdk/jre/lib/amd64/libzip.so
7f83be8db000-7f83be8dc000 r--p 00006000 08:15 1597383                    /usr/lib/jvm/java-6-openjdk/jre/lib/amd64/libzip.so
7f83be8dc000-7f83be8dd000 rw-p 00007000 08:15 1597383                    /usr/lib/jvm/java-6-openjdk/jre/lib/amd64/libzip.so
7f83be8dd000-7f83be8e9000 r-xp 00000000 08:15 535712                     /lib/x86_64-linux-gnu/libnss_files-2.13.so
7f83be8e9000-7f83beae8000 ---p 0000c000 08:15 535712                     /lib/x86_64-linux-gnu/libnss_files-2.13.so
7f83beae8000-7f83beae9000 r--p 0000b000 08:15 535712                     /lib/x86_64-linux-gnu/libnss_files-2.13.so
7f83beae9000-7f83beaea000 rw-p 0000c000 08:15 535712                     /lib/x86_64-linux-gnu/libnss_files-2.13.so
7f83beaea000-7f83beaf5000 r-xp 00000000 08:15 535714                     /lib/x86_64-linux-gnu/libnss_nis-2.13.so
7f83beaf5000-7f83becf4000 ---p 0000b000 08:15 535714                     /lib/x86_64-linux-gnu/libnss_nis-2.13.so
7f83becf4000-7f83becf5000 r--p 0000a000 08:15 535714                     /lib/x86_64-linux-gnu/libnss_nis-2.13.so
7f83becf5000-7f83becf6000 rw-p 0000b000 08:15 535714                     /lib/x86_64-linux-gnu/libnss_nis-2.13.so
7f83becf6000-7f83becfe000 r-xp 00000000 08:15 535710                     /lib/x86_64-linux-gnu/libnss_compat-2.13.so
7f83becfe000-7f83beefd000 ---p 00008000 08:15 535710                     /lib/x86_64-linux-gnu/libnss_compat-2.13.so
7f83beefd000-7f83beefe000 r--p 00007000 08:15 535710                     /lib/x86_64-linux-gnu/libnss_compat-2.13.so
7f83beefe000-7f83beeff000 rw-p 00008000 08:15 535710                     /lib/x86_64-linux-gnu/libnss_compat-2.13.so
7f83beeff000-7f83bef16000 r-xp 00000000 08:15 535709                     /lib/x86_64-linux-gnu/libnsl-2.13.so
7f83bef16000-7f83bf115000 ---p 00017000 08:15 535709                     /lib/x86_64-linux-gnu/libnsl-2.13.so
7f83bf115000-7f83bf116000 r--p 00016000 08:15 535709                     /lib/x86_64-linux-gnu/libnsl-2.13.so
7f83bf116000-7f83bf117000 rw-p 00017000 08:15 535709                     /lib/x86_64-linux-gnu/libnsl-2.13.so
7f83bf117000-7f83bf119000 rw-p 00000000 00:00 0 
7f83bf119000-7f83bf145000 r-xp 00000000 08:15 1597382                    /usr/lib/jvm/java-6-openjdk/jre/lib/amd64/libjava.so
7f83bf145000-7f83bf344000 ---p 0002c000 08:15 1597382                    /usr/lib/jvm/java-6-openjdk/jre/lib/amd64/libjava.so
7f83bf344000-7f83bf345000 r--p 0002b000 08:15 1597382                    /usr/lib/jvm/java-6-openjdk/jre/lib/amd64/libjava.so
7f83bf345000-7f83bf348000 rw-p 0002c000 08:15 1597382                    /usr/lib/jvm/java-6-openjdk/jre/lib/amd64/libjava.so
7f83bf348000-7f83bf356000 r-xp 00000000 08:15 1597368                    /usr/lib/jvm/java-6-openjdk/jre/lib/amd64/libverify.so
7f83bf356000-7f83bf555000 ---p 0000e000 08:15 1597368                    /usr/lib/jvm/java-6-openjdk/jre/lib/amd64/libverify.so
7f83bf555000-7f83bf557000 r--p 0000d000 08:15 1597368                    /usr/lib/jvm/java-6-openjdk/jre/lib/amd64/libverify.so
7f83bf557000-7f83bf558000 rw-p 0000f000 08:15 1597368                    /usr/lib/jvm/java-6-openjdk/jre/lib/amd64/libverify.so
7f83bf558000-7f83bf55f000 r-xp 00000000 08:15 535724                     /lib/x86_64-linux-gnu/librt-2.13.so
7f83bf55f000-7f83bf75e000 ---p 00007000 08:15 535724                     /lib/x86_64-linux-gnu/librt-2.13.so
7f83bf75e000-7f83bf75f000 r--p 00006000 08:15 535724                     /lib/x86_64-linux-gnu/librt-2.13.so
7f83bf75f000-7f83bf760000 rw-p 00007000 08:15 535724                     /lib/x86_64-linux-gnu/librt-2.13.so
7f83bf760000-7f83bf775000 r-xp 00000000 08:15 528127                     /lib/x86_64-linux-gnu/libgcc_s.so.1
7f83bf775000-7f83bf974000 ---p 00015000 08:15 528127                     /lib/x86_64-linux-gnu/libgcc_s.so.1
7f83bf974000-7f83bf975000 r--p 00014000 08:15 528127                     /lib/x86_64-linux-gnu/libgcc_s.so.1
7f83bf975000-7f83bf976000 rw-p 00015000 08:15 528127                     /lib/x86_64-linux-gnu/libgcc_s.so.1
7f83bf976000-7f83bf9fa000 r-xp 00000000 08:15 535703                     /lib/x86_64-linux-gnu/libm-2.13.so
7f83bf9fa000-7f83bfbf9000 ---p 00084000 08:15 535703                     /lib/x86_64-linux-gnu/libm-2.13.so
7f83bfbf9000-7f83bfbfa000 r--p 00083000 08:15 535703                     /lib/x86_64-linux-gnu/libm-2.13.so
7f83bfbfa000-7f83bfbfb000 rw-p 00084000 08:15 535703                     /lib/x86_64-linux-gnu/libm-2.13.so
7f83bfbfb000-7f83bfce3000 r-xp 00000000 08:15 1571250                    /usr/lib/x86_64-linux-gnu/libstdc++.so.6.0.14
7f83bfce3000-7f83bfee2000 ---p 000e8000 08:15 1571250                    /usr/lib/x86_64-linux-gnu/libstdc++.so.6.0.14
7f83bfee2000-7f83bfeea000 r--p 000e7000 08:15 1571250                    /usr/lib/x86_64-linux-gnu/libstdc++.so.6.0.14
7f83bfeea000-7f83bfeec000 rw-p 000ef000 08:15 1571250                    /usr/lib/x86_64-linux-gnu/libstdc++.so.6.0.14
7f83bfeec000-7f83bff01000 rw-p 00000000 00:00 0 
7f83bff01000-7f83c0856000 r-xp 00000000 08:15 1597385                    /usr/lib/jvm/java-6-openjdk/jre/lib/amd64/server/libjvm.so
7f83c0856000-7f83c0a55000 ---p 00955000 08:15 1597385                    /usr/lib/jvm/java-6-openjdk/jre/lib/amd64/server/libjvm.so
7f83c0a55000-7f83c0ad6000 r--p 00954000 08:15 1597385                    /usr/lib/jvm/java-6-openjdk/jre/lib/amd64/server/libjvm.so
7f83c0ad6000-7f83c0af1000 rw-p 009d5000 08:15 1597385                    /usr/lib/jvm/java-6-openjdk/jre/lib/amd64/server/libjvm.so
7f83c0af1000-7f83c0b1a000 rw-p 00000000 00:00 0 
7f83c0b1a000-7f83c0ca4000 r-xp 00000000 08:15 535697                     /lib/x86_64-linux-gnu/libc-2.13.so
7f83c0ca4000-7f83c0ea3000 ---p 0018a000 08:15 535697                     /lib/x86_64-linux-gnu/libc-2.13.so
7f83c0ea3000-7f83c0ea7000 r--p 00189000 08:15 535697                     /lib/x86_64-linux-gnu/libc-2.13.so
7f83c0ea7000-7f83c0ea8000 rw-p 0018d000 08:15 535697                     /lib/x86_64-linux-gnu/libc-2.13.so
7f83c0ea8000-7f83c0eae000 rw-p 00000000 00:00 0 
7f83c0eae000-7f83c0eb0000 r-xp 00000000 08:15 535702                     /lib/x86_64-linux-gnu/libdl-2.13.so
7f83c0eb0000-7f83c10b0000 ---p 00002000 08:15 535702                     /lib/x86_64-linux-gnu/libdl-2.13.so
7f83c10b0000-7f83c10b1000 r--p 00002000 08:15 535702                     /lib/x86_64-linux-gnu/libdl-2.13.so
7f83c10b1000-7f83c10b2000 rw-p 00003000 08:15 535702                     /lib/x86_64-linux-gnu/libdl-2.13.so
7f83c10b2000-7f83c10b6000 r-xp 00000000 08:15 1597366                    /usr/lib/jvm/java-6-openjdk/jre/lib/amd64/jli/libjli.so
7f83c10b6000-7f83c12b5000 ---p 00004000 08:15 1597366                    /usr/lib/jvm/java-6-openjdk/jre/lib/amd64/jli/libjli.so
7f83c12b5000-7f83c12b6000 r--p 00003000 08:15 1597366                    /usr/lib/jvm/java-6-openjdk/jre/lib/amd64/jli/libjli.so
7f83c12b6000-7f83c12b7000 rw-p 00004000 08:15 1597366                    /usr/lib/jvm/java-6-openjdk/jre/lib/amd64/jli/libjli.so
7f83c12b7000-7f83c12cf000 r-xp 00000000 08:15 535718                     /lib/x86_64-linux-gnu/libpthread-2.13.so
7f83c12cf000-7f83c14cf000 ---p 00018000 08:15 535718                     /lib/x86_64-linux-gnu/libpthread-2.13.so
7f83c14cf000-7f83c14d0000 r--p 00018000 08:15 535718                     /lib/x86_64-linux-gnu/libpthread-2.13.so
7f83c14d0000-7f83c14d1000 rw-p 00019000 08:15 535718                     /lib/x86_64-linux-gnu/libpthread-2.13.so
7f83c14d1000-7f83c14d5000 rw-p 00000000 00:00 0 
7f83c14d5000-7f83c14ec000 r-xp 00000000 08:15 535781                     /lib/x86_64-linux-gnu/libz.so.1.2.3.4
7f83c14ec000-7f83c16eb000 ---p 00017000 08:15 535781                     /lib/x86_64-linux-gnu/libz.so.1.2.3.4
7f83c16eb000-7f83c16ec000 r--p 00016000 08:15 535781                     /lib/x86_64-linux-gnu/libz.so.1.2.3.4
7f83c16ec000-7f83c16ed000 rw-p 00017000 08:15 535781                     /lib/x86_64-linux-gnu/libz.so.1.2.3.4
7f83c16ed000-7f83c170e000 r-xp 00000000 08:15 535673                     /lib/x86_64-linux-gnu/ld-2.13.so
7f83c170e000-7f83c170f000 r--p 00000000 00:00 0 
7f83c170f000-7f83c1710000 r--s 00000000 08:15 1340105                    /home/bompo/.fontconfig/aa7e4f27e681240d22a1f116cf7520f0-le64.cache-3
7f83c1710000-7f83c1719000 r--s 00000000 08:15 554448                     /var/cache/fontconfig/6d41288fd70b0be22e8c3a91e032eec0-le64.cache-3
7f83c1719000-7f83c1723000 rw-p 00000000 00:00 0 
7f83c1723000-7f83c17d9000 rw-p 00000000 00:00 0 
7f83c17d9000-7f83c17dc000 ---p 00000000 00:00 0 
7f83c17dc000-7f83c18df000 rw-p 00000000 00:00 0 
7f83c18df000-7f83c18e0000 r--s 00000000 08:15 554466                     /var/cache/fontconfig/4c73fe0c47614734b17d736dbde7580a-le64.cache-3
7f83c18e0000-7f83c18e1000 r--s 00000000 08:15 554459                     /var/cache/fontconfig/0d8c3b2ac0904cb8a57a757ad11a4a08-le64.cache-3
7f83c18e1000-7f83c18e2000 r--s 00000000 08:15 554454                     /var/cache/fontconfig/6a53c69dea097a2d716e069445527da8-le64.cache-3
7f83c18e2000-7f83c18f2000 r--s 00000000 08:15 554447                     /var/cache/fontconfig/0f34bcd4b6ee430af32735b75db7f02b-le64.cache-3
7f83c18f2000-7f83c18f5000 r--s 00000000 08:15 554441                     /var/cache/fontconfig/d60319d88cac85ba9e1a07bd06cfbb8c-le64.cache-3
7f83c18f5000-7f83c18f6000 r--s 00000000 08:15 529070                     /var/cache/fontconfig/4794a0821666d79190d59a36cb4f44b5-le64.cache-3
7f83c18f6000-7f83c1900000 r--s 00000000 08:15 554433                     /var/cache/fontconfig/d52a8644073d54c13679302ca1180695-le64.cache-3
7f83c1900000-7f83c1901000 r--s 00000000 08:15 554418                     /var/cache/fontconfig/ec648e9a1aea82bddd4bd6050028158d-le64.cache-3
7f83c1901000-7f83c1909000 rw-s 00000000 08:15 529433                     /tmp/hsperfdata_bompo/27989
7f83c1909000-7f83c190a000 rw-p 00000000 00:00 0 
7f83c190a000-7f83c190b000 r--p 00000000 00:00 0 
7f83c190b000-7f83c190d000 rw-p 00000000 00:00 0 
7f83c190d000-7f83c190e000 r--p 00020000 08:15 535673                     /lib/x86_64-linux-gnu/ld-2.13.so
7f83c190e000-7f83c1910000 rw-p 00021000 08:15 535673                     /lib/x86_64-linux-gnu/ld-2.13.so
7fff4e8e3000-7fff4e904000 rw-p 00000000 00:00 0                          [stack]
7fff4e9ff000-7fff4ea00000 r-xp 00000000 00:00 0                          [vdso]
ffffffffff600000-ffffffffff601000 r-xp 00000000 00:00 0                  [vsyscall]

VM Arguments:
jvm_args: -Dfile.encoding=UTF-8 
java_command: de.swagner.mgcube.DesktopStarter
Launcher Type: SUN_STANDARD

Environment Variables:
PATH=/usr/local/sbin:/usr/local/bin:/usr/sbin:/usr/bin:/sbin:/bin:/usr/games
USERNAME=bompo
LD_LIBRARY_PATH=/usr/lib/jvm/java-6-openjdk/jre/lib/amd64/server:/usr/lib/jvm/java-6-openjdk/jre/lib/amd64:/usr/lib/jvm/java-6-openjdk/jre/../lib/amd64:/usr/lib64/xulrunner-addons
SHELL=/bin/bash
DISPLAY=:0.0

Signal Handlers:
SIGSEGV: [libjvm.so+0x7d0f60], sa_mask[0]=0x7ffbfeff, sa_flags=0x10000004
SIGBUS: [libjvm.so+0x7d0f60], sa_mask[0]=0x7ffbfeff, sa_flags=0x10000004
SIGFPE: [libjvm.so+0x683760], sa_mask[0]=0x7ffbfeff, sa_flags=0x10000004
SIGPIPE: [libjvm.so+0x683760], sa_mask[0]=0x7ffbfeff, sa_flags=0x10000004
SIGXFSZ: [libjvm.so+0x683760], sa_mask[0]=0x7ffbfeff, sa_flags=0x10000004
SIGILL: [libjvm.so+0x683760], sa_mask[0]=0x7ffbfeff, sa_flags=0x10000004
SIGUSR1: SIG_DFL, sa_mask[0]=0x00000000, sa_flags=0x00000000
SIGUSR2: [libjvm.so+0x683930], sa_mask[0]=0x00000004, sa_flags=0x10000004
SIGHUP: [libjvm.so+0x6862d0], sa_mask[0]=0x7ffbfeff, sa_flags=0x10000004
SIGINT: [libjvm.so+0x6862d0], sa_mask[0]=0x7ffbfeff, sa_flags=0x10000004
SIGTERM: [libjvm.so+0x6862d0], sa_mask[0]=0x7ffbfeff, sa_flags=0x10000004
SIGQUIT: [libjvm.so+0x6862d0], sa_mask[0]=0x7ffbfeff, sa_flags=0x10000004


---------------  S Y S T E M  ---------------

OS:Ubuntu 11.04 (natty)
uname:Linux 2.6.38-11-generic #47-Ubuntu SMP Fri Jul 15 19:27:09 UTC 2011 x86_64
libc:glibc 2.13 NPTL 2.13 
rlimit: STACK 8192k, CORE 0k, NPROC infinity, NOFILE 4096, AS infinity
load average:0.97 0.50 0.37

/proc/meminfo:
MemTotal:        4015564 kB
MemFree:          938356 kB
Buffers:          157752 kB
Cached:          1033968 kB
SwapCached:         1264 kB
Active:          1632760 kB
Inactive:         998276 kB
Active(anon):    1024544 kB
Inactive(anon):   424028 kB
Active(file):     608216 kB
Inactive(file):   574248 kB
Unevictable:         132 kB
Mlocked:             132 kB
SwapTotal:      19529724 kB
SwapFree:       19525596 kB
Dirty:              5188 kB
Writeback:             4 kB
AnonPages:       1438356 kB
Mapped:           163692 kB
Shmem:              9216 kB
Slab:             235608 kB
SReclaimable:     208004 kB
SUnreclaim:        27604 kB
KernelStack:        3704 kB
PageTables:        30112 kB
NFS_Unstable:          0 kB
Bounce:                0 kB
WritebackTmp:          0 kB
CommitLimit:    21537504 kB
Committed_AS:    3610696 kB
VmallocTotal:   34359738367 kB
VmallocUsed:      149336 kB
VmallocChunk:   34359565308 kB
HardwareCorrupted:     0 kB
HugePages_Total:       0
HugePages_Free:        0
HugePages_Rsvd:        0
HugePages_Surp:        0
Hugepagesize:       2048 kB
DirectMap4k:      241536 kB
DirectMap2M:     3911680 kB


CPU:total 4 (4 cores per cpu, 1 threads per core) family 6 model 30 stepping 5, cmov, cx8, fxsr, mmx, sse, sse2, sse3, ssse3, sse4.1, sse4.2, popcnt

Memory: 4k page, physical 4015564k(938356k free), swap 19529724k(19525596k free)

vm_info: OpenJDK 64-Bit Server VM (20.0-b11) for linux-amd64 JRE (1.6.0_22-b22), built on Jun 11 2011 05:56:16 by "buildd" with gcc 4.5.2

time: Tue Aug  2 00:01:49 2011
elapsed time: 140 seconds

