#
# A fatal error has been detected by the Java Runtime Environment:
#
#  SIGBUS (0x7) at pc=0x00007f352cfad792, pid=10460, tid=139866368251648
#
# JRE version: 6.0_24-b07
# Java VM: Java HotSpot(TM) 64-Bit Server VM (19.1-b02 mixed mode linux-amd64 compressed oops)
# Problematic frame:
# 
[error occurred during error reporting (printing problematic frame), id 0x7]

# If you would like to submit a bug report, please visit:
#   http://java.sun.com/webapps/bugreport/crash.jsp
# The crash happened outside the Java Virtual Machine in native code.
# See problematic frame for where to report the bug.
#

---------------  T H R E A D  ---------------

Current thread (0x0000000041491800):  JavaThread "AWT-EventQueue-0" [_thread_in_native, id=10481, stack(0x00007f352d221000,0x00007f352d322000)]

siginfo:si_signo=SIGBUS: si_errno=0, si_code=2 (BUS_ADRERR), si_addr=0x00007f352d00206c

Registers:
RAX=0x00000000ec870370, RBX=0x00000000414919c8, RCX=0x00007f352800b680, RDX=0x00007f35365d1000
RSP=0x00007f352d31f790, RBP=0x00007f352d31f8d0, RSI=0x00007f3535a920f0, RDI=0x0000000000000180
R8 =0x00007f3535aa61a8, R9 =0x00007f3535aa9f78, R10=0x00007f352800ba68, R11=0x00007f352800b6c8
R12=0x0000000000000000, R13=0x00000000bdd5a748, R14=0x00007f352d31f8d0, R15=0x0000000041491800
RIP=0x00007f352cfad792, EFL=0x0000000000010206, CSGSFS=0x0000000000000033, ERR=0x0000000000000004
  TRAPNO=0x000000000000000e

Register to memory mapping:

RAX=0x00000000ec870370

[error occurred during error reporting (printing registers, top of stack, instructions near pc), id 0xe0000000]

Stack: [0x00007f352d221000,0x00007f352d322000],  sp=0x00007f352d31f790,  free space=1017k
Native frames: (J=compiled Java code, j=interpreted, Vv=VM code, C=native code)

[error occurred during error reporting (printing native stack), id 0x7]

Java frames: (J=compiled Java code, j=interpreted, Vv=VM code)
j  com.badlogic.gdx.math.Matrix4.inv([F)Z+0
j  com.badlogic.gdx.graphics.PerspectiveCamera.update()V+119
j  de.swagner.mgcube.MainMenuScreen.render(F)V+129
j  com.badlogic.gdx.Game.render()V+19
j  com.badlogic.gdx.backends.jogl.JoglGraphics.display(Ljavax/media/opengl/GLAutoDrawable;)V+114
j  com.sun.opengl.impl.GLDrawableHelper.display(Ljavax/media/opengl/GLAutoDrawable;)V+29
j  javax.media.opengl.GLCanvas$DisplayAction.run()V+80
j  com.sun.opengl.impl.GLDrawableHelper.invokeGL(Ljavax/media/opengl/GLDrawable;Ljavax/media/opengl/GLContext;Ljava/lang/Runnable;Ljava/lang/Runnable;)V+418
j  javax.media.opengl.GLCanvas$DisplayOnEventDispatchThreadAction.run()V+35
j  java.awt.event.InvocationEvent.dispatch()V+11
j  java.awt.EventQueue.dispatchEventImpl(Ljava/awt/AWTEvent;Ljava/lang/Object;)V+21
j  java.awt.EventQueue.access$000(Ljava/awt/EventQueue;Ljava/awt/AWTEvent;Ljava/lang/Object;)V+3
j  java.awt.EventQueue$1.run()Ljava/lang/Void;+12
j  java.awt.EventQueue$1.run()Ljava/lang/Object;+1
v  ~StubRoutines::call_stub
j  java.security.AccessController.doPrivileged(Ljava/security/PrivilegedAction;Ljava/security/AccessControlContext;)Ljava/lang/Object;+0
j  java.security.AccessControlContext$1.doIntersectionPrivilege(Ljava/security/PrivilegedAction;Ljava/security/AccessControlContext;Ljava/security/AccessControlContext;)Ljava/lang/Object;+28
j  java.awt.EventQueue.dispatchEvent(Ljava/awt/AWTEvent;)V+46
j  java.awt.EventDispatchThread.pumpOneEventForFilters(I)Z+204
j  java.awt.EventDispatchThread.pumpEventsForFilter(ILjava/awt/Conditional;Ljava/awt/EventFilter;)V+30
j  java.awt.EventDispatchThread.pumpEventsForHierarchy(ILjava/awt/Conditional;Ljava/awt/Component;)V+11
j  java.awt.EventDispatchThread.pumpEvents(ILjava/awt/Conditional;)V+4
j  java.awt.EventDispatchThread.pumpEvents(Ljava/awt/Conditional;)V+3
j  java.awt.EventDispatchThread.run()V+9
v  ~StubRoutines::call_stub

---------------  P R O C E S S  ---------------

Java Threads: ( => current thread )
  0x000000004130c000 JavaThread "DestroyJavaVM" [_thread_blocked, id=10465, stack(0x00007f3534d6f000,0x00007f3534e70000)]
  0x0000000041622000 JavaThread "Thread-1" [_thread_blocked, id=10486, stack(0x00007f351eb35000,0x00007f351ec36000)]
=>0x0000000041491800 JavaThread "AWT-EventQueue-0" [_thread_in_native, id=10481, stack(0x00007f352d221000,0x00007f352d322000)]
  0x0000000041490000 JavaThread "AWT-Shutdown" [_thread_blocked, id=10480, stack(0x00007f352d322000,0x00007f352d423000)]
  0x000000004148f000 JavaThread "AWT-XAWT" daemon [_thread_blocked, id=10479, stack(0x00007f352d423000,0x00007f352d524000)]
  0x000000004143e800 JavaThread "Java2D Disposer" daemon [_thread_blocked, id=10478, stack(0x00007f352de93000,0x00007f352df94000)]
  0x000000004139c000 JavaThread "Low Memory Detector" daemon [_thread_blocked, id=10476, stack(0x00007f352f536000,0x00007f352f637000)]
  0x0000000041399800 JavaThread "CompilerThread1" daemon [_thread_blocked, id=10475, stack(0x00007f352f637000,0x00007f352f738000)]
  0x0000000041396800 JavaThread "CompilerThread0" daemon [_thread_blocked, id=10474, stack(0x00007f352f738000,0x00007f352f839000)]
  0x0000000041394800 JavaThread "Signal Dispatcher" daemon [_thread_blocked, id=10473, stack(0x00007f352f839000,0x00007f352f93a000)]
  0x0000000041378000 JavaThread "Finalizer" daemon [_thread_blocked, id=10472, stack(0x00007f352fd42000,0x00007f352fe43000)]
  0x0000000041370800 JavaThread "Reference Handler" daemon [_thread_blocked, id=10471, stack(0x00007f352fe43000,0x00007f352ff44000)]

Other Threads:
  0x0000000041369800 VMThread [stack: 0x00007f352ff44000,0x00007f3530045000] [id=10470]
  0x00000000413a6800 WatcherThread [stack: 0x00007f352f435000,0x00007f352f536000] [id=10477]

VM state:not at safepoint (normal execution)

VM Mutex/Monitor currently owned by a thread: None

Heap
 PSYoungGen      total 18432K, used 2731K [0x00000000eb600000, 0x00000000eca90000, 0x0000000100000000)
  eden space 15808K, 4% used [0x00000000eb600000,0x00000000eb6a1e20,0x00000000ec570000)
  from space 2624K, 79% used [0x00000000ec800000,0x00000000eca09190,0x00000000eca90000)
  to   space 2624K, 0% used [0x00000000ec570000,0x00000000ec570000,0x00000000ec800000)
 PSOldGen        total 42240K, used 0K [0x00000000c2200000, 0x00000000c4b40000, 0x00000000eb600000)
  object space 42240K, 0% used [0x00000000c2200000,0x00000000c2200000,0x00000000c4b40000)
 PSPermGen       total 21248K, used 17314K [0x00000000bd000000, 0x00000000be4c0000, 0x00000000c2200000)
  object space 21248K, 81% used [0x00000000bd000000,0x00000000be0e8848,0x00000000be4c0000)

Dynamic libraries:
40000000-40009000 r-xp 00000000 08:05 1662394                            /usr/lib/jvm/java-6-sun-1.6.0.24/jre/bin/java
40108000-4010a000 rwxp 00008000 08:05 1662394                            /usr/lib/jvm/java-6-sun-1.6.0.24/jre/bin/java
40220000-40222000 r-xs 00000000 08:05 527180                             /tmp/glVKq65Z (deleted)
41303000-417d5000 rwxp 00000000 00:00 0                                  [heap]
417f2000-41869000 rwxp 00000000 00:00 0 
bd000000-be4c0000 rwxp 00000000 00:00 0 
be4c0000-c2200000 rwxp 00000000 00:00 0 
c2200000-c4b40000 rwxp 00000000 00:00 0 
c4b40000-eb600000 rwxp 00000000 00:00 0 
eb600000-eca90000 rwxp 00000000 00:00 0 
eca90000-100000000 rwxp 00000000 00:00 0 
7f351dab6000-7f351db36000 rwxs 584c1000 00:05 9702                       /dev/nvidia0
7f351db36000-7f351e731000 rwxp 00000000 00:00 0 
7f351e731000-7f351e931000 rwxs adfcb000 00:05 9702                       /dev/nvidia0
7f351e931000-7f351e935000 rwxs a583b000 00:05 9702                       /dev/nvidia0
7f351e935000-7f351ea35000 rwxs 56c6d000 00:05 9702                       /dev/nvidia0
7f351ea35000-7f351eb35000 rwxp 00000000 00:00 0 
7f351eb35000-7f351eb38000 ---p 00000000 00:00 0 
7f351eb38000-7f351ec36000 rwxp 00000000 00:00 0 
7f351ec36000-7f351ec37000 ---p 00000000 00:00 0 
7f351ec37000-7f351f437000 rwxp 00000000 00:00 0 
7f351f437000-7f3523438000 rwxs 00000000 00:10 294157                     /dev/shm/pulse-shm-2902239080
7f3523438000-7f3523439000 ---p 00000000 00:00 0 
7f3523439000-7f3523c39000 rwxp 00000000 00:00 0 
7f3523c39000-7f3523c3f000 r-xp 00000000 08:05 1573092                    /usr/lib/libogg.so.0.7.0
7f3523c3f000-7f3523e3e000 ---p 00006000 08:05 1573092                    /usr/lib/libogg.so.0.7.0
7f3523e3e000-7f3523e3f000 r-xp 00005000 08:05 1573092                    /usr/lib/libogg.so.0.7.0
7f3523e3f000-7f3523e40000 rwxp 00006000 08:05 1573092                    /usr/lib/libogg.so.0.7.0
7f3523e40000-7f3523e6b000 r-xp 00000000 08:05 1582648                    /usr/lib/libvorbis.so.0.4.5
7f3523e6b000-7f352406a000 ---p 0002b000 08:05 1582648                    /usr/lib/libvorbis.so.0.4.5
7f352406a000-7f352406b000 r-xp 0002a000 08:05 1582648                    /usr/lib/libvorbis.so.0.4.5
7f352406b000-7f352406c000 rwxp 0002b000 08:05 1582648                    /usr/lib/libvorbis.so.0.4.5
7f352406c000-7f352431f000 r-xp 00000000 08:05 1573212                    /usr/lib/libvorbisenc.so.2.0.8
7f352431f000-7f352451e000 ---p 002b3000 08:05 1573212                    /usr/lib/libvorbisenc.so.2.0.8
7f352451e000-7f352453a000 r-xp 002b2000 08:05 1573212                    /usr/lib/libvorbisenc.so.2.0.8
7f352453a000-7f352453b000 rwxp 002ce000 08:05 1573212                    /usr/lib/libvorbisenc.so.2.0.8
7f352453b000-7f3524583000 r-xp 00000000 08:05 1570101                    /usr/lib/libFLAC.so.8.2.0
7f3524583000-7f3524783000 ---p 00048000 08:05 1570101                    /usr/lib/libFLAC.so.8.2.0
7f3524783000-7f3524784000 r-xp 00048000 08:05 1570101                    /usr/lib/libFLAC.so.8.2.0
7f3524784000-7f3524785000 rwxp 00049000 08:05 1570101                    /usr/lib/libFLAC.so.8.2.0
7f3524785000-7f35247e6000 r-xp 00000000 08:05 1570821                    /usr/lib/libsndfile.so.1.0.23
7f35247e6000-7f35249e6000 ---p 00061000 08:05 1570821                    /usr/lib/libsndfile.so.1.0.23
7f35249e6000-7f35249e8000 r-xp 00061000 08:05 1570821                    /usr/lib/libsndfile.so.1.0.23
7f35249e8000-7f35249e9000 rwxp 00063000 08:05 1570821                    /usr/lib/libsndfile.so.1.0.23
7f35249e9000-7f35249ed000 rwxp 00000000 00:00 0 
7f35249ed000-7f35249f5000 r-xp 00000000 08:05 538930                     /lib/libwrap.so.0.7.6
7f35249f5000-7f3524bf5000 ---p 00008000 08:05 538930                     /lib/libwrap.so.0.7.6
7f3524bf5000-7f3524bf6000 r-xp 00008000 08:05 538930                     /lib/libwrap.so.0.7.6
7f3524bf6000-7f3524bf7000 rwxp 00009000 08:05 538930                     /lib/libwrap.so.0.7.6
7f3524bf7000-7f3524bf8000 rwxp 00000000 00:00 0 
7f3524bf8000-7f3524bfc000 r-xp 00000000 08:05 534738                     /lib/x86_64-linux-gnu/libuuid.so.1.3.0
7f3524bfc000-7f3524dfb000 ---p 00004000 08:05 534738                     /lib/x86_64-linux-gnu/libuuid.so.1.3.0
7f3524dfb000-7f3524dfc000 r-xp 00003000 08:05 534738                     /lib/x86_64-linux-gnu/libuuid.so.1.3.0
7f3524dfc000-7f3524dfd000 rwxp 00004000 08:05 534738                     /lib/x86_64-linux-gnu/libuuid.so.1.3.0
7f3524dfd000-7f3524e3f000 r-xp 00000000 08:05 525819                     /lib/x86_64-linux-gnu/libdbus-1.so.3.5.4
7f3524e3f000-7f352503f000 ---p 00042000 08:05 525819                     /lib/x86_64-linux-gnu/libdbus-1.so.3.5.4
7f352503f000-7f3525040000 r-xp 00042000 08:05 525819                     /lib/x86_64-linux-gnu/libdbus-1.so.3.5.4
7f3525040000-7f3525041000 rwxp 00043000 08:05 525819                     /lib/x86_64-linux-gnu/libdbus-1.so.3.5.4
7f3525041000-7f352508c000 r-xp 00000000 08:05 1580900                    /usr/lib/libpulsecommon-0.9.22.so
7f352508c000-7f352528b000 ---p 0004b000 08:05 1580900                    /usr/lib/libpulsecommon-0.9.22.so
7f352528b000-7f352528c000 r-xp 0004a000 08:05 1580900                    /usr/lib/libpulsecommon-0.9.22.so
7f352528c000-7f352528d000 rwxp 0004b000 08:05 1580900                    /usr/lib/libpulsecommon-0.9.22.so
7f352528d000-7f3525290000 r-xp 00000000 08:05 1573582                    /usr/lib/libxcb-atom.so.1.0.0
7f3525290000-7f3525490000 ---p 00003000 08:05 1573582                    /usr/lib/libxcb-atom.so.1.0.0
7f3525490000-7f3525491000 r-xp 00003000 08:05 1573582                    /usr/lib/libxcb-atom.so.1.0.0
7f3525491000-7f3525492000 rwxp 00004000 08:05 1573582                    /usr/lib/libxcb-atom.so.1.0.0
7f3525492000-7f3525499000 r-xp 00000000 08:05 1578963                    /usr/lib/x86_64-linux-gnu/libSM.so.6.0.1
7f3525499000-7f3525698000 ---p 00007000 08:05 1578963                    /usr/lib/x86_64-linux-gnu/libSM.so.6.0.1
7f3525698000-7f3525699000 r-xp 00006000 08:05 1578963                    /usr/lib/x86_64-linux-gnu/libSM.so.6.0.1
7f3525699000-7f352569a000 rwxp 00007000 08:05 1578963                    /usr/lib/x86_64-linux-gnu/libSM.so.6.0.1
7f352569a000-7f35256b0000 r-xp 00000000 08:05 1571606                    /usr/lib/x86_64-linux-gnu/libICE.so.6.3.0
7f35256b0000-7f35258b0000 ---p 00016000 08:05 1571606                    /usr/lib/x86_64-linux-gnu/libICE.so.6.3.0
7f35258b0000-7f35258b1000 r-xp 00016000 08:05 1571606                    /usr/lib/x86_64-linux-gnu/libICE.so.6.3.0
7f35258b1000-7f35258b2000 rwxp 00017000 08:05 1571606                    /usr/lib/x86_64-linux-gnu/libICE.so.6.3.0
7f35258b2000-7f35258b5000 rwxp 00000000 00:00 0 
7f35258b5000-7f35258b6000 r-xp 00000000 08:05 1570508                    /usr/lib/x86_64-linux-gnu/libX11-xcb.so.1.0.0
7f35258b6000-7f3525ab5000 ---p 00001000 08:05 1570508                    /usr/lib/x86_64-linux-gnu/libX11-xcb.so.1.0.0
7f3525ab5000-7f3525ab6000 r-xp 00000000 08:05 1570508                    /usr/lib/x86_64-linux-gnu/libX11-xcb.so.1.0.0
7f3525ab6000-7f3525ab7000 rwxp 00001000 08:05 1570508                    /usr/lib/x86_64-linux-gnu/libX11-xcb.so.1.0.0
7f3525ab7000-7f3525af7000 r-xp 00000000 08:05 1573921                    /usr/lib/libpulse.so.0.12.3
7f3525af7000-7f3525cf6000 ---p 00040000 08:05 1573921                    /usr/lib/libpulse.so.0.12.3
7f3525cf6000-7f3525cf7000 r-xp 0003f000 08:05 1573921                    /usr/lib/libpulse.so.0.12.3
7f3525cf7000-7f3525cf8000 rwxp 00040000 08:05 1573921                    /usr/lib/libpulse.so.0.12.3
7f3525cf8000-7f3525d44000 r-xp 00000000 08:05 525038                     /tmp/libgdx/2370704169/libopenal64.so
7f3525d44000-7f3525f43000 ---p 0004c000 08:05 525038                     /tmp/libgdx/2370704169/libopenal64.so
7f3525f43000-7f3525f45000 r-xp 0004b000 08:05 525038                     /tmp/libgdx/2370704169/libopenal64.so
7f3525f45000-7f3525f46000 rwxp 0004d000 08:05 525038                     /tmp/libgdx/2370704169/libopenal64.so
7f3525f46000-7f3525f47000 rwxp 00000000 00:00 0 
7f3525f47000-7f3525fc0000 r-xp 00000000 08:05 525065                     /tmp/libgdx/2370704169/liblwjgl64.so
7f3525fc0000-7f35261c0000 ---p 00079000 08:05 525065                     /tmp/libgdx/2370704169/liblwjgl64.so
7f35261c0000-7f35261c2000 r-xp 00079000 08:05 525065                     /tmp/libgdx/2370704169/liblwjgl64.so
7f35261c2000-7f35261c3000 rwxp 0007b000 08:05 525065                     /tmp/libgdx/2370704169/liblwjgl64.so
7f35261c3000-7f35262b2000 r-xp 00000000 08:05 524903                     /tmp/libgdx/2370704169/libjogl-linux64.so
7f35262b2000-7f35263b2000 ---p 000ef000 08:05 524903                     /tmp/libgdx/2370704169/libjogl-linux64.so
7f35263b2000-7f35263b3000 rwxp 000ef000 08:05 524903                     /tmp/libgdx/2370704169/libjogl-linux64.so
7f35263b3000-7f3527801000 r-xp 00000000 08:05 723                        /usr/lib/nvidia-current/libnvidia-glcore.so.270.41.19
7f3527801000-7f3527a01000 ---p 0144e000 08:05 723                        /usr/lib/nvidia-current/libnvidia-glcore.so.270.41.19
7f3527a01000-7f3527fe9000 rwxp 0144e000 08:05 723                        /usr/lib/nvidia-current/libnvidia-glcore.so.270.41.19
7f3527fe9000-7f3528000000 rwxp 00000000 00:00 0 
7f3528000000-7f3529c10000 rwxp 00000000 00:00 0 
7f3529c10000-7f352c000000 ---p 00000000 00:00 0 
7f352c05c000-7f352c05d000 r-xp 00000000 08:05 716                        /usr/lib/nvidia-current/tls/libnvidia-tls.so.270.41.19
7f352c05d000-7f352c25d000 ---p 00001000 08:05 716                        /usr/lib/nvidia-current/tls/libnvidia-tls.so.270.41.19
7f352c25d000-7f352c25e000 rwxp 00001000 08:05 716                        /usr/lib/nvidia-current/tls/libnvidia-tls.so.270.41.19
7f352c25e000-7f352c25f000 r-xp 00000000 08:05 1734853                    /usr/lib/jvm/java-6-sun-1.6.0.24/jre/lib/amd64/libjawt.so
7f352c25f000-7f352c35e000 ---p 00001000 08:05 1734853                    /usr/lib/jvm/java-6-sun-1.6.0.24/jre/lib/amd64/libjawt.so
7f352c35e000-7f352c35f000 rwxp 00000000 08:05 1734853                    /usr/lib/jvm/java-6-sun-1.6.0.24/jre/lib/amd64/libjawt.so
7f352c35f000-7f352c364000 r-xp 00000000 08:05 1581972                    /usr/lib/x86_64-linux-gnu/libXxf86vm.so.1.0.0
7f352c364000-7f352c563000 ---p 00005000 08:05 1581972                    /usr/lib/x86_64-linux-gnu/libXxf86vm.so.1.0.0
7f352c563000-7f352c564000 r-xp 00004000 08:05 1581972                    /usr/lib/x86_64-linux-gnu/libXxf86vm.so.1.0.0
7f352c564000-7f352c565000 rwxp 00005000 08:05 1581972                    /usr/lib/x86_64-linux-gnu/libXxf86vm.so.1.0.0
7f352c565000-7f352c622000 r-xp 00000000 08:05 928                        /usr/lib/nvidia-current/libGL.so.270.41.19
7f352c622000-7f352c822000 ---p 000bd000 08:05 928                        /usr/lib/nvidia-current/libGL.so.270.41.19
7f352c822000-7f352c85b000 rwxp 000bd000 08:05 928                        /usr/lib/nvidia-current/libGL.so.270.41.19
7f352c85b000-7f352c871000 rwxp 00000000 00:00 0 
7f352c871000-7f352c873000 r-xp 00000000 08:05 524893                     /tmp/libgdx/2370704169/libjogl_awt-linux64.so
7f352c873000-7f352c972000 ---p 00002000 08:05 524893                     /tmp/libgdx/2370704169/libjogl_awt-linux64.so
7f352c972000-7f352c973000 rwxp 00001000 08:05 524893                     /tmp/libgdx/2370704169/libjogl_awt-linux64.so
7f352c973000-7f352c974000 r-xp 00000000 08:05 524774                     /tmp/libgdx/2370704169/libgluegen-rt-linux64.so
7f352c974000-7f352ca73000 ---p 00001000 08:05 524774                     /tmp/libgdx/2370704169/libgluegen-rt-linux64.so
7f352ca73000-7f352ca74000 rwxp 00000000 08:05 524774                     /tmp/libgdx/2370704169/libgluegen-rt-linux64.so
7f352ca74000-7f352ca89000 r-xp 00000000 08:05 528127                     /lib/x86_64-linux-gnu/libgcc_s.so.1
7f352ca89000-7f352cc88000 ---p 00015000 08:05 528127                     /lib/x86_64-linux-gnu/libgcc_s.so.1
7f352cc88000-7f352cc89000 r-xp 00014000 08:05 528127                     /lib/x86_64-linux-gnu/libgcc_s.so.1
7f352cc89000-7f352cc8a000 rwxp 00015000 08:05 528127                     /lib/x86_64-linux-gnu/libgcc_s.so.1
7f352cc8a000-7f352cd72000 r-xp 00000000 08:05 1571250                    /usr/lib/x86_64-linux-gnu/libstdc++.so.6.0.14
7f352cd72000-7f352cf71000 ---p 000e8000 08:05 1571250                    /usr/lib/x86_64-linux-gnu/libstdc++.so.6.0.14
7f352cf71000-7f352cf79000 r-xp 000e7000 08:05 1571250                    /usr/lib/x86_64-linux-gnu/libstdc++.so.6.0.14
7f352cf79000-7f352cf7b000 rwxp 000ef000 08:05 1571250                    /usr/lib/x86_64-linux-gnu/libstdc++.so.6.0.14
7f352cf7b000-7f352cf90000 rwxp 00000000 00:00 0 
7f352cf90000-7f352d01c000 r-xp 00000000 08:05 524747                     /tmp/libgdx/2370704169/libgdx-64.so
7f352d01c000-7f352d21c000 ---p 0008c000 08:05 524747                     /tmp/libgdx/2370704169/libgdx-64.so
7f352d21c000-7f352d21d000 r-xp 0008c000 08:05 524747                     /tmp/libgdx/2370704169/libgdx-64.so
7f352d21d000-7f352d21e000 rwxp 0008d000 08:05 524747                     /tmp/libgdx/2370704169/libgdx-64.so
7f352d21e000-7f352d221000 rwxp 00000000 00:00 0 
7f352d221000-7f352d224000 ---p 00000000 00:00 0 
7f352d224000-7f352d322000 rwxp 00000000 00:00 0 
7f352d322000-7f352d325000 ---p 00000000 00:00 0 
7f352d325000-7f352d423000 rwxp 00000000 00:00 0 
7f352d423000-7f352d426000 ---p 00000000 00:00 0 
7f352d426000-7f352d524000 rwxp 00000000 00:00 0 
7f352d524000-7f352d525000 r-xs 00000000 08:05 532633                     /var/cache/fontconfig/26de28bc8622bbc1fb67fd234c21975f-le64.cache-3
7f352d525000-7f352d526000 r-xs 00000000 08:05 554485                     /var/cache/fontconfig/c05880de57d1f5e948fdfacc138775d9-le64.cache-3
7f352d526000-7f352d52f000 r-xs 00000000 08:05 527845                     /var/cache/fontconfig/945677eb7aeaf62f1d50efc3fb3ec7d8-le64.cache-3
7f352d52f000-7f352d531000 r-xs 00000000 08:05 554480                     /var/cache/fontconfig/99e8ed0e538f840c565b6ed5dad60d56-le64.cache-3
7f352d531000-7f352d534000 r-xs 00000000 08:05 554411                     /var/cache/fontconfig/f24b2111ab8703b4e963115a8cf14259-le64.cache-3
7f352d534000-7f352d537000 r-xs 00000000 08:05 554479                     /var/cache/fontconfig/e383d7ea5fbe662a33d9b44caf393297-le64.cache-3
7f352d537000-7f352d53a000 r-xs 00000000 08:05 554477                     /var/cache/fontconfig/2cd17615ca594fa2959ae173292e504c-le64.cache-3
7f352d53a000-7f352d53b000 r-xs 00000000 08:05 554471                     /var/cache/fontconfig/e7071f4a29fa870f4323321c154eba04-le64.cache-3
7f352d53b000-7f352d544000 r-xs 00000000 08:05 554448                     /var/cache/fontconfig/6d41288fd70b0be22e8c3a91e032eec0-le64.cache-3
7f352d544000-7f352d554000 r-xs 00000000 08:05 554447                     /var/cache/fontconfig/0f34bcd4b6ee430af32735b75db7f02b-le64.cache-3
7f352d554000-7f352d582000 r-xs 00000000 08:05 554435                     /var/cache/fontconfig/365b55f210c0a22e9a19e35191240f32-le64.cache-3
7f352d5da000-7f352d5e2000 r-xs 0003d000 08:05 1311180                    /home/bompo/git/mgcube/libs/scoreloop-core.jar
7f352d5e2000-7f352d622000 rwxs a59fb000 00:05 9702                       /dev/nvidia0
7f352d63a000-7f352d642000 r-xs 00115000 08:05 1662451                    /usr/lib/jvm/java-6-sun-1.6.0.24/jre/lib/resources.jar
7f352d642000-7f352d647000 r-xp 00000000 08:05 1570859                    /usr/lib/x86_64-linux-gnu/libXfixes.so.3.1.0
7f352d647000-7f352d846000 ---p 00005000 08:05 1570859                    /usr/lib/x86_64-linux-gnu/libXfixes.so.3.1.0
7f352d846000-7f352d847000 r-xp 00004000 08:05 1570859                    /usr/lib/x86_64-linux-gnu/libXfixes.so.3.1.0
7f352d847000-7f352d848000 rwxp 00005000 08:05 1570859                    /usr/lib/x86_64-linux-gnu/libXfixes.so.3.1.0
7f352d848000-7f352d851000 r-xp 00000000 08:05 1573929                    /usr/lib/x86_64-linux-gnu/libXcursor.so.1.0.2
7f352d851000-7f352da50000 ---p 00009000 08:05 1573929                    /usr/lib/x86_64-linux-gnu/libXcursor.so.1.0.2
7f352da50000-7f352da51000 r-xp 00008000 08:05 1573929                    /usr/lib/x86_64-linux-gnu/libXcursor.so.1.0.2
7f352da51000-7f352da52000 rwxp 00009000 08:05 1573929                    /usr/lib/x86_64-linux-gnu/libXcursor.so.1.0.2
7f352da52000-7f352da5b000 r-xp 00000000 08:05 1570620                    /usr/lib/x86_64-linux-gnu/libXrender.so.1.3.0
7f352da5b000-7f352dc5b000 ---p 00009000 08:05 1570620                    /usr/lib/x86_64-linux-gnu/libXrender.so.1.3.0
7f352dc5b000-7f352dc5c000 r-xp 00009000 08:05 1570620                    /usr/lib/x86_64-linux-gnu/libXrender.so.1.3.0
7f352dc5c000-7f352dc5d000 rwxp 0000a000 08:05 1570620                    /usr/lib/x86_64-linux-gnu/libXrender.so.1.3.0
7f352dc5d000-7f352dc65000 r-xp 00000000 08:05 1581969                    /usr/lib/x86_64-linux-gnu/libXrandr.so.2.2.0
7f352dc65000-7f352de64000 ---p 00008000 08:05 1581969                    /usr/lib/x86_64-linux-gnu/libXrandr.so.2.2.0
7f352de64000-7f352de65000 r-xp 00007000 08:05 1581969                    /usr/lib/x86_64-linux-gnu/libXrandr.so.2.2.0
7f352de65000-7f352de66000 rwxp 00008000 08:05 1581969                    /usr/lib/x86_64-linux-gnu/libXrandr.so.2.2.0
7f352de67000-7f352de69000 rwxs 00000000 08:05 527180                     /tmp/glVKq65Z (deleted)
7f352de69000-7f352de6d000 rwxs 574d3000 00:05 9702                       /dev/nvidia0
7f352de6d000-7f352de6e000 rwxs d0008000 00:05 9702                       /dev/nvidia0
7f352de6e000-7f352de6f000 rwxs a5944000 00:05 9702                       /dev/nvidia0
7f352de6f000-7f352de73000 rwxs b97b3000 00:05 9702                       /dev/nvidia0
7f352de73000-7f352de74000 rwxs fbc0a000 00:05 9702                       /dev/nvidia0
7f352de74000-7f352de75000 rwxs fb641000 00:05 9702                       /dev/nvidia0
7f352de75000-7f352de76000 rwxs 115cf6000 00:05 9702                      /dev/nvidia0
7f352de76000-7f352de77000 rwxs 56f3d000 00:05 9702                       /dev/nvidia0
7f352de77000-7f352de78000 rwxs fb060000 00:05 9702                       /dev/nvidia0
7f352de78000-7f352de93000 rwxs 115f40000 00:05 9702                      /dev/nvidia0
7f352de93000-7f352de96000 ---p 00000000 00:00 0 
7f352de96000-7f352df94000 rwxp 00000000 00:00 0 
7f352df94000-7f352e00d000 r-xp 00000000 08:05 1734841                    /usr/lib/jvm/java-6-sun-1.6.0.24/jre/lib/amd64/libfontmanager.so
7f352e00d000-7f352e10c000 ---p 00079000 08:05 1734841                    /usr/lib/jvm/java-6-sun-1.6.0.24/jre/lib/amd64/libfontmanager.so
7f352e10c000-7f352e121000 rwxp 00078000 08:05 1734841                    /usr/lib/jvm/java-6-sun-1.6.0.24/jre/lib/amd64/libfontmanager.so
7f352e121000-7f352e132000 rwxp 00000000 00:00 0 
7f352e132000-7f352e137000 r-xp 00000000 08:05 1573561                    /usr/lib/x86_64-linux-gnu/libXdmcp.so.6.0.0
7f352e137000-7f352e336000 ---p 00005000 08:05 1573561                    /usr/lib/x86_64-linux-gnu/libXdmcp.so.6.0.0
7f352e336000-7f352e337000 r-xp 00004000 08:05 1573561                    /usr/lib/x86_64-linux-gnu/libXdmcp.so.6.0.0
7f352e337000-7f352e338000 rwxp 00005000 08:05 1573561                    /usr/lib/x86_64-linux-gnu/libXdmcp.so.6.0.0
7f352e338000-7f352e33a000 r-xp 00000000 08:05 1570542                    /usr/lib/x86_64-linux-gnu/libXau.so.6.0.0
7f352e33a000-7f352e539000 ---p 00002000 08:05 1570542                    /usr/lib/x86_64-linux-gnu/libXau.so.6.0.0
7f352e539000-7f352e53a000 r-xp 00001000 08:05 1570542                    /usr/lib/x86_64-linux-gnu/libXau.so.6.0.0
7f352e53a000-7f352e53b000 rwxp 00002000 08:05 1570542                    /usr/lib/x86_64-linux-gnu/libXau.so.6.0.0
7f352e53b000-7f352e556000 r-xp 00000000 08:05 1572615                    /usr/lib/x86_64-linux-gnu/libxcb.so.1.1.0
7f352e556000-7f352e755000 ---p 0001b000 08:05 1572615                    /usr/lib/x86_64-linux-gnu/libxcb.so.1.1.0
7f352e755000-7f352e756000 r-xp 0001a000 08:05 1572615                    /usr/lib/x86_64-linux-gnu/libxcb.so.1.1.0
7f352e756000-7f352e757000 rwxp 0001b000 08:05 1572615                    /usr/lib/x86_64-linux-gnu/libxcb.so.1.1.0
7f352e757000-7f352e766000 r-xp 00000000 08:05 1613065                    /usr/lib/x86_64-linux-gnu/libXi.so.6.1.0
7f352e766000-7f352e965000 ---p 0000f000 08:05 1613065                    /usr/lib/x86_64-linux-gnu/libXi.so.6.1.0
7f352e965000-7f352e966000 r-xp 0000e000 08:05 1613065                    /usr/lib/x86_64-linux-gnu/libXi.so.6.1.0
7f352e966000-7f352e967000 rwxp 0000f000 08:05 1613065                    /usr/lib/x86_64-linux-gnu/libXi.so.6.1.0
7f352e967000-7f352e96c000 r-xp 00000000 08:05 1572606                    /usr/lib/libXtst.so.6.1.0
7f352e96c000-7f352eb6b000 ---p 00005000 08:05 1572606                    /usr/lib/libXtst.so.6.1.0
7f352eb6b000-7f352eb6c000 r-xp 00004000 08:05 1572606                    /usr/lib/libXtst.so.6.1.0
7f352eb6c000-7f352eb6d000 rwxp 00005000 08:05 1572606                    /usr/lib/libXtst.so.6.1.0
7f352eb6d000-7f352eca2000 r-xp 00000000 08:05 1573591                    /usr/lib/x86_64-linux-gnu/libX11.so.6.3.0
7f352eca2000-7f352eea2000 ---p 00135000 08:05 1573591                    /usr/lib/x86_64-linux-gnu/libX11.so.6.3.0
7f352eea2000-7f352eea3000 r-xp 00135000 08:05 1573591                    /usr/lib/x86_64-linux-gnu/libX11.so.6.3.0
7f352eea3000-7f352eea7000 rwxp 00136000 08:05 1573591                    /usr/lib/x86_64-linux-gnu/libX11.so.6.3.0
7f352eea7000-7f352eeb8000 r-xp 00000000 08:05 1571673                    /usr/lib/x86_64-linux-gnu/libXext.so.6.4.0
7f352eeb8000-7f352f0b7000 ---p 00011000 08:05 1571673                    /usr/lib/x86_64-linux-gnu/libXext.so.6.4.0
7f352f0b7000-7f352f0b8000 r-xp 00010000 08:05 1571673                    /usr/lib/x86_64-linux-gnu/libXext.so.6.4.0
7f352f0b8000-7f352f0b9000 rwxp 00011000 08:05 1571673                    /usr/lib/x86_64-linux-gnu/libXext.so.6.4.0
7f352f0b9000-7f352f0bd000 r-xs 00000000 08:05 554470                     /var/cache/fontconfig/6eb3985aa4124903f6ff08ba781cd364-le64.cache-3
7f352f0bd000-7f352f0c2000 r-xs 00000000 08:05 554453                     /var/cache/fontconfig/062808c12e6e608270f93bb230aed730-le64.cache-3
7f352f0c2000-7f352f0c8000 r-xs 00000000 08:05 554429                     /var/cache/fontconfig/a755afe4a08bf5b97852ceb7400b47bc-le64.cache-3
7f352f0c8000-7f352f0d2000 r-xs 00000000 08:05 554433                     /var/cache/fontconfig/d52a8644073d54c13679302ca1180695-le64.cache-3
7f352f0d2000-7f352f0d3000 r-xs 00000000 08:05 554418                     /var/cache/fontconfig/ec648e9a1aea82bddd4bd6050028158d-le64.cache-3
7f352f0d3000-7f352f0e6000 r-xs 00000000 08:05 538224                     /var/cache/fontconfig/e13b20fdb08344e0e664864cc2ede53d-le64.cache-3
7f352f0e6000-7f352f128000 r-xp 00000000 08:05 1734831                    /usr/lib/jvm/java-6-sun-1.6.0.24/jre/lib/amd64/xawt/libmawt.so
7f352f128000-7f352f227000 ---p 00042000 08:05 1734831                    /usr/lib/jvm/java-6-sun-1.6.0.24/jre/lib/amd64/xawt/libmawt.so
7f352f227000-7f352f233000 rwxp 00041000 08:05 1734831                    /usr/lib/jvm/java-6-sun-1.6.0.24/jre/lib/amd64/xawt/libmawt.so
7f352f233000-7f352f234000 rwxp 00000000 00:00 0 
7f352f234000-7f352f2c6000 r-xp 00000000 08:05 1734852                    /usr/lib/jvm/java-6-sun-1.6.0.24/jre/lib/amd64/libawt.so
7f352f2c6000-7f352f3c5000 ---p 00092000 08:05 1734852                    /usr/lib/jvm/java-6-sun-1.6.0.24/jre/lib/amd64/libawt.so
7f352f3c5000-7f352f3de000 rwxp 00091000 08:05 1734852                    /usr/lib/jvm/java-6-sun-1.6.0.24/jre/lib/amd64/libawt.so
7f352f3de000-7f352f403000 rwxp 00000000 00:00 0 
7f352f403000-7f352f40e000 r-xs 00092000 08:05 1330406                    /home/bompo/git/mgcube/libs/gdx.jar
7f352f40e000-7f352f415000 r-xs 00074000 08:05 1330357                    /home/bompo/git/mgcube/libs/gdx-sources.jar
7f352f415000-7f352f416000 r-xs 001a1000 08:05 1339854                    /home/bompo/git/mgcube/libs/gdx-natives.jar
7f352f416000-7f352f430000 r-xs 00206000 08:05 1339556                    /home/bompo/git/mgcube/libs/gdx-backend-jogl.jar
7f352f430000-7f352f431000 r-xs 00007000 08:05 1330241                    /home/bompo/git/mgcube/libs/gdx-backend-jogl-sources.jar
7f352f431000-7f352f432000 r-xs 00203000 08:05 1339177                    /home/bompo/git/mgcube/libs/gdx-backend-jogl-natives.jar
7f352f432000-7f352f435000 r-xs 0000f000 08:05 1622792                    /usr/lib/jvm/java-6-sun-1.6.0.24/jre/lib/ext/pulse-java.jar
7f352f435000-7f352f436000 ---p 00000000 00:00 0 
7f352f436000-7f352f536000 rwxp 00000000 00:00 0 
7f352f536000-7f352f539000 ---p 00000000 00:00 0 
7f352f539000-7f352f637000 rwxp 00000000 00:00 0 
7f352f637000-7f352f63a000 ---p 00000000 00:00 0 
7f352f63a000-7f352f738000 rwxp 00000000 00:00 0 
7f352f738000-7f352f73b000 ---p 00000000 00:00 0 
7f352f73b000-7f352f839000 rwxp 00000000 00:00 0 
7f352f839000-7f352f83c000 ---p 00000000 00:00 0 
7f352f83c000-7f352f93a000 rwxp 00000000 00:00 0 
7f352f93a000-7f352fd42000 r-xp 00000000 08:05 1570348                    /usr/lib/locale/locale-archive
7f352fd42000-7f352fd45000 ---p 00000000 00:00 0 
7f352fd45000-7f352fe43000 rwxp 00000000 00:00 0 
7f352fe43000-7f352fe46000 ---p 00000000 00:00 0 
7f352fe46000-7f352ff44000 rwxp 00000000 00:00 0 
7f352ff44000-7f352ff45000 ---p 00000000 00:00 0 
7f352ff45000-7f353057e000 rwxp 00000000 00:00 0 
7f353057e000-7f3530716000 r-xs 03027000 08:05 1662454                    /usr/lib/jvm/java-6-sun-1.6.0.24/jre/lib/rt.jar
7f3530716000-7f353073e000 rwxp 00000000 00:00 0 
7f353073e000-7f353073f000 ---p 00000000 00:00 0 
7f353073f000-7f353083f000 rwxp 00000000 00:00 0 
7f353083f000-7f3530840000 ---p 00000000 00:00 0 
7f3530840000-7f3530940000 rwxp 00000000 00:00 0 
7f3530940000-7f3530941000 ---p 00000000 00:00 0 
7f3530941000-7f3530a41000 rwxp 00000000 00:00 0 
7f3530a41000-7f3530a42000 ---p 00000000 00:00 0 
7f3530a42000-7f3530b4d000 rwxp 00000000 00:00 0 
7f3530b4d000-7f3530b6b000 rwxp 00000000 00:00 0 
7f3530b6b000-7f3530b80000 rwxp 00000000 00:00 0 
7f3530b80000-7f3530cb5000 rwxp 00000000 00:00 0 
7f3530cb5000-7f3530cc0000 rwxp 00000000 00:00 0 
7f3530cc0000-7f3530cde000 rwxp 00000000 00:00 0 
7f3530cde000-7f3530cf3000 rwxp 00000000 00:00 0 
7f3530cf3000-7f3530e28000 rwxp 00000000 00:00 0 
7f3530e28000-7f3530e33000 rwxp 00000000 00:00 0 
7f3530e33000-7f3530ecd000 rwxp 00000000 00:00 0 
7f3530ecd000-7f353113e000 rwxp 00000000 00:00 0 
7f353113e000-7f3533ece000 rwxp 00000000 00:00 0 
7f3533ece000-7f3533edc000 r-xp 00000000 08:05 1734847                    /usr/lib/jvm/java-6-sun-1.6.0.24/jre/lib/amd64/libzip.so
7f3533edc000-7f3533fde000 ---p 0000e000 08:05 1734847                    /usr/lib/jvm/java-6-sun-1.6.0.24/jre/lib/amd64/libzip.so
7f3533fde000-7f3533fe1000 rwxp 00010000 08:05 1734847                    /usr/lib/jvm/java-6-sun-1.6.0.24/jre/lib/amd64/libzip.so
7f3533fe1000-7f3533fe2000 rwxp 00000000 00:00 0 
7f3533fe2000-7f3533fee000 r-xp 00000000 08:05 535712                     /lib/x86_64-linux-gnu/libnss_files-2.13.so
7f3533fee000-7f35341ed000 ---p 0000c000 08:05 535712                     /lib/x86_64-linux-gnu/libnss_files-2.13.so
7f35341ed000-7f35341ee000 r-xp 0000b000 08:05 535712                     /lib/x86_64-linux-gnu/libnss_files-2.13.so
7f35341ee000-7f35341ef000 rwxp 0000c000 08:05 535712                     /lib/x86_64-linux-gnu/libnss_files-2.13.so
7f35341ef000-7f35341fa000 r-xp 00000000 08:05 535714                     /lib/x86_64-linux-gnu/libnss_nis-2.13.so
7f35341fa000-7f35343f9000 ---p 0000b000 08:05 535714                     /lib/x86_64-linux-gnu/libnss_nis-2.13.so
7f35343f9000-7f35343fa000 r-xp 0000a000 08:05 535714                     /lib/x86_64-linux-gnu/libnss_nis-2.13.so
7f35343fa000-7f35343fb000 rwxp 0000b000 08:05 535714                     /lib/x86_64-linux-gnu/libnss_nis-2.13.so
7f35343fb000-7f3534403000 r-xp 00000000 08:05 535710                     /lib/x86_64-linux-gnu/libnss_compat-2.13.so
7f3534403000-7f3534602000 ---p 00008000 08:05 535710                     /lib/x86_64-linux-gnu/libnss_compat-2.13.so
7f3534602000-7f3534603000 r-xp 00007000 08:05 535710                     /lib/x86_64-linux-gnu/libnss_compat-2.13.so
7f3534603000-7f3534604000 rwxp 00008000 08:05 535710                     /lib/x86_64-linux-gnu/libnss_compat-2.13.so
7f3534604000-7f353460b000 r-xp 00000000 08:05 1734857                    /usr/lib/jvm/java-6-sun-1.6.0.24/jre/lib/amd64/native_threads/libhpi.so
7f353460b000-7f353470c000 ---p 00007000 08:05 1734857                    /usr/lib/jvm/java-6-sun-1.6.0.24/jre/lib/amd64/native_threads/libhpi.so
7f353470c000-7f353470e000 rwxp 00008000 08:05 1734857                    /usr/lib/jvm/java-6-sun-1.6.0.24/jre/lib/amd64/native_threads/libhpi.so
7f353470e000-7f353470f000 rwxp 00000000 00:00 0 
7f353470f000-7f3534726000 r-xp 00000000 08:05 535709                     /lib/x86_64-linux-gnu/libnsl-2.13.so
7f3534726000-7f3534925000 ---p 00017000 08:05 535709                     /lib/x86_64-linux-gnu/libnsl-2.13.so
7f3534925000-7f3534926000 r-xp 00016000 08:05 535709                     /lib/x86_64-linux-gnu/libnsl-2.13.so
7f3534926000-7f3534927000 rwxp 00017000 08:05 535709                     /lib/x86_64-linux-gnu/libnsl-2.13.so
7f3534927000-7f3534929000 rwxp 00000000 00:00 0 
7f3534929000-7f3534952000 r-xp 00000000 08:05 1734846                    /usr/lib/jvm/java-6-sun-1.6.0.24/jre/lib/amd64/libjava.so
7f3534952000-7f3534a51000 ---p 00029000 08:05 1734846                    /usr/lib/jvm/java-6-sun-1.6.0.24/jre/lib/amd64/libjava.so
7f3534a51000-7f3534a58000 rwxp 00028000 08:05 1734846                    /usr/lib/jvm/java-6-sun-1.6.0.24/jre/lib/amd64/libjava.so
7f3534a58000-7f3534a65000 r-xp 00000000 08:05 1731420                    /usr/lib/jvm/java-6-sun-1.6.0.24/jre/lib/amd64/libverify.so
7f3534a65000-7f3534b64000 ---p 0000d000 08:05 1731420                    /usr/lib/jvm/java-6-sun-1.6.0.24/jre/lib/amd64/libverify.so
7f3534b64000-7f3534b67000 rwxp 0000c000 08:05 1731420                    /usr/lib/jvm/java-6-sun-1.6.0.24/jre/lib/amd64/libverify.so
7f3534b67000-7f3534b6e000 r-xp 00000000 08:05 535724                     /lib/x86_64-linux-gnu/librt-2.13.so
7f3534b6e000-7f3534d6d000 ---p 00007000 08:05 535724                     /lib/x86_64-linux-gnu/librt-2.13.so
7f3534d6d000-7f3534d6e000 r-xp 00006000 08:05 535724                     /lib/x86_64-linux-gnu/librt-2.13.so
7f3534d6e000-7f3534d6f000 rwxp 00007000 08:05 535724                     /lib/x86_64-linux-gnu/librt-2.13.so
7f3534d6f000-7f3534d72000 ---p 00000000 00:00 0 
7f3534d72000-7f3534e70000 rwxp 00000000 00:00 0 
7f3534e70000-7f3534ef4000 r-xp 00000000 08:05 535703                     /lib/x86_64-linux-gnu/libm-2.13.so
7f3534ef4000-7f35350f3000 ---p 00084000 08:05 535703                     /lib/x86_64-linux-gnu/libm-2.13.so
7f35350f3000-7f35350f4000 r-xp 00083000 08:05 535703                     /lib/x86_64-linux-gnu/libm-2.13.so
7f35350f4000-7f35350f5000 rwxp 00084000 08:05 535703                     /lib/x86_64-linux-gnu/libm-2.13.so
7f35350f5000-7f3535933000 r-xp 00000000 08:05 1734849                    /usr/lib/jvm/java-6-sun-1.6.0.24/jre/lib/amd64/server/libjvm.so
7f3535933000-7f3535a32000 ---p 0083e000 08:05 1734849                    /usr/lib/jvm/java-6-sun-1.6.0.24/jre/lib/amd64/server/libjvm.so
7f3535a32000-7f3535bc6000 rwxp 0083d000 08:05 1734849                    /usr/lib/jvm/java-6-sun-1.6.0.24/jre/lib/amd64/server/libjvm.so
7f3535bc6000-7f3535bff000 rwxp 00000000 00:00 0 
7f3535bff000-7f3535d89000 r-xp 00000000 08:05 535697                     /lib/x86_64-linux-gnu/libc-2.13.so
7f3535d89000-7f3535f88000 ---p 0018a000 08:05 535697                     /lib/x86_64-linux-gnu/libc-2.13.so
7f3535f88000-7f3535f8c000 r-xp 00189000 08:05 535697                     /lib/x86_64-linux-gnu/libc-2.13.so
7f3535f8c000-7f3535f8d000 rwxp 0018d000 08:05 535697                     /lib/x86_64-linux-gnu/libc-2.13.so
7f3535f8d000-7f3535f93000 rwxp 00000000 00:00 0 
7f3535f93000-7f3535f95000 r-xp 00000000 08:05 535702                     /lib/x86_64-linux-gnu/libdl-2.13.so
7f3535f95000-7f3536195000 ---p 00002000 08:05 535702                     /lib/x86_64-linux-gnu/libdl-2.13.so
7f3536195000-7f3536196000 r-xp 00002000 08:05 535702                     /lib/x86_64-linux-gnu/libdl-2.13.so
7f3536196000-7f3536197000 rwxp 00003000 08:05 535702                     /lib/x86_64-linux-gnu/libdl-2.13.so
7f3536197000-7f35361af000 r-xp 00000000 08:05 535718                     /lib/x86_64-linux-gnu/libpthread-2.13.so
7f35361af000-7f35363af000 ---p 00018000 08:05 535718                     /lib/x86_64-linux-gnu/libpthread-2.13.so
7f35363af000-7f35363b0000 r-xp 00018000 08:05 535718                     /lib/x86_64-linux-gnu/libpthread-2.13.so
7f35363b0000-7f35363b1000 rwxp 00019000 08:05 535718                     /lib/x86_64-linux-gnu/libpthread-2.13.so
7f35363b1000-7f35363b5000 rwxp 00000000 00:00 0 
7f35363b5000-7f35363d6000 r-xp 00000000 08:05 535673                     /lib/x86_64-linux-gnu/ld-2.13.so
7f35363d6000-7f35363d7000 r-xs 00000000 08:05 554466                     /var/cache/fontconfig/4c73fe0c47614734b17d736dbde7580a-le64.cache-3
7f35363d7000-7f35363d8000 r-xs 00000000 08:05 554459                     /var/cache/fontconfig/0d8c3b2ac0904cb8a57a757ad11a4a08-le64.cache-3
7f35363d8000-7f35363e2000 rwxp 00000000 00:00 0 
7f35363e2000-7f3536498000 rwxp 00000000 00:00 0 
7f3536498000-7f353649b000 rwxp 00000000 00:00 0 
7f353649b000-7f35364a2000 r-xp 00000000 08:05 1731410                    /usr/lib/jvm/java-6-sun-1.6.0.24/jre/lib/amd64/jli/libjli.so
7f35364a2000-7f35365a3000 ---p 00007000 08:05 1731410                    /usr/lib/jvm/java-6-sun-1.6.0.24/jre/lib/amd64/jli/libjli.so
7f35365a3000-7f35365a5000 rwxp 00008000 08:05 1731410                    /usr/lib/jvm/java-6-sun-1.6.0.24/jre/lib/amd64/jli/libjli.so
7f35365a5000-7f35365a6000 rwxp 00000000 00:00 0 
7f35365a6000-7f35365a7000 r-xs 00000000 08:05 554454                     /var/cache/fontconfig/6a53c69dea097a2d716e069445527da8-le64.cache-3
7f35365a7000-7f35365ac000 r-xs 00000000 08:05 554452                     /var/cache/fontconfig/515ca1ebc4b18308bea979be5704f9db-le64.cache-3
7f35365ac000-7f35365af000 r-xs 00000000 08:05 554441                     /var/cache/fontconfig/d60319d88cac85ba9e1a07bd06cfbb8c-le64.cache-3
7f35365af000-7f35365b0000 r-xs 00000000 08:05 530935                     /var/cache/fontconfig/4794a0821666d79190d59a36cb4f44b5-le64.cache-3
7f35365b0000-7f35365b4000 r-xs 00000000 08:05 538228                     /var/cache/fontconfig/7ef2298fde41cc6eeb7af42e48b7d293-le64.cache-3
7f35365b4000-7f35365c8000 r-xs 00000000 08:05 527842                     /var/cache/fontconfig/865f88548240fee46819705c6468c165-le64.cache-3
7f35365c8000-7f35365c9000 r-xs 00000000 08:05 1340105                    /home/bompo/.fontconfig/aa7e4f27e681240d22a1f116cf7520f0-le64.cache-3
7f35365c9000-7f35365d1000 rwxs 00000000 08:05 528540                     /tmp/hsperfdata_bompo/10460
7f35365d1000-7f35365d2000 rwxp 00000000 00:00 0 
7f35365d2000-7f35365d3000 r-xp 00000000 00:00 0 
7f35365d3000-7f35365d5000 rwxp 00000000 00:00 0 
7f35365d5000-7f35365d6000 r-xp 00020000 08:05 535673                     /lib/x86_64-linux-gnu/ld-2.13.so
7f35365d6000-7f35365d8000 rwxp 00021000 08:05 535673                     /lib/x86_64-linux-gnu/ld-2.13.so
7fff31905000-7fff31926000 rwxp 00000000 00:00 0                          [stack]
7fff31941000-7fff31942000 r-xp 00000000 00:00 0                          [vdso]
ffffffffff600000-ffffffffff601000 r-xp 00000000 00:00 0                  [vsyscall]

VM Arguments:
jvm_args: -Dfile.encoding=UTF-8 
java_command: de.swagner.mgcube.DesktopStarter
Launcher Type: SUN_STANDARD

Environment Variables:
PATH=/usr/local/sbin:/usr/local/bin:/usr/sbin:/usr/bin:/sbin:/bin:/usr/games
USERNAME=bompo
LD_LIBRARY_PATH=/usr/lib/jvm/java-6-sun-1.6.0.24/jre/lib/amd64/server:/usr/lib/jvm/java-6-sun-1.6.0.24/jre/lib/amd64:/usr/lib/jvm/java-6-sun-1.6.0.24/jre/../lib/amd64:/usr/lib/jvm/java-6-openjdk/jre/lib/amd64/server:/usr/lib/jvm/java-6-openjdk/jre/lib/amd64:/usr/lib/jvm/java-6-openjdk/jre/../lib/amd64:/usr/lib64/xulrunner-addons
SHELL=/bin/bash
DISPLAY=:0.0

Signal Handlers:
SIGSEGV: [libjvm.so+0x791b30], sa_mask[0]=0x7ffbfeff, sa_flags=0x10000004
SIGBUS: [libjvm.so+0x791b30], sa_mask[0]=0x7ffbfeff, sa_flags=0x10000004
SIGFPE: [libjvm.so+0x640ba0], sa_mask[0]=0x7ffbfeff, sa_flags=0x10000004
SIGPIPE: [libjvm.so+0x640ba0], sa_mask[0]=0x7ffbfeff, sa_flags=0x10000004
SIGXFSZ: [libjvm.so+0x640ba0], sa_mask[0]=0x7ffbfeff, sa_flags=0x10000004
SIGILL: [libjvm.so+0x640ba0], sa_mask[0]=0x7ffbfeff, sa_flags=0x10000004
SIGUSR1: SIG_DFL, sa_mask[0]=0x00000000, sa_flags=0x00000000
SIGUSR2: [libjvm.so+0x643780], sa_mask[0]=0x00000004, sa_flags=0x10000004
SIGHUP: [libjvm.so+0x643380], sa_mask[0]=0x7ffbfeff, sa_flags=0x10000004
SIGINT: [libjvm.so+0x643380], sa_mask[0]=0x7ffbfeff, sa_flags=0x10000004
SIGTERM: [libjvm.so+0x643380], sa_mask[0]=0x7ffbfeff, sa_flags=0x10000004
SIGQUIT: [libjvm.so+0x643380], sa_mask[0]=0x7ffbfeff, sa_flags=0x10000004


---------------  S Y S T E M  ---------------

OS:squeeze/sid

uname:Linux 2.6.38-10-generic #44-Ubuntu SMP Thu Jun 2 21:32:22 UTC 2011 x86_64
libc:glibc 2.13 NPTL 2.13 
rlimit: STACK 8192k, CORE 0k, NPROC infinity, NOFILE 4096, AS infinity
load average:0.15 0.15 0.14

/proc/meminfo:
MemTotal:        4047872 kB
MemFree:          791364 kB
Buffers:          300008 kB
Cached:           985636 kB
SwapCached:            0 kB
Active:          2031084 kB
Inactive:         775412 kB
Active(anon):    1521616 kB
Inactive(anon):     6756 kB
Active(file):     509468 kB
Inactive(file):   768656 kB
Unevictable:         132 kB
Mlocked:             132 kB
SwapTotal:      19529724 kB
SwapFree:       19529724 kB
Dirty:              4164 kB
Writeback:           660 kB
AnonPages:       1521112 kB
Mapped:           206580 kB
Shmem:              7524 kB
Slab:             242908 kB
SReclaimable:     213000 kB
SUnreclaim:        29908 kB
KernelStack:        5456 kB
PageTables:        36612 kB
NFS_Unstable:          0 kB
Bounce:                0 kB
WritebackTmp:          0 kB
CommitLimit:    21553660 kB
Committed_AS:    5505552 kB
VmallocTotal:   34359738367 kB
VmallocUsed:      341768 kB
VmallocChunk:   34359382740 kB
HardwareCorrupted:     0 kB
HugePages_Total:       0
HugePages_Free:        0
HugePages_Rsvd:        0
HugePages_Surp:        0
Hugepagesize:       2048 kB
DirectMap4k:      157120 kB
DirectMap2M:     4028416 kB


CPU:total 4 (4 cores per cpu, 1 threads per core) family 6 model 30 stepping 5, cmov, cx8, fxsr, mmx, sse, sse2, sse3, ssse3, sse4.1, sse4.2, popcnt

Memory: 4k page, physical 4047872k(791364k free), swap 19529724k(19529724k free)

vm_info: Java HotSpot(TM) 64-Bit Server VM (19.1-b02) for linux-amd64 JRE (1.6.0_24-b07), built on Feb  2 2011 16:55:54 by "java_re" with gcc 3.2.2 (SuSE Linux)

time: Sat Jul  2 14:43:48 2011
elapsed time: 49 seconds

