#
# A fatal error has been detected by the Java Runtime Environment:
#
#  SIGSEGV (0xb) at pc=0x00007f4df4dca879, pid=13327, tid=139973024982816
#
# JRE version: 6.0_24-b07
# Java VM: Java HotSpot(TM) 64-Bit Server VM (19.1-b02 mixed mode linux-amd64 compressed oops)
# Problematic frame:
# 
[error occurred during error reporting (printing problematic frame), id 0xb]

# If you would like to submit a bug report, please visit:
#   http://java.sun.com/webapps/bugreport/crash.jsp
#

---------------  T H R E A D  ---------------

Current thread is native thread

siginfo:si_signo=SIGSEGV: si_errno=0, si_code=1 (SEGV_MAPERR), si_addr=0x0000000000100ce0

Registers:
RAX=0x0000000000100ce0, RBX=0x000000000000003a, RCX=0x0000000000000000, RDX=0x00007fffa682d4f0
RSP=0x00007fffa682d470, RBP=0x00007fffa682d470, RSI=0x0000000000000000, RDI=0x00007f4df50e0158
R8 =0x00007f4e028289d8, R9 =0x00007f4df50e0158, R10=0x00007f4e021e1f88, R11=0x00007f4e01e8aca0
R12=0x0000000000000000, R13=0x00007f4e02828048, R14=0x00000000407bdf60, R15=0x000000000000000c
RIP=0x00007f4df4dca879, EFL=0x0000000000010246, CSGSFS=0x0000000000000033, ERR=0x0000000000000004
  TRAPNO=0x000000000000000e

Register to memory mapping:

RAX=0x0000000000100ce0
0x0000000000100ce0 is pointing to unknown location

RBX=0x000000000000003a
0x000000000000003a is pointing to unknown location

RCX=0x0000000000000000
0x0000000000000000 is pointing to unknown location

RDX=0x00007fffa682d4f0
0x00007fffa682d4f0 is pointing to unknown location

RSP=0x00007fffa682d470
0x00007fffa682d470 is pointing to unknown location

RBP=0x00007fffa682d470
0x00007fffa682d470 is pointing to unknown location

RSI=0x0000000000000000
0x0000000000000000 is pointing to unknown location

RDI=0x00007f4df50e0158
0x00007f4df50e0158: <offset 0x215158> in /lib/x86_64-linux-gnu/libgcc_s.so.1 at 0x00007f4df4ecb000

R8 =0x00007f4e028289d8
0x00007f4e028289d8: _rtld_global+0x998 in /lib64/ld-linux-x86-64.so.2 at 0x00007f4e02607000

R9 =0x00007f4df50e0158
0x00007f4df50e0158: <offset 0x215158> in /lib/x86_64-linux-gnu/libgcc_s.so.1 at 0x00007f4df4ecb000

R10=0x00007f4e021e1f88
0x00007f4e021e1f88: <offset 0x390f88> in /lib/x86_64-linux-gnu/libc.so.6 at 0x00007f4e01e51000

R11=0x00007f4e01e8aca0
0x00007f4e01e8aca0: __cxa_finalize+0 in /lib/x86_64-linux-gnu/libc.so.6 at 0x00007f4e01e51000

R12=0x0000000000000000
0x0000000000000000 is pointing to unknown location

R13=0x00007f4e02828048
0x00007f4e02828048: _rtld_global+0x8 in /lib64/ld-linux-x86-64.so.2 at 0x00007f4e02607000

R14=0x00000000407bdf60
0x00000000407bdf60 is pointing to unknown location

R15=0x000000000000000c
0x000000000000000c is pointing to unknown location


Top of Stack: (sp=0x00007fffa682d470)
0x00007fffa682d470:   00007fffa682d6e0 00007f4df4dcab31
0x00007fffa682d480:   00007fffa682d6e0 00007f4e02615ebc
0x00007fffa682d490:   00007f4e028292e8 00007f4e02829878
0x00007fffa682d4a0:   00007f4e027f7000 000000004043da70
0x00007fffa682d4b0:   0000000040440bf0 0000000040441120
0x00007fffa682d4c0:   0000000040441620 0000000040446260
0x00007fffa682d4d0:   000000004057e360 000000004080e180
0x00007fffa682d4e0:   000000004080e640 000000004080eae0
0x00007fffa682d4f0:   00000000407bdf60 00000000407be810
0x00007fffa682d500:   000000004087a190 00000000407becd0
0x00007fffa682d510:   00000000408519c0 0000000040851510
0x00007fffa682d520:   00007f4df827a240 0000000040851070
0x00007fffa682d530:   0000000040850bd0 000000004075ef40
0x00007fffa682d540:   0000000040775d40 00007f4df8070cf0
0x00007fffa682d550:   00007f4df8071fa0 00007f4df8070820
0x00007fffa682d560:   000000004043c700 000000004043c060
0x00007fffa682d570:   0000000040439730 00007f4df82ba790
0x00007fffa682d580:   00000000407cef50 00007f4df816fbc0
0x00007fffa682d590:   00007f4df823b670 00007f4df823b1c0
0x00007fffa682d5a0:   00007f4df823ad20 00007f4df82f3090
0x00007fffa682d5b0:   00007f4df82f2bf0 00007f4df8071b00
0x00007fffa682d5c0:   00007f4df80711c0 00007f4df8071660
0x00007fffa682d5d0:   00007f4df8072440 00007f4df8072e60
0x00007fffa682d5e0:   00007f4df8072960 00007f4e027f7508
0x00007fffa682d5f0:   00007f4df823bb20 000000004043aaf0
0x00007fffa682d600:   00007f4e028269a0 00007f4df823bfc0
0x00007fffa682d610:   00007f4df823c460 000000004043cce0
0x00007fffa682d620:   00007f4df80d1f60 00007f4df80d2400
0x00007fffa682d630:   00007f4df80d28a0 00007f4df80d2d50
0x00007fffa682d640:   0000000040439c00 00007f4df80d31f0
0x00007fffa682d650:   00007f4e027f79e8 00007f4e028289d8
0x00007fffa682d660:   0000000000000000 00007f4e02615d3d 

Instructions: (pc=0x00007f4df4dca879)
0x00007f4df4dca869:   48 89 05 60 06 10 00 ff d2 48 8b 05 57 06 10 00
0x00007f4df4dca879:   48 8b 10 48 85 d2 75 e4 c6 05 50 06 10 00 01 c9 

Stack: [0x00007fffa672f000,0x00007fffa682f000],  sp=0x00007fffa682d470,  free space=1017k
Native frames: (J=compiled Java code, j=interpreted, Vv=VM code, C=native code)

[error occurred during error reporting (printing native stack), id 0xb]


---------------  P R O C E S S  ---------------

VM state:at safepoint (shutting down)

VM Mutex/Monitor currently owned by a thread:  ([mutex/lock_event])
[0x000000004043efc0] Threads_lock - owner thread: 0x000000004049f800

Heap
 PSYoungGen      total 18432K, used 14231K [0x00000000eb600000, 0x00000000eca90000, 0x0000000100000000)
  eden space 15808K, 73% used [0x00000000eb600000,0x00000000ec1596d8,0x00000000ec570000)
  from space 2624K, 99% used [0x00000000ec800000,0x00000000eca8c8e0,0x00000000eca90000)
  to   space 2624K, 0% used [0x00000000ec570000,0x00000000ec570000,0x00000000ec800000)
 PSOldGen        total 42240K, used 2077K [0x00000000c2200000, 0x00000000c4b40000, 0x00000000eb600000)
  object space 42240K, 4% used [0x00000000c2200000,0x00000000c2407540,0x00000000c4b40000)
 PSPermGen       total 21248K, used 17547K [0x00000000bd000000, 0x00000000be4c0000, 0x00000000c2200000)
  object space 21248K, 82% used [0x00000000bd000000,0x00000000be122e18,0x00000000be4c0000)

Dynamic libraries:
40000000-40009000 r-xp 00000000 08:05 1662394                            /usr/lib/jvm/java-6-sun-1.6.0.24/jre/bin/java
40108000-4010a000 rwxp 00008000 08:05 1662394                            /usr/lib/jvm/java-6-sun-1.6.0.24/jre/bin/java
40439000-41162000 rwxp 00000000 00:00 0                                  [heap]
bd000000-be4c0000 rwxp 00000000 00:00 0 
be4c0000-c2200000 rwxp 00000000 00:00 0 
c2200000-c4b40000 rwxp 00000000 00:00 0 
c4b40000-eb600000 rwxp 00000000 00:00 0 
eb600000-eca90000 rwxp 00000000 00:00 0 
eca90000-100000000 rwxp 00000000 00:00 0 
7f4de96f1000-7f4de9868000 rwxs 00000000 00:04 36864022                   /SYSV00000000 (deleted)
7f4de9868000-7f4deaa5a000 rwxp 00000000 00:00 0 
7f4deaadc000-7f4deacdc000 rwxs c0e3a000 00:05 6902                       /dev/nvidia0
7f4deade0000-7f4deade3000 ---p 00000000 00:00 0 
7f4deade3000-7f4deaee1000 rwxp 00000000 00:00 0 
7f4deaee1000-7f4deaee2000 ---p 00000000 00:00 0 
7f4deaee2000-7f4deb6e2000 rwxp 00000000 00:00 0 
7f4def6e3000-7f4def6e4000 ---p 00000000 00:00 0 
7f4def6e4000-7f4defee4000 rwxp 00000000 00:00 0 
7f4defee4000-7f4defeea000 r-xp 00000000 08:05 1573092                    /usr/lib/libogg.so.0.7.0
7f4defeea000-7f4df00e9000 ---p 00006000 08:05 1573092                    /usr/lib/libogg.so.0.7.0
7f4df00e9000-7f4df00ea000 r-xp 00005000 08:05 1573092                    /usr/lib/libogg.so.0.7.0
7f4df00ea000-7f4df00eb000 rwxp 00006000 08:05 1573092                    /usr/lib/libogg.so.0.7.0
7f4df00eb000-7f4df0116000 r-xp 00000000 08:05 1582648                    /usr/lib/libvorbis.so.0.4.5
7f4df0116000-7f4df0315000 ---p 0002b000 08:05 1582648                    /usr/lib/libvorbis.so.0.4.5
7f4df0315000-7f4df0316000 r-xp 0002a000 08:05 1582648                    /usr/lib/libvorbis.so.0.4.5
7f4df0316000-7f4df0317000 rwxp 0002b000 08:05 1582648                    /usr/lib/libvorbis.so.0.4.5
7f4df0317000-7f4df05ca000 r-xp 00000000 08:05 1573212                    /usr/lib/libvorbisenc.so.2.0.8
7f4df05ca000-7f4df07c9000 ---p 002b3000 08:05 1573212                    /usr/lib/libvorbisenc.so.2.0.8
7f4df07c9000-7f4df07e5000 r-xp 002b2000 08:05 1573212                    /usr/lib/libvorbisenc.so.2.0.8
7f4df07e5000-7f4df07e6000 rwxp 002ce000 08:05 1573212                    /usr/lib/libvorbisenc.so.2.0.8
7f4df07e6000-7f4df082e000 r-xp 00000000 08:05 1570101                    /usr/lib/libFLAC.so.8.2.0
7f4df082e000-7f4df0a2e000 ---p 00048000 08:05 1570101                    /usr/lib/libFLAC.so.8.2.0
7f4df0a2e000-7f4df0a2f000 r-xp 00048000 08:05 1570101                    /usr/lib/libFLAC.so.8.2.0
7f4df0a2f000-7f4df0a30000 rwxp 00049000 08:05 1570101                    /usr/lib/libFLAC.so.8.2.0
7f4df0a30000-7f4df0a91000 r-xp 00000000 08:05 1570821                    /usr/lib/libsndfile.so.1.0.23
7f4df0a91000-7f4df0c91000 ---p 00061000 08:05 1570821                    /usr/lib/libsndfile.so.1.0.23
7f4df0c91000-7f4df0c93000 r-xp 00061000 08:05 1570821                    /usr/lib/libsndfile.so.1.0.23
7f4df0c93000-7f4df0c94000 rwxp 00063000 08:05 1570821                    /usr/lib/libsndfile.so.1.0.23
7f4df0c94000-7f4df0c98000 rwxp 00000000 00:00 0 
7f4df0c98000-7f4df0ca0000 r-xp 00000000 08:05 538930                     /lib/libwrap.so.0.7.6
7f4df0ca0000-7f4df0ea0000 ---p 00008000 08:05 538930                     /lib/libwrap.so.0.7.6
7f4df0ea0000-7f4df0ea1000 r-xp 00008000 08:05 538930                     /lib/libwrap.so.0.7.6
7f4df0ea1000-7f4df0ea2000 rwxp 00009000 08:05 538930                     /lib/libwrap.so.0.7.6
7f4df0ea2000-7f4df0ea3000 rwxp 00000000 00:00 0 
7f4df0ea3000-7f4df0ea7000 r-xp 00000000 08:05 534738                     /lib/x86_64-linux-gnu/libuuid.so.1.3.0
7f4df0ea7000-7f4df10a6000 ---p 00004000 08:05 534738                     /lib/x86_64-linux-gnu/libuuid.so.1.3.0
7f4df10a6000-7f4df10a7000 r-xp 00003000 08:05 534738                     /lib/x86_64-linux-gnu/libuuid.so.1.3.0
7f4df10a7000-7f4df10a8000 rwxp 00004000 08:05 534738                     /lib/x86_64-linux-gnu/libuuid.so.1.3.0
7f4df10a8000-7f4df10ea000 r-xp 00000000 08:05 525819                     /lib/x86_64-linux-gnu/libdbus-1.so.3.5.4
7f4df10ea000-7f4df12ea000 ---p 00042000 08:05 525819                     /lib/x86_64-linux-gnu/libdbus-1.so.3.5.4
7f4df12ea000-7f4df12eb000 r-xp 00042000 08:05 525819                     /lib/x86_64-linux-gnu/libdbus-1.so.3.5.4
7f4df12eb000-7f4df12ec000 rwxp 00043000 08:05 525819                     /lib/x86_64-linux-gnu/libdbus-1.so.3.5.4
7f4df12ec000-7f4df1337000 r-xp 00000000 08:05 1580900                    /usr/lib/libpulsecommon-0.9.22.so
7f4df1337000-7f4df1536000 ---p 0004b000 08:05 1580900                    /usr/lib/libpulsecommon-0.9.22.so
7f4df1536000-7f4df1537000 r-xp 0004a000 08:05 1580900                    /usr/lib/libpulsecommon-0.9.22.so
7f4df1537000-7f4df1538000 rwxp 0004b000 08:05 1580900                    /usr/lib/libpulsecommon-0.9.22.so
7f4df1538000-7f4df153b000 r-xp 00000000 08:05 1573582                    /usr/lib/libxcb-atom.so.1.0.0
7f4df153b000-7f4df173b000 ---p 00003000 08:05 1573582                    /usr/lib/libxcb-atom.so.1.0.0
7f4df173b000-7f4df173c000 r-xp 00003000 08:05 1573582                    /usr/lib/libxcb-atom.so.1.0.0
7f4df173c000-7f4df173d000 rwxp 00004000 08:05 1573582                    /usr/lib/libxcb-atom.so.1.0.0
7f4df173d000-7f4df1744000 r-xp 00000000 08:05 1578963                    /usr/lib/x86_64-linux-gnu/libSM.so.6.0.1
7f4df1744000-7f4df1943000 ---p 00007000 08:05 1578963                    /usr/lib/x86_64-linux-gnu/libSM.so.6.0.1
7f4df1943000-7f4df1944000 r-xp 00006000 08:05 1578963                    /usr/lib/x86_64-linux-gnu/libSM.so.6.0.1
7f4df1944000-7f4df1945000 rwxp 00007000 08:05 1578963                    /usr/lib/x86_64-linux-gnu/libSM.so.6.0.1
7f4df1945000-7f4df195b000 r-xp 00000000 08:05 1571606                    /usr/lib/x86_64-linux-gnu/libICE.so.6.3.0
7f4df195b000-7f4df1b5b000 ---p 00016000 08:05 1571606                    /usr/lib/x86_64-linux-gnu/libICE.so.6.3.0
7f4df1b5b000-7f4df1b5c000 r-xp 00016000 08:05 1571606                    /usr/lib/x86_64-linux-gnu/libICE.so.6.3.0
7f4df1b5c000-7f4df1b5d000 rwxp 00017000 08:05 1571606                    /usr/lib/x86_64-linux-gnu/libICE.so.6.3.0
7f4df1b5d000-7f4df1b60000 rwxp 00000000 00:00 0 
7f4df1b60000-7f4df1b61000 r-xp 00000000 08:05 1570508                    /usr/lib/x86_64-linux-gnu/libX11-xcb.so.1.0.0
7f4df1b61000-7f4df1d60000 ---p 00001000 08:05 1570508                    /usr/lib/x86_64-linux-gnu/libX11-xcb.so.1.0.0
7f4df1d60000-7f4df1d61000 r-xp 00000000 08:05 1570508                    /usr/lib/x86_64-linux-gnu/libX11-xcb.so.1.0.0
7f4df1d61000-7f4df1d62000 rwxp 00001000 08:05 1570508                    /usr/lib/x86_64-linux-gnu/libX11-xcb.so.1.0.0
7f4df1d62000-7f4df1da2000 r-xp 00000000 08:05 1573921                    /usr/lib/libpulse.so.0.12.3
7f4df1da2000-7f4df1fa1000 ---p 00040000 08:05 1573921                    /usr/lib/libpulse.so.0.12.3
7f4df1fa1000-7f4df1fa2000 r-xp 0003f000 08:05 1573921                    /usr/lib/libpulse.so.0.12.3
7f4df1fa2000-7f4df1fa3000 rwxp 00040000 08:05 1573921                    /usr/lib/libpulse.so.0.12.3
7f4df20f1000-7f4df20f4000 ---p 00000000 00:00 0 
7f4df20f4000-7f4df21f2000 rwxp 00000000 00:00 0 
7f4df21f2000-7f4df21fa000 r-xp 00000000 08:05 1581969                    /usr/lib/x86_64-linux-gnu/libXrandr.so.2.2.0
7f4df21fa000-7f4df23f9000 ---p 00008000 08:05 1581969                    /usr/lib/x86_64-linux-gnu/libXrandr.so.2.2.0
7f4df23f9000-7f4df23fa000 r-xp 00007000 08:05 1581969                    /usr/lib/x86_64-linux-gnu/libXrandr.so.2.2.0
7f4df23fa000-7f4df23fb000 rwxp 00008000 08:05 1581969                    /usr/lib/x86_64-linux-gnu/libXrandr.so.2.2.0
7f4df23fb000-7f4df2474000 r-xp 00000000 08:05 525157                     /tmp/libgdx/1799094955/liblwjgl64.so
7f4df2474000-7f4df2673000 ---p 00079000 08:05 525157                     /tmp/libgdx/1799094955/liblwjgl64.so
7f4df2673000-7f4df2675000 r-xp 00078000 08:05 525157                     /tmp/libgdx/1799094955/liblwjgl64.so
7f4df2675000-7f4df2676000 rwxp 0007a000 08:05 525157                     /tmp/libgdx/1799094955/liblwjgl64.so
7f4df2676000-7f4df2765000 r-xp 00000000 08:05 524903                     /tmp/libgdx/1799094955/libjogl-linux64.so
7f4df2765000-7f4df2865000 ---p 000ef000 08:05 524903                     /tmp/libgdx/1799094955/libjogl-linux64.so
7f4df2865000-7f4df2866000 rwxp 000ef000 08:05 524903                     /tmp/libgdx/1799094955/libjogl-linux64.so
7f4df2866000-7f4df3cb4000 r-xp 00000000 08:05 723                        /usr/lib/nvidia-current/libnvidia-glcore.so.270.41.19
7f4df3cb4000-7f4df3eb4000 ---p 0144e000 08:05 723                        /usr/lib/nvidia-current/libnvidia-glcore.so.270.41.19
7f4df3eb4000-7f4df449c000 rwxp 0144e000 08:05 723                        /usr/lib/nvidia-current/libnvidia-glcore.so.270.41.19
7f4df449c000-7f4df44b3000 rwxp 00000000 00:00 0 
7f4df44b3000-7f4df44b4000 r-xp 00000000 08:05 716                        /usr/lib/nvidia-current/tls/libnvidia-tls.so.270.41.19
7f4df44b4000-7f4df46b4000 ---p 00001000 08:05 716                        /usr/lib/nvidia-current/tls/libnvidia-tls.so.270.41.19
7f4df46b4000-7f4df46b5000 rwxp 00001000 08:05 716                        /usr/lib/nvidia-current/tls/libnvidia-tls.so.270.41.19
7f4df46b5000-7f4df46b6000 r-xp 00000000 08:05 1734853                    /usr/lib/jvm/java-6-sun-1.6.0.24/jre/lib/amd64/libjawt.so
7f4df46b6000-7f4df47b5000 ---p 00001000 08:05 1734853                    /usr/lib/jvm/java-6-sun-1.6.0.24/jre/lib/amd64/libjawt.so
7f4df47b5000-7f4df47b6000 rwxp 00000000 08:05 1734853                    /usr/lib/jvm/java-6-sun-1.6.0.24/jre/lib/amd64/libjawt.so
7f4df47b6000-7f4df47bb000 r-xp 00000000 08:05 1581972                    /usr/lib/x86_64-linux-gnu/libXxf86vm.so.1.0.0
7f4df47bb000-7f4df49ba000 ---p 00005000 08:05 1581972                    /usr/lib/x86_64-linux-gnu/libXxf86vm.so.1.0.0
7f4df49ba000-7f4df49bb000 r-xp 00004000 08:05 1581972                    /usr/lib/x86_64-linux-gnu/libXxf86vm.so.1.0.0
7f4df49bb000-7f4df49bc000 rwxp 00005000 08:05 1581972                    /usr/lib/x86_64-linux-gnu/libXxf86vm.so.1.0.0
7f4df49bc000-7f4df4a79000 r-xp 00000000 08:05 928                        /usr/lib/nvidia-current/libGL.so.270.41.19
7f4df4a79000-7f4df4c79000 ---p 000bd000 08:05 928                        /usr/lib/nvidia-current/libGL.so.270.41.19
7f4df4c79000-7f4df4cb2000 rwxp 000bd000 08:05 928                        /usr/lib/nvidia-current/libGL.so.270.41.19
7f4df4cb2000-7f4df4cc8000 rwxp 00000000 00:00 0 
7f4df4cc8000-7f4df4cca000 r-xp 00000000 08:05 524693                     /tmp/libgdx/1799094955/libjogl_awt-linux64.so
7f4df4cca000-7f4df4dc9000 ---p 00002000 08:05 524693                     /tmp/libgdx/1799094955/libjogl_awt-linux64.so
7f4df4dc9000-7f4df4dca000 rwxp 00001000 08:05 524693                     /tmp/libgdx/1799094955/libjogl_awt-linux64.so
7f4df4dca000-7f4df4dcb000 r-xp 00000000 08:05 524682                     /tmp/libgdx/1799094955/libgluegen-rt-linux64.so
7f4df4dcb000-7f4df4eca000 ---p 00001000 08:05 524682                     /tmp/libgdx/1799094955/libgluegen-rt-linux64.so
7f4df4eca000-7f4df4ecb000 rwxp 00000000 08:05 524682                     /tmp/libgdx/1799094955/libgluegen-rt-linux64.so
7f4df4ecb000-7f4df4ee0000 r-xp 00000000 08:05 528127                     /lib/x86_64-linux-gnu/libgcc_s.so.1
7f4df4ee0000-7f4df50df000 ---p 00015000 08:05 528127                     /lib/x86_64-linux-gnu/libgcc_s.so.1
7f4df50df000-7f4df50e0000 r-xp 00014000 08:05 528127                     /lib/x86_64-linux-gnu/libgcc_s.so.1
7f4df50e0000-7f4df50e1000 rwxp 00015000 08:05 528127                     /lib/x86_64-linux-gnu/libgcc_s.so.1
7f4df50e1000-7f4df51c9000 r-xp 00000000 08:05 1571250                    /usr/lib/x86_64-linux-gnu/libstdc++.so.6.0.14
7f4df51c9000-7f4df53c8000 ---p 000e8000 08:05 1571250                    /usr/lib/x86_64-linux-gnu/libstdc++.so.6.0.14
7f4df53c8000-7f4df53d0000 r-xp 000e7000 08:05 1571250                    /usr/lib/x86_64-linux-gnu/libstdc++.so.6.0.14
7f4df53d0000-7f4df53d2000 rwxp 000ef000 08:05 1571250                    /usr/lib/x86_64-linux-gnu/libstdc++.so.6.0.14
7f4df53d2000-7f4df53e7000 rwxp 00000000 00:00 0 
7f4df53e7000-7f4df5472000 r-xp 00000000 08:05 523720                     /tmp/libgdx/1799094955/libgdx-64.so
7f4df5472000-7f4df5672000 ---p 0008b000 08:05 523720                     /tmp/libgdx/1799094955/libgdx-64.so
7f4df5672000-7f4df5673000 r-xp 0008b000 08:05 523720                     /tmp/libgdx/1799094955/libgdx-64.so
7f4df5673000-7f4df5674000 rwxp 0008c000 08:05 523720                     /tmp/libgdx/1799094955/libgdx-64.so
7f4df5674000-7f4df5677000 rwxp 00000000 00:00 0 
7f4df5677000-7f4df567a000 ---p 00000000 00:00 0 
7f4df567a000-7f4df5778000 rwxp 00000000 00:00 0 
7f4df5778000-7f4df5779000 r-xs 00000000 08:05 532633                     /var/cache/fontconfig/26de28bc8622bbc1fb67fd234c21975f-le64.cache-3
7f4df5779000-7f4df577a000 r-xs 00000000 08:05 554485                     /var/cache/fontconfig/c05880de57d1f5e948fdfacc138775d9-le64.cache-3
7f4df577a000-7f4df5783000 r-xs 00000000 08:05 527845                     /var/cache/fontconfig/945677eb7aeaf62f1d50efc3fb3ec7d8-le64.cache-3
7f4df5783000-7f4df5785000 r-xs 00000000 08:05 554480                     /var/cache/fontconfig/99e8ed0e538f840c565b6ed5dad60d56-le64.cache-3
7f4df5785000-7f4df5788000 r-xs 00000000 08:05 554411                     /var/cache/fontconfig/f24b2111ab8703b4e963115a8cf14259-le64.cache-3
7f4df5788000-7f4df578b000 r-xs 00000000 08:05 554479                     /var/cache/fontconfig/e383d7ea5fbe662a33d9b44caf393297-le64.cache-3
7f4df578b000-7f4df578e000 r-xs 00000000 08:05 554477                     /var/cache/fontconfig/2cd17615ca594fa2959ae173292e504c-le64.cache-3
7f4df578e000-7f4df578f000 r-xs 00000000 08:05 554471                     /var/cache/fontconfig/e7071f4a29fa870f4323321c154eba04-le64.cache-3
7f4df578f000-7f4df5793000 r-xs 00000000 08:05 554470                     /var/cache/fontconfig/6eb3985aa4124903f6ff08ba781cd364-le64.cache-3
7f4df5793000-7f4df5798000 r-xs 00000000 08:05 554453                     /var/cache/fontconfig/062808c12e6e608270f93bb230aed730-le64.cache-3
7f4df5798000-7f4df579e000 r-xs 00000000 08:05 554429                     /var/cache/fontconfig/a755afe4a08bf5b97852ceb7400b47bc-le64.cache-3
7f4df5865000-7f4df5868000 ---p 00000000 00:00 0 
7f4df5868000-7f4df5966000 rwxp 00000000 00:00 0 
7f4df5966000-7f4df5969000 ---p 00000000 00:00 0 
7f4df5969000-7f4df5a67000 rwxp 00000000 00:00 0 
7f4df5a67000-7f4df5a6c000 r-xp 00000000 08:05 1570859                    /usr/lib/x86_64-linux-gnu/libXfixes.so.3.1.0
7f4df5a6c000-7f4df5c6b000 ---p 00005000 08:05 1570859                    /usr/lib/x86_64-linux-gnu/libXfixes.so.3.1.0
7f4df5c6b000-7f4df5c6c000 r-xp 00004000 08:05 1570859                    /usr/lib/x86_64-linux-gnu/libXfixes.so.3.1.0
7f4df5c6c000-7f4df5c6d000 rwxp 00005000 08:05 1570859                    /usr/lib/x86_64-linux-gnu/libXfixes.so.3.1.0
7f4df5c6d000-7f4df5c76000 r-xp 00000000 08:05 1570620                    /usr/lib/x86_64-linux-gnu/libXrender.so.1.3.0
7f4df5c76000-7f4df5e76000 ---p 00009000 08:05 1570620                    /usr/lib/x86_64-linux-gnu/libXrender.so.1.3.0
7f4df5e76000-7f4df5e77000 r-xp 00009000 08:05 1570620                    /usr/lib/x86_64-linux-gnu/libXrender.so.1.3.0
7f4df5e77000-7f4df5e78000 rwxp 0000a000 08:05 1570620                    /usr/lib/x86_64-linux-gnu/libXrender.so.1.3.0
7f4df5e78000-7f4df5e81000 r-xp 00000000 08:05 1573929                    /usr/lib/x86_64-linux-gnu/libXcursor.so.1.0.2
7f4df5e81000-7f4df6080000 ---p 00009000 08:05 1573929                    /usr/lib/x86_64-linux-gnu/libXcursor.so.1.0.2
7f4df6080000-7f4df6081000 r-xp 00008000 08:05 1573929                    /usr/lib/x86_64-linux-gnu/libXcursor.so.1.0.2
7f4df6081000-7f4df6082000 rwxp 00009000 08:05 1573929                    /usr/lib/x86_64-linux-gnu/libXcursor.so.1.0.2
7f4df6084000-7f4df608c000 r-xs 00115000 08:05 1662451                    /usr/lib/jvm/java-6-sun-1.6.0.24/jre/lib/resources.jar
7f4df608c000-7f4df6090000 rwxs bfc1c000 00:05 6902                       /dev/nvidia0
7f4df6094000-7f4df60af000 rwxs 114c60000 00:05 6902                      /dev/nvidia0
7f4df60af000-7f4df60b2000 ---p 00000000 00:00 0 
7f4df60b2000-7f4df61b0000 rwxp 00000000 00:00 0 
7f4df61b0000-7f4df6229000 r-xp 00000000 08:05 1734841                    /usr/lib/jvm/java-6-sun-1.6.0.24/jre/lib/amd64/libfontmanager.so
7f4df6229000-7f4df6328000 ---p 00079000 08:05 1734841                    /usr/lib/jvm/java-6-sun-1.6.0.24/jre/lib/amd64/libfontmanager.so
7f4df6328000-7f4df633d000 rwxp 00078000 08:05 1734841                    /usr/lib/jvm/java-6-sun-1.6.0.24/jre/lib/amd64/libfontmanager.so
7f4df633d000-7f4df634e000 rwxp 00000000 00:00 0 
7f4df634e000-7f4df6353000 r-xp 00000000 08:05 1573561                    /usr/lib/x86_64-linux-gnu/libXdmcp.so.6.0.0
7f4df6353000-7f4df6552000 ---p 00005000 08:05 1573561                    /usr/lib/x86_64-linux-gnu/libXdmcp.so.6.0.0
7f4df6552000-7f4df6553000 r-xp 00004000 08:05 1573561                    /usr/lib/x86_64-linux-gnu/libXdmcp.so.6.0.0
7f4df6553000-7f4df6554000 rwxp 00005000 08:05 1573561                    /usr/lib/x86_64-linux-gnu/libXdmcp.so.6.0.0
7f4df6554000-7f4df6556000 r-xp 00000000 08:05 1570542                    /usr/lib/x86_64-linux-gnu/libXau.so.6.0.0
7f4df6556000-7f4df6755000 ---p 00002000 08:05 1570542                    /usr/lib/x86_64-linux-gnu/libXau.so.6.0.0
7f4df6755000-7f4df6756000 r-xp 00001000 08:05 1570542                    /usr/lib/x86_64-linux-gnu/libXau.so.6.0.0
7f4df6756000-7f4df6757000 rwxp 00002000 08:05 1570542                    /usr/lib/x86_64-linux-gnu/libXau.so.6.0.0
7f4df6757000-7f4df6772000 r-xp 00000000 08:05 1572615                    /usr/lib/x86_64-linux-gnu/libxcb.so.1.1.0
7f4df6772000-7f4df6971000 ---p 0001b000 08:05 1572615                    /usr/lib/x86_64-linux-gnu/libxcb.so.1.1.0
7f4df6971000-7f4df6972000 r-xp 0001a000 08:05 1572615                    /usr/lib/x86_64-linux-gnu/libxcb.so.1.1.0
7f4df6972000-7f4df6973000 rwxp 0001b000 08:05 1572615                    /usr/lib/x86_64-linux-gnu/libxcb.so.1.1.0
7f4df6973000-7f4df6982000 r-xp 00000000 08:05 1613065                    /usr/lib/x86_64-linux-gnu/libXi.so.6.1.0
7f4df6982000-7f4df6b81000 ---p 0000f000 08:05 1613065                    /usr/lib/x86_64-linux-gnu/libXi.so.6.1.0
7f4df6b81000-7f4df6b82000 r-xp 0000e000 08:05 1613065                    /usr/lib/x86_64-linux-gnu/libXi.so.6.1.0
7f4df6b82000-7f4df6b83000 rwxp 0000f000 08:05 1613065                    /usr/lib/x86_64-linux-gnu/libXi.so.6.1.0
7f4df6b83000-7f4df6b88000 r-xp 00000000 08:05 1572606                    /usr/lib/libXtst.so.6.1.0
7f4df6b88000-7f4df6d87000 ---p 00005000 08:05 1572606                    /usr/lib/libXtst.so.6.1.0
7f4df6d87000-7f4df6d88000 r-xp 00004000 08:05 1572606                    /usr/lib/libXtst.so.6.1.0
7f4df6d88000-7f4df6d89000 rwxp 00005000 08:05 1572606                    /usr/lib/libXtst.so.6.1.0
7f4df6d89000-7f4df6ebe000 r-xp 00000000 08:05 1573591                    /usr/lib/x86_64-linux-gnu/libX11.so.6.3.0
7f4df6ebe000-7f4df70be000 ---p 00135000 08:05 1573591                    /usr/lib/x86_64-linux-gnu/libX11.so.6.3.0
7f4df70be000-7f4df70bf000 r-xp 00135000 08:05 1573591                    /usr/lib/x86_64-linux-gnu/libX11.so.6.3.0
7f4df70bf000-7f4df70c3000 rwxp 00136000 08:05 1573591                    /usr/lib/x86_64-linux-gnu/libX11.so.6.3.0
7f4df70c3000-7f4df70d4000 r-xp 00000000 08:05 1571673                    /usr/lib/x86_64-linux-gnu/libXext.so.6.4.0
7f4df70d4000-7f4df72d3000 ---p 00011000 08:05 1571673                    /usr/lib/x86_64-linux-gnu/libXext.so.6.4.0
7f4df72d3000-7f4df72d4000 r-xp 00010000 08:05 1571673                    /usr/lib/x86_64-linux-gnu/libXext.so.6.4.0
7f4df72d4000-7f4df72d5000 rwxp 00011000 08:05 1571673                    /usr/lib/x86_64-linux-gnu/libXext.so.6.4.0
7f4df72d5000-7f4df7317000 r-xp 00000000 08:05 1734831                    /usr/lib/jvm/java-6-sun-1.6.0.24/jre/lib/amd64/xawt/libmawt.so
7f4df7317000-7f4df7416000 ---p 00042000 08:05 1734831                    /usr/lib/jvm/java-6-sun-1.6.0.24/jre/lib/amd64/xawt/libmawt.so
7f4df7416000-7f4df7422000 rwxp 00041000 08:05 1734831                    /usr/lib/jvm/java-6-sun-1.6.0.24/jre/lib/amd64/xawt/libmawt.so
7f4df7422000-7f4df7423000 rwxp 00000000 00:00 0 
7f4df7423000-7f4df74b5000 r-xp 00000000 08:05 1734852                    /usr/lib/jvm/java-6-sun-1.6.0.24/jre/lib/amd64/libawt.so
7f4df74b5000-7f4df75b4000 ---p 00092000 08:05 1734852                    /usr/lib/jvm/java-6-sun-1.6.0.24/jre/lib/amd64/libawt.so
7f4df75b4000-7f4df75cd000 rwxp 00091000 08:05 1734852                    /usr/lib/jvm/java-6-sun-1.6.0.24/jre/lib/amd64/libawt.so
7f4df75cd000-7f4df75f2000 rwxp 00000000 00:00 0 
7f4df75f2000-7f4df75f3000 ---p 00000000 00:00 0 
7f4df75f3000-7f4df76f3000 rwxp 00000000 00:00 0 
7f4df76f3000-7f4df76f6000 ---p 00000000 00:00 0 
7f4df76f6000-7f4df77f4000 rwxp 00000000 00:00 0 
7f4df77f4000-7f4df77f7000 ---p 00000000 00:00 0 
7f4df77f7000-7f4df78f5000 rwxp 00000000 00:00 0 
7f4df78f5000-7f4df78f8000 ---p 00000000 00:00 0 
7f4df78f8000-7f4df79f6000 rwxp 00000000 00:00 0 
7f4df79f6000-7f4df79f9000 ---p 00000000 00:00 0 
7f4df79f9000-7f4df7af7000 rwxp 00000000 00:00 0 
7f4df7af7000-7f4df7eff000 r-xp 00000000 08:05 1570348                    /usr/lib/locale/locale-archive
7f4df7eff000-7f4df7f02000 ---p 00000000 00:00 0 
7f4df7f02000-7f4df8000000 rwxp 00000000 00:00 0 
7f4df8000000-7f4dfbfe3000 rwxp 00000000 00:00 0 
7f4dfbfe3000-7f4dfc000000 ---p 00000000 00:00 0 
7f4dfc000000-7f4dfc001000 rwxs fb060000 00:05 6902                       /dev/nvidia0
7f4dfc001000-7f4dfc006000 r-xs 00000000 08:05 554452                     /var/cache/fontconfig/515ca1ebc4b18308bea979be5704f9db-le64.cache-3
7f4dfc006000-7f4dfc00f000 r-xs 00000000 08:05 554448                     /var/cache/fontconfig/6d41288fd70b0be22e8c3a91e032eec0-le64.cache-3
7f4dfc00f000-7f4dfc01f000 r-xs 00000000 08:05 554447                     /var/cache/fontconfig/0f34bcd4b6ee430af32735b75db7f02b-le64.cache-3
7f4dfc01f000-7f4dfc022000 r-xs 00000000 08:05 554441                     /var/cache/fontconfig/d60319d88cac85ba9e1a07bd06cfbb8c-le64.cache-3
7f4dfc022000-7f4dfc023000 r-xs 00000000 08:05 530935                     /var/cache/fontconfig/4794a0821666d79190d59a36cb4f44b5-le64.cache-3
7f4dfc023000-7f4dfc051000 r-xs 00000000 08:05 554435                     /var/cache/fontconfig/365b55f210c0a22e9a19e35191240f32-le64.cache-3
7f4dfc051000-7f4dfc05b000 r-xs 00000000 08:05 554433                     /var/cache/fontconfig/d52a8644073d54c13679302ca1180695-le64.cache-3
7f4dfc05b000-7f4dfc06e000 r-xs 00000000 08:05 538224                     /var/cache/fontconfig/e13b20fdb08344e0e664864cc2ede53d-le64.cache-3
7f4dfc06e000-7f4dfc072000 r-xs 00000000 08:05 538228                     /var/cache/fontconfig/7ef2298fde41cc6eeb7af42e48b7d293-le64.cache-3
7f4dfc072000-7f4dfc086000 r-xs 00000000 08:05 527842                     /var/cache/fontconfig/865f88548240fee46819705c6468c165-le64.cache-3
7f4dfc086000-7f4dfc08f000 r-xs 00076000 08:05 1339556                    /home/bompo/git/mgcube/libs/gdx.jar
7f4dfc08f000-7f4dfc095000 r-xs 00064000 08:05 1339995                    /home/bompo/git/mgcube/libs/gdx-sources.jar
7f4dfc095000-7f4dfc098000 ---p 00000000 00:00 0 
7f4dfc098000-7f4dfc196000 rwxp 00000000 00:00 0 
7f4dfc196000-7f4dfc197000 ---p 00000000 00:00 0 
7f4dfc197000-7f4dfc7d0000 rwxp 00000000 00:00 0 
7f4dfc7d0000-7f4dfc968000 r-xs 03027000 08:05 1662454                    /usr/lib/jvm/java-6-sun-1.6.0.24/jre/lib/rt.jar
7f4dfc968000-7f4dfc990000 rwxp 00000000 00:00 0 
7f4dfc990000-7f4dfc991000 ---p 00000000 00:00 0 
7f4dfc991000-7f4dfca91000 rwxp 00000000 00:00 0 
7f4dfca91000-7f4dfca92000 ---p 00000000 00:00 0 
7f4dfca92000-7f4dfcb92000 rwxp 00000000 00:00 0 
7f4dfcb92000-7f4dfcb93000 ---p 00000000 00:00 0 
7f4dfcb93000-7f4dfcc93000 rwxp 00000000 00:00 0 
7f4dfcc93000-7f4dfcc94000 ---p 00000000 00:00 0 
7f4dfcc94000-7f4dfcd9f000 rwxp 00000000 00:00 0 
7f4dfcd9f000-7f4dfcdbd000 rwxp 00000000 00:00 0 
7f4dfcdbd000-7f4dfcdd2000 rwxp 00000000 00:00 0 
7f4dfcdd2000-7f4dfcf07000 rwxp 00000000 00:00 0 
7f4dfcf07000-7f4dfcf12000 rwxp 00000000 00:00 0 
7f4dfcf12000-7f4dfcf30000 rwxp 00000000 00:00 0 
7f4dfcf30000-7f4dfcf45000 rwxp 00000000 00:00 0 
7f4dfcf45000-7f4dfd07a000 rwxp 00000000 00:00 0 
7f4dfd07a000-7f4dfd085000 rwxp 00000000 00:00 0 
7f4dfd085000-7f4dfd11f000 rwxp 00000000 00:00 0 
7f4dfd11f000-7f4dfd390000 rwxp 00000000 00:00 0 
7f4dfd390000-7f4e00120000 rwxp 00000000 00:00 0 
7f4e00120000-7f4e0012e000 r-xp 00000000 08:05 1734847                    /usr/lib/jvm/java-6-sun-1.6.0.24/jre/lib/amd64/libzip.so
7f4e0012e000-7f4e00230000 ---p 0000e000 08:05 1734847                    /usr/lib/jvm/java-6-sun-1.6.0.24/jre/lib/amd64/libzip.so
7f4e00230000-7f4e00233000 rwxp 00010000 08:05 1734847                    /usr/lib/jvm/java-6-sun-1.6.0.24/jre/lib/amd64/libzip.so
7f4e00233000-7f4e00234000 rwxp 00000000 00:00 0 
7f4e00234000-7f4e00240000 r-xp 00000000 08:05 535712                     /lib/x86_64-linux-gnu/libnss_files-2.13.so
7f4e00240000-7f4e0043f000 ---p 0000c000 08:05 535712                     /lib/x86_64-linux-gnu/libnss_files-2.13.so
7f4e0043f000-7f4e00440000 r-xp 0000b000 08:05 535712                     /lib/x86_64-linux-gnu/libnss_files-2.13.so
7f4e00440000-7f4e00441000 rwxp 0000c000 08:05 535712                     /lib/x86_64-linux-gnu/libnss_files-2.13.so
7f4e00441000-7f4e0044c000 r-xp 00000000 08:05 535714                     /lib/x86_64-linux-gnu/libnss_nis-2.13.so
7f4e0044c000-7f4e0064b000 ---p 0000b000 08:05 535714                     /lib/x86_64-linux-gnu/libnss_nis-2.13.so
7f4e0064b000-7f4e0064c000 r-xp 0000a000 08:05 535714                     /lib/x86_64-linux-gnu/libnss_nis-2.13.so
7f4e0064c000-7f4e0064d000 rwxp 0000b000 08:05 535714                     /lib/x86_64-linux-gnu/libnss_nis-2.13.so
7f4e0064d000-7f4e00655000 r-xp 00000000 08:05 535710                     /lib/x86_64-linux-gnu/libnss_compat-2.13.so
7f4e00655000-7f4e00854000 ---p 00008000 08:05 535710                     /lib/x86_64-linux-gnu/libnss_compat-2.13.so
7f4e00854000-7f4e00855000 r-xp 00007000 08:05 535710                     /lib/x86_64-linux-gnu/libnss_compat-2.13.so
7f4e00855000-7f4e00856000 rwxp 00008000 08:05 535710                     /lib/x86_64-linux-gnu/libnss_compat-2.13.so
7f4e00856000-7f4e0085d000 r-xp 00000000 08:05 1734857                    /usr/lib/jvm/java-6-sun-1.6.0.24/jre/lib/amd64/native_threads/libhpi.so
7f4e0085d000-7f4e0095e000 ---p 00007000 08:05 1734857                    /usr/lib/jvm/java-6-sun-1.6.0.24/jre/lib/amd64/native_threads/libhpi.so
7f4e0095e000-7f4e00960000 rwxp 00008000 08:05 1734857                    /usr/lib/jvm/java-6-sun-1.6.0.24/jre/lib/amd64/native_threads/libhpi.so
7f4e00960000-7f4e00961000 rwxp 00000000 00:00 0 
7f4e00961000-7f4e00978000 r-xp 00000000 08:05 535709                     /lib/x86_64-linux-gnu/libnsl-2.13.so
7f4e00978000-7f4e00b77000 ---p 00017000 08:05 535709                     /lib/x86_64-linux-gnu/libnsl-2.13.so
7f4e00b77000-7f4e00b78000 r-xp 00016000 08:05 535709                     /lib/x86_64-linux-gnu/libnsl-2.13.so
7f4e00b78000-7f4e00b79000 rwxp 00017000 08:05 535709                     /lib/x86_64-linux-gnu/libnsl-2.13.so
7f4e00b79000-7f4e00b7b000 rwxp 00000000 00:00 0 
7f4e00b7b000-7f4e00ba4000 r-xp 00000000 08:05 1734846                    /usr/lib/jvm/java-6-sun-1.6.0.24/jre/lib/amd64/libjava.so
7f4e00ba4000-7f4e00ca3000 ---p 00029000 08:05 1734846                    /usr/lib/jvm/java-6-sun-1.6.0.24/jre/lib/amd64/libjava.so
7f4e00ca3000-7f4e00caa000 rwxp 00028000 08:05 1734846                    /usr/lib/jvm/java-6-sun-1.6.0.24/jre/lib/amd64/libjava.so
7f4e00caa000-7f4e00cb7000 r-xp 00000000 08:05 1731420                    /usr/lib/jvm/java-6-sun-1.6.0.24/jre/lib/amd64/libverify.so
7f4e00cb7000-7f4e00db6000 ---p 0000d000 08:05 1731420                    /usr/lib/jvm/java-6-sun-1.6.0.24/jre/lib/amd64/libverify.so
7f4e00db6000-7f4e00db9000 rwxp 0000c000 08:05 1731420                    /usr/lib/jvm/java-6-sun-1.6.0.24/jre/lib/amd64/libverify.so
7f4e00db9000-7f4e00dc0000 r-xp 00000000 08:05 535724                     /lib/x86_64-linux-gnu/librt-2.13.so
7f4e00dc0000-7f4e00fbf000 ---p 00007000 08:05 535724                     /lib/x86_64-linux-gnu/librt-2.13.so
7f4e00fbf000-7f4e00fc0000 r-xp 00006000 08:05 535724                     /lib/x86_64-linux-gnu/librt-2.13.so
7f4e00fc0000-7f4e00fc1000 rwxp 00007000 08:05 535724                     /lib/x86_64-linux-gnu/librt-2.13.so
7f4e00fc1000-7f4e00fc4000 ---p 00000000 00:00 0 
7f4e00fc4000-7f4e010c2000 rwxp 00000000 00:00 0 
7f4e010c2000-7f4e01146000 r-xp 00000000 08:05 535703                     /lib/x86_64-linux-gnu/libm-2.13.so
7f4e01146000-7f4e01345000 ---p 00084000 08:05 535703                     /lib/x86_64-linux-gnu/libm-2.13.so
7f4e01345000-7f4e01346000 r-xp 00083000 08:05 535703                     /lib/x86_64-linux-gnu/libm-2.13.so
7f4e01346000-7f4e01347000 rwxp 00084000 08:05 535703                     /lib/x86_64-linux-gnu/libm-2.13.so
7f4e01347000-7f4e01b85000 r-xp 00000000 08:05 1734849                    /usr/lib/jvm/java-6-sun-1.6.0.24/jre/lib/amd64/server/libjvm.so
7f4e01b85000-7f4e01c84000 ---p 0083e000 08:05 1734849                    /usr/lib/jvm/java-6-sun-1.6.0.24/jre/lib/amd64/server/libjvm.so
7f4e01c84000-7f4e01e18000 rwxp 0083d000 08:05 1734849                    /usr/lib/jvm/java-6-sun-1.6.0.24/jre/lib/amd64/server/libjvm.so
7f4e01e18000-7f4e01e51000 rwxp 00000000 00:00 0 
7f4e01e51000-7f4e01fdb000 r-xp 00000000 08:05 535697                     /lib/x86_64-linux-gnu/libc-2.13.so
7f4e01fdb000-7f4e021da000 ---p 0018a000 08:05 535697                     /lib/x86_64-linux-gnu/libc-2.13.so
7f4e021da000-7f4e021de000 r-xp 00189000 08:05 535697                     /lib/x86_64-linux-gnu/libc-2.13.so
7f4e021de000-7f4e021df000 rwxp 0018d000 08:05 535697                     /lib/x86_64-linux-gnu/libc-2.13.so
7f4e021df000-7f4e021e5000 rwxp 00000000 00:00 0 
7f4e021e5000-7f4e021e7000 r-xp 00000000 08:05 535702                     /lib/x86_64-linux-gnu/libdl-2.13.so
7f4e021e7000-7f4e023e7000 ---p 00002000 08:05 535702                     /lib/x86_64-linux-gnu/libdl-2.13.so
7f4e023e7000-7f4e023e8000 r-xp 00002000 08:05 535702                     /lib/x86_64-linux-gnu/libdl-2.13.so
7f4e023e8000-7f4e023e9000 rwxp 00003000 08:05 535702                     /lib/x86_64-linux-gnu/libdl-2.13.so
7f4e023e9000-7f4e02401000 r-xp 00000000 08:05 535718                     /lib/x86_64-linux-gnu/libpthread-2.13.so
7f4e02401000-7f4e02601000 ---p 00018000 08:05 535718                     /lib/x86_64-linux-gnu/libpthread-2.13.so
7f4e02601000-7f4e02602000 r-xp 00018000 08:05 535718                     /lib/x86_64-linux-gnu/libpthread-2.13.so
7f4e02602000-7f4e02603000 rwxp 00019000 08:05 535718                     /lib/x86_64-linux-gnu/libpthread-2.13.so
7f4e02603000-7f4e02607000 rwxp 00000000 00:00 0 
7f4e02607000-7f4e02628000 r-xp 00000000 08:05 535673                     /lib/x86_64-linux-gnu/ld-2.13.so
7f4e02628000-7f4e02629000 r-xs 00000000 08:05 554466                     /var/cache/fontconfig/4c73fe0c47614734b17d736dbde7580a-le64.cache-3
7f4e02629000-7f4e0262a000 r-xs 00000000 08:05 554459                     /var/cache/fontconfig/0d8c3b2ac0904cb8a57a757ad11a4a08-le64.cache-3
7f4e0262a000-7f4e02634000 rwxp 00000000 00:00 0 
7f4e02634000-7f4e026ea000 rwxp 00000000 00:00 0 
7f4e026ea000-7f4e026ed000 rwxp 00000000 00:00 0 
7f4e026ed000-7f4e026f4000 r-xp 00000000 08:05 1731410                    /usr/lib/jvm/java-6-sun-1.6.0.24/jre/lib/amd64/jli/libjli.so
7f4e026f4000-7f4e027f5000 ---p 00007000 08:05 1731410                    /usr/lib/jvm/java-6-sun-1.6.0.24/jre/lib/amd64/jli/libjli.so
7f4e027f5000-7f4e027f7000 rwxp 00008000 08:05 1731410                    /usr/lib/jvm/java-6-sun-1.6.0.24/jre/lib/amd64/jli/libjli.so
7f4e027f7000-7f4e027f8000 rwxp 00000000 00:00 0 
7f4e027f8000-7f4e027f9000 r-xs 00000000 08:05 554454                     /var/cache/fontconfig/6a53c69dea097a2d716e069445527da8-le64.cache-3
7f4e027f9000-7f4e027fa000 r-xs 00000000 08:05 554418                     /var/cache/fontconfig/ec648e9a1aea82bddd4bd6050028158d-le64.cache-3
7f4e027fa000-7f4e027fb000 r-xs 00000000 08:05 1340105                    /home/bompo/.fontconfig/aa7e4f27e681240d22a1f116cf7520f0-le64.cache-3
7f4e027fb000-7f4e027fc000 r-xs 001d6000 08:05 1339734                    /home/bompo/git/mgcube/libs/gdx-natives.jar
7f4e027fc000-7f4e02816000 r-xs 00205000 08:05 1330241                    /home/bompo/git/mgcube/libs/gdx-backend-jogl.jar
7f4e02816000-7f4e02817000 r-xs 00006000 08:05 1330357                    /home/bompo/git/mgcube/libs/gdx-backend-jogl-sources.jar
7f4e02817000-7f4e02818000 r-xs 001f3000 08:05 1339854                    /home/bompo/git/mgcube/libs/gdx-backend-jogl-natives.jar
7f4e02818000-7f4e0281b000 r-xs 0000f000 08:05 1622792                    /usr/lib/jvm/java-6-sun-1.6.0.24/jre/lib/ext/pulse-java.jar
7f4e0281b000-7f4e02823000 rwxs 00000000 08:05 531468                     /tmp/hsperfdata_bompo/13327 (deleted)
7f4e02823000-7f4e02824000 rwxp 00000000 00:00 0 
7f4e02824000-7f4e02825000 ---p 00000000 00:00 0 
7f4e02825000-7f4e02827000 rwxp 00000000 00:00 0 
7f4e02827000-7f4e02828000 r-xp 00020000 08:05 535673                     /lib/x86_64-linux-gnu/ld-2.13.so
7f4e02828000-7f4e0282a000 rwxp 00021000 08:05 535673                     /lib/x86_64-linux-gnu/ld-2.13.so
7fffa680e000-7fffa682f000 rwxp 00000000 00:00 0                          [stack]
7fffa69ff000-7fffa6a00000 r-xp 00000000 00:00 0                          [vdso]
ffffffffff600000-ffffffffff601000 r-xp 00000000 00:00 0                  [vsyscall]

VM Arguments:
jvm_args: -Dfile.encoding=UTF-8 
java_command: de.swagner.mgcube.DesktopStarter
Launcher Type: SUN_STANDARD

Environment Variables:
PATH=/usr/local/sbin:/usr/local/bin:/usr/sbin:/usr/bin:/sbin:/bin:/usr/games
USERNAME=bompo
LD_LIBRARY_PATH=/usr/lib/jvm/java-6-sun-1.6.0.24/jre/lib/amd64/server:/usr/lib/jvm/java-6-sun-1.6.0.24/jre/lib/amd64:/usr/lib/jvm/java-6-sun-1.6.0.24/jre/../lib/amd64:/usr/lib/jvm/java-6-openjdk/jre/lib/amd64/server:/usr/lib/jvm/java-6-openjdk/jre/lib/amd64:/usr/lib/jvm/java-6-openjdk/jre/../lib/amd64:/usr/lib64/xulrunner-addons
SHELL=/bin/bash
DISPLAY=:0.0

Signal Handlers:
SIGSEGV: [libjvm.so+0x791b30], sa_mask[0]=0x7ffbfeff, sa_flags=0x10000004
SIGBUS: [libjvm.so+0x791b30], sa_mask[0]=0x7ffbfeff, sa_flags=0x10000004
SIGFPE: [libjvm.so+0x640ba0], sa_mask[0]=0x7ffbfeff, sa_flags=0x10000004
SIGPIPE: [libjvm.so+0x640ba0], sa_mask[0]=0x7ffbfeff, sa_flags=0x10000004
SIGXFSZ: [libjvm.so+0x640ba0], sa_mask[0]=0x7ffbfeff, sa_flags=0x10000004
SIGILL: [libjvm.so+0x640ba0], sa_mask[0]=0x7ffbfeff, sa_flags=0x10000004
SIGUSR1: SIG_DFL, sa_mask[0]=0x00000000, sa_flags=0x00000000
SIGUSR2: [libjvm.so+0x643780], sa_mask[0]=0x00000004, sa_flags=0x10000004
SIGHUP: [libjvm.so+0x643380], sa_mask[0]=0x7ffbfeff, sa_flags=0x10000004
SIGINT: [libjvm.so+0x643380], sa_mask[0]=0x7ffbfeff, sa_flags=0x10000004
SIGTERM: [libjvm.so+0x643380], sa_mask[0]=0x7ffbfeff, sa_flags=0x10000004
SIGQUIT: [libjvm.so+0x643380], sa_mask[0]=0x7ffbfeff, sa_flags=0x10000004


---------------  S Y S T E M  ---------------

OS:squeeze/sid

uname:Linux 2.6.38-10-generic #44-Ubuntu SMP Thu Jun 2 21:32:22 UTC 2011 x86_64
libc:glibc 2.13 NPTL 2.13 
rlimit: STACK 8192k, CORE 0k, NPROC infinity, NOFILE 4096, AS infinity
load average:0.14 0.17 0.15

/proc/meminfo:
MemTotal:        4047872 kB
MemFree:          330148 kB
Buffers:          268628 kB
Cached:          1199916 kB
SwapCached:            0 kB
Active:          2429784 kB
Inactive:         911788 kB
Active(anon):    1874980 kB
Inactive(anon):    14440 kB
Active(file):     554804 kB
Inactive(file):   897348 kB
Unevictable:         148 kB
Mlocked:             148 kB
SwapTotal:      19529724 kB
SwapFree:       19529724 kB
Dirty:               152 kB
Writeback:             0 kB
AnonPages:       1873412 kB
Mapped:           215948 kB
Shmem:             16396 kB
Slab:             167976 kB
SReclaimable:     138708 kB
SUnreclaim:        29268 kB
KernelStack:        4280 kB
PageTables:        37660 kB
NFS_Unstable:          0 kB
Bounce:                0 kB
WritebackTmp:          0 kB
CommitLimit:    21553660 kB
Committed_AS:    4601072 kB
VmallocTotal:   34359738367 kB
VmallocUsed:      341848 kB
VmallocChunk:   34359382592 kB
HardwareCorrupted:     0 kB
HugePages_Total:       0
HugePages_Free:        0
HugePages_Rsvd:        0
HugePages_Surp:        0
Hugepagesize:       2048 kB
DirectMap4k:      173504 kB
DirectMap2M:     4012032 kB


CPU:total 4 (4 cores per cpu, 1 threads per core) family 6 model 30 stepping 5, cmov, cx8, fxsr, mmx, sse, sse2, sse3, ssse3, sse4.1, sse4.2, popcnt

Memory: 4k page, physical 4047872k(330148k free), swap 19529724k(19529724k free)

vm_info: Java HotSpot(TM) 64-Bit Server VM (19.1-b02) for linux-amd64 JRE (1.6.0_24-b07), built on Feb  2 2011 16:55:54 by "java_re" with gcc 3.2.2 (SuSE Linux)

time: Wed Jun 22 22:39:31 2011
elapsed time: 17 seconds

