#
# A fatal error has been detected by the Java Runtime Environment:
#
#  SIGBUS (0x7) at pc=0x00007f9f6d733092, pid=15114, tid=140322716411648
#
# JRE version: 6.0_24-b07
# Java VM: Java HotSpot(TM) 64-Bit Server VM (19.1-b02 mixed mode linux-amd64 compressed oops)
# Problematic frame:
# 
[error occurred during error reporting (printing problematic frame), id 0x7]

# If you would like to submit a bug report, please visit:
#   http://java.sun.com/webapps/bugreport/crash.jsp
# The crash happened outside the Java Virtual Machine in native code.
# See problematic frame for where to report the bug.
#

---------------  T H R E A D  ---------------

Current thread (0x00007f9f68131000):  JavaThread "AWT-EventQueue-0" [_thread_in_native, id=15135, stack(0x00007f9f6d9a6000,0x00007f9f6daa7000)]

siginfo:si_signo=SIGBUS: si_errno=0, si_code=2 (BUS_ADRERR), si_addr=0x00007f9f6d78788c

Registers:
RAX=0x00000000ebf80a30, RBX=0x00007f9f681311c8, RCX=0x0000000040608040, RDX=0x00007f9f76b51000
RSP=0x00007f9f6daa4670, RBP=0x00007f9f6daa47a8, RSI=0x00007f9f760120f0, RDI=0x0000000000000100
R8 =0x00007f9f760261a8, R9 =0x00007f9f76029f78, R10=0x0000000040608428, R11=0x0000000040608088
R12=0x0000000000000000, R13=0x00000000bdd53228, R14=0x00007f9f6daa47a8, R15=0x00007f9f68131000
RIP=0x00007f9f6d733092, EFL=0x0000000000010202, CSGSFS=0x0000000000000033, ERR=0x0000000000000004
  TRAPNO=0x000000000000000e

Register to memory mapping:

RAX=0x00000000ebf80a30

[error occurred during error reporting (printing registers, top of stack, instructions near pc), id 0xe0000000]

Stack: [0x00007f9f6d9a6000,0x00007f9f6daa7000],  sp=0x00007f9f6daa4670,  free space=1017k
Native frames: (J=compiled Java code, j=interpreted, Vv=VM code, C=native code)

[error occurred during error reporting (printing native stack), id 0x7]

Java frames: (J=compiled Java code, j=interpreted, Vv=VM code)
j  com.badlogic.gdx.math.Matrix4.inv([F)Z+0
j  com.badlogic.gdx.graphics.PerspectiveCamera.update()V+119
j  de.swagner.mgcube.GameScreen.render(F)V+131
j  com.badlogic.gdx.Game.render()V+19
j  com.badlogic.gdx.backends.jogl.JoglGraphics.display(Ljavax/media/opengl/GLAutoDrawable;)V+114
j  com.sun.opengl.impl.GLDrawableHelper.display(Ljavax/media/opengl/GLAutoDrawable;)V+29
j  javax.media.opengl.GLCanvas$DisplayAction.run()V+80
j  com.sun.opengl.impl.GLDrawableHelper.invokeGL(Ljavax/media/opengl/GLDrawable;Ljavax/media/opengl/GLContext;Ljava/lang/Runnable;Ljava/lang/Runnable;)V+418
j  javax.media.opengl.GLCanvas$DisplayOnEventDispatchThreadAction.run()V+35
j  java.awt.event.InvocationEvent.dispatch()V+11
j  java.awt.EventQueue.dispatchEventImpl(Ljava/awt/AWTEvent;Ljava/lang/Object;)V+21
j  java.awt.EventQueue.access$000(Ljava/awt/EventQueue;Ljava/awt/AWTEvent;Ljava/lang/Object;)V+3
j  java.awt.EventQueue$1.run()Ljava/lang/Void;+12
j  java.awt.EventQueue$1.run()Ljava/lang/Object;+1
v  ~StubRoutines::call_stub
j  java.security.AccessController.doPrivileged(Ljava/security/PrivilegedAction;Ljava/security/AccessControlContext;)Ljava/lang/Object;+0
j  java.security.AccessControlContext$1.doIntersectionPrivilege(Ljava/security/PrivilegedAction;Ljava/security/AccessControlContext;Ljava/security/AccessControlContext;)Ljava/lang/Object;+28
j  java.awt.EventQueue.dispatchEvent(Ljava/awt/AWTEvent;)V+46
j  java.awt.EventDispatchThread.pumpOneEventForFilters(I)Z+204
j  java.awt.EventDispatchThread.pumpEventsForFilter(ILjava/awt/Conditional;Ljava/awt/EventFilter;)V+30
j  java.awt.EventDispatchThread.pumpEventsForHierarchy(ILjava/awt/Conditional;Ljava/awt/Component;)V+11
j  java.awt.EventDispatchThread.pumpEvents(ILjava/awt/Conditional;)V+4
j  java.awt.EventDispatchThread.pumpEvents(Ljava/awt/Conditional;)V+3
j  java.awt.EventDispatchThread.run()V+9
v  ~StubRoutines::call_stub

---------------  P R O C E S S  ---------------

Java Threads: ( => current thread )
  0x00007f9f681b6800 JavaThread "DestroyJavaVM" [_thread_blocked, id=15116, stack(0x00007f9f752ef000,0x00007f9f753f0000)]
  0x00007f9f681b5800 JavaThread "Thread-1" [_thread_blocked, id=15141, stack(0x00007f9f5efa1000,0x00007f9f5f0a2000)]
=>0x00007f9f68131000 JavaThread "AWT-EventQueue-0" [_thread_in_native, id=15135, stack(0x00007f9f6d9a6000,0x00007f9f6daa7000)]
  0x00007f9f68130000 JavaThread "AWT-Shutdown" [_thread_blocked, id=15134, stack(0x00007f9f6dbcc000,0x00007f9f6dccd000)]
  0x00007f9f6812e800 JavaThread "AWT-XAWT" daemon [_thread_blocked, id=15133, stack(0x00007f9f6dccd000,0x00007f9f6ddce000)]
  0x00007f9f680bb800 JavaThread "Java2D Disposer" daemon [_thread_blocked, id=15132, stack(0x00007f9f6e416000,0x00007f9f6e517000)]
  0x00007f9f68003000 JavaThread "Low Memory Detector" daemon [_thread_blocked, id=15130, stack(0x00007f9f6fab6000,0x00007f9f6fbb7000)]
  0x0000000040606000 JavaThread "CompilerThread1" daemon [_thread_blocked, id=15129, stack(0x00007f9f6fbb7000,0x00007f9f6fcb8000)]
  0x0000000040602800 JavaThread "CompilerThread0" daemon [_thread_blocked, id=15128, stack(0x00007f9f6fcb8000,0x00007f9f6fdb9000)]
  0x0000000040600800 JavaThread "Signal Dispatcher" daemon [_thread_blocked, id=15127, stack(0x00007f9f6fdb9000,0x00007f9f6feba000)]
  0x00000000405de800 JavaThread "Finalizer" daemon [_thread_blocked, id=15126, stack(0x00007f9f702c2000,0x00007f9f703c3000)]
  0x00000000405dc800 JavaThread "Reference Handler" daemon [_thread_blocked, id=15125, stack(0x00007f9f703c3000,0x00007f9f704c4000)]

Other Threads:
  0x00000000405d5800 VMThread [stack: 0x00007f9f704c4000,0x00007f9f705c5000] [id=15124]
  0x00007f9f68016000 WatcherThread [stack: 0x00007f9f6f9b5000,0x00007f9f6fab6000] [id=15131]

VM state:not at safepoint (normal execution)

VM Mutex/Monitor currently owned by a thread: None

Heap
 PSYoungGen      total 18432K, used 16227K [0x00000000eb600000, 0x00000000eda00000, 0x0000000100000000)
  eden space 15808K, 86% used [0x00000000eb600000,0x00000000ec34fc98,0x00000000ec570000)
  from space 2624K, 98% used [0x00000000ec570000,0x00000000ec7f9010,0x00000000ec800000)
  to   space 2624K, 0% used [0x00000000ed770000,0x00000000ed770000,0x00000000eda00000)
 PSOldGen        total 42240K, used 1171K [0x00000000c2200000, 0x00000000c4b40000, 0x00000000eb600000)
  object space 42240K, 2% used [0x00000000c2200000,0x00000000c2324fd0,0x00000000c4b40000)
 PSPermGen       total 21248K, used 14914K [0x00000000bd000000, 0x00000000be4c0000, 0x00000000c2200000)
  object space 21248K, 70% used [0x00000000bd000000,0x00000000bde90888,0x00000000be4c0000)

Dynamic libraries:
40000000-40009000 r-xp 00000000 08:05 1662394                            /usr/lib/jvm/java-6-sun-1.6.0.24/jre/bin/java
40108000-4010a000 rwxp 00008000 08:05 1662394                            /usr/lib/jvm/java-6-sun-1.6.0.24/jre/bin/java
40142000-401b9000 rwxp 00000000 00:00 0 
4056f000-4113e000 rwxp 00000000 00:00 0                                  [heap]
41a22000-41a24000 r-xs 00000000 08:05 531748                             /tmp/gl84SIyU (deleted)
bd000000-be4c0000 rwxp 00000000 00:00 0 
be4c0000-c2200000 rwxp 00000000 00:00 0 
c2200000-c4b40000 rwxp 00000000 00:00 0 
c4b40000-eb600000 rwxp 00000000 00:00 0 
eb600000-eda00000 rwxp 00000000 00:00 0 
eda00000-100000000 rwxp 00000000 00:00 0 
7f9f5ebaa000-7f9f5ed21000 rwxs 00000000 00:04 37224474                   /SYSV00000000 (deleted)
7f9f5ed21000-7f9f5eda1000 rwxs 133ef000 00:05 6884                       /dev/nvidia0
7f9f5eda1000-7f9f5efa1000 rwxs 05121000 00:05 6884                       /dev/nvidia0
7f9f5efa1000-7f9f5efa4000 ---p 00000000 00:00 0 
7f9f5efa4000-7f9f5f0a2000 rwxp 00000000 00:00 0 
7f9f5f0a2000-7f9f5f0a3000 ---p 00000000 00:00 0 
7f9f5f0a3000-7f9f5f8a3000 rwxp 00000000 00:00 0 
7f9f5f8a3000-7f9f638a4000 rwxs 00000000 00:10 249289                     /dev/shm/pulse-shm-2500166955
7f9f638a4000-7f9f638a5000 ---p 00000000 00:00 0 
7f9f638a5000-7f9f640a5000 rwxp 00000000 00:00 0 
7f9f640a5000-7f9f640ab000 r-xp 00000000 08:05 1573092                    /usr/lib/libogg.so.0.7.0
7f9f640ab000-7f9f642aa000 ---p 00006000 08:05 1573092                    /usr/lib/libogg.so.0.7.0
7f9f642aa000-7f9f642ab000 r-xp 00005000 08:05 1573092                    /usr/lib/libogg.so.0.7.0
7f9f642ab000-7f9f642ac000 rwxp 00006000 08:05 1573092                    /usr/lib/libogg.so.0.7.0
7f9f642ac000-7f9f642d7000 r-xp 00000000 08:05 1582648                    /usr/lib/libvorbis.so.0.4.5
7f9f642d7000-7f9f644d6000 ---p 0002b000 08:05 1582648                    /usr/lib/libvorbis.so.0.4.5
7f9f644d6000-7f9f644d7000 r-xp 0002a000 08:05 1582648                    /usr/lib/libvorbis.so.0.4.5
7f9f644d7000-7f9f644d8000 rwxp 0002b000 08:05 1582648                    /usr/lib/libvorbis.so.0.4.5
7f9f644d8000-7f9f6478b000 r-xp 00000000 08:05 1573212                    /usr/lib/libvorbisenc.so.2.0.8
7f9f6478b000-7f9f6498a000 ---p 002b3000 08:05 1573212                    /usr/lib/libvorbisenc.so.2.0.8
7f9f6498a000-7f9f649a6000 r-xp 002b2000 08:05 1573212                    /usr/lib/libvorbisenc.so.2.0.8
7f9f649a6000-7f9f649a7000 rwxp 002ce000 08:05 1573212                    /usr/lib/libvorbisenc.so.2.0.8
7f9f649a7000-7f9f649ef000 r-xp 00000000 08:05 1570101                    /usr/lib/libFLAC.so.8.2.0
7f9f649ef000-7f9f64bef000 ---p 00048000 08:05 1570101                    /usr/lib/libFLAC.so.8.2.0
7f9f64bef000-7f9f64bf0000 r-xp 00048000 08:05 1570101                    /usr/lib/libFLAC.so.8.2.0
7f9f64bf0000-7f9f64bf1000 rwxp 00049000 08:05 1570101                    /usr/lib/libFLAC.so.8.2.0
7f9f64bf1000-7f9f64c52000 r-xp 00000000 08:05 1570821                    /usr/lib/libsndfile.so.1.0.23
7f9f64c52000-7f9f64e52000 ---p 00061000 08:05 1570821                    /usr/lib/libsndfile.so.1.0.23
7f9f64e52000-7f9f64e54000 r-xp 00061000 08:05 1570821                    /usr/lib/libsndfile.so.1.0.23
7f9f64e54000-7f9f64e55000 rwxp 00063000 08:05 1570821                    /usr/lib/libsndfile.so.1.0.23
7f9f64e55000-7f9f64e59000 rwxp 00000000 00:00 0 
7f9f64e59000-7f9f64e61000 r-xp 00000000 08:05 538930                     /lib/libwrap.so.0.7.6
7f9f64e61000-7f9f65061000 ---p 00008000 08:05 538930                     /lib/libwrap.so.0.7.6
7f9f65061000-7f9f65062000 r-xp 00008000 08:05 538930                     /lib/libwrap.so.0.7.6
7f9f65062000-7f9f65063000 rwxp 00009000 08:05 538930                     /lib/libwrap.so.0.7.6
7f9f65063000-7f9f65064000 rwxp 00000000 00:00 0 
7f9f65064000-7f9f65068000 r-xp 00000000 08:05 534738                     /lib/x86_64-linux-gnu/libuuid.so.1.3.0
7f9f65068000-7f9f65267000 ---p 00004000 08:05 534738                     /lib/x86_64-linux-gnu/libuuid.so.1.3.0
7f9f65267000-7f9f65268000 r-xp 00003000 08:05 534738                     /lib/x86_64-linux-gnu/libuuid.so.1.3.0
7f9f65268000-7f9f65269000 rwxp 00004000 08:05 534738                     /lib/x86_64-linux-gnu/libuuid.so.1.3.0
7f9f65269000-7f9f652ab000 r-xp 00000000 08:05 525819                     /lib/x86_64-linux-gnu/libdbus-1.so.3.5.4
7f9f652ab000-7f9f654ab000 ---p 00042000 08:05 525819                     /lib/x86_64-linux-gnu/libdbus-1.so.3.5.4
7f9f654ab000-7f9f654ac000 r-xp 00042000 08:05 525819                     /lib/x86_64-linux-gnu/libdbus-1.so.3.5.4
7f9f654ac000-7f9f654ad000 rwxp 00043000 08:05 525819                     /lib/x86_64-linux-gnu/libdbus-1.so.3.5.4
7f9f654ad000-7f9f654f8000 r-xp 00000000 08:05 1580900                    /usr/lib/libpulsecommon-0.9.22.so
7f9f654f8000-7f9f656f7000 ---p 0004b000 08:05 1580900                    /usr/lib/libpulsecommon-0.9.22.so
7f9f656f7000-7f9f656f8000 r-xp 0004a000 08:05 1580900                    /usr/lib/libpulsecommon-0.9.22.so
7f9f656f8000-7f9f656f9000 rwxp 0004b000 08:05 1580900                    /usr/lib/libpulsecommon-0.9.22.so
7f9f656f9000-7f9f656fc000 r-xp 00000000 08:05 1573582                    /usr/lib/libxcb-atom.so.1.0.0
7f9f656fc000-7f9f658fc000 ---p 00003000 08:05 1573582                    /usr/lib/libxcb-atom.so.1.0.0
7f9f658fc000-7f9f658fd000 r-xp 00003000 08:05 1573582                    /usr/lib/libxcb-atom.so.1.0.0
7f9f658fd000-7f9f658fe000 rwxp 00004000 08:05 1573582                    /usr/lib/libxcb-atom.so.1.0.0
7f9f658fe000-7f9f65905000 r-xp 00000000 08:05 1578963                    /usr/lib/x86_64-linux-gnu/libSM.so.6.0.1
7f9f65905000-7f9f65b04000 ---p 00007000 08:05 1578963                    /usr/lib/x86_64-linux-gnu/libSM.so.6.0.1
7f9f65b04000-7f9f65b05000 r-xp 00006000 08:05 1578963                    /usr/lib/x86_64-linux-gnu/libSM.so.6.0.1
7f9f65b05000-7f9f65b06000 rwxp 00007000 08:05 1578963                    /usr/lib/x86_64-linux-gnu/libSM.so.6.0.1
7f9f65b06000-7f9f65b1c000 r-xp 00000000 08:05 1571606                    /usr/lib/x86_64-linux-gnu/libICE.so.6.3.0
7f9f65b1c000-7f9f65d1c000 ---p 00016000 08:05 1571606                    /usr/lib/x86_64-linux-gnu/libICE.so.6.3.0
7f9f65d1c000-7f9f65d1d000 r-xp 00016000 08:05 1571606                    /usr/lib/x86_64-linux-gnu/libICE.so.6.3.0
7f9f65d1d000-7f9f65d1e000 rwxp 00017000 08:05 1571606                    /usr/lib/x86_64-linux-gnu/libICE.so.6.3.0
7f9f65d1e000-7f9f65d21000 rwxp 00000000 00:00 0 
7f9f65d21000-7f9f65d22000 r-xp 00000000 08:05 1570508                    /usr/lib/x86_64-linux-gnu/libX11-xcb.so.1.0.0
7f9f65d22000-7f9f65f21000 ---p 00001000 08:05 1570508                    /usr/lib/x86_64-linux-gnu/libX11-xcb.so.1.0.0
7f9f65f21000-7f9f65f22000 r-xp 00000000 08:05 1570508                    /usr/lib/x86_64-linux-gnu/libX11-xcb.so.1.0.0
7f9f65f22000-7f9f65f23000 rwxp 00001000 08:05 1570508                    /usr/lib/x86_64-linux-gnu/libX11-xcb.so.1.0.0
7f9f65f23000-7f9f65f63000 r-xp 00000000 08:05 1573921                    /usr/lib/libpulse.so.0.12.3
7f9f65f63000-7f9f66162000 ---p 00040000 08:05 1573921                    /usr/lib/libpulse.so.0.12.3
7f9f66162000-7f9f66163000 r-xp 0003f000 08:05 1573921                    /usr/lib/libpulse.so.0.12.3
7f9f66163000-7f9f66164000 rwxp 00040000 08:05 1573921                    /usr/lib/libpulse.so.0.12.3
7f9f66164000-7f9f661b0000 r-xp 00000000 08:05 530066                     /tmp/libgdx/1799094955/libopenal64.so
7f9f661b0000-7f9f663af000 ---p 0004c000 08:05 530066                     /tmp/libgdx/1799094955/libopenal64.so
7f9f663af000-7f9f663b1000 r-xp 0004b000 08:05 530066                     /tmp/libgdx/1799094955/libopenal64.so
7f9f663b1000-7f9f663b2000 rwxp 0004d000 08:05 530066                     /tmp/libgdx/1799094955/libopenal64.so
7f9f663b2000-7f9f663b3000 rwxp 00000000 00:00 0 
7f9f663b3000-7f9f67801000 r-xp 00000000 08:05 723                        /usr/lib/nvidia-current/libnvidia-glcore.so.270.41.19
7f9f67801000-7f9f67a01000 ---p 0144e000 08:05 723                        /usr/lib/nvidia-current/libnvidia-glcore.so.270.41.19
7f9f67a01000-7f9f67fe9000 rwxp 0144e000 08:05 723                        /usr/lib/nvidia-current/libnvidia-glcore.so.270.41.19
7f9f67fe9000-7f9f68000000 rwxp 00000000 00:00 0 
7f9f68000000-7f9f6899e000 rwxp 00000000 00:00 0 
7f9f6899e000-7f9f6c000000 ---p 00000000 00:00 0 
7f9f6c06e000-7f9f6c16e000 rwxs 6514b000 00:05 6884                       /dev/nvidia0
7f9f6c16e000-7f9f6c176000 r-xp 00000000 08:05 1581969                    /usr/lib/x86_64-linux-gnu/libXrandr.so.2.2.0
7f9f6c176000-7f9f6c375000 ---p 00008000 08:05 1581969                    /usr/lib/x86_64-linux-gnu/libXrandr.so.2.2.0
7f9f6c375000-7f9f6c376000 r-xp 00007000 08:05 1581969                    /usr/lib/x86_64-linux-gnu/libXrandr.so.2.2.0
7f9f6c376000-7f9f6c377000 rwxp 00008000 08:05 1581969                    /usr/lib/x86_64-linux-gnu/libXrandr.so.2.2.0
7f9f6c377000-7f9f6c3f0000 r-xp 00000000 08:05 530319                     /tmp/libgdx/1799094955/liblwjgl64.so
7f9f6c3f0000-7f9f6c5ef000 ---p 00079000 08:05 530319                     /tmp/libgdx/1799094955/liblwjgl64.so
7f9f6c5ef000-7f9f6c5f1000 r-xp 00078000 08:05 530319                     /tmp/libgdx/1799094955/liblwjgl64.so
7f9f6c5f1000-7f9f6c5f2000 rwxp 0007a000 08:05 530319                     /tmp/libgdx/1799094955/liblwjgl64.so
7f9f6c5f2000-7f9f6c6e1000 r-xp 00000000 08:05 530036                     /tmp/libgdx/1799094955/libjogl-linux64.so
7f9f6c6e1000-7f9f6c7e1000 ---p 000ef000 08:05 530036                     /tmp/libgdx/1799094955/libjogl-linux64.so
7f9f6c7e1000-7f9f6c7e2000 rwxp 000ef000 08:05 530036                     /tmp/libgdx/1799094955/libjogl-linux64.so
7f9f6c7e2000-7f9f6c7e3000 r-xp 00000000 08:05 716                        /usr/lib/nvidia-current/tls/libnvidia-tls.so.270.41.19
7f9f6c7e3000-7f9f6c9e3000 ---p 00001000 08:05 716                        /usr/lib/nvidia-current/tls/libnvidia-tls.so.270.41.19
7f9f6c9e3000-7f9f6c9e4000 rwxp 00001000 08:05 716                        /usr/lib/nvidia-current/tls/libnvidia-tls.so.270.41.19
7f9f6c9e4000-7f9f6c9e5000 r-xp 00000000 08:05 1734853                    /usr/lib/jvm/java-6-sun-1.6.0.24/jre/lib/amd64/libjawt.so
7f9f6c9e5000-7f9f6cae4000 ---p 00001000 08:05 1734853                    /usr/lib/jvm/java-6-sun-1.6.0.24/jre/lib/amd64/libjawt.so
7f9f6cae4000-7f9f6cae5000 rwxp 00000000 08:05 1734853                    /usr/lib/jvm/java-6-sun-1.6.0.24/jre/lib/amd64/libjawt.so
7f9f6cae5000-7f9f6caea000 r-xp 00000000 08:05 1581972                    /usr/lib/x86_64-linux-gnu/libXxf86vm.so.1.0.0
7f9f6caea000-7f9f6cce9000 ---p 00005000 08:05 1581972                    /usr/lib/x86_64-linux-gnu/libXxf86vm.so.1.0.0
7f9f6cce9000-7f9f6ccea000 r-xp 00004000 08:05 1581972                    /usr/lib/x86_64-linux-gnu/libXxf86vm.so.1.0.0
7f9f6ccea000-7f9f6cceb000 rwxp 00005000 08:05 1581972                    /usr/lib/x86_64-linux-gnu/libXxf86vm.so.1.0.0
7f9f6cceb000-7f9f6cda8000 r-xp 00000000 08:05 928                        /usr/lib/nvidia-current/libGL.so.270.41.19
7f9f6cda8000-7f9f6cfa8000 ---p 000bd000 08:05 928                        /usr/lib/nvidia-current/libGL.so.270.41.19
7f9f6cfa8000-7f9f6cfe1000 rwxp 000bd000 08:05 928                        /usr/lib/nvidia-current/libGL.so.270.41.19
7f9f6cfe1000-7f9f6cff7000 rwxp 00000000 00:00 0 
7f9f6cff7000-7f9f6cff9000 r-xp 00000000 08:05 529574                     /tmp/libgdx/1799094955/libjogl_awt-linux64.so
7f9f6cff9000-7f9f6d0f8000 ---p 00002000 08:05 529574                     /tmp/libgdx/1799094955/libjogl_awt-linux64.so
7f9f6d0f8000-7f9f6d0f9000 rwxp 00001000 08:05 529574                     /tmp/libgdx/1799094955/libjogl_awt-linux64.so
7f9f6d0f9000-7f9f6d0fa000 r-xp 00000000 08:05 529533                     /tmp/libgdx/1799094955/libgluegen-rt-linux64.so
7f9f6d0fa000-7f9f6d1f9000 ---p 00001000 08:05 529533                     /tmp/libgdx/1799094955/libgluegen-rt-linux64.so
7f9f6d1f9000-7f9f6d1fa000 rwxp 00000000 08:05 529533                     /tmp/libgdx/1799094955/libgluegen-rt-linux64.so
7f9f6d1fa000-7f9f6d20f000 r-xp 00000000 08:05 528127                     /lib/x86_64-linux-gnu/libgcc_s.so.1
7f9f6d20f000-7f9f6d40e000 ---p 00015000 08:05 528127                     /lib/x86_64-linux-gnu/libgcc_s.so.1
7f9f6d40e000-7f9f6d40f000 r-xp 00014000 08:05 528127                     /lib/x86_64-linux-gnu/libgcc_s.so.1
7f9f6d40f000-7f9f6d410000 rwxp 00015000 08:05 528127                     /lib/x86_64-linux-gnu/libgcc_s.so.1
7f9f6d410000-7f9f6d4f8000 r-xp 00000000 08:05 1571250                    /usr/lib/x86_64-linux-gnu/libstdc++.so.6.0.14
7f9f6d4f8000-7f9f6d6f7000 ---p 000e8000 08:05 1571250                    /usr/lib/x86_64-linux-gnu/libstdc++.so.6.0.14
7f9f6d6f7000-7f9f6d6ff000 r-xp 000e7000 08:05 1571250                    /usr/lib/x86_64-linux-gnu/libstdc++.so.6.0.14
7f9f6d6ff000-7f9f6d701000 rwxp 000ef000 08:05 1571250                    /usr/lib/x86_64-linux-gnu/libstdc++.so.6.0.14
7f9f6d701000-7f9f6d716000 rwxp 00000000 00:00 0 
7f9f6d716000-7f9f6d7a1000 r-xp 00000000 08:05 527843                     /tmp/libgdx/1799094955/libgdx-64.so
7f9f6d7a1000-7f9f6d9a1000 ---p 0008b000 08:05 527843                     /tmp/libgdx/1799094955/libgdx-64.so
7f9f6d9a1000-7f9f6d9a2000 r-xp 0008b000 08:05 527843                     /tmp/libgdx/1799094955/libgdx-64.so
7f9f6d9a2000-7f9f6d9a3000 rwxp 0008c000 08:05 527843                     /tmp/libgdx/1799094955/libgdx-64.so
7f9f6d9a3000-7f9f6d9a6000 rwxp 00000000 00:00 0 
7f9f6d9a6000-7f9f6d9a9000 ---p 00000000 00:00 0 
7f9f6d9a9000-7f9f6daa7000 rwxp 00000000 00:00 0 
7f9f6daa7000-7f9f6daa8000 r-xs 00000000 08:05 532633                     /var/cache/fontconfig/26de28bc8622bbc1fb67fd234c21975f-le64.cache-3
7f9f6daa8000-7f9f6daa9000 r-xs 00000000 08:05 554485                     /var/cache/fontconfig/c05880de57d1f5e948fdfacc138775d9-le64.cache-3
7f9f6daa9000-7f9f6dab2000 r-xs 00000000 08:05 527845                     /var/cache/fontconfig/945677eb7aeaf62f1d50efc3fb3ec7d8-le64.cache-3
7f9f6dab2000-7f9f6dab4000 r-xs 00000000 08:05 554480                     /var/cache/fontconfig/99e8ed0e538f840c565b6ed5dad60d56-le64.cache-3
7f9f6dab4000-7f9f6dab7000 r-xs 00000000 08:05 554411                     /var/cache/fontconfig/f24b2111ab8703b4e963115a8cf14259-le64.cache-3
7f9f6dab7000-7f9f6daba000 r-xs 00000000 08:05 554479                     /var/cache/fontconfig/e383d7ea5fbe662a33d9b44caf393297-le64.cache-3
7f9f6daba000-7f9f6dabd000 r-xs 00000000 08:05 554477                     /var/cache/fontconfig/2cd17615ca594fa2959ae173292e504c-le64.cache-3
7f9f6dabd000-7f9f6dabe000 r-xs 00000000 08:05 554471                     /var/cache/fontconfig/e7071f4a29fa870f4323321c154eba04-le64.cache-3
7f9f6dabe000-7f9f6dac7000 r-xs 00000000 08:05 554448                     /var/cache/fontconfig/6d41288fd70b0be22e8c3a91e032eec0-le64.cache-3
7f9f6dac7000-7f9f6dad7000 r-xs 00000000 08:05 554447                     /var/cache/fontconfig/0f34bcd4b6ee430af32735b75db7f02b-le64.cache-3
7f9f6dad7000-7f9f6db05000 r-xs 00000000 08:05 554435                     /var/cache/fontconfig/365b55f210c0a22e9a19e35191240f32-le64.cache-3
7f9f6db68000-7f9f6db6c000 rwxs 0447d000 00:05 6884                       /dev/nvidia0
7f9f6db6c000-7f9f6dbac000 rwxs 044cc000 00:05 6884                       /dev/nvidia0
7f9f6dbcc000-7f9f6dbcf000 ---p 00000000 00:00 0 
7f9f6dbcf000-7f9f6dccd000 rwxp 00000000 00:00 0 
7f9f6dccd000-7f9f6dcd0000 ---p 00000000 00:00 0 
7f9f6dcd0000-7f9f6ddce000 rwxp 00000000 00:00 0 
7f9f6ddce000-7f9f6ddd3000 r-xp 00000000 08:05 1570859                    /usr/lib/x86_64-linux-gnu/libXfixes.so.3.1.0
7f9f6ddd3000-7f9f6dfd2000 ---p 00005000 08:05 1570859                    /usr/lib/x86_64-linux-gnu/libXfixes.so.3.1.0
7f9f6dfd2000-7f9f6dfd3000 r-xp 00004000 08:05 1570859                    /usr/lib/x86_64-linux-gnu/libXfixes.so.3.1.0
7f9f6dfd3000-7f9f6dfd4000 rwxp 00005000 08:05 1570859                    /usr/lib/x86_64-linux-gnu/libXfixes.so.3.1.0
7f9f6dfd4000-7f9f6dfdd000 r-xp 00000000 08:05 1570620                    /usr/lib/x86_64-linux-gnu/libXrender.so.1.3.0
7f9f6dfdd000-7f9f6e1dd000 ---p 00009000 08:05 1570620                    /usr/lib/x86_64-linux-gnu/libXrender.so.1.3.0
7f9f6e1dd000-7f9f6e1de000 r-xp 00009000 08:05 1570620                    /usr/lib/x86_64-linux-gnu/libXrender.so.1.3.0
7f9f6e1de000-7f9f6e1df000 rwxp 0000a000 08:05 1570620                    /usr/lib/x86_64-linux-gnu/libXrender.so.1.3.0
7f9f6e1df000-7f9f6e1e8000 r-xp 00000000 08:05 1573929                    /usr/lib/x86_64-linux-gnu/libXcursor.so.1.0.2
7f9f6e1e8000-7f9f6e3e7000 ---p 00009000 08:05 1573929                    /usr/lib/x86_64-linux-gnu/libXcursor.so.1.0.2
7f9f6e3e7000-7f9f6e3e8000 r-xp 00008000 08:05 1573929                    /usr/lib/x86_64-linux-gnu/libXcursor.so.1.0.2
7f9f6e3e8000-7f9f6e3e9000 rwxp 00009000 08:05 1573929                    /usr/lib/x86_64-linux-gnu/libXcursor.so.1.0.2
7f9f6e3ea000-7f9f6e3ec000 rwxs 00000000 08:05 531748                     /tmp/gl84SIyU (deleted)
7f9f6e3ec000-7f9f6e3f0000 rwxs 044d7000 00:05 6884                       /dev/nvidia0
7f9f6e3f0000-7f9f6e3f1000 rwxs d000b000 00:05 6884                       /dev/nvidia0
7f9f6e3f1000-7f9f6e3f2000 rwxs 044d6000 00:05 6884                       /dev/nvidia0
7f9f6e3f2000-7f9f6e3f6000 rwxs 1331e000 00:05 6884                       /dev/nvidia0
7f9f6e3f6000-7f9f6e3f7000 rwxs fbc0c000 00:05 6884                       /dev/nvidia0
7f9f6e3f7000-7f9f6e3f8000 rwxs fb641000 00:05 6884                       /dev/nvidia0
7f9f6e3f8000-7f9f6e3f9000 rwxs 1112ac000 00:05 6884                      /dev/nvidia0
7f9f6e3f9000-7f9f6e3fa000 rwxs 65160000 00:05 6884                       /dev/nvidia0
7f9f6e3fa000-7f9f6e3fb000 rwxs fb060000 00:05 6884                       /dev/nvidia0
7f9f6e3fb000-7f9f6e416000 rwxs 115a60000 00:05 6884                      /dev/nvidia0
7f9f6e416000-7f9f6e419000 ---p 00000000 00:00 0 
7f9f6e419000-7f9f6e517000 rwxp 00000000 00:00 0 
7f9f6e517000-7f9f6e590000 r-xp 00000000 08:05 1734841                    /usr/lib/jvm/java-6-sun-1.6.0.24/jre/lib/amd64/libfontmanager.so
7f9f6e590000-7f9f6e68f000 ---p 00079000 08:05 1734841                    /usr/lib/jvm/java-6-sun-1.6.0.24/jre/lib/amd64/libfontmanager.so
7f9f6e68f000-7f9f6e6a4000 rwxp 00078000 08:05 1734841                    /usr/lib/jvm/java-6-sun-1.6.0.24/jre/lib/amd64/libfontmanager.so
7f9f6e6a4000-7f9f6e6b5000 rwxp 00000000 00:00 0 
7f9f6e6b5000-7f9f6e6ba000 r-xp 00000000 08:05 1573561                    /usr/lib/x86_64-linux-gnu/libXdmcp.so.6.0.0
7f9f6e6ba000-7f9f6e8b9000 ---p 00005000 08:05 1573561                    /usr/lib/x86_64-linux-gnu/libXdmcp.so.6.0.0
7f9f6e8b9000-7f9f6e8ba000 r-xp 00004000 08:05 1573561                    /usr/lib/x86_64-linux-gnu/libXdmcp.so.6.0.0
7f9f6e8ba000-7f9f6e8bb000 rwxp 00005000 08:05 1573561                    /usr/lib/x86_64-linux-gnu/libXdmcp.so.6.0.0
7f9f6e8bb000-7f9f6e8bd000 r-xp 00000000 08:05 1570542                    /usr/lib/x86_64-linux-gnu/libXau.so.6.0.0
7f9f6e8bd000-7f9f6eabc000 ---p 00002000 08:05 1570542                    /usr/lib/x86_64-linux-gnu/libXau.so.6.0.0
7f9f6eabc000-7f9f6eabd000 r-xp 00001000 08:05 1570542                    /usr/lib/x86_64-linux-gnu/libXau.so.6.0.0
7f9f6eabd000-7f9f6eabe000 rwxp 00002000 08:05 1570542                    /usr/lib/x86_64-linux-gnu/libXau.so.6.0.0
7f9f6eabe000-7f9f6ead9000 r-xp 00000000 08:05 1572615                    /usr/lib/x86_64-linux-gnu/libxcb.so.1.1.0
7f9f6ead9000-7f9f6ecd8000 ---p 0001b000 08:05 1572615                    /usr/lib/x86_64-linux-gnu/libxcb.so.1.1.0
7f9f6ecd8000-7f9f6ecd9000 r-xp 0001a000 08:05 1572615                    /usr/lib/x86_64-linux-gnu/libxcb.so.1.1.0
7f9f6ecd9000-7f9f6ecda000 rwxp 0001b000 08:05 1572615                    /usr/lib/x86_64-linux-gnu/libxcb.so.1.1.0
7f9f6ecda000-7f9f6ece9000 r-xp 00000000 08:05 1613065                    /usr/lib/x86_64-linux-gnu/libXi.so.6.1.0
7f9f6ece9000-7f9f6eee8000 ---p 0000f000 08:05 1613065                    /usr/lib/x86_64-linux-gnu/libXi.so.6.1.0
7f9f6eee8000-7f9f6eee9000 r-xp 0000e000 08:05 1613065                    /usr/lib/x86_64-linux-gnu/libXi.so.6.1.0
7f9f6eee9000-7f9f6eeea000 rwxp 0000f000 08:05 1613065                    /usr/lib/x86_64-linux-gnu/libXi.so.6.1.0
7f9f6eeea000-7f9f6eeef000 r-xp 00000000 08:05 1572606                    /usr/lib/libXtst.so.6.1.0
7f9f6eeef000-7f9f6f0ee000 ---p 00005000 08:05 1572606                    /usr/lib/libXtst.so.6.1.0
7f9f6f0ee000-7f9f6f0ef000 r-xp 00004000 08:05 1572606                    /usr/lib/libXtst.so.6.1.0
7f9f6f0ef000-7f9f6f0f0000 rwxp 00005000 08:05 1572606                    /usr/lib/libXtst.so.6.1.0
7f9f6f0f0000-7f9f6f225000 r-xp 00000000 08:05 1573591                    /usr/lib/x86_64-linux-gnu/libX11.so.6.3.0
7f9f6f225000-7f9f6f425000 ---p 00135000 08:05 1573591                    /usr/lib/x86_64-linux-gnu/libX11.so.6.3.0
7f9f6f425000-7f9f6f426000 r-xp 00135000 08:05 1573591                    /usr/lib/x86_64-linux-gnu/libX11.so.6.3.0
7f9f6f426000-7f9f6f42a000 rwxp 00136000 08:05 1573591                    /usr/lib/x86_64-linux-gnu/libX11.so.6.3.0
7f9f6f42a000-7f9f6f43b000 r-xp 00000000 08:05 1571673                    /usr/lib/x86_64-linux-gnu/libXext.so.6.4.0
7f9f6f43b000-7f9f6f63a000 ---p 00011000 08:05 1571673                    /usr/lib/x86_64-linux-gnu/libXext.so.6.4.0
7f9f6f63a000-7f9f6f63b000 r-xp 00010000 08:05 1571673                    /usr/lib/x86_64-linux-gnu/libXext.so.6.4.0
7f9f6f63b000-7f9f6f63c000 rwxp 00011000 08:05 1571673                    /usr/lib/x86_64-linux-gnu/libXext.so.6.4.0
7f9f6f63c000-7f9f6f640000 r-xs 00000000 08:05 554470                     /var/cache/fontconfig/6eb3985aa4124903f6ff08ba781cd364-le64.cache-3
7f9f6f640000-7f9f6f645000 r-xs 00000000 08:05 554453                     /var/cache/fontconfig/062808c12e6e608270f93bb230aed730-le64.cache-3
7f9f6f645000-7f9f6f64b000 r-xs 00000000 08:05 554429                     /var/cache/fontconfig/a755afe4a08bf5b97852ceb7400b47bc-le64.cache-3
7f9f6f64b000-7f9f6f655000 r-xs 00000000 08:05 554433                     /var/cache/fontconfig/d52a8644073d54c13679302ca1180695-le64.cache-3
7f9f6f655000-7f9f6f656000 r-xs 00000000 08:05 554418                     /var/cache/fontconfig/ec648e9a1aea82bddd4bd6050028158d-le64.cache-3
7f9f6f656000-7f9f6f669000 r-xs 00000000 08:05 538224                     /var/cache/fontconfig/e13b20fdb08344e0e664864cc2ede53d-le64.cache-3
7f9f6f669000-7f9f6f6ab000 r-xp 00000000 08:05 1734831                    /usr/lib/jvm/java-6-sun-1.6.0.24/jre/lib/amd64/xawt/libmawt.so
7f9f6f6ab000-7f9f6f7aa000 ---p 00042000 08:05 1734831                    /usr/lib/jvm/java-6-sun-1.6.0.24/jre/lib/amd64/xawt/libmawt.so
7f9f6f7aa000-7f9f6f7b6000 rwxp 00041000 08:05 1734831                    /usr/lib/jvm/java-6-sun-1.6.0.24/jre/lib/amd64/xawt/libmawt.so
7f9f6f7b6000-7f9f6f7b7000 rwxp 00000000 00:00 0 
7f9f6f7b7000-7f9f6f849000 r-xp 00000000 08:05 1734852                    /usr/lib/jvm/java-6-sun-1.6.0.24/jre/lib/amd64/libawt.so
7f9f6f849000-7f9f6f948000 ---p 00092000 08:05 1734852                    /usr/lib/jvm/java-6-sun-1.6.0.24/jre/lib/amd64/libawt.so
7f9f6f948000-7f9f6f961000 rwxp 00091000 08:05 1734852                    /usr/lib/jvm/java-6-sun-1.6.0.24/jre/lib/amd64/libawt.so
7f9f6f961000-7f9f6f986000 rwxp 00000000 00:00 0 
7f9f6f986000-7f9f6f98f000 r-xs 00076000 08:05 1339556                    /home/bompo/git/mgcube/libs/gdx.jar
7f9f6f98f000-7f9f6f995000 r-xs 00064000 08:05 1339995                    /home/bompo/git/mgcube/libs/gdx-sources.jar
7f9f6f995000-7f9f6f996000 r-xs 001d6000 08:05 1339734                    /home/bompo/git/mgcube/libs/gdx-natives.jar
7f9f6f996000-7f9f6f9b0000 r-xs 00205000 08:05 1330241                    /home/bompo/git/mgcube/libs/gdx-backend-jogl.jar
7f9f6f9b0000-7f9f6f9b1000 r-xs 00006000 08:05 1330357                    /home/bompo/git/mgcube/libs/gdx-backend-jogl-sources.jar
7f9f6f9b1000-7f9f6f9b2000 r-xs 001f3000 08:05 1339854                    /home/bompo/git/mgcube/libs/gdx-backend-jogl-natives.jar
7f9f6f9b2000-7f9f6f9b5000 r-xs 0000f000 08:05 1622792                    /usr/lib/jvm/java-6-sun-1.6.0.24/jre/lib/ext/pulse-java.jar
7f9f6f9b5000-7f9f6f9b6000 ---p 00000000 00:00 0 
7f9f6f9b6000-7f9f6fab6000 rwxp 00000000 00:00 0 
7f9f6fab6000-7f9f6fab9000 ---p 00000000 00:00 0 
7f9f6fab9000-7f9f6fbb7000 rwxp 00000000 00:00 0 
7f9f6fbb7000-7f9f6fbba000 ---p 00000000 00:00 0 
7f9f6fbba000-7f9f6fcb8000 rwxp 00000000 00:00 0 
7f9f6fcb8000-7f9f6fcbb000 ---p 00000000 00:00 0 
7f9f6fcbb000-7f9f6fdb9000 rwxp 00000000 00:00 0 
7f9f6fdb9000-7f9f6fdbc000 ---p 00000000 00:00 0 
7f9f6fdbc000-7f9f6feba000 rwxp 00000000 00:00 0 
7f9f6feba000-7f9f702c2000 r-xp 00000000 08:05 1570348                    /usr/lib/locale/locale-archive
7f9f702c2000-7f9f702c5000 ---p 00000000 00:00 0 
7f9f702c5000-7f9f703c3000 rwxp 00000000 00:00 0 
7f9f703c3000-7f9f703c6000 ---p 00000000 00:00 0 
7f9f703c6000-7f9f704c4000 rwxp 00000000 00:00 0 
7f9f704c4000-7f9f704c5000 ---p 00000000 00:00 0 
7f9f704c5000-7f9f70afe000 rwxp 00000000 00:00 0 
7f9f70afe000-7f9f70c96000 r-xs 03027000 08:05 1662454                    /usr/lib/jvm/java-6-sun-1.6.0.24/jre/lib/rt.jar
7f9f70c96000-7f9f70cbe000 rwxp 00000000 00:00 0 
7f9f70cbe000-7f9f70cbf000 ---p 00000000 00:00 0 
7f9f70cbf000-7f9f70dbf000 rwxp 00000000 00:00 0 
7f9f70dbf000-7f9f70dc0000 ---p 00000000 00:00 0 
7f9f70dc0000-7f9f70ec0000 rwxp 00000000 00:00 0 
7f9f70ec0000-7f9f70ec1000 ---p 00000000 00:00 0 
7f9f70ec1000-7f9f70fc1000 rwxp 00000000 00:00 0 
7f9f70fc1000-7f9f70fc2000 ---p 00000000 00:00 0 
7f9f70fc2000-7f9f710cd000 rwxp 00000000 00:00 0 
7f9f710cd000-7f9f710eb000 rwxp 00000000 00:00 0 
7f9f710eb000-7f9f71100000 rwxp 00000000 00:00 0 
7f9f71100000-7f9f71235000 rwxp 00000000 00:00 0 
7f9f71235000-7f9f71240000 rwxp 00000000 00:00 0 
7f9f71240000-7f9f7125e000 rwxp 00000000 00:00 0 
7f9f7125e000-7f9f71273000 rwxp 00000000 00:00 0 
7f9f71273000-7f9f713a8000 rwxp 00000000 00:00 0 
7f9f713a8000-7f9f713ba000 rwxp 00000000 00:00 0 
7f9f713ba000-7f9f7144d000 rwxp 00000000 00:00 0 
7f9f7144d000-7f9f716be000 rwxp 00000000 00:00 0 
7f9f716be000-7f9f7444e000 rwxp 00000000 00:00 0 
7f9f7444e000-7f9f7445c000 r-xp 00000000 08:05 1734847                    /usr/lib/jvm/java-6-sun-1.6.0.24/jre/lib/amd64/libzip.so
7f9f7445c000-7f9f7455e000 ---p 0000e000 08:05 1734847                    /usr/lib/jvm/java-6-sun-1.6.0.24/jre/lib/amd64/libzip.so
7f9f7455e000-7f9f74561000 rwxp 00010000 08:05 1734847                    /usr/lib/jvm/java-6-sun-1.6.0.24/jre/lib/amd64/libzip.so
7f9f74561000-7f9f74562000 rwxp 00000000 00:00 0 
7f9f74562000-7f9f7456e000 r-xp 00000000 08:05 535712                     /lib/x86_64-linux-gnu/libnss_files-2.13.so
7f9f7456e000-7f9f7476d000 ---p 0000c000 08:05 535712                     /lib/x86_64-linux-gnu/libnss_files-2.13.so
7f9f7476d000-7f9f7476e000 r-xp 0000b000 08:05 535712                     /lib/x86_64-linux-gnu/libnss_files-2.13.so
7f9f7476e000-7f9f7476f000 rwxp 0000c000 08:05 535712                     /lib/x86_64-linux-gnu/libnss_files-2.13.so
7f9f7476f000-7f9f7477a000 r-xp 00000000 08:05 535714                     /lib/x86_64-linux-gnu/libnss_nis-2.13.so
7f9f7477a000-7f9f74979000 ---p 0000b000 08:05 535714                     /lib/x86_64-linux-gnu/libnss_nis-2.13.so
7f9f74979000-7f9f7497a000 r-xp 0000a000 08:05 535714                     /lib/x86_64-linux-gnu/libnss_nis-2.13.so
7f9f7497a000-7f9f7497b000 rwxp 0000b000 08:05 535714                     /lib/x86_64-linux-gnu/libnss_nis-2.13.so
7f9f7497b000-7f9f74983000 r-xp 00000000 08:05 535710                     /lib/x86_64-linux-gnu/libnss_compat-2.13.so
7f9f74983000-7f9f74b82000 ---p 00008000 08:05 535710                     /lib/x86_64-linux-gnu/libnss_compat-2.13.so
7f9f74b82000-7f9f74b83000 r-xp 00007000 08:05 535710                     /lib/x86_64-linux-gnu/libnss_compat-2.13.so
7f9f74b83000-7f9f74b84000 rwxp 00008000 08:05 535710                     /lib/x86_64-linux-gnu/libnss_compat-2.13.so
7f9f74b84000-7f9f74b8b000 r-xp 00000000 08:05 1734857                    /usr/lib/jvm/java-6-sun-1.6.0.24/jre/lib/amd64/native_threads/libhpi.so
7f9f74b8b000-7f9f74c8c000 ---p 00007000 08:05 1734857                    /usr/lib/jvm/java-6-sun-1.6.0.24/jre/lib/amd64/native_threads/libhpi.so
7f9f74c8c000-7f9f74c8e000 rwxp 00008000 08:05 1734857                    /usr/lib/jvm/java-6-sun-1.6.0.24/jre/lib/amd64/native_threads/libhpi.so
7f9f74c8e000-7f9f74c8f000 rwxp 00000000 00:00 0 
7f9f74c8f000-7f9f74ca6000 r-xp 00000000 08:05 535709                     /lib/x86_64-linux-gnu/libnsl-2.13.so
7f9f74ca6000-7f9f74ea5000 ---p 00017000 08:05 535709                     /lib/x86_64-linux-gnu/libnsl-2.13.so
7f9f74ea5000-7f9f74ea6000 r-xp 00016000 08:05 535709                     /lib/x86_64-linux-gnu/libnsl-2.13.so
7f9f74ea6000-7f9f74ea7000 rwxp 00017000 08:05 535709                     /lib/x86_64-linux-gnu/libnsl-2.13.so
7f9f74ea7000-7f9f74ea9000 rwxp 00000000 00:00 0 
7f9f74ea9000-7f9f74ed2000 r-xp 00000000 08:05 1734846                    /usr/lib/jvm/java-6-sun-1.6.0.24/jre/lib/amd64/libjava.so
7f9f74ed2000-7f9f74fd1000 ---p 00029000 08:05 1734846                    /usr/lib/jvm/java-6-sun-1.6.0.24/jre/lib/amd64/libjava.so
7f9f74fd1000-7f9f74fd8000 rwxp 00028000 08:05 1734846                    /usr/lib/jvm/java-6-sun-1.6.0.24/jre/lib/amd64/libjava.so
7f9f74fd8000-7f9f74fe5000 r-xp 00000000 08:05 1731420                    /usr/lib/jvm/java-6-sun-1.6.0.24/jre/lib/amd64/libverify.so
7f9f74fe5000-7f9f750e4000 ---p 0000d000 08:05 1731420                    /usr/lib/jvm/java-6-sun-1.6.0.24/jre/lib/amd64/libverify.so
7f9f750e4000-7f9f750e7000 rwxp 0000c000 08:05 1731420                    /usr/lib/jvm/java-6-sun-1.6.0.24/jre/lib/amd64/libverify.so
7f9f750e7000-7f9f750ee000 r-xp 00000000 08:05 535724                     /lib/x86_64-linux-gnu/librt-2.13.so
7f9f750ee000-7f9f752ed000 ---p 00007000 08:05 535724                     /lib/x86_64-linux-gnu/librt-2.13.so
7f9f752ed000-7f9f752ee000 r-xp 00006000 08:05 535724                     /lib/x86_64-linux-gnu/librt-2.13.so
7f9f752ee000-7f9f752ef000 rwxp 00007000 08:05 535724                     /lib/x86_64-linux-gnu/librt-2.13.so
7f9f752ef000-7f9f752f2000 ---p 00000000 00:00 0 
7f9f752f2000-7f9f753f0000 rwxp 00000000 00:00 0 
7f9f753f0000-7f9f75474000 r-xp 00000000 08:05 535703                     /lib/x86_64-linux-gnu/libm-2.13.so
7f9f75474000-7f9f75673000 ---p 00084000 08:05 535703                     /lib/x86_64-linux-gnu/libm-2.13.so
7f9f75673000-7f9f75674000 r-xp 00083000 08:05 535703                     /lib/x86_64-linux-gnu/libm-2.13.so
7f9f75674000-7f9f75675000 rwxp 00084000 08:05 535703                     /lib/x86_64-linux-gnu/libm-2.13.so
7f9f75675000-7f9f75eb3000 r-xp 00000000 08:05 1734849                    /usr/lib/jvm/java-6-sun-1.6.0.24/jre/lib/amd64/server/libjvm.so
7f9f75eb3000-7f9f75fb2000 ---p 0083e000 08:05 1734849                    /usr/lib/jvm/java-6-sun-1.6.0.24/jre/lib/amd64/server/libjvm.so
7f9f75fb2000-7f9f76146000 rwxp 0083d000 08:05 1734849                    /usr/lib/jvm/java-6-sun-1.6.0.24/jre/lib/amd64/server/libjvm.so
7f9f76146000-7f9f7617f000 rwxp 00000000 00:00 0 
7f9f7617f000-7f9f76309000 r-xp 00000000 08:05 535697                     /lib/x86_64-linux-gnu/libc-2.13.so
7f9f76309000-7f9f76508000 ---p 0018a000 08:05 535697                     /lib/x86_64-linux-gnu/libc-2.13.so
7f9f76508000-7f9f7650c000 r-xp 00189000 08:05 535697                     /lib/x86_64-linux-gnu/libc-2.13.so
7f9f7650c000-7f9f7650d000 rwxp 0018d000 08:05 535697                     /lib/x86_64-linux-gnu/libc-2.13.so
7f9f7650d000-7f9f76513000 rwxp 00000000 00:00 0 
7f9f76513000-7f9f76515000 r-xp 00000000 08:05 535702                     /lib/x86_64-linux-gnu/libdl-2.13.so
7f9f76515000-7f9f76715000 ---p 00002000 08:05 535702                     /lib/x86_64-linux-gnu/libdl-2.13.so
7f9f76715000-7f9f76716000 r-xp 00002000 08:05 535702                     /lib/x86_64-linux-gnu/libdl-2.13.so
7f9f76716000-7f9f76717000 rwxp 00003000 08:05 535702                     /lib/x86_64-linux-gnu/libdl-2.13.so
7f9f76717000-7f9f7672f000 r-xp 00000000 08:05 535718                     /lib/x86_64-linux-gnu/libpthread-2.13.so
7f9f7672f000-7f9f7692f000 ---p 00018000 08:05 535718                     /lib/x86_64-linux-gnu/libpthread-2.13.so
7f9f7692f000-7f9f76930000 r-xp 00018000 08:05 535718                     /lib/x86_64-linux-gnu/libpthread-2.13.so
7f9f76930000-7f9f76931000 rwxp 00019000 08:05 535718                     /lib/x86_64-linux-gnu/libpthread-2.13.so
7f9f76931000-7f9f76935000 rwxp 00000000 00:00 0 
7f9f76935000-7f9f76956000 r-xp 00000000 08:05 535673                     /lib/x86_64-linux-gnu/ld-2.13.so
7f9f76956000-7f9f76957000 r-xs 00000000 08:05 554466                     /var/cache/fontconfig/4c73fe0c47614734b17d736dbde7580a-le64.cache-3
7f9f76957000-7f9f76958000 r-xs 00000000 08:05 554459                     /var/cache/fontconfig/0d8c3b2ac0904cb8a57a757ad11a4a08-le64.cache-3
7f9f76958000-7f9f76962000 rwxp 00000000 00:00 0 
7f9f76962000-7f9f76a18000 rwxp 00000000 00:00 0 
7f9f76a18000-7f9f76a1b000 rwxp 00000000 00:00 0 
7f9f76a1b000-7f9f76a22000 r-xp 00000000 08:05 1731410                    /usr/lib/jvm/java-6-sun-1.6.0.24/jre/lib/amd64/jli/libjli.so
7f9f76a22000-7f9f76b23000 ---p 00007000 08:05 1731410                    /usr/lib/jvm/java-6-sun-1.6.0.24/jre/lib/amd64/jli/libjli.so
7f9f76b23000-7f9f76b25000 rwxp 00008000 08:05 1731410                    /usr/lib/jvm/java-6-sun-1.6.0.24/jre/lib/amd64/jli/libjli.so
7f9f76b25000-7f9f76b26000 rwxp 00000000 00:00 0 
7f9f76b26000-7f9f76b27000 r-xs 00000000 08:05 554454                     /var/cache/fontconfig/6a53c69dea097a2d716e069445527da8-le64.cache-3
7f9f76b27000-7f9f76b2c000 r-xs 00000000 08:05 554452                     /var/cache/fontconfig/515ca1ebc4b18308bea979be5704f9db-le64.cache-3
7f9f76b2c000-7f9f76b2f000 r-xs 00000000 08:05 554441                     /var/cache/fontconfig/d60319d88cac85ba9e1a07bd06cfbb8c-le64.cache-3
7f9f76b2f000-7f9f76b30000 r-xs 00000000 08:05 530935                     /var/cache/fontconfig/4794a0821666d79190d59a36cb4f44b5-le64.cache-3
7f9f76b30000-7f9f76b34000 r-xs 00000000 08:05 538228                     /var/cache/fontconfig/7ef2298fde41cc6eeb7af42e48b7d293-le64.cache-3
7f9f76b34000-7f9f76b48000 r-xs 00000000 08:05 527842                     /var/cache/fontconfig/865f88548240fee46819705c6468c165-le64.cache-3
7f9f76b48000-7f9f76b49000 r-xs 00000000 08:05 1345055                    /home/bompo/.fontconfig/aa7e4f27e681240d22a1f116cf7520f0-le64.cache-3
7f9f76b49000-7f9f76b51000 rwxs 00000000 08:05 531627                     /tmp/hsperfdata_bompo/15114
7f9f76b51000-7f9f76b52000 rwxp 00000000 00:00 0 
7f9f76b52000-7f9f76b53000 r-xp 00000000 00:00 0 
7f9f76b53000-7f9f76b55000 rwxp 00000000 00:00 0 
7f9f76b55000-7f9f76b56000 r-xp 00020000 08:05 535673                     /lib/x86_64-linux-gnu/ld-2.13.so
7f9f76b56000-7f9f76b58000 rwxp 00021000 08:05 535673                     /lib/x86_64-linux-gnu/ld-2.13.so
7ffff57f1000-7ffff5812000 rwxp 00000000 00:00 0                          [stack]
7ffff593e000-7ffff593f000 r-xp 00000000 00:00 0                          [vdso]
ffffffffff600000-ffffffffff601000 r-xp 00000000 00:00 0                  [vsyscall]

VM Arguments:
jvm_args: -Dfile.encoding=UTF-8 
java_command: de.swagner.mgcube.DesktopStarter
Launcher Type: SUN_STANDARD

Environment Variables:
PATH=/usr/local/sbin:/usr/local/bin:/usr/sbin:/usr/bin:/sbin:/bin:/usr/games
USERNAME=bompo
LD_LIBRARY_PATH=/usr/lib/jvm/java-6-sun-1.6.0.24/jre/lib/amd64/server:/usr/lib/jvm/java-6-sun-1.6.0.24/jre/lib/amd64:/usr/lib/jvm/java-6-sun-1.6.0.24/jre/../lib/amd64:/usr/lib/jvm/java-6-openjdk/jre/lib/amd64/server:/usr/lib/jvm/java-6-openjdk/jre/lib/amd64:/usr/lib/jvm/java-6-openjdk/jre/../lib/amd64:/usr/lib64/xulrunner-addons
SHELL=/bin/bash
DISPLAY=:0.0

Signal Handlers:
SIGSEGV: [libjvm.so+0x791b30], sa_mask[0]=0x7ffbfeff, sa_flags=0x10000004
SIGBUS: [libjvm.so+0x791b30], sa_mask[0]=0x7ffbfeff, sa_flags=0x10000004
SIGFPE: [libjvm.so+0x640ba0], sa_mask[0]=0x7ffbfeff, sa_flags=0x10000004
SIGPIPE: [libjvm.so+0x640ba0], sa_mask[0]=0x7ffbfeff, sa_flags=0x10000004
SIGXFSZ: [libjvm.so+0x640ba0], sa_mask[0]=0x7ffbfeff, sa_flags=0x10000004
SIGILL: [libjvm.so+0x640ba0], sa_mask[0]=0x7ffbfeff, sa_flags=0x10000004
SIGUSR1: SIG_DFL, sa_mask[0]=0x00000000, sa_flags=0x00000000
SIGUSR2: [libjvm.so+0x643780], sa_mask[0]=0x00000004, sa_flags=0x10000004
SIGHUP: [libjvm.so+0x643380], sa_mask[0]=0x7ffbfeff, sa_flags=0x10000004
SIGINT: [libjvm.so+0x643380], sa_mask[0]=0x7ffbfeff, sa_flags=0x10000004
SIGTERM: [libjvm.so+0x643380], sa_mask[0]=0x7ffbfeff, sa_flags=0x10000004
SIGQUIT: [libjvm.so+0x643380], sa_mask[0]=0x7ffbfeff, sa_flags=0x10000004


---------------  S Y S T E M  ---------------

OS:squeeze/sid

uname:Linux 2.6.38-10-generic #44-Ubuntu SMP Thu Jun 2 21:32:22 UTC 2011 x86_64
libc:glibc 2.13 NPTL 2.13 
rlimit: STACK 8192k, CORE 0k, NPROC infinity, NOFILE 4096, AS infinity
load average:0.16 0.25 0.19

/proc/meminfo:
MemTotal:        4047872 kB
MemFree:           66308 kB
Buffers:          262500 kB
Cached:          1233416 kB
SwapCached:            0 kB
Active:          2294276 kB
Inactive:        1227580 kB
Active(anon):    1643536 kB
Inactive(anon):   400016 kB
Active(file):     650740 kB
Inactive(file):   827564 kB
Unevictable:         200 kB
Mlocked:             148 kB
SwapTotal:      19529724 kB
SwapFree:       19529596 kB
Dirty:              1148 kB
Writeback:          2860 kB
AnonPages:       2026492 kB
Mapped:           246416 kB
Shmem:             17560 kB
Slab:             243428 kB
SReclaimable:     214536 kB
SUnreclaim:        28892 kB
KernelStack:        4192 kB
PageTables:        40740 kB
NFS_Unstable:          0 kB
Bounce:                0 kB
WritebackTmp:          0 kB
CommitLimit:    21553660 kB
Committed_AS:    5083464 kB
VmallocTotal:   34359738367 kB
VmallocUsed:      341784 kB
VmallocChunk:   34359382756 kB
HardwareCorrupted:     0 kB
HugePages_Total:       0
HugePages_Free:        0
HugePages_Rsvd:        0
HugePages_Surp:        0
Hugepagesize:       2048 kB
DirectMap4k:      196032 kB
DirectMap2M:     3989504 kB


CPU:total 4 (4 cores per cpu, 1 threads per core) family 6 model 30 stepping 5, cmov, cx8, fxsr, mmx, sse, sse2, sse3, ssse3, sse4.1, sse4.2, popcnt

Memory: 4k page, physical 4047872k(66308k free), swap 19529724k(19529596k free)

vm_info: Java HotSpot(TM) 64-Bit Server VM (19.1-b02) for linux-amd64 JRE (1.6.0_24-b07), built on Feb  2 2011 16:55:54 by "java_re" with gcc 3.2.2 (SuSE Linux)

time: Sat Jun 18 15:48:01 2011
elapsed time: 5 seconds

