#
# A fatal error has been detected by the Java Runtime Environment:
#
#  SIGSEGV (0xb) at pc=0x00007fa5450c8879, pid=14409, tid=140347964286752
#
# JRE version: 6.0_24-b07
# Java VM: Java HotSpot(TM) 64-Bit Server VM (19.1-b02 mixed mode linux-amd64 compressed oops)
# Problematic frame:
# 
[error occurred during error reporting (printing problematic frame), id 0xb]

# If you would like to submit a bug report, please visit:
#   http://java.sun.com/webapps/bugreport/crash.jsp
#

---------------  T H R E A D  ---------------

Current thread is native thread

siginfo:si_signo=SIGSEGV: si_errno=0, si_code=1 (SEGV_MAPERR), si_addr=0x0000000000100ce0

Registers:
RAX=0x0000000000100ce0, RBX=0x000000000000003a, RCX=0x0000000000000000, RDX=0x00007ffff888fe70
RSP=0x00007ffff888fdf0, RBP=0x00007ffff888fdf0, RSI=0x0000000000000000, RDI=0x00007fa5453de158
R8 =0x00007fa54ea249d8, R9 =0x00007fa5453de158, R10=0x00007fa54e3ddf88, R11=0x00007fa54e086ca0
R12=0x0000000000000000, R13=0x00007fa54ea24048, R14=0x0000000041bbcd90, R15=0x000000000000000c
RIP=0x00007fa5450c8879, EFL=0x0000000000010246, CSGSFS=0x0000000000000033, ERR=0x0000000000000004
  TRAPNO=0x000000000000000e

Register to memory mapping:

RAX=0x0000000000100ce0
0x0000000000100ce0 is pointing to unknown location

RBX=0x000000000000003a
0x000000000000003a is pointing to unknown location

RCX=0x0000000000000000
0x0000000000000000 is pointing to unknown location

RDX=0x00007ffff888fe70
0x00007ffff888fe70 is pointing to unknown location

RSP=0x00007ffff888fdf0
0x00007ffff888fdf0 is pointing to unknown location

RBP=0x00007ffff888fdf0
0x00007ffff888fdf0 is pointing to unknown location

RSI=0x0000000000000000
0x0000000000000000 is pointing to unknown location

RDI=0x00007fa5453de158
0x00007fa5453de158: <offset 0x215158> in /lib/x86_64-linux-gnu/libgcc_s.so.1 at 0x00007fa5451c9000

R8 =0x00007fa54ea249d8
0x00007fa54ea249d8: _rtld_global+0x998 in /lib64/ld-linux-x86-64.so.2 at 0x00007fa54e803000

R9 =0x00007fa5453de158
0x00007fa5453de158: <offset 0x215158> in /lib/x86_64-linux-gnu/libgcc_s.so.1 at 0x00007fa5451c9000

R10=0x00007fa54e3ddf88
0x00007fa54e3ddf88: <offset 0x390f88> in /lib/x86_64-linux-gnu/libc.so.6 at 0x00007fa54e04d000

R11=0x00007fa54e086ca0
0x00007fa54e086ca0: __cxa_finalize+0 in /lib/x86_64-linux-gnu/libc.so.6 at 0x00007fa54e04d000

R12=0x0000000000000000
0x0000000000000000 is pointing to unknown location

R13=0x00007fa54ea24048
0x00007fa54ea24048: _rtld_global+0x8 in /lib64/ld-linux-x86-64.so.2 at 0x00007fa54e803000

R14=0x0000000041bbcd90
0x0000000041bbcd90 is pointing to unknown location

R15=0x000000000000000c
0x000000000000000c is pointing to unknown location


Top of Stack: (sp=0x00007ffff888fdf0)
0x00007ffff888fdf0:   00007ffff8890060 00007fa5450c8b31
0x00007ffff888fe00:   00007ffff8890060 00007fa54e811ebc
0x00007ffff888fe10:   00007fa54ea252e8 00007fa54ea25878
0x00007ffff888fe20:   00007fa54e9f3000 00000000419fea70
0x00007ffff888fe30:   0000000041a01bf0 0000000041a02120
0x00007ffff888fe40:   0000000041a02620 0000000041a07260
0x00007ffff888fe50:   00007fa54009fb00 0000000041cf7920
0x00007ffff888fe60:   0000000041cf7de0 0000000041bbc7c0
0x00007ffff888fe70:   0000000041bbcd90 0000000041bb13a0
0x00007ffff888fe80:   0000000041b0d460 0000000041bb1860
0x00007ffff888fe90:   0000000041b0cfb0 0000000041b0cb00
0x00007ffff888fea0:   00007fa5403a66a0 0000000041b0c660
0x00007ffff888feb0:   0000000041bb1d00 00007fa5403bbb40
0x00007ffff888fec0:   00007fa5402c5f30 00007fa54006d8e0
0x00007ffff888fed0:   00007fa54006eb90 00007fa54006d410
0x00007ffff888fee0:   00000000419fd700 00000000419fd060
0x00007ffff888fef0:   00000000419fa730 00007fa5403a6b60
0x00007ffff888ff00:   00007fa540390d30 00007fa540368540
0x00007ffff888ff10:   00007fa5403a7e10 00007fa5403a7960
0x00007ffff888ff20:   00007fa5403a74c0 00007fa540368e80
0x00007ffff888ff30:   00007fa5403689e0 00007fa54006e6f0
0x00007ffff888ff40:   00007fa54006ddb0 00007fa54006e250
0x00007ffff888ff50:   00007fa54006f030 00007fa54006fa50
0x00007ffff888ff60:   00007fa54006f550 00007fa54e9f3508
0x00007ffff888ff70:   00007fa540365520 00000000419fbaf0
0x00007ffff888ff80:   00007fa54ea229a0 00007fa5403659c0
0x00007ffff888ff90:   00007fa540365e60 00000000419fdce0
0x00007ffff888ffa0:   00007fa540366300 00007fa5403667a0
0x00007ffff888ffb0:   00007fa540366c40 00007fa5403670f0
0x00007ffff888ffc0:   00000000419fac00 00007fa540367590
0x00007ffff888ffd0:   00007fa54e9f39e8 00007fa54ea249d8
0x00007ffff888ffe0:   0000000000000000 00007fa54e811d3d 

Instructions: (pc=0x00007fa5450c8879)
0x00007fa5450c8869:   48 89 05 60 06 10 00 ff d2 48 8b 05 57 06 10 00
0x00007fa5450c8879:   48 8b 10 48 85 d2 75 e4 c6 05 50 06 10 00 01 c9 

Stack: [0x00007ffff8792000,0x00007ffff8892000],  sp=0x00007ffff888fdf0,  free space=1015k
Native frames: (J=compiled Java code, j=interpreted, Vv=VM code, C=native code)

[error occurred during error reporting (printing native stack), id 0xb]


---------------  P R O C E S S  ---------------

VM state:at safepoint (shutting down)

VM Mutex/Monitor currently owned by a thread:  ([mutex/lock_event])
[0x00000000419fffc0] Threads_lock - owner thread: 0x0000000041a60800

Heap
 PSYoungGen      total 18432K, used 18026K [0x00000000eb600000, 0x00000000eca90000, 0x0000000100000000)
  eden space 15808K, 97% used [0x00000000eb600000,0x00000000ec511140,0x00000000ec570000)
  from space 2624K, 99% used [0x00000000ec570000,0x00000000ec7f9820,0x00000000ec800000)
  to   space 2624K, 0% used [0x00000000ec800000,0x00000000ec800000,0x00000000eca90000)
 PSOldGen        total 42240K, used 1187K [0x00000000c2200000, 0x00000000c4b40000, 0x00000000eb600000)
  object space 42240K, 2% used [0x00000000c2200000,0x00000000c2328fe0,0x00000000c4b40000)
 PSPermGen       total 21248K, used 15167K [0x00000000bd000000, 0x00000000be4c0000, 0x00000000c2200000)
  object space 21248K, 71% used [0x00000000bd000000,0x00000000bdecffd8,0x00000000be4c0000)

Dynamic libraries:
40000000-40009000 r-xp 00000000 08:05 1662394                            /usr/lib/jvm/java-6-sun-1.6.0.24/jre/bin/java
40108000-4010a000 rwxp 00008000 08:05 1662394                            /usr/lib/jvm/java-6-sun-1.6.0.24/jre/bin/java
419fa000-42694000 rwxp 00000000 00:00 0                                  [heap]
bd000000-be4c0000 rwxp 00000000 00:00 0 
be4c0000-c2200000 rwxp 00000000 00:00 0 
c2200000-c4b40000 rwxp 00000000 00:00 0 
c4b40000-eb600000 rwxp 00000000 00:00 0 
eb600000-eca90000 rwxp 00000000 00:00 0 
eca90000-100000000 rwxp 00000000 00:00 0 
7fa536b29000-7fa536ca0000 rwxs 00000000 00:04 40042521                   /SYSV00000000 (deleted)
7fa536ca0000-7fa536ea0000 rwxs 24f62000 00:05 10284                      /dev/nvidia0
7fa536ea0000-7fa536ea3000 ---p 00000000 00:00 0 
7fa536ea3000-7fa536fa1000 rwxp 00000000 00:00 0 
7fa536fa1000-7fa536fa2000 ---p 00000000 00:00 0 
7fa536fa2000-7fa5377a2000 rwxp 00000000 00:00 0 
7fa53b7a3000-7fa53b7a4000 ---p 00000000 00:00 0 
7fa53b7a4000-7fa53bfa4000 rwxp 00000000 00:00 0 
7fa53bfa4000-7fa53bfaa000 r-xp 00000000 08:05 1573092                    /usr/lib/libogg.so.0.7.0
7fa53bfaa000-7fa53c1a9000 ---p 00006000 08:05 1573092                    /usr/lib/libogg.so.0.7.0
7fa53c1a9000-7fa53c1aa000 r-xp 00005000 08:05 1573092                    /usr/lib/libogg.so.0.7.0
7fa53c1aa000-7fa53c1ab000 rwxp 00006000 08:05 1573092                    /usr/lib/libogg.so.0.7.0
7fa53c1ab000-7fa53c1d6000 r-xp 00000000 08:05 1582648                    /usr/lib/libvorbis.so.0.4.5
7fa53c1d6000-7fa53c3d5000 ---p 0002b000 08:05 1582648                    /usr/lib/libvorbis.so.0.4.5
7fa53c3d5000-7fa53c3d6000 r-xp 0002a000 08:05 1582648                    /usr/lib/libvorbis.so.0.4.5
7fa53c3d6000-7fa53c3d7000 rwxp 0002b000 08:05 1582648                    /usr/lib/libvorbis.so.0.4.5
7fa53c3d7000-7fa53c68a000 r-xp 00000000 08:05 1573212                    /usr/lib/libvorbisenc.so.2.0.8
7fa53c68a000-7fa53c889000 ---p 002b3000 08:05 1573212                    /usr/lib/libvorbisenc.so.2.0.8
7fa53c889000-7fa53c8a5000 r-xp 002b2000 08:05 1573212                    /usr/lib/libvorbisenc.so.2.0.8
7fa53c8a5000-7fa53c8a6000 rwxp 002ce000 08:05 1573212                    /usr/lib/libvorbisenc.so.2.0.8
7fa53c8a6000-7fa53c8ee000 r-xp 00000000 08:05 1570101                    /usr/lib/libFLAC.so.8.2.0
7fa53c8ee000-7fa53caee000 ---p 00048000 08:05 1570101                    /usr/lib/libFLAC.so.8.2.0
7fa53caee000-7fa53caef000 r-xp 00048000 08:05 1570101                    /usr/lib/libFLAC.so.8.2.0
7fa53caef000-7fa53caf0000 rwxp 00049000 08:05 1570101                    /usr/lib/libFLAC.so.8.2.0
7fa53caf0000-7fa53cb51000 r-xp 00000000 08:05 1570821                    /usr/lib/libsndfile.so.1.0.23
7fa53cb51000-7fa53cd51000 ---p 00061000 08:05 1570821                    /usr/lib/libsndfile.so.1.0.23
7fa53cd51000-7fa53cd53000 r-xp 00061000 08:05 1570821                    /usr/lib/libsndfile.so.1.0.23
7fa53cd53000-7fa53cd54000 rwxp 00063000 08:05 1570821                    /usr/lib/libsndfile.so.1.0.23
7fa53cd54000-7fa53cd58000 rwxp 00000000 00:00 0 
7fa53cd58000-7fa53cd60000 r-xp 00000000 08:05 538930                     /lib/libwrap.so.0.7.6
7fa53cd60000-7fa53cf60000 ---p 00008000 08:05 538930                     /lib/libwrap.so.0.7.6
7fa53cf60000-7fa53cf61000 r-xp 00008000 08:05 538930                     /lib/libwrap.so.0.7.6
7fa53cf61000-7fa53cf62000 rwxp 00009000 08:05 538930                     /lib/libwrap.so.0.7.6
7fa53cf62000-7fa53cf63000 rwxp 00000000 00:00 0 
7fa53cf63000-7fa53cf67000 r-xp 00000000 08:05 534738                     /lib/x86_64-linux-gnu/libuuid.so.1.3.0
7fa53cf67000-7fa53d166000 ---p 00004000 08:05 534738                     /lib/x86_64-linux-gnu/libuuid.so.1.3.0
7fa53d166000-7fa53d167000 r-xp 00003000 08:05 534738                     /lib/x86_64-linux-gnu/libuuid.so.1.3.0
7fa53d167000-7fa53d168000 rwxp 00004000 08:05 534738                     /lib/x86_64-linux-gnu/libuuid.so.1.3.0
7fa53d168000-7fa53d1aa000 r-xp 00000000 08:05 525819                     /lib/x86_64-linux-gnu/libdbus-1.so.3.5.4
7fa53d1aa000-7fa53d3aa000 ---p 00042000 08:05 525819                     /lib/x86_64-linux-gnu/libdbus-1.so.3.5.4
7fa53d3aa000-7fa53d3ab000 r-xp 00042000 08:05 525819                     /lib/x86_64-linux-gnu/libdbus-1.so.3.5.4
7fa53d3ab000-7fa53d3ac000 rwxp 00043000 08:05 525819                     /lib/x86_64-linux-gnu/libdbus-1.so.3.5.4
7fa53d3ac000-7fa53d3f7000 r-xp 00000000 08:05 1580900                    /usr/lib/libpulsecommon-0.9.22.so
7fa53d3f7000-7fa53d5f6000 ---p 0004b000 08:05 1580900                    /usr/lib/libpulsecommon-0.9.22.so
7fa53d5f6000-7fa53d5f7000 r-xp 0004a000 08:05 1580900                    /usr/lib/libpulsecommon-0.9.22.so
7fa53d5f7000-7fa53d5f8000 rwxp 0004b000 08:05 1580900                    /usr/lib/libpulsecommon-0.9.22.so
7fa53d5f8000-7fa53d5fb000 r-xp 00000000 08:05 1573582                    /usr/lib/libxcb-atom.so.1.0.0
7fa53d5fb000-7fa53d7fb000 ---p 00003000 08:05 1573582                    /usr/lib/libxcb-atom.so.1.0.0
7fa53d7fb000-7fa53d7fc000 r-xp 00003000 08:05 1573582                    /usr/lib/libxcb-atom.so.1.0.0
7fa53d7fc000-7fa53d7fd000 rwxp 00004000 08:05 1573582                    /usr/lib/libxcb-atom.so.1.0.0
7fa53d7fd000-7fa53d804000 r-xp 00000000 08:05 1578963                    /usr/lib/x86_64-linux-gnu/libSM.so.6.0.1
7fa53d804000-7fa53da03000 ---p 00007000 08:05 1578963                    /usr/lib/x86_64-linux-gnu/libSM.so.6.0.1
7fa53da03000-7fa53da04000 r-xp 00006000 08:05 1578963                    /usr/lib/x86_64-linux-gnu/libSM.so.6.0.1
7fa53da04000-7fa53da05000 rwxp 00007000 08:05 1578963                    /usr/lib/x86_64-linux-gnu/libSM.so.6.0.1
7fa53da05000-7fa53da1b000 r-xp 00000000 08:05 1571606                    /usr/lib/x86_64-linux-gnu/libICE.so.6.3.0
7fa53da1b000-7fa53dc1b000 ---p 00016000 08:05 1571606                    /usr/lib/x86_64-linux-gnu/libICE.so.6.3.0
7fa53dc1b000-7fa53dc1c000 r-xp 00016000 08:05 1571606                    /usr/lib/x86_64-linux-gnu/libICE.so.6.3.0
7fa53dc1c000-7fa53dc1d000 rwxp 00017000 08:05 1571606                    /usr/lib/x86_64-linux-gnu/libICE.so.6.3.0
7fa53dc1d000-7fa53dc20000 rwxp 00000000 00:00 0 
7fa53dc20000-7fa53dc21000 r-xp 00000000 08:05 1570508                    /usr/lib/x86_64-linux-gnu/libX11-xcb.so.1.0.0
7fa53dc21000-7fa53de20000 ---p 00001000 08:05 1570508                    /usr/lib/x86_64-linux-gnu/libX11-xcb.so.1.0.0
7fa53de20000-7fa53de21000 r-xp 00000000 08:05 1570508                    /usr/lib/x86_64-linux-gnu/libX11-xcb.so.1.0.0
7fa53de21000-7fa53de22000 rwxp 00001000 08:05 1570508                    /usr/lib/x86_64-linux-gnu/libX11-xcb.so.1.0.0
7fa53de22000-7fa53de62000 r-xp 00000000 08:05 1573921                    /usr/lib/libpulse.so.0.12.3
7fa53de62000-7fa53e061000 ---p 00040000 08:05 1573921                    /usr/lib/libpulse.so.0.12.3
7fa53e061000-7fa53e062000 r-xp 0003f000 08:05 1573921                    /usr/lib/libpulse.so.0.12.3
7fa53e062000-7fa53e063000 rwxp 00040000 08:05 1573921                    /usr/lib/libpulse.so.0.12.3
7fa53e2b2000-7fa53f700000 r-xp 00000000 08:05 723                        /usr/lib/nvidia-current/libnvidia-glcore.so.270.41.19
7fa53f700000-7fa53f900000 ---p 0144e000 08:05 723                        /usr/lib/nvidia-current/libnvidia-glcore.so.270.41.19
7fa53f900000-7fa53fee8000 rwxp 0144e000 08:05 723                        /usr/lib/nvidia-current/libnvidia-glcore.so.270.41.19
7fa53fee8000-7fa53feff000 rwxp 00000000 00:00 0 
7fa53feff000-7fa53ff02000 ---p 00000000 00:00 0 
7fa53ff02000-7fa540000000 rwxp 00000000 00:00 0 
7fa540000000-7fa5405e1000 rwxp 00000000 00:00 0 
7fa5405e1000-7fa544000000 ---p 00000000 00:00 0 
7fa54413d000-7fa544145000 r-xp 00000000 08:05 1581969                    /usr/lib/x86_64-linux-gnu/libXrandr.so.2.2.0
7fa544145000-7fa544344000 ---p 00008000 08:05 1581969                    /usr/lib/x86_64-linux-gnu/libXrandr.so.2.2.0
7fa544344000-7fa544345000 r-xp 00007000 08:05 1581969                    /usr/lib/x86_64-linux-gnu/libXrandr.so.2.2.0
7fa544345000-7fa544346000 rwxp 00008000 08:05 1581969                    /usr/lib/x86_64-linux-gnu/libXrandr.so.2.2.0
7fa544346000-7fa5443bf000 r-xp 00000000 08:05 526879                     /tmp/libgdx/1799094955/liblwjgl64.so
7fa5443bf000-7fa5445be000 ---p 00079000 08:05 526879                     /tmp/libgdx/1799094955/liblwjgl64.so
7fa5445be000-7fa5445c0000 r-xp 00078000 08:05 526879                     /tmp/libgdx/1799094955/liblwjgl64.so
7fa5445c0000-7fa5445c1000 rwxp 0007a000 08:05 526879                     /tmp/libgdx/1799094955/liblwjgl64.so
7fa5445c1000-7fa5446b0000 r-xp 00000000 08:05 526473                     /tmp/libgdx/1799094955/libjogl-linux64.so
7fa5446b0000-7fa5447b0000 ---p 000ef000 08:05 526473                     /tmp/libgdx/1799094955/libjogl-linux64.so
7fa5447b0000-7fa5447b1000 rwxp 000ef000 08:05 526473                     /tmp/libgdx/1799094955/libjogl-linux64.so
7fa5447b1000-7fa5447b2000 r-xp 00000000 08:05 716                        /usr/lib/nvidia-current/tls/libnvidia-tls.so.270.41.19
7fa5447b2000-7fa5449b2000 ---p 00001000 08:05 716                        /usr/lib/nvidia-current/tls/libnvidia-tls.so.270.41.19
7fa5449b2000-7fa5449b3000 rwxp 00001000 08:05 716                        /usr/lib/nvidia-current/tls/libnvidia-tls.so.270.41.19
7fa5449b3000-7fa5449b4000 r-xp 00000000 08:05 1734853                    /usr/lib/jvm/java-6-sun-1.6.0.24/jre/lib/amd64/libjawt.so
7fa5449b4000-7fa544ab3000 ---p 00001000 08:05 1734853                    /usr/lib/jvm/java-6-sun-1.6.0.24/jre/lib/amd64/libjawt.so
7fa544ab3000-7fa544ab4000 rwxp 00000000 08:05 1734853                    /usr/lib/jvm/java-6-sun-1.6.0.24/jre/lib/amd64/libjawt.so
7fa544ab4000-7fa544ab9000 r-xp 00000000 08:05 1581972                    /usr/lib/x86_64-linux-gnu/libXxf86vm.so.1.0.0
7fa544ab9000-7fa544cb8000 ---p 00005000 08:05 1581972                    /usr/lib/x86_64-linux-gnu/libXxf86vm.so.1.0.0
7fa544cb8000-7fa544cb9000 r-xp 00004000 08:05 1581972                    /usr/lib/x86_64-linux-gnu/libXxf86vm.so.1.0.0
7fa544cb9000-7fa544cba000 rwxp 00005000 08:05 1581972                    /usr/lib/x86_64-linux-gnu/libXxf86vm.so.1.0.0
7fa544cba000-7fa544d77000 r-xp 00000000 08:05 928                        /usr/lib/nvidia-current/libGL.so.270.41.19
7fa544d77000-7fa544f77000 ---p 000bd000 08:05 928                        /usr/lib/nvidia-current/libGL.so.270.41.19
7fa544f77000-7fa544fb0000 rwxp 000bd000 08:05 928                        /usr/lib/nvidia-current/libGL.so.270.41.19
7fa544fb0000-7fa544fc6000 rwxp 00000000 00:00 0 
7fa544fc6000-7fa544fc8000 r-xp 00000000 08:05 526444                     /tmp/libgdx/1799094955/libjogl_awt-linux64.so
7fa544fc8000-7fa5450c7000 ---p 00002000 08:05 526444                     /tmp/libgdx/1799094955/libjogl_awt-linux64.so
7fa5450c7000-7fa5450c8000 rwxp 00001000 08:05 526444                     /tmp/libgdx/1799094955/libjogl_awt-linux64.so
7fa5450c8000-7fa5450c9000 r-xp 00000000 08:05 526409                     /tmp/libgdx/1799094955/libgluegen-rt-linux64.so
7fa5450c9000-7fa5451c8000 ---p 00001000 08:05 526409                     /tmp/libgdx/1799094955/libgluegen-rt-linux64.so
7fa5451c8000-7fa5451c9000 rwxp 00000000 08:05 526409                     /tmp/libgdx/1799094955/libgluegen-rt-linux64.so
7fa5451c9000-7fa5451de000 r-xp 00000000 08:05 528127                     /lib/x86_64-linux-gnu/libgcc_s.so.1
7fa5451de000-7fa5453dd000 ---p 00015000 08:05 528127                     /lib/x86_64-linux-gnu/libgcc_s.so.1
7fa5453dd000-7fa5453de000 r-xp 00014000 08:05 528127                     /lib/x86_64-linux-gnu/libgcc_s.so.1
7fa5453de000-7fa5453df000 rwxp 00015000 08:05 528127                     /lib/x86_64-linux-gnu/libgcc_s.so.1
7fa5453df000-7fa5454c7000 r-xp 00000000 08:05 1571250                    /usr/lib/x86_64-linux-gnu/libstdc++.so.6.0.14
7fa5454c7000-7fa5456c6000 ---p 000e8000 08:05 1571250                    /usr/lib/x86_64-linux-gnu/libstdc++.so.6.0.14
7fa5456c6000-7fa5456ce000 r-xp 000e7000 08:05 1571250                    /usr/lib/x86_64-linux-gnu/libstdc++.so.6.0.14
7fa5456ce000-7fa5456d0000 rwxp 000ef000 08:05 1571250                    /usr/lib/x86_64-linux-gnu/libstdc++.so.6.0.14
7fa5456d0000-7fa5456e5000 rwxp 00000000 00:00 0 
7fa5456e5000-7fa545770000 r-xp 00000000 08:05 526370                     /tmp/libgdx/1799094955/libgdx-64.so
7fa545770000-7fa545970000 ---p 0008b000 08:05 526370                     /tmp/libgdx/1799094955/libgdx-64.so
7fa545970000-7fa545971000 r-xp 0008b000 08:05 526370                     /tmp/libgdx/1799094955/libgdx-64.so
7fa545971000-7fa545972000 rwxp 0008c000 08:05 526370                     /tmp/libgdx/1799094955/libgdx-64.so
7fa545972000-7fa545975000 rwxp 00000000 00:00 0 
7fa545975000-7fa545978000 ---p 00000000 00:00 0 
7fa545978000-7fa545a76000 rwxp 00000000 00:00 0 
7fa545a76000-7fa545a77000 r-xs 00000000 08:05 532633                     /var/cache/fontconfig/26de28bc8622bbc1fb67fd234c21975f-le64.cache-3
7fa545a77000-7fa545a78000 r-xs 00000000 08:05 554485                     /var/cache/fontconfig/c05880de57d1f5e948fdfacc138775d9-le64.cache-3
7fa545a78000-7fa545a81000 r-xs 00000000 08:05 527845                     /var/cache/fontconfig/945677eb7aeaf62f1d50efc3fb3ec7d8-le64.cache-3
7fa545a81000-7fa545a83000 r-xs 00000000 08:05 554480                     /var/cache/fontconfig/99e8ed0e538f840c565b6ed5dad60d56-le64.cache-3
7fa545a83000-7fa545a86000 r-xs 00000000 08:05 554411                     /var/cache/fontconfig/f24b2111ab8703b4e963115a8cf14259-le64.cache-3
7fa545a86000-7fa545a89000 r-xs 00000000 08:05 554479                     /var/cache/fontconfig/e383d7ea5fbe662a33d9b44caf393297-le64.cache-3
7fa545a89000-7fa545a8c000 r-xs 00000000 08:05 554477                     /var/cache/fontconfig/2cd17615ca594fa2959ae173292e504c-le64.cache-3
7fa545a8c000-7fa545a8d000 r-xs 00000000 08:05 554471                     /var/cache/fontconfig/e7071f4a29fa870f4323321c154eba04-le64.cache-3
7fa545a8d000-7fa545a96000 r-xs 00000000 08:05 554448                     /var/cache/fontconfig/6d41288fd70b0be22e8c3a91e032eec0-le64.cache-3
7fa545a96000-7fa545aa6000 r-xs 00000000 08:05 554447                     /var/cache/fontconfig/0f34bcd4b6ee430af32735b75db7f02b-le64.cache-3
7fa545aa6000-7fa545ad4000 r-xs 00000000 08:05 554435                     /var/cache/fontconfig/365b55f210c0a22e9a19e35191240f32-le64.cache-3
7fa545b9b000-7fa545b9e000 ---p 00000000 00:00 0 
7fa545b9e000-7fa545c9c000 rwxp 00000000 00:00 0 
7fa545c9c000-7fa545c9f000 ---p 00000000 00:00 0 
7fa545c9f000-7fa545d9d000 rwxp 00000000 00:00 0 
7fa545d9d000-7fa545da2000 r-xp 00000000 08:05 1570859                    /usr/lib/x86_64-linux-gnu/libXfixes.so.3.1.0
7fa545da2000-7fa545fa1000 ---p 00005000 08:05 1570859                    /usr/lib/x86_64-linux-gnu/libXfixes.so.3.1.0
7fa545fa1000-7fa545fa2000 r-xp 00004000 08:05 1570859                    /usr/lib/x86_64-linux-gnu/libXfixes.so.3.1.0
7fa545fa2000-7fa545fa3000 rwxp 00005000 08:05 1570859                    /usr/lib/x86_64-linux-gnu/libXfixes.so.3.1.0
7fa545fa3000-7fa545fac000 r-xp 00000000 08:05 1570620                    /usr/lib/x86_64-linux-gnu/libXrender.so.1.3.0
7fa545fac000-7fa5461ac000 ---p 00009000 08:05 1570620                    /usr/lib/x86_64-linux-gnu/libXrender.so.1.3.0
7fa5461ac000-7fa5461ad000 r-xp 00009000 08:05 1570620                    /usr/lib/x86_64-linux-gnu/libXrender.so.1.3.0
7fa5461ad000-7fa5461ae000 rwxp 0000a000 08:05 1570620                    /usr/lib/x86_64-linux-gnu/libXrender.so.1.3.0
7fa5461ae000-7fa5461b7000 r-xp 00000000 08:05 1573929                    /usr/lib/x86_64-linux-gnu/libXcursor.so.1.0.2
7fa5461b7000-7fa5463b6000 ---p 00009000 08:05 1573929                    /usr/lib/x86_64-linux-gnu/libXcursor.so.1.0.2
7fa5463b6000-7fa5463b7000 r-xp 00008000 08:05 1573929                    /usr/lib/x86_64-linux-gnu/libXcursor.so.1.0.2
7fa5463b7000-7fa5463b8000 rwxp 00009000 08:05 1573929                    /usr/lib/x86_64-linux-gnu/libXcursor.so.1.0.2
7fa5463c1000-7fa5463c5000 rwxs 24bc4000 00:05 10284                      /dev/nvidia0
7fa5463c9000-7fa5463ca000 rwxs fb060000 00:05 10284                      /dev/nvidia0
7fa5463ca000-7fa5463e5000 rwxs 10fce0000 00:05 10284                     /dev/nvidia0
7fa5463e5000-7fa5463e8000 ---p 00000000 00:00 0 
7fa5463e8000-7fa5464e6000 rwxp 00000000 00:00 0 
7fa5464e6000-7fa54655f000 r-xp 00000000 08:05 1734841                    /usr/lib/jvm/java-6-sun-1.6.0.24/jre/lib/amd64/libfontmanager.so
7fa54655f000-7fa54665e000 ---p 00079000 08:05 1734841                    /usr/lib/jvm/java-6-sun-1.6.0.24/jre/lib/amd64/libfontmanager.so
7fa54665e000-7fa546673000 rwxp 00078000 08:05 1734841                    /usr/lib/jvm/java-6-sun-1.6.0.24/jre/lib/amd64/libfontmanager.so
7fa546673000-7fa546684000 rwxp 00000000 00:00 0 
7fa546684000-7fa546689000 r-xp 00000000 08:05 1573561                    /usr/lib/x86_64-linux-gnu/libXdmcp.so.6.0.0
7fa546689000-7fa546888000 ---p 00005000 08:05 1573561                    /usr/lib/x86_64-linux-gnu/libXdmcp.so.6.0.0
7fa546888000-7fa546889000 r-xp 00004000 08:05 1573561                    /usr/lib/x86_64-linux-gnu/libXdmcp.so.6.0.0
7fa546889000-7fa54688a000 rwxp 00005000 08:05 1573561                    /usr/lib/x86_64-linux-gnu/libXdmcp.so.6.0.0
7fa54688a000-7fa54688c000 r-xp 00000000 08:05 1570542                    /usr/lib/x86_64-linux-gnu/libXau.so.6.0.0
7fa54688c000-7fa546a8b000 ---p 00002000 08:05 1570542                    /usr/lib/x86_64-linux-gnu/libXau.so.6.0.0
7fa546a8b000-7fa546a8c000 r-xp 00001000 08:05 1570542                    /usr/lib/x86_64-linux-gnu/libXau.so.6.0.0
7fa546a8c000-7fa546a8d000 rwxp 00002000 08:05 1570542                    /usr/lib/x86_64-linux-gnu/libXau.so.6.0.0
7fa546a8d000-7fa546aa8000 r-xp 00000000 08:05 1572615                    /usr/lib/x86_64-linux-gnu/libxcb.so.1.1.0
7fa546aa8000-7fa546ca7000 ---p 0001b000 08:05 1572615                    /usr/lib/x86_64-linux-gnu/libxcb.so.1.1.0
7fa546ca7000-7fa546ca8000 r-xp 0001a000 08:05 1572615                    /usr/lib/x86_64-linux-gnu/libxcb.so.1.1.0
7fa546ca8000-7fa546ca9000 rwxp 0001b000 08:05 1572615                    /usr/lib/x86_64-linux-gnu/libxcb.so.1.1.0
7fa546ca9000-7fa546cb8000 r-xp 00000000 08:05 1613065                    /usr/lib/x86_64-linux-gnu/libXi.so.6.1.0
7fa546cb8000-7fa546eb7000 ---p 0000f000 08:05 1613065                    /usr/lib/x86_64-linux-gnu/libXi.so.6.1.0
7fa546eb7000-7fa546eb8000 r-xp 0000e000 08:05 1613065                    /usr/lib/x86_64-linux-gnu/libXi.so.6.1.0
7fa546eb8000-7fa546eb9000 rwxp 0000f000 08:05 1613065                    /usr/lib/x86_64-linux-gnu/libXi.so.6.1.0
7fa546eb9000-7fa546ebe000 r-xp 00000000 08:05 1572606                    /usr/lib/libXtst.so.6.1.0
7fa546ebe000-7fa5470bd000 ---p 00005000 08:05 1572606                    /usr/lib/libXtst.so.6.1.0
7fa5470bd000-7fa5470be000 r-xp 00004000 08:05 1572606                    /usr/lib/libXtst.so.6.1.0
7fa5470be000-7fa5470bf000 rwxp 00005000 08:05 1572606                    /usr/lib/libXtst.so.6.1.0
7fa5470bf000-7fa5471f4000 r-xp 00000000 08:05 1573591                    /usr/lib/x86_64-linux-gnu/libX11.so.6.3.0
7fa5471f4000-7fa5473f4000 ---p 00135000 08:05 1573591                    /usr/lib/x86_64-linux-gnu/libX11.so.6.3.0
7fa5473f4000-7fa5473f5000 r-xp 00135000 08:05 1573591                    /usr/lib/x86_64-linux-gnu/libX11.so.6.3.0
7fa5473f5000-7fa5473f9000 rwxp 00136000 08:05 1573591                    /usr/lib/x86_64-linux-gnu/libX11.so.6.3.0
7fa5473f9000-7fa54740a000 r-xp 00000000 08:05 1571673                    /usr/lib/x86_64-linux-gnu/libXext.so.6.4.0
7fa54740a000-7fa547609000 ---p 00011000 08:05 1571673                    /usr/lib/x86_64-linux-gnu/libXext.so.6.4.0
7fa547609000-7fa54760a000 r-xp 00010000 08:05 1571673                    /usr/lib/x86_64-linux-gnu/libXext.so.6.4.0
7fa54760a000-7fa54760b000 rwxp 00011000 08:05 1571673                    /usr/lib/x86_64-linux-gnu/libXext.so.6.4.0
7fa54760b000-7fa54760f000 r-xs 00000000 08:05 554470                     /var/cache/fontconfig/6eb3985aa4124903f6ff08ba781cd364-le64.cache-3
7fa54760f000-7fa547614000 r-xs 00000000 08:05 554453                     /var/cache/fontconfig/062808c12e6e608270f93bb230aed730-le64.cache-3
7fa547614000-7fa54761a000 r-xs 00000000 08:05 554429                     /var/cache/fontconfig/a755afe4a08bf5b97852ceb7400b47bc-le64.cache-3
7fa54761a000-7fa547624000 r-xs 00000000 08:05 554433                     /var/cache/fontconfig/d52a8644073d54c13679302ca1180695-le64.cache-3
7fa547624000-7fa547625000 r-xs 00000000 08:05 554418                     /var/cache/fontconfig/ec648e9a1aea82bddd4bd6050028158d-le64.cache-3
7fa547625000-7fa547638000 r-xs 00000000 08:05 538224                     /var/cache/fontconfig/e13b20fdb08344e0e664864cc2ede53d-le64.cache-3
7fa547638000-7fa54767a000 r-xp 00000000 08:05 1734831                    /usr/lib/jvm/java-6-sun-1.6.0.24/jre/lib/amd64/xawt/libmawt.so
7fa54767a000-7fa547779000 ---p 00042000 08:05 1734831                    /usr/lib/jvm/java-6-sun-1.6.0.24/jre/lib/amd64/xawt/libmawt.so
7fa547779000-7fa547785000 rwxp 00041000 08:05 1734831                    /usr/lib/jvm/java-6-sun-1.6.0.24/jre/lib/amd64/xawt/libmawt.so
7fa547785000-7fa547786000 rwxp 00000000 00:00 0 
7fa547786000-7fa547818000 r-xp 00000000 08:05 1734852                    /usr/lib/jvm/java-6-sun-1.6.0.24/jre/lib/amd64/libawt.so
7fa547818000-7fa547917000 ---p 00092000 08:05 1734852                    /usr/lib/jvm/java-6-sun-1.6.0.24/jre/lib/amd64/libawt.so
7fa547917000-7fa547930000 rwxp 00091000 08:05 1734852                    /usr/lib/jvm/java-6-sun-1.6.0.24/jre/lib/amd64/libawt.so
7fa547930000-7fa547955000 rwxp 00000000 00:00 0 
7fa547955000-7fa54795e000 r-xs 00076000 08:05 1339556                    /home/bompo/git/mgcube/libs/gdx.jar
7fa54795e000-7fa547964000 r-xs 00064000 08:05 1339995                    /home/bompo/git/mgcube/libs/gdx-sources.jar
7fa547964000-7fa547965000 r-xs 001d6000 08:05 1339734                    /home/bompo/git/mgcube/libs/gdx-natives.jar
7fa547965000-7fa54797f000 r-xs 00205000 08:05 1330241                    /home/bompo/git/mgcube/libs/gdx-backend-jogl.jar
7fa54797f000-7fa547980000 r-xs 00006000 08:05 1330357                    /home/bompo/git/mgcube/libs/gdx-backend-jogl-sources.jar
7fa547980000-7fa547981000 r-xs 001f3000 08:05 1339854                    /home/bompo/git/mgcube/libs/gdx-backend-jogl-natives.jar
7fa547981000-7fa547984000 r-xs 0000f000 08:05 1622792                    /usr/lib/jvm/java-6-sun-1.6.0.24/jre/lib/ext/pulse-java.jar
7fa547984000-7fa547985000 ---p 00000000 00:00 0 
7fa547985000-7fa547a85000 rwxp 00000000 00:00 0 
7fa547a85000-7fa547a88000 ---p 00000000 00:00 0 
7fa547a88000-7fa547b86000 rwxp 00000000 00:00 0 
7fa547b86000-7fa547b89000 ---p 00000000 00:00 0 
7fa547b89000-7fa547c87000 rwxp 00000000 00:00 0 
7fa547c87000-7fa547c8a000 ---p 00000000 00:00 0 
7fa547c8a000-7fa547d88000 rwxp 00000000 00:00 0 
7fa547d88000-7fa548190000 r-xp 00000000 08:05 1570348                    /usr/lib/locale/locale-archive
7fa548190000-7fa548193000 ---p 00000000 00:00 0 
7fa548193000-7fa548291000 rwxp 00000000 00:00 0 
7fa548291000-7fa548294000 ---p 00000000 00:00 0 
7fa548294000-7fa548392000 rwxp 00000000 00:00 0 
7fa548392000-7fa548393000 ---p 00000000 00:00 0 
7fa548393000-7fa5489cc000 rwxp 00000000 00:00 0 
7fa5489cc000-7fa548b64000 r-xs 03027000 08:05 1662454                    /usr/lib/jvm/java-6-sun-1.6.0.24/jre/lib/rt.jar
7fa548b64000-7fa548b8c000 rwxp 00000000 00:00 0 
7fa548b8c000-7fa548b8d000 ---p 00000000 00:00 0 
7fa548b8d000-7fa548c8d000 rwxp 00000000 00:00 0 
7fa548c8d000-7fa548c8e000 ---p 00000000 00:00 0 
7fa548c8e000-7fa548d8e000 rwxp 00000000 00:00 0 
7fa548d8e000-7fa548d8f000 ---p 00000000 00:00 0 
7fa548d8f000-7fa548e8f000 rwxp 00000000 00:00 0 
7fa548e8f000-7fa548e90000 ---p 00000000 00:00 0 
7fa548e90000-7fa548f9b000 rwxp 00000000 00:00 0 
7fa548f9b000-7fa548fb9000 rwxp 00000000 00:00 0 
7fa548fb9000-7fa548fce000 rwxp 00000000 00:00 0 
7fa548fce000-7fa549103000 rwxp 00000000 00:00 0 
7fa549103000-7fa54910e000 rwxp 00000000 00:00 0 
7fa54910e000-7fa54912c000 rwxp 00000000 00:00 0 
7fa54912c000-7fa549141000 rwxp 00000000 00:00 0 
7fa549141000-7fa549276000 rwxp 00000000 00:00 0 
7fa549276000-7fa549281000 rwxp 00000000 00:00 0 
7fa549281000-7fa54931b000 rwxp 00000000 00:00 0 
7fa54931b000-7fa54958c000 rwxp 00000000 00:00 0 
7fa54958c000-7fa54c31c000 rwxp 00000000 00:00 0 
7fa54c31c000-7fa54c32a000 r-xp 00000000 08:05 1734847                    /usr/lib/jvm/java-6-sun-1.6.0.24/jre/lib/amd64/libzip.so
7fa54c32a000-7fa54c42c000 ---p 0000e000 08:05 1734847                    /usr/lib/jvm/java-6-sun-1.6.0.24/jre/lib/amd64/libzip.so
7fa54c42c000-7fa54c42f000 rwxp 00010000 08:05 1734847                    /usr/lib/jvm/java-6-sun-1.6.0.24/jre/lib/amd64/libzip.so
7fa54c42f000-7fa54c430000 rwxp 00000000 00:00 0 
7fa54c430000-7fa54c43c000 r-xp 00000000 08:05 535712                     /lib/x86_64-linux-gnu/libnss_files-2.13.so
7fa54c43c000-7fa54c63b000 ---p 0000c000 08:05 535712                     /lib/x86_64-linux-gnu/libnss_files-2.13.so
7fa54c63b000-7fa54c63c000 r-xp 0000b000 08:05 535712                     /lib/x86_64-linux-gnu/libnss_files-2.13.so
7fa54c63c000-7fa54c63d000 rwxp 0000c000 08:05 535712                     /lib/x86_64-linux-gnu/libnss_files-2.13.so
7fa54c63d000-7fa54c648000 r-xp 00000000 08:05 535714                     /lib/x86_64-linux-gnu/libnss_nis-2.13.so
7fa54c648000-7fa54c847000 ---p 0000b000 08:05 535714                     /lib/x86_64-linux-gnu/libnss_nis-2.13.so
7fa54c847000-7fa54c848000 r-xp 0000a000 08:05 535714                     /lib/x86_64-linux-gnu/libnss_nis-2.13.so
7fa54c848000-7fa54c849000 rwxp 0000b000 08:05 535714                     /lib/x86_64-linux-gnu/libnss_nis-2.13.so
7fa54c849000-7fa54c851000 r-xp 00000000 08:05 535710                     /lib/x86_64-linux-gnu/libnss_compat-2.13.so
7fa54c851000-7fa54ca50000 ---p 00008000 08:05 535710                     /lib/x86_64-linux-gnu/libnss_compat-2.13.so
7fa54ca50000-7fa54ca51000 r-xp 00007000 08:05 535710                     /lib/x86_64-linux-gnu/libnss_compat-2.13.so
7fa54ca51000-7fa54ca52000 rwxp 00008000 08:05 535710                     /lib/x86_64-linux-gnu/libnss_compat-2.13.so
7fa54ca52000-7fa54ca59000 r-xp 00000000 08:05 1734857                    /usr/lib/jvm/java-6-sun-1.6.0.24/jre/lib/amd64/native_threads/libhpi.so
7fa54ca59000-7fa54cb5a000 ---p 00007000 08:05 1734857                    /usr/lib/jvm/java-6-sun-1.6.0.24/jre/lib/amd64/native_threads/libhpi.so
7fa54cb5a000-7fa54cb5c000 rwxp 00008000 08:05 1734857                    /usr/lib/jvm/java-6-sun-1.6.0.24/jre/lib/amd64/native_threads/libhpi.so
7fa54cb5c000-7fa54cb5d000 rwxp 00000000 00:00 0 
7fa54cb5d000-7fa54cb74000 r-xp 00000000 08:05 535709                     /lib/x86_64-linux-gnu/libnsl-2.13.so
7fa54cb74000-7fa54cd73000 ---p 00017000 08:05 535709                     /lib/x86_64-linux-gnu/libnsl-2.13.so
7fa54cd73000-7fa54cd74000 r-xp 00016000 08:05 535709                     /lib/x86_64-linux-gnu/libnsl-2.13.so
7fa54cd74000-7fa54cd75000 rwxp 00017000 08:05 535709                     /lib/x86_64-linux-gnu/libnsl-2.13.so
7fa54cd75000-7fa54cd77000 rwxp 00000000 00:00 0 
7fa54cd77000-7fa54cda0000 r-xp 00000000 08:05 1734846                    /usr/lib/jvm/java-6-sun-1.6.0.24/jre/lib/amd64/libjava.so
7fa54cda0000-7fa54ce9f000 ---p 00029000 08:05 1734846                    /usr/lib/jvm/java-6-sun-1.6.0.24/jre/lib/amd64/libjava.so
7fa54ce9f000-7fa54cea6000 rwxp 00028000 08:05 1734846                    /usr/lib/jvm/java-6-sun-1.6.0.24/jre/lib/amd64/libjava.so
7fa54cea6000-7fa54ceb3000 r-xp 00000000 08:05 1731420                    /usr/lib/jvm/java-6-sun-1.6.0.24/jre/lib/amd64/libverify.so
7fa54ceb3000-7fa54cfb2000 ---p 0000d000 08:05 1731420                    /usr/lib/jvm/java-6-sun-1.6.0.24/jre/lib/amd64/libverify.so
7fa54cfb2000-7fa54cfb5000 rwxp 0000c000 08:05 1731420                    /usr/lib/jvm/java-6-sun-1.6.0.24/jre/lib/amd64/libverify.so
7fa54cfb5000-7fa54cfbc000 r-xp 00000000 08:05 535724                     /lib/x86_64-linux-gnu/librt-2.13.so
7fa54cfbc000-7fa54d1bb000 ---p 00007000 08:05 535724                     /lib/x86_64-linux-gnu/librt-2.13.so
7fa54d1bb000-7fa54d1bc000 r-xp 00006000 08:05 535724                     /lib/x86_64-linux-gnu/librt-2.13.so
7fa54d1bc000-7fa54d1bd000 rwxp 00007000 08:05 535724                     /lib/x86_64-linux-gnu/librt-2.13.so
7fa54d1bd000-7fa54d1c0000 ---p 00000000 00:00 0 
7fa54d1c0000-7fa54d2be000 rwxp 00000000 00:00 0 
7fa54d2be000-7fa54d342000 r-xp 00000000 08:05 535703                     /lib/x86_64-linux-gnu/libm-2.13.so
7fa54d342000-7fa54d541000 ---p 00084000 08:05 535703                     /lib/x86_64-linux-gnu/libm-2.13.so
7fa54d541000-7fa54d542000 r-xp 00083000 08:05 535703                     /lib/x86_64-linux-gnu/libm-2.13.so
7fa54d542000-7fa54d543000 rwxp 00084000 08:05 535703                     /lib/x86_64-linux-gnu/libm-2.13.so
7fa54d543000-7fa54dd81000 r-xp 00000000 08:05 1734849                    /usr/lib/jvm/java-6-sun-1.6.0.24/jre/lib/amd64/server/libjvm.so
7fa54dd81000-7fa54de80000 ---p 0083e000 08:05 1734849                    /usr/lib/jvm/java-6-sun-1.6.0.24/jre/lib/amd64/server/libjvm.so
7fa54de80000-7fa54e014000 rwxp 0083d000 08:05 1734849                    /usr/lib/jvm/java-6-sun-1.6.0.24/jre/lib/amd64/server/libjvm.so
7fa54e014000-7fa54e04d000 rwxp 00000000 00:00 0 
7fa54e04d000-7fa54e1d7000 r-xp 00000000 08:05 535697                     /lib/x86_64-linux-gnu/libc-2.13.so
7fa54e1d7000-7fa54e3d6000 ---p 0018a000 08:05 535697                     /lib/x86_64-linux-gnu/libc-2.13.so
7fa54e3d6000-7fa54e3da000 r-xp 00189000 08:05 535697                     /lib/x86_64-linux-gnu/libc-2.13.so
7fa54e3da000-7fa54e3db000 rwxp 0018d000 08:05 535697                     /lib/x86_64-linux-gnu/libc-2.13.so
7fa54e3db000-7fa54e3e1000 rwxp 00000000 00:00 0 
7fa54e3e1000-7fa54e3e3000 r-xp 00000000 08:05 535702                     /lib/x86_64-linux-gnu/libdl-2.13.so
7fa54e3e3000-7fa54e5e3000 ---p 00002000 08:05 535702                     /lib/x86_64-linux-gnu/libdl-2.13.so
7fa54e5e3000-7fa54e5e4000 r-xp 00002000 08:05 535702                     /lib/x86_64-linux-gnu/libdl-2.13.so
7fa54e5e4000-7fa54e5e5000 rwxp 00003000 08:05 535702                     /lib/x86_64-linux-gnu/libdl-2.13.so
7fa54e5e5000-7fa54e5fd000 r-xp 00000000 08:05 535718                     /lib/x86_64-linux-gnu/libpthread-2.13.so
7fa54e5fd000-7fa54e7fd000 ---p 00018000 08:05 535718                     /lib/x86_64-linux-gnu/libpthread-2.13.so
7fa54e7fd000-7fa54e7fe000 r-xp 00018000 08:05 535718                     /lib/x86_64-linux-gnu/libpthread-2.13.so
7fa54e7fe000-7fa54e7ff000 rwxp 00019000 08:05 535718                     /lib/x86_64-linux-gnu/libpthread-2.13.so
7fa54e7ff000-7fa54e803000 rwxp 00000000 00:00 0 
7fa54e803000-7fa54e824000 r-xp 00000000 08:05 535673                     /lib/x86_64-linux-gnu/ld-2.13.so
7fa54e824000-7fa54e825000 r-xs 00000000 08:05 554466                     /var/cache/fontconfig/4c73fe0c47614734b17d736dbde7580a-le64.cache-3
7fa54e825000-7fa54e826000 r-xs 00000000 08:05 554459                     /var/cache/fontconfig/0d8c3b2ac0904cb8a57a757ad11a4a08-le64.cache-3
7fa54e826000-7fa54e830000 rwxp 00000000 00:00 0 
7fa54e830000-7fa54e8e6000 rwxp 00000000 00:00 0 
7fa54e8e6000-7fa54e8e9000 rwxp 00000000 00:00 0 
7fa54e8e9000-7fa54e8f0000 r-xp 00000000 08:05 1731410                    /usr/lib/jvm/java-6-sun-1.6.0.24/jre/lib/amd64/jli/libjli.so
7fa54e8f0000-7fa54e9f1000 ---p 00007000 08:05 1731410                    /usr/lib/jvm/java-6-sun-1.6.0.24/jre/lib/amd64/jli/libjli.so
7fa54e9f1000-7fa54e9f3000 rwxp 00008000 08:05 1731410                    /usr/lib/jvm/java-6-sun-1.6.0.24/jre/lib/amd64/jli/libjli.so
7fa54e9f3000-7fa54e9f4000 rwxp 00000000 00:00 0 
7fa54e9f4000-7fa54e9f5000 r-xs 00000000 08:05 554454                     /var/cache/fontconfig/6a53c69dea097a2d716e069445527da8-le64.cache-3
7fa54e9f5000-7fa54e9fa000 r-xs 00000000 08:05 554452                     /var/cache/fontconfig/515ca1ebc4b18308bea979be5704f9db-le64.cache-3
7fa54e9fa000-7fa54e9fd000 r-xs 00000000 08:05 554441                     /var/cache/fontconfig/d60319d88cac85ba9e1a07bd06cfbb8c-le64.cache-3
7fa54e9fd000-7fa54e9fe000 r-xs 00000000 08:05 530935                     /var/cache/fontconfig/4794a0821666d79190d59a36cb4f44b5-le64.cache-3
7fa54e9fe000-7fa54ea02000 r-xs 00000000 08:05 538228                     /var/cache/fontconfig/7ef2298fde41cc6eeb7af42e48b7d293-le64.cache-3
7fa54ea02000-7fa54ea16000 r-xs 00000000 08:05 527842                     /var/cache/fontconfig/865f88548240fee46819705c6468c165-le64.cache-3
7fa54ea16000-7fa54ea17000 r-xs 00000000 08:05 1345055                    /home/bompo/.fontconfig/aa7e4f27e681240d22a1f116cf7520f0-le64.cache-3
7fa54ea17000-7fa54ea1f000 rwxs 00000000 08:05 537554                     /tmp/hsperfdata_bompo/14409 (deleted)
7fa54ea1f000-7fa54ea20000 rwxp 00000000 00:00 0 
7fa54ea20000-7fa54ea21000 ---p 00000000 00:00 0 
7fa54ea21000-7fa54ea23000 rwxp 00000000 00:00 0 
7fa54ea23000-7fa54ea24000 r-xp 00020000 08:05 535673                     /lib/x86_64-linux-gnu/ld-2.13.so
7fa54ea24000-7fa54ea26000 rwxp 00021000 08:05 535673                     /lib/x86_64-linux-gnu/ld-2.13.so
7ffff8871000-7ffff8892000 rwxp 00000000 00:00 0                          [stack]
7ffff88b3000-7ffff88b4000 r-xp 00000000 00:00 0                          [vdso]
ffffffffff600000-ffffffffff601000 r-xp 00000000 00:00 0                  [vsyscall]

VM Arguments:
jvm_args: -Dfile.encoding=UTF-8 
java_command: de.swagner.mgcube.DesktopStarter
Launcher Type: SUN_STANDARD

Environment Variables:
PATH=/usr/local/sbin:/usr/local/bin:/usr/sbin:/usr/bin:/sbin:/bin:/usr/games
USERNAME=bompo
LD_LIBRARY_PATH=/usr/lib/jvm/java-6-sun-1.6.0.24/jre/lib/amd64/server:/usr/lib/jvm/java-6-sun-1.6.0.24/jre/lib/amd64:/usr/lib/jvm/java-6-sun-1.6.0.24/jre/../lib/amd64:/usr/lib/jvm/java-6-openjdk/jre/lib/amd64/server:/usr/lib/jvm/java-6-openjdk/jre/lib/amd64:/usr/lib/jvm/java-6-openjdk/jre/../lib/amd64:/usr/lib64/xulrunner-addons
SHELL=/bin/bash
DISPLAY=:0.0

Signal Handlers:
SIGSEGV: [libjvm.so+0x791b30], sa_mask[0]=0x7ffbfeff, sa_flags=0x10000004
SIGBUS: [libjvm.so+0x791b30], sa_mask[0]=0x7ffbfeff, sa_flags=0x10000004
SIGFPE: [libjvm.so+0x640ba0], sa_mask[0]=0x7ffbfeff, sa_flags=0x10000004
SIGPIPE: [libjvm.so+0x640ba0], sa_mask[0]=0x7ffbfeff, sa_flags=0x10000004
SIGXFSZ: [libjvm.so+0x640ba0], sa_mask[0]=0x7ffbfeff, sa_flags=0x10000004
SIGILL: [libjvm.so+0x640ba0], sa_mask[0]=0x7ffbfeff, sa_flags=0x10000004
SIGUSR1: SIG_DFL, sa_mask[0]=0x00000000, sa_flags=0x00000000
SIGUSR2: [libjvm.so+0x643780], sa_mask[0]=0x00000004, sa_flags=0x10000004
SIGHUP: [libjvm.so+0x643380], sa_mask[0]=0x7ffbfeff, sa_flags=0x10000004
SIGINT: [libjvm.so+0x643380], sa_mask[0]=0x7ffbfeff, sa_flags=0x10000004
SIGTERM: [libjvm.so+0x643380], sa_mask[0]=0x7ffbfeff, sa_flags=0x10000004
SIGQUIT: [libjvm.so+0x643380], sa_mask[0]=0x7ffbfeff, sa_flags=0x10000004


---------------  S Y S T E M  ---------------

OS:squeeze/sid

uname:Linux 2.6.38-10-generic #44-Ubuntu SMP Thu Jun 2 21:32:22 UTC 2011 x86_64
libc:glibc 2.13 NPTL 2.13 
rlimit: STACK 8192k, CORE 0k, NPROC infinity, NOFILE 4096, AS infinity
load average:0.77 0.31 0.22

/proc/meminfo:
MemTotal:        4047872 kB
MemFree:          384224 kB
Buffers:          103812 kB
Cached:           863208 kB
SwapCached:            8 kB
Active:          2494756 kB
Inactive:         842308 kB
Active(anon):    2042700 kB
Inactive(anon):   358940 kB
Active(file):     452056 kB
Inactive(file):   483368 kB
Unevictable:         248 kB
Mlocked:             132 kB
SwapTotal:      19529724 kB
SwapFree:       19529700 kB
Dirty:              1144 kB
Writeback:             0 kB
AnonPages:       2370672 kB
Mapped:           256184 kB
Shmem:             31332 kB
Slab:             114148 kB
SReclaimable:      85088 kB
SUnreclaim:        29060 kB
KernelStack:        4248 kB
PageTables:        40824 kB
NFS_Unstable:          0 kB
Bounce:                0 kB
WritebackTmp:          0 kB
CommitLimit:    21553660 kB
Committed_AS:    6168596 kB
VmallocTotal:   34359738367 kB
VmallocUsed:      341848 kB
VmallocChunk:   34359382756 kB
HardwareCorrupted:     0 kB
HugePages_Total:       0
HugePages_Free:        0
HugePages_Rsvd:        0
HugePages_Surp:        0
Hugepagesize:       2048 kB
DirectMap4k:      153024 kB
DirectMap2M:     4032512 kB


CPU:total 4 (4 cores per cpu, 1 threads per core) family 6 model 30 stepping 5, cmov, cx8, fxsr, mmx, sse, sse2, sse3, ssse3, sse4.1, sse4.2, popcnt

Memory: 4k page, physical 4047872k(384224k free), swap 19529724k(19529700k free)

vm_info: Java HotSpot(TM) 64-Bit Server VM (19.1-b02) for linux-amd64 JRE (1.6.0_24-b07), built on Feb  2 2011 16:55:54 by "java_re" with gcc 3.2.2 (SuSE Linux)

time: Fri Jun 17 19:14:27 2011
elapsed time: 11 seconds

