#
# A fatal error has been detected by the Java Runtime Environment:
#
#  SIGSEGV (0xb) at pc=0x00000000000196f6, pid=6687, tid=140217177843456
#
# JRE version: 6.0_24-b07
# Java VM: Java HotSpot(TM) 64-Bit Server VM (19.1-b02 mixed mode linux-amd64 compressed oops)
# Problematic frame:
# C  0x00000000000196f6
#
# If you would like to submit a bug report, please visit:
#   http://java.sun.com/webapps/bugreport/crash.jsp
# The crash happened outside the Java Virtual Machine in native code.
# See problematic frame for where to report the bug.
#

---------------  T H R E A D  ---------------

Current thread (0x0000000040baa000):  JavaThread "AWT-EventQueue-0" [_thread_in_native, id=6708, stack(0x00007f86db03a000,0x00007f86db13b000)]

siginfo:si_signo=SIGSEGV: si_errno=0, si_code=1 (SEGV_MAPERR), si_addr=0x00000000000196f6

Registers:
RAX=0x00000000ec772b20, RBX=0x0000000040baa1c8, RCX=0x00000000407c3970, RDX=0x0000000000000040
RSP=0x00007f86db138868, RBP=0x00007f86db138948, RSI=0x00000000ec772b20, RDI=0x00007f86dc22b000
R8 =0x00007f86e76291a8, R9 =0x00007f86e762cf78, R10=0x00000000407c3d58, R11=0x00000000407c39b8
R12=0x00000000ec772b20, R13=0x0000000000000040, R14=0x00007f86dc22b000, R15=0x0000000000000000
RIP=0x00000000000196f6, EFL=0x0000000000010202, CSGSFS=0x0000000000000033, ERR=0x0000000000000014
  TRAPNO=0x000000000000000e

Register to memory mapping:

RAX=0x00000000ec772b20

[error occurred during error reporting (printing registers, top of stack, instructions near pc), id 0xe0000000]

Stack: [0x00007f86db03a000,0x00007f86db13b000],  sp=0x00007f86db138868,  free space=1018k
Native frames: (J=compiled Java code, j=interpreted, Vv=VM code, C=native code)
C  0x00000000000196f6

Java frames: (J=compiled Java code, j=interpreted, Vv=VM code)
j  com.badlogic.gdx.utils.BufferUtils.copyJni([FLjava/nio/Buffer;II)V+0
j  com.badlogic.gdx.utils.BufferUtils.copy([FLjava/nio/Buffer;II)V+4
j  com.badlogic.gdx.graphics.glutils.ShaderProgram.setUniformMatrix(Ljava/lang/String;Lcom/badlogic/gdx/math/Matrix4;Z)V+43
j  com.badlogic.gdx.graphics.glutils.ShaderProgram.setUniformMatrix(Ljava/lang/String;Lcom/badlogic/gdx/math/Matrix4;)V+4
j  de.swagner.mgcube.GameScreen.render(F)V+1106
j  com.badlogic.gdx.Game.render()V+19
j  com.badlogic.gdx.backends.jogl.JoglGraphics.display(Ljavax/media/opengl/GLAutoDrawable;)V+114
j  com.sun.opengl.impl.GLDrawableHelper.display(Ljavax/media/opengl/GLAutoDrawable;)V+29
j  javax.media.opengl.GLCanvas$DisplayAction.run()V+80
j  com.sun.opengl.impl.GLDrawableHelper.invokeGL(Ljavax/media/opengl/GLDrawable;Ljavax/media/opengl/GLContext;Ljava/lang/Runnable;Ljava/lang/Runnable;)V+418
j  javax.media.opengl.GLCanvas$DisplayOnEventDispatchThreadAction.run()V+35
j  java.awt.event.InvocationEvent.dispatch()V+11
j  java.awt.EventQueue.dispatchEventImpl(Ljava/awt/AWTEvent;Ljava/lang/Object;)V+21
j  java.awt.EventQueue.access$000(Ljava/awt/EventQueue;Ljava/awt/AWTEvent;Ljava/lang/Object;)V+3
j  java.awt.EventQueue$1.run()Ljava/lang/Void;+12
j  java.awt.EventQueue$1.run()Ljava/lang/Object;+1
v  ~StubRoutines::call_stub
j  java.security.AccessController.doPrivileged(Ljava/security/PrivilegedAction;Ljava/security/AccessControlContext;)Ljava/lang/Object;+0
j  java.security.AccessControlContext$1.doIntersectionPrivilege(Ljava/security/PrivilegedAction;Ljava/security/AccessControlContext;Ljava/security/AccessControlContext;)Ljava/lang/Object;+28
j  java.awt.EventQueue.dispatchEvent(Ljava/awt/AWTEvent;)V+46
j  java.awt.EventDispatchThread.pumpOneEventForFilters(I)Z+204
j  java.awt.EventDispatchThread.pumpEventsForFilter(ILjava/awt/Conditional;Ljava/awt/EventFilter;)V+30
j  java.awt.EventDispatchThread.pumpEventsForHierarchy(ILjava/awt/Conditional;Ljava/awt/Component;)V+11
j  java.awt.EventDispatchThread.pumpEvents(ILjava/awt/Conditional;)V+4
j  java.awt.EventDispatchThread.pumpEvents(Ljava/awt/Conditional;)V+3
j  java.awt.EventDispatchThread.run()V+9
v  ~StubRoutines::call_stub

---------------  P R O C E S S  ---------------

Java Threads: ( => current thread )
  0x0000000040719000 JavaThread "DestroyJavaVM" [_thread_blocked, id=6692, stack(0x00007f86e68f2000,0x00007f86e69f3000)]
  0x0000000040c6f800 JavaThread "Thread-1" [_thread_blocked, id=6712, stack(0x00007f86d07a3000,0x00007f86d08a4000)]
=>0x0000000040baa000 JavaThread "AWT-EventQueue-0" [_thread_in_native, id=6708, stack(0x00007f86db03a000,0x00007f86db13b000)]
  0x0000000040ba8000 JavaThread "AWT-Shutdown" [_thread_blocked, id=6707, stack(0x00007f86db13b000,0x00007f86db23c000)]
  0x0000000040ba6000 JavaThread "AWT-XAWT" daemon [_thread_blocked, id=6706, stack(0x00007f86db23c000,0x00007f86db33d000)]
  0x00007f86dc0e5800 JavaThread "Java2D Disposer" daemon [_thread_blocked, id=6705, stack(0x00007f86db958000,0x00007f86dba59000)]
  0x00007f86dc025000 JavaThread "Low Memory Detector" daemon [_thread_blocked, id=6703, stack(0x00007f86e10b9000,0x00007f86e11ba000)]
  0x00007f86dc022800 JavaThread "CompilerThread1" daemon [_thread_blocked, id=6702, stack(0x00007f86e11ba000,0x00007f86e12bb000)]
  0x00007f86dc01f800 JavaThread "CompilerThread0" daemon [_thread_blocked, id=6701, stack(0x00007f86e12bb000,0x00007f86e13bc000)]
  0x00007f86dc01d800 JavaThread "Signal Dispatcher" daemon [_thread_blocked, id=6700, stack(0x00007f86e13bc000,0x00007f86e14bd000)]
  0x00007f86dc001000 JavaThread "Finalizer" daemon [_thread_blocked, id=6699, stack(0x00007f86e18c5000,0x00007f86e19c6000)]
  0x000000004077d800 JavaThread "Reference Handler" daemon [_thread_blocked, id=6698, stack(0x00007f86e19c6000,0x00007f86e1ac7000)]

Other Threads:
  0x0000000040776800 VMThread [stack: 0x00007f86e1ac7000,0x00007f86e1bc8000] [id=6697]
  0x00007f86dc038000 WatcherThread [stack: 0x00007f86e0fb8000,0x00007f86e10b9000] [id=6704]

VM state:not at safepoint (normal execution)

VM Mutex/Monitor currently owned by a thread: None

Heap
 PSYoungGen      total 18432K, used 3812K [0x00000000eb600000, 0x00000000eca90000, 0x0000000100000000)
  eden space 15808K, 7% used [0x00000000eb600000,0x00000000eb72a088,0x00000000ec570000)
  from space 2624K, 99% used [0x00000000ec570000,0x00000000ec7ff0e0,0x00000000ec800000)
  to   space 2624K, 0% used [0x00000000ec800000,0x00000000ec800000,0x00000000eca90000)
 PSOldGen        total 42240K, used 432K [0x00000000c2200000, 0x00000000c4b40000, 0x00000000eb600000)
  object space 42240K, 1% used [0x00000000c2200000,0x00000000c226c040,0x00000000c4b40000)
 PSPermGen       total 21248K, used 14881K [0x00000000bd000000, 0x00000000be4c0000, 0x00000000c2200000)
  object space 21248K, 70% used [0x00000000bd000000,0x00000000bde88500,0x00000000be4c0000)

Dynamic libraries:
40000000-40009000 r-xp 00000000 08:05 1662394                            /usr/lib/jvm/java-6-sun-1.6.0.24/jre/bin/java
40108000-4010a000 rwxp 00008000 08:05 1662394                            /usr/lib/jvm/java-6-sun-1.6.0.24/jre/bin/java
40710000-411a1000 rwxp 00000000 00:00 0                                  [heap]
411a5000-4121c000 rwxp 00000000 00:00 0 
416f6000-416f8000 r-xs 00000000 08:05 538037                             /tmp/gljeTtCK (deleted)
bd000000-be4c0000 rwxp 00000000 00:00 0 
be4c0000-c2200000 rwxp 00000000 00:00 0 
c2200000-c4b40000 rwxp 00000000 00:00 0 
c4b40000-eb600000 rwxp 00000000 00:00 0 
eb600000-eca90000 rwxp 00000000 00:00 0 
eca90000-100000000 rwxp 00000000 00:00 0 
7f86d01ea000-7f86d02ea000 rwxp 00000000 00:00 0 
7f86d02ea000-7f86d0461000 rwxs 00000000 00:04 9175060                    /SYSV00000000 (deleted)
7f86d0461000-7f86d0463000 rwxs 00000000 08:05 538037                     /tmp/gljeTtCK (deleted)
7f86d0463000-7f86d0663000 rwxs 523e0000 00:05 10284                      /dev/nvidia0
7f86d0663000-7f86d0763000 rwxs 24996000 00:05 10284                      /dev/nvidia0
7f86d0763000-7f86d07a3000 rwxs 24f91000 00:05 10284                      /dev/nvidia0
7f86d07a3000-7f86d07a6000 ---p 00000000 00:00 0 
7f86d07a6000-7f86d08a4000 rwxp 00000000 00:00 0 
7f86d08a4000-7f86d08a5000 ---p 00000000 00:00 0 
7f86d08a5000-7f86d10a5000 rwxp 00000000 00:00 0 
7f86d10a5000-7f86d50a6000 rwxs 00000000 00:10 124770                     /dev/shm/pulse-shm-2809600521
7f86d50a6000-7f86d50a7000 ---p 00000000 00:00 0 
7f86d50a7000-7f86d58a7000 rwxp 00000000 00:00 0 
7f86d58a7000-7f86d58ad000 r-xp 00000000 08:05 1573092                    /usr/lib/libogg.so.0.7.0
7f86d58ad000-7f86d5aac000 ---p 00006000 08:05 1573092                    /usr/lib/libogg.so.0.7.0
7f86d5aac000-7f86d5aad000 r-xp 00005000 08:05 1573092                    /usr/lib/libogg.so.0.7.0
7f86d5aad000-7f86d5aae000 rwxp 00006000 08:05 1573092                    /usr/lib/libogg.so.0.7.0
7f86d5aae000-7f86d5ad9000 r-xp 00000000 08:05 1582648                    /usr/lib/libvorbis.so.0.4.5
7f86d5ad9000-7f86d5cd8000 ---p 0002b000 08:05 1582648                    /usr/lib/libvorbis.so.0.4.5
7f86d5cd8000-7f86d5cd9000 r-xp 0002a000 08:05 1582648                    /usr/lib/libvorbis.so.0.4.5
7f86d5cd9000-7f86d5cda000 rwxp 0002b000 08:05 1582648                    /usr/lib/libvorbis.so.0.4.5
7f86d5cda000-7f86d5f8d000 r-xp 00000000 08:05 1573212                    /usr/lib/libvorbisenc.so.2.0.8
7f86d5f8d000-7f86d618c000 ---p 002b3000 08:05 1573212                    /usr/lib/libvorbisenc.so.2.0.8
7f86d618c000-7f86d61a8000 r-xp 002b2000 08:05 1573212                    /usr/lib/libvorbisenc.so.2.0.8
7f86d61a8000-7f86d61a9000 rwxp 002ce000 08:05 1573212                    /usr/lib/libvorbisenc.so.2.0.8
7f86d61a9000-7f86d61f1000 r-xp 00000000 08:05 1570101                    /usr/lib/libFLAC.so.8.2.0
7f86d61f1000-7f86d63f1000 ---p 00048000 08:05 1570101                    /usr/lib/libFLAC.so.8.2.0
7f86d63f1000-7f86d63f2000 r-xp 00048000 08:05 1570101                    /usr/lib/libFLAC.so.8.2.0
7f86d63f2000-7f86d63f3000 rwxp 00049000 08:05 1570101                    /usr/lib/libFLAC.so.8.2.0
7f86d63f3000-7f86d6454000 r-xp 00000000 08:05 1570821                    /usr/lib/libsndfile.so.1.0.23
7f86d6454000-7f86d6654000 ---p 00061000 08:05 1570821                    /usr/lib/libsndfile.so.1.0.23
7f86d6654000-7f86d6656000 r-xp 00061000 08:05 1570821                    /usr/lib/libsndfile.so.1.0.23
7f86d6656000-7f86d6657000 rwxp 00063000 08:05 1570821                    /usr/lib/libsndfile.so.1.0.23
7f86d6657000-7f86d665b000 rwxp 00000000 00:00 0 
7f86d665b000-7f86d6663000 r-xp 00000000 08:05 538930                     /lib/libwrap.so.0.7.6
7f86d6663000-7f86d6863000 ---p 00008000 08:05 538930                     /lib/libwrap.so.0.7.6
7f86d6863000-7f86d6864000 r-xp 00008000 08:05 538930                     /lib/libwrap.so.0.7.6
7f86d6864000-7f86d6865000 rwxp 00009000 08:05 538930                     /lib/libwrap.so.0.7.6
7f86d6865000-7f86d6866000 rwxp 00000000 00:00 0 
7f86d6866000-7f86d686a000 r-xp 00000000 08:05 534738                     /lib/x86_64-linux-gnu/libuuid.so.1.3.0
7f86d686a000-7f86d6a69000 ---p 00004000 08:05 534738                     /lib/x86_64-linux-gnu/libuuid.so.1.3.0
7f86d6a69000-7f86d6a6a000 r-xp 00003000 08:05 534738                     /lib/x86_64-linux-gnu/libuuid.so.1.3.0
7f86d6a6a000-7f86d6a6b000 rwxp 00004000 08:05 534738                     /lib/x86_64-linux-gnu/libuuid.so.1.3.0
7f86d6a6b000-7f86d6aad000 r-xp 00000000 08:05 525819                     /lib/x86_64-linux-gnu/libdbus-1.so.3.5.4
7f86d6aad000-7f86d6cad000 ---p 00042000 08:05 525819                     /lib/x86_64-linux-gnu/libdbus-1.so.3.5.4
7f86d6cad000-7f86d6cae000 r-xp 00042000 08:05 525819                     /lib/x86_64-linux-gnu/libdbus-1.so.3.5.4
7f86d6cae000-7f86d6caf000 rwxp 00043000 08:05 525819                     /lib/x86_64-linux-gnu/libdbus-1.so.3.5.4
7f86d6caf000-7f86d6cfa000 r-xp 00000000 08:05 1580900                    /usr/lib/libpulsecommon-0.9.22.so
7f86d6cfa000-7f86d6ef9000 ---p 0004b000 08:05 1580900                    /usr/lib/libpulsecommon-0.9.22.so
7f86d6ef9000-7f86d6efa000 r-xp 0004a000 08:05 1580900                    /usr/lib/libpulsecommon-0.9.22.so
7f86d6efa000-7f86d6efb000 rwxp 0004b000 08:05 1580900                    /usr/lib/libpulsecommon-0.9.22.so
7f86d6efb000-7f86d6efe000 r-xp 00000000 08:05 1573582                    /usr/lib/libxcb-atom.so.1.0.0
7f86d6efe000-7f86d70fe000 ---p 00003000 08:05 1573582                    /usr/lib/libxcb-atom.so.1.0.0
7f86d70fe000-7f86d70ff000 r-xp 00003000 08:05 1573582                    /usr/lib/libxcb-atom.so.1.0.0
7f86d70ff000-7f86d7100000 rwxp 00004000 08:05 1573582                    /usr/lib/libxcb-atom.so.1.0.0
7f86d7100000-7f86d7107000 r-xp 00000000 08:05 1578963                    /usr/lib/x86_64-linux-gnu/libSM.so.6.0.1
7f86d7107000-7f86d7306000 ---p 00007000 08:05 1578963                    /usr/lib/x86_64-linux-gnu/libSM.so.6.0.1
7f86d7306000-7f86d7307000 r-xp 00006000 08:05 1578963                    /usr/lib/x86_64-linux-gnu/libSM.so.6.0.1
7f86d7307000-7f86d7308000 rwxp 00007000 08:05 1578963                    /usr/lib/x86_64-linux-gnu/libSM.so.6.0.1
7f86d7308000-7f86d731e000 r-xp 00000000 08:05 1571606                    /usr/lib/x86_64-linux-gnu/libICE.so.6.3.0
7f86d731e000-7f86d751e000 ---p 00016000 08:05 1571606                    /usr/lib/x86_64-linux-gnu/libICE.so.6.3.0
7f86d751e000-7f86d751f000 r-xp 00016000 08:05 1571606                    /usr/lib/x86_64-linux-gnu/libICE.so.6.3.0
7f86d751f000-7f86d7520000 rwxp 00017000 08:05 1571606                    /usr/lib/x86_64-linux-gnu/libICE.so.6.3.0
7f86d7520000-7f86d7523000 rwxp 00000000 00:00 0 
7f86d7523000-7f86d7524000 r-xp 00000000 08:05 1570508                    /usr/lib/x86_64-linux-gnu/libX11-xcb.so.1.0.0
7f86d7524000-7f86d7723000 ---p 00001000 08:05 1570508                    /usr/lib/x86_64-linux-gnu/libX11-xcb.so.1.0.0
7f86d7723000-7f86d7724000 r-xp 00000000 08:05 1570508                    /usr/lib/x86_64-linux-gnu/libX11-xcb.so.1.0.0
7f86d7724000-7f86d7725000 rwxp 00001000 08:05 1570508                    /usr/lib/x86_64-linux-gnu/libX11-xcb.so.1.0.0
7f86d7725000-7f86d7765000 r-xp 00000000 08:05 1573921                    /usr/lib/libpulse.so.0.12.3
7f86d7765000-7f86d7964000 ---p 00040000 08:05 1573921                    /usr/lib/libpulse.so.0.12.3
7f86d7964000-7f86d7965000 r-xp 0003f000 08:05 1573921                    /usr/lib/libpulse.so.0.12.3
7f86d7965000-7f86d7966000 rwxp 00040000 08:05 1573921                    /usr/lib/libpulse.so.0.12.3
7f86d7966000-7f86d79b2000 r-xp 00000000 08:05 526862                     /tmp/libgdx/1799094955/libopenal64.so
7f86d79b2000-7f86d7bb1000 ---p 0004c000 08:05 526862                     /tmp/libgdx/1799094955/libopenal64.so
7f86d7bb1000-7f86d7bb3000 r-xp 0004b000 08:05 526862                     /tmp/libgdx/1799094955/libopenal64.so
7f86d7bb3000-7f86d7bb4000 rwxp 0004d000 08:05 526862                     /tmp/libgdx/1799094955/libopenal64.so
7f86d7bb4000-7f86d7bb5000 rwxp 00000000 00:00 0 
7f86d7bb5000-7f86d7bbd000 r-xp 00000000 08:05 1581969                    /usr/lib/x86_64-linux-gnu/libXrandr.so.2.2.0
7f86d7bbd000-7f86d7dbc000 ---p 00008000 08:05 1581969                    /usr/lib/x86_64-linux-gnu/libXrandr.so.2.2.0
7f86d7dbc000-7f86d7dbd000 r-xp 00007000 08:05 1581969                    /usr/lib/x86_64-linux-gnu/libXrandr.so.2.2.0
7f86d7dbd000-7f86d7dbe000 rwxp 00008000 08:05 1581969                    /usr/lib/x86_64-linux-gnu/libXrandr.so.2.2.0
7f86d7dbe000-7f86d7e37000 r-xp 00000000 08:05 526879                     /tmp/libgdx/1799094955/liblwjgl64.so
7f86d7e37000-7f86d8036000 ---p 00079000 08:05 526879                     /tmp/libgdx/1799094955/liblwjgl64.so
7f86d8036000-7f86d8038000 r-xp 00078000 08:05 526879                     /tmp/libgdx/1799094955/liblwjgl64.so
7f86d8038000-7f86d8039000 rwxp 0007a000 08:05 526879                     /tmp/libgdx/1799094955/liblwjgl64.so
7f86d8039000-7f86d8128000 r-xp 00000000 08:05 526473                     /tmp/libgdx/1799094955/libjogl-linux64.so
7f86d8128000-7f86d8228000 ---p 000ef000 08:05 526473                     /tmp/libgdx/1799094955/libjogl-linux64.so
7f86d8228000-7f86d8229000 rwxp 000ef000 08:05 526473                     /tmp/libgdx/1799094955/libjogl-linux64.so
7f86d8229000-7f86d9677000 r-xp 00000000 08:05 723                        /usr/lib/nvidia-current/libnvidia-glcore.so.270.41.19
7f86d9677000-7f86d9877000 ---p 0144e000 08:05 723                        /usr/lib/nvidia-current/libnvidia-glcore.so.270.41.19
7f86d9877000-7f86d9e5f000 rwxp 0144e000 08:05 723                        /usr/lib/nvidia-current/libnvidia-glcore.so.270.41.19
7f86d9e5f000-7f86d9e76000 rwxp 00000000 00:00 0 
7f86d9e76000-7f86d9e77000 r-xp 00000000 08:05 716                        /usr/lib/nvidia-current/tls/libnvidia-tls.so.270.41.19
7f86d9e77000-7f86da077000 ---p 00001000 08:05 716                        /usr/lib/nvidia-current/tls/libnvidia-tls.so.270.41.19
7f86da077000-7f86da078000 rwxp 00001000 08:05 716                        /usr/lib/nvidia-current/tls/libnvidia-tls.so.270.41.19
7f86da078000-7f86da079000 r-xp 00000000 08:05 1734853                    /usr/lib/jvm/java-6-sun-1.6.0.24/jre/lib/amd64/libjawt.so
7f86da079000-7f86da178000 ---p 00001000 08:05 1734853                    /usr/lib/jvm/java-6-sun-1.6.0.24/jre/lib/amd64/libjawt.so
7f86da178000-7f86da179000 rwxp 00000000 08:05 1734853                    /usr/lib/jvm/java-6-sun-1.6.0.24/jre/lib/amd64/libjawt.so
7f86da179000-7f86da17e000 r-xp 00000000 08:05 1581972                    /usr/lib/x86_64-linux-gnu/libXxf86vm.so.1.0.0
7f86da17e000-7f86da37d000 ---p 00005000 08:05 1581972                    /usr/lib/x86_64-linux-gnu/libXxf86vm.so.1.0.0
7f86da37d000-7f86da37e000 r-xp 00004000 08:05 1581972                    /usr/lib/x86_64-linux-gnu/libXxf86vm.so.1.0.0
7f86da37e000-7f86da37f000 rwxp 00005000 08:05 1581972                    /usr/lib/x86_64-linux-gnu/libXxf86vm.so.1.0.0
7f86da37f000-7f86da43c000 r-xp 00000000 08:05 928                        /usr/lib/nvidia-current/libGL.so.270.41.19
7f86da43c000-7f86da63c000 ---p 000bd000 08:05 928                        /usr/lib/nvidia-current/libGL.so.270.41.19
7f86da63c000-7f86da675000 rwxp 000bd000 08:05 928                        /usr/lib/nvidia-current/libGL.so.270.41.19
7f86da675000-7f86da68b000 rwxp 00000000 00:00 0 
7f86da68b000-7f86da68d000 r-xp 00000000 08:05 526444                     /tmp/libgdx/1799094955/libjogl_awt-linux64.so
7f86da68d000-7f86da78c000 ---p 00002000 08:05 526444                     /tmp/libgdx/1799094955/libjogl_awt-linux64.so
7f86da78c000-7f86da78d000 rwxp 00001000 08:05 526444                     /tmp/libgdx/1799094955/libjogl_awt-linux64.so
7f86da78d000-7f86da78e000 r-xp 00000000 08:05 526409                     /tmp/libgdx/1799094955/libgluegen-rt-linux64.so
7f86da78e000-7f86da88d000 ---p 00001000 08:05 526409                     /tmp/libgdx/1799094955/libgluegen-rt-linux64.so
7f86da88d000-7f86da88e000 rwxp 00000000 08:05 526409                     /tmp/libgdx/1799094955/libgluegen-rt-linux64.so
7f86da88e000-7f86da8a3000 r-xp 00000000 08:05 528127                     /lib/x86_64-linux-gnu/libgcc_s.so.1
7f86da8a3000-7f86daaa2000 ---p 00015000 08:05 528127                     /lib/x86_64-linux-gnu/libgcc_s.so.1
7f86daaa2000-7f86daaa3000 r-xp 00014000 08:05 528127                     /lib/x86_64-linux-gnu/libgcc_s.so.1
7f86daaa3000-7f86daaa4000 rwxp 00015000 08:05 528127                     /lib/x86_64-linux-gnu/libgcc_s.so.1
7f86daaa4000-7f86dab8c000 r-xp 00000000 08:05 1571250                    /usr/lib/x86_64-linux-gnu/libstdc++.so.6.0.14
7f86dab8c000-7f86dad8b000 ---p 000e8000 08:05 1571250                    /usr/lib/x86_64-linux-gnu/libstdc++.so.6.0.14
7f86dad8b000-7f86dad93000 r-xp 000e7000 08:05 1571250                    /usr/lib/x86_64-linux-gnu/libstdc++.so.6.0.14
7f86dad93000-7f86dad95000 rwxp 000ef000 08:05 1571250                    /usr/lib/x86_64-linux-gnu/libstdc++.so.6.0.14
7f86dad95000-7f86dadaa000 rwxp 00000000 00:00 0 
7f86dadaa000-7f86dae35000 r-xp 00000000 08:05 526370                     /tmp/libgdx/1799094955/libgdx-64.so
7f86dae35000-7f86db035000 ---p 0008b000 08:05 526370                     /tmp/libgdx/1799094955/libgdx-64.so
7f86db035000-7f86db036000 r-xp 0008b000 08:05 526370                     /tmp/libgdx/1799094955/libgdx-64.so
7f86db036000-7f86db037000 rwxp 0008c000 08:05 526370                     /tmp/libgdx/1799094955/libgdx-64.so
7f86db037000-7f86db03a000 rwxp 00000000 00:00 0 
7f86db03a000-7f86db03d000 ---p 00000000 00:00 0 
7f86db03d000-7f86db13b000 rwxp 00000000 00:00 0 
7f86db13b000-7f86db13e000 ---p 00000000 00:00 0 
7f86db13e000-7f86db23c000 rwxp 00000000 00:00 0 
7f86db23c000-7f86db23f000 ---p 00000000 00:00 0 
7f86db23f000-7f86db33d000 rwxp 00000000 00:00 0 
7f86db33d000-7f86db342000 r-xp 00000000 08:05 1570859                    /usr/lib/x86_64-linux-gnu/libXfixes.so.3.1.0
7f86db342000-7f86db541000 ---p 00005000 08:05 1570859                    /usr/lib/x86_64-linux-gnu/libXfixes.so.3.1.0
7f86db541000-7f86db542000 r-xp 00004000 08:05 1570859                    /usr/lib/x86_64-linux-gnu/libXfixes.so.3.1.0
7f86db542000-7f86db543000 rwxp 00005000 08:05 1570859                    /usr/lib/x86_64-linux-gnu/libXfixes.so.3.1.0
7f86db543000-7f86db54c000 r-xp 00000000 08:05 1570620                    /usr/lib/x86_64-linux-gnu/libXrender.so.1.3.0
7f86db54c000-7f86db74c000 ---p 00009000 08:05 1570620                    /usr/lib/x86_64-linux-gnu/libXrender.so.1.3.0
7f86db74c000-7f86db74d000 r-xp 00009000 08:05 1570620                    /usr/lib/x86_64-linux-gnu/libXrender.so.1.3.0
7f86db74d000-7f86db74e000 rwxp 0000a000 08:05 1570620                    /usr/lib/x86_64-linux-gnu/libXrender.so.1.3.0
7f86db74e000-7f86db757000 r-xp 00000000 08:05 1573929                    /usr/lib/x86_64-linux-gnu/libXcursor.so.1.0.2
7f86db757000-7f86db956000 ---p 00009000 08:05 1573929                    /usr/lib/x86_64-linux-gnu/libXcursor.so.1.0.2
7f86db956000-7f86db957000 r-xp 00008000 08:05 1573929                    /usr/lib/x86_64-linux-gnu/libXcursor.so.1.0.2
7f86db957000-7f86db958000 rwxp 00009000 08:05 1573929                    /usr/lib/x86_64-linux-gnu/libXcursor.so.1.0.2
7f86db958000-7f86db95b000 ---p 00000000 00:00 0 
7f86db95b000-7f86dba59000 rwxp 00000000 00:00 0 
7f86dba59000-7f86dbad2000 r-xp 00000000 08:05 1734841                    /usr/lib/jvm/java-6-sun-1.6.0.24/jre/lib/amd64/libfontmanager.so
7f86dbad2000-7f86dbbd1000 ---p 00079000 08:05 1734841                    /usr/lib/jvm/java-6-sun-1.6.0.24/jre/lib/amd64/libfontmanager.so
7f86dbbd1000-7f86dbbe6000 rwxp 00078000 08:05 1734841                    /usr/lib/jvm/java-6-sun-1.6.0.24/jre/lib/amd64/libfontmanager.so
7f86dbbe6000-7f86dbbf7000 rwxp 00000000 00:00 0 
7f86dbbf7000-7f86dbbfc000 r-xp 00000000 08:05 1573561                    /usr/lib/x86_64-linux-gnu/libXdmcp.so.6.0.0
7f86dbbfc000-7f86dbdfb000 ---p 00005000 08:05 1573561                    /usr/lib/x86_64-linux-gnu/libXdmcp.so.6.0.0
7f86dbdfb000-7f86dbdfc000 r-xp 00004000 08:05 1573561                    /usr/lib/x86_64-linux-gnu/libXdmcp.so.6.0.0
7f86dbdfc000-7f86dbdfd000 rwxp 00005000 08:05 1573561                    /usr/lib/x86_64-linux-gnu/libXdmcp.so.6.0.0
7f86dbdfd000-7f86dbdff000 r-xp 00000000 08:05 1570542                    /usr/lib/x86_64-linux-gnu/libXau.so.6.0.0
7f86dbdff000-7f86dbffe000 ---p 00002000 08:05 1570542                    /usr/lib/x86_64-linux-gnu/libXau.so.6.0.0
7f86dbffe000-7f86dbfff000 r-xp 00001000 08:05 1570542                    /usr/lib/x86_64-linux-gnu/libXau.so.6.0.0
7f86dbfff000-7f86dc000000 rwxp 00002000 08:05 1570542                    /usr/lib/x86_64-linux-gnu/libXau.so.6.0.0
7f86dc000000-7f86dc3a6000 rwxp 00000000 00:00 0 
7f86dc3a6000-7f86e0000000 ---p 00000000 00:00 0 
7f86e0015000-7f86e0019000 rwxs 24f7e000 00:05 10284                      /dev/nvidia0
7f86e0019000-7f86e001d000 rwxs 521b0000 00:05 10284                      /dev/nvidia0
7f86e001d000-7f86e001e000 rwxs d000b000 00:05 10284                      /dev/nvidia0
7f86e001e000-7f86e001f000 rwxs 24ead000 00:05 10284                      /dev/nvidia0
7f86e001f000-7f86e0023000 rwxs 249dd000 00:05 10284                      /dev/nvidia0
7f86e0023000-7f86e0024000 rwxs fbc0c000 00:05 10284                      /dev/nvidia0
7f86e0044000-7f86e0045000 rwxs fb641000 00:05 10284                      /dev/nvidia0
7f86e0045000-7f86e0046000 rwxs 11414d000 00:05 10284                     /dev/nvidia0
7f86e0046000-7f86e0047000 rwxs 24f82000 00:05 10284                      /dev/nvidia0
7f86e0047000-7f86e0048000 rwxs fb060000 00:05 10284                      /dev/nvidia0
7f86e0048000-7f86e0063000 rwxs 10fce0000 00:05 10284                     /dev/nvidia0
7f86e0063000-7f86e0064000 r-xs 00000000 08:05 532633                     /var/cache/fontconfig/26de28bc8622bbc1fb67fd234c21975f-le64.cache-3
7f86e0064000-7f86e0065000 r-xs 00000000 08:05 554485                     /var/cache/fontconfig/c05880de57d1f5e948fdfacc138775d9-le64.cache-3
7f86e0065000-7f86e006e000 r-xs 00000000 08:05 527845                     /var/cache/fontconfig/945677eb7aeaf62f1d50efc3fb3ec7d8-le64.cache-3
7f86e006e000-7f86e0070000 r-xs 00000000 08:05 554480                     /var/cache/fontconfig/99e8ed0e538f840c565b6ed5dad60d56-le64.cache-3
7f86e0070000-7f86e0073000 r-xs 00000000 08:05 554411                     /var/cache/fontconfig/f24b2111ab8703b4e963115a8cf14259-le64.cache-3
7f86e0073000-7f86e0076000 r-xs 00000000 08:05 554479                     /var/cache/fontconfig/e383d7ea5fbe662a33d9b44caf393297-le64.cache-3
7f86e0076000-7f86e0079000 r-xs 00000000 08:05 554477                     /var/cache/fontconfig/2cd17615ca594fa2959ae173292e504c-le64.cache-3
7f86e0079000-7f86e007a000 r-xs 00000000 08:05 554471                     /var/cache/fontconfig/e7071f4a29fa870f4323321c154eba04-le64.cache-3
7f86e007a000-7f86e0083000 r-xs 00000000 08:05 554448                     /var/cache/fontconfig/6d41288fd70b0be22e8c3a91e032eec0-le64.cache-3
7f86e0083000-7f86e0093000 r-xs 00000000 08:05 554447                     /var/cache/fontconfig/0f34bcd4b6ee430af32735b75db7f02b-le64.cache-3
7f86e0093000-7f86e00c1000 r-xs 00000000 08:05 554435                     /var/cache/fontconfig/365b55f210c0a22e9a19e35191240f32-le64.cache-3
7f86e00c1000-7f86e00dc000 r-xp 00000000 08:05 1572615                    /usr/lib/x86_64-linux-gnu/libxcb.so.1.1.0
7f86e00dc000-7f86e02db000 ---p 0001b000 08:05 1572615                    /usr/lib/x86_64-linux-gnu/libxcb.so.1.1.0
7f86e02db000-7f86e02dc000 r-xp 0001a000 08:05 1572615                    /usr/lib/x86_64-linux-gnu/libxcb.so.1.1.0
7f86e02dc000-7f86e02dd000 rwxp 0001b000 08:05 1572615                    /usr/lib/x86_64-linux-gnu/libxcb.so.1.1.0
7f86e02dd000-7f86e02ec000 r-xp 00000000 08:05 1613065                    /usr/lib/x86_64-linux-gnu/libXi.so.6.1.0
7f86e02ec000-7f86e04eb000 ---p 0000f000 08:05 1613065                    /usr/lib/x86_64-linux-gnu/libXi.so.6.1.0
7f86e04eb000-7f86e04ec000 r-xp 0000e000 08:05 1613065                    /usr/lib/x86_64-linux-gnu/libXi.so.6.1.0
7f86e04ec000-7f86e04ed000 rwxp 0000f000 08:05 1613065                    /usr/lib/x86_64-linux-gnu/libXi.so.6.1.0
7f86e04ed000-7f86e04f2000 r-xp 00000000 08:05 1572606                    /usr/lib/libXtst.so.6.1.0
7f86e04f2000-7f86e06f1000 ---p 00005000 08:05 1572606                    /usr/lib/libXtst.so.6.1.0
7f86e06f1000-7f86e06f2000 r-xp 00004000 08:05 1572606                    /usr/lib/libXtst.so.6.1.0
7f86e06f2000-7f86e06f3000 rwxp 00005000 08:05 1572606                    /usr/lib/libXtst.so.6.1.0
7f86e06f3000-7f86e0828000 r-xp 00000000 08:05 1573591                    /usr/lib/x86_64-linux-gnu/libX11.so.6.3.0
7f86e0828000-7f86e0a28000 ---p 00135000 08:05 1573591                    /usr/lib/x86_64-linux-gnu/libX11.so.6.3.0
7f86e0a28000-7f86e0a29000 r-xp 00135000 08:05 1573591                    /usr/lib/x86_64-linux-gnu/libX11.so.6.3.0
7f86e0a29000-7f86e0a2d000 rwxp 00136000 08:05 1573591                    /usr/lib/x86_64-linux-gnu/libX11.so.6.3.0
7f86e0a2d000-7f86e0a3e000 r-xp 00000000 08:05 1571673                    /usr/lib/x86_64-linux-gnu/libXext.so.6.4.0
7f86e0a3e000-7f86e0c3d000 ---p 00011000 08:05 1571673                    /usr/lib/x86_64-linux-gnu/libXext.so.6.4.0
7f86e0c3d000-7f86e0c3e000 r-xp 00010000 08:05 1571673                    /usr/lib/x86_64-linux-gnu/libXext.so.6.4.0
7f86e0c3e000-7f86e0c3f000 rwxp 00011000 08:05 1571673                    /usr/lib/x86_64-linux-gnu/libXext.so.6.4.0
7f86e0c3f000-7f86e0c43000 r-xs 00000000 08:05 554470                     /var/cache/fontconfig/6eb3985aa4124903f6ff08ba781cd364-le64.cache-3
7f86e0c43000-7f86e0c48000 r-xs 00000000 08:05 554453                     /var/cache/fontconfig/062808c12e6e608270f93bb230aed730-le64.cache-3
7f86e0c48000-7f86e0c4e000 r-xs 00000000 08:05 554429                     /var/cache/fontconfig/a755afe4a08bf5b97852ceb7400b47bc-le64.cache-3
7f86e0c4e000-7f86e0c58000 r-xs 00000000 08:05 554433                     /var/cache/fontconfig/d52a8644073d54c13679302ca1180695-le64.cache-3
7f86e0c58000-7f86e0c59000 r-xs 00000000 08:05 554418                     /var/cache/fontconfig/ec648e9a1aea82bddd4bd6050028158d-le64.cache-3
7f86e0c59000-7f86e0c6c000 r-xs 00000000 08:05 538224                     /var/cache/fontconfig/e13b20fdb08344e0e664864cc2ede53d-le64.cache-3
7f86e0c6c000-7f86e0cae000 r-xp 00000000 08:05 1734831                    /usr/lib/jvm/java-6-sun-1.6.0.24/jre/lib/amd64/xawt/libmawt.so
7f86e0cae000-7f86e0dad000 ---p 00042000 08:05 1734831                    /usr/lib/jvm/java-6-sun-1.6.0.24/jre/lib/amd64/xawt/libmawt.so
7f86e0dad000-7f86e0db9000 rwxp 00041000 08:05 1734831                    /usr/lib/jvm/java-6-sun-1.6.0.24/jre/lib/amd64/xawt/libmawt.so
7f86e0db9000-7f86e0dba000 rwxp 00000000 00:00 0 
7f86e0dba000-7f86e0e4c000 r-xp 00000000 08:05 1734852                    /usr/lib/jvm/java-6-sun-1.6.0.24/jre/lib/amd64/libawt.so
7f86e0e4c000-7f86e0f4b000 ---p 00092000 08:05 1734852                    /usr/lib/jvm/java-6-sun-1.6.0.24/jre/lib/amd64/libawt.so
7f86e0f4b000-7f86e0f64000 rwxp 00091000 08:05 1734852                    /usr/lib/jvm/java-6-sun-1.6.0.24/jre/lib/amd64/libawt.so
7f86e0f64000-7f86e0f89000 rwxp 00000000 00:00 0 
7f86e0f89000-7f86e0f92000 r-xs 00076000 08:05 1339556                    /home/bompo/git/mgcube/libs/gdx.jar
7f86e0f92000-7f86e0f98000 r-xs 00064000 08:05 1339995                    /home/bompo/git/mgcube/libs/gdx-sources.jar
7f86e0f98000-7f86e0f99000 r-xs 001d6000 08:05 1339734                    /home/bompo/git/mgcube/libs/gdx-natives.jar
7f86e0f99000-7f86e0fb3000 r-xs 00205000 08:05 1330241                    /home/bompo/git/mgcube/libs/gdx-backend-jogl.jar
7f86e0fb3000-7f86e0fb4000 r-xs 00006000 08:05 1330357                    /home/bompo/git/mgcube/libs/gdx-backend-jogl-sources.jar
7f86e0fb4000-7f86e0fb5000 r-xs 001f3000 08:05 1339854                    /home/bompo/git/mgcube/libs/gdx-backend-jogl-natives.jar
7f86e0fb5000-7f86e0fb8000 r-xs 0000f000 08:05 1622792                    /usr/lib/jvm/java-6-sun-1.6.0.24/jre/lib/ext/pulse-java.jar
7f86e0fb8000-7f86e0fb9000 ---p 00000000 00:00 0 
7f86e0fb9000-7f86e10b9000 rwxp 00000000 00:00 0 
7f86e10b9000-7f86e10bc000 ---p 00000000 00:00 0 
7f86e10bc000-7f86e11ba000 rwxp 00000000 00:00 0 
7f86e11ba000-7f86e11bd000 ---p 00000000 00:00 0 
7f86e11bd000-7f86e12bb000 rwxp 00000000 00:00 0 
7f86e12bb000-7f86e12be000 ---p 00000000 00:00 0 
7f86e12be000-7f86e13bc000 rwxp 00000000 00:00 0 
7f86e13bc000-7f86e13bf000 ---p 00000000 00:00 0 
7f86e13bf000-7f86e14bd000 rwxp 00000000 00:00 0 
7f86e14bd000-7f86e18c5000 r-xp 00000000 08:05 1570348                    /usr/lib/locale/locale-archive
7f86e18c5000-7f86e18c8000 ---p 00000000 00:00 0 
7f86e18c8000-7f86e19c6000 rwxp 00000000 00:00 0 
7f86e19c6000-7f86e19c9000 ---p 00000000 00:00 0 
7f86e19c9000-7f86e1ac7000 rwxp 00000000 00:00 0 
7f86e1ac7000-7f86e1ac8000 ---p 00000000 00:00 0 
7f86e1ac8000-7f86e2101000 rwxp 00000000 00:00 0 
7f86e2101000-7f86e2299000 r-xs 03027000 08:05 1662454                    /usr/lib/jvm/java-6-sun-1.6.0.24/jre/lib/rt.jar
7f86e2299000-7f86e22c1000 rwxp 00000000 00:00 0 
7f86e22c1000-7f86e22c2000 ---p 00000000 00:00 0 
7f86e22c2000-7f86e23c2000 rwxp 00000000 00:00 0 
7f86e23c2000-7f86e23c3000 ---p 00000000 00:00 0 
7f86e23c3000-7f86e24c3000 rwxp 00000000 00:00 0 
7f86e24c3000-7f86e24c4000 ---p 00000000 00:00 0 
7f86e24c4000-7f86e25c4000 rwxp 00000000 00:00 0 
7f86e25c4000-7f86e25c5000 ---p 00000000 00:00 0 
7f86e25c5000-7f86e26d0000 rwxp 00000000 00:00 0 
7f86e26d0000-7f86e26ee000 rwxp 00000000 00:00 0 
7f86e26ee000-7f86e2703000 rwxp 00000000 00:00 0 
7f86e2703000-7f86e2838000 rwxp 00000000 00:00 0 
7f86e2838000-7f86e2843000 rwxp 00000000 00:00 0 
7f86e2843000-7f86e2861000 rwxp 00000000 00:00 0 
7f86e2861000-7f86e2876000 rwxp 00000000 00:00 0 
7f86e2876000-7f86e29ab000 rwxp 00000000 00:00 0 
7f86e29ab000-7f86e29b6000 rwxp 00000000 00:00 0 
7f86e29b6000-7f86e2a50000 rwxp 00000000 00:00 0 
7f86e2a50000-7f86e2cc1000 rwxp 00000000 00:00 0 
7f86e2cc1000-7f86e5a51000 rwxp 00000000 00:00 0 
7f86e5a51000-7f86e5a5f000 r-xp 00000000 08:05 1734847                    /usr/lib/jvm/java-6-sun-1.6.0.24/jre/lib/amd64/libzip.so
7f86e5a5f000-7f86e5b61000 ---p 0000e000 08:05 1734847                    /usr/lib/jvm/java-6-sun-1.6.0.24/jre/lib/amd64/libzip.so
7f86e5b61000-7f86e5b64000 rwxp 00010000 08:05 1734847                    /usr/lib/jvm/java-6-sun-1.6.0.24/jre/lib/amd64/libzip.so
7f86e5b64000-7f86e5b65000 rwxp 00000000 00:00 0 
7f86e5b65000-7f86e5b71000 r-xp 00000000 08:05 535712                     /lib/x86_64-linux-gnu/libnss_files-2.13.so
7f86e5b71000-7f86e5d70000 ---p 0000c000 08:05 535712                     /lib/x86_64-linux-gnu/libnss_files-2.13.so
7f86e5d70000-7f86e5d71000 r-xp 0000b000 08:05 535712                     /lib/x86_64-linux-gnu/libnss_files-2.13.so
7f86e5d71000-7f86e5d72000 rwxp 0000c000 08:05 535712                     /lib/x86_64-linux-gnu/libnss_files-2.13.so
7f86e5d72000-7f86e5d7d000 r-xp 00000000 08:05 535714                     /lib/x86_64-linux-gnu/libnss_nis-2.13.so
7f86e5d7d000-7f86e5f7c000 ---p 0000b000 08:05 535714                     /lib/x86_64-linux-gnu/libnss_nis-2.13.so
7f86e5f7c000-7f86e5f7d000 r-xp 0000a000 08:05 535714                     /lib/x86_64-linux-gnu/libnss_nis-2.13.so
7f86e5f7d000-7f86e5f7e000 rwxp 0000b000 08:05 535714                     /lib/x86_64-linux-gnu/libnss_nis-2.13.so
7f86e5f7e000-7f86e5f86000 r-xp 00000000 08:05 535710                     /lib/x86_64-linux-gnu/libnss_compat-2.13.so
7f86e5f86000-7f86e6185000 ---p 00008000 08:05 535710                     /lib/x86_64-linux-gnu/libnss_compat-2.13.so
7f86e6185000-7f86e6186000 r-xp 00007000 08:05 535710                     /lib/x86_64-linux-gnu/libnss_compat-2.13.so
7f86e6186000-7f86e6187000 rwxp 00008000 08:05 535710                     /lib/x86_64-linux-gnu/libnss_compat-2.13.so
7f86e6187000-7f86e618e000 r-xp 00000000 08:05 1734857                    /usr/lib/jvm/java-6-sun-1.6.0.24/jre/lib/amd64/native_threads/libhpi.so
7f86e618e000-7f86e628f000 ---p 00007000 08:05 1734857                    /usr/lib/jvm/java-6-sun-1.6.0.24/jre/lib/amd64/native_threads/libhpi.so
7f86e628f000-7f86e6291000 rwxp 00008000 08:05 1734857                    /usr/lib/jvm/java-6-sun-1.6.0.24/jre/lib/amd64/native_threads/libhpi.so
7f86e6291000-7f86e6292000 rwxp 00000000 00:00 0 
7f86e6292000-7f86e62a9000 r-xp 00000000 08:05 535709                     /lib/x86_64-linux-gnu/libnsl-2.13.so
7f86e62a9000-7f86e64a8000 ---p 00017000 08:05 535709                     /lib/x86_64-linux-gnu/libnsl-2.13.so
7f86e64a8000-7f86e64a9000 r-xp 00016000 08:05 535709                     /lib/x86_64-linux-gnu/libnsl-2.13.so
7f86e64a9000-7f86e64aa000 rwxp 00017000 08:05 535709                     /lib/x86_64-linux-gnu/libnsl-2.13.so
7f86e64aa000-7f86e64ac000 rwxp 00000000 00:00 0 
7f86e64ac000-7f86e64d5000 r-xp 00000000 08:05 1734846                    /usr/lib/jvm/java-6-sun-1.6.0.24/jre/lib/amd64/libjava.so
7f86e64d5000-7f86e65d4000 ---p 00029000 08:05 1734846                    /usr/lib/jvm/java-6-sun-1.6.0.24/jre/lib/amd64/libjava.so
7f86e65d4000-7f86e65db000 rwxp 00028000 08:05 1734846                    /usr/lib/jvm/java-6-sun-1.6.0.24/jre/lib/amd64/libjava.so
7f86e65db000-7f86e65e8000 r-xp 00000000 08:05 1731420                    /usr/lib/jvm/java-6-sun-1.6.0.24/jre/lib/amd64/libverify.so
7f86e65e8000-7f86e66e7000 ---p 0000d000 08:05 1731420                    /usr/lib/jvm/java-6-sun-1.6.0.24/jre/lib/amd64/libverify.so
7f86e66e7000-7f86e66ea000 rwxp 0000c000 08:05 1731420                    /usr/lib/jvm/java-6-sun-1.6.0.24/jre/lib/amd64/libverify.so
7f86e66ea000-7f86e66f1000 r-xp 00000000 08:05 535724                     /lib/x86_64-linux-gnu/librt-2.13.so
7f86e66f1000-7f86e68f0000 ---p 00007000 08:05 535724                     /lib/x86_64-linux-gnu/librt-2.13.so
7f86e68f0000-7f86e68f1000 r-xp 00006000 08:05 535724                     /lib/x86_64-linux-gnu/librt-2.13.so
7f86e68f1000-7f86e68f2000 rwxp 00007000 08:05 535724                     /lib/x86_64-linux-gnu/librt-2.13.so
7f86e68f2000-7f86e68f5000 ---p 00000000 00:00 0 
7f86e68f5000-7f86e69f3000 rwxp 00000000 00:00 0 
7f86e69f3000-7f86e6a77000 r-xp 00000000 08:05 535703                     /lib/x86_64-linux-gnu/libm-2.13.so
7f86e6a77000-7f86e6c76000 ---p 00084000 08:05 535703                     /lib/x86_64-linux-gnu/libm-2.13.so
7f86e6c76000-7f86e6c77000 r-xp 00083000 08:05 535703                     /lib/x86_64-linux-gnu/libm-2.13.so
7f86e6c77000-7f86e6c78000 rwxp 00084000 08:05 535703                     /lib/x86_64-linux-gnu/libm-2.13.so
7f86e6c78000-7f86e74b6000 r-xp 00000000 08:05 1734849                    /usr/lib/jvm/java-6-sun-1.6.0.24/jre/lib/amd64/server/libjvm.so
7f86e74b6000-7f86e75b5000 ---p 0083e000 08:05 1734849                    /usr/lib/jvm/java-6-sun-1.6.0.24/jre/lib/amd64/server/libjvm.so
7f86e75b5000-7f86e7749000 rwxp 0083d000 08:05 1734849                    /usr/lib/jvm/java-6-sun-1.6.0.24/jre/lib/amd64/server/libjvm.so
7f86e7749000-7f86e7782000 rwxp 00000000 00:00 0 
7f86e7782000-7f86e790c000 r-xp 00000000 08:05 535697                     /lib/x86_64-linux-gnu/libc-2.13.so
7f86e790c000-7f86e7b0b000 ---p 0018a000 08:05 535697                     /lib/x86_64-linux-gnu/libc-2.13.so
7f86e7b0b000-7f86e7b0f000 r-xp 00189000 08:05 535697                     /lib/x86_64-linux-gnu/libc-2.13.so
7f86e7b0f000-7f86e7b10000 rwxp 0018d000 08:05 535697                     /lib/x86_64-linux-gnu/libc-2.13.so
7f86e7b10000-7f86e7b16000 rwxp 00000000 00:00 0 
7f86e7b16000-7f86e7b18000 r-xp 00000000 08:05 535702                     /lib/x86_64-linux-gnu/libdl-2.13.so
7f86e7b18000-7f86e7d18000 ---p 00002000 08:05 535702                     /lib/x86_64-linux-gnu/libdl-2.13.so
7f86e7d18000-7f86e7d19000 r-xp 00002000 08:05 535702                     /lib/x86_64-linux-gnu/libdl-2.13.so
7f86e7d19000-7f86e7d1a000 rwxp 00003000 08:05 535702                     /lib/x86_64-linux-gnu/libdl-2.13.so
7f86e7d1a000-7f86e7d32000 r-xp 00000000 08:05 535718                     /lib/x86_64-linux-gnu/libpthread-2.13.so
7f86e7d32000-7f86e7f32000 ---p 00018000 08:05 535718                     /lib/x86_64-linux-gnu/libpthread-2.13.so
7f86e7f32000-7f86e7f33000 r-xp 00018000 08:05 535718                     /lib/x86_64-linux-gnu/libpthread-2.13.so
7f86e7f33000-7f86e7f34000 rwxp 00019000 08:05 535718                     /lib/x86_64-linux-gnu/libpthread-2.13.so
7f86e7f34000-7f86e7f38000 rwxp 00000000 00:00 0 
7f86e7f38000-7f86e7f59000 r-xp 00000000 08:05 535673                     /lib/x86_64-linux-gnu/ld-2.13.so
7f86e7f59000-7f86e7f5a000 r-xs 00000000 08:05 554466                     /var/cache/fontconfig/4c73fe0c47614734b17d736dbde7580a-le64.cache-3
7f86e7f5a000-7f86e7f5b000 r-xs 00000000 08:05 554459                     /var/cache/fontconfig/0d8c3b2ac0904cb8a57a757ad11a4a08-le64.cache-3
7f86e7f5b000-7f86e7f65000 rwxp 00000000 00:00 0 
7f86e7f65000-7f86e801b000 rwxp 00000000 00:00 0 
7f86e801b000-7f86e801e000 rwxp 00000000 00:00 0 
7f86e801e000-7f86e8025000 r-xp 00000000 08:05 1731410                    /usr/lib/jvm/java-6-sun-1.6.0.24/jre/lib/amd64/jli/libjli.so
7f86e8025000-7f86e8126000 ---p 00007000 08:05 1731410                    /usr/lib/jvm/java-6-sun-1.6.0.24/jre/lib/amd64/jli/libjli.so
7f86e8126000-7f86e8128000 rwxp 00008000 08:05 1731410                    /usr/lib/jvm/java-6-sun-1.6.0.24/jre/lib/amd64/jli/libjli.so
7f86e8128000-7f86e8129000 rwxp 00000000 00:00 0 
7f86e8129000-7f86e812a000 r-xs 00000000 08:05 554454                     /var/cache/fontconfig/6a53c69dea097a2d716e069445527da8-le64.cache-3
7f86e812a000-7f86e812f000 r-xs 00000000 08:05 554452                     /var/cache/fontconfig/515ca1ebc4b18308bea979be5704f9db-le64.cache-3
7f86e812f000-7f86e8132000 r-xs 00000000 08:05 554441                     /var/cache/fontconfig/d60319d88cac85ba9e1a07bd06cfbb8c-le64.cache-3
7f86e8132000-7f86e8133000 r-xs 00000000 08:05 530935                     /var/cache/fontconfig/4794a0821666d79190d59a36cb4f44b5-le64.cache-3
7f86e8133000-7f86e8137000 r-xs 00000000 08:05 538228                     /var/cache/fontconfig/7ef2298fde41cc6eeb7af42e48b7d293-le64.cache-3
7f86e8137000-7f86e814b000 r-xs 00000000 08:05 527842                     /var/cache/fontconfig/865f88548240fee46819705c6468c165-le64.cache-3
7f86e814b000-7f86e814c000 r-xs 00000000 08:05 1345055                    /home/bompo/.fontconfig/aa7e4f27e681240d22a1f116cf7520f0-le64.cache-3
7f86e814c000-7f86e8154000 rwxs 00000000 08:05 529574                     /tmp/hsperfdata_bompo/6687
7f86e8154000-7f86e8155000 rwxp 00000000 00:00 0 
7f86e8155000-7f86e8156000 r-xp 00000000 00:00 0 
7f86e8156000-7f86e8158000 rwxp 00000000 00:00 0 
7f86e8158000-7f86e8159000 r-xp 00020000 08:05 535673                     /lib/x86_64-linux-gnu/ld-2.13.so
7f86e8159000-7f86e815b000 rwxp 00021000 08:05 535673                     /lib/x86_64-linux-gnu/ld-2.13.so
7fff608e3000-7fff60904000 rwxp 00000000 00:00 0                          [stack]
7fff609cb000-7fff609cc000 r-xp 00000000 00:00 0                          [vdso]
ffffffffff600000-ffffffffff601000 r-xp 00000000 00:00 0                  [vsyscall]

VM Arguments:
jvm_args: -Dfile.encoding=UTF-8 
java_command: de.swagner.mgcube.DesktopStarter
Launcher Type: SUN_STANDARD

Environment Variables:
PATH=/usr/local/sbin:/usr/local/bin:/usr/sbin:/usr/bin:/sbin:/bin:/usr/games
USERNAME=bompo
LD_LIBRARY_PATH=/usr/lib/jvm/java-6-sun-1.6.0.24/jre/lib/amd64/server:/usr/lib/jvm/java-6-sun-1.6.0.24/jre/lib/amd64:/usr/lib/jvm/java-6-sun-1.6.0.24/jre/../lib/amd64:/usr/lib/jvm/java-6-openjdk/jre/lib/amd64/server:/usr/lib/jvm/java-6-openjdk/jre/lib/amd64:/usr/lib/jvm/java-6-openjdk/jre/../lib/amd64:/usr/lib64/xulrunner-addons
SHELL=/bin/bash
DISPLAY=:0.0

Signal Handlers:
SIGSEGV: [libjvm.so+0x791b30], sa_mask[0]=0x7ffbfeff, sa_flags=0x10000004
SIGBUS: [libjvm.so+0x791b30], sa_mask[0]=0x7ffbfeff, sa_flags=0x10000004
SIGFPE: [libjvm.so+0x640ba0], sa_mask[0]=0x7ffbfeff, sa_flags=0x10000004
SIGPIPE: [libjvm.so+0x640ba0], sa_mask[0]=0x7ffbfeff, sa_flags=0x10000004
SIGXFSZ: [libjvm.so+0x640ba0], sa_mask[0]=0x7ffbfeff, sa_flags=0x10000004
SIGILL: [libjvm.so+0x640ba0], sa_mask[0]=0x7ffbfeff, sa_flags=0x10000004
SIGUSR1: SIG_DFL, sa_mask[0]=0x00000000, sa_flags=0x00000000
SIGUSR2: [libjvm.so+0x643780], sa_mask[0]=0x00000004, sa_flags=0x10000004
SIGHUP: [libjvm.so+0x643380], sa_mask[0]=0x7ffbfeff, sa_flags=0x10000004
SIGINT: [libjvm.so+0x643380], sa_mask[0]=0x7ffbfeff, sa_flags=0x10000004
SIGTERM: [libjvm.so+0x643380], sa_mask[0]=0x7ffbfeff, sa_flags=0x10000004
SIGQUIT: [libjvm.so+0x643380], sa_mask[0]=0x7ffbfeff, sa_flags=0x10000004


---------------  S Y S T E M  ---------------

OS: