#
# A fatal error has been detected by the Java Runtime Environment:
#
#  SIGSEGV (0xb) at pc=0x0000000000019b7e, pid=9783, tid=140355928655616
#
# JRE version: 6.0_24-b07
# Java VM: Java HotSpot(TM) 64-Bit Server VM (19.1-b02 mixed mode linux-amd64 compressed oops)
# Problematic frame:
# C  0x0000000000019b7e
#
# If you would like to submit a bug report, please visit:
#   http://java.sun.com/webapps/bugreport/crash.jsp
# The crash happened outside the Java Virtual Machine in native code.
# See problematic frame for where to report the bug.
#

---------------  T H R E A D  ---------------

Current thread (0x0000000040f2e000):  JavaThread "AWT-EventQueue-0" [_thread_in_native, id=9804, stack(0x00007fa729350000,0x00007fa729451000)]

siginfo:si_signo=SIGSEGV: si_errno=0, si_code=1 (SEGV_MAPERR), si_addr=0x0000000000019b7e

Registers:
RAX=0x00000000ed784200, RBX=0x0000000040f2e1c8, RCX=0x0000000040c26bc0, RDX=0x0000000000000040
RSP=0x00007fa72944e958, RBP=0x00007fa72944e9a0, RSI=0x00000000ed784200, RDI=0x00007fa71a82c000
R8 =0x00007fa731bd51a8, R9 =0x00007fa731bd8f78, R10=0x0000000040c26fa8, R11=0x0000000040c26c08
R12=0x00000000ed784200, R13=0x0000000000000040, R14=0x00007fa71a82c000, R15=0x0000000000000000
RIP=0x0000000000019b7e, EFL=0x0000000000010206, CSGSFS=0x0000000000000033, ERR=0x0000000000000014
  TRAPNO=0x000000000000000e

Register to memory mapping:

RAX=0x00000000ed784200

[error occurred during error reporting (printing registers, top of stack, instructions near pc), id 0xe0000000]

Stack: [0x00007fa729350000,0x00007fa729451000],  sp=0x00007fa72944e958,  free space=1018k
Native frames: (J=compiled Java code, j=interpreted, Vv=VM code, C=native code)
C  0x0000000000019b7e

Java frames: (J=compiled Java code, j=interpreted, Vv=VM code)
J  com.badlogic.gdx.utils.BufferUtils.copyJni([FLjava/nio/Buffer;II)V
J  com.badlogic.gdx.graphics.glutils.ShaderProgram.setUniformMatrix(Ljava/lang/String;Lcom/badlogic/gdx/math/Matrix4;)V
J  de.swagner.mgcube.MainMenuScreen.renderScene()V
J  de.swagner.mgcube.MainMenuScreen.render(F)V
j  com.badlogic.gdx.Game.render()V+19
j  com.badlogic.gdx.backends.jogl.JoglGraphics.display(Ljavax/media/opengl/GLAutoDrawable;)V+114
j  com.sun.opengl.impl.GLDrawableHelper.display(Ljavax/media/opengl/GLAutoDrawable;)V+29
j  javax.media.opengl.GLCanvas$DisplayAction.run()V+80
j  com.sun.opengl.impl.GLDrawableHelper.invokeGL(Ljavax/media/opengl/GLDrawable;Ljavax/media/opengl/GLContext;Ljava/lang/Runnable;Ljava/lang/Runnable;)V+418
j  javax.media.opengl.GLCanvas$DisplayOnEventDispatchThreadAction.run()V+35
j  java.awt.event.InvocationEvent.dispatch()V+11
j  java.awt.EventQueue.dispatchEventImpl(Ljava/awt/AWTEvent;Ljava/lang/Object;)V+21
j  java.awt.EventQueue.access$000(Ljava/awt/EventQueue;Ljava/awt/AWTEvent;Ljava/lang/Object;)V+3
j  java.awt.EventQueue$1.run()Ljava/lang/Void;+12
j  java.awt.EventQueue$1.run()Ljava/lang/Object;+1
v  ~StubRoutines::call_stub
j  java.security.AccessController.doPrivileged(Ljava/security/PrivilegedAction;Ljava/security/AccessControlContext;)Ljava/lang/Object;+0
j  java.security.AccessControlContext$1.doIntersectionPrivilege(Ljava/security/PrivilegedAction;Ljava/security/AccessControlContext;Ljava/security/AccessControlContext;)Ljava/lang/Object;+28
j  java.awt.EventQueue.dispatchEvent(Ljava/awt/AWTEvent;)V+46
j  java.awt.EventDispatchThread.pumpOneEventForFilters(I)Z+204
j  java.awt.EventDispatchThread.pumpEventsForFilter(ILjava/awt/Conditional;Ljava/awt/EventFilter;)V+30
j  java.awt.EventDispatchThread.pumpEventsForHierarchy(ILjava/awt/Conditional;Ljava/awt/Component;)V+11
j  java.awt.EventDispatchThread.pumpEvents(ILjava/awt/Conditional;)V+4
j  java.awt.EventDispatchThread.pumpEvents(Ljava/awt/Conditional;)V+3
j  java.awt.EventDispatchThread.run()V+9
v  ~StubRoutines::call_stub

---------------  P R O C E S S  ---------------

Java Threads: ( => current thread )
  0x0000000040b99000 JavaThread "DestroyJavaVM" [_thread_blocked, id=9788, stack(0x00007fa730e9e000,0x00007fa730f9f000)]
  0x00007fa72414e800 JavaThread "Thread-1" [_thread_blocked, id=9808, stack(0x00007fa71ab35000,0x00007fa71ac36000)]
=>0x0000000040f2e000 JavaThread "AWT-EventQueue-0" [_thread_in_native, id=9804, stack(0x00007fa729350000,0x00007fa729451000)]
  0x0000000040f2c000 JavaThread "AWT-Shutdown" [_thread_blocked, id=9803, stack(0x00007fa729451000,0x00007fa729552000)]
  0x0000000040f2b000 JavaThread "AWT-XAWT" daemon [_thread_blocked, id=9802, stack(0x00007fa729552000,0x00007fa729653000)]
  0x00007fa7240b9000 JavaThread "Java2D Disposer" daemon [_thread_blocked, id=9801, stack(0x00007fa729fc2000,0x00007fa72a0c3000)]
  0x00007fa724006800 JavaThread "Low Memory Detector" daemon [_thread_blocked, id=9799, stack(0x00007fa72b665000,0x00007fa72b766000)]
  0x00007fa724004000 JavaThread "CompilerThread1" daemon [_thread_blocked, id=9798, stack(0x00007fa72b766000,0x00007fa72b867000)]
  0x00007fa724001000 JavaThread "CompilerThread0" daemon [_thread_blocked, id=9797, stack(0x00007fa72b867000,0x00007fa72b968000)]
  0x0000000040c21800 JavaThread "Signal Dispatcher" daemon [_thread_blocked, id=9796, stack(0x00007fa72b968000,0x00007fa72ba69000)]
  0x0000000040c05000 JavaThread "Finalizer" daemon [_thread_blocked, id=9795, stack(0x00007fa72be71000,0x00007fa72bf72000)]
  0x0000000040bfd800 JavaThread "Reference Handler" daemon [_thread_blocked, id=9794, stack(0x00007fa72bf72000,0x00007fa72c073000)]

Other Threads:
  0x0000000040bf6800 VMThread [stack: 0x00007fa72c073000,0x00007fa72c174000] [id=9793]
  0x00007fa724011000 WatcherThread [stack: 0x00007fa72b564000,0x00007fa72b665000] [id=9800]

VM state:not at safepoint (normal execution)

VM Mutex/Monitor currently owned by a thread: None

Heap
 PSYoungGen      total 34240K, used 6996K [0x00000000eb600000, 0x00000000eda00000, 0x0000000100000000)
  eden space 31616K, 15% used [0x00000000eb600000,0x00000000ebad81f8,0x00000000ed4e0000)
  from space 2624K, 77% used [0x00000000ed770000,0x00000000ed96d180,0x00000000eda00000)
  to   space 2624K, 0% used [0x00000000ed4e0000,0x00000000ed4e0000,0x00000000ed770000)
 PSOldGen        total 42240K, used 0K [0x00000000c2200000, 0x00000000c4b40000, 0x00000000eb600000)
  object space 42240K, 0% used [0x00000000c2200000,0x00000000c2200000,0x00000000c4b40000)
 PSPermGen       total 21248K, used 16832K [0x00000000bd000000, 0x00000000be4c0000, 0x00000000c2200000)
  object space 21248K, 79% used [0x00000000bd000000,0x00000000be070058,0x00000000be4c0000)

Dynamic libraries:
40000000-40009000 r-xp 00000000 08:05 1662394                            /usr/lib/jvm/java-6-sun-1.6.0.24/jre/bin/java
40108000-4010a000 rwxp 00008000 08:05 1662394                            /usr/lib/jvm/java-6-sun-1.6.0.24/jre/bin/java
402a5000-4031c000 rwxp 00000000 00:00 0 
40b90000-4111b000 rwxp 00000000 00:00 0                                  [heap]
4111b000-4111d000 r-xs 00000000 08:05 527180                             /tmp/glAZ52c9 (deleted)
bd000000-be4c0000 rwxp 00000000 00:00 0 
be4c0000-c2200000 rwxp 00000000 00:00 0 
c2200000-c4b40000 rwxp 00000000 00:00 0 
c4b40000-eb600000 rwxp 00000000 00:00 0 
eb600000-eda00000 rwxp 00000000 00:00 0 
eda00000-100000000 rwxp 00000000 00:00 0 
7fa719872000-7fa71a82d000 rwxp 00000000 00:00 0 
7fa71a82d000-7fa71a835000 r-xs 0003d000 08:05 1311180                    /home/bompo/git/mgcube/libs/scoreloop-core.jar
7fa71a835000-7fa71a935000 rwxp 00000000 00:00 0 
7fa71a935000-7fa71ab35000 rwxs 56c63000 00:05 9702                       /dev/nvidia0
7fa71ab35000-7fa71ab38000 ---p 00000000 00:00 0 
7fa71ab38000-7fa71ac36000 rwxp 00000000 00:00 0 
7fa71ac36000-7fa71ac37000 ---p 00000000 00:00 0 
7fa71ac37000-7fa71b437000 rwxp 00000000 00:00 0 
7fa71b437000-7fa71f438000 rwxs 00000000 00:10 287659                     /dev/shm/pulse-shm-216038539
7fa71f438000-7fa71f439000 ---p 00000000 00:00 0 
7fa71f439000-7fa71fc39000 rwxp 00000000 00:00 0 
7fa71fc39000-7fa71fc3f000 r-xp 00000000 08:05 1573092                    /usr/lib/libogg.so.0.7.0
7fa71fc3f000-7fa71fe3e000 ---p 00006000 08:05 1573092                    /usr/lib/libogg.so.0.7.0
7fa71fe3e000-7fa71fe3f000 r-xp 00005000 08:05 1573092                    /usr/lib/libogg.so.0.7.0
7fa71fe3f000-7fa71fe40000 rwxp 00006000 08:05 1573092                    /usr/lib/libogg.so.0.7.0
7fa71fe40000-7fa71fe6b000 r-xp 00000000 08:05 1582648                    /usr/lib/libvorbis.so.0.4.5
7fa71fe6b000-7fa72006a000 ---p 0002b000 08:05 1582648                    /usr/lib/libvorbis.so.0.4.5
7fa72006a000-7fa72006b000 r-xp 0002a000 08:05 1582648                    /usr/lib/libvorbis.so.0.4.5
7fa72006b000-7fa72006c000 rwxp 0002b000 08:05 1582648                    /usr/lib/libvorbis.so.0.4.5
7fa72006c000-7fa72031f000 r-xp 00000000 08:05 1573212                    /usr/lib/libvorbisenc.so.2.0.8
7fa72031f000-7fa72051e000 ---p 002b3000 08:05 1573212                    /usr/lib/libvorbisenc.so.2.0.8
7fa72051e000-7fa72053a000 r-xp 002b2000 08:05 1573212                    /usr/lib/libvorbisenc.so.2.0.8
7fa72053a000-7fa72053b000 rwxp 002ce000 08:05 1573212                    /usr/lib/libvorbisenc.so.2.0.8
7fa72053b000-7fa720583000 r-xp 00000000 08:05 1570101                    /usr/lib/libFLAC.so.8.2.0
7fa720583000-7fa720783000 ---p 00048000 08:05 1570101                    /usr/lib/libFLAC.so.8.2.0
7fa720783000-7fa720784000 r-xp 00048000 08:05 1570101                    /usr/lib/libFLAC.so.8.2.0
7fa720784000-7fa720785000 rwxp 00049000 08:05 1570101                    /usr/lib/libFLAC.so.8.2.0
7fa720785000-7fa7207e6000 r-xp 00000000 08:05 1570821                    /usr/lib/libsndfile.so.1.0.23
7fa7207e6000-7fa7209e6000 ---p 00061000 08:05 1570821                    /usr/lib/libsndfile.so.1.0.23
7fa7209e6000-7fa7209e8000 r-xp 00061000 08:05 1570821                    /usr/lib/libsndfile.so.1.0.23
7fa7209e8000-7fa7209e9000 rwxp 00063000 08:05 1570821                    /usr/lib/libsndfile.so.1.0.23
7fa7209e9000-7fa7209ed000 rwxp 00000000 00:00 0 
7fa7209ed000-7fa7209f5000 r-xp 00000000 08:05 538930                     /lib/libwrap.so.0.7.6
7fa7209f5000-7fa720bf5000 ---p 00008000 08:05 538930                     /lib/libwrap.so.0.7.6
7fa720bf5000-7fa720bf6000 r-xp 00008000 08:05 538930                     /lib/libwrap.so.0.7.6
7fa720bf6000-7fa720bf7000 rwxp 00009000 08:05 538930                     /lib/libwrap.so.0.7.6
7fa720bf7000-7fa720bf8000 rwxp 00000000 00:00 0 
7fa720bf8000-7fa720bfc000 r-xp 00000000 08:05 534738                     /lib/x86_64-linux-gnu/libuuid.so.1.3.0
7fa720bfc000-7fa720dfb000 ---p 00004000 08:05 534738                     /lib/x86_64-linux-gnu/libuuid.so.1.3.0
7fa720dfb000-7fa720dfc000 r-xp 00003000 08:05 534738                     /lib/x86_64-linux-gnu/libuuid.so.1.3.0
7fa720dfc000-7fa720dfd000 rwxp 00004000 08:05 534738                     /lib/x86_64-linux-gnu/libuuid.so.1.3.0
7fa720dfd000-7fa720e3f000 r-xp 00000000 08:05 525819                     /lib/x86_64-linux-gnu/libdbus-1.so.3.5.4
7fa720e3f000-7fa72103f000 ---p 00042000 08:05 525819                     /lib/x86_64-linux-gnu/libdbus-1.so.3.5.4
7fa72103f000-7fa721040000 r-xp 00042000 08:05 525819                     /lib/x86_64-linux-gnu/libdbus-1.so.3.5.4
7fa721040000-7fa721041000 rwxp 00043000 08:05 525819                     /lib/x86_64-linux-gnu/libdbus-1.so.3.5.4
7fa721041000-7fa72108c000 r-xp 00000000 08:05 1580900                    /usr/lib/libpulsecommon-0.9.22.so
7fa72108c000-7fa72128b000 ---p 0004b000 08:05 1580900                    /usr/lib/libpulsecommon-0.9.22.so
7fa72128b000-7fa72128c000 r-xp 0004a000 08:05 1580900                    /usr/lib/libpulsecommon-0.9.22.so
7fa72128c000-7fa72128d000 rwxp 0004b000 08:05 1580900                    /usr/lib/libpulsecommon-0.9.22.so
7fa72128d000-7fa721290000 r-xp 00000000 08:05 1573582                    /usr/lib/libxcb-atom.so.1.0.0
7fa721290000-7fa721490000 ---p 00003000 08:05 1573582                    /usr/lib/libxcb-atom.so.1.0.0
7fa721490000-7fa721491000 r-xp 00003000 08:05 1573582                    /usr/lib/libxcb-atom.so.1.0.0
7fa721491000-7fa721492000 rwxp 00004000 08:05 1573582                    /usr/lib/libxcb-atom.so.1.0.0
7fa721492000-7fa721499000 r-xp 00000000 08:05 1578963                    /usr/lib/x86_64-linux-gnu/libSM.so.6.0.1
7fa721499000-7fa721698000 ---p 00007000 08:05 1578963                    /usr/lib/x86_64-linux-gnu/libSM.so.6.0.1
7fa721698000-7fa721699000 r-xp 00006000 08:05 1578963                    /usr/lib/x86_64-linux-gnu/libSM.so.6.0.1
7fa721699000-7fa72169a000 rwxp 00007000 08:05 1578963                    /usr/lib/x86_64-linux-gnu/libSM.so.6.0.1
7fa72169a000-7fa7216b0000 r-xp 00000000 08:05 1571606                    /usr/lib/x86_64-linux-gnu/libICE.so.6.3.0
7fa7216b0000-7fa7218b0000 ---p 00016000 08:05 1571606                    /usr/lib/x86_64-linux-gnu/libICE.so.6.3.0
7fa7218b0000-7fa7218b1000 r-xp 00016000 08:05 1571606                    /usr/lib/x86_64-linux-gnu/libICE.so.6.3.0
7fa7218b1000-7fa7218b2000 rwxp 00017000 08:05 1571606                    /usr/lib/x86_64-linux-gnu/libICE.so.6.3.0
7fa7218b2000-7fa7218b5000 rwxp 00000000 00:00 0 
7fa7218b5000-7fa7218b6000 r-xp 00000000 08:05 1570508                    /usr/lib/x86_64-linux-gnu/libX11-xcb.so.1.0.0
7fa7218b6000-7fa721ab5000 ---p 00001000 08:05 1570508                    /usr/lib/x86_64-linux-gnu/libX11-xcb.so.1.0.0
7fa721ab5000-7fa721ab6000 r-xp 00000000 08:05 1570508                    /usr/lib/x86_64-linux-gnu/libX11-xcb.so.1.0.0
7fa721ab6000-7fa721ab7000 rwxp 00001000 08:05 1570508                    /usr/lib/x86_64-linux-gnu/libX11-xcb.so.1.0.0
7fa721ab7000-7fa721af7000 r-xp 00000000 08:05 1573921                    /usr/lib/libpulse.so.0.12.3
7fa721af7000-7fa721cf6000 ---p 00040000 08:05 1573921                    /usr/lib/libpulse.so.0.12.3
7fa721cf6000-7fa721cf7000 r-xp 0003f000 08:05 1573921                    /usr/lib/libpulse.so.0.12.3
7fa721cf7000-7fa721cf8000 rwxp 00040000 08:05 1573921                    /usr/lib/libpulse.so.0.12.3
7fa721cf8000-7fa721d44000 r-xp 00000000 08:05 525038                     /tmp/libgdx/2370704169/libopenal64.so
7fa721d44000-7fa721f43000 ---p 0004c000 08:05 525038                     /tmp/libgdx/2370704169/libopenal64.so
7fa721f43000-7fa721f45000 r-xp 0004b000 08:05 525038                     /tmp/libgdx/2370704169/libopenal64.so
7fa721f45000-7fa721f46000 rwxp 0004d000 08:05 525038                     /tmp/libgdx/2370704169/libopenal64.so
7fa721f46000-7fa721f47000 rwxp 00000000 00:00 0 
7fa721f47000-7fa721fc0000 r-xp 00000000 08:05 525065                     /tmp/libgdx/2370704169/liblwjgl64.so
7fa721fc0000-7fa7221c0000 ---p 00079000 08:05 525065                     /tmp/libgdx/2370704169/liblwjgl64.so
7fa7221c0000-7fa7221c2000 r-xp 00079000 08:05 525065                     /tmp/libgdx/2370704169/liblwjgl64.so
7fa7221c2000-7fa7221c3000 rwxp 0007b000 08:05 525065                     /tmp/libgdx/2370704169/liblwjgl64.so
7fa7221c3000-7fa7222b2000 r-xp 00000000 08:05 524903                     /tmp/libgdx/2370704169/libjogl-linux64.so
7fa7222b2000-7fa7223b2000 ---p 000ef000 08:05 524903                     /tmp/libgdx/2370704169/libjogl-linux64.so
7fa7223b2000-7fa7223b3000 rwxp 000ef000 08:05 524903                     /tmp/libgdx/2370704169/libjogl-linux64.so
7fa7223b3000-7fa723801000 r-xp 00000000 08:05 723                        /usr/lib/nvidia-current/libnvidia-glcore.so.270.41.19
7fa723801000-7fa723a01000 ---p 0144e000 08:05 723                        /usr/lib/nvidia-current/libnvidia-glcore.so.270.41.19
7fa723a01000-7fa723fe9000 rwxp 0144e000 08:05 723                        /usr/lib/nvidia-current/libnvidia-glcore.so.270.41.19
7fa723fe9000-7fa724000000 rwxp 00000000 00:00 0 
7fa724000000-7fa725a2a000 rwxp 00000000 00:00 0 
7fa725a2a000-7fa728000000 ---p 00000000 00:00 0 
7fa72800b000-7fa72808b000 rwxs b9719000 00:05 9702                       /dev/nvidia0
7fa72808b000-7fa72818b000 rwxs 56e4f000 00:05 9702                       /dev/nvidia0
7fa72818b000-7fa72818c000 r-xp 00000000 08:05 716                        /usr/lib/nvidia-current/tls/libnvidia-tls.so.270.41.19
7fa72818c000-7fa72838c000 ---p 00001000 08:05 716                        /usr/lib/nvidia-current/tls/libnvidia-tls.so.270.41.19
7fa72838c000-7fa72838d000 rwxp 00001000 08:05 716                        /usr/lib/nvidia-current/tls/libnvidia-tls.so.270.41.19
7fa72838d000-7fa72838e000 r-xp 00000000 08:05 1734853                    /usr/lib/jvm/java-6-sun-1.6.0.24/jre/lib/amd64/libjawt.so
7fa72838e000-7fa72848d000 ---p 00001000 08:05 1734853                    /usr/lib/jvm/java-6-sun-1.6.0.24/jre/lib/amd64/libjawt.so
7fa72848d000-7fa72848e000 rwxp 00000000 08:05 1734853                    /usr/lib/jvm/java-6-sun-1.6.0.24/jre/lib/amd64/libjawt.so
7fa72848e000-7fa728493000 r-xp 00000000 08:05 1581972                    /usr/lib/x86_64-linux-gnu/libXxf86vm.so.1.0.0
7fa728493000-7fa728692000 ---p 00005000 08:05 1581972                    /usr/lib/x86_64-linux-gnu/libXxf86vm.so.1.0.0
7fa728692000-7fa728693000 r-xp 00004000 08:05 1581972                    /usr/lib/x86_64-linux-gnu/libXxf86vm.so.1.0.0
7fa728693000-7fa728694000 rwxp 00005000 08:05 1581972                    /usr/lib/x86_64-linux-gnu/libXxf86vm.so.1.0.0
7fa728694000-7fa728751000 r-xp 00000000 08:05 928                        /usr/lib/nvidia-current/libGL.so.270.41.19
7fa728751000-7fa728951000 ---p 000bd000 08:05 928                        /usr/lib/nvidia-current/libGL.so.270.41.19
7fa728951000-7fa72898a000 rwxp 000bd000 08:05 928                        /usr/lib/nvidia-current/libGL.so.270.41.19
7fa72898a000-7fa7289a0000 rwxp 00000000 00:00 0 
7fa7289a0000-7fa7289a2000 r-xp 00000000 08:05 524893                     /tmp/libgdx/2370704169/libjogl_awt-linux64.so
7fa7289a2000-7fa728aa1000 ---p 00002000 08:05 524893                     /tmp/libgdx/2370704169/libjogl_awt-linux64.so
7fa728aa1000-7fa728aa2000 rwxp 00001000 08:05 524893                     /tmp/libgdx/2370704169/libjogl_awt-linux64.so
7fa728aa2000-7fa728aa3000 r-xp 00000000 08:05 524774                     /tmp/libgdx/2370704169/libgluegen-rt-linux64.so
7fa728aa3000-7fa728ba2000 ---p 00001000 08:05 524774                     /tmp/libgdx/2370704169/libgluegen-rt-linux64.so
7fa728ba2000-7fa728ba3000 rwxp 00000000 08:05 524774                     /tmp/libgdx/2370704169/libgluegen-rt-linux64.so
7fa728ba3000-7fa728bb8000 r-xp 00000000 08:05 528127                     /lib/x86_64-linux-gnu/libgcc_s.so.1
7fa728bb8000-7fa728db7000 ---p 00015000 08:05 528127                     /lib/x86_64-linux-gnu/libgcc_s.so.1
7fa728db7000-7fa728db8000 r-xp 00014000 08:05 528127                     /lib/x86_64-linux-gnu/libgcc_s.so.1
7fa728db8000-7fa728db9000 rwxp 00015000 08:05 528127                     /lib/x86_64-linux-gnu/libgcc_s.so.1
7fa728db9000-7fa728ea1000 r-xp 00000000 08:05 1571250                    /usr/lib/x86_64-linux-gnu/libstdc++.so.6.0.14
7fa728ea1000-7fa7290a0000 ---p 000e8000 08:05 1571250                    /usr/lib/x86_64-linux-gnu/libstdc++.so.6.0.14
7fa7290a0000-7fa7290a8000 r-xp 000e7000 08:05 1571250                    /usr/lib/x86_64-linux-gnu/libstdc++.so.6.0.14
7fa7290a8000-7fa7290aa000 rwxp 000ef000 08:05 1571250                    /usr/lib/x86_64-linux-gnu/libstdc++.so.6.0.14
7fa7290aa000-7fa7290bf000 rwxp 00000000 00:00 0 
7fa7290bf000-7fa72914b000 r-xp 00000000 08:05 524747                     /tmp/libgdx/2370704169/libgdx-64.so
7fa72914b000-7fa72934b000 ---p 0008c000 08:05 524747                     /tmp/libgdx/2370704169/libgdx-64.so
7fa72934b000-7fa72934c000 r-xp 0008c000 08:05 524747                     /tmp/libgdx/2370704169/libgdx-64.so
7fa72934c000-7fa72934d000 rwxp 0008d000 08:05 524747                     /tmp/libgdx/2370704169/libgdx-64.so
7fa72934d000-7fa729350000 rwxp 00000000 00:00 0 
7fa729350000-7fa729353000 ---p 00000000 00:00 0 
7fa729353000-7fa729451000 rwxp 00000000 00:00 0 
7fa729451000-7fa729454000 ---p 00000000 00:00 0 
7fa729454000-7fa729552000 rwxp 00000000 00:00 0 
7fa729552000-7fa729555000 ---p 00000000 00:00 0 
7fa729555000-7fa729653000 rwxp 00000000 00:00 0 
7fa729653000-7fa729654000 r-xs 00000000 08:05 532633                     /var/cache/fontconfig/26de28bc8622bbc1fb67fd234c21975f-le64.cache-3
7fa729654000-7fa729655000 r-xs 00000000 08:05 554485                     /var/cache/fontconfig/c05880de57d1f5e948fdfacc138775d9-le64.cache-3
7fa729655000-7fa72965e000 r-xs 00000000 08:05 527845                     /var/cache/fontconfig/945677eb7aeaf62f1d50efc3fb3ec7d8-le64.cache-3
7fa72965e000-7fa729660000 r-xs 00000000 08:05 554480                     /var/cache/fontconfig/99e8ed0e538f840c565b6ed5dad60d56-le64.cache-3
7fa729660000-7fa729663000 r-xs 00000000 08:05 554411                     /var/cache/fontconfig/f24b2111ab8703b4e963115a8cf14259-le64.cache-3
7fa729663000-7fa729666000 r-xs 00000000 08:05 554479                     /var/cache/fontconfig/e383d7ea5fbe662a33d9b44caf393297-le64.cache-3
7fa729666000-7fa729669000 r-xs 00000000 08:05 554477                     /var/cache/fontconfig/2cd17615ca594fa2959ae173292e504c-le64.cache-3
7fa729669000-7fa72966a000 r-xs 00000000 08:05 554471                     /var/cache/fontconfig/e7071f4a29fa870f4323321c154eba04-le64.cache-3
7fa72966a000-7fa729673000 r-xs 00000000 08:05 554448                     /var/cache/fontconfig/6d41288fd70b0be22e8c3a91e032eec0-le64.cache-3
7fa729673000-7fa729683000 r-xs 00000000 08:05 554447                     /var/cache/fontconfig/0f34bcd4b6ee430af32735b75db7f02b-le64.cache-3
7fa729683000-7fa7296b1000 r-xs 00000000 08:05 554435                     /var/cache/fontconfig/365b55f210c0a22e9a19e35191240f32-le64.cache-3
7fa72970d000-7fa729711000 rwxs 5748c000 00:05 9702                       /dev/nvidia0
7fa729711000-7fa729751000 rwxs adf4b000 00:05 9702                       /dev/nvidia0
7fa729771000-7fa729776000 r-xp 00000000 08:05 1570859                    /usr/lib/x86_64-linux-gnu/libXfixes.so.3.1.0
7fa729776000-7fa729975000 ---p 00005000 08:05 1570859                    /usr/lib/x86_64-linux-gnu/libXfixes.so.3.1.0
7fa729975000-7fa729976000 r-xp 00004000 08:05 1570859                    /usr/lib/x86_64-linux-gnu/libXfixes.so.3.1.0
7fa729976000-7fa729977000 rwxp 00005000 08:05 1570859                    /usr/lib/x86_64-linux-gnu/libXfixes.so.3.1.0
7fa729977000-7fa729980000 r-xp 00000000 08:05 1573929                    /usr/lib/x86_64-linux-gnu/libXcursor.so.1.0.2
7fa729980000-7fa729b7f000 ---p 00009000 08:05 1573929                    /usr/lib/x86_64-linux-gnu/libXcursor.so.1.0.2
7fa729b7f000-7fa729b80000 r-xp 00008000 08:05 1573929                    /usr/lib/x86_64-linux-gnu/libXcursor.so.1.0.2
7fa729b80000-7fa729b81000 rwxp 00009000 08:05 1573929                    /usr/lib/x86_64-linux-gnu/libXcursor.so.1.0.2
7fa729b81000-7fa729b8a000 r-xp 00000000 08:05 1570620                    /usr/lib/x86_64-linux-gnu/libXrender.so.1.3.0
7fa729b8a000-7fa729d8a000 ---p 00009000 08:05 1570620                    /usr/lib/x86_64-linux-gnu/libXrender.so.1.3.0
7fa729d8a000-7fa729d8b000 r-xp 00009000 08:05 1570620                    /usr/lib/x86_64-linux-gnu/libXrender.so.1.3.0
7fa729d8b000-7fa729d8c000 rwxp 0000a000 08:05 1570620                    /usr/lib/x86_64-linux-gnu/libXrender.so.1.3.0
7fa729d8c000-7fa729d94000 r-xp 00000000 08:05 1581969                    /usr/lib/x86_64-linux-gnu/libXrandr.so.2.2.0
7fa729d94000-7fa729f93000 ---p 00008000 08:05 1581969                    /usr/lib/x86_64-linux-gnu/libXrandr.so.2.2.0
7fa729f93000-7fa729f94000 r-xp 00007000 08:05 1581969                    /usr/lib/x86_64-linux-gnu/libXrandr.so.2.2.0
7fa729f94000-7fa729f95000 rwxp 00008000 08:05 1581969                    /usr/lib/x86_64-linux-gnu/libXrandr.so.2.2.0
7fa729f96000-7fa729f98000 rwxs 00000000 08:05 527180                     /tmp/glAZ52c9 (deleted)
7fa729f98000-7fa729f9c000 rwxs add1c000 00:05 9702                       /dev/nvidia0
7fa729f9c000-7fa729f9d000 rwxs d0008000 00:05 9702                       /dev/nvidia0
7fa729f9d000-7fa729f9e000 rwxs be047000 00:05 9702                       /dev/nvidia0
7fa729f9e000-7fa729fa2000 rwxs b5d64000 00:05 9702                       /dev/nvidia0
7fa729fa2000-7fa729fa3000 rwxs fbc0a000 00:05 9702                       /dev/nvidia0
7fa729fa3000-7fa729fa4000 rwxs fb641000 00:05 9702                       /dev/nvidia0
7fa729fa4000-7fa729fa5000 rwxs 115cf6000 00:05 9702                      /dev/nvidia0
7fa729fa5000-7fa729fa6000 rwxs 575d1000 00:05 9702                       /dev/nvidia0
7fa729fa6000-7fa729fa7000 rwxs fb060000 00:05 9702                       /dev/nvidia0
7fa729fa7000-7fa729fc2000 rwxs 115f40000 00:05 9702                      /dev/nvidia0
7fa729fc2000-7fa729fc5000 ---p 00000000 00:00 0 
7fa729fc5000-7fa72a0c3000 rwxp 00000000 00:00 0 
7fa72a0c3000-7fa72a13c000 r-xp 00000000 08:05 1734841                    /usr/lib/jvm/java-6-sun-1.6.0.24/jre/lib/amd64/libfontmanager.so
7fa72a13c000-7fa72a23b000 ---p 00079000 08:05 1734841                    /usr/lib/jvm/java-6-sun-1.6.0.24/jre/lib/amd64/libfontmanager.so
7fa72a23b000-7fa72a250000 rwxp 00078000 08:05 1734841                    /usr/lib/jvm/java-6-sun-1.6.0.24/jre/lib/amd64/libfontmanager.so
7fa72a250000-7fa72a261000 rwxp 00000000 00:00 0 
7fa72a261000-7fa72a266000 r-xp 00000000 08:05 1573561                    /usr/lib/x86_64-linux-gnu/libXdmcp.so.6.0.0
7fa72a266000-7fa72a465000 ---p 00005000 08:05 1573561                    /usr/lib/x86_64-linux-gnu/libXdmcp.so.6.0.0
7fa72a465000-7fa72a466000 r-xp 00004000 08:05 1573561                    /usr/lib/x86_64-linux-gnu/libXdmcp.so.6.0.0
7fa72a466000-7fa72a467000 rwxp 00005000 08:05 1573561                    /usr/lib/x86_64-linux-gnu/libXdmcp.so.6.0.0
7fa72a467000-7fa72a469000 r-xp 00000000 08:05 1570542                    /usr/lib/x86_64-linux-gnu/libXau.so.6.0.0
7fa72a469000-7fa72a668000 ---p 00002000 08:05 1570542                    /usr/lib/x86_64-linux-gnu/libXau.so.6.0.0
7fa72a668000-7fa72a669000 r-xp 00001000 08:05 1570542                    /usr/lib/x86_64-linux-gnu/libXau.so.6.0.0
7fa72a669000-7fa72a66a000 rwxp 00002000 08:05 1570542                    /usr/lib/x86_64-linux-gnu/libXau.so.6.0.0
7fa72a66a000-7fa72a685000 r-xp 00000000 08:05 1572615                    /usr/lib/x86_64-linux-gnu/libxcb.so.1.1.0
7fa72a685000-7fa72a884000 ---p 0001b000 08:05 1572615                    /usr/lib/x86_64-linux-gnu/libxcb.so.1.1.0
7fa72a884000-7fa72a885000 r-xp 0001a000 08:05 1572615                    /usr/lib/x86_64-linux-gnu/libxcb.so.1.1.0
7fa72a885000-7fa72a886000 rwxp 0001b000 08:05 1572615                    /usr/lib/x86_64-linux-gnu/libxcb.so.1.1.0
7fa72a886000-7fa72a895000 r-xp 00000000 08:05 1613065                    /usr/lib/x86_64-linux-gnu/libXi.so.6.1.0
7fa72a895000-7fa72aa94000 ---p 0000f000 08:05 1613065                    /usr/lib/x86_64-linux-gnu/libXi.so.6.1.0
7fa72aa94000-7fa72aa95000 r-xp 0000e000 08:05 1613065                    /usr/lib/x86_64-linux-gnu/libXi.so.6.1.0
7fa72aa95000-7fa72aa96000 rwxp 0000f000 08:05 1613065                    /usr/lib/x86_64-linux-gnu/libXi.so.6.1.0
7fa72aa96000-7fa72aa9b000 r-xp 00000000 08:05 1572606                    /usr/lib/libXtst.so.6.1.0
7fa72aa9b000-7fa72ac9a000 ---p 00005000 08:05 1572606                    /usr/lib/libXtst.so.6.1.0
7fa72ac9a000-7fa72ac9b000 r-xp 00004000 08:05 1572606                    /usr/lib/libXtst.so.6.1.0
7fa72ac9b000-7fa72ac9c000 rwxp 00005000 08:05 1572606                    /usr/lib/libXtst.so.6.1.0
7fa72ac9c000-7fa72add1000 r-xp 00000000 08:05 1573591                    /usr/lib/x86_64-linux-gnu/libX11.so.6.3.0
7fa72add1000-7fa72afd1000 ---p 00135000 08:05 1573591                    /usr/lib/x86_64-linux-gnu/libX11.so.6.3.0
7fa72afd1000-7fa72afd2000 r-xp 00135000 08:05 1573591                    /usr/lib/x86_64-linux-gnu/libX11.so.6.3.0
7fa72afd2000-7fa72afd6000 rwxp 00136000 08:05 1573591                    /usr/lib/x86_64-linux-gnu/libX11.so.6.3.0
7fa72afd6000-7fa72afe7000 r-xp 00000000 08:05 1571673                    /usr/lib/x86_64-linux-gnu/libXext.so.6.4.0
7fa72afe7000-7fa72b1e6000 ---p 00011000 08:05 1571673                    /usr/lib/x86_64-linux-gnu/libXext.so.6.4.0
7fa72b1e6000-7fa72b1e7000 r-xp 00010000 08:05 1571673                    /usr/lib/x86_64-linux-gnu/libXext.so.6.4.0
7fa72b1e7000-7fa72b1e8000 rwxp 00011000 08:05 1571673                    /usr/lib/x86_64-linux-gnu/libXext.so.6.4.0
7fa72b1e8000-7fa72b1ec000 r-xs 00000000 08:05 554470                     /var/cache/fontconfig/6eb3985aa4124903f6ff08ba781cd364-le64.cache-3
7fa72b1ec000-7fa72b1f1000 r-xs 00000000 08:05 554453                     /var/cache/fontconfig/062808c12e6e608270f93bb230aed730-le64.cache-3
7fa72b1f1000-7fa72b1f7000 r-xs 00000000 08:05 554429                     /var/cache/fontconfig/a755afe4a08bf5b97852ceb7400b47bc-le64.cache-3
7fa72b1f7000-7fa72b201000 r-xs 00000000 08:05 554433                     /var/cache/fontconfig/d52a8644073d54c13679302ca1180695-le64.cache-3
7fa72b201000-7fa72b202000 r-xs 00000000 08:05 554418                     /var/cache/fontconfig/ec648e9a1aea82bddd4bd6050028158d-le64.cache-3
7fa72b202000-7fa72b215000 r-xs 00000000 08:05 538224                     /var/cache/fontconfig/e13b20fdb08344e0e664864cc2ede53d-le64.cache-3
7fa72b215000-7fa72b257000 r-xp 00000000 08:05 1734831                    /usr/lib/jvm/java-6-sun-1.6.0.24/jre/lib/amd64/xawt/libmawt.so
7fa72b257000-7fa72b356000 ---p 00042000 08:05 1734831                    /usr/lib/jvm/java-6-sun-1.6.0.24/jre/lib/amd64/xawt/libmawt.so
7fa72b356000-7fa72b362000 rwxp 00041000 08:05 1734831                    /usr/lib/jvm/java-6-sun-1.6.0.24/jre/lib/amd64/xawt/libmawt.so
7fa72b362000-7fa72b363000 rwxp 00000000 00:00 0 
7fa72b363000-7fa72b3f5000 r-xp 00000000 08:05 1734852                    /usr/lib/jvm/java-6-sun-1.6.0.24/jre/lib/amd64/libawt.so
7fa72b3f5000-7fa72b4f4000 ---p 00092000 08:05 1734852                    /usr/lib/jvm/java-6-sun-1.6.0.24/jre/lib/amd64/libawt.so
7fa72b4f4000-7fa72b50d000 rwxp 00091000 08:05 1734852                    /usr/lib/jvm/java-6-sun-1.6.0.24/jre/lib/amd64/libawt.so
7fa72b50d000-7fa72b532000 rwxp 00000000 00:00 0 
7fa72b532000-7fa72b53d000 r-xs 00092000 08:05 1330406                    /home/bompo/git/mgcube/libs/gdx.jar
7fa72b53d000-7fa72b544000 r-xs 00074000 08:05 1330357                    /home/bompo/git/mgcube/libs/gdx-sources.jar
7fa72b544000-7fa72b545000 r-xs 001a1000 08:05 1339854                    /home/bompo/git/mgcube/libs/gdx-natives.jar
7fa72b545000-7fa72b55f000 r-xs 00206000 08:05 1339556                    /home/bompo/git/mgcube/libs/gdx-backend-jogl.jar
7fa72b55f000-7fa72b560000 r-xs 00007000 08:05 1330241                    /home/bompo/git/mgcube/libs/gdx-backend-jogl-sources.jar
7fa72b560000-7fa72b561000 r-xs 00203000 08:05 1339177                    /home/bompo/git/mgcube/libs/gdx-backend-jogl-natives.jar
7fa72b561000-7fa72b564000 r-xs 0000f000 08:05 1622792                    /usr/lib/jvm/java-6-sun-1.6.0.24/jre/lib/ext/pulse-java.jar
7fa72b564000-7fa72b565000 ---p 00000000 00:00 0 
7fa72b565000-7fa72b665000 rwxp 00000000 00:00 0 
7fa72b665000-7fa72b668000 ---p 00000000 00:00 0 
7fa72b668000-7fa72b766000 rwxp 00000000 00:00 0 
7fa72b766000-7fa72b769000 ---p 00000000 00:00 0 
7fa72b769000-7fa72b867000 rwxp 00000000 00:00 0 
7fa72b867000-7fa72b86a000 ---p 00000000 00:00 0 
7fa72b86a000-7fa72b968000 rwxp 00000000 00:00 0 
7fa72b968000-7fa72b96b000 ---p 00000000 00:00 0 
7fa72b96b000-7fa72ba69000 rwxp 00000000 00:00 0 
7fa72ba69000-7fa72be71000 r-xp 00000000 08:05 1570348                    /usr/lib/locale/locale-archive
7fa72be71000-7fa72be74000 ---p 00000000 00:00 0 
7fa72be74000-7fa72bf72000 rwxp 00000000 00:00 0 
7fa72bf72000-7fa72bf75000 ---p 00000000 00:00 0 
7fa72bf75000-7fa72c073000 rwxp 00000000 00:00 0 
7fa72c073000-7fa72c074000 ---p 00000000 00:00 0 
7fa72c074000-7fa72c6ad000 rwxp 00000000 00:00 0 
7fa72c6ad000-7fa72c845000 r-xs 03027000 08:05 1662454                    /usr/lib/jvm/java-6-sun-1.6.0.24/jre/lib/rt.jar
7fa72c845000-7fa72c86d000 rwxp 00000000 00:00 0 
7fa72c86d000-7fa72c86e000 ---p 00000000 00:00 0 
7fa72c86e000-7fa72c96e000 rwxp 00000000 00:00 0 
7fa72c96e000-7fa72c96f000 ---p 00000000 00:00 0 
7fa72c96f000-7fa72ca6f000 rwxp 00000000 00:00 0 
7fa72ca6f000-7fa72ca70000 ---p 00000000 00:00 0 
7fa72ca70000-7fa72cb70000 rwxp 00000000 00:00 0 
7fa72cb70000-7fa72cb71000 ---p 00000000 00:00 0 
7fa72cb71000-7fa72cc7c000 rwxp 00000000 00:00 0 
7fa72cc7c000-7fa72cc9a000 rwxp 00000000 00:00 0 
7fa72cc9a000-7fa72ccaf000 rwxp 00000000 00:00 0 
7fa72ccaf000-7fa72cde4000 rwxp 00000000 00:00 0 
7fa72cde4000-7fa72cdef000 rwxp 00000000 00:00 0 
7fa72cdef000-7fa72ce0d000 rwxp 00000000 00:00 0 
7fa72ce0d000-7fa72ce22000 rwxp 00000000 00:00 0 
7fa72ce22000-7fa72cf57000 rwxp 00000000 00:00 0 
7fa72cf57000-7fa72cf69000 rwxp 00000000 00:00 0 
7fa72cf69000-7fa72cffc000 rwxp 00000000 00:00 0 
7fa72cffc000-7fa72d26d000 rwxp 00000000 00:00 0 
7fa72d26d000-7fa72fffd000 rwxp 00000000 00:00 0 
7fa72fffd000-7fa73000b000 r-xp 00000000 08:05 1734847                    /usr/lib/jvm/java-6-sun-1.6.0.24/jre/lib/amd64/libzip.so
7fa73000b000-7fa73010d000 ---p 0000e000 08:05 1734847                    /usr/lib/jvm/java-6-sun-1.6.0.24/jre/lib/amd64/libzip.so
7fa73010d000-7fa730110000 rwxp 00010000 08:05 1734847                    /usr/lib/jvm/java-6-sun-1.6.0.24/jre/lib/amd64/libzip.so
7fa730110000-7fa730111000 rwxp 00000000 00:00 0 
7fa730111000-7fa73011d000 r-xp 00000000 08:05 535712                     /lib/x86_64-linux-gnu/libnss_files-2.13.so
7fa73011d000-7fa73031c000 ---p 0000c000 08:05 535712                     /lib/x86_64-linux-gnu/libnss_files-2.13.so
7fa73031c000-7fa73031d000 r-xp 0000b000 08:05 535712                     /lib/x86_64-linux-gnu/libnss_files-2.13.so
7fa73031d000-7fa73031e000 rwxp 0000c000 08:05 535712                     /lib/x86_64-linux-gnu/libnss_files-2.13.so
7fa73031e000-7fa730329000 r-xp 00000000 08:05 535714                     /lib/x86_64-linux-gnu/libnss_nis-2.13.so
7fa730329000-7fa730528000 ---p 0000b000 08:05 535714                     /lib/x86_64-linux-gnu/libnss_nis-2.13.so
7fa730528000-7fa730529000 r-xp 0000a000 08:05 535714                     /lib/x86_64-linux-gnu/libnss_nis-2.13.so
7fa730529000-7fa73052a000 rwxp 0000b000 08:05 535714                     /lib/x86_64-linux-gnu/libnss_nis-2.13.so
7fa73052a000-7fa730532000 r-xp 00000000 08:05 535710                     /lib/x86_64-linux-gnu/libnss_compat-2.13.so
7fa730532000-7fa730731000 ---p 00008000 08:05 535710                     /lib/x86_64-linux-gnu/libnss_compat-2.13.so
7fa730731000-7fa730732000 r-xp 00007000 08:05 535710                     /lib/x86_64-linux-gnu/libnss_compat-2.13.so
7fa730732000-7fa730733000 rwxp 00008000 08:05 535710                     /lib/x86_64-linux-gnu/libnss_compat-2.13.so
7fa730733000-7fa73073a000 r-xp 00000000 08:05 1734857                    /usr/lib/jvm/java-6-sun-1.6.0.24/jre/lib/amd64/native_threads/libhpi.so
7fa73073a000-7fa73083b000 ---p 00007000 08:05 1734857                    /usr/lib/jvm/java-6-sun-1.6.0.24/jre/lib/amd64/native_threads/libhpi.so
7fa73083b000-7fa73083d000 rwxp 00008000 08:05 1734857                    /usr/lib/jvm/java-6-sun-1.6.0.24/jre/lib/amd64/native_threads/libhpi.so
7fa73083d000-7fa73083e000 rwxp 00000000 00:00 0 
7fa73083e000-7fa730855000 r-xp 00000000 08:05 535709                     /lib/x86_64-linux-gnu/libnsl-2.13.so
7fa730855000-7fa730a54000 ---p 00017000 08:05 535709                     /lib/x86_64-linux-gnu/libnsl-2.13.so
7fa730a54000-7fa730a55000 r-xp 00016000 08:05 535709                     /lib/x86_64-linux-gnu/libnsl-2.13.so
7fa730a55000-7fa730a56000 rwxp 00017000 08:05 535709                     /lib/x86_64-linux-gnu/libnsl-2.13.so
7fa730a56000-7fa730a58000 rwxp 00000000 00:00 0 
7fa730a58000-7fa730a81000 r-xp 00000000 08:05 1734846                    /usr/lib/jvm/java-6-sun-1.6.0.24/jre/lib/amd64/libjava.so
7fa730a81000-7fa730b80000 ---p 00029000 08:05 1734846                    /usr/lib/jvm/java-6-sun-1.6.0.24/jre/lib/amd64/libjava.so
7fa730b80000-7fa730b87000 rwxp 00028000 08:05 1734846                    /usr/lib/jvm/java-6-sun-1.6.0.24/jre/lib/amd64/libjava.so
7fa730b87000-7fa730b94000 r-xp 00000000 08:05 1731420                    /usr/lib/jvm/java-6-sun-1.6.0.24/jre/lib/amd64/libverify.so
7fa730b94000-7fa730c93000 ---p 0000d000 08:05 1731420                    /usr/lib/jvm/java-6-sun-1.6.0.24/jre/lib/amd64/libverify.so
7fa730c93000-7fa730c96000 rwxp 0000c000 08:05 1731420                    /usr/lib/jvm/java-6-sun-1.6.0.24/jre/lib/amd64/libverify.so
7fa730c96000-7fa730c9d000 r-xp 00000000 08:05 535724                     /lib/x86_64-linux-gnu/librt-2.13.so
7fa730c9d000-7fa730e9c000 ---p 00007000 08:05 535724                     /lib/x86_64-linux-gnu/librt-2.13.so
7fa730e9c000-7fa730e9d000 r-xp 00006000 08:05 535724                     /lib/x86_64-linux-gnu/librt-2.13.so
7fa730e9d000-7fa730e9e000 rwxp 00007000 08:05 535724                     /lib/x86_64-linux-gnu/librt-2.13.so
7fa730e9e000-7fa730ea1000 ---p 00000000 00:00 0 
7fa730ea1000-7fa730f9f000 rwxp 00000000 00:00 0 
7fa730f9f000-7fa731023000 r-xp 00000000 08:05 535703                     /lib/x86_64-linux-gnu/libm-2.13.so
7fa731023000-7fa731222000 ---p 00084000 08:05 535703                     /lib/x86_64-linux-gnu/libm-2.13.so
7fa731222000-7fa731223000 r-xp 00083000 08:05 535703                     /lib/x86_64-linux-gnu/libm-2.13.so
7fa731223000-7fa731224000 rwxp 00084000 08:05 535703                     /lib/x86_64-linux-gnu/libm-2.13.so
7fa731224000-7fa731a62000 r-xp 00000000 08:05 1734849                    /usr/lib/jvm/java-6-sun-1.6.0.24/jre/lib/amd64/server/libjvm.so
7fa731a62000-7fa731b61000 ---p 0083e000 08:05 1734849                    /usr/lib/jvm/java-6-sun-1.6.0.24/jre/lib/amd64/server/libjvm.so
7fa731b61000-7fa731cf5000 rwxp 0083d000 08:05 1734849                    /usr/lib/jvm/java-6-sun-1.6.0.24/jre/lib/amd64/server/libjvm.so
7fa731cf5000-7fa731d2e000 rwxp 00000000 00:00 0 
7fa731d2e000-7fa731eb8000 r-xp 00000000 08:05 535697                     /lib/x86_64-linux-gnu/libc-2.13.so
7fa731eb8000-7fa7320b7000 ---p 0018a000 08:05 535697                     /lib/x86_64-linux-gnu/libc-2.13.so
7fa7320b7000-7fa7320bb000 r-xp 00189000 08:05 535697                     /lib/x86_64-linux-gnu/libc-2.13.so
7fa7320bb000-7fa7320bc000 rwxp 0018d000 08:05 535697                     /lib/x86_64-linux-gnu/libc-2.13.so
7fa7320bc000-7fa7320c2000 rwxp 00000000 00:00 0 
7fa7320c2000-7fa7320c4000 r-xp 00000000 08:05 535702                     /lib/x86_64-linux-gnu/libdl-2.13.so
7fa7320c4000-7fa7322c4000 ---p 00002000 08:05 535702                     /lib/x86_64-linux-gnu/libdl-2.13.so
7fa7322c4000-7fa7322c5000 r-xp 00002000 08:05 535702                     /lib/x86_64-linux-gnu/libdl-2.13.so
7fa7322c5000-7fa7322c6000 rwxp 00003000 08:05 535702                     /lib/x86_64-linux-gnu/libdl-2.13.so
7fa7322c6000-7fa7322de000 r-xp 00000000 08:05 535718                     /lib/x86_64-linux-gnu/libpthread-2.13.so
7fa7322de000-7fa7324de000 ---p 00018000 08:05 535718                     /lib/x86_64-linux-gnu/libpthread-2.13.so
7fa7324de000-7fa7324df000 r-xp 00018000 08:05 535718                     /lib/x86_64-linux-gnu/libpthread-2.13.so
7fa7324df000-7fa7324e0000 rwxp 00019000 08:05 535718                     /lib/x86_64-linux-gnu/libpthread-2.13.so
7fa7324e0000-7fa7324e4000 rwxp 00000000 00:00 0 
7fa7324e4000-7fa732505000 r-xp 00000000 08:05 535673                     /lib/x86_64-linux-gnu/ld-2.13.so
7fa732505000-7fa732506000 r-xs 00000000 08:05 554466                     /var/cache/fontconfig/4c73fe0c47614734b17d736dbde7580a-le64.cache-3
7fa732506000-7fa732507000 r-xs 00000000 08:05 554459                     /var/cache/fontconfig/0d8c3b2ac0904cb8a57a757ad11a4a08-le64.cache-3
7fa732507000-7fa732511000 rwxp 00000000 00:00 0 
7fa732511000-7fa7325c7000 rwxp 00000000 00:00 0 
7fa7325c7000-7fa7325ca000 rwxp 00000000 00:00 0 
7fa7325ca000-7fa7325d1000 r-xp 00000000 08:05 1731410                    /usr/lib/jvm/java-6-sun-1.6.0.24/jre/lib/amd64/jli/libjli.so
7fa7325d1000-7fa7326d2000 ---p 00007000 08:05 1731410                    /usr/lib/jvm/java-6-sun-1.6.0.24/jre/lib/amd64/jli/libjli.so
7fa7326d2000-7fa7326d4000 rwxp 00008000 08:05 1731410                    /usr/lib/jvm/java-6-sun-1.6.0.24/jre/lib/amd64/jli/libjli.so
7fa7326d4000-7fa7326d5000 rwxp 00000000 00:00 0 
7fa7326d5000-7fa7326d6000 r-xs 00000000 08:05 554454                     /var/cache/fontconfig/6a53c69dea097a2d716e069445527da8-le64.cache-3
7fa7326d6000-7fa7326db000 r-xs 00000000 08:05 554452                     /var/cache/fontconfig/515ca1ebc4b18308bea979be5704f9db-le64.cache-3
7fa7326db000-7fa7326de000 r-xs 00000000 08:05 554441                     /var/cache/fontconfig/d60319d88cac85ba9e1a07bd06cfbb8c-le64.cache-3
7fa7326de000-7fa7326df000 r-xs 00000000 08:05 530935                     /var/cache/fontconfig/4794a0821666d79190d59a36cb4f44b5-le64.cache-3
7fa7326df000-7fa7326e3000 r-xs 00000000 08:05 538228                     /var/cache/fontconfig/7ef2298fde41cc6eeb7af42e48b7d293-le64.cache-3
7fa7326e3000-7fa7326f7000 r-xs 00000000 08:05 527842                     /var/cache/fontconfig/865f88548240fee46819705c6468c165-le64.cache-3
7fa7326f7000-7fa7326f8000 r-xs 00000000 08:05 1340105                    /home/bompo/.fontconfig/aa7e4f27e681240d22a1f116cf7520f0-le64.cache-3
7fa7326f8000-7fa732700000 rwxs 00000000 08:05 527063                     /tmp/hsperfdata_bompo/9783
7fa732700000-7fa732701000 rwxp 00000000 00:00 0 
7fa732701000-7fa732702000 r-xp 00000000 00:00 0 
7fa732702000-7fa732704000 rwxp 00000000 00:00 0 
7fa732704000-7fa732705000 r-xp 00020000 08:05 535673                     /lib/x86_64-linux-gnu/ld-2.13.so
7fa732705000-7fa732707000 rwxp 00021000 08:05 535673                     /lib/x86_64-linux-gnu/ld-2.13.so
7fff3503c000-7fff3505d000 rwxp 00000000 00:00 0                          [stack]
7fff351d4000-7fff351d5000 r-xp 00000000 00:00 0                          [vdso]
ffffffffff600000-ffffffffff601000 r-xp 00000000 00:00 0                  [vsyscall]

VM Arguments:
jvm_args: -Dfile.encoding=UTF-8 
java_command: de.swagner.mgcube.DesktopStarter
Launcher Type: SUN_STANDARD

Environment Variables:
PATH=/usr/local/sbin:/usr/local/bin:/usr/sbin:/usr/bin:/sbin:/bin:/usr/games
USERNAME=bompo
LD_LIBRARY_PATH=/usr/lib/jvm/java-6-sun-1.6.0.24/jre/lib/amd64/server:/usr/lib/jvm/java-6-sun-1.6.0.24/jre/lib/amd64:/usr/lib/jvm/java-6-sun-1.6.0.24/jre/../lib/amd64:/usr/lib/jvm/java-6-openjdk/jre/lib/amd64/server:/usr/lib/jvm/java-6-openjdk/jre/lib/amd64:/usr/lib/jvm/java-6-openjdk/jre/../lib/amd64:/usr/lib64/xulrunner-addons
SHELL=/bin/bash
DISPLAY=:0.0

Signal Handlers:
SIGSEGV: [libjvm.so+0x791b30], sa_mask[0]=0x7ffbfeff, sa_flags=0x10000004
SIGBUS: [libjvm.so+0x791b30], sa_mask[0]=0x7ffbfeff, sa_flags=0x10000004
SIGFPE: [libjvm.so+0x640ba0], sa_mask[0]=0x7ffbfeff, sa_flags=0x10000004
SIGPIPE: [libjvm.so+0x640ba0], sa_mask[0]=0x7ffbfeff, sa_flags=0x10000004
SIGXFSZ: [libjvm.so+0x640ba0], sa_mask[0]=0x7ffbfeff, sa_flags=0x10000004
SIGILL: [libjvm.so+0x640ba0], sa_mask[0]=0x7ffbfeff, sa_flags=0x10000004
SIGUSR1: SIG_DFL, sa_mask[0]=0x00000000, sa_flags=0x00000000
SIGUSR2: [libjvm.so+0x643780], sa_mask[0]=0x00000004, sa_flags=0x10000004
SIGHUP: [libjvm.so+0x643380], sa_mask[0]=0x7ffbfeff, sa_flags=0x10000004
SIGINT: [libjvm.so+0x643380], sa_mask[0]=0x7ffbfeff, sa_flags=0x10000004
SIGTERM: [libjvm.so+0x643380], sa_mask[0]=0x7ffbfeff, sa_flags=0x10000004
SIGQUIT: [libjvm.so+0x643380], sa_mask[0]=0x7ffbfeff, sa_flags=0x10000004


---------------  S Y S T E M  ---------------

OS:squeeze/sid

uname:Linux 2.6.38-10-generic #44-Ubuntu SMP Thu Jun 2 21:32:22 UTC 2011 x86_64
libc:glibc 2.13 NPTL 2.13 
rlimit: STACK 8192k, CORE 0k, NPROC infinity, NOFILE 4096, AS infinity
load average:0.07 0.11 0.13

/proc/meminfo:
MemTotal:        4047872 kB
MemFree:          807680 kB
Buffers:          298692 kB
Cached:           977144 kB
SwapCached:            0 kB
Active:          2023516 kB
Inactive:         766988 kB
Active(anon):    1515240 kB
Inactive(anon):     6748 kB
Active(file):     508276 kB
Inactive(file):   760240 kB
Unevictable:         132 kB
Mlocked:             132 kB
SwapTotal:      19529724 kB
SwapFree:       19529724 kB
Dirty:               152 kB
Writeback:             0 kB
AnonPages:       1514868 kB
Mapped:           206592 kB
Shmem:              7512 kB
Slab:             242800 kB
SReclaimable:     212840 kB
SUnreclaim:        29960 kB
KernelStack:        5320 kB
PageTables:        36628 kB
NFS_Unstable:          0 kB
Bounce:                0 kB
WritebackTmp:          0 kB
CommitLimit:    21553660 kB
Committed_AS:    5508864 kB
VmallocTotal:   34359738367 kB
VmallocUsed:      341768 kB
VmallocChunk:   34359382740 kB
HardwareCorrupted:     0 kB
HugePages_Total:       0
HugePages_Free:        0
HugePages_Rsvd:        0
HugePages_Surp:        0
Hugepagesize:       2048 kB
DirectMap4k:      157120 kB
DirectMap2M:     4028416 kB


CPU:total 4 (4 cores per cpu, 1 threads per core) family 6 model 30 stepping 5, cmov, cx8, fxsr, mmx, sse, sse2, sse3, ssse3, sse4.1, sse4.2, popcnt

Memory: 4k page, physical 4047872k(807432k free), swap 19529724k(19529724k free)

vm_info: Java HotSpot(TM) 64-Bit Server VM (19.1-b02) for linux-amd64 JRE (1.6.0_24-b07), built on Feb  2 2011 16:55:54 by "java_re" with gcc 3.2.2 (SuSE Linux)

time: Sat Jul  2 14:30:35 2011
elapsed time: 66 seconds

