#
# A fatal error has been detected by the Java Runtime Environment:
#
#  SIGBUS (0x7) at pc=0x00007fe2eab989a2, pid=10739, tid=140612581541632
#
# JRE version: 6.0_22-b22
# Java VM: OpenJDK 64-Bit Server VM (20.0-b11 mixed mode linux-amd64 compressed oops)
# Derivative: IcedTea6 1.10.2
# Distribution: Ubuntu 11.04, package 6b22-1.10.2-0ubuntu1~11.04.1
# Problematic frame:
# 
[error occurred during error reporting (printing problematic frame), id 0x7]

# If you would like to submit a bug report, please include
# instructions how to reproduce the bug and visit:
#   https://bugs.launchpad.net/ubuntu/+source/openjdk-6/
# The crash happened outside the Java Virtual Machine in native code.
# See problematic frame for where to report the bug.
#

---------------  T H R E A D  ---------------

Current thread (0x0000000001306800):  JavaThread "LWJGL Application" [_thread_in_native, id=10767, stack(0x00007fe2eae94000,0x00007fe2eaf95000)]

siginfo:si_signo=SIGBUS: si_errno=0, si_code=2 (BUS_ADRERR), si_addr=0x00007fe2eabee66c

Registers:
RAX=0x00000000ebe82018, RBX=0x00000000013069d0, RCX=0x0000000001120a50, RDX=0x00007fe2f7f6a990
RSP=0x00007fe2eaf93660, RBP=0x00007fe2eaf93730, RSI=0x0000000000000001, RDI=0x00007fe2eaf93620
R8 =0x00000000ebe82008, R9 =0x00000000ebe81fa0, R10=0x00007fe2f2c1b96f, R11=0x0000000000000010
R12=0x0000000000000000, R13=0x00000000ebe81de0, R14=0x00007fe2eaf93760, R15=0x0000000001306800
RIP=0x00007fe2eab989a2, EFLAGS=0x0000000000010202, CSGSFS=0x0000000000000033, ERR=0x0000000000000004
  TRAPNO=0x000000000000000e

Top of Stack: (sp=0x00007fe2eaf93660)
0x00007fe2eaf93660:   0000000001306800 00000000013090f0
0x00007fe2eaf93670:   000000003f850581 0000000000000000
0x00007fe2eaf93680:   0000000000000000 0000000000000000
0x00007fe2eaf93690:   000000003fe66666 0000000000000000
0x00007fe2eaf936a0:   8000000000000000 8000000080000000
0x00007fe2eaf936b0:   8000000080000000 80000000bfe66666
0x00007fe2eaf936c0:   00007fe2bfe6dc7b 00007fe2f784de12
0x00007fe2eaf936d0:   0000000001306800 0000000000000000
0x00007fe2eaf936e0:   0000000000000000 bf800000bf80419a
0x00007fe2eaf936f0:   0000000001306800 4180000041607b01
0x00007fe2eaf93700:   0000000001306800 00007fe2eaf93770
0x00007fe2eaf93710:   00000000ebe81e30 00007fe2eaf93770
0x00007fe2eaf93720:   0000000000000000 00007fe2f2c1b9df
0x00007fe2eaf93730:   00000000ebe82008 00000000ebe81e98
0x00007fe2eaf93740:   000000003f800000 00007fe200000000
0x00007fe2eaf93750:   00007fe2f0b3c970 00007fe2f0b3c9b0
0x00007fe2eaf93760:   00000000b8d85fa0 00007fe2f0b3ca50
0x00007fe2eaf93770:   00000000ebe81f50 00007fe2f2c76b04
0x00007fe2eaf93780:   0000000000000000 00007fe2f2c70110
0x00007fe2eaf93790:   00000000ebe81cd8 00000000eca0f618
0x00007fe2eaf937a0:   00007fe2eaf93760 0000000001306800
0x00007fe2eaf937b0:   00000000ebe23278 00007fe2f2cb3d80
0x00007fe2eaf937c0:   00007fe2eaf937f0 00007fff75fff7b2
0x00007fe2eaf937d0:   0000000000000009 0000000000000000
0x00007fe2eaf937e0:   00000000ec86cd40 00000000eca13d58
0x00007fe2eaf937f0:   00000000ec86cd08 00007fe2f2ca00e8
0x00007fe2eaf93800:   00000000ec872988 00007fe2f69ca146
0x00007fe2eaf93810:   0000000000000024 00007fe2eaf93840
0x00007fe2eaf93820:   00000000ebe23278 00000000ec872988
0x00007fe2eaf93830:   0000000000000009 0000000036dab94c
0x00007fe2eaf93840:   00000000ec86cd08 00007fe2f2cb100c
0x00007fe2eaf93850:   00000000ec86cd08 000001e000000320 

Instructions: (pc=0x00007fe2eab989a2)
0x00007fe2eab98982:   0f 10 7c 24 5c f3 44 0f 59 f9 f3 41 0f 5c c7 f3
0x00007fe2eab98992:   44 0f 10 7c 24 60 f3 44 0f 59 f9 f3 41 0f 58 c7
0x00007fe2eab989a2:   0f 2e 05 c3 5c 05 00 7a 06 0f 84 b0 07 00 00 44
0x00007fe2eab989b2:   0f 28 ff 41 bc 01 00 00 00 f3 44 0f 59 fc f3 44 

Register to memory mapping:

RAX=0x00000000ebe82018 is an unknown value
RBX=0x00000000013069d0 is an unknown value
RCX=0x0000000001120a50 is an unknown value
RDX=0x00007fe2f7f6a990: <offset 0xbfb990> in /usr/lib/jvm/java-6-openjdk/jre/lib/amd64/server/libjvm.so at 0x00007fe2f736f000
RSP=0x00007fe2eaf93660 is pointing into the stack for thread: 0x0000000001306800
RBP=0x00007fe2eaf93730 is pointing into the stack for thread: 0x0000000001306800
RSI=0x0000000000000001 is an unknown value
RDI=0x00007fe2eaf93620 is pointing into the stack for thread: 0x0000000001306800
R8 =0x00000000ebe82008 is an oop
[F 
 - klass: {type array float}
 - length: 16
R9 =0x00000000ebe81fa0 is an oop
com.badlogic.gdx.math.Matrix4 
 - klass: 'com/badlogic/gdx/math/Matrix4'
R10=0x00007fe2f2c1b790 [CodeBlob (0x00007fe2f2c1b790)]
Framesize: 10
R11=0x0000000000000010 is an unknown value
R12=0x0000000000000000 is an unknown value
R13=0x00000000ebe81de0 is an oop
[F 
 - klass: {type array float}
 - length: 16
R14=0x00007fe2eaf93760 is pointing into the stack for thread: 0x0000000001306800
R15=0x0000000001306800 is a thread


Stack: [0x00007fe2eae94000,0x00007fe2eaf95000],  sp=0x00007fe2eaf93660,  free space=1021k
Native frames: (J=compiled Java code, j=interpreted, Vv=VM code, C=native code)

[error occurred during error reporting (printing native stack), id 0x7]

Java frames: (J=compiled Java code, j=interpreted, Vv=VM code)
J  com.badlogic.gdx.math.Matrix4.inv([F)Z
J  com.badlogic.gdx.graphics.PerspectiveCamera.update()V
J  de.swagner.mgcube.GameScreen.render(F)V
J  com.badlogic.gdx.backends.lwjgl.LwjglApplication.mainLoop()V
j  com.badlogic.gdx.backends.lwjgl.LwjglApplication.access$000(Lcom/badlogic/gdx/backends/lwjgl/LwjglApplication;)V+1
j  com.badlogic.gdx.backends.lwjgl.LwjglApplication$1.run()V+27
v  ~StubRoutines::call_stub

---------------  P R O C E S S  ---------------

Java Threads: ( => current thread )
  0x0000000000faf000 JavaThread "DestroyJavaVM" [_thread_blocked, id=10744, stack(0x00007fe2f8c47000,0x00007fe2f8d48000)]
=>0x0000000001306800 JavaThread "LWJGL Application" [_thread_in_native, id=10767, stack(0x00007fe2eae94000,0x00007fe2eaf95000)]
  0x000000000129b800 JavaThread "AWT-XAWT" daemon [_thread_in_native, id=10758, stack(0x00007fe2eaf95000,0x00007fe2eb096000)]
  0x00000000010be800 JavaThread "Java2D Disposer" daemon [_thread_blocked, id=10757, stack(0x00007fe2f007d000,0x00007fe2f017e000)]
  0x00007fe2ec027800 JavaThread "Low Memory Detector" daemon [_thread_blocked, id=10755, stack(0x00007fe2f1166000,0x00007fe2f1267000)]
  0x00007fe2ec025000 JavaThread "C2 CompilerThread1" daemon [_thread_blocked, id=10754, stack(0x00007fe2f1267000,0x00007fe2f1368000)]
  0x00007fe2ec021800 JavaThread "C2 CompilerThread0" daemon [_thread_blocked, id=10753, stack(0x00007fe2f1368000,0x00007fe2f1469000)]
  0x00007fe2ec020000 JavaThread "Signal Dispatcher" daemon [_thread_blocked, id=10752, stack(0x00007fe2f1469000,0x00007fe2f156a000)]
  0x00007fe2ec001000 JavaThread "Finalizer" daemon [_thread_blocked, id=10751, stack(0x00007fe2f1972000,0x00007fe2f1a73000)]
  0x000000000101d800 JavaThread "Reference Handler" daemon [_thread_blocked, id=10750, stack(0x00007fe2f1a73000,0x00007fe2f1b74000)]

Other Threads:
  0x0000000001016800 VMThread [stack: 0x00007fe2f1b74000,0x00007fe2f1c75000] [id=10749]
  0x00007fe2ec032000 WatcherThread [stack: 0x00007fe2f1065000,0x00007fe2f1166000] [id=10756]

VM state:not at safepoint (normal execution)

VM Mutex/Monitor currently owned by a thread: None

Heap
 PSYoungGen      total 18368K, used 15379K [0x00000000eb8b0000, 0x00000000ecd20000, 0x0000000100000000)
  eden space 15808K, 83% used [0x00000000eb8b0000,0x00000000ec597e50,0x00000000ec820000)
  from space 2560K, 84% used [0x00000000ec820000,0x00000000eca3cdc0,0x00000000ecaa0000)
  to   space 2560K, 0% used [0x00000000ecaa0000,0x00000000ecaa0000,0x00000000ecd20000)
 PSOldGen        total 41856K, used 0K [0x00000000c2a00000, 0x00000000c52e0000, 0x00000000eb8b0000)
  object space 41856K, 0% used [0x00000000c2a00000,0x00000000c2a00000,0x00000000c52e0000)
 PSPermGen       total 21248K, used 12531K [0x00000000b8400000, 0x00000000b98c0000, 0x00000000c2a00000)
  object space 21248K, 58% used [0x00000000b8400000,0x00000000b903cfc8,0x00000000b98c0000)

Code Cache  [0x00007fe2f2b43000, 0x00007fe2f2db3000, 0x00007fe2f5b43000)
 total_blobs=869 nmethods=362 adapters=461 free_code_cache=48808256 largest_free_block=15936

Dynamic libraries:
00400000-00409000 r-xp 00000000 08:15 1597353                            /usr/lib/jvm/java-6-openjdk/jre/bin/java
00608000-00609000 r--p 00008000 08:15 1597353                            /usr/lib/jvm/java-6-openjdk/jre/bin/java
00609000-0060a000 rw-p 00009000 08:15 1597353                            /usr/lib/jvm/java-6-openjdk/jre/bin/java
00fa4000-01a80000 rw-p 00000000 00:00 0                                  [heap]
41cff000-41d79000 rw-p 00000000 00:00 0 
41fae000-41fb0000 r-xs 00000000 08:15 526135                             /tmp/glJxtn4q (deleted)
b8400000-b98c0000 rw-p 00000000 00:00 0 
b98c0000-c2a00000 rw-p 00000000 00:00 0 
c2a00000-c52e0000 rw-p 00000000 00:00 0 
c52e0000-eb8b0000 rw-p 00000000 00:00 0 
eb8b0000-ecd20000 rw-p 00000000 00:00 0 
ecd20000-100000000 rw-p 00000000 00:00 0 
7fe2e016a000-7fe2e01ea000 rw-s aec80000 00:05 10817                      /dev/nvidia0
7fe2e01ea000-7fe2e02ea000 rw-s b53a9000 00:05 10817                      /dev/nvidia0
7fe2e02ea000-7fe2e03ea000 rw-s bfb65000 00:05 10817                      /dev/nvidia0
7fe2e03ea000-7fe2e04ea000 rw-s d5799000 00:05 10817                      /dev/nvidia0
7fe2e04ea000-7fe2e04ec000 rw-s 00000000 08:15 526135                     /tmp/glJxtn4q (deleted)
7fe2e04ec000-7fe2e06ec000 rw-s 92bf4000 00:05 10817                      /dev/nvidia0
7fe2e06ec000-7fe2e07ec000 rw-s aec89000 00:05 10817                      /dev/nvidia0
7fe2e07ec000-7fe2e08b7000 rw-p 00000000 00:00 0 
7fe2e08f4000-7fe2e0934000 rw-s 7f138000 00:05 10817                      /dev/nvidia0
7fe2e0934000-7fe2e096d000 rw-p 00000000 00:00 0 
7fe2e096d000-7fe2e1f42000 r-xp 00000000 08:15 1569894                    /usr/lib/libnvidia-glcore.so.275.21
7fe2e1f42000-7fe2e2142000 ---p 015d5000 08:15 1569894                    /usr/lib/libnvidia-glcore.so.275.21
7fe2e2142000-7fe2e277d000 rwxp 015d5000 08:15 1569894                    /usr/lib/libnvidia-glcore.so.275.21
7fe2e277d000-7fe2e2795000 rwxp 00000000 00:00 0 
7fe2e2795000-7fe2e2798000 r-xp 00000000 08:15 1570342                    /usr/lib/tls/libnvidia-tls.so.275.21
7fe2e2798000-7fe2e2997000 ---p 00003000 08:15 1570342                    /usr/lib/tls/libnvidia-tls.so.275.21
7fe2e2997000-7fe2e2998000 rw-p 00002000 08:15 1570342                    /usr/lib/tls/libnvidia-tls.so.275.21
7fe2e2998000-7fe2e2a58000 r-xp 00000000 08:15 1570075                    /usr/lib/libGL.so.275.21
7fe2e2a58000-7fe2e2c57000 ---p 000c0000 08:15 1570075                    /usr/lib/libGL.so.275.21
7fe2e2c57000-7fe2e2c92000 rwxp 000bf000 08:15 1570075                    /usr/lib/libGL.so.275.21
7fe2e2c92000-7fe2e2ca8000 rwxp 00000000 00:00 0 
7fe2e2ca8000-7fe2e2cab000 ---p 00000000 00:00 0 
7fe2e2cab000-7fe2e2da9000 rw-p 00000000 00:00 0 
7fe2e2da9000-7fe2e2daa000 ---p 00000000 00:00 0 
7fe2e2daa000-7fe2e35aa000 rw-p 00000000 00:00 0 
7fe2e35aa000-7fe2e75ab000 rw-s 00000000 00:10 297967                     /dev/shm/pulse-shm-1896515594
7fe2e75ab000-7fe2e75ac000 ---p 00000000 00:00 0 
7fe2e75ac000-7fe2e7dac000 rw-p 00000000 00:00 0 
7fe2e7dac000-7fe2e7db2000 r-xp 00000000 08:15 1573092                    /usr/lib/libogg.so.0.7.0
7fe2e7db2000-7fe2e7fb1000 ---p 00006000 08:15 1573092                    /usr/lib/libogg.so.0.7.0
7fe2e7fb1000-7fe2e7fb2000 r--p 00005000 08:15 1573092                    /usr/lib/libogg.so.0.7.0
7fe2e7fb2000-7fe2e7fb3000 rw-p 00006000 08:15 1573092                    /usr/lib/libogg.so.0.7.0
7fe2e7fb3000-7fe2e7fde000 r-xp 00000000 08:15 1582648                    /usr/lib/libvorbis.so.0.4.5
7fe2e7fde000-7fe2e81dd000 ---p 0002b000 08:15 1582648                    /usr/lib/libvorbis.so.0.4.5
7fe2e81dd000-7fe2e81de000 r--p 0002a000 08:15 1582648                    /usr/lib/libvorbis.so.0.4.5
7fe2e81de000-7fe2e81df000 rw-p 0002b000 08:15 1582648                    /usr/lib/libvorbis.so.0.4.5
7fe2e81df000-7fe2e8492000 r-xp 00000000 08:15 1573212                    /usr/lib/libvorbisenc.so.2.0.8
7fe2e8492000-7fe2e8691000 ---p 002b3000 08:15 1573212                    /usr/lib/libvorbisenc.so.2.0.8
7fe2e8691000-7fe2e86ad000 r--p 002b2000 08:15 1573212                    /usr/lib/libvorbisenc.so.2.0.8
7fe2e86ad000-7fe2e86ae000 rw-p 002ce000 08:15 1573212                    /usr/lib/libvorbisenc.so.2.0.8
7fe2e86ae000-7fe2e86f6000 r-xp 00000000 08:15 1570101                    /usr/lib/libFLAC.so.8.2.0
7fe2e86f6000-7fe2e88f6000 ---p 00048000 08:15 1570101                    /usr/lib/libFLAC.so.8.2.0
7fe2e88f6000-7fe2e88f7000 r--p 00048000 08:15 1570101                    /usr/lib/libFLAC.so.8.2.0
7fe2e88f7000-7fe2e88f8000 rw-p 00049000 08:15 1570101                    /usr/lib/libFLAC.so.8.2.0
7fe2e88f8000-7fe2e8959000 r-xp 00000000 08:15 1574433                    /usr/lib/libsndfile.so.1.0.23
7fe2e8959000-7fe2e8b59000 ---p 00061000 08:15 1574433                    /usr/lib/libsndfile.so.1.0.23
7fe2e8b59000-7fe2e8b5b000 r--p 00061000 08:15 1574433                    /usr/lib/libsndfile.so.1.0.23
7fe2e8b5b000-7fe2e8b5c000 rw-p 00063000 08:15 1574433                    /usr/lib/libsndfile.so.1.0.23
7fe2e8b5c000-7fe2e8b60000 rw-p 00000000 00:00 0 
7fe2e8b60000-7fe2e8b68000 r-xp 00000000 08:15 538930                     /lib/libwrap.so.0.7.6
7fe2e8b68000-7fe2e8d68000 ---p 00008000 08:15 538930                     /lib/libwrap.so.0.7.6
7fe2e8d68000-7fe2e8d69000 r--p 00008000 08:15 538930                     /lib/libwrap.so.0.7.6
7fe2e8d69000-7fe2e8d6a000 rw-p 00009000 08:15 538930                     /lib/libwrap.so.0.7.6
7fe2e8d6a000-7fe2e8d6b000 rw-p 00000000 00:00 0 
7fe2e8d6b000-7fe2e8d6f000 r-xp 00000000 08:15 534738                     /lib/x86_64-linux-gnu/libuuid.so.1.3.0
7fe2e8d6f000-7fe2e8f6e000 ---p 00004000 08:15 534738                     /lib/x86_64-linux-gnu/libuuid.so.1.3.0
7fe2e8f6e000-7fe2e8f6f000 r--p 00003000 08:15 534738                     /lib/x86_64-linux-gnu/libuuid.so.1.3.0
7fe2e8f6f000-7fe2e8f70000 rw-p 00004000 08:15 534738                     /lib/x86_64-linux-gnu/libuuid.so.1.3.0
7fe2e8f70000-7fe2e8fb2000 r-xp 00000000 08:15 526020                     /lib/x86_64-linux-gnu/libdbus-1.so.3.5.4
7fe2e8fb2000-7fe2e91b2000 ---p 00042000 08:15 526020                     /lib/x86_64-linux-gnu/libdbus-1.so.3.5.4
7fe2e91b2000-7fe2e91b3000 r--p 00042000 08:15 526020                     /lib/x86_64-linux-gnu/libdbus-1.so.3.5.4
7fe2e91b3000-7fe2e91b4000 rw-p 00043000 08:15 526020                     /lib/x86_64-linux-gnu/libdbus-1.so.3.5.4
7fe2e91b4000-7fe2e91ff000 r-xp 00000000 08:15 1580900                    /usr/lib/libpulsecommon-0.9.22.so
7fe2e91ff000-7fe2e93fe000 ---p 0004b000 08:15 1580900                    /usr/lib/libpulsecommon-0.9.22.so
7fe2e93fe000-7fe2e93ff000 r--p 0004a000 08:15 1580900                    /usr/lib/libpulsecommon-0.9.22.so
7fe2e93ff000-7fe2e9400000 rw-p 0004b000 08:15 1580900                    /usr/lib/libpulsecommon-0.9.22.so
7fe2e9400000-7fe2e9403000 r-xp 00000000 08:15 1573582                    /usr/lib/libxcb-atom.so.1.0.0
7fe2e9403000-7fe2e9603000 ---p 00003000 08:15 1573582                    /usr/lib/libxcb-atom.so.1.0.0
7fe2e9603000-7fe2e9604000 r--p 00003000 08:15 1573582                    /usr/lib/libxcb-atom.so.1.0.0
7fe2e9604000-7fe2e9605000 rw-p 00004000 08:15 1573582                    /usr/lib/libxcb-atom.so.1.0.0
7fe2e9605000-7fe2e960c000 r-xp 00000000 08:15 1578963                    /usr/lib/x86_64-linux-gnu/libSM.so.6.0.1
7fe2e960c000-7fe2e980b000 ---p 00007000 08:15 1578963                    /usr/lib/x86_64-linux-gnu/libSM.so.6.0.1
7fe2e980b000-7fe2e980c000 r--p 00006000 08:15 1578963                    /usr/lib/x86_64-linux-gnu/libSM.so.6.0.1
7fe2e980c000-7fe2e980d000 rw-p 00007000 08:15 1578963                    /usr/lib/x86_64-linux-gnu/libSM.so.6.0.1
7fe2e980d000-7fe2e9823000 r-xp 00000000 08:15 1571606                    /usr/lib/x86_64-linux-gnu/libICE.so.6.3.0
7fe2e9823000-7fe2e9a23000 ---p 00016000 08:15 1571606                    /usr/lib/x86_64-linux-gnu/libICE.so.6.3.0
7fe2e9a23000-7fe2e9a24000 r--p 00016000 08:15 1571606                    /usr/lib/x86_64-linux-gnu/libICE.so.6.3.0
7fe2e9a24000-7fe2e9a25000 rw-p 00017000 08:15 1571606                    /usr/lib/x86_64-linux-gnu/libICE.so.6.3.0
7fe2e9a25000-7fe2e9a28000 rw-p 00000000 00:00 0 
7fe2e9a28000-7fe2e9a29000 r-xp 00000000 08:15 1570508                    /usr/lib/x86_64-linux-gnu/libX11-xcb.so.1.0.0
7fe2e9a29000-7fe2e9c28000 ---p 00001000 08:15 1570508                    /usr/lib/x86_64-linux-gnu/libX11-xcb.so.1.0.0
7fe2e9c28000-7fe2e9c29000 r--p 00000000 08:15 1570508                    /usr/lib/x86_64-linux-gnu/libX11-xcb.so.1.0.0
7fe2e9c29000-7fe2e9c2a000 rw-p 00001000 08:15 1570508                    /usr/lib/x86_64-linux-gnu/libX11-xcb.so.1.0.0
7fe2e9c2a000-7fe2e9c6a000 r-xp 00000000 08:15 1573921                    /usr/lib/libpulse.so.0.12.3
7fe2e9c6a000-7fe2e9e69000 ---p 00040000 08:15 1573921                    /usr/lib/libpulse.so.0.12.3
7fe2e9e69000-7fe2e9e6a000 r--p 0003f000 08:15 1573921                    /usr/lib/libpulse.so.0.12.3
7fe2e9e6a000-7fe2e9e6b000 rw-p 00040000 08:15 1573921                    /usr/lib/libpulse.so.0.12.3
7fe2e9e6b000-7fe2e9eb7000 r-xp 00000000 08:15 524999                     /tmp/libgdx/970400847/libopenal64.so
7fe2e9eb7000-7fe2ea0b6000 ---p 0004c000 08:15 524999                     /tmp/libgdx/970400847/libopenal64.so
7fe2ea0b6000-7fe2ea0b8000 r--p 0004b000 08:15 524999                     /tmp/libgdx/970400847/libopenal64.so
7fe2ea0b8000-7fe2ea0b9000 rw-p 0004d000 08:15 524999                     /tmp/libgdx/970400847/libopenal64.so
7fe2ea0b9000-7fe2ea0ba000 rw-p 00000000 00:00 0 
7fe2ea0ba000-7fe2ea0bb000 r-xp 00000000 08:15 1597389                    /usr/lib/jvm/java-6-openjdk/jre/lib/amd64/libjawt.so
7fe2ea0bb000-7fe2ea2ba000 ---p 00001000 08:15 1597389                    /usr/lib/jvm/java-6-openjdk/jre/lib/amd64/libjawt.so
7fe2ea2ba000-7fe2ea2bb000 r--p 00000000 08:15 1597389                    /usr/lib/jvm/java-6-openjdk/jre/lib/amd64/libjawt.so
7fe2ea2bb000-7fe2ea2bc000 rw-p 00001000 08:15 1597389                    /usr/lib/jvm/java-6-openjdk/jre/lib/amd64/libjawt.so
7fe2ea2bc000-7fe2ea2c1000 r-xp 00000000 08:15 1581972                    /usr/lib/x86_64-linux-gnu/libXxf86vm.so.1.0.0
7fe2ea2c1000-7fe2ea4c0000 ---p 00005000 08:15 1581972                    /usr/lib/x86_64-linux-gnu/libXxf86vm.so.1.0.0
7fe2ea4c0000-7fe2ea4c1000 r--p 00004000 08:15 1581972                    /usr/lib/x86_64-linux-gnu/libXxf86vm.so.1.0.0
7fe2ea4c1000-7fe2ea4c2000 rw-p 00005000 08:15 1581972                    /usr/lib/x86_64-linux-gnu/libXxf86vm.so.1.0.0
7fe2ea4ee000-7fe2ea567000 r-xp 00000000 08:15 525156                     /tmp/libgdx/970400847/liblwjgl64.so
7fe2ea567000-7fe2ea767000 ---p 00079000 08:15 525156                     /tmp/libgdx/970400847/liblwjgl64.so
7fe2ea767000-7fe2ea769000 r--p 00079000 08:15 525156                     /tmp/libgdx/970400847/liblwjgl64.so
7fe2ea769000-7fe2ea76a000 rw-p 0007b000 08:15 525156                     /tmp/libgdx/970400847/liblwjgl64.so
7fe2ea76a000-7fe2ea76f000 r-xp 00000000 08:15 1570859                    /usr/lib/x86_64-linux-gnu/libXfixes.so.3.1.0
7fe2ea76f000-7fe2ea96e000 ---p 00005000 08:15 1570859                    /usr/lib/x86_64-linux-gnu/libXfixes.so.3.1.0
7fe2ea96e000-7fe2ea96f000 r--p 00004000 08:15 1570859                    /usr/lib/x86_64-linux-gnu/libXfixes.so.3.1.0
7fe2ea96f000-7fe2ea970000 rw-p 00005000 08:15 1570859                    /usr/lib/x86_64-linux-gnu/libXfixes.so.3.1.0
7fe2ea970000-7fe2ea979000 r-xp 00000000 08:15 1573929                    /usr/lib/x86_64-linux-gnu/libXcursor.so.1.0.2
7fe2ea979000-7fe2eab78000 ---p 00009000 08:15 1573929                    /usr/lib/x86_64-linux-gnu/libXcursor.so.1.0.2
7fe2eab78000-7fe2eab79000 r--p 00008000 08:15 1573929                    /usr/lib/x86_64-linux-gnu/libXcursor.so.1.0.2
7fe2eab79000-7fe2eab7a000 rw-p 00009000 08:15 1573929                    /usr/lib/x86_64-linux-gnu/libXcursor.so.1.0.2
7fe2eab7a000-7fe2eac08000 r-xp 00000000 08:15 523944                     /tmp/libgdx/970400847/libgdx-64.so
7fe2eac08000-7fe2eae08000 ---p 0008e000 08:15 523944                     /tmp/libgdx/970400847/libgdx-64.so
7fe2eae08000-7fe2eae09000 r--p 0008e000 08:15 523944                     /tmp/libgdx/970400847/libgdx-64.so
7fe2eae09000-7fe2eae0a000 rw-p 0008f000 08:15 523944                     /tmp/libgdx/970400847/libgdx-64.so
7fe2eae0a000-7fe2eae0d000 rw-p 00000000 00:00 0 
7fe2eae0d000-7fe2eae0e000 r--s 00000000 08:15 532633                     /var/cache/fontconfig/26de28bc8622bbc1fb67fd234c21975f-le64.cache-3
7fe2eae0e000-7fe2eae0f000 r--s 00000000 08:15 554485                     /var/cache/fontconfig/c05880de57d1f5e948fdfacc138775d9-le64.cache-3
7fe2eae0f000-7fe2eae18000 r--s 00000000 08:15 527845                     /var/cache/fontconfig/945677eb7aeaf62f1d50efc3fb3ec7d8-le64.cache-3
7fe2eae18000-7fe2eae1a000 r--s 00000000 08:15 554480                     /var/cache/fontconfig/99e8ed0e538f840c565b6ed5dad60d56-le64.cache-3
7fe2eae1a000-7fe2eae1d000 r--s 00000000 08:15 554411                     /var/cache/fontconfig/f24b2111ab8703b4e963115a8cf14259-le64.cache-3
7fe2eae1d000-7fe2eae20000 r--s 00000000 08:15 554479                     /var/cache/fontconfig/e383d7ea5fbe662a33d9b44caf393297-le64.cache-3
7fe2eae20000-7fe2eae24000 r--s 00000000 08:15 554470                     /var/cache/fontconfig/6eb3985aa4124903f6ff08ba781cd364-le64.cache-3
7fe2eae24000-7fe2eae2d000 r--s 00000000 08:15 554448                     /var/cache/fontconfig/6d41288fd70b0be22e8c3a91e032eec0-le64.cache-3
7fe2eae2d000-7fe2eae3d000 r--s 00000000 08:15 554447                     /var/cache/fontconfig/0f34bcd4b6ee430af32735b75db7f02b-le64.cache-3
7fe2eae3d000-7fe2eae6b000 r--s 00000000 08:15 554435                     /var/cache/fontconfig/365b55f210c0a22e9a19e35191240f32-le64.cache-3
7fe2eae6e000-7fe2eae72000 rw-s 92a47000 00:05 10817                      /dev/nvidia0
7fe2eae72000-7fe2eae73000 rw-s e0005000 00:05 10817                      /dev/nvidia0
7fe2eae73000-7fe2eae74000 rw-s aeed9000 00:05 10817                      /dev/nvidia0
7fe2eae94000-7fe2eae97000 ---p 00000000 00:00 0 
7fe2eae97000-7fe2eaf95000 rw-p 00000000 00:00 0 
7fe2eaf95000-7fe2eaf98000 ---p 00000000 00:00 0 
7fe2eaf98000-7fe2eb096000 rw-p 00000000 00:00 0 
7fe2eb096000-7fe2eb09e000 r-xp 00000000 08:15 1581969                    /usr/lib/x86_64-linux-gnu/libXrandr.so.2.2.0
7fe2eb09e000-7fe2eb29d000 ---p 00008000 08:15 1581969                    /usr/lib/x86_64-linux-gnu/libXrandr.so.2.2.0
7fe2eb29d000-7fe2eb29e000 r--p 00007000 08:15 1581969                    /usr/lib/x86_64-linux-gnu/libXrandr.so.2.2.0
7fe2eb29e000-7fe2eb29f000 rw-p 00008000 08:15 1581969                    /usr/lib/x86_64-linux-gnu/libXrandr.so.2.2.0
7fe2eb29f000-7fe2eb2a3000 rw-s bfb11000 00:05 10817                      /dev/nvidia0
7fe2eb2a3000-7fe2eb2a4000 rw-s f8c08000 00:05 10817                      /dev/nvidia0
7fe2eb2a4000-7fe2eb2a5000 rw-s f8641000 00:05 10817                      /dev/nvidia0
7fe2eb2a5000-7fe2eb2a6000 rw-s d5734000 00:05 10817                      /dev/nvidia0
7fe2eb2a6000-7fe2eb2a7000 rw-s aee29000 00:05 10817                      /dev/nvidia0
7fe2eb2a7000-7fe2eb2a8000 rw-s f8060000 00:05 10817                      /dev/nvidia0
7fe2eb2a8000-7fe2eb2c3000 rw-s d8820000 00:05 10817                      /dev/nvidia0
7fe2eb2c3000-7fe2eb2c4000 r--p 00000000 00:00 0 
7fe2eb2c4000-7fe2eb2cb000 r--s 000fb000 08:15 1597348                    /usr/lib/jvm/java-6-openjdk/jre/lib/resources.jar
7fe2eb2cb000-7fe2eb2ce000 r--s 00000000 08:15 554477                     /var/cache/fontconfig/2cd17615ca594fa2959ae173292e504c-le64.cache-3
7fe2eb2ce000-7fe2eb2d3000 r--s 00000000 08:15 554453                     /var/cache/fontconfig/062808c12e6e608270f93bb230aed730-le64.cache-3
7fe2eb2d3000-7fe2eb2d9000 r--s 00000000 08:15 554429                     /var/cache/fontconfig/a755afe4a08bf5b97852ceb7400b47bc-le64.cache-3
7fe2eb2d9000-7fe2eb2e3000 r--s 00000000 08:15 554433                     /var/cache/fontconfig/d52a8644073d54c13679302ca1180695-le64.cache-3
7fe2eb2e3000-7fe2eb2e4000 r--s 00000000 08:15 554418                     /var/cache/fontconfig/ec648e9a1aea82bddd4bd6050028158d-le64.cache-3
7fe2eb2e4000-7fe2eb2f7000 r--s 00000000 08:15 538224                     /var/cache/fontconfig/e13b20fdb08344e0e664864cc2ede53d-le64.cache-3
7fe2eb2f7000-7fe2eb38a000 r-xp 00000000 08:15 1572891                    /usr/lib/x86_64-linux-gnu/libfreetype.so.6.6.2
7fe2eb38a000-7fe2eb589000 ---p 00093000 08:15 1572891                    /usr/lib/x86_64-linux-gnu/libfreetype.so.6.6.2
7fe2eb589000-7fe2eb58f000 r--p 00092000 08:15 1572891                    /usr/lib/x86_64-linux-gnu/libfreetype.so.6.6.2
7fe2eb58f000-7fe2eb590000 rw-p 00098000 08:15 1572891                    /usr/lib/x86_64-linux-gnu/libfreetype.so.6.6.2
7fe2eb590000-7fe2eb5c9000 r-xp 00000000 08:15 1597379                    /usr/lib/jvm/java-6-openjdk/jre/lib/amd64/libfontmanager.so
7fe2eb5c9000-7fe2eb7c8000 ---p 00039000 08:15 1597379                    /usr/lib/jvm/java-6-openjdk/jre/lib/amd64/libfontmanager.so
7fe2eb7c8000-7fe2eb7ca000 r--p 00038000 08:15 1597379                    /usr/lib/jvm/java-6-openjdk/jre/lib/amd64/libfontmanager.so
7fe2eb7ca000-7fe2eb7cb000 rw-p 0003a000 08:15 1597379                    /usr/lib/jvm/java-6-openjdk/jre/lib/amd64/libfontmanager.so
7fe2eb7cb000-7fe2eb7d0000 r-xp 00000000 08:15 1573561                    /usr/lib/x86_64-linux-gnu/libXdmcp.so.6.0.0
7fe2eb7d0000-7fe2eb9cf000 ---p 00005000 08:15 1573561                    /usr/lib/x86_64-linux-gnu/libXdmcp.so.6.0.0
7fe2eb9cf000-7fe2eb9d0000 r--p 00004000 08:15 1573561                    /usr/lib/x86_64-linux-gnu/libXdmcp.so.6.0.0
7fe2eb9d0000-7fe2eb9d1000 rw-p 00005000 08:15 1573561                    /usr/lib/x86_64-linux-gnu/libXdmcp.so.6.0.0
7fe2eb9d1000-7fe2eb9d3000 r-xp 00000000 08:15 1570542                    /usr/lib/x86_64-linux-gnu/libXau.so.6.0.0
7fe2eb9d3000-7fe2ebbd2000 ---p 00002000 08:15 1570542                    /usr/lib/x86_64-linux-gnu/libXau.so.6.0.0
7fe2ebbd2000-7fe2ebbd3000 r--p 00001000 08:15 1570542                    /usr/lib/x86_64-linux-gnu/libXau.so.6.0.0
7fe2ebbd3000-7fe2ebbd4000 rw-p 00002000 08:15 1570542                    /usr/lib/x86_64-linux-gnu/libXau.so.6.0.0
7fe2ebbd4000-7fe2ebbef000 r-xp 00000000 08:15 1572615                    /usr/lib/x86_64-linux-gnu/libxcb.so.1.1.0
7fe2ebbef000-7fe2ebdee000 ---p 0001b000 08:15 1572615                    /usr/lib/x86_64-linux-gnu/libxcb.so.1.1.0
7fe2ebdee000-7fe2ebdef000 r--p 0001a000 08:15 1572615                    /usr/lib/x86_64-linux-gnu/libxcb.so.1.1.0
7fe2ebdef000-7fe2ebdf0000 rw-p 0001b000 08:15 1572615                    /usr/lib/x86_64-linux-gnu/libxcb.so.1.1.0
7fe2ebdf0000-7fe2ebdff000 r-xp 00000000 08:15 1613065                    /usr/lib/x86_64-linux-gnu/libXi.so.6.1.0
7fe2ebdff000-7fe2ebffe000 ---p 0000f000 08:15 1613065                    /usr/lib/x86_64-linux-gnu/libXi.so.6.1.0
7fe2ebffe000-7fe2ebfff000 r--p 0000e000 08:15 1613065                    /usr/lib/x86_64-linux-gnu/libXi.so.6.1.0
7fe2ebfff000-7fe2ec000000 rw-p 0000f000 08:15 1613065                    /usr/lib/x86_64-linux-gnu/libXi.so.6.1.0
7fe2ec000000-7fe2ee549000 rw-p 00000000 00:00 0 
7fe2ee549000-7fe2f0000000 ---p 00000000 00:00 0 
7fe2f0000000-7fe2f0001000 r--s 00000000 08:15 554471                     /var/cache/fontconfig/e7071f4a29fa870f4323321c154eba04-le64.cache-3
7fe2f0001000-7fe2f0002000 r--s 00000000 08:15 554466                     /var/cache/fontconfig/4c73fe0c47614734b17d736dbde7580a-le64.cache-3
7fe2f0002000-7fe2f0003000 r--s 00000000 08:15 554459                     /var/cache/fontconfig/0d8c3b2ac0904cb8a57a757ad11a4a08-le64.cache-3
7fe2f0003000-7fe2f0004000 r--s 00000000 08:15 554454                     /var/cache/fontconfig/6a53c69dea097a2d716e069445527da8-le64.cache-3
7fe2f0004000-7fe2f0009000 r--s 00000000 08:15 554452                     /var/cache/fontconfig/515ca1ebc4b18308bea979be5704f9db-le64.cache-3
7fe2f0009000-7fe2f000c000 r--s 00000000 08:15 554441                     /var/cache/fontconfig/d60319d88cac85ba9e1a07bd06cfbb8c-le64.cache-3
7fe2f000c000-7fe2f000d000 r--s 00000000 08:15 529070                     /var/cache/fontconfig/4794a0821666d79190d59a36cb4f44b5-le64.cache-3
7fe2f000d000-7fe2f0011000 r--s 00000000 08:15 538228                     /var/cache/fontconfig/7ef2298fde41cc6eeb7af42e48b7d293-le64.cache-3
7fe2f0011000-7fe2f0025000 r--s 00000000 08:15 527842                     /var/cache/fontconfig/865f88548240fee46819705c6468c165-le64.cache-3
7fe2f0025000-7fe2f0026000 r--s 00000000 08:15 532633                     /var/cache/fontconfig/26de28bc8622bbc1fb67fd234c21975f-le64.cache-3
7fe2f0026000-7fe2f0027000 r--s 00000000 08:15 554485                     /var/cache/fontconfig/c05880de57d1f5e948fdfacc138775d9-le64.cache-3
7fe2f0027000-7fe2f0030000 r--s 00000000 08:15 527845                     /var/cache/fontconfig/945677eb7aeaf62f1d50efc3fb3ec7d8-le64.cache-3
7fe2f0030000-7fe2f0032000 r--s 00000000 08:15 554480                     /var/cache/fontconfig/99e8ed0e538f840c565b6ed5dad60d56-le64.cache-3
7fe2f0032000-7fe2f0035000 r--s 00000000 08:15 554411                     /var/cache/fontconfig/f24b2111ab8703b4e963115a8cf14259-le64.cache-3
7fe2f0035000-7fe2f0038000 r--s 00000000 08:15 554479                     /var/cache/fontconfig/e383d7ea5fbe662a33d9b44caf393297-le64.cache-3
7fe2f0038000-7fe2f003b000 r--s 00000000 08:15 554477                     /var/cache/fontconfig/2cd17615ca594fa2959ae173292e504c-le64.cache-3
7fe2f003b000-7fe2f003f000 r--s 00000000 08:15 554470                     /var/cache/fontconfig/6eb3985aa4124903f6ff08ba781cd364-le64.cache-3
7fe2f003f000-7fe2f0044000 r--s 00000000 08:15 554453                     /var/cache/fontconfig/062808c12e6e608270f93bb230aed730-le64.cache-3
7fe2f0044000-7fe2f004a000 r--s 00000000 08:15 554429                     /var/cache/fontconfig/a755afe4a08bf5b97852ceb7400b47bc-le64.cache-3
7fe2f004a000-7fe2f004f000 r--s 00000000 08:15 554452                     /var/cache/fontconfig/515ca1ebc4b18308bea979be5704f9db-le64.cache-3
7fe2f004f000-7fe2f007d000 r--s 00000000 08:15 554435                     /var/cache/fontconfig/365b55f210c0a22e9a19e35191240f32-le64.cache-3
7fe2f007d000-7fe2f0080000 ---p 00000000 00:00 0 
7fe2f0080000-7fe2f017e000 rw-p 00000000 00:00 0 
7fe2f017e000-7fe2f0183000 r-xp 00000000 08:15 1572606                    /usr/lib/libXtst.so.6.1.0
7fe2f0183000-7fe2f0382000 ---p 00005000 08:15 1572606                    /usr/lib/libXtst.so.6.1.0
7fe2f0382000-7fe2f0383000 r--p 00004000 08:15 1572606                    /usr/lib/libXtst.so.6.1.0
7fe2f0383000-7fe2f0384000 rw-p 00005000 08:15 1572606                    /usr/lib/libXtst.so.6.1.0
7fe2f0384000-7fe2f038d000 r-xp 00000000 08:15 1570620                    /usr/lib/x86_64-linux-gnu/libXrender.so.1.3.0
7fe2f038d000-7fe2f058d000 ---p 00009000 08:15 1570620                    /usr/lib/x86_64-linux-gnu/libXrender.so.1.3.0
7fe2f058d000-7fe2f058e000 r--p 00009000 08:15 1570620                    /usr/lib/x86_64-linux-gnu/libXrender.so.1.3.0
7fe2f058e000-7fe2f058f000 rw-p 0000a000 08:15 1570620                    /usr/lib/x86_64-linux-gnu/libXrender.so.1.3.0
7fe2f058f000-7fe2f06c4000 r-xp 00000000 08:15 1573591                    /usr/lib/x86_64-linux-gnu/libX11.so.6.3.0
7fe2f06c4000-7fe2f08c4000 ---p 00135000 08:15 1573591                    /usr/lib/x86_64-linux-gnu/libX11.so.6.3.0
7fe2f08c4000-7fe2f08c5000 r--p 00135000 08:15 1573591                    /usr/lib/x86_64-linux-gnu/libX11.so.6.3.0
7fe2f08c5000-7fe2f08c9000 rw-p 00136000 08:15 1573591                    /usr/lib/x86_64-linux-gnu/libX11.so.6.3.0
7fe2f08c9000-7fe2f08da000 r-xp 00000000 08:15 1571673                    /usr/lib/x86_64-linux-gnu/libXext.so.6.4.0
7fe2f08da000-7fe2f0ad9000 ---p 00011000 08:15 1571673                    /usr/lib/x86_64-linux-gnu/libXext.so.6.4.0
7fe2f0ad9000-7fe2f0ada000 r--p 00010000 08:15 1571673                    /usr/lib/x86_64-linux-gnu/libXext.so.6.4.0
7fe2f0ada000-7fe2f0adb000 rw-p 00011000 08:15 1571673                    /usr/lib/x86_64-linux-gnu/libXext.so.6.4.0
7fe2f0adb000-7fe2f0ae4000 r--s 00000000 08:15 554448                     /var/cache/fontconfig/6d41288fd70b0be22e8c3a91e032eec0-le64.cache-3
7fe2f0ae4000-7fe2f0af4000 r--s 00000000 08:15 554447                     /var/cache/fontconfig/0f34bcd4b6ee430af32735b75db7f02b-le64.cache-3
7fe2f0af4000-7fe2f0b07000 r--s 00000000 08:15 538224                     /var/cache/fontconfig/e13b20fdb08344e0e664864cc2ede53d-le64.cache-3
7fe2f0b07000-7fe2f0b52000 r-xp 00000000 08:15 1597420                    /usr/lib/jvm/java-6-openjdk/jre/lib/amd64/xawt/libmawt.so
7fe2f0b52000-7fe2f0d52000 ---p 0004b000 08:15 1597420                    /usr/lib/jvm/java-6-openjdk/jre/lib/amd64/xawt/libmawt.so
7fe2f0d52000-7fe2f0d53000 r--p 0004b000 08:15 1597420                    /usr/lib/jvm/java-6-openjdk/jre/lib/amd64/xawt/libmawt.so
7fe2f0d53000-7fe2f0d56000 rw-p 0004c000 08:15 1597420                    /usr/lib/jvm/java-6-openjdk/jre/lib/amd64/xawt/libmawt.so
7fe2f0d56000-7fe2f0d57000 rw-p 00000000 00:00 0 
7fe2f0d57000-7fe2f0e00000 r-xp 00000000 08:15 1597388                    /usr/lib/jvm/java-6-openjdk/jre/lib/amd64/libawt.so
7fe2f0e00000-7fe2f0fff000 ---p 000a9000 08:15 1597388                    /usr/lib/jvm/java-6-openjdk/jre/lib/amd64/libawt.so
7fe2f0fff000-7fe2f1000000 r--p 000a8000 08:15 1597388                    /usr/lib/jvm/java-6-openjdk/jre/lib/amd64/libawt.so
7fe2f1000000-7fe2f100b000 rw-p 000a9000 08:15 1597388                    /usr/lib/jvm/java-6-openjdk/jre/lib/amd64/libawt.so
7fe2f100b000-7fe2f1030000 rw-p 00000000 00:00 0 
7fe2f1030000-7fe2f1041000 r--s 0011a000 08:15 1330406                    /home/bompo/git/mgcube/libs/gdx-backend-lwjgl.jar
7fe2f1041000-7fe2f1042000 r--s 00007000 08:15 1315805                    /home/bompo/git/mgcube/libs/gdx-backend-lwjgl-sources.jar
7fe2f1042000-7fe2f1043000 r--s 00127000 08:15 1339891                    /home/bompo/git/mgcube/libs/gdx-backend-lwjgl-natives.jar
7fe2f1043000-7fe2f1047000 r--s 0007c000 08:15 1597316                    /usr/lib/jvm/java-6-openjdk/jre/lib/jsse.jar
7fe2f1047000-7fe2f1052000 r--s 00098000 08:15 1339358                    /home/bompo/git/mgcube/libs/gdx.jar
7fe2f1052000-7fe2f1059000 r--s 0007d000 08:15 1328895                    /home/bompo/git/mgcube/libs/gdx-sources.jar
7fe2f1059000-7fe2f105a000 r--s 001a8000 08:15 1326708                    /home/bompo/git/mgcube/libs/gdx-natives.jar
7fe2f105a000-7fe2f1062000 r--s 00066000 08:15 1721290                    /usr/share/java/gnome-java-bridge.jar
7fe2f1062000-7fe2f1065000 r--s 0000f000 08:15 1597341                    /usr/lib/jvm/java-6-openjdk/jre/lib/ext/pulse-java.jar
7fe2f1065000-7fe2f1066000 ---p 00000000 00:00 0 
7fe2f1066000-7fe2f1166000 rw-p 00000000 00:00 0 
7fe2f1166000-7fe2f1169000 ---p 00000000 00:00 0 
7fe2f1169000-7fe2f1267000 rw-p 00000000 00:00 0 
7fe2f1267000-7fe2f126a000 ---p 00000000 00:00 0 
7fe2f126a000-7fe2f1368000 rw-p 00000000 00:00 0 
7fe2f1368000-7fe2f136b000 ---p 00000000 00:00 0 
7fe2f136b000-7fe2f1469000 rw-p 00000000 00:00 0 
7fe2f1469000-7fe2f146c000 ---p 00000000 00:00 0 
7fe2f146c000-7fe2f156a000 rw-p 00000000 00:00 0 
7fe2f156a000-7fe2f1972000 r--p 00000000 08:15 1570348                    /usr/lib/locale/locale-archive
7fe2f1972000-7fe2f1975000 ---p 00000000 00:00 0 
7fe2f1975000-7fe2f1a73000 rw-p 00000000 00:00 0 
7fe2f1a73000-7fe2f1a76000 ---p 00000000 00:00 0 
7fe2f1a76000-7fe2f1b74000 rw-p 00000000 00:00 0 
7fe2f1b74000-7fe2f1b75000 ---p 00000000 00:00 0 
7fe2f1b75000-7fe2f21ad000 rw-p 00000000 00:00 0 
7fe2f21ad000-7fe2f233d000 r--s 037af000 08:15 1597397                    /usr/lib/jvm/java-6-openjdk/jre/lib/rt.jar
7fe2f233d000-7fe2f2365000 rw-p 00000000 00:00 0 
7fe2f2365000-7fe2f2366000 ---p 00000000 00:00 0 
7fe2f2366000-7fe2f2466000 rw-p 00000000 00:00 0 
7fe2f2466000-7fe2f2467000 ---p 00000000 00:00 0 
7fe2f2467000-7fe2f2567000 rw-p 00000000 00:00 0 
7fe2f2567000-7fe2f2568000 ---p 00000000 00:00 0 
7fe2f2568000-7fe2f2668000 rw-p 00000000 00:00 0 
7fe2f2668000-7fe2f2669000 ---p 00000000 00:00 0 
7fe2f2669000-7fe2f2774000 rw-p 00000000 00:00 0 
7fe2f2774000-7fe2f27bc000 rw-p 00000000 00:00 0 
7fe2f27bc000-7fe2f27d1000 rw-p 00000000 00:00 0 
7fe2f27d1000-7fe2f2904000 rw-p 00000000 00:00 0 
7fe2f2904000-7fe2f290f000 rw-p 00000000 00:00 0 
7fe2f290f000-7fe2f2957000 rw-p 00000000 00:00 0 
7fe2f2957000-7fe2f296c000 rw-p 00000000 00:00 0 
7fe2f296c000-7fe2f2a9e000 rw-p 00000000 00:00 0 
7fe2f2a9e000-7fe2f2aa9000 rw-p 00000000 00:00 0 
7fe2f2aa9000-7fe2f2b42000 rw-p 00000000 00:00 0 
7fe2f2b42000-7fe2f2b43000 rw-p 00000000 00:00 0 
7fe2f2b43000-7fe2f2db3000 rwxp 00000000 00:00 0 
7fe2f2db3000-7fe2f5b43000 rw-p 00000000 00:00 0 
7fe2f5b43000-7fe2f5b4a000 r-xp 00000000 08:15 1597383                    /usr/lib/jvm/java-6-openjdk/jre/lib/amd64/libzip.so
7fe2f5b4a000-7fe2f5d49000 ---p 00007000 08:15 1597383                    /usr/lib/jvm/java-6-openjdk/jre/lib/amd64/libzip.so
7fe2f5d49000-7fe2f5d4a000 r--p 00006000 08:15 1597383                    /usr/lib/jvm/java-6-openjdk/jre/lib/amd64/libzip.so
7fe2f5d4a000-7fe2f5d4b000 rw-p 00007000 08:15 1597383                    /usr/lib/jvm/java-6-openjdk/jre/lib/amd64/libzip.so
7fe2f5d4b000-7fe2f5d57000 r-xp 00000000 08:15 535712                     /lib/x86_64-linux-gnu/libnss_files-2.13.so
7fe2f5d57000-7fe2f5f56000 ---p 0000c000 08:15 535712                     /lib/x86_64-linux-gnu/libnss_files-2.13.so
7fe2f5f56000-7fe2f5f57000 r--p 0000b000 08:15 535712                     /lib/x86_64-linux-gnu/libnss_files-2.13.so
7fe2f5f57000-7fe2f5f58000 rw-p 0000c000 08:15 535712                     /lib/x86_64-linux-gnu/libnss_files-2.13.so
7fe2f5f58000-7fe2f5f63000 r-xp 00000000 08:15 535714                     /lib/x86_64-linux-gnu/libnss_nis-2.13.so
7fe2f5f63000-7fe2f6162000 ---p 0000b000 08:15 535714                     /lib/x86_64-linux-gnu/libnss_nis-2.13.so
7fe2f6162000-7fe2f6163000 r--p 0000a000 08:15 535714                     /lib/x86_64-linux-gnu/libnss_nis-2.13.so
7fe2f6163000-7fe2f6164000 rw-p 0000b000 08:15 535714                     /lib/x86_64-linux-gnu/libnss_nis-2.13.so
7fe2f6164000-7fe2f616c000 r-xp 00000000 08:15 535710                     /lib/x86_64-linux-gnu/libnss_compat-2.13.so
7fe2f616c000-7fe2f636b000 ---p 00008000 08:15 535710                     /lib/x86_64-linux-gnu/libnss_compat-2.13.so
7fe2f636b000-7fe2f636c000 r--p 00007000 08:15 535710                     /lib/x86_64-linux-gnu/libnss_compat-2.13.so
7fe2f636c000-7fe2f636d000 rw-p 00008000 08:15 535710                     /lib/x86_64-linux-gnu/libnss_compat-2.13.so
7fe2f636d000-7fe2f6384000 r-xp 00000000 08:15 535709                     /lib/x86_64-linux-gnu/libnsl-2.13.so
7fe2f6384000-7fe2f6583000 ---p 00017000 08:15 535709                     /lib/x86_64-linux-gnu/libnsl-2.13.so
7fe2f6583000-7fe2f6584000 r--p 00016000 08:15 535709                     /lib/x86_64-linux-gnu/libnsl-2.13.so
7fe2f6584000-7fe2f6585000 rw-p 00017000 08:15 535709                     /lib/x86_64-linux-gnu/libnsl-2.13.so
7fe2f6585000-7fe2f6587000 rw-p 00000000 00:00 0 
7fe2f6587000-7fe2f65b3000 r-xp 00000000 08:15 1597382                    /usr/lib/jvm/java-6-openjdk/jre/lib/amd64/libjava.so
7fe2f65b3000-7fe2f67b2000 ---p 0002c000 08:15 1597382                    /usr/lib/jvm/java-6-openjdk/jre/lib/amd64/libjava.so
7fe2f67b2000-7fe2f67b3000 r--p 0002b000 08:15 1597382                    /usr/lib/jvm/java-6-openjdk/jre/lib/amd64/libjava.so
7fe2f67b3000-7fe2f67b6000 rw-p 0002c000 08:15 1597382                    /usr/lib/jvm/java-6-openjdk/jre/lib/amd64/libjava.so
7fe2f67b6000-7fe2f67c4000 r-xp 00000000 08:15 1597368                    /usr/lib/jvm/java-6-openjdk/jre/lib/amd64/libverify.so
7fe2f67c4000-7fe2f69c3000 ---p 0000e000 08:15 1597368                    /usr/lib/jvm/java-6-openjdk/jre/lib/amd64/libverify.so
7fe2f69c3000-7fe2f69c5000 r--p 0000d000 08:15 1597368                    /usr/lib/jvm/java-6-openjdk/jre/lib/amd64/libverify.so
7fe2f69c5000-7fe2f69c6000 rw-p 0000f000 08:15 1597368                    /usr/lib/jvm/java-6-openjdk/jre/lib/amd64/libverify.so
7fe2f69c6000-7fe2f69cd000 r-xp 00000000 08:15 535724                     /lib/x86_64-linux-gnu/librt-2.13.so
7fe2f69cd000-7fe2f6bcc000 ---p 00007000 08:15 535724                     /lib/x86_64-linux-gnu/librt-2.13.so
7fe2f6bcc000-7fe2f6bcd000 r--p 00006000 08:15 535724                     /lib/x86_64-linux-gnu/librt-2.13.so
7fe2f6bcd000-7fe2f6bce000 rw-p 00007000 08:15 535724                     /lib/x86_64-linux-gnu/librt-2.13.so
7fe2f6bce000-7fe2f6be3000 r-xp 00000000 08:15 528127                     /lib/x86_64-linux-gnu/libgcc_s.so.1
7fe2f6be3000-7fe2f6de2000 ---p 00015000 08:15 528127                     /lib/x86_64-linux-gnu/libgcc_s.so.1
7fe2f6de2000-7fe2f6de3000 r--p 00014000 08:15 528127                     /lib/x86_64-linux-gnu/libgcc_s.so.1
7fe2f6de3000-7fe2f6de4000 rw-p 00015000 08:15 528127                     /lib/x86_64-linux-gnu/libgcc_s.so.1
7fe2f6de4000-7fe2f6e68000 r-xp 00000000 08:15 535703                     /lib/x86_64-linux-gnu/libm-2.13.so
7fe2f6e68000-7fe2f7067000 ---p 00084000 08:15 535703                     /lib/x86_64-linux-gnu/libm-2.13.so
7fe2f7067000-7fe2f7068000 r--p 00083000 08:15 535703                     /lib/x86_64-linux-gnu/libm-2.13.so
7fe2f7068000-7fe2f7069000 rw-p 00084000 08:15 535703                     /lib/x86_64-linux-gnu/libm-2.13.so
7fe2f7069000-7fe2f7151000 r-xp 00000000 08:15 1571250                    /usr/lib/x86_64-linux-gnu/libstdc++.so.6.0.14
7fe2f7151000-7fe2f7350000 ---p 000e8000 08:15 1571250                    /usr/lib/x86_64-linux-gnu/libstdc++.so.6.0.14
7fe2f7350000-7fe2f7358000 r--p 000e7000 08:15 1571250                    /usr/lib/x86_64-linux-gnu/libstdc++.so.6.0.14
7fe2f7358000-7fe2f735a000 rw-p 000ef000 08:15 1571250                    /usr/lib/x86_64-linux-gnu/libstdc++.so.6.0.14
7fe2f735a000-7fe2f736f000 rw-p 00000000 00:00 0 
7fe2f736f000-7fe2f7cc4000 r-xp 00000000 08:15 1597385                    /usr/lib/jvm/java-6-openjdk/jre/lib/amd64/server/libjvm.so
7fe2f7cc4000-7fe2f7ec3000 ---p 00955000 08:15 1597385                    /usr/lib/jvm/java-6-openjdk/jre/lib/amd64/server/libjvm.so
7fe2f7ec3000-7fe2f7f44000 r--p 00954000 08:15 1597385                    /usr/lib/jvm/java-6-openjdk/jre/lib/amd64/server/libjvm.so
7fe2f7f44000-7fe2f7f5f000 rw-p 009d5000 08:15 1597385                    /usr/lib/jvm/java-6-openjdk/jre/lib/amd64/server/libjvm.so
7fe2f7f5f000-7fe2f7f88000 rw-p 00000000 00:00 0 
7fe2f7f88000-7fe2f8112000 r-xp 00000000 08:15 535697                     /lib/x86_64-linux-gnu/libc-2.13.so
7fe2f8112000-7fe2f8311000 ---p 0018a000 08:15 535697                     /lib/x86_64-linux-gnu/libc-2.13.so
7fe2f8311000-7fe2f8315000 r--p 00189000 08:15 535697                     /lib/x86_64-linux-gnu/libc-2.13.so
7fe2f8315000-7fe2f8316000 rw-p 0018d000 08:15 535697                     /lib/x86_64-linux-gnu/libc-2.13.so
7fe2f8316000-7fe2f831c000 rw-p 00000000 00:00 0 
7fe2f831c000-7fe2f831e000 r-xp 00000000 08:15 535702                     /lib/x86_64-linux-gnu/libdl-2.13.so
7fe2f831e000-7fe2f851e000 ---p 00002000 08:15 535702                     /lib/x86_64-linux-gnu/libdl-2.13.so
7fe2f851e000-7fe2f851f000 r--p 00002000 08:15 535702                     /lib/x86_64-linux-gnu/libdl-2.13.so
7fe2f851f000-7fe2f8520000 rw-p 00003000 08:15 535702                     /lib/x86_64-linux-gnu/libdl-2.13.so
7fe2f8520000-7fe2f8524000 r-xp 00000000 08:15 1597366                    /usr/lib/jvm/java-6-openjdk/jre/lib/amd64/jli/libjli.so
7fe2f8524000-7fe2f8723000 ---p 00004000 08:15 1597366                    /usr/lib/jvm/java-6-openjdk/jre/lib/amd64/jli/libjli.so
7fe2f8723000-7fe2f8724000 r--p 00003000 08:15 1597366                    /usr/lib/jvm/java-6-openjdk/jre/lib/amd64/jli/libjli.so
7fe2f8724000-7fe2f8725000 rw-p 00004000 08:15 1597366                    /usr/lib/jvm/java-6-openjdk/jre/lib/amd64/jli/libjli.so
7fe2f8725000-7fe2f873d000 r-xp 00000000 08:15 535718                     /lib/x86_64-linux-gnu/libpthread-2.13.so
7fe2f873d000-7fe2f893d000 ---p 00018000 08:15 535718                     /lib/x86_64-linux-gnu/libpthread-2.13.so
7fe2f893d000-7fe2f893e000 r--p 00018000 08:15 535718                     /lib/x86_64-linux-gnu/libpthread-2.13.so
7fe2f893e000-7fe2f893f000 rw-p 00019000 08:15 535718                     /lib/x86_64-linux-gnu/libpthread-2.13.so
7fe2f893f000-7fe2f8943000 rw-p 00000000 00:00 0 
7fe2f8943000-7fe2f895a000 r-xp 00000000 08:15 535781                     /lib/x86_64-linux-gnu/libz.so.1.2.3.4
7fe2f895a000-7fe2f8b59000 ---p 00017000 08:15 535781                     /lib/x86_64-linux-gnu/libz.so.1.2.3.4
7fe2f8b59000-7fe2f8b5a000 r--p 00016000 08:15 535781                     /lib/x86_64-linux-gnu/libz.so.1.2.3.4
7fe2f8b5a000-7fe2f8b5b000 rw-p 00017000 08:15 535781                     /lib/x86_64-linux-gnu/libz.so.1.2.3.4
7fe2f8b5b000-7fe2f8b7c000 r-xp 00000000 08:15 535673                     /lib/x86_64-linux-gnu/ld-2.13.so
7fe2f8b7c000-7fe2f8b7d000 r--s 00000000 08:15 1340105                    /home/bompo/.fontconfig/aa7e4f27e681240d22a1f116cf7520f0-le64.cache-3
7fe2f8b7d000-7fe2f8b87000 r--s 00000000 08:15 554433                     /var/cache/fontconfig/d52a8644073d54c13679302ca1180695-le64.cache-3
7fe2f8b87000-7fe2f8b91000 rw-p 00000000 00:00 0 
7fe2f8b91000-7fe2f8c47000 rw-p 00000000 00:00 0 
7fe2f8c47000-7fe2f8c4a000 ---p 00000000 00:00 0 
7fe2f8c4a000-7fe2f8d4d000 rw-p 00000000 00:00 0 
7fe2f8d4d000-7fe2f8d4e000 r--s 00000000 08:15 554471                     /var/cache/fontconfig/e7071f4a29fa870f4323321c154eba04-le64.cache-3
7fe2f8d4e000-7fe2f8d4f000 r--s 00000000 08:15 554466                     /var/cache/fontconfig/4c73fe0c47614734b17d736dbde7580a-le64.cache-3
7fe2f8d4f000-7fe2f8d50000 r--s 00000000 08:15 554459                     /var/cache/fontconfig/0d8c3b2ac0904cb8a57a757ad11a4a08-le64.cache-3
7fe2f8d50000-7fe2f8d51000 r--s 00000000 08:15 554454                     /var/cache/fontconfig/6a53c69dea097a2d716e069445527da8-le64.cache-3
7fe2f8d51000-7fe2f8d54000 r--s 00000000 08:15 554441                     /var/cache/fontconfig/d60319d88cac85ba9e1a07bd06cfbb8c-le64.cache-3
7fe2f8d54000-7fe2f8d55000 r--s 00000000 08:15 529070                     /var/cache/fontconfig/4794a0821666d79190d59a36cb4f44b5-le64.cache-3
7fe2f8d55000-7fe2f8d56000 r--s 00000000 08:15 554418                     /var/cache/fontconfig/ec648e9a1aea82bddd4bd6050028158d-le64.cache-3
7fe2f8d56000-7fe2f8d5a000 r--s 00000000 08:15 538228                     /var/cache/fontconfig/7ef2298fde41cc6eeb7af42e48b7d293-le64.cache-3
7fe2f8d5a000-7fe2f8d6e000 r--s 00000000 08:15 527842                     /var/cache/fontconfig/865f88548240fee46819705c6468c165-le64.cache-3
7fe2f8d6e000-7fe2f8d6f000 r--s 00000000 08:15 1340105                    /home/bompo/.fontconfig/aa7e4f27e681240d22a1f116cf7520f0-le64.cache-3
7fe2f8d6f000-7fe2f8d77000 rw-s 00000000 08:15 525825                     /tmp/hsperfdata_bompo/10739
7fe2f8d77000-7fe2f8d78000 rw-p 00000000 00:00 0 
7fe2f8d78000-7fe2f8d79000 r--p 00000000 00:00 0 
7fe2f8d79000-7fe2f8d7b000 rw-p 00000000 00:00 0 
7fe2f8d7b000-7fe2f8d7c000 r--p 00020000 08:15 535673                     /lib/x86_64-linux-gnu/ld-2.13.so
7fe2f8d7c000-7fe2f8d7e000 rw-p 00021000 08:15 535673                     /lib/x86_64-linux-gnu/ld-2.13.so
7fff75e8e000-7fff75eaf000 rw-p 00000000 00:00 0                          [stack]
7fff75fff000-7fff76000000 r-xp 00000000 00:00 0                          [vdso]
ffffffffff600000-ffffffffff601000 r-xp 00000000 00:00 0                  [vsyscall]

VM Arguments:
jvm_args: -Dfile.encoding=UTF-8 
java_command: de.swagner.mgcube.DesktopStarter
Launcher Type: SUN_STANDARD

Environment Variables:
PATH=/usr/local/sbin:/usr/local/bin:/usr/sbin:/usr/bin:/sbin:/bin:/usr/games
USERNAME=bompo
LD_LIBRARY_PATH=/usr/lib/jvm/java-6-openjdk/jre/lib/amd64/server:/usr/lib/jvm/java-6-openjdk/jre/lib/amd64:/usr/lib/jvm/java-6-openjdk/jre/../lib/amd64:/usr/lib64/xulrunner-addons
SHELL=/bin/bash
DISPLAY=:0.0

Signal Handlers:
SIGSEGV: [libjvm.so+0x7d0f60], sa_mask[0]=0x7ffbfeff, sa_flags=0x10000004
SIGBUS: [libjvm.so+0x7d0f60], sa_mask[0]=0x7ffbfeff, sa_flags=0x10000004
SIGFPE: [libjvm.so+0x683760], sa_mask[0]=0x7ffbfeff, sa_flags=0x10000004
SIGPIPE: [libjvm.so+0x683760], sa_mask[0]=0x7ffbfeff, sa_flags=0x10000004
SIGXFSZ: [libjvm.so+0x683760], sa_mask[0]=0x7ffbfeff, sa_flags=0x10000004
SIGILL: [libjvm.so+0x683760], sa_mask[0]=0x7ffbfeff, sa_flags=0x10000004
SIGUSR1: SIG_DFL, sa_mask[0]=0x00000000, sa_flags=0x00000000
SIGUSR2: [libjvm.so+0x683930], sa_mask[0]=0x00000004, sa_flags=0x10000004
SIGHUP: [libjvm.so+0x6862d0], sa_mask[0]=0x7ffbfeff, sa_flags=0x10000004
SIGINT: [libjvm.so+0x6862d0], sa_mask[0]=0x7ffbfeff, sa_flags=0x10000004
SIGTERM: [libjvm.so+0x6862d0], sa_mask[0]=0x7ffbfeff, sa_flags=0x10000004
SIGQUIT: [libjvm.so+0x6862d0], sa_mask[0]=0x7ffbfeff, sa_flags=0x10000004


---------------  S Y S T E M  ---------------

OS:Ubuntu 11.04 (natty)
uname:Linux 2.6.38-11-generic #47-Ubuntu SMP Fri Jul 15 19:27:09 UTC 2011 x86_64
libc:glibc 2.13 NPTL 2.13 
rlimit: STACK 8192k, CORE 0k, NPROC infinity, NOFILE 4096, AS infinity
load average:0.60 0.23 0.15

/proc/meminfo:
MemTotal:        4015564 kB
MemFree:         1123264 kB
Buffers:          133456 kB
Cached:          1116008 kB
SwapCached:            0 kB
Active:          1563336 kB
Inactive:         969552 kB
Active(anon):     952944 kB
Inactive(anon):   341032 kB
Active(file):     610392 kB
Inactive(file):   628520 kB
Unevictable:         132 kB
Mlocked:             132 kB
SwapTotal:      19529724 kB
SwapFree:       19529660 kB
Dirty:              4988 kB
Writeback:             0 kB
AnonPages:       1283936 kB
Mapped:           163684 kB
Shmem:             10392 kB
Slab:             157004 kB
SReclaimable:     129696 kB
SUnreclaim:        27308 kB
KernelStack:        3512 kB
PageTables:        29380 kB
NFS_Unstable:          0 kB
Bounce:                0 kB
WritebackTmp:          0 kB
CommitLimit:    21537504 kB
Committed_AS:    3401876 kB
VmallocTotal:   34359738367 kB
VmallocUsed:      149320 kB
VmallocChunk:   34359565308 kB
HardwareCorrupted:     0 kB
HugePages_Total:       0
HugePages_Free:        0
HugePages_Rsvd:        0
HugePages_Surp:        0
Hugepagesize:       2048 kB
DirectMap4k:      147328 kB
DirectMap2M:     4005888 kB


CPU:total 4 (4 cores per cpu, 1 threads per core) family 6 model 30 stepping 5, cmov, cx8, fxsr, mmx, sse, sse2, sse3, ssse3, sse4.1, sse4.2, popcnt

Memory: 4k page, physical 4015564k(1123264k free), swap 19529724k(19529660k free)

vm_info: OpenJDK 64-Bit Server VM (20.0-b11) for linux-amd64 JRE (1.6.0_22-b22), built on Jun 11 2011 05:56:16 by "buildd" with gcc 4.5.2

time: Wed Aug  3 20:25:44 2011
elapsed time: 67 seconds

